ARM GAS  C:\Users\z80\AppData\Local\Temp\cce7kqDE.s 			page 1


   1              		.syntax unified
   2              		.cpu cortex-m3
   3              		.fpu softvfp
   4              		.eabi_attribute 20, 1
   5              		.eabi_attribute 21, 1
   6              		.eabi_attribute 23, 3
   7              		.eabi_attribute 24, 1
   8              		.eabi_attribute 25, 1
   9              		.eabi_attribute 26, 1
  10              		.eabi_attribute 30, 6
  11              		.eabi_attribute 18, 4
  12              		.thumb
  13              		.file	"board.c"
  14              		.section	.debug_abbrev,"",%progbits
  15              	.Ldebug_abbrev0:
  16              		.section	.debug_info,"",%progbits
  17              	.Ldebug_info0:
  18              		.section	.debug_line,"",%progbits
  19              	.Ldebug_line0:
  20 0000 13010000 		.text
  20      0200EC00 
  20      00000201 
  20      FB0E0D00 
  20      01010101 
  21              	.Ltext0:
  22              		.cfi_sections	.debug_frame
  23              		.global	pal_default_config
  24              		.section	.rodata.pal_default_config,"a",%progbits
  25              		.align	2
  26              		.type	pal_default_config, %object
  27              		.size	pal_default_config, 60
  28              	pal_default_config:
  29 0000 FFFFFFFF 		.word	-1
  30 0004 44444444 		.word	1145324612
  31 0008 44444444 		.word	1145324612
  32 000c FFFFFFFF 		.word	-1
  33 0010 44444444 		.word	1145324612
  34 0014 44444444 		.word	1145324612
  35 0018 FFFFFFFF 		.word	-1
  36 001c 44444444 		.word	1145324612
  37 0020 44444444 		.word	1145324612
  38 0024 FFFFFFFF 		.word	-1
  39 0028 44444444 		.word	1145324612
  40 002c 44444444 		.word	1145324612
  41 0030 FFFFFFFF 		.word	-1
  42 0034 88888888 		.word	-2004318072
  43 0038 88888888 		.word	-2004318072
  44              		.section	.text.__early_init,"ax",%progbits
  45              		.align	2
  46              		.p2align 4,,15
  47              		.global	__early_init
  48              		.thumb
  49              		.thumb_func
  50              		.type	__early_init, %function
  51              	__early_init:
  52              	.LFB63:
  53              		.file 1 "board/board.c"
ARM GAS  C:\Users\z80\AppData\Local\Temp\cce7kqDE.s 			page 2


  54              		.loc 1 41 0
  55              		.cfi_startproc
  56              		@ args = 0, pretend = 0, frame = 0
  57              		@ frame_needed = 0, uses_anonymous_args = 0
  58 0000 08B5     		push	{r3, lr}
  59              	.LCFI0:
  60              		.cfi_def_cfa_offset 8
  61              		.loc 1 43 0
  62              		.cfi_offset 14, -4
  63              		.cfi_offset 3, -8
  64 0002 FFF7FEFF 		bl	stm32_clock_init
  65              		.loc 1 44 0
  66 0006 08BD     		pop	{r3, pc}
  67              		.cfi_endproc
  68              	.LFE63:
  69              		.size	__early_init, .-__early_init
  70 0008 AFF30080 		.section	.text.boardInit,"ax",%progbits
  70      AFF30080 
  71              		.align	2
  72              		.p2align 4,,15
  73              		.global	boardInit
  74              		.thumb
  75              		.thumb_func
  76              		.type	boardInit, %function
  77              	boardInit:
  78              	.LFB64:
  79              		.loc 1 49 0
  80              		.cfi_startproc
  81              		@ args = 0, pretend = 0, frame = 0
  82              		@ frame_needed = 0, uses_anonymous_args = 0
  83              		@ link register save eliminated.
  84              		.loc 1 50 0
  85 0000 7047     		bx	lr
  86              		.cfi_endproc
  87              	.LFE64:
  88              		.size	boardInit, .-boardInit
  89 0002 00BFAFF3 		.text
  89      0080AFF3 
  89      0080AFF3 
  89      0080
  90              	.Letext0:
  91              		.section	.debug_loc,"",%progbits
  92              	.Ldebug_loc0:
  93              	.LLST0:
  94 0000 00000000 		.4byte	.LFB63
  95 0004 02000000 		.4byte	.LCFI0
  96 0008 0200     		.2byte	0x2
  97 000a 7D       		.byte	0x7d
  98 000b 00       		.sleb128 0
  99 000c 02000000 		.4byte	.LCFI0
 100 0010 08000000 		.4byte	.LFE63
 101 0014 0200     		.2byte	0x2
 102 0016 7D       		.byte	0x7d
 103 0017 08       		.sleb128 8
 104 0018 00000000 		.4byte	0x0
 105 001c 00000000 		.4byte	0x0
 106              		.file 2 "c:/programs/yagarto/lib/gcc/../../arm-none-eabi/sys-include/stdint.h"
ARM GAS  C:\Users\z80\AppData\Local\Temp\cce7kqDE.s 			page 3


 107              		.file 3 "../chibios_2.6.3/os/hal/platforms/STM32/GPIOv1/pal_lld.h"
 108              		.file 4 "../chibios_2.6.3/os/ports/common/ARMCMx/CMSIS/include/core_cm3.h"
 109              		.section	.debug_info
 110 0000 8C010000 		.4byte	0x18c
 111 0004 0200     		.2byte	0x2
 112 0006 00000000 		.4byte	.Ldebug_abbrev0
 113 000a 04       		.byte	0x4
 114 000b 01       		.uleb128 0x1
 115 000c A9000000 		.4byte	.LASF24
 116 0010 01       		.byte	0x1
 117 0011 BC000000 		.4byte	.LASF25
 118 0015 2B010000 		.4byte	.LASF26
 119 0019 00000000 		.4byte	0x0
 120 001d 00000000 		.4byte	0x0
 121 0021 00000000 		.4byte	.Ldebug_ranges0+0x0
 122 0025 00000000 		.4byte	.Ldebug_line0
 123 0029 02       		.uleb128 0x2
 124 002a 04       		.byte	0x4
 125 002b 05       		.byte	0x5
 126 002c 696E7400 		.ascii	"int\000"
 127 0030 03       		.uleb128 0x3
 128 0031 04       		.byte	0x4
 129 0032 07       		.byte	0x7
 130 0033 07000000 		.4byte	.LASF0
 131 0037 03       		.uleb128 0x3
 132 0038 01       		.byte	0x1
 133 0039 06       		.byte	0x6
 134 003a 1F010000 		.4byte	.LASF1
 135 003e 03       		.uleb128 0x3
 136 003f 01       		.byte	0x1
 137 0040 08       		.byte	0x8
 138 0041 32000000 		.4byte	.LASF2
 139 0045 03       		.uleb128 0x3
 140 0046 02       		.byte	0x2
 141 0047 05       		.byte	0x5
 142 0048 FC000000 		.4byte	.LASF3
 143 004c 03       		.uleb128 0x3
 144 004d 02       		.byte	0x2
 145 004e 07       		.byte	0x7
 146 004f 6C000000 		.4byte	.LASF4
 147 0053 04       		.uleb128 0x4
 148 0054 E6000000 		.4byte	.LASF6
 149 0058 02       		.byte	0x2
 150 0059 4F       		.byte	0x4f
 151 005a 5E000000 		.4byte	0x5e
 152 005e 03       		.uleb128 0x3
 153 005f 04       		.byte	0x4
 154 0060 05       		.byte	0x5
 155 0061 16010000 		.4byte	.LASF5
 156 0065 04       		.uleb128 0x4
 157 0066 0D010000 		.4byte	.LASF7
 158 006a 02       		.byte	0x2
 159 006b 50       		.byte	0x50
 160 006c 70000000 		.4byte	0x70
 161 0070 03       		.uleb128 0x3
 162 0071 04       		.byte	0x4
 163 0072 07       		.byte	0x7
ARM GAS  C:\Users\z80\AppData\Local\Temp\cce7kqDE.s 			page 4


 164 0073 5A000000 		.4byte	.LASF8
 165 0077 03       		.uleb128 0x3
 166 0078 08       		.byte	0x8
 167 0079 05       		.byte	0x5
 168 007a EE000000 		.4byte	.LASF9
 169 007e 03       		.uleb128 0x3
 170 007f 08       		.byte	0x8
 171 0080 07       		.byte	0x7
 172 0081 14000000 		.4byte	.LASF10
 173 0085 03       		.uleb128 0x3
 174 0086 01       		.byte	0x1
 175 0087 02       		.byte	0x2
 176 0088 53010000 		.4byte	.LASF11
 177 008c 05       		.uleb128 0x5
 178 008d 04       		.byte	0x4
 179 008e 07       		.byte	0x7
 180 008f 03       		.uleb128 0x3
 181 0090 01       		.byte	0x1
 182 0091 08       		.byte	0x8
 183 0092 CA000000 		.4byte	.LASF12
 184 0096 06       		.uleb128 0x6
 185 0097 53000000 		.4byte	0x53
 186 009b 07       		.uleb128 0x7
 187 009c 0C       		.byte	0xc
 188 009d 03       		.byte	0x3
 189 009e 38       		.byte	0x38
 190 009f CE000000 		.4byte	0xce
 191 00a3 08       		.uleb128 0x8
 192 00a4 6F647200 		.ascii	"odr\000"
 193 00a8 03       		.byte	0x3
 194 00a9 3A       		.byte	0x3a
 195 00aa 65000000 		.4byte	0x65
 196 00ae 02       		.byte	0x2
 197 00af 23       		.byte	0x23
 198 00b0 00       		.uleb128 0x0
 199 00b1 08       		.uleb128 0x8
 200 00b2 63726C00 		.ascii	"crl\000"
 201 00b6 03       		.byte	0x3
 202 00b7 3C       		.byte	0x3c
 203 00b8 65000000 		.4byte	0x65
 204 00bc 02       		.byte	0x2
 205 00bd 23       		.byte	0x23
 206 00be 04       		.uleb128 0x4
 207 00bf 08       		.uleb128 0x8
 208 00c0 63726800 		.ascii	"crh\000"
 209 00c4 03       		.byte	0x3
 210 00c5 3E       		.byte	0x3e
 211 00c6 65000000 		.4byte	0x65
 212 00ca 02       		.byte	0x2
 213 00cb 23       		.byte	0x23
 214 00cc 08       		.uleb128 0x8
 215 00cd 00       		.byte	0x0
 216 00ce 04       		.uleb128 0x4
 217 00cf 40000000 		.4byte	.LASF13
 218 00d3 03       		.byte	0x3
 219 00d4 3F       		.byte	0x3f
 220 00d5 9B000000 		.4byte	0x9b
ARM GAS  C:\Users\z80\AppData\Local\Temp\cce7kqDE.s 			page 5


 221 00d9 07       		.uleb128 0x7
 222 00da 3C       		.byte	0x3c
 223 00db 03       		.byte	0x3
 224 00dc 48       		.byte	0x48
 225 00dd 28010000 		.4byte	0x128
 226 00e1 09       		.uleb128 0x9
 227 00e2 53000000 		.4byte	.LASF14
 228 00e6 03       		.byte	0x3
 229 00e7 4A       		.byte	0x4a
 230 00e8 CE000000 		.4byte	0xce
 231 00ec 02       		.byte	0x2
 232 00ed 23       		.byte	0x23
 233 00ee 00       		.uleb128 0x0
 234 00ef 09       		.uleb128 0x9
 235 00f0 B5000000 		.4byte	.LASF15
 236 00f4 03       		.byte	0x3
 237 00f5 4C       		.byte	0x4c
 238 00f6 CE000000 		.4byte	0xce
 239 00fa 02       		.byte	0x2
 240 00fb 23       		.byte	0x23
 241 00fc 0C       		.uleb128 0xc
 242 00fd 09       		.uleb128 0x9
 243 00fe 06010000 		.4byte	.LASF16
 244 0102 03       		.byte	0x3
 245 0103 4E       		.byte	0x4e
 246 0104 CE000000 		.4byte	0xce
 247 0108 02       		.byte	0x2
 248 0109 23       		.byte	0x23
 249 010a 18       		.uleb128 0x18
 250 010b 09       		.uleb128 0x9
 251 010c 00000000 		.4byte	.LASF17
 252 0110 03       		.byte	0x3
 253 0111 50       		.byte	0x50
 254 0112 CE000000 		.4byte	0xce
 255 0116 02       		.byte	0x2
 256 0117 23       		.byte	0x23
 257 0118 24       		.uleb128 0x24
 258 0119 09       		.uleb128 0x9
 259 011a 2B000000 		.4byte	.LASF18
 260 011e 03       		.byte	0x3
 261 011f 53       		.byte	0x53
 262 0120 CE000000 		.4byte	0xce
 263 0124 02       		.byte	0x2
 264 0125 23       		.byte	0x23
 265 0126 30       		.uleb128 0x30
 266 0127 00       		.byte	0x0
 267 0128 04       		.uleb128 0x4
 268 0129 8C000000 		.4byte	.LASF19
 269 012d 03       		.byte	0x3
 270 012e 5D       		.byte	0x5d
 271 012f D9000000 		.4byte	0xd9
 272 0133 0A       		.uleb128 0xa
 273 0134 01       		.byte	0x1
 274 0135 D9000000 		.4byte	.LASF20
 275 0139 01       		.byte	0x1
 276 013a 29       		.byte	0x29
 277 013b 01       		.byte	0x1
ARM GAS  C:\Users\z80\AppData\Local\Temp\cce7kqDE.s 			page 6


 278 013c 00000000 		.4byte	.LFB63
 279 0140 08000000 		.4byte	.LFE63
 280 0144 00000000 		.4byte	.LLST0
 281 0148 0B       		.uleb128 0xb
 282 0149 01       		.byte	0x1
 283 014a CF000000 		.4byte	.LASF21
 284 014e 01       		.byte	0x1
 285 014f 31       		.byte	0x31
 286 0150 01       		.byte	0x1
 287 0151 00000000 		.4byte	.LFB64
 288 0155 02000000 		.4byte	.LFE64
 289 0159 02       		.byte	0x2
 290 015a 7D       		.byte	0x7d
 291 015b 00       		.sleb128 0
 292 015c 0C       		.uleb128 0xc
 293 015d 7F000000 		.4byte	.LASF22
 294 0161 04       		.byte	0x4
 295 0162 0706     		.2byte	0x607
 296 0164 96000000 		.4byte	0x96
 297 0168 01       		.byte	0x1
 298 0169 01       		.byte	0x1
 299 016a 0C       		.uleb128 0xc
 300 016b 7F000000 		.4byte	.LASF22
 301 016f 04       		.byte	0x4
 302 0170 0706     		.2byte	0x607
 303 0172 96000000 		.4byte	0x96
 304 0176 01       		.byte	0x1
 305 0177 01       		.byte	0x1
 306 0178 0D       		.uleb128 0xd
 307 0179 96000000 		.4byte	.LASF23
 308 017d 01       		.byte	0x1
 309 017e 1A       		.byte	0x1a
 310 017f 8A010000 		.4byte	0x18a
 311 0183 01       		.byte	0x1
 312 0184 05       		.byte	0x5
 313 0185 03       		.byte	0x3
 314 0186 00000000 		.4byte	pal_default_config
 315 018a 0E       		.uleb128 0xe
 316 018b 28010000 		.4byte	0x128
 317 018f 00       		.byte	0x0
 318              		.section	.debug_abbrev
 319 0000 01       		.uleb128 0x1
 320 0001 11       		.uleb128 0x11
 321 0002 01       		.byte	0x1
 322 0003 25       		.uleb128 0x25
 323 0004 0E       		.uleb128 0xe
 324 0005 13       		.uleb128 0x13
 325 0006 0B       		.uleb128 0xb
 326 0007 03       		.uleb128 0x3
 327 0008 0E       		.uleb128 0xe
 328 0009 1B       		.uleb128 0x1b
 329 000a 0E       		.uleb128 0xe
 330 000b 11       		.uleb128 0x11
 331 000c 01       		.uleb128 0x1
 332 000d 52       		.uleb128 0x52
 333 000e 01       		.uleb128 0x1
 334 000f 55       		.uleb128 0x55
ARM GAS  C:\Users\z80\AppData\Local\Temp\cce7kqDE.s 			page 7


 335 0010 06       		.uleb128 0x6
 336 0011 10       		.uleb128 0x10
 337 0012 06       		.uleb128 0x6
 338 0013 00       		.byte	0x0
 339 0014 00       		.byte	0x0
 340 0015 02       		.uleb128 0x2
 341 0016 24       		.uleb128 0x24
 342 0017 00       		.byte	0x0
 343 0018 0B       		.uleb128 0xb
 344 0019 0B       		.uleb128 0xb
 345 001a 3E       		.uleb128 0x3e
 346 001b 0B       		.uleb128 0xb
 347 001c 03       		.uleb128 0x3
 348 001d 08       		.uleb128 0x8
 349 001e 00       		.byte	0x0
 350 001f 00       		.byte	0x0
 351 0020 03       		.uleb128 0x3
 352 0021 24       		.uleb128 0x24
 353 0022 00       		.byte	0x0
 354 0023 0B       		.uleb128 0xb
 355 0024 0B       		.uleb128 0xb
 356 0025 3E       		.uleb128 0x3e
 357 0026 0B       		.uleb128 0xb
 358 0027 03       		.uleb128 0x3
 359 0028 0E       		.uleb128 0xe
 360 0029 00       		.byte	0x0
 361 002a 00       		.byte	0x0
 362 002b 04       		.uleb128 0x4
 363 002c 16       		.uleb128 0x16
 364 002d 00       		.byte	0x0
 365 002e 03       		.uleb128 0x3
 366 002f 0E       		.uleb128 0xe
 367 0030 3A       		.uleb128 0x3a
 368 0031 0B       		.uleb128 0xb
 369 0032 3B       		.uleb128 0x3b
 370 0033 0B       		.uleb128 0xb
 371 0034 49       		.uleb128 0x49
 372 0035 13       		.uleb128 0x13
 373 0036 00       		.byte	0x0
 374 0037 00       		.byte	0x0
 375 0038 05       		.uleb128 0x5
 376 0039 24       		.uleb128 0x24
 377 003a 00       		.byte	0x0
 378 003b 0B       		.uleb128 0xb
 379 003c 0B       		.uleb128 0xb
 380 003d 3E       		.uleb128 0x3e
 381 003e 0B       		.uleb128 0xb
 382 003f 00       		.byte	0x0
 383 0040 00       		.byte	0x0
 384 0041 06       		.uleb128 0x6
 385 0042 35       		.uleb128 0x35
 386 0043 00       		.byte	0x0
 387 0044 49       		.uleb128 0x49
 388 0045 13       		.uleb128 0x13
 389 0046 00       		.byte	0x0
 390 0047 00       		.byte	0x0
 391 0048 07       		.uleb128 0x7
ARM GAS  C:\Users\z80\AppData\Local\Temp\cce7kqDE.s 			page 8


 392 0049 13       		.uleb128 0x13
 393 004a 01       		.byte	0x1
 394 004b 0B       		.uleb128 0xb
 395 004c 0B       		.uleb128 0xb
 396 004d 3A       		.uleb128 0x3a
 397 004e 0B       		.uleb128 0xb
 398 004f 3B       		.uleb128 0x3b
 399 0050 0B       		.uleb128 0xb
 400 0051 01       		.uleb128 0x1
 401 0052 13       		.uleb128 0x13
 402 0053 00       		.byte	0x0
 403 0054 00       		.byte	0x0
 404 0055 08       		.uleb128 0x8
 405 0056 0D       		.uleb128 0xd
 406 0057 00       		.byte	0x0
 407 0058 03       		.uleb128 0x3
 408 0059 08       		.uleb128 0x8
 409 005a 3A       		.uleb128 0x3a
 410 005b 0B       		.uleb128 0xb
 411 005c 3B       		.uleb128 0x3b
 412 005d 0B       		.uleb128 0xb
 413 005e 49       		.uleb128 0x49
 414 005f 13       		.uleb128 0x13
 415 0060 38       		.uleb128 0x38
 416 0061 0A       		.uleb128 0xa
 417 0062 00       		.byte	0x0
 418 0063 00       		.byte	0x0
 419 0064 09       		.uleb128 0x9
 420 0065 0D       		.uleb128 0xd
 421 0066 00       		.byte	0x0
 422 0067 03       		.uleb128 0x3
 423 0068 0E       		.uleb128 0xe
 424 0069 3A       		.uleb128 0x3a
 425 006a 0B       		.uleb128 0xb
 426 006b 3B       		.uleb128 0x3b
 427 006c 0B       		.uleb128 0xb
 428 006d 49       		.uleb128 0x49
 429 006e 13       		.uleb128 0x13
 430 006f 38       		.uleb128 0x38
 431 0070 0A       		.uleb128 0xa
 432 0071 00       		.byte	0x0
 433 0072 00       		.byte	0x0
 434 0073 0A       		.uleb128 0xa
 435 0074 2E       		.uleb128 0x2e
 436 0075 00       		.byte	0x0
 437 0076 3F       		.uleb128 0x3f
 438 0077 0C       		.uleb128 0xc
 439 0078 03       		.uleb128 0x3
 440 0079 0E       		.uleb128 0xe
 441 007a 3A       		.uleb128 0x3a
 442 007b 0B       		.uleb128 0xb
 443 007c 3B       		.uleb128 0x3b
 444 007d 0B       		.uleb128 0xb
 445 007e 27       		.uleb128 0x27
 446 007f 0C       		.uleb128 0xc
 447 0080 11       		.uleb128 0x11
 448 0081 01       		.uleb128 0x1
ARM GAS  C:\Users\z80\AppData\Local\Temp\cce7kqDE.s 			page 9


 449 0082 12       		.uleb128 0x12
 450 0083 01       		.uleb128 0x1
 451 0084 40       		.uleb128 0x40
 452 0085 06       		.uleb128 0x6
 453 0086 00       		.byte	0x0
 454 0087 00       		.byte	0x0
 455 0088 0B       		.uleb128 0xb
 456 0089 2E       		.uleb128 0x2e
 457 008a 00       		.byte	0x0
 458 008b 3F       		.uleb128 0x3f
 459 008c 0C       		.uleb128 0xc
 460 008d 03       		.uleb128 0x3
 461 008e 0E       		.uleb128 0xe
 462 008f 3A       		.uleb128 0x3a
 463 0090 0B       		.uleb128 0xb
 464 0091 3B       		.uleb128 0x3b
 465 0092 0B       		.uleb128 0xb
 466 0093 27       		.uleb128 0x27
 467 0094 0C       		.uleb128 0xc
 468 0095 11       		.uleb128 0x11
 469 0096 01       		.uleb128 0x1
 470 0097 12       		.uleb128 0x12
 471 0098 01       		.uleb128 0x1
 472 0099 40       		.uleb128 0x40
 473 009a 0A       		.uleb128 0xa
 474 009b 00       		.byte	0x0
 475 009c 00       		.byte	0x0
 476 009d 0C       		.uleb128 0xc
 477 009e 34       		.uleb128 0x34
 478 009f 00       		.byte	0x0
 479 00a0 03       		.uleb128 0x3
 480 00a1 0E       		.uleb128 0xe
 481 00a2 3A       		.uleb128 0x3a
 482 00a3 0B       		.uleb128 0xb
 483 00a4 3B       		.uleb128 0x3b
 484 00a5 05       		.uleb128 0x5
 485 00a6 49       		.uleb128 0x49
 486 00a7 13       		.uleb128 0x13
 487 00a8 3F       		.uleb128 0x3f
 488 00a9 0C       		.uleb128 0xc
 489 00aa 3C       		.uleb128 0x3c
 490 00ab 0C       		.uleb128 0xc
 491 00ac 00       		.byte	0x0
 492 00ad 00       		.byte	0x0
 493 00ae 0D       		.uleb128 0xd
 494 00af 34       		.uleb128 0x34
 495 00b0 00       		.byte	0x0
 496 00b1 03       		.uleb128 0x3
 497 00b2 0E       		.uleb128 0xe
 498 00b3 3A       		.uleb128 0x3a
 499 00b4 0B       		.uleb128 0xb
 500 00b5 3B       		.uleb128 0x3b
 501 00b6 0B       		.uleb128 0xb
 502 00b7 49       		.uleb128 0x49
 503 00b8 13       		.uleb128 0x13
 504 00b9 3F       		.uleb128 0x3f
 505 00ba 0C       		.uleb128 0xc
ARM GAS  C:\Users\z80\AppData\Local\Temp\cce7kqDE.s 			page 10


 506 00bb 02       		.uleb128 0x2
 507 00bc 0A       		.uleb128 0xa
 508 00bd 00       		.byte	0x0
 509 00be 00       		.byte	0x0
 510 00bf 0E       		.uleb128 0xe
 511 00c0 26       		.uleb128 0x26
 512 00c1 00       		.byte	0x0
 513 00c2 49       		.uleb128 0x49
 514 00c3 13       		.uleb128 0x13
 515 00c4 00       		.byte	0x0
 516 00c5 00       		.byte	0x0
 517 00c6 00       		.byte	0x0
 518              		.section	.debug_pubnames,"",%progbits
 519 0000 44000000 		.4byte	0x44
 520 0004 0200     		.2byte	0x2
 521 0006 00000000 		.4byte	.Ldebug_info0
 522 000a 90010000 		.4byte	0x190
 523 000e 33010000 		.4byte	0x133
 524 0012 5F5F6561 		.ascii	"__early_init\000"
 524      726C795F 
 524      696E6974 
 524      00
 525 001f 48010000 		.4byte	0x148
 526 0023 626F6172 		.ascii	"boardInit\000"
 526      64496E69 
 526      7400
 527 002d 78010000 		.4byte	0x178
 528 0031 70616C5F 		.ascii	"pal_default_config\000"
 528      64656661 
 528      756C745F 
 528      636F6E66 
 528      696700
 529 0044 00000000 		.4byte	0x0
 530              		.section	.debug_pubtypes,"",%progbits
 531 0000 4C000000 		.4byte	0x4c
 532 0004 0200     		.2byte	0x2
 533 0006 00000000 		.4byte	.Ldebug_info0
 534 000a 90010000 		.4byte	0x190
 535 000e 53000000 		.4byte	0x53
 536 0012 696E7433 		.ascii	"int32_t\000"
 536      325F7400 
 537 001a 65000000 		.4byte	0x65
 538 001e 75696E74 		.ascii	"uint32_t\000"
 538      33325F74 
 538      00
 539 0027 CE000000 		.4byte	0xce
 540 002b 73746D33 		.ascii	"stm32_gpio_setup_t\000"
 540      325F6770 
 540      696F5F73 
 540      65747570 
 540      5F7400
 541 003e 28010000 		.4byte	0x128
 542 0042 50414C43 		.ascii	"PALConfig\000"
 542      6F6E6669 
 542      6700
 543 004c 00000000 		.4byte	0x0
 544              		.section	.debug_aranges,"",%progbits
ARM GAS  C:\Users\z80\AppData\Local\Temp\cce7kqDE.s 			page 11


 545 0000 24000000 		.4byte	0x24
 546 0004 0200     		.2byte	0x2
 547 0006 00000000 		.4byte	.Ldebug_info0
 548 000a 04       		.byte	0x4
 549 000b 00       		.byte	0x0
 550 000c 0000     		.2byte	0x0
 551 000e 0000     		.2byte	0x0
 552 0010 00000000 		.4byte	.LFB63
 553 0014 08000000 		.4byte	.LFE63-.LFB63
 554 0018 00000000 		.4byte	.LFB64
 555 001c 02000000 		.4byte	.LFE64-.LFB64
 556 0020 00000000 		.4byte	0x0
 557 0024 00000000 		.4byte	0x0
 558              		.section	.debug_ranges,"",%progbits
 559              	.Ldebug_ranges0:
 560 0000 00000000 		.4byte	.LFB63
 561 0004 08000000 		.4byte	.LFE63
 562 0008 00000000 		.4byte	.LFB64
 563 000c 02000000 		.4byte	.LFE64
 564 0010 00000000 		.4byte	0x0
 565 0014 00000000 		.4byte	0x0
 566              		.section	.debug_str,"MS",%progbits,1
 567              	.LASF17:
 568 0000 50444461 		.ascii	"PDData\000"
 568      746100
 569              	.LASF0:
 570 0007 756E7369 		.ascii	"unsigned int\000"
 570      676E6564 
 570      20696E74 
 570      00
 571              	.LASF10:
 572 0014 6C6F6E67 		.ascii	"long long unsigned int\000"
 572      206C6F6E 
 572      6720756E 
 572      7369676E 
 572      65642069 
 573              	.LASF18:
 574 002b 50454461 		.ascii	"PEData\000"
 574      746100
 575              	.LASF2:
 576 0032 756E7369 		.ascii	"unsigned char\000"
 576      676E6564 
 576      20636861 
 576      7200
 577              	.LASF13:
 578 0040 73746D33 		.ascii	"stm32_gpio_setup_t\000"
 578      325F6770 
 578      696F5F73 
 578      65747570 
 578      5F7400
 579              	.LASF14:
 580 0053 50414461 		.ascii	"PAData\000"
 580      746100
 581              	.LASF8:
 582 005a 6C6F6E67 		.ascii	"long unsigned int\000"
 582      20756E73 
 582      69676E65 
ARM GAS  C:\Users\z80\AppData\Local\Temp\cce7kqDE.s 			page 12


 582      6420696E 
 582      7400
 583              	.LASF4:
 584 006c 73686F72 		.ascii	"short unsigned int\000"
 584      7420756E 
 584      7369676E 
 584      65642069 
 584      6E7400
 585              	.LASF22:
 586 007f 49544D5F 		.ascii	"ITM_RxBuffer\000"
 586      52784275 
 586      66666572 
 586      00
 587              	.LASF19:
 588 008c 50414C43 		.ascii	"PALConfig\000"
 588      6F6E6669 
 588      6700
 589              	.LASF23:
 590 0096 70616C5F 		.ascii	"pal_default_config\000"
 590      64656661 
 590      756C745F 
 590      636F6E66 
 590      696700
 591              	.LASF24:
 592 00a9 474E5520 		.ascii	"GNU C 4.5.0\000"
 592      4320342E 
 592      352E3000 
 593              	.LASF15:
 594 00b5 50424461 		.ascii	"PBData\000"
 594      746100
 595              	.LASF25:
 596 00bc 626F6172 		.ascii	"board/board.c\000"
 596      642F626F 
 596      6172642E 
 596      6300
 597              	.LASF12:
 598 00ca 63686172 		.ascii	"char\000"
 598      00
 599              	.LASF21:
 600 00cf 626F6172 		.ascii	"boardInit\000"
 600      64496E69 
 600      7400
 601              	.LASF20:
 602 00d9 5F5F6561 		.ascii	"__early_init\000"
 602      726C795F 
 602      696E6974 
 602      00
 603              	.LASF6:
 604 00e6 696E7433 		.ascii	"int32_t\000"
 604      325F7400 
 605              	.LASF9:
 606 00ee 6C6F6E67 		.ascii	"long long int\000"
 606      206C6F6E 
 606      6720696E 
 606      7400
 607              	.LASF3:
 608 00fc 73686F72 		.ascii	"short int\000"
ARM GAS  C:\Users\z80\AppData\Local\Temp\cce7kqDE.s 			page 13


 608      7420696E 
 608      7400
 609              	.LASF16:
 610 0106 50434461 		.ascii	"PCData\000"
 610      746100
 611              	.LASF7:
 612 010d 75696E74 		.ascii	"uint32_t\000"
 612      33325F74 
 612      00
 613              	.LASF5:
 614 0116 6C6F6E67 		.ascii	"long int\000"
 614      20696E74 
 614      00
 615              	.LASF1:
 616 011f 7369676E 		.ascii	"signed char\000"
 616      65642063 
 616      68617200 
 617              	.LASF26:
 618 012b 433A5C70 		.ascii	"C:\\projects\\clock.git\\firmware\\firmware\000"
 618      726F6A65 
 618      6374735C 
 618      636C6F63 
 618      6B2E6769 
 619              	.LASF11:
 620 0153 5F426F6F 		.ascii	"_Bool\000"
 620      6C00
 621              		.ident	"GCC: (GNU) 4.5.0"
ARM GAS  C:\Users\z80\AppData\Local\Temp\cce7kqDE.s 			page 14


DEFINED SYMBOLS
                            *ABS*:00000000 board.c
C:\Users\z80\AppData\Local\Temp\cce7kqDE.s:28     .rodata.pal_default_config:00000000 pal_default_config
C:\Users\z80\AppData\Local\Temp\cce7kqDE.s:25     .rodata.pal_default_config:00000000 $d
C:\Users\z80\AppData\Local\Temp\cce7kqDE.s:45     .text.__early_init:00000000 $t
C:\Users\z80\AppData\Local\Temp\cce7kqDE.s:51     .text.__early_init:00000000 __early_init
C:\Users\z80\AppData\Local\Temp\cce7kqDE.s:71     .text.boardInit:00000000 $t
C:\Users\z80\AppData\Local\Temp\cce7kqDE.s:77     .text.boardInit:00000000 boardInit
                     .debug_frame:00000010 $d

UNDEFINED SYMBOLS
stm32_clock_init
