ARM GAS  C:\Users\z80\AppData\Local\Temp\ccP0DOCH.s 			page 1


   1              		.syntax unified
   2              		.cpu cortex-m3
   3              		.fpu softvfp
   4              		.eabi_attribute 20, 1
   5              		.eabi_attribute 21, 1
   6              		.eabi_attribute 23, 3
   7              		.eabi_attribute 24, 1
   8              		.eabi_attribute 25, 1
   9              		.eabi_attribute 26, 1
  10              		.eabi_attribute 30, 6
  11              		.eabi_attribute 18, 4
  12              		.thumb
  13              		.file	"chcore.c"
  14              		.section	.debug_abbrev,"",%progbits
  15              	.Ldebug_abbrev0:
  16              		.section	.debug_info,"",%progbits
  17              	.Ldebug_info0:
  18              		.section	.debug_line,"",%progbits
  19              	.Ldebug_line0:
  20 0000 5F000000 		.text
  20      02004400 
  20      00000201 
  20      FB0E0D00 
  20      01010101 
  21              	.Ltext0:
  22              		.cfi_sections	.debug_frame
  23              		.section	.text.port_halt,"ax",%progbits
  24              		.align	2
  25              		.p2align 4,,15
  26              		.weak	port_halt
  27              		.thumb
  28              		.thumb_func
  29              		.type	port_halt, %function
  30              	port_halt:
  31              	.LFB7:
  32              		.file 1 "../chibios_2.6.3/os/ports/GCC/ARMCMx/chcore.c"
  33              		.loc 1 46 0
  34              		.cfi_startproc
  35              		@ args = 0, pretend = 0, frame = 0
  36              		@ frame_needed = 0, uses_anonymous_args = 0
  37              		@ link register save eliminated.
  38              		.loc 1 48 0
  39              	@ 48 "../chibios_2.6.3/os/ports/GCC/ARMCMx/chcore.c" 1
  40 0000 72B6     		cpsid   i
  41              	@ 0 "" 2
  42              		.thumb
  43              	.L2:
  44              		.loc 1 50 0 discriminator 1
  45 0002 FEE7     		b	.L2
  46              		.cfi_endproc
  47              	.LFE7:
  48              		.size	port_halt, .-port_halt
  49 0004 AFF30080 		.text
  49      AFF30080 
  49      AFF30080 
  50              	.Letext0:
  51              		.section	.debug_info
ARM GAS  C:\Users\z80\AppData\Local\Temp\ccP0DOCH.s 			page 2


  52 0000 91000000 		.4byte	0x91
  53 0004 0200     		.2byte	0x2
  54 0006 00000000 		.4byte	.Ldebug_abbrev0
  55 000a 04       		.byte	0x4
  56 000b 01       		.uleb128 0x1
  57 000c 6C000000 		.4byte	.LASF11
  58 0010 01       		.byte	0x1
  59 0011 9A000000 		.4byte	.LASF12
  60 0015 1B000000 		.4byte	.LASF13
  61 0019 00000000 		.4byte	0x0
  62 001d 00000000 		.4byte	0x0
  63 0021 00000000 		.4byte	.Ldebug_ranges0+0x0
  64 0025 00000000 		.4byte	.Ldebug_line0
  65 0029 02       		.uleb128 0x2
  66 002a 04       		.byte	0x4
  67 002b 05       		.byte	0x5
  68 002c 696E7400 		.ascii	"int\000"
  69 0030 03       		.uleb128 0x3
  70 0031 04       		.byte	0x4
  71 0032 07       		.byte	0x7
  72 0033 0E000000 		.4byte	.LASF0
  73 0037 03       		.uleb128 0x3
  74 0038 01       		.byte	0x1
  75 0039 06       		.byte	0x6
  76 003a DB000000 		.4byte	.LASF1
  77 003e 03       		.uleb128 0x3
  78 003f 01       		.byte	0x1
  79 0040 08       		.byte	0x8
  80 0041 78000000 		.4byte	.LASF2
  81 0045 03       		.uleb128 0x3
  82 0046 02       		.byte	0x2
  83 0047 05       		.byte	0x5
  84 0048 F1000000 		.4byte	.LASF3
  85 004c 03       		.uleb128 0x3
  86 004d 02       		.byte	0x2
  87 004e 07       		.byte	0x7
  88 004f C8000000 		.4byte	.LASF4
  89 0053 03       		.uleb128 0x3
  90 0054 04       		.byte	0x4
  91 0055 05       		.byte	0x5
  92 0056 8B000000 		.4byte	.LASF5
  93 005a 03       		.uleb128 0x3
  94 005b 04       		.byte	0x4
  95 005c 07       		.byte	0x7
  96 005d 43000000 		.4byte	.LASF6
  97 0061 03       		.uleb128 0x3
  98 0062 08       		.byte	0x8
  99 0063 05       		.byte	0x5
 100 0064 00000000 		.4byte	.LASF7
 101 0068 03       		.uleb128 0x3
 102 0069 08       		.byte	0x8
 103 006a 07       		.byte	0x7
 104 006b 55000000 		.4byte	.LASF8
 105 006f 03       		.uleb128 0x3
 106 0070 01       		.byte	0x1
 107 0071 02       		.byte	0x2
 108 0072 94000000 		.4byte	.LASF9
ARM GAS  C:\Users\z80\AppData\Local\Temp\ccP0DOCH.s 			page 3


 109 0076 04       		.uleb128 0x4
 110 0077 04       		.byte	0x4
 111 0078 07       		.byte	0x7
 112 0079 03       		.uleb128 0x3
 113 007a 01       		.byte	0x1
 114 007b 08       		.byte	0x8
 115 007c 86000000 		.4byte	.LASF10
 116 0080 05       		.uleb128 0x5
 117 0081 01       		.byte	0x1
 118 0082 E7000000 		.4byte	.LASF14
 119 0086 01       		.byte	0x1
 120 0087 2E       		.byte	0x2e
 121 0088 01       		.byte	0x1
 122 0089 00000000 		.4byte	.LFB7
 123 008d 04000000 		.4byte	.LFE7
 124 0091 02       		.byte	0x2
 125 0092 7D       		.byte	0x7d
 126 0093 00       		.sleb128 0
 127 0094 00       		.byte	0x0
 128              		.section	.debug_abbrev
 129 0000 01       		.uleb128 0x1
 130 0001 11       		.uleb128 0x11
 131 0002 01       		.byte	0x1
 132 0003 25       		.uleb128 0x25
 133 0004 0E       		.uleb128 0xe
 134 0005 13       		.uleb128 0x13
 135 0006 0B       		.uleb128 0xb
 136 0007 03       		.uleb128 0x3
 137 0008 0E       		.uleb128 0xe
 138 0009 1B       		.uleb128 0x1b
 139 000a 0E       		.uleb128 0xe
 140 000b 11       		.uleb128 0x11
 141 000c 01       		.uleb128 0x1
 142 000d 52       		.uleb128 0x52
 143 000e 01       		.uleb128 0x1
 144 000f 55       		.uleb128 0x55
 145 0010 06       		.uleb128 0x6
 146 0011 10       		.uleb128 0x10
 147 0012 06       		.uleb128 0x6
 148 0013 00       		.byte	0x0
 149 0014 00       		.byte	0x0
 150 0015 02       		.uleb128 0x2
 151 0016 24       		.uleb128 0x24
 152 0017 00       		.byte	0x0
 153 0018 0B       		.uleb128 0xb
 154 0019 0B       		.uleb128 0xb
 155 001a 3E       		.uleb128 0x3e
 156 001b 0B       		.uleb128 0xb
 157 001c 03       		.uleb128 0x3
 158 001d 08       		.uleb128 0x8
 159 001e 00       		.byte	0x0
 160 001f 00       		.byte	0x0
 161 0020 03       		.uleb128 0x3
 162 0021 24       		.uleb128 0x24
 163 0022 00       		.byte	0x0
 164 0023 0B       		.uleb128 0xb
 165 0024 0B       		.uleb128 0xb
ARM GAS  C:\Users\z80\AppData\Local\Temp\ccP0DOCH.s 			page 4


 166 0025 3E       		.uleb128 0x3e
 167 0026 0B       		.uleb128 0xb
 168 0027 03       		.uleb128 0x3
 169 0028 0E       		.uleb128 0xe
 170 0029 00       		.byte	0x0
 171 002a 00       		.byte	0x0
 172 002b 04       		.uleb128 0x4
 173 002c 24       		.uleb128 0x24
 174 002d 00       		.byte	0x0
 175 002e 0B       		.uleb128 0xb
 176 002f 0B       		.uleb128 0xb
 177 0030 3E       		.uleb128 0x3e
 178 0031 0B       		.uleb128 0xb
 179 0032 00       		.byte	0x0
 180 0033 00       		.byte	0x0
 181 0034 05       		.uleb128 0x5
 182 0035 2E       		.uleb128 0x2e
 183 0036 00       		.byte	0x0
 184 0037 3F       		.uleb128 0x3f
 185 0038 0C       		.uleb128 0xc
 186 0039 03       		.uleb128 0x3
 187 003a 0E       		.uleb128 0xe
 188 003b 3A       		.uleb128 0x3a
 189 003c 0B       		.uleb128 0xb
 190 003d 3B       		.uleb128 0x3b
 191 003e 0B       		.uleb128 0xb
 192 003f 27       		.uleb128 0x27
 193 0040 0C       		.uleb128 0xc
 194 0041 11       		.uleb128 0x11
 195 0042 01       		.uleb128 0x1
 196 0043 12       		.uleb128 0x12
 197 0044 01       		.uleb128 0x1
 198 0045 40       		.uleb128 0x40
 199 0046 0A       		.uleb128 0xa
 200 0047 00       		.byte	0x0
 201 0048 00       		.byte	0x0
 202 0049 00       		.byte	0x0
 203              		.section	.debug_pubnames,"",%progbits
 204 0000 1C000000 		.4byte	0x1c
 205 0004 0200     		.2byte	0x2
 206 0006 00000000 		.4byte	.Ldebug_info0
 207 000a 95000000 		.4byte	0x95
 208 000e 80000000 		.4byte	0x80
 209 0012 706F7274 		.ascii	"port_halt\000"
 209      5F68616C 
 209      7400
 210 001c 00000000 		.4byte	0x0
 211              		.section	.debug_pubtypes,"",%progbits
 212 0000 0E000000 		.4byte	0xe
 213 0004 0200     		.2byte	0x2
 214 0006 00000000 		.4byte	.Ldebug_info0
 215 000a 95000000 		.4byte	0x95
 216 000e 00000000 		.4byte	0x0
 217              		.section	.debug_aranges,"",%progbits
 218 0000 1C000000 		.4byte	0x1c
 219 0004 0200     		.2byte	0x2
 220 0006 00000000 		.4byte	.Ldebug_info0
ARM GAS  C:\Users\z80\AppData\Local\Temp\ccP0DOCH.s 			page 5


 221 000a 04       		.byte	0x4
 222 000b 00       		.byte	0x0
 223 000c 0000     		.2byte	0x0
 224 000e 0000     		.2byte	0x0
 225 0010 00000000 		.4byte	.LFB7
 226 0014 04000000 		.4byte	.LFE7-.LFB7
 227 0018 00000000 		.4byte	0x0
 228 001c 00000000 		.4byte	0x0
 229              		.section	.debug_ranges,"",%progbits
 230              	.Ldebug_ranges0:
 231 0000 00000000 		.4byte	.LFB7
 232 0004 04000000 		.4byte	.LFE7
 233 0008 00000000 		.4byte	0x0
 234 000c 00000000 		.4byte	0x0
 235              		.section	.debug_str,"MS",%progbits,1
 236              	.LASF7:
 237 0000 6C6F6E67 		.ascii	"long long int\000"
 237      206C6F6E 
 237      6720696E 
 237      7400
 238              	.LASF0:
 239 000e 756E7369 		.ascii	"unsigned int\000"
 239      676E6564 
 239      20696E74 
 239      00
 240              	.LASF13:
 241 001b 433A5C70 		.ascii	"C:\\projects\\clock.git\\firmware\\firmware\000"
 241      726F6A65 
 241      6374735C 
 241      636C6F63 
 241      6B2E6769 
 242              	.LASF6:
 243 0043 6C6F6E67 		.ascii	"long unsigned int\000"
 243      20756E73 
 243      69676E65 
 243      6420696E 
 243      7400
 244              	.LASF8:
 245 0055 6C6F6E67 		.ascii	"long long unsigned int\000"
 245      206C6F6E 
 245      6720756E 
 245      7369676E 
 245      65642069 
 246              	.LASF11:
 247 006c 474E5520 		.ascii	"GNU C 4.5.0\000"
 247      4320342E 
 247      352E3000 
 248              	.LASF2:
 249 0078 756E7369 		.ascii	"unsigned char\000"
 249      676E6564 
 249      20636861 
 249      7200
 250              	.LASF10:
 251 0086 63686172 		.ascii	"char\000"
 251      00
 252              	.LASF5:
 253 008b 6C6F6E67 		.ascii	"long int\000"
ARM GAS  C:\Users\z80\AppData\Local\Temp\ccP0DOCH.s 			page 6


 253      20696E74 
 253      00
 254              	.LASF9:
 255 0094 5F426F6F 		.ascii	"_Bool\000"
 255      6C00
 256              	.LASF12:
 257 009a 2E2E2F63 		.ascii	"../chibios_2.6.3/os/ports/GCC/ARMCMx/chcore.c\000"
 257      68696269 
 257      6F735F32 
 257      2E362E33 
 257      2F6F732F 
 258              	.LASF4:
 259 00c8 73686F72 		.ascii	"short unsigned int\000"
 259      7420756E 
 259      7369676E 
 259      65642069 
 259      6E7400
 260              	.LASF1:
 261 00db 7369676E 		.ascii	"signed char\000"
 261      65642063 
 261      68617200 
 262              	.LASF14:
 263 00e7 706F7274 		.ascii	"port_halt\000"
 263      5F68616C 
 263      7400
 264              	.LASF3:
 265 00f1 73686F72 		.ascii	"short int\000"
 265      7420696E 
 265      7400
 266              		.ident	"GCC: (GNU) 4.5.0"
ARM GAS  C:\Users\z80\AppData\Local\Temp\ccP0DOCH.s 			page 7


DEFINED SYMBOLS
                            *ABS*:00000000 chcore.c
C:\Users\z80\AppData\Local\Temp\ccP0DOCH.s:24     .text.port_halt:00000000 $t
C:\Users\z80\AppData\Local\Temp\ccP0DOCH.s:30     .text.port_halt:00000000 port_halt
                     .debug_frame:00000010 $d

NO UNDEFINED SYMBOLS
