ARM GAS  C:\Users\z80\AppData\Local\Temp\ccB3emFg.s 			page 1


   1              		.syntax unified
   2              		.cpu cortex-m3
   3              		.fpu softvfp
   4              		.eabi_attribute 20, 1
   5              		.eabi_attribute 21, 1
   6              		.eabi_attribute 23, 3
   7              		.eabi_attribute 24, 1
   8              		.eabi_attribute 25, 1
   9              		.eabi_attribute 26, 1
  10              		.eabi_attribute 30, 6
  11              		.eabi_attribute 18, 4
  12              		.thumb
  13              		.file	"chdynamic.c"
  14              		.section	.debug_abbrev,"",%progbits
  15              	.Ldebug_abbrev0:
  16              		.section	.debug_info,"",%progbits
  17              	.Ldebug_info0:
  18              		.section	.debug_line,"",%progbits
  19              	.Ldebug_line0:
  20 0000 04020000 		.text
  20      02008B01 
  20      00000201 
  20      FB0E0D00 
  20      01010101 
  21              	.Ltext0:
  22              		.cfi_sections	.debug_frame
  23              		.section	.text.chThdAddRef,"ax",%progbits
  24              		.align	2
  25              		.p2align 4,,15
  26              		.global	chThdAddRef
  27              		.thumb
  28              		.thumb_func
  29              		.type	chThdAddRef, %function
  30              	chThdAddRef:
  31              	.LFB7:
  32              		.file 1 "../chibios_2.6.3/os/kernel/src/chdynamic.c"
  33              		.loc 1 52 0
  34              		.cfi_startproc
  35              		@ args = 0, pretend = 0, frame = 8
  36              		@ frame_needed = 0, uses_anonymous_args = 0
  37              		@ link register save eliminated.
  38 0000 82B0     		sub	sp, sp, #8
  39              	.LCFI0:
  40              		.cfi_def_cfa_offset 8
  41 0002 0190     		str	r0, [sp, #4]
  42              	.LBB2:
  43              		.loc 1 54 0
  44 0004 4FF02003 		mov	r3, #32
  45              	@ 54 "../chibios_2.6.3/os/kernel/src/chdynamic.c" 1
  46 0008 83F31188 		msr     BASEPRI, r3
  47              	@ 0 "" 2
  48              		.thumb
  49              	.LBE2:
  50              		.loc 1 55 0
  51 000c 019B     		ldr	r3, [sp, #4]
  52 000e 9B7F     		ldrb	r3, [r3, #30]	@ zero_extendqisi2
  53 0010 FF2B     		cmp	r3, #255
ARM GAS  C:\Users\z80\AppData\Local\Temp\ccB3emFg.s 			page 2


  54              		.loc 1 56 0
  55 0012 019B     		ldr	r3, [sp, #4]
  56 0014 9B7F     		ldrb	r3, [r3, #30]	@ zero_extendqisi2
  57 0016 03F10103 		add	r3, r3, #1
  58 001a DAB2     		uxtb	r2, r3
  59 001c 019B     		ldr	r3, [sp, #4]
  60 001e 9A77     		strb	r2, [r3, #30]
  61              	.LBB3:
  62              		.loc 1 57 0
  63 0020 4FF00003 		mov	r3, #0
  64              	@ 57 "../chibios_2.6.3/os/kernel/src/chdynamic.c" 1
  65 0024 83F31188 		msr     BASEPRI, r3
  66              	@ 0 "" 2
  67              		.thumb
  68              	.LBE3:
  69              		.loc 1 58 0
  70 0028 019B     		ldr	r3, [sp, #4]
  71              		.loc 1 59 0
  72 002a 1846     		mov	r0, r3
  73 002c 02B0     		add	sp, sp, #8
  74 002e 7047     		bx	lr
  75              		.cfi_endproc
  76              	.LFE7:
  77              		.size	chThdAddRef, .-chThdAddRef
  78              		.section	.text.chThdRelease,"ax",%progbits
  79              		.align	2
  80              		.p2align 4,,15
  81              		.global	chThdRelease
  82              		.thumb
  83              		.thumb_func
  84              		.type	chThdRelease, %function
  85              	chThdRelease:
  86              	.LFB8:
  87              		.loc 1 74 0
  88              		.cfi_startproc
  89              		@ args = 0, pretend = 0, frame = 16
  90              		@ frame_needed = 0, uses_anonymous_args = 0
  91 0000 00B5     		push	{lr}
  92              	.LCFI1:
  93              		.cfi_def_cfa_offset 4
  94 0002 85B0     		sub	sp, sp, #20
  95              	.LCFI2:
  96              		.cfi_def_cfa_offset 24
  97 0004 0190     		str	r0, [sp, #4]
  98              	.LBB4:
  99              		.loc 1 77 0
 100 0006 4FF02003 		mov	r3, #32
 101              	@ 77 "../chibios_2.6.3/os/kernel/src/chdynamic.c" 1
 102 000a 83F31188 		msr     BASEPRI, r3
 103              	@ 0 "" 2
 104              		.thumb
 105              	.LBE4:
 106              		.loc 1 78 0
 107 000e 019B     		ldr	r3, [sp, #4]
 108 0010 9B7F     		ldrb	r3, [r3, #30]	@ zero_extendqisi2
 109 0012 002B     		cmp	r3, #0
 110              		.loc 1 79 0
ARM GAS  C:\Users\z80\AppData\Local\Temp\ccB3emFg.s 			page 3


 111 0014 019B     		ldr	r3, [sp, #4]
 112 0016 9B7F     		ldrb	r3, [r3, #30]	@ zero_extendqisi2
 113 0018 03F1FF33 		add	r3, r3, #-1
 114 001c DAB2     		uxtb	r2, r3
 115 001e 019B     		ldr	r3, [sp, #4]
 116 0020 9A77     		strb	r2, [r3, #30]
 117 0022 019B     		ldr	r3, [sp, #4]
 118 0024 9B7F     		ldrb	r3, [r3, #30]
 119 0026 8DF80F30 		strb	r3, [sp, #15]
 120              	.LBB5:
 121              		.loc 1 80 0
 122 002a 4FF00003 		mov	r3, #0
 123              	@ 80 "../chibios_2.6.3/os/kernel/src/chdynamic.c" 1
 124 002e 83F31188 		msr     BASEPRI, r3
 125              	@ 0 "" 2
 126              		.thumb
 127              	.LBE5:
 128              		.loc 1 85 0
 129 0032 9DF80F30 		ldrb	r3, [sp, #15]	@ zero_extendqisi2
 130 0036 002B     		cmp	r3, #0
 131 0038 2BD1     		bne	.L3
 132              		.cfi_offset 14, -4
 133              		.loc 1 85 0 is_stmt 0 discriminator 1
 134 003a 019B     		ldr	r3, [sp, #4]
 135 003c 1B7F     		ldrb	r3, [r3, #28]	@ zero_extendqisi2
 136 003e 0E2B     		cmp	r3, #14
 137 0040 27D1     		bne	.L3
 138              		.loc 1 86 0 is_stmt 1
 139 0042 019B     		ldr	r3, [sp, #4]
 140 0044 5B7F     		ldrb	r3, [r3, #29]	@ zero_extendqisi2
 141 0046 03F00303 		and	r3, r3, #3
 142 004a 012B     		cmp	r3, #1
 143 004c 02D0     		beq	.L6
 144 004e 022B     		cmp	r3, #2
 145 0050 0ED0     		beq	.L7
 146 0052 1EE0     		b	.L3
 147              	.L6:
 148              		.loc 1 90 0
 149 0054 019B     		ldr	r3, [sp, #4]
 150 0056 5B69     		ldr	r3, [r3, #20]
 151 0058 019A     		ldr	r2, [sp, #4]
 152 005a 1269     		ldr	r2, [r2, #16]
 153 005c 1A61     		str	r2, [r3, #16]
 154 005e 019B     		ldr	r3, [sp, #4]
 155 0060 1B69     		ldr	r3, [r3, #16]
 156 0062 019A     		ldr	r2, [sp, #4]
 157 0064 5269     		ldr	r2, [r2, #20]
 158 0066 5A61     		str	r2, [r3, #20]
 159              		.loc 1 92 0
 160 0068 0198     		ldr	r0, [sp, #4]
 161 006a FFF7FEFF 		bl	chHeapFree
 162              		.loc 1 93 0
 163 006e 10E0     		b	.L3
 164              	.L7:
 165              		.loc 1 98 0
 166 0070 019B     		ldr	r3, [sp, #4]
 167 0072 5B69     		ldr	r3, [r3, #20]
ARM GAS  C:\Users\z80\AppData\Local\Temp\ccB3emFg.s 			page 4


 168 0074 019A     		ldr	r2, [sp, #4]
 169 0076 1269     		ldr	r2, [r2, #16]
 170 0078 1A61     		str	r2, [r3, #16]
 171 007a 019B     		ldr	r3, [sp, #4]
 172 007c 1B69     		ldr	r3, [r3, #16]
 173 007e 019A     		ldr	r2, [sp, #4]
 174 0080 5269     		ldr	r2, [r2, #20]
 175 0082 5A61     		str	r2, [r3, #20]
 176              		.loc 1 100 0
 177 0084 019B     		ldr	r3, [sp, #4]
 178 0086 5B6C     		ldr	r3, [r3, #68]
 179 0088 1846     		mov	r0, r3
 180 008a 0199     		ldr	r1, [sp, #4]
 181 008c FFF7FEFF 		bl	chPoolFree
 182              		.loc 1 101 0
 183 0090 00BF     		nop
 184              	.L3:
 185              		.loc 1 105 0
 186 0092 05B0     		add	sp, sp, #20
 187 0094 00BD     		pop	{pc}
 188              		.cfi_endproc
 189              	.LFE8:
 190              		.size	chThdRelease, .-chThdRelease
 191 0096 00BFAFF3 		.section	.text.chThdCreateFromHeap,"ax",%progbits
 191      0080AFF3 
 191      0080
 192              		.align	2
 193              		.p2align 4,,15
 194              		.global	chThdCreateFromHeap
 195              		.thumb
 196              		.thumb_func
 197              		.type	chThdCreateFromHeap, %function
 198              	chThdCreateFromHeap:
 199              	.LFB9:
 200              		.loc 1 131 0
 201              		.cfi_startproc
 202              		@ args = 4, pretend = 0, frame = 24
 203              		@ frame_needed = 0, uses_anonymous_args = 0
 204 0000 00B5     		push	{lr}
 205              	.LCFI3:
 206              		.cfi_def_cfa_offset 4
 207 0002 89B0     		sub	sp, sp, #36
 208              	.LCFI4:
 209              		.cfi_def_cfa_offset 40
 210 0004 0590     		str	r0, [sp, #20]
 211 0006 0491     		str	r1, [sp, #16]
 212 0008 0392     		str	r2, [sp, #12]
 213 000a 0293     		str	r3, [sp, #8]
 214              		.loc 1 135 0
 215 000c 0598     		ldr	r0, [sp, #20]
 216 000e 0499     		ldr	r1, [sp, #16]
 217              		.cfi_offset 14, -4
 218 0010 FFF7FEFF 		bl	chHeapAlloc
 219 0014 0346     		mov	r3, r0
 220 0016 0793     		str	r3, [sp, #28]
 221              		.loc 1 136 0
 222 0018 079B     		ldr	r3, [sp, #28]
ARM GAS  C:\Users\z80\AppData\Local\Temp\ccB3emFg.s 			page 5


 223 001a 002B     		cmp	r3, #0
 224 001c 02D1     		bne	.L9
 225              		.loc 1 137 0
 226 001e 4FF00003 		mov	r3, #0
 227 0022 1BE0     		b	.L10
 228              	.L9:
 229              	.LBB6:
 230              		.loc 1 148 0
 231 0024 4FF02003 		mov	r3, #32
 232              	@ 148 "../chibios_2.6.3/os/kernel/src/chdynamic.c" 1
 233 0028 83F31188 		msr     BASEPRI, r3
 234              	@ 0 "" 2
 235              		.thumb
 236              	.LBE6:
 237              		.loc 1 149 0
 238 002c 0A9B     		ldr	r3, [sp, #40]
 239 002e 0093     		str	r3, [sp, #0]
 240 0030 0798     		ldr	r0, [sp, #28]
 241 0032 0499     		ldr	r1, [sp, #16]
 242 0034 039A     		ldr	r2, [sp, #12]
 243 0036 029B     		ldr	r3, [sp, #8]
 244 0038 FFF7FEFF 		bl	chThdCreateI
 245 003c 0346     		mov	r3, r0
 246 003e 0693     		str	r3, [sp, #24]
 247              		.loc 1 150 0
 248 0040 069B     		ldr	r3, [sp, #24]
 249 0042 4FF00102 		mov	r2, #1
 250 0046 5A77     		strb	r2, [r3, #29]
 251              		.loc 1 151 0
 252 0048 0698     		ldr	r0, [sp, #24]
 253 004a 4FF00001 		mov	r1, #0
 254 004e FFF7FEFF 		bl	chSchWakeupS
 255              	.LBB7:
 256              		.loc 1 152 0
 257 0052 4FF00003 		mov	r3, #0
 258              	@ 152 "../chibios_2.6.3/os/kernel/src/chdynamic.c" 1
 259 0056 83F31188 		msr     BASEPRI, r3
 260              	@ 0 "" 2
 261              		.thumb
 262              	.LBE7:
 263              		.loc 1 153 0
 264 005a 069B     		ldr	r3, [sp, #24]
 265              	.L10:
 266              		.loc 1 154 0
 267 005c 1846     		mov	r0, r3
 268 005e 09B0     		add	sp, sp, #36
 269 0060 00BD     		pop	{pc}
 270              		.cfi_endproc
 271              	.LFE9:
 272              		.size	chThdCreateFromHeap, .-chThdCreateFromHeap
 273 0062 00BFAFF3 		.section	.text.chThdCreateFromMemoryPool,"ax",%progbits
 273      0080AFF3 
 273      0080AFF3 
 273      0080
 274              		.align	2
 275              		.p2align 4,,15
 276              		.global	chThdCreateFromMemoryPool
ARM GAS  C:\Users\z80\AppData\Local\Temp\ccB3emFg.s 			page 6


 277              		.thumb
 278              		.thumb_func
 279              		.type	chThdCreateFromMemoryPool, %function
 280              	chThdCreateFromMemoryPool:
 281              	.LFB10:
 282              		.loc 1 180 0
 283              		.cfi_startproc
 284              		@ args = 0, pretend = 0, frame = 24
 285              		@ frame_needed = 0, uses_anonymous_args = 0
 286 0000 00B5     		push	{lr}
 287              	.LCFI5:
 288              		.cfi_def_cfa_offset 4
 289 0002 89B0     		sub	sp, sp, #36
 290              	.LCFI6:
 291              		.cfi_def_cfa_offset 40
 292 0004 0590     		str	r0, [sp, #20]
 293 0006 0491     		str	r1, [sp, #16]
 294 0008 0392     		str	r2, [sp, #12]
 295 000a 0293     		str	r3, [sp, #8]
 296              		.loc 1 184 0
 297 000c 059B     		ldr	r3, [sp, #20]
 298 000e 002B     		cmp	r3, #0
 299              		.loc 1 186 0
 300 0010 0598     		ldr	r0, [sp, #20]
 301              		.cfi_offset 14, -4
 302 0012 FFF7FEFF 		bl	chPoolAlloc
 303 0016 0346     		mov	r3, r0
 304 0018 0793     		str	r3, [sp, #28]
 305              		.loc 1 187 0
 306 001a 079B     		ldr	r3, [sp, #28]
 307 001c 002B     		cmp	r3, #0
 308 001e 02D1     		bne	.L13
 309              		.loc 1 188 0
 310 0020 4FF00003 		mov	r3, #0
 311 0024 20E0     		b	.L14
 312              	.L13:
 313              	.LBB8:
 314              		.loc 1 199 0
 315 0026 4FF02003 		mov	r3, #32
 316              	@ 199 "../chibios_2.6.3/os/kernel/src/chdynamic.c" 1
 317 002a 83F31188 		msr     BASEPRI, r3
 318              	@ 0 "" 2
 319              		.thumb
 320              	.LBE8:
 321              		.loc 1 200 0
 322 002e 059B     		ldr	r3, [sp, #20]
 323 0030 5B68     		ldr	r3, [r3, #4]
 324 0032 029A     		ldr	r2, [sp, #8]
 325 0034 0092     		str	r2, [sp, #0]
 326 0036 0798     		ldr	r0, [sp, #28]
 327 0038 1946     		mov	r1, r3
 328 003a 049A     		ldr	r2, [sp, #16]
 329 003c 039B     		ldr	r3, [sp, #12]
 330 003e FFF7FEFF 		bl	chThdCreateI
 331 0042 0346     		mov	r3, r0
 332 0044 0693     		str	r3, [sp, #24]
 333              		.loc 1 201 0
ARM GAS  C:\Users\z80\AppData\Local\Temp\ccB3emFg.s 			page 7


 334 0046 069B     		ldr	r3, [sp, #24]
 335 0048 4FF00202 		mov	r2, #2
 336 004c 5A77     		strb	r2, [r3, #29]
 337              		.loc 1 202 0
 338 004e 069B     		ldr	r3, [sp, #24]
 339 0050 059A     		ldr	r2, [sp, #20]
 340 0052 5A64     		str	r2, [r3, #68]
 341              		.loc 1 203 0
 342 0054 0698     		ldr	r0, [sp, #24]
 343 0056 4FF00001 		mov	r1, #0
 344 005a FFF7FEFF 		bl	chSchWakeupS
 345              	.LBB9:
 346              		.loc 1 204 0
 347 005e 4FF00003 		mov	r3, #0
 348              	@ 204 "../chibios_2.6.3/os/kernel/src/chdynamic.c" 1
 349 0062 83F31188 		msr     BASEPRI, r3
 350              	@ 0 "" 2
 351              		.thumb
 352              	.LBE9:
 353              		.loc 1 205 0
 354 0066 069B     		ldr	r3, [sp, #24]
 355              	.L14:
 356              		.loc 1 206 0
 357 0068 1846     		mov	r0, r3
 358 006a 09B0     		add	sp, sp, #36
 359 006c 00BD     		pop	{pc}
 360              		.cfi_endproc
 361              	.LFE10:
 362              		.size	chThdCreateFromMemoryPool, .-chThdCreateFromMemoryPool
 363 006e 00BF     		.text
 364              	.Letext0:
 365              		.section	.debug_loc,"",%progbits
 366              	.Ldebug_loc0:
 367              	.LLST0:
 368 0000 00000000 		.4byte	.LFB7
 369 0004 02000000 		.4byte	.LCFI0
 370 0008 0200     		.2byte	0x2
 371 000a 7D       		.byte	0x7d
 372 000b 00       		.sleb128 0
 373 000c 02000000 		.4byte	.LCFI0
 374 0010 30000000 		.4byte	.LFE7
 375 0014 0200     		.2byte	0x2
 376 0016 7D       		.byte	0x7d
 377 0017 08       		.sleb128 8
 378 0018 00000000 		.4byte	0x0
 379 001c 00000000 		.4byte	0x0
 380              	.LLST1:
 381 0020 00000000 		.4byte	.LFB8
 382 0024 02000000 		.4byte	.LCFI1
 383 0028 0200     		.2byte	0x2
 384 002a 7D       		.byte	0x7d
 385 002b 00       		.sleb128 0
 386 002c 02000000 		.4byte	.LCFI1
 387 0030 04000000 		.4byte	.LCFI2
 388 0034 0200     		.2byte	0x2
 389 0036 7D       		.byte	0x7d
 390 0037 04       		.sleb128 4
ARM GAS  C:\Users\z80\AppData\Local\Temp\ccB3emFg.s 			page 8


 391 0038 04000000 		.4byte	.LCFI2
 392 003c 96000000 		.4byte	.LFE8
 393 0040 0200     		.2byte	0x2
 394 0042 7D       		.byte	0x7d
 395 0043 18       		.sleb128 24
 396 0044 00000000 		.4byte	0x0
 397 0048 00000000 		.4byte	0x0
 398              	.LLST2:
 399 004c 00000000 		.4byte	.LFB9
 400 0050 02000000 		.4byte	.LCFI3
 401 0054 0200     		.2byte	0x2
 402 0056 7D       		.byte	0x7d
 403 0057 00       		.sleb128 0
 404 0058 02000000 		.4byte	.LCFI3
 405 005c 04000000 		.4byte	.LCFI4
 406 0060 0200     		.2byte	0x2
 407 0062 7D       		.byte	0x7d
 408 0063 04       		.sleb128 4
 409 0064 04000000 		.4byte	.LCFI4
 410 0068 62000000 		.4byte	.LFE9
 411 006c 0200     		.2byte	0x2
 412 006e 7D       		.byte	0x7d
 413 006f 28       		.sleb128 40
 414 0070 00000000 		.4byte	0x0
 415 0074 00000000 		.4byte	0x0
 416              	.LLST3:
 417 0078 00000000 		.4byte	.LFB10
 418 007c 02000000 		.4byte	.LCFI5
 419 0080 0200     		.2byte	0x2
 420 0082 7D       		.byte	0x7d
 421 0083 00       		.sleb128 0
 422 0084 02000000 		.4byte	.LCFI5
 423 0088 04000000 		.4byte	.LCFI6
 424 008c 0200     		.2byte	0x2
 425 008e 7D       		.byte	0x7d
 426 008f 04       		.sleb128 4
 427 0090 04000000 		.4byte	.LCFI6
 428 0094 6E000000 		.4byte	.LFE10
 429 0098 0200     		.2byte	0x2
 430 009a 7D       		.byte	0x7d
 431 009b 28       		.sleb128 40
 432 009c 00000000 		.4byte	0x0
 433 00a0 00000000 		.4byte	0x0
 434              		.file 2 "c:\\programs\\yagarto\\bin\\../lib/gcc/arm-none-eabi/4.5.0/include/stddef.h"
 435              		.file 3 "c:/programs/yagarto/lib/gcc/../../arm-none-eabi/sys-include/stdint.h"
 436              		.file 4 "../chibios_2.6.3/os/ports/GCC/ARMCMx/chtypes.h"
 437              		.file 5 "../chibios_2.6.3/os/kernel/include/chlists.h"
 438              		.file 6 "../chibios_2.6.3/os/kernel/include/chthreads.h"
 439              		.file 7 "../chibios_2.6.3/os/ports/GCC/ARMCMx/chcore_v7m.h"
 440              		.file 8 "../chibios_2.6.3/os/kernel/include/chmtx.h"
 441              		.file 9 "../chibios_2.6.3/os/kernel/include/chmemcore.h"
 442              		.file 10 "../chibios_2.6.3/os/kernel/include/chheap.h"
 443              		.file 11 "../chibios_2.6.3/os/kernel/include/chmempools.h"
 444              		.section	.debug_info
 445 0000 5D070000 		.4byte	0x75d
 446 0004 0200     		.2byte	0x2
 447 0006 00000000 		.4byte	.Ldebug_abbrev0
ARM GAS  C:\Users\z80\AppData\Local\Temp\ccB3emFg.s 			page 9


 448 000a 04       		.byte	0x4
 449 000b 01       		.uleb128 0x1
 450 000c 39030000 		.4byte	.LASF81
 451 0010 01       		.byte	0x1
 452 0011 6A000000 		.4byte	.LASF82
 453 0015 B1010000 		.4byte	.LASF83
 454 0019 00000000 		.4byte	0x0
 455 001d 00000000 		.4byte	0x0
 456 0021 00000000 		.4byte	.Ldebug_ranges0+0x0
 457 0025 00000000 		.4byte	.Ldebug_line0
 458 0029 02       		.uleb128 0x2
 459 002a 04       		.byte	0x4
 460 002b 05       		.byte	0x5
 461 002c 696E7400 		.ascii	"int\000"
 462 0030 03       		.uleb128 0x3
 463 0031 0E000000 		.4byte	.LASF2
 464 0035 02       		.byte	0x2
 465 0036 D3       		.byte	0xd3
 466 0037 3B000000 		.4byte	0x3b
 467 003b 04       		.uleb128 0x4
 468 003c 04       		.byte	0x4
 469 003d 07       		.byte	0x7
 470 003e 46010000 		.4byte	.LASF0
 471 0042 04       		.uleb128 0x4
 472 0043 01       		.byte	0x1
 473 0044 06       		.byte	0x6
 474 0045 AF000000 		.4byte	.LASF1
 475 0049 03       		.uleb128 0x3
 476 004a 31030000 		.4byte	.LASF3
 477 004e 03       		.byte	0x3
 478 004f 2A       		.byte	0x2a
 479 0050 54000000 		.4byte	0x54
 480 0054 04       		.uleb128 0x4
 481 0055 01       		.byte	0x1
 482 0056 08       		.byte	0x8
 483 0057 56020000 		.4byte	.LASF4
 484 005b 04       		.uleb128 0x4
 485 005c 02       		.byte	0x2
 486 005d 05       		.byte	0x5
 487 005e 79020000 		.4byte	.LASF5
 488 0062 04       		.uleb128 0x4
 489 0063 02       		.byte	0x2
 490 0064 07       		.byte	0x7
 491 0065 78010000 		.4byte	.LASF6
 492 0069 03       		.uleb128 0x3
 493 006a 4E020000 		.4byte	.LASF7
 494 006e 03       		.byte	0x3
 495 006f 4F       		.byte	0x4f
 496 0070 74000000 		.4byte	0x74
 497 0074 04       		.uleb128 0x4
 498 0075 04       		.byte	0x4
 499 0076 05       		.byte	0x5
 500 0077 DB000000 		.4byte	.LASF8
 501 007b 03       		.uleb128 0x3
 502 007c D6020000 		.4byte	.LASF9
 503 0080 03       		.byte	0x3
 504 0081 50       		.byte	0x50
ARM GAS  C:\Users\z80\AppData\Local\Temp\ccB3emFg.s 			page 10


 505 0082 86000000 		.4byte	0x86
 506 0086 04       		.uleb128 0x4
 507 0087 04       		.byte	0x4
 508 0088 07       		.byte	0x7
 509 0089 53010000 		.4byte	.LASF10
 510 008d 04       		.uleb128 0x4
 511 008e 08       		.byte	0x8
 512 008f 05       		.byte	0x5
 513 0090 A1000000 		.4byte	.LASF11
 514 0094 03       		.uleb128 0x3
 515 0095 1C000000 		.4byte	.LASF12
 516 0099 03       		.byte	0x3
 517 009a 78       		.byte	0x78
 518 009b 9F000000 		.4byte	0x9f
 519 009f 04       		.uleb128 0x4
 520 00a0 08       		.byte	0x8
 521 00a1 07       		.byte	0x7
 522 00a2 3D000000 		.4byte	.LASF13
 523 00a6 04       		.uleb128 0x4
 524 00a7 01       		.byte	0x1
 525 00a8 02       		.byte	0x2
 526 00a9 48020000 		.4byte	.LASF14
 527 00ad 03       		.uleb128 0x3
 528 00ae 91010000 		.4byte	.LASF15
 529 00b2 04       		.byte	0x4
 530 00b3 2C       		.byte	0x2c
 531 00b4 49000000 		.4byte	0x49
 532 00b8 03       		.uleb128 0x3
 533 00b9 F8000000 		.4byte	.LASF16
 534 00bd 04       		.byte	0x4
 535 00be 2D       		.byte	0x2d
 536 00bf 49000000 		.4byte	0x49
 537 00c3 03       		.uleb128 0x3
 538 00c4 2C020000 		.4byte	.LASF17
 539 00c8 04       		.byte	0x4
 540 00c9 2E       		.byte	0x2e
 541 00ca 49000000 		.4byte	0x49
 542 00ce 03       		.uleb128 0x3
 543 00cf D1000000 		.4byte	.LASF18
 544 00d3 04       		.byte	0x4
 545 00d4 2F       		.byte	0x2f
 546 00d5 49000000 		.4byte	0x49
 547 00d9 03       		.uleb128 0x3
 548 00da 40020000 		.4byte	.LASF19
 549 00de 04       		.byte	0x4
 550 00df 30       		.byte	0x30
 551 00e0 7B000000 		.4byte	0x7b
 552 00e4 03       		.uleb128 0x3
 553 00e5 8B010000 		.4byte	.LASF20
 554 00e9 04       		.byte	0x4
 555 00ea 31       		.byte	0x31
 556 00eb 69000000 		.4byte	0x69
 557 00ef 03       		.uleb128 0x3
 558 00f0 A5010000 		.4byte	.LASF21
 559 00f4 04       		.byte	0x4
 560 00f5 33       		.byte	0x33
 561 00f6 7B000000 		.4byte	0x7b
ARM GAS  C:\Users\z80\AppData\Local\Temp\ccB3emFg.s 			page 11


 562 00fa 03       		.uleb128 0x3
 563 00fb F0020000 		.4byte	.LASF22
 564 00ff 04       		.byte	0x4
 565 0100 35       		.byte	0x35
 566 0101 7B000000 		.4byte	0x7b
 567 0105 03       		.uleb128 0x3
 568 0106 C4020000 		.4byte	.LASF23
 569 010a 05       		.byte	0x5
 570 010b 2A       		.byte	0x2a
 571 010c 10010000 		.4byte	0x110
 572 0110 05       		.uleb128 0x5
 573 0111 C4020000 		.4byte	.LASF23
 574 0115 48       		.byte	0x48
 575 0116 06       		.byte	0x6
 576 0117 5E       		.byte	0x5e
 577 0118 35020000 		.4byte	0x235
 578 011c 06       		.uleb128 0x6
 579 011d A8020000 		.4byte	.LASF24
 580 0121 06       		.byte	0x6
 581 0122 5F       		.byte	0x5f
 582 0123 5A020000 		.4byte	0x25a
 583 0127 02       		.byte	0x2
 584 0128 23       		.byte	0x23
 585 0129 00       		.uleb128 0x0
 586 012a 06       		.uleb128 0x6
 587 012b 39020000 		.4byte	.LASF25
 588 012f 06       		.byte	0x6
 589 0130 61       		.byte	0x61
 590 0131 5A020000 		.4byte	0x25a
 591 0135 02       		.byte	0x2
 592 0136 23       		.byte	0x23
 593 0137 04       		.uleb128 0x4
 594 0138 06       		.uleb128 0x6
 595 0139 9A000000 		.4byte	.LASF26
 596 013d 06       		.byte	0x6
 597 013e 63       		.byte	0x63
 598 013f D9000000 		.4byte	0xd9
 599 0143 02       		.byte	0x2
 600 0144 23       		.byte	0x23
 601 0145 08       		.uleb128 0x8
 602 0146 06       		.uleb128 0x6
 603 0147 5B030000 		.4byte	.LASF27
 604 014b 06       		.byte	0x6
 605 014c 64       		.byte	0x64
 606 014d 33030000 		.4byte	0x333
 607 0151 02       		.byte	0x2
 608 0152 23       		.byte	0x23
 609 0153 0C       		.uleb128 0xc
 610 0154 06       		.uleb128 0x6
 611 0155 09010000 		.4byte	.LASF28
 612 0159 06       		.byte	0x6
 613 015a 66       		.byte	0x66
 614 015b 5A020000 		.4byte	0x25a
 615 015f 02       		.byte	0x2
 616 0160 23       		.byte	0x23
 617 0161 10       		.uleb128 0x10
 618 0162 06       		.uleb128 0x6
ARM GAS  C:\Users\z80\AppData\Local\Temp\ccB3emFg.s 			page 12


 619 0163 F0010000 		.4byte	.LASF29
 620 0167 06       		.byte	0x6
 621 0168 67       		.byte	0x67
 622 0169 5A020000 		.4byte	0x25a
 623 016d 02       		.byte	0x2
 624 016e 23       		.byte	0x23
 625 016f 14       		.uleb128 0x14
 626 0170 06       		.uleb128 0x6
 627 0171 4C030000 		.4byte	.LASF30
 628 0175 06       		.byte	0x6
 629 0176 6E       		.byte	0x6e
 630 0177 0C050000 		.4byte	0x50c
 631 017b 02       		.byte	0x2
 632 017c 23       		.byte	0x23
 633 017d 18       		.uleb128 0x18
 634 017e 06       		.uleb128 0x6
 635 017f 83020000 		.4byte	.LASF31
 636 0183 06       		.byte	0x6
 637 0184 79       		.byte	0x79
 638 0185 B8000000 		.4byte	0xb8
 639 0189 02       		.byte	0x2
 640 018a 23       		.byte	0x23
 641 018b 1C       		.uleb128 0x1c
 642 018c 06       		.uleb128 0x6
 643 018d AF020000 		.4byte	.LASF32
 644 0191 06       		.byte	0x6
 645 0192 7D       		.byte	0x7d
 646 0193 AD000000 		.4byte	0xad
 647 0197 02       		.byte	0x2
 648 0198 23       		.byte	0x23
 649 0199 1D       		.uleb128 0x1d
 650 019a 06       		.uleb128 0x6
 651 019b 2A030000 		.4byte	.LASF33
 652 019f 06       		.byte	0x6
 653 01a0 82       		.byte	0x82
 654 01a1 C3000000 		.4byte	0xc3
 655 01a5 02       		.byte	0x2
 656 01a6 23       		.byte	0x23
 657 01a7 1E       		.uleb128 0x1e
 658 01a8 06       		.uleb128 0x6
 659 01a9 8B020000 		.4byte	.LASF34
 660 01ad 06       		.byte	0x6
 661 01ae 88       		.byte	0x88
 662 01af CE000000 		.4byte	0xce
 663 01b3 02       		.byte	0x2
 664 01b4 23       		.byte	0x23
 665 01b5 1F       		.uleb128 0x1f
 666 01b6 06       		.uleb128 0x6
 667 01b7 05030000 		.4byte	.LASF35
 668 01bb 06       		.byte	0x6
 669 01bc 8F       		.byte	0x8f
 670 01bd 59030000 		.4byte	0x359
 671 01c1 02       		.byte	0x2
 672 01c2 23       		.byte	0x23
 673 01c3 20       		.uleb128 0x20
 674 01c4 07       		.uleb128 0x7
 675 01c5 705F7500 		.ascii	"p_u\000"
ARM GAS  C:\Users\z80\AppData\Local\Temp\ccB3emFg.s 			page 13


 676 01c9 06       		.byte	0x6
 677 01ca B4       		.byte	0xb4
 678 01cb D7040000 		.4byte	0x4d7
 679 01cf 02       		.byte	0x2
 680 01d0 23       		.byte	0x23
 681 01d1 24       		.uleb128 0x24
 682 01d2 06       		.uleb128 0x6
 683 01d3 61030000 		.4byte	.LASF36
 684 01d7 06       		.byte	0x6
 685 01d8 B9       		.byte	0xb9
 686 01d9 82020000 		.4byte	0x282
 687 01dd 02       		.byte	0x2
 688 01de 23       		.byte	0x23
 689 01df 28       		.uleb128 0x28
 690 01e0 06       		.uleb128 0x6
 691 01e1 13030000 		.4byte	.LASF37
 692 01e5 06       		.byte	0x6
 693 01e6 BF       		.byte	0xbf
 694 01e7 60020000 		.4byte	0x260
 695 01eb 02       		.byte	0x2
 696 01ec 23       		.byte	0x23
 697 01ed 2C       		.uleb128 0x2c
 698 01ee 06       		.uleb128 0x6
 699 01ef 08000000 		.4byte	.LASF38
 700 01f3 06       		.byte	0x6
 701 01f4 C3       		.byte	0xc3
 702 01f5 E4000000 		.4byte	0xe4
 703 01f9 02       		.byte	0x2
 704 01fa 23       		.byte	0x23
 705 01fb 34       		.uleb128 0x34
 706 01fc 06       		.uleb128 0x6
 707 01fd CB020000 		.4byte	.LASF39
 708 0201 06       		.byte	0x6
 709 0202 C9       		.byte	0xc9
 710 0203 EF000000 		.4byte	0xef
 711 0207 02       		.byte	0x2
 712 0208 23       		.byte	0x23
 713 0209 38       		.uleb128 0x38
 714 020a 06       		.uleb128 0x6
 715 020b 6F020000 		.4byte	.LASF40
 716 020f 06       		.byte	0x6
 717 0210 D0       		.byte	0xd0
 718 0211 1E050000 		.4byte	0x51e
 719 0215 02       		.byte	0x2
 720 0216 23       		.byte	0x23
 721 0217 3C       		.uleb128 0x3c
 722 0218 06       		.uleb128 0x6
 723 0219 FA020000 		.4byte	.LASF41
 724 021d 06       		.byte	0x6
 725 021e D4       		.byte	0xd4
 726 021f D9000000 		.4byte	0xd9
 727 0223 02       		.byte	0x2
 728 0224 23       		.byte	0x23
 729 0225 40       		.uleb128 0x40
 730 0226 06       		.uleb128 0x6
 731 0227 C1000000 		.4byte	.LASF42
 732 022b 06       		.byte	0x6
ARM GAS  C:\Users\z80\AppData\Local\Temp\ccB3emFg.s 			page 14


 733 022c DA       		.byte	0xda
 734 022d 98020000 		.4byte	0x298
 735 0231 02       		.byte	0x2
 736 0232 23       		.byte	0x23
 737 0233 44       		.uleb128 0x44
 738 0234 00       		.byte	0x0
 739 0235 08       		.uleb128 0x8
 740 0236 08       		.byte	0x8
 741 0237 05       		.byte	0x5
 742 0238 61       		.byte	0x61
 743 0239 5A020000 		.4byte	0x25a
 744 023d 06       		.uleb128 0x6
 745 023e A8020000 		.4byte	.LASF24
 746 0242 05       		.byte	0x5
 747 0243 62       		.byte	0x62
 748 0244 5A020000 		.4byte	0x25a
 749 0248 02       		.byte	0x2
 750 0249 23       		.byte	0x23
 751 024a 00       		.uleb128 0x0
 752 024b 06       		.uleb128 0x6
 753 024c 39020000 		.4byte	.LASF25
 754 0250 05       		.byte	0x5
 755 0251 64       		.byte	0x64
 756 0252 5A020000 		.4byte	0x25a
 757 0256 02       		.byte	0x2
 758 0257 23       		.byte	0x23
 759 0258 04       		.uleb128 0x4
 760 0259 00       		.byte	0x0
 761 025a 09       		.uleb128 0x9
 762 025b 04       		.byte	0x4
 763 025c 05010000 		.4byte	0x105
 764 0260 03       		.uleb128 0x3
 765 0261 F8010000 		.4byte	.LASF43
 766 0265 05       		.byte	0x5
 767 0266 66       		.byte	0x66
 768 0267 35020000 		.4byte	0x235
 769 026b 08       		.uleb128 0x8
 770 026c 04       		.byte	0x4
 771 026d 05       		.byte	0x5
 772 026e 6B       		.byte	0x6b
 773 026f 82020000 		.4byte	0x282
 774 0273 06       		.uleb128 0x6
 775 0274 A8020000 		.4byte	.LASF24
 776 0278 05       		.byte	0x5
 777 0279 6D       		.byte	0x6d
 778 027a 5A020000 		.4byte	0x25a
 779 027e 02       		.byte	0x2
 780 027f 23       		.byte	0x23
 781 0280 00       		.uleb128 0x0
 782 0281 00       		.byte	0x0
 783 0282 03       		.uleb128 0x3
 784 0283 99010000 		.4byte	.LASF44
 785 0287 05       		.byte	0x5
 786 0288 70       		.byte	0x70
 787 0289 6B020000 		.4byte	0x26b
 788 028d 03       		.uleb128 0x3
 789 028e 37010000 		.4byte	.LASF45
ARM GAS  C:\Users\z80\AppData\Local\Temp\ccB3emFg.s 			page 15


 790 0292 07       		.byte	0x7
 791 0293 E5       		.byte	0xe5
 792 0294 98020000 		.4byte	0x298
 793 0298 0A       		.uleb128 0xa
 794 0299 04       		.byte	0x4
 795 029a 03       		.uleb128 0x3
 796 029b E5010000 		.4byte	.LASF46
 797 029f 07       		.byte	0x7
 798 02a0 EB       		.byte	0xeb
 799 02a1 94000000 		.4byte	0x94
 800 02a5 0B       		.uleb128 0xb
 801 02a6 0C030000 		.4byte	.LASF47
 802 02aa 24       		.byte	0x24
 803 02ab 07       		.byte	0x7
 804 02ac 0C01     		.2byte	0x10c
 805 02ae 33030000 		.4byte	0x333
 806 02b2 0C       		.uleb128 0xc
 807 02b3 723400   		.ascii	"r4\000"
 808 02b6 07       		.byte	0x7
 809 02b7 1F01     		.2byte	0x11f
 810 02b9 8D020000 		.4byte	0x28d
 811 02bd 02       		.byte	0x2
 812 02be 23       		.byte	0x23
 813 02bf 00       		.uleb128 0x0
 814 02c0 0C       		.uleb128 0xc
 815 02c1 723500   		.ascii	"r5\000"
 816 02c4 07       		.byte	0x7
 817 02c5 2001     		.2byte	0x120
 818 02c7 8D020000 		.4byte	0x28d
 819 02cb 02       		.byte	0x2
 820 02cc 23       		.byte	0x23
 821 02cd 04       		.uleb128 0x4
 822 02ce 0C       		.uleb128 0xc
 823 02cf 723600   		.ascii	"r6\000"
 824 02d2 07       		.byte	0x7
 825 02d3 2101     		.2byte	0x121
 826 02d5 8D020000 		.4byte	0x28d
 827 02d9 02       		.byte	0x2
 828 02da 23       		.byte	0x23
 829 02db 08       		.uleb128 0x8
 830 02dc 0C       		.uleb128 0xc
 831 02dd 723700   		.ascii	"r7\000"
 832 02e0 07       		.byte	0x7
 833 02e1 2201     		.2byte	0x122
 834 02e3 8D020000 		.4byte	0x28d
 835 02e7 02       		.byte	0x2
 836 02e8 23       		.byte	0x23
 837 02e9 0C       		.uleb128 0xc
 838 02ea 0C       		.uleb128 0xc
 839 02eb 723800   		.ascii	"r8\000"
 840 02ee 07       		.byte	0x7
 841 02ef 2301     		.2byte	0x123
 842 02f1 8D020000 		.4byte	0x28d
 843 02f5 02       		.byte	0x2
 844 02f6 23       		.byte	0x23
 845 02f7 10       		.uleb128 0x10
 846 02f8 0C       		.uleb128 0xc
ARM GAS  C:\Users\z80\AppData\Local\Temp\ccB3emFg.s 			page 16


 847 02f9 723900   		.ascii	"r9\000"
 848 02fc 07       		.byte	0x7
 849 02fd 2401     		.2byte	0x124
 850 02ff 8D020000 		.4byte	0x28d
 851 0303 02       		.byte	0x2
 852 0304 23       		.byte	0x23
 853 0305 14       		.uleb128 0x14
 854 0306 0C       		.uleb128 0xc
 855 0307 72313000 		.ascii	"r10\000"
 856 030b 07       		.byte	0x7
 857 030c 2501     		.2byte	0x125
 858 030e 8D020000 		.4byte	0x28d
 859 0312 02       		.byte	0x2
 860 0313 23       		.byte	0x23
 861 0314 18       		.uleb128 0x18
 862 0315 0C       		.uleb128 0xc
 863 0316 72313100 		.ascii	"r11\000"
 864 031a 07       		.byte	0x7
 865 031b 2601     		.2byte	0x126
 866 031d 8D020000 		.4byte	0x28d
 867 0321 02       		.byte	0x2
 868 0322 23       		.byte	0x23
 869 0323 1C       		.uleb128 0x1c
 870 0324 0C       		.uleb128 0xc
 871 0325 6C7200   		.ascii	"lr\000"
 872 0328 07       		.byte	0x7
 873 0329 2701     		.2byte	0x127
 874 032b 8D020000 		.4byte	0x28d
 875 032f 02       		.byte	0x2
 876 0330 23       		.byte	0x23
 877 0331 20       		.uleb128 0x20
 878 0332 00       		.byte	0x0
 879 0333 0B       		.uleb128 0xb
 880 0334 6B010000 		.4byte	.LASF48
 881 0338 04       		.byte	0x4
 882 0339 07       		.byte	0x7
 883 033a 3101     		.2byte	0x131
 884 033c 50030000 		.4byte	0x350
 885 0340 0C       		.uleb128 0xc
 886 0341 72313300 		.ascii	"r13\000"
 887 0345 07       		.byte	0x7
 888 0346 3201     		.2byte	0x132
 889 0348 50030000 		.4byte	0x350
 890 034c 02       		.byte	0x2
 891 034d 23       		.byte	0x23
 892 034e 00       		.uleb128 0x0
 893 034f 00       		.byte	0x0
 894 0350 09       		.uleb128 0x9
 895 0351 04       		.byte	0x4
 896 0352 A5020000 		.4byte	0x2a5
 897 0356 0D       		.uleb128 0xd
 898 0357 04       		.byte	0x4
 899 0358 07       		.byte	0x7
 900 0359 0E       		.uleb128 0xe
 901 035a FA000000 		.4byte	0xfa
 902 035e 05       		.uleb128 0x5
 903 035f 65010000 		.4byte	.LASF49
ARM GAS  C:\Users\z80\AppData\Local\Temp\ccB3emFg.s 			page 17


 904 0363 10       		.byte	0x10
 905 0364 08       		.byte	0x8
 906 0365 2C       		.byte	0x2c
 907 0366 95030000 		.4byte	0x395
 908 036a 06       		.uleb128 0x6
 909 036b C9000000 		.4byte	.LASF50
 910 036f 08       		.byte	0x8
 911 0370 2D       		.byte	0x2d
 912 0371 60020000 		.4byte	0x260
 913 0375 02       		.byte	0x2
 914 0376 23       		.byte	0x23
 915 0377 00       		.uleb128 0x0
 916 0378 06       		.uleb128 0x6
 917 0379 53030000 		.4byte	.LASF51
 918 037d 08       		.byte	0x8
 919 037e 2F       		.byte	0x2f
 920 037f 5A020000 		.4byte	0x25a
 921 0383 02       		.byte	0x2
 922 0384 23       		.byte	0x23
 923 0385 08       		.uleb128 0x8
 924 0386 06       		.uleb128 0x6
 925 0387 E9020000 		.4byte	.LASF52
 926 038b 08       		.byte	0x8
 927 038c 31       		.byte	0x31
 928 038d 95030000 		.4byte	0x395
 929 0391 02       		.byte	0x2
 930 0392 23       		.byte	0x23
 931 0393 0C       		.uleb128 0xc
 932 0394 00       		.byte	0x0
 933 0395 09       		.uleb128 0x9
 934 0396 04       		.byte	0x4
 935 0397 5E030000 		.4byte	0x35e
 936 039b 03       		.uleb128 0x3
 937 039c 65010000 		.4byte	.LASF49
 938 03a0 08       		.byte	0x8
 939 03a1 33       		.byte	0x33
 940 03a2 5E030000 		.4byte	0x35e
 941 03a6 03       		.uleb128 0x3
 942 03a7 30000000 		.4byte	.LASF53
 943 03ab 09       		.byte	0x9
 944 03ac 2C       		.byte	0x2c
 945 03ad B1030000 		.4byte	0x3b1
 946 03b1 09       		.uleb128 0x9
 947 03b2 04       		.byte	0x4
 948 03b3 B7030000 		.4byte	0x3b7
 949 03b7 0F       		.uleb128 0xf
 950 03b8 01       		.byte	0x1
 951 03b9 98020000 		.4byte	0x298
 952 03bd C7030000 		.4byte	0x3c7
 953 03c1 10       		.uleb128 0x10
 954 03c2 30000000 		.4byte	0x30
 955 03c6 00       		.byte	0x0
 956 03c7 03       		.uleb128 0x3
 957 03c8 19020000 		.4byte	.LASF54
 958 03cc 0A       		.byte	0xa
 959 03cd 34       		.byte	0x34
 960 03ce D2030000 		.4byte	0x3d2
ARM GAS  C:\Users\z80\AppData\Local\Temp\ccB3emFg.s 			page 18


 961 03d2 05       		.uleb128 0x5
 962 03d3 6B030000 		.4byte	.LASF55
 963 03d7 20       		.byte	0x20
 964 03d8 0A       		.byte	0xa
 965 03d9 47       		.byte	0x47
 966 03da 09040000 		.4byte	0x409
 967 03de 06       		.uleb128 0x6
 968 03df 64020000 		.4byte	.LASF56
 969 03e3 0A       		.byte	0xa
 970 03e4 48       		.byte	0x48
 971 03e5 A6030000 		.4byte	0x3a6
 972 03e9 02       		.byte	0x2
 973 03ea 23       		.byte	0x23
 974 03eb 00       		.uleb128 0x0
 975 03ec 06       		.uleb128 0x6
 976 03ed 5D000000 		.4byte	.LASF57
 977 03f1 0A       		.byte	0xa
 978 03f2 4A       		.byte	0x4a
 979 03f3 28040000 		.4byte	0x428
 980 03f7 02       		.byte	0x2
 981 03f8 23       		.byte	0x23
 982 03f9 08       		.uleb128 0x8
 983 03fa 06       		.uleb128 0x6
 984 03fb BB000000 		.4byte	.LASF58
 985 03ff 0A       		.byte	0xa
 986 0400 4C       		.byte	0x4c
 987 0401 9B030000 		.4byte	0x39b
 988 0405 02       		.byte	0x2
 989 0406 23       		.byte	0x23
 990 0407 10       		.uleb128 0x10
 991 0408 00       		.byte	0x0
 992 0409 11       		.uleb128 0x11
 993 040a 04       		.byte	0x4
 994 040b 0A       		.byte	0xa
 995 040c 3C       		.byte	0x3c
 996 040d 28040000 		.4byte	0x428
 997 0411 12       		.uleb128 0x12
 998 0412 95000000 		.4byte	.LASF59
 999 0416 0A       		.byte	0xa
 1000 0417 3D       		.byte	0x3d
 1001 0418 49040000 		.4byte	0x449
 1002 041c 12       		.uleb128 0x12
 1003 041d DF020000 		.4byte	.LASF60
 1004 0421 0A       		.byte	0xa
 1005 0422 3E       		.byte	0x3e
 1006 0423 4F040000 		.4byte	0x44f
 1007 0427 00       		.byte	0x0
 1008 0428 13       		.uleb128 0x13
 1009 0429 95020000 		.4byte	.LASF84
 1010 042d 08       		.byte	0x8
 1011 042e 0A       		.byte	0xa
 1012 042f 39       		.byte	0x39
 1013 0430 49040000 		.4byte	0x449
 1014 0434 12       		.uleb128 0x12
 1015 0435 40010000 		.4byte	.LASF61
 1016 0439 0A       		.byte	0xa
 1017 043a 3A       		.byte	0x3a
ARM GAS  C:\Users\z80\AppData\Local\Temp\ccB3emFg.s 			page 19


 1018 043b 9A020000 		.4byte	0x29a
 1019 043f 14       		.uleb128 0x14
 1020 0440 6800     		.ascii	"h\000"
 1021 0442 0A       		.byte	0xa
 1022 0443 41       		.byte	0x41
 1023 0444 55040000 		.4byte	0x455
 1024 0448 00       		.byte	0x0
 1025 0449 09       		.uleb128 0x9
 1026 044a 04       		.byte	0x4
 1027 044b 28040000 		.4byte	0x428
 1028 044f 09       		.uleb128 0x9
 1029 0450 04       		.byte	0x4
 1030 0451 C7030000 		.4byte	0x3c7
 1031 0455 08       		.uleb128 0x8
 1032 0456 08       		.byte	0x8
 1033 0457 0A       		.byte	0xa
 1034 0458 3B       		.byte	0x3b
 1035 0459 78040000 		.4byte	0x478
 1036 045d 07       		.uleb128 0x7
 1037 045e 7500     		.ascii	"u\000"
 1038 0460 0A       		.byte	0xa
 1039 0461 3F       		.byte	0x3f
 1040 0462 09040000 		.4byte	0x409
 1041 0466 02       		.byte	0x2
 1042 0467 23       		.byte	0x23
 1043 0468 00       		.uleb128 0x0
 1044 0469 06       		.uleb128 0x6
 1045 046a 73010000 		.4byte	.LASF62
 1046 046e 0A       		.byte	0xa
 1047 046f 40       		.byte	0x40
 1048 0470 30000000 		.4byte	0x30
 1049 0474 02       		.byte	0x2
 1050 0475 23       		.byte	0x23
 1051 0476 04       		.uleb128 0x4
 1052 0477 00       		.byte	0x0
 1053 0478 05       		.uleb128 0x5
 1054 0479 1E030000 		.4byte	.LASF63
 1055 047d 04       		.byte	0x4
 1056 047e 0B       		.byte	0xb
 1057 047f 2C       		.byte	0x2c
 1058 0480 93040000 		.4byte	0x493
 1059 0484 06       		.uleb128 0x6
 1060 0485 24020000 		.4byte	.LASF64
 1061 0489 0B       		.byte	0xb
 1062 048a 2D       		.byte	0x2d
 1063 048b 93040000 		.4byte	0x493
 1064 048f 02       		.byte	0x2
 1065 0490 23       		.byte	0x23
 1066 0491 00       		.uleb128 0x0
 1067 0492 00       		.byte	0x0
 1068 0493 09       		.uleb128 0x9
 1069 0494 04       		.byte	0x4
 1070 0495 78040000 		.4byte	0x478
 1071 0499 08       		.uleb128 0x8
 1072 049a 0C       		.byte	0xc
 1073 049b 0B       		.byte	0xb
 1074 049c 34       		.byte	0x34
ARM GAS  C:\Users\z80\AppData\Local\Temp\ccB3emFg.s 			page 20


 1075 049d CC040000 		.4byte	0x4cc
 1076 04a1 06       		.uleb128 0x6
 1077 04a2 01010000 		.4byte	.LASF65
 1078 04a6 0B       		.byte	0xb
 1079 04a7 35       		.byte	0x35
 1080 04a8 93040000 		.4byte	0x493
 1081 04ac 02       		.byte	0x2
 1082 04ad 23       		.byte	0x23
 1083 04ae 00       		.uleb128 0x0
 1084 04af 06       		.uleb128 0x6
 1085 04b0 05020000 		.4byte	.LASF66
 1086 04b4 0B       		.byte	0xb
 1087 04b5 36       		.byte	0x36
 1088 04b6 30000000 		.4byte	0x30
 1089 04ba 02       		.byte	0x2
 1090 04bb 23       		.byte	0x23
 1091 04bc 04       		.uleb128 0x4
 1092 04bd 06       		.uleb128 0x6
 1093 04be 2B010000 		.4byte	.LASF67
 1094 04c2 0B       		.byte	0xb
 1095 04c3 38       		.byte	0x38
 1096 04c4 A6030000 		.4byte	0x3a6
 1097 04c8 02       		.byte	0x2
 1098 04c9 23       		.byte	0x23
 1099 04ca 08       		.uleb128 0x8
 1100 04cb 00       		.byte	0x0
 1101 04cc 03       		.uleb128 0x3
 1102 04cd 25000000 		.4byte	.LASF68
 1103 04d1 0B       		.byte	0xb
 1104 04d2 3A       		.byte	0x3a
 1105 04d3 99040000 		.4byte	0x499
 1106 04d7 11       		.uleb128 0x11
 1107 04d8 04       		.byte	0x4
 1108 04d9 06       		.byte	0x6
 1109 04da 96       		.byte	0x96
 1110 04db 0C050000 		.4byte	0x50c
 1111 04df 12       		.uleb128 0x12
 1112 04e0 15000000 		.4byte	.LASF69
 1113 04e4 06       		.byte	0x6
 1114 04e5 9D       		.byte	0x9d
 1115 04e6 E4000000 		.4byte	0xe4
 1116 04ea 12       		.uleb128 0x12
 1117 04eb 54000000 		.4byte	.LASF70
 1118 04ef 06       		.byte	0x6
 1119 04f0 A4       		.byte	0xa4
 1120 04f1 E4000000 		.4byte	0xe4
 1121 04f5 12       		.uleb128 0x12
 1122 04f6 45030000 		.4byte	.LASF71
 1123 04fa 06       		.byte	0x6
 1124 04fb AB       		.byte	0xab
 1125 04fc 98020000 		.4byte	0x298
 1126 0500 12       		.uleb128 0x12
 1127 0501 A1020000 		.4byte	.LASF72
 1128 0505 06       		.byte	0x6
 1129 0506 B2       		.byte	0xb2
 1130 0507 EF000000 		.4byte	0xef
 1131 050b 00       		.byte	0x0
ARM GAS  C:\Users\z80\AppData\Local\Temp\ccB3emFg.s 			page 21


 1132 050c 09       		.uleb128 0x9
 1133 050d 04       		.byte	0x4
 1134 050e 12050000 		.4byte	0x512
 1135 0512 15       		.uleb128 0x15
 1136 0513 17050000 		.4byte	0x517
 1137 0517 04       		.uleb128 0x4
 1138 0518 01       		.byte	0x1
 1139 0519 08       		.byte	0x8
 1140 051a E4020000 		.4byte	.LASF73
 1141 051e 09       		.uleb128 0x9
 1142 051f 04       		.byte	0x4
 1143 0520 9B030000 		.4byte	0x39b
 1144 0524 03       		.uleb128 0x3
 1145 0525 00000000 		.4byte	.LASF74
 1146 0529 06       		.byte	0x6
 1147 052a E5       		.byte	0xe5
 1148 052b 2F050000 		.4byte	0x52f
 1149 052f 09       		.uleb128 0x9
 1150 0530 04       		.byte	0x4
 1151 0531 35050000 		.4byte	0x535
 1152 0535 0F       		.uleb128 0xf
 1153 0536 01       		.byte	0x1
 1154 0537 E4000000 		.4byte	0xe4
 1155 053b 45050000 		.4byte	0x545
 1156 053f 10       		.uleb128 0x10
 1157 0540 98020000 		.4byte	0x298
 1158 0544 00       		.byte	0x0
 1159 0545 16       		.uleb128 0x16
 1160 0546 01       		.byte	0x1
 1161 0547 D9010000 		.4byte	.LASF76
 1162 054b 01       		.byte	0x1
 1163 054c 34       		.byte	0x34
 1164 054d 01       		.byte	0x1
 1165 054e 5A020000 		.4byte	0x25a
 1166 0552 00000000 		.4byte	.LFB7
 1167 0556 30000000 		.4byte	.LFE7
 1168 055a 00000000 		.4byte	.LLST0
 1169 055e A2050000 		.4byte	0x5a2
 1170 0562 17       		.uleb128 0x17
 1171 0563 747000   		.ascii	"tp\000"
 1172 0566 01       		.byte	0x1
 1173 0567 34       		.byte	0x34
 1174 0568 5A020000 		.4byte	0x25a
 1175 056c 02       		.byte	0x2
 1176 056d 91       		.byte	0x91
 1177 056e 7C       		.sleb128 -4
 1178 056f 18       		.uleb128 0x18
 1179 0570 04000000 		.4byte	.LBB2
 1180 0574 0C000000 		.4byte	.LBE2
 1181 0578 8A050000 		.4byte	0x58a
 1182 057c 19       		.uleb128 0x19
 1183 057d 746D7000 		.ascii	"tmp\000"
 1184 0581 01       		.byte	0x1
 1185 0582 36       		.byte	0x36
 1186 0583 7B000000 		.4byte	0x7b
 1187 0587 01       		.byte	0x1
 1188 0588 53       		.byte	0x53
ARM GAS  C:\Users\z80\AppData\Local\Temp\ccB3emFg.s 			page 22


 1189 0589 00       		.byte	0x0
 1190 058a 1A       		.uleb128 0x1a
 1191 058b 20000000 		.4byte	.LBB3
 1192 058f 28000000 		.4byte	.LBE3
 1193 0593 19       		.uleb128 0x19
 1194 0594 746D7000 		.ascii	"tmp\000"
 1195 0598 01       		.byte	0x1
 1196 0599 39       		.byte	0x39
 1197 059a 7B000000 		.4byte	0x7b
 1198 059e 01       		.byte	0x1
 1199 059f 53       		.byte	0x53
 1200 05a0 00       		.byte	0x0
 1201 05a1 00       		.byte	0x0
 1202 05a2 1B       		.uleb128 0x1b
 1203 05a3 01       		.byte	0x1
 1204 05a4 B7020000 		.4byte	.LASF85
 1205 05a8 01       		.byte	0x1
 1206 05a9 4A       		.byte	0x4a
 1207 05aa 01       		.byte	0x1
 1208 05ab 00000000 		.4byte	.LFB8
 1209 05af 96000000 		.4byte	.LFE8
 1210 05b3 20000000 		.4byte	.LLST1
 1211 05b7 09060000 		.4byte	0x609
 1212 05bb 17       		.uleb128 0x17
 1213 05bc 747000   		.ascii	"tp\000"
 1214 05bf 01       		.byte	0x1
 1215 05c0 4A       		.byte	0x4a
 1216 05c1 5A020000 		.4byte	0x25a
 1217 05c5 02       		.byte	0x2
 1218 05c6 91       		.byte	0x91
 1219 05c7 6C       		.sleb128 -20
 1220 05c8 1C       		.uleb128 0x1c
 1221 05c9 34020000 		.4byte	.LASF75
 1222 05cd 01       		.byte	0x1
 1223 05ce 4B       		.byte	0x4b
 1224 05cf C3000000 		.4byte	0xc3
 1225 05d3 02       		.byte	0x2
 1226 05d4 91       		.byte	0x91
 1227 05d5 77       		.sleb128 -9
 1228 05d6 18       		.uleb128 0x18
 1229 05d7 06000000 		.4byte	.LBB4
 1230 05db 0E000000 		.4byte	.LBE4
 1231 05df F1050000 		.4byte	0x5f1
 1232 05e3 19       		.uleb128 0x19
 1233 05e4 746D7000 		.ascii	"tmp\000"
 1234 05e8 01       		.byte	0x1
 1235 05e9 4D       		.byte	0x4d
 1236 05ea 7B000000 		.4byte	0x7b
 1237 05ee 01       		.byte	0x1
 1238 05ef 53       		.byte	0x53
 1239 05f0 00       		.byte	0x0
 1240 05f1 1A       		.uleb128 0x1a
 1241 05f2 2A000000 		.4byte	.LBB5
 1242 05f6 32000000 		.4byte	.LBE5
 1243 05fa 19       		.uleb128 0x19
 1244 05fb 746D7000 		.ascii	"tmp\000"
 1245 05ff 01       		.byte	0x1
ARM GAS  C:\Users\z80\AppData\Local\Temp\ccB3emFg.s 			page 23


 1246 0600 50       		.byte	0x50
 1247 0601 7B000000 		.4byte	0x7b
 1248 0605 01       		.byte	0x1
 1249 0606 53       		.byte	0x53
 1250 0607 00       		.byte	0x0
 1251 0608 00       		.byte	0x0
 1252 0609 16       		.uleb128 0x16
 1253 060a 01       		.byte	0x1
 1254 060b E4000000 		.4byte	.LASF77
 1255 060f 01       		.byte	0x1
 1256 0610 82       		.byte	0x82
 1257 0611 01       		.byte	0x1
 1258 0612 5A020000 		.4byte	0x25a
 1259 0616 00000000 		.4byte	.LFB9
 1260 061a 62000000 		.4byte	.LFE9
 1261 061e 4C000000 		.4byte	.LLST2
 1262 0622 B9060000 		.4byte	0x6b9
 1263 0626 1D       		.uleb128 0x1d
 1264 0627 64000000 		.4byte	.LASF78
 1265 062b 01       		.byte	0x1
 1266 062c 82       		.byte	0x82
 1267 062d 4F040000 		.4byte	0x44f
 1268 0631 02       		.byte	0x2
 1269 0632 91       		.byte	0x91
 1270 0633 6C       		.sleb128 -20
 1271 0634 1D       		.uleb128 0x1d
 1272 0635 73010000 		.4byte	.LASF62
 1273 0639 01       		.byte	0x1
 1274 063a 82       		.byte	0x82
 1275 063b 30000000 		.4byte	0x30
 1276 063f 02       		.byte	0x2
 1277 0640 91       		.byte	0x91
 1278 0641 68       		.sleb128 -24
 1279 0642 1D       		.uleb128 0x1d
 1280 0643 14020000 		.4byte	.LASF79
 1281 0647 01       		.byte	0x1
 1282 0648 83       		.byte	0x83
 1283 0649 D9000000 		.4byte	0xd9
 1284 064d 02       		.byte	0x2
 1285 064e 91       		.byte	0x91
 1286 064f 64       		.sleb128 -28
 1287 0650 17       		.uleb128 0x17
 1288 0651 706600   		.ascii	"pf\000"
 1289 0654 01       		.byte	0x1
 1290 0655 83       		.byte	0x83
 1291 0656 24050000 		.4byte	0x524
 1292 065a 02       		.byte	0x2
 1293 065b 91       		.byte	0x91
 1294 065c 60       		.sleb128 -32
 1295 065d 17       		.uleb128 0x17
 1296 065e 61726700 		.ascii	"arg\000"
 1297 0662 01       		.byte	0x1
 1298 0663 83       		.byte	0x83
 1299 0664 98020000 		.4byte	0x298
 1300 0668 02       		.byte	0x2
 1301 0669 91       		.byte	0x91
 1302 066a 00       		.sleb128 0
ARM GAS  C:\Users\z80\AppData\Local\Temp\ccB3emFg.s 			page 24


 1303 066b 19       		.uleb128 0x19
 1304 066c 77737000 		.ascii	"wsp\000"
 1305 0670 01       		.byte	0x1
 1306 0671 84       		.byte	0x84
 1307 0672 98020000 		.4byte	0x298
 1308 0676 02       		.byte	0x2
 1309 0677 91       		.byte	0x91
 1310 0678 74       		.sleb128 -12
 1311 0679 19       		.uleb128 0x19
 1312 067a 747000   		.ascii	"tp\000"
 1313 067d 01       		.byte	0x1
 1314 067e 85       		.byte	0x85
 1315 067f 5A020000 		.4byte	0x25a
 1316 0683 02       		.byte	0x2
 1317 0684 91       		.byte	0x91
 1318 0685 70       		.sleb128 -16
 1319 0686 18       		.uleb128 0x18
 1320 0687 24000000 		.4byte	.LBB6
 1321 068b 2C000000 		.4byte	.LBE6
 1322 068f A1060000 		.4byte	0x6a1
 1323 0693 19       		.uleb128 0x19
 1324 0694 746D7000 		.ascii	"tmp\000"
 1325 0698 01       		.byte	0x1
 1326 0699 94       		.byte	0x94
 1327 069a 7B000000 		.4byte	0x7b
 1328 069e 01       		.byte	0x1
 1329 069f 53       		.byte	0x53
 1330 06a0 00       		.byte	0x0
 1331 06a1 1A       		.uleb128 0x1a
 1332 06a2 52000000 		.4byte	.LBB7
 1333 06a6 5A000000 		.4byte	.LBE7
 1334 06aa 19       		.uleb128 0x19
 1335 06ab 746D7000 		.ascii	"tmp\000"
 1336 06af 01       		.byte	0x1
 1337 06b0 98       		.byte	0x98
 1338 06b1 7B000000 		.4byte	0x7b
 1339 06b5 01       		.byte	0x1
 1340 06b6 53       		.byte	0x53
 1341 06b7 00       		.byte	0x0
 1342 06b8 00       		.byte	0x0
 1343 06b9 16       		.uleb128 0x16
 1344 06ba 01       		.byte	0x1
 1345 06bb 11010000 		.4byte	.LASF80
 1346 06bf 01       		.byte	0x1
 1347 06c0 B3       		.byte	0xb3
 1348 06c1 01       		.byte	0x1
 1349 06c2 5A020000 		.4byte	0x25a
 1350 06c6 00000000 		.4byte	.LFB10
 1351 06ca 6E000000 		.4byte	.LFE10
 1352 06ce 78000000 		.4byte	.LLST3
 1353 06d2 5A070000 		.4byte	0x75a
 1354 06d6 17       		.uleb128 0x17
 1355 06d7 6D7000   		.ascii	"mp\000"
 1356 06da 01       		.byte	0x1
 1357 06db B3       		.byte	0xb3
 1358 06dc 5A070000 		.4byte	0x75a
 1359 06e0 02       		.byte	0x2
ARM GAS  C:\Users\z80\AppData\Local\Temp\ccB3emFg.s 			page 25


 1360 06e1 91       		.byte	0x91
 1361 06e2 6C       		.sleb128 -20
 1362 06e3 1D       		.uleb128 0x1d
 1363 06e4 14020000 		.4byte	.LASF79
 1364 06e8 01       		.byte	0x1
 1365 06e9 B3       		.byte	0xb3
 1366 06ea D9000000 		.4byte	0xd9
 1367 06ee 02       		.byte	0x2
 1368 06ef 91       		.byte	0x91
 1369 06f0 68       		.sleb128 -24
 1370 06f1 17       		.uleb128 0x17
 1371 06f2 706600   		.ascii	"pf\000"
 1372 06f5 01       		.byte	0x1
 1373 06f6 B4       		.byte	0xb4
 1374 06f7 24050000 		.4byte	0x524
 1375 06fb 02       		.byte	0x2
 1376 06fc 91       		.byte	0x91
 1377 06fd 64       		.sleb128 -28
 1378 06fe 17       		.uleb128 0x17
 1379 06ff 61726700 		.ascii	"arg\000"
 1380 0703 01       		.byte	0x1
 1381 0704 B4       		.byte	0xb4
 1382 0705 98020000 		.4byte	0x298
 1383 0709 02       		.byte	0x2
 1384 070a 91       		.byte	0x91
 1385 070b 60       		.sleb128 -32
 1386 070c 19       		.uleb128 0x19
 1387 070d 77737000 		.ascii	"wsp\000"
 1388 0711 01       		.byte	0x1
 1389 0712 B5       		.byte	0xb5
 1390 0713 98020000 		.4byte	0x298
 1391 0717 02       		.byte	0x2
 1392 0718 91       		.byte	0x91
 1393 0719 74       		.sleb128 -12
 1394 071a 19       		.uleb128 0x19
 1395 071b 747000   		.ascii	"tp\000"
 1396 071e 01       		.byte	0x1
 1397 071f B6       		.byte	0xb6
 1398 0720 5A020000 		.4byte	0x25a
 1399 0724 02       		.byte	0x2
 1400 0725 91       		.byte	0x91
 1401 0726 70       		.sleb128 -16
 1402 0727 18       		.uleb128 0x18
 1403 0728 26000000 		.4byte	.LBB8
 1404 072c 2E000000 		.4byte	.LBE8
 1405 0730 42070000 		.4byte	0x742
 1406 0734 19       		.uleb128 0x19
 1407 0735 746D7000 		.ascii	"tmp\000"
 1408 0739 01       		.byte	0x1
 1409 073a C7       		.byte	0xc7
 1410 073b 7B000000 		.4byte	0x7b
 1411 073f 01       		.byte	0x1
 1412 0740 53       		.byte	0x53
 1413 0741 00       		.byte	0x0
 1414 0742 1A       		.uleb128 0x1a
 1415 0743 5E000000 		.4byte	.LBB9
 1416 0747 66000000 		.4byte	.LBE9
ARM GAS  C:\Users\z80\AppData\Local\Temp\ccB3emFg.s 			page 26


 1417 074b 19       		.uleb128 0x19
 1418 074c 746D7000 		.ascii	"tmp\000"
 1419 0750 01       		.byte	0x1
 1420 0751 CC       		.byte	0xcc
 1421 0752 7B000000 		.4byte	0x7b
 1422 0756 01       		.byte	0x1
 1423 0757 53       		.byte	0x53
 1424 0758 00       		.byte	0x0
 1425 0759 00       		.byte	0x0
 1426 075a 09       		.uleb128 0x9
 1427 075b 04       		.byte	0x4
 1428 075c CC040000 		.4byte	0x4cc
 1429 0760 00       		.byte	0x0
 1430              		.section	.debug_abbrev
 1431 0000 01       		.uleb128 0x1
 1432 0001 11       		.uleb128 0x11
 1433 0002 01       		.byte	0x1
 1434 0003 25       		.uleb128 0x25
 1435 0004 0E       		.uleb128 0xe
 1436 0005 13       		.uleb128 0x13
 1437 0006 0B       		.uleb128 0xb
 1438 0007 03       		.uleb128 0x3
 1439 0008 0E       		.uleb128 0xe
 1440 0009 1B       		.uleb128 0x1b
 1441 000a 0E       		.uleb128 0xe
 1442 000b 11       		.uleb128 0x11
 1443 000c 01       		.uleb128 0x1
 1444 000d 52       		.uleb128 0x52
 1445 000e 01       		.uleb128 0x1
 1446 000f 55       		.uleb128 0x55
 1447 0010 06       		.uleb128 0x6
 1448 0011 10       		.uleb128 0x10
 1449 0012 06       		.uleb128 0x6
 1450 0013 00       		.byte	0x0
 1451 0014 00       		.byte	0x0
 1452 0015 02       		.uleb128 0x2
 1453 0016 24       		.uleb128 0x24
 1454 0017 00       		.byte	0x0
 1455 0018 0B       		.uleb128 0xb
 1456 0019 0B       		.uleb128 0xb
 1457 001a 3E       		.uleb128 0x3e
 1458 001b 0B       		.uleb128 0xb
 1459 001c 03       		.uleb128 0x3
 1460 001d 08       		.uleb128 0x8
 1461 001e 00       		.byte	0x0
 1462 001f 00       		.byte	0x0
 1463 0020 03       		.uleb128 0x3
 1464 0021 16       		.uleb128 0x16
 1465 0022 00       		.byte	0x0
 1466 0023 03       		.uleb128 0x3
 1467 0024 0E       		.uleb128 0xe
 1468 0025 3A       		.uleb128 0x3a
 1469 0026 0B       		.uleb128 0xb
 1470 0027 3B       		.uleb128 0x3b
 1471 0028 0B       		.uleb128 0xb
 1472 0029 49       		.uleb128 0x49
 1473 002a 13       		.uleb128 0x13
ARM GAS  C:\Users\z80\AppData\Local\Temp\ccB3emFg.s 			page 27


 1474 002b 00       		.byte	0x0
 1475 002c 00       		.byte	0x0
 1476 002d 04       		.uleb128 0x4
 1477 002e 24       		.uleb128 0x24
 1478 002f 00       		.byte	0x0
 1479 0030 0B       		.uleb128 0xb
 1480 0031 0B       		.uleb128 0xb
 1481 0032 3E       		.uleb128 0x3e
 1482 0033 0B       		.uleb128 0xb
 1483 0034 03       		.uleb128 0x3
 1484 0035 0E       		.uleb128 0xe
 1485 0036 00       		.byte	0x0
 1486 0037 00       		.byte	0x0
 1487 0038 05       		.uleb128 0x5
 1488 0039 13       		.uleb128 0x13
 1489 003a 01       		.byte	0x1
 1490 003b 03       		.uleb128 0x3
 1491 003c 0E       		.uleb128 0xe
 1492 003d 0B       		.uleb128 0xb
 1493 003e 0B       		.uleb128 0xb
 1494 003f 3A       		.uleb128 0x3a
 1495 0040 0B       		.uleb128 0xb
 1496 0041 3B       		.uleb128 0x3b
 1497 0042 0B       		.uleb128 0xb
 1498 0043 01       		.uleb128 0x1
 1499 0044 13       		.uleb128 0x13
 1500 0045 00       		.byte	0x0
 1501 0046 00       		.byte	0x0
 1502 0047 06       		.uleb128 0x6
 1503 0048 0D       		.uleb128 0xd
 1504 0049 00       		.byte	0x0
 1505 004a 03       		.uleb128 0x3
 1506 004b 0E       		.uleb128 0xe
 1507 004c 3A       		.uleb128 0x3a
 1508 004d 0B       		.uleb128 0xb
 1509 004e 3B       		.uleb128 0x3b
 1510 004f 0B       		.uleb128 0xb
 1511 0050 49       		.uleb128 0x49
 1512 0051 13       		.uleb128 0x13
 1513 0052 38       		.uleb128 0x38
 1514 0053 0A       		.uleb128 0xa
 1515 0054 00       		.byte	0x0
 1516 0055 00       		.byte	0x0
 1517 0056 07       		.uleb128 0x7
 1518 0057 0D       		.uleb128 0xd
 1519 0058 00       		.byte	0x0
 1520 0059 03       		.uleb128 0x3
 1521 005a 08       		.uleb128 0x8
 1522 005b 3A       		.uleb128 0x3a
 1523 005c 0B       		.uleb128 0xb
 1524 005d 3B       		.uleb128 0x3b
 1525 005e 0B       		.uleb128 0xb
 1526 005f 49       		.uleb128 0x49
 1527 0060 13       		.uleb128 0x13
 1528 0061 38       		.uleb128 0x38
 1529 0062 0A       		.uleb128 0xa
 1530 0063 00       		.byte	0x0
ARM GAS  C:\Users\z80\AppData\Local\Temp\ccB3emFg.s 			page 28


 1531 0064 00       		.byte	0x0
 1532 0065 08       		.uleb128 0x8
 1533 0066 13       		.uleb128 0x13
 1534 0067 01       		.byte	0x1
 1535 0068 0B       		.uleb128 0xb
 1536 0069 0B       		.uleb128 0xb
 1537 006a 3A       		.uleb128 0x3a
 1538 006b 0B       		.uleb128 0xb
 1539 006c 3B       		.uleb128 0x3b
 1540 006d 0B       		.uleb128 0xb
 1541 006e 01       		.uleb128 0x1
 1542 006f 13       		.uleb128 0x13
 1543 0070 00       		.byte	0x0
 1544 0071 00       		.byte	0x0
 1545 0072 09       		.uleb128 0x9
 1546 0073 0F       		.uleb128 0xf
 1547 0074 00       		.byte	0x0
 1548 0075 0B       		.uleb128 0xb
 1549 0076 0B       		.uleb128 0xb
 1550 0077 49       		.uleb128 0x49
 1551 0078 13       		.uleb128 0x13
 1552 0079 00       		.byte	0x0
 1553 007a 00       		.byte	0x0
 1554 007b 0A       		.uleb128 0xa
 1555 007c 0F       		.uleb128 0xf
 1556 007d 00       		.byte	0x0
 1557 007e 0B       		.uleb128 0xb
 1558 007f 0B       		.uleb128 0xb
 1559 0080 00       		.byte	0x0
 1560 0081 00       		.byte	0x0
 1561 0082 0B       		.uleb128 0xb
 1562 0083 13       		.uleb128 0x13
 1563 0084 01       		.byte	0x1
 1564 0085 03       		.uleb128 0x3
 1565 0086 0E       		.uleb128 0xe
 1566 0087 0B       		.uleb128 0xb
 1567 0088 0B       		.uleb128 0xb
 1568 0089 3A       		.uleb128 0x3a
 1569 008a 0B       		.uleb128 0xb
 1570 008b 3B       		.uleb128 0x3b
 1571 008c 05       		.uleb128 0x5
 1572 008d 01       		.uleb128 0x1
 1573 008e 13       		.uleb128 0x13
 1574 008f 00       		.byte	0x0
 1575 0090 00       		.byte	0x0
 1576 0091 0C       		.uleb128 0xc
 1577 0092 0D       		.uleb128 0xd
 1578 0093 00       		.byte	0x0
 1579 0094 03       		.uleb128 0x3
 1580 0095 08       		.uleb128 0x8
 1581 0096 3A       		.uleb128 0x3a
 1582 0097 0B       		.uleb128 0xb
 1583 0098 3B       		.uleb128 0x3b
 1584 0099 05       		.uleb128 0x5
 1585 009a 49       		.uleb128 0x49
 1586 009b 13       		.uleb128 0x13
 1587 009c 38       		.uleb128 0x38
ARM GAS  C:\Users\z80\AppData\Local\Temp\ccB3emFg.s 			page 29


 1588 009d 0A       		.uleb128 0xa
 1589 009e 00       		.byte	0x0
 1590 009f 00       		.byte	0x0
 1591 00a0 0D       		.uleb128 0xd
 1592 00a1 24       		.uleb128 0x24
 1593 00a2 00       		.byte	0x0
 1594 00a3 0B       		.uleb128 0xb
 1595 00a4 0B       		.uleb128 0xb
 1596 00a5 3E       		.uleb128 0x3e
 1597 00a6 0B       		.uleb128 0xb
 1598 00a7 00       		.byte	0x0
 1599 00a8 00       		.byte	0x0
 1600 00a9 0E       		.uleb128 0xe
 1601 00aa 35       		.uleb128 0x35
 1602 00ab 00       		.byte	0x0
 1603 00ac 49       		.uleb128 0x49
 1604 00ad 13       		.uleb128 0x13
 1605 00ae 00       		.byte	0x0
 1606 00af 00       		.byte	0x0
 1607 00b0 0F       		.uleb128 0xf
 1608 00b1 15       		.uleb128 0x15
 1609 00b2 01       		.byte	0x1
 1610 00b3 27       		.uleb128 0x27
 1611 00b4 0C       		.uleb128 0xc
 1612 00b5 49       		.uleb128 0x49
 1613 00b6 13       		.uleb128 0x13
 1614 00b7 01       		.uleb128 0x1
 1615 00b8 13       		.uleb128 0x13
 1616 00b9 00       		.byte	0x0
 1617 00ba 00       		.byte	0x0
 1618 00bb 10       		.uleb128 0x10
 1619 00bc 05       		.uleb128 0x5
 1620 00bd 00       		.byte	0x0
 1621 00be 49       		.uleb128 0x49
 1622 00bf 13       		.uleb128 0x13
 1623 00c0 00       		.byte	0x0
 1624 00c1 00       		.byte	0x0
 1625 00c2 11       		.uleb128 0x11
 1626 00c3 17       		.uleb128 0x17
 1627 00c4 01       		.byte	0x1
 1628 00c5 0B       		.uleb128 0xb
 1629 00c6 0B       		.uleb128 0xb
 1630 00c7 3A       		.uleb128 0x3a
 1631 00c8 0B       		.uleb128 0xb
 1632 00c9 3B       		.uleb128 0x3b
 1633 00ca 0B       		.uleb128 0xb
 1634 00cb 01       		.uleb128 0x1
 1635 00cc 13       		.uleb128 0x13
 1636 00cd 00       		.byte	0x0
 1637 00ce 00       		.byte	0x0
 1638 00cf 12       		.uleb128 0x12
 1639 00d0 0D       		.uleb128 0xd
 1640 00d1 00       		.byte	0x0
 1641 00d2 03       		.uleb128 0x3
 1642 00d3 0E       		.uleb128 0xe
 1643 00d4 3A       		.uleb128 0x3a
 1644 00d5 0B       		.uleb128 0xb
ARM GAS  C:\Users\z80\AppData\Local\Temp\ccB3emFg.s 			page 30


 1645 00d6 3B       		.uleb128 0x3b
 1646 00d7 0B       		.uleb128 0xb
 1647 00d8 49       		.uleb128 0x49
 1648 00d9 13       		.uleb128 0x13
 1649 00da 00       		.byte	0x0
 1650 00db 00       		.byte	0x0
 1651 00dc 13       		.uleb128 0x13
 1652 00dd 17       		.uleb128 0x17
 1653 00de 01       		.byte	0x1
 1654 00df 03       		.uleb128 0x3
 1655 00e0 0E       		.uleb128 0xe
 1656 00e1 0B       		.uleb128 0xb
 1657 00e2 0B       		.uleb128 0xb
 1658 00e3 3A       		.uleb128 0x3a
 1659 00e4 0B       		.uleb128 0xb
 1660 00e5 3B       		.uleb128 0x3b
 1661 00e6 0B       		.uleb128 0xb
 1662 00e7 01       		.uleb128 0x1
 1663 00e8 13       		.uleb128 0x13
 1664 00e9 00       		.byte	0x0
 1665 00ea 00       		.byte	0x0
 1666 00eb 14       		.uleb128 0x14
 1667 00ec 0D       		.uleb128 0xd
 1668 00ed 00       		.byte	0x0
 1669 00ee 03       		.uleb128 0x3
 1670 00ef 08       		.uleb128 0x8
 1671 00f0 3A       		.uleb128 0x3a
 1672 00f1 0B       		.uleb128 0xb
 1673 00f2 3B       		.uleb128 0x3b
 1674 00f3 0B       		.uleb128 0xb
 1675 00f4 49       		.uleb128 0x49
 1676 00f5 13       		.uleb128 0x13
 1677 00f6 00       		.byte	0x0
 1678 00f7 00       		.byte	0x0
 1679 00f8 15       		.uleb128 0x15
 1680 00f9 26       		.uleb128 0x26
 1681 00fa 00       		.byte	0x0
 1682 00fb 49       		.uleb128 0x49
 1683 00fc 13       		.uleb128 0x13
 1684 00fd 00       		.byte	0x0
 1685 00fe 00       		.byte	0x0
 1686 00ff 16       		.uleb128 0x16
 1687 0100 2E       		.uleb128 0x2e
 1688 0101 01       		.byte	0x1
 1689 0102 3F       		.uleb128 0x3f
 1690 0103 0C       		.uleb128 0xc
 1691 0104 03       		.uleb128 0x3
 1692 0105 0E       		.uleb128 0xe
 1693 0106 3A       		.uleb128 0x3a
 1694 0107 0B       		.uleb128 0xb
 1695 0108 3B       		.uleb128 0x3b
 1696 0109 0B       		.uleb128 0xb
 1697 010a 27       		.uleb128 0x27
 1698 010b 0C       		.uleb128 0xc
 1699 010c 49       		.uleb128 0x49
 1700 010d 13       		.uleb128 0x13
 1701 010e 11       		.uleb128 0x11
ARM GAS  C:\Users\z80\AppData\Local\Temp\ccB3emFg.s 			page 31


 1702 010f 01       		.uleb128 0x1
 1703 0110 12       		.uleb128 0x12
 1704 0111 01       		.uleb128 0x1
 1705 0112 40       		.uleb128 0x40
 1706 0113 06       		.uleb128 0x6
 1707 0114 01       		.uleb128 0x1
 1708 0115 13       		.uleb128 0x13
 1709 0116 00       		.byte	0x0
 1710 0117 00       		.byte	0x0
 1711 0118 17       		.uleb128 0x17
 1712 0119 05       		.uleb128 0x5
 1713 011a 00       		.byte	0x0
 1714 011b 03       		.uleb128 0x3
 1715 011c 08       		.uleb128 0x8
 1716 011d 3A       		.uleb128 0x3a
 1717 011e 0B       		.uleb128 0xb
 1718 011f 3B       		.uleb128 0x3b
 1719 0120 0B       		.uleb128 0xb
 1720 0121 49       		.uleb128 0x49
 1721 0122 13       		.uleb128 0x13
 1722 0123 02       		.uleb128 0x2
 1723 0124 0A       		.uleb128 0xa
 1724 0125 00       		.byte	0x0
 1725 0126 00       		.byte	0x0
 1726 0127 18       		.uleb128 0x18
 1727 0128 0B       		.uleb128 0xb
 1728 0129 01       		.byte	0x1
 1729 012a 11       		.uleb128 0x11
 1730 012b 01       		.uleb128 0x1
 1731 012c 12       		.uleb128 0x12
 1732 012d 01       		.uleb128 0x1
 1733 012e 01       		.uleb128 0x1
 1734 012f 13       		.uleb128 0x13
 1735 0130 00       		.byte	0x0
 1736 0131 00       		.byte	0x0
 1737 0132 19       		.uleb128 0x19
 1738 0133 34       		.uleb128 0x34
 1739 0134 00       		.byte	0x0
 1740 0135 03       		.uleb128 0x3
 1741 0136 08       		.uleb128 0x8
 1742 0137 3A       		.uleb128 0x3a
 1743 0138 0B       		.uleb128 0xb
 1744 0139 3B       		.uleb128 0x3b
 1745 013a 0B       		.uleb128 0xb
 1746 013b 49       		.uleb128 0x49
 1747 013c 13       		.uleb128 0x13
 1748 013d 02       		.uleb128 0x2
 1749 013e 0A       		.uleb128 0xa
 1750 013f 00       		.byte	0x0
 1751 0140 00       		.byte	0x0
 1752 0141 1A       		.uleb128 0x1a
 1753 0142 0B       		.uleb128 0xb
 1754 0143 01       		.byte	0x1
 1755 0144 11       		.uleb128 0x11
 1756 0145 01       		.uleb128 0x1
 1757 0146 12       		.uleb128 0x12
 1758 0147 01       		.uleb128 0x1
ARM GAS  C:\Users\z80\AppData\Local\Temp\ccB3emFg.s 			page 32


 1759 0148 00       		.byte	0x0
 1760 0149 00       		.byte	0x0
 1761 014a 1B       		.uleb128 0x1b
 1762 014b 2E       		.uleb128 0x2e
 1763 014c 01       		.byte	0x1
 1764 014d 3F       		.uleb128 0x3f
 1765 014e 0C       		.uleb128 0xc
 1766 014f 03       		.uleb128 0x3
 1767 0150 0E       		.uleb128 0xe
 1768 0151 3A       		.uleb128 0x3a
 1769 0152 0B       		.uleb128 0xb
 1770 0153 3B       		.uleb128 0x3b
 1771 0154 0B       		.uleb128 0xb
 1772 0155 27       		.uleb128 0x27
 1773 0156 0C       		.uleb128 0xc
 1774 0157 11       		.uleb128 0x11
 1775 0158 01       		.uleb128 0x1
 1776 0159 12       		.uleb128 0x12
 1777 015a 01       		.uleb128 0x1
 1778 015b 40       		.uleb128 0x40
 1779 015c 06       		.uleb128 0x6
 1780 015d 01       		.uleb128 0x1
 1781 015e 13       		.uleb128 0x13
 1782 015f 00       		.byte	0x0
 1783 0160 00       		.byte	0x0
 1784 0161 1C       		.uleb128 0x1c
 1785 0162 34       		.uleb128 0x34
 1786 0163 00       		.byte	0x0
 1787 0164 03       		.uleb128 0x3
 1788 0165 0E       		.uleb128 0xe
 1789 0166 3A       		.uleb128 0x3a
 1790 0167 0B       		.uleb128 0xb
 1791 0168 3B       		.uleb128 0x3b
 1792 0169 0B       		.uleb128 0xb
 1793 016a 49       		.uleb128 0x49
 1794 016b 13       		.uleb128 0x13
 1795 016c 02       		.uleb128 0x2
 1796 016d 0A       		.uleb128 0xa
 1797 016e 00       		.byte	0x0
 1798 016f 00       		.byte	0x0
 1799 0170 1D       		.uleb128 0x1d
 1800 0171 05       		.uleb128 0x5
 1801 0172 00       		.byte	0x0
 1802 0173 03       		.uleb128 0x3
 1803 0174 0E       		.uleb128 0xe
 1804 0175 3A       		.uleb128 0x3a
 1805 0176 0B       		.uleb128 0xb
 1806 0177 3B       		.uleb128 0x3b
 1807 0178 0B       		.uleb128 0xb
 1808 0179 49       		.uleb128 0x49
 1809 017a 13       		.uleb128 0x13
 1810 017b 02       		.uleb128 0x2
 1811 017c 0A       		.uleb128 0xa
 1812 017d 00       		.byte	0x0
 1813 017e 00       		.byte	0x0
 1814 017f 00       		.byte	0x0
 1815              		.section	.debug_pubnames,"",%progbits
ARM GAS  C:\Users\z80\AppData\Local\Temp\ccB3emFg.s 			page 33


 1816 0000 65000000 		.4byte	0x65
 1817 0004 0200     		.2byte	0x2
 1818 0006 00000000 		.4byte	.Ldebug_info0
 1819 000a 61070000 		.4byte	0x761
 1820 000e 45050000 		.4byte	0x545
 1821 0012 63685468 		.ascii	"chThdAddRef\000"
 1821      64416464 
 1821      52656600 
 1822 001e A2050000 		.4byte	0x5a2
 1823 0022 63685468 		.ascii	"chThdRelease\000"
 1823      6452656C 
 1823      65617365 
 1823      00
 1824 002f 09060000 		.4byte	0x609
 1825 0033 63685468 		.ascii	"chThdCreateFromHeap\000"
 1825      64437265 
 1825      61746546 
 1825      726F6D48 
 1825      65617000 
 1826 0047 B9060000 		.4byte	0x6b9
 1827 004b 63685468 		.ascii	"chThdCreateFromMemoryPool\000"
 1827      64437265 
 1827      61746546 
 1827      726F6D4D 
 1827      656D6F72 
 1828 0065 00000000 		.4byte	0x0
 1829              		.section	.debug_pubtypes,"",%progbits
 1830 0000 9B010000 		.4byte	0x19b
 1831 0004 0200     		.2byte	0x2
 1832 0006 00000000 		.4byte	.Ldebug_info0
 1833 000a 61070000 		.4byte	0x761
 1834 000e 30000000 		.4byte	0x30
 1835 0012 73697A65 		.ascii	"size_t\000"
 1835      5F7400
 1836 0019 49000000 		.4byte	0x49
 1837 001d 75696E74 		.ascii	"uint8_t\000"
 1837      385F7400 
 1838 0025 69000000 		.4byte	0x69
 1839 0029 696E7433 		.ascii	"int32_t\000"
 1839      325F7400 
 1840 0031 7B000000 		.4byte	0x7b
 1841 0035 75696E74 		.ascii	"uint32_t\000"
 1841      33325F74 
 1841      00
 1842 003e 94000000 		.4byte	0x94
 1843 0042 75696E74 		.ascii	"uint64_t\000"
 1843      36345F74 
 1843      00
 1844 004b AD000000 		.4byte	0xad
 1845 004f 746D6F64 		.ascii	"tmode_t\000"
 1845      655F7400 
 1846 0057 B8000000 		.4byte	0xb8
 1847 005b 74737461 		.ascii	"tstate_t\000"
 1847      74655F74 
 1847      00
 1848 0064 C3000000 		.4byte	0xc3
 1849 0068 74726566 		.ascii	"trefs_t\000"
ARM GAS  C:\Users\z80\AppData\Local\Temp\ccB3emFg.s 			page 34


 1849      735F7400 
 1850 0070 CE000000 		.4byte	0xce
 1851 0074 74736C69 		.ascii	"tslices_t\000"
 1851      6365735F 
 1851      7400
 1852 007e D9000000 		.4byte	0xd9
 1853 0082 74707269 		.ascii	"tprio_t\000"
 1853      6F5F7400 
 1854 008a E4000000 		.4byte	0xe4
 1855 008e 6D73675F 		.ascii	"msg_t\000"
 1855      7400
 1856 0094 EF000000 		.4byte	0xef
 1857 0098 6576656E 		.ascii	"eventmask_t\000"
 1857      746D6173 
 1857      6B5F7400 
 1858 00a4 FA000000 		.4byte	0xfa
 1859 00a8 73797374 		.ascii	"systime_t\000"
 1859      696D655F 
 1859      7400
 1860 00b2 05010000 		.4byte	0x105
 1861 00b6 54687265 		.ascii	"Thread\000"
 1861      616400
 1862 00bd 60020000 		.4byte	0x260
 1863 00c1 54687265 		.ascii	"ThreadsQueue\000"
 1863      61647351 
 1863      75657565 
 1863      00
 1864 00ce 82020000 		.4byte	0x282
 1865 00d2 54687265 		.ascii	"ThreadsList\000"
 1865      6164734C 
 1865      69737400 
 1866 00de 8D020000 		.4byte	0x28d
 1867 00e2 72656761 		.ascii	"regarm_t\000"
 1867      726D5F74 
 1867      00
 1868 00eb 9A020000 		.4byte	0x29a
 1869 00ef 73746B61 		.ascii	"stkalign_t\000"
 1869      6C69676E 
 1869      5F7400
 1870 00fa A5020000 		.4byte	0x2a5
 1871 00fe 696E7463 		.ascii	"intctx\000"
 1871      747800
 1872 0105 33030000 		.4byte	0x333
 1873 0109 636F6E74 		.ascii	"context\000"
 1873      65787400 
 1874 0111 5E030000 		.4byte	0x35e
 1875 0115 4D757465 		.ascii	"Mutex\000"
 1875      7800
 1876 011b 9B030000 		.4byte	0x39b
 1877 011f 4D757465 		.ascii	"Mutex\000"
 1877      7800
 1878 0125 A6030000 		.4byte	0x3a6
 1879 0129 6D656D67 		.ascii	"memgetfunc_t\000"
 1879      65746675 
 1879      6E635F74 
 1879      00
 1880 0136 C7030000 		.4byte	0x3c7
ARM GAS  C:\Users\z80\AppData\Local\Temp\ccB3emFg.s 			page 35


 1881 013a 4D656D6F 		.ascii	"MemoryHeap\000"
 1881      72794865 
 1881      617000
 1882 0145 28040000 		.4byte	0x428
 1883 0149 68656170 		.ascii	"heap_header\000"
 1883      5F686561 
 1883      64657200 
 1884 0155 D2030000 		.4byte	0x3d2
 1885 0159 6D656D6F 		.ascii	"memory_heap\000"
 1885      72795F68 
 1885      65617000 
 1886 0165 78040000 		.4byte	0x478
 1887 0169 706F6F6C 		.ascii	"pool_header\000"
 1887      5F686561 
 1887      64657200 
 1888 0175 CC040000 		.4byte	0x4cc
 1889 0179 4D656D6F 		.ascii	"MemoryPool\000"
 1889      7279506F 
 1889      6F6C00
 1890 0184 10010000 		.4byte	0x110
 1891 0188 54687265 		.ascii	"Thread\000"
 1891      616400
 1892 018f 24050000 		.4byte	0x524
 1893 0193 7466756E 		.ascii	"tfunc_t\000"
 1893      635F7400 
 1894 019b 00000000 		.4byte	0x0
 1895              		.section	.debug_aranges,"",%progbits
 1896 0000 34000000 		.4byte	0x34
 1897 0004 0200     		.2byte	0x2
 1898 0006 00000000 		.4byte	.Ldebug_info0
 1899 000a 04       		.byte	0x4
 1900 000b 00       		.byte	0x0
 1901 000c 0000     		.2byte	0x0
 1902 000e 0000     		.2byte	0x0
 1903 0010 00000000 		.4byte	.LFB7
 1904 0014 30000000 		.4byte	.LFE7-.LFB7
 1905 0018 00000000 		.4byte	.LFB8
 1906 001c 96000000 		.4byte	.LFE8-.LFB8
 1907 0020 00000000 		.4byte	.LFB9
 1908 0024 62000000 		.4byte	.LFE9-.LFB9
 1909 0028 00000000 		.4byte	.LFB10
 1910 002c 6E000000 		.4byte	.LFE10-.LFB10
 1911 0030 00000000 		.4byte	0x0
 1912 0034 00000000 		.4byte	0x0
 1913              		.section	.debug_ranges,"",%progbits
 1914              	.Ldebug_ranges0:
 1915 0000 00000000 		.4byte	.LFB7
 1916 0004 30000000 		.4byte	.LFE7
 1917 0008 00000000 		.4byte	.LFB8
 1918 000c 96000000 		.4byte	.LFE8
 1919 0010 00000000 		.4byte	.LFB9
 1920 0014 62000000 		.4byte	.LFE9
 1921 0018 00000000 		.4byte	.LFB10
 1922 001c 6E000000 		.4byte	.LFE10
 1923 0020 00000000 		.4byte	0x0
 1924 0024 00000000 		.4byte	0x0
 1925              		.section	.debug_str,"MS",%progbits,1
ARM GAS  C:\Users\z80\AppData\Local\Temp\ccB3emFg.s 			page 36


 1926              	.LASF74:
 1927 0000 7466756E 		.ascii	"tfunc_t\000"
 1927      635F7400 
 1928              	.LASF38:
 1929 0008 705F6D73 		.ascii	"p_msg\000"
 1929      6700
 1930              	.LASF2:
 1931 000e 73697A65 		.ascii	"size_t\000"
 1931      5F7400
 1932              	.LASF69:
 1933 0015 7264796D 		.ascii	"rdymsg\000"
 1933      736700
 1934              	.LASF12:
 1935 001c 75696E74 		.ascii	"uint64_t\000"
 1935      36345F74 
 1935      00
 1936              	.LASF68:
 1937 0025 4D656D6F 		.ascii	"MemoryPool\000"
 1937      7279506F 
 1937      6F6C00
 1938              	.LASF53:
 1939 0030 6D656D67 		.ascii	"memgetfunc_t\000"
 1939      65746675 
 1939      6E635F74 
 1939      00
 1940              	.LASF13:
 1941 003d 6C6F6E67 		.ascii	"long long unsigned int\000"
 1941      206C6F6E 
 1941      6720756E 
 1941      7369676E 
 1941      65642069 
 1942              	.LASF70:
 1943 0054 65786974 		.ascii	"exitcode\000"
 1943      636F6465 
 1943      00
 1944              	.LASF57:
 1945 005d 685F6672 		.ascii	"h_free\000"
 1945      656500
 1946              	.LASF78:
 1947 0064 68656170 		.ascii	"heapp\000"
 1947      7000
 1948              	.LASF82:
 1949 006a 2E2E2F63 		.ascii	"../chibios_2.6.3/os/kernel/src/chdynamic.c\000"
 1949      68696269 
 1949      6F735F32 
 1949      2E362E33 
 1949      2F6F732F 
 1950              	.LASF59:
 1951 0095 6E657874 		.ascii	"next\000"
 1951      00
 1952              	.LASF26:
 1953 009a 705F7072 		.ascii	"p_prio\000"
 1953      696F00
 1954              	.LASF11:
 1955 00a1 6C6F6E67 		.ascii	"long long int\000"
 1955      206C6F6E 
 1955      6720696E 
ARM GAS  C:\Users\z80\AppData\Local\Temp\ccB3emFg.s 			page 37


 1955      7400
 1956              	.LASF1:
 1957 00af 7369676E 		.ascii	"signed char\000"
 1957      65642063 
 1957      68617200 
 1958              	.LASF58:
 1959 00bb 685F6D74 		.ascii	"h_mtx\000"
 1959      7800
 1960              	.LASF42:
 1961 00c1 705F6D70 		.ascii	"p_mpool\000"
 1961      6F6F6C00 
 1962              	.LASF50:
 1963 00c9 6D5F7175 		.ascii	"m_queue\000"
 1963      65756500 
 1964              	.LASF18:
 1965 00d1 74736C69 		.ascii	"tslices_t\000"
 1965      6365735F 
 1965      7400
 1966              	.LASF8:
 1967 00db 6C6F6E67 		.ascii	"long int\000"
 1967      20696E74 
 1967      00
 1968              	.LASF77:
 1969 00e4 63685468 		.ascii	"chThdCreateFromHeap\000"
 1969      64437265 
 1969      61746546 
 1969      726F6D48 
 1969      65617000 
 1970              	.LASF16:
 1971 00f8 74737461 		.ascii	"tstate_t\000"
 1971      74655F74 
 1971      00
 1972              	.LASF65:
 1973 0101 6D705F6E 		.ascii	"mp_next\000"
 1973      65787400 
 1974              	.LASF28:
 1975 0109 705F6E65 		.ascii	"p_newer\000"
 1975      77657200 
 1976              	.LASF80:
 1977 0111 63685468 		.ascii	"chThdCreateFromMemoryPool\000"
 1977      64437265 
 1977      61746546 
 1977      726F6D4D 
 1977      656D6F72 
 1978              	.LASF67:
 1979 012b 6D705F70 		.ascii	"mp_provider\000"
 1979      726F7669 
 1979      64657200 
 1980              	.LASF45:
 1981 0137 72656761 		.ascii	"regarm_t\000"
 1981      726D5F74 
 1981      00
 1982              	.LASF61:
 1983 0140 616C6967 		.ascii	"align\000"
 1983      6E00
 1984              	.LASF0:
 1985 0146 756E7369 		.ascii	"unsigned int\000"
ARM GAS  C:\Users\z80\AppData\Local\Temp\ccB3emFg.s 			page 38


 1985      676E6564 
 1985      20696E74 
 1985      00
 1986              	.LASF10:
 1987 0153 6C6F6E67 		.ascii	"long unsigned int\000"
 1987      20756E73 
 1987      69676E65 
 1987      6420696E 
 1987      7400
 1988              	.LASF49:
 1989 0165 4D757465 		.ascii	"Mutex\000"
 1989      7800
 1990              	.LASF48:
 1991 016b 636F6E74 		.ascii	"context\000"
 1991      65787400 
 1992              	.LASF62:
 1993 0173 73697A65 		.ascii	"size\000"
 1993      00
 1994              	.LASF6:
 1995 0178 73686F72 		.ascii	"short unsigned int\000"
 1995      7420756E 
 1995      7369676E 
 1995      65642069 
 1995      6E7400
 1996              	.LASF20:
 1997 018b 6D73675F 		.ascii	"msg_t\000"
 1997      7400
 1998              	.LASF15:
 1999 0191 746D6F64 		.ascii	"tmode_t\000"
 1999      655F7400 
 2000              	.LASF44:
 2001 0199 54687265 		.ascii	"ThreadsList\000"
 2001      6164734C 
 2001      69737400 
 2002              	.LASF21:
 2003 01a5 6576656E 		.ascii	"eventmask_t\000"
 2003      746D6173 
 2003      6B5F7400 
 2004              	.LASF83:
 2005 01b1 433A5C70 		.ascii	"C:\\projects\\clock.git\\firmware\\firmware\000"
 2005      726F6A65 
 2005      6374735C 
 2005      636C6F63 
 2005      6B2E6769 
 2006              	.LASF76:
 2007 01d9 63685468 		.ascii	"chThdAddRef\000"
 2007      64416464 
 2007      52656600 
 2008              	.LASF46:
 2009 01e5 73746B61 		.ascii	"stkalign_t\000"
 2009      6C69676E 
 2009      5F7400
 2010              	.LASF29:
 2011 01f0 705F6F6C 		.ascii	"p_older\000"
 2011      64657200 
 2012              	.LASF43:
 2013 01f8 54687265 		.ascii	"ThreadsQueue\000"
ARM GAS  C:\Users\z80\AppData\Local\Temp\ccB3emFg.s 			page 39


 2013      61647351 
 2013      75657565 
 2013      00
 2014              	.LASF66:
 2015 0205 6D705F6F 		.ascii	"mp_object_size\000"
 2015      626A6563 
 2015      745F7369 
 2015      7A6500
 2016              	.LASF79:
 2017 0214 7072696F 		.ascii	"prio\000"
 2017      00
 2018              	.LASF54:
 2019 0219 4D656D6F 		.ascii	"MemoryHeap\000"
 2019      72794865 
 2019      617000
 2020              	.LASF64:
 2021 0224 70685F6E 		.ascii	"ph_next\000"
 2021      65787400 
 2022              	.LASF17:
 2023 022c 74726566 		.ascii	"trefs_t\000"
 2023      735F7400 
 2024              	.LASF75:
 2025 0234 72656673 		.ascii	"refs\000"
 2025      00
 2026              	.LASF25:
 2027 0239 705F7072 		.ascii	"p_prev\000"
 2027      657600
 2028              	.LASF19:
 2029 0240 74707269 		.ascii	"tprio_t\000"
 2029      6F5F7400 
 2030              	.LASF14:
 2031 0248 5F426F6F 		.ascii	"_Bool\000"
 2031      6C00
 2032              	.LASF7:
 2033 024e 696E7433 		.ascii	"int32_t\000"
 2033      325F7400 
 2034              	.LASF4:
 2035 0256 756E7369 		.ascii	"unsigned char\000"
 2035      676E6564 
 2035      20636861 
 2035      7200
 2036              	.LASF56:
 2037 0264 685F7072 		.ascii	"h_provider\000"
 2037      6F766964 
 2037      657200
 2038              	.LASF40:
 2039 026f 705F6D74 		.ascii	"p_mtxlist\000"
 2039      786C6973 
 2039      7400
 2040              	.LASF5:
 2041 0279 73686F72 		.ascii	"short int\000"
 2041      7420696E 
 2041      7400
 2042              	.LASF31:
 2043 0283 705F7374 		.ascii	"p_state\000"
 2043      61746500 
 2044              	.LASF34:
ARM GAS  C:\Users\z80\AppData\Local\Temp\ccB3emFg.s 			page 40


 2045 028b 705F7072 		.ascii	"p_preempt\000"
 2045      65656D70 
 2045      7400
 2046              	.LASF84:
 2047 0295 68656170 		.ascii	"heap_header\000"
 2047      5F686561 
 2047      64657200 
 2048              	.LASF72:
 2049 02a1 65776D61 		.ascii	"ewmask\000"
 2049      736B00
 2050              	.LASF24:
 2051 02a8 705F6E65 		.ascii	"p_next\000"
 2051      787400
 2052              	.LASF32:
 2053 02af 705F666C 		.ascii	"p_flags\000"
 2053      61677300 
 2054              	.LASF85:
 2055 02b7 63685468 		.ascii	"chThdRelease\000"
 2055      6452656C 
 2055      65617365 
 2055      00
 2056              	.LASF23:
 2057 02c4 54687265 		.ascii	"Thread\000"
 2057      616400
 2058              	.LASF39:
 2059 02cb 705F6570 		.ascii	"p_epending\000"
 2059      656E6469 
 2059      6E6700
 2060              	.LASF9:
 2061 02d6 75696E74 		.ascii	"uint32_t\000"
 2061      33325F74 
 2061      00
 2062              	.LASF60:
 2063 02df 68656170 		.ascii	"heap\000"
 2063      00
 2064              	.LASF73:
 2065 02e4 63686172 		.ascii	"char\000"
 2065      00
 2066              	.LASF52:
 2067 02e9 6D5F6E65 		.ascii	"m_next\000"
 2067      787400
 2068              	.LASF22:
 2069 02f0 73797374 		.ascii	"systime_t\000"
 2069      696D655F 
 2069      7400
 2070              	.LASF41:
 2071 02fa 705F7265 		.ascii	"p_realprio\000"
 2071      616C7072 
 2071      696F00
 2072              	.LASF35:
 2073 0305 705F7469 		.ascii	"p_time\000"
 2073      6D6500
 2074              	.LASF47:
 2075 030c 696E7463 		.ascii	"intctx\000"
 2075      747800
 2076              	.LASF37:
 2077 0313 705F6D73 		.ascii	"p_msgqueue\000"
ARM GAS  C:\Users\z80\AppData\Local\Temp\ccB3emFg.s 			page 41


 2077      67717565 
 2077      756500
 2078              	.LASF63:
 2079 031e 706F6F6C 		.ascii	"pool_header\000"
 2079      5F686561 
 2079      64657200 
 2080              	.LASF33:
 2081 032a 705F7265 		.ascii	"p_refs\000"
 2081      667300
 2082              	.LASF3:
 2083 0331 75696E74 		.ascii	"uint8_t\000"
 2083      385F7400 
 2084              	.LASF81:
 2085 0339 474E5520 		.ascii	"GNU C 4.5.0\000"
 2085      4320342E 
 2085      352E3000 
 2086              	.LASF71:
 2087 0345 77746F62 		.ascii	"wtobjp\000"
 2087      6A7000
 2088              	.LASF30:
 2089 034c 705F6E61 		.ascii	"p_name\000"
 2089      6D6500
 2090              	.LASF51:
 2091 0353 6D5F6F77 		.ascii	"m_owner\000"
 2091      6E657200 
 2092              	.LASF27:
 2093 035b 705F6374 		.ascii	"p_ctx\000"
 2093      7800
 2094              	.LASF36:
 2095 0361 705F7761 		.ascii	"p_waiting\000"
 2095      6974696E 
 2095      6700
 2096              	.LASF55:
 2097 036b 6D656D6F 		.ascii	"memory_heap\000"
 2097      72795F68 
 2097      65617000 
 2098              		.ident	"GCC: (GNU) 4.5.0"
ARM GAS  C:\Users\z80\AppData\Local\Temp\ccB3emFg.s 			page 42


DEFINED SYMBOLS
                            *ABS*:00000000 chdynamic.c
C:\Users\z80\AppData\Local\Temp\ccB3emFg.s:24     .text.chThdAddRef:00000000 $t
C:\Users\z80\AppData\Local\Temp\ccB3emFg.s:30     .text.chThdAddRef:00000000 chThdAddRef
C:\Users\z80\AppData\Local\Temp\ccB3emFg.s:79     .text.chThdRelease:00000000 $t
C:\Users\z80\AppData\Local\Temp\ccB3emFg.s:85     .text.chThdRelease:00000000 chThdRelease
C:\Users\z80\AppData\Local\Temp\ccB3emFg.s:192    .text.chThdCreateFromHeap:00000000 $t
C:\Users\z80\AppData\Local\Temp\ccB3emFg.s:198    .text.chThdCreateFromHeap:00000000 chThdCreateFromHeap
C:\Users\z80\AppData\Local\Temp\ccB3emFg.s:274    .text.chThdCreateFromMemoryPool:00000000 $t
C:\Users\z80\AppData\Local\Temp\ccB3emFg.s:280    .text.chThdCreateFromMemoryPool:00000000 chThdCreateFromMemoryPool
                     .debug_frame:00000010 $d

UNDEFINED SYMBOLS
chHeapFree
chPoolFree
chHeapAlloc
chThdCreateI
chSchWakeupS
chPoolAlloc
