ARM GAS  C:\Users\z80\AppData\Local\Temp\cctVlhyT.s 			page 1


   1              		.syntax unified
   2              		.cpu cortex-m3
   3              		.fpu softvfp
   4              		.eabi_attribute 20, 1
   5              		.eabi_attribute 21, 1
   6              		.eabi_attribute 23, 3
   7              		.eabi_attribute 24, 1
   8              		.eabi_attribute 25, 1
   9              		.eabi_attribute 26, 1
  10              		.eabi_attribute 30, 6
  11              		.eabi_attribute 18, 4
  12              		.thumb
  13              		.file	"chlists.c"
  14              		.section	.debug_abbrev,"",%progbits
  15              	.Ldebug_abbrev0:
  16              		.section	.debug_info,"",%progbits
  17              	.Ldebug_info0:
  18              		.section	.debug_line,"",%progbits
  19              	.Ldebug_line0:
  20 0000 19000000 		.text
  20      02001300 
  20      00000201 
  20      FB0E0D00 
  20      01010101 
  21              	.Ltext0:
  22              		.cfi_sections	.debug_frame
  23              	.Letext0:
  24              		.section	.debug_info
  25 0000 79000000 		.4byte	0x79
  26 0004 0200     		.2byte	0x2
  27 0006 00000000 		.4byte	.Ldebug_abbrev0
  28 000a 04       		.byte	0x4
  29 000b 01       		.uleb128 0x1
  30 000c 4C000000 		.4byte	.LASF11
  31 0010 01       		.byte	0x1
  32 0011 B0000000 		.4byte	.LASF12
  33 0015 62000000 		.4byte	.LASF13
  34 0019 00000000 		.4byte	.Ltext0
  35 001d 00000000 		.4byte	.Letext0
  36 0021 00000000 		.4byte	.Ldebug_line0
  37 0025 02       		.uleb128 0x2
  38 0026 04       		.byte	0x4
  39 0027 05       		.byte	0x5
  40 0028 696E7400 		.ascii	"int\000"
  41 002c 03       		.uleb128 0x3
  42 002d 04       		.byte	0x4
  43 002e 07       		.byte	0x7
  44 002f 00000000 		.4byte	.LASF0
  45 0033 03       		.uleb128 0x3
  46 0034 01       		.byte	0x1
  47 0035 06       		.byte	0x6
  48 0036 2D000000 		.4byte	.LASF1
  49 003a 03       		.uleb128 0x3
  50 003b 01       		.byte	0x1
  51 003c 08       		.byte	0x8
  52 003d 1F000000 		.4byte	.LASF2
  53 0041 03       		.uleb128 0x3
ARM GAS  C:\Users\z80\AppData\Local\Temp\cctVlhyT.s 			page 2


  54 0042 02       		.byte	0x2
  55 0043 05       		.byte	0x5
  56 0044 58000000 		.4byte	.LASF3
  57 0048 03       		.uleb128 0x3
  58 0049 02       		.byte	0x2
  59 004a 07       		.byte	0x7
  60 004b 39000000 		.4byte	.LASF4
  61 004f 03       		.uleb128 0x3
  62 0050 04       		.byte	0x4
  63 0051 05       		.byte	0x5
  64 0052 A7000000 		.4byte	.LASF5
  65 0056 03       		.uleb128 0x3
  66 0057 04       		.byte	0x4
  67 0058 07       		.byte	0x7
  68 0059 0D000000 		.4byte	.LASF6
  69 005d 03       		.uleb128 0x3
  70 005e 08       		.byte	0x8
  71 005f 05       		.byte	0x5
  72 0060 DE000000 		.4byte	.LASF7
  73 0064 03       		.uleb128 0x3
  74 0065 08       		.byte	0x8
  75 0066 07       		.byte	0x7
  76 0067 8A000000 		.4byte	.LASF8
  77 006b 03       		.uleb128 0x3
  78 006c 01       		.byte	0x1
  79 006d 02       		.byte	0x2
  80 006e A1000000 		.4byte	.LASF9
  81 0072 04       		.uleb128 0x4
  82 0073 04       		.byte	0x4
  83 0074 07       		.byte	0x7
  84 0075 03       		.uleb128 0x3
  85 0076 01       		.byte	0x1
  86 0077 08       		.byte	0x8
  87 0078 D9000000 		.4byte	.LASF10
  88 007c 00       		.byte	0x0
  89              		.section	.debug_abbrev
  90 0000 01       		.uleb128 0x1
  91 0001 11       		.uleb128 0x11
  92 0002 01       		.byte	0x1
  93 0003 25       		.uleb128 0x25
  94 0004 0E       		.uleb128 0xe
  95 0005 13       		.uleb128 0x13
  96 0006 0B       		.uleb128 0xb
  97 0007 03       		.uleb128 0x3
  98 0008 0E       		.uleb128 0xe
  99 0009 1B       		.uleb128 0x1b
 100 000a 0E       		.uleb128 0xe
 101 000b 11       		.uleb128 0x11
 102 000c 01       		.uleb128 0x1
 103 000d 12       		.uleb128 0x12
 104 000e 01       		.uleb128 0x1
 105 000f 10       		.uleb128 0x10
 106 0010 06       		.uleb128 0x6
 107 0011 00       		.byte	0x0
 108 0012 00       		.byte	0x0
 109 0013 02       		.uleb128 0x2
 110 0014 24       		.uleb128 0x24
ARM GAS  C:\Users\z80\AppData\Local\Temp\cctVlhyT.s 			page 3


 111 0015 00       		.byte	0x0
 112 0016 0B       		.uleb128 0xb
 113 0017 0B       		.uleb128 0xb
 114 0018 3E       		.uleb128 0x3e
 115 0019 0B       		.uleb128 0xb
 116 001a 03       		.uleb128 0x3
 117 001b 08       		.uleb128 0x8
 118 001c 00       		.byte	0x0
 119 001d 00       		.byte	0x0
 120 001e 03       		.uleb128 0x3
 121 001f 24       		.uleb128 0x24
 122 0020 00       		.byte	0x0
 123 0021 0B       		.uleb128 0xb
 124 0022 0B       		.uleb128 0xb
 125 0023 3E       		.uleb128 0x3e
 126 0024 0B       		.uleb128 0xb
 127 0025 03       		.uleb128 0x3
 128 0026 0E       		.uleb128 0xe
 129 0027 00       		.byte	0x0
 130 0028 00       		.byte	0x0
 131 0029 04       		.uleb128 0x4
 132 002a 24       		.uleb128 0x24
 133 002b 00       		.byte	0x0
 134 002c 0B       		.uleb128 0xb
 135 002d 0B       		.uleb128 0xb
 136 002e 3E       		.uleb128 0x3e
 137 002f 0B       		.uleb128 0xb
 138 0030 00       		.byte	0x0
 139 0031 00       		.byte	0x0
 140 0032 00       		.byte	0x0
 141              		.section	.debug_pubtypes,"",%progbits
 142 0000 0E000000 		.4byte	0xe
 143 0004 0200     		.2byte	0x2
 144 0006 00000000 		.4byte	.Ldebug_info0
 145 000a 7D000000 		.4byte	0x7d
 146 000e 00000000 		.4byte	0x0
 147              		.section	.debug_str,"MS",%progbits,1
 148              	.LASF0:
 149 0000 756E7369 		.ascii	"unsigned int\000"
 149      676E6564 
 149      20696E74 
 149      00
 150              	.LASF6:
 151 000d 6C6F6E67 		.ascii	"long unsigned int\000"
 151      20756E73 
 151      69676E65 
 151      6420696E 
 151      7400
 152              	.LASF2:
 153 001f 756E7369 		.ascii	"unsigned char\000"
 153      676E6564 
 153      20636861 
 153      7200
 154              	.LASF1:
 155 002d 7369676E 		.ascii	"signed char\000"
 155      65642063 
 155      68617200 
ARM GAS  C:\Users\z80\AppData\Local\Temp\cctVlhyT.s 			page 4


 156              	.LASF4:
 157 0039 73686F72 		.ascii	"short unsigned int\000"
 157      7420756E 
 157      7369676E 
 157      65642069 
 157      6E7400
 158              	.LASF11:
 159 004c 474E5520 		.ascii	"GNU C 4.5.0\000"
 159      4320342E 
 159      352E3000 
 160              	.LASF3:
 161 0058 73686F72 		.ascii	"short int\000"
 161      7420696E 
 161      7400
 162              	.LASF13:
 163 0062 433A5C70 		.ascii	"C:\\projects\\clock.git\\firmware\\firmware\000"
 163      726F6A65 
 163      6374735C 
 163      636C6F63 
 163      6B2E6769 
 164              	.LASF8:
 165 008a 6C6F6E67 		.ascii	"long long unsigned int\000"
 165      206C6F6E 
 165      6720756E 
 165      7369676E 
 165      65642069 
 166              	.LASF9:
 167 00a1 5F426F6F 		.ascii	"_Bool\000"
 167      6C00
 168              	.LASF5:
 169 00a7 6C6F6E67 		.ascii	"long int\000"
 169      20696E74 
 169      00
 170              	.LASF12:
 171 00b0 2E2E2F63 		.ascii	"../chibios_2.6.3/os/kernel/src/chlists.c\000"
 171      68696269 
 171      6F735F32 
 171      2E362E33 
 171      2F6F732F 
 172              	.LASF10:
 173 00d9 63686172 		.ascii	"char\000"
 173      00
 174              	.LASF7:
 175 00de 6C6F6E67 		.ascii	"long long int\000"
 175      206C6F6E 
 175      6720696E 
 175      7400
 176              		.ident	"GCC: (GNU) 4.5.0"
ARM GAS  C:\Users\z80\AppData\Local\Temp\cctVlhyT.s 			page 5


DEFINED SYMBOLS
                            *ABS*:00000000 chlists.c

NO UNDEFINED SYMBOLS
