ARM GAS  C:\Users\z80\AppData\Local\Temp\cc2m5ERZ.s 			page 1


   1              		.syntax unified
   2              		.cpu cortex-m3
   3              		.fpu softvfp
   4              		.eabi_attribute 20, 1
   5              		.eabi_attribute 21, 1
   6              		.eabi_attribute 23, 3
   7              		.eabi_attribute 24, 1
   8              		.eabi_attribute 25, 1
   9              		.eabi_attribute 26, 1
  10              		.eabi_attribute 30, 6
  11              		.eabi_attribute 18, 4
  12              		.thumb
  13              		.file	"chmempools.c"
  14              		.section	.debug_abbrev,"",%progbits
  15              	.Ldebug_abbrev0:
  16              		.section	.debug_info,"",%progbits
  17              	.Ldebug_info0:
  18              		.section	.debug_line,"",%progbits
  19              	.Ldebug_line0:
  20 0000 BA010000 		.text
  20      02001701 
  20      00000201 
  20      FB0E0D00 
  20      01010101 
  21              	.Ltext0:
  22              		.cfi_sections	.debug_frame
  23              		.section	.text.chPoolInit,"ax",%progbits
  24              		.align	2
  25              		.p2align 4,,15
  26              		.global	chPoolInit
  27              		.thumb
  28              		.thumb_func
  29              		.type	chPoolInit, %function
  30              	chPoolInit:
  31              	.LFB7:
  32              		.file 1 "../chibios_2.6.3/os/kernel/src/chmempools.c"
  33              		.loc 1 62 0
  34              		.cfi_startproc
  35              		@ args = 0, pretend = 0, frame = 16
  36              		@ frame_needed = 0, uses_anonymous_args = 0
  37              		@ link register save eliminated.
  38 0000 84B0     		sub	sp, sp, #16
  39              	.LCFI0:
  40              		.cfi_def_cfa_offset 16
  41 0002 0390     		str	r0, [sp, #12]
  42 0004 0291     		str	r1, [sp, #8]
  43 0006 0192     		str	r2, [sp, #4]
  44              		.loc 1 64 0
  45 0008 039B     		ldr	r3, [sp, #12]
  46 000a 002B     		cmp	r3, #0
  47 000c 01D0     		beq	.L3
  48              		.loc 1 64 0 is_stmt 0 discriminator 1
  49 000e 029B     		ldr	r3, [sp, #8]
  50 0010 032B     		cmp	r3, #3
  51              	.L3:
  52              		.loc 1 66 0 is_stmt 1
  53 0012 039B     		ldr	r3, [sp, #12]
ARM GAS  C:\Users\z80\AppData\Local\Temp\cc2m5ERZ.s 			page 2


  54 0014 4FF00002 		mov	r2, #0
  55 0018 1A60     		str	r2, [r3, #0]
  56              		.loc 1 67 0
  57 001a 039B     		ldr	r3, [sp, #12]
  58 001c 029A     		ldr	r2, [sp, #8]
  59 001e 5A60     		str	r2, [r3, #4]
  60              		.loc 1 68 0
  61 0020 039B     		ldr	r3, [sp, #12]
  62 0022 019A     		ldr	r2, [sp, #4]
  63 0024 9A60     		str	r2, [r3, #8]
  64              		.loc 1 69 0
  65 0026 04B0     		add	sp, sp, #16
  66 0028 7047     		bx	lr
  67              		.cfi_endproc
  68              	.LFE7:
  69              		.size	chPoolInit, .-chPoolInit
  70 002a 00BFAFF3 		.section	.text.chPoolLoadArray,"ax",%progbits
  70      0080
  71              		.align	2
  72              		.p2align 4,,15
  73              		.global	chPoolLoadArray
  74              		.thumb
  75              		.thumb_func
  76              		.type	chPoolLoadArray, %function
  77              	chPoolLoadArray:
  78              	.LFB8:
  79              		.loc 1 84 0
  80              		.cfi_startproc
  81              		@ args = 0, pretend = 0, frame = 16
  82              		@ frame_needed = 0, uses_anonymous_args = 0
  83 0000 00B5     		push	{lr}
  84              	.LCFI1:
  85              		.cfi_def_cfa_offset 4
  86 0002 85B0     		sub	sp, sp, #20
  87              	.LCFI2:
  88              		.cfi_def_cfa_offset 24
  89 0004 0390     		str	r0, [sp, #12]
  90 0006 0291     		str	r1, [sp, #8]
  91 0008 0192     		str	r2, [sp, #4]
  92              		.loc 1 86 0
  93 000a 039B     		ldr	r3, [sp, #12]
  94 000c 002B     		cmp	r3, #0
  95 000e 0FD0     		beq	.L7
  96              		.cfi_offset 14, -4
  97              		.loc 1 86 0 is_stmt 0 discriminator 1
  98 0010 019B     		ldr	r3, [sp, #4]
  99 0012 002B     		cmp	r3, #0
 100              		.loc 1 88 0 is_stmt 1 discriminator 1
 101 0014 0CE0     		b	.L7
 102              	.L8:
 103              		.loc 1 89 0
 104 0016 0398     		ldr	r0, [sp, #12]
 105 0018 0299     		ldr	r1, [sp, #8]
 106 001a FFF7FEFF 		bl	chPoolFree
 107              		.loc 1 90 0
 108 001e 039B     		ldr	r3, [sp, #12]
 109 0020 5B68     		ldr	r3, [r3, #4]
ARM GAS  C:\Users\z80\AppData\Local\Temp\cc2m5ERZ.s 			page 3


 110 0022 029A     		ldr	r2, [sp, #8]
 111 0024 1344     		add	r3, r2, r3
 112 0026 0293     		str	r3, [sp, #8]
 113              		.loc 1 91 0
 114 0028 019B     		ldr	r3, [sp, #4]
 115 002a 03F1FF33 		add	r3, r3, #-1
 116 002e 0193     		str	r3, [sp, #4]
 117              	.L7:
 118              		.loc 1 88 0 discriminator 1
 119 0030 019B     		ldr	r3, [sp, #4]
 120 0032 002B     		cmp	r3, #0
 121 0034 EFD1     		bne	.L8
 122              		.loc 1 93 0
 123 0036 05B0     		add	sp, sp, #20
 124 0038 00BD     		pop	{pc}
 125              		.cfi_endproc
 126              	.LFE8:
 127              		.size	chPoolLoadArray, .-chPoolLoadArray
 128 003a 00BFAFF3 		.section	.text.chPoolAllocI,"ax",%progbits
 128      0080
 129              		.align	2
 130              		.p2align 4,,15
 131              		.global	chPoolAllocI
 132              		.thumb
 133              		.thumb_func
 134              		.type	chPoolAllocI, %function
 135              	chPoolAllocI:
 136              	.LFB9:
 137              		.loc 1 105 0
 138              		.cfi_startproc
 139              		@ args = 0, pretend = 0, frame = 16
 140              		@ frame_needed = 0, uses_anonymous_args = 0
 141 0000 00B5     		push	{lr}
 142              	.LCFI3:
 143              		.cfi_def_cfa_offset 4
 144 0002 85B0     		sub	sp, sp, #20
 145              	.LCFI4:
 146              		.cfi_def_cfa_offset 24
 147 0004 0190     		str	r0, [sp, #4]
 148              		.loc 1 109 0
 149 0006 019B     		ldr	r3, [sp, #4]
 150 0008 002B     		cmp	r3, #0
 151              		.loc 1 111 0
 152 000a 019B     		ldr	r3, [sp, #4]
 153 000c 1B68     		ldr	r3, [r3, #0]
 154 000e 0393     		str	r3, [sp, #12]
 155 0010 039B     		ldr	r3, [sp, #12]
 156 0012 002B     		cmp	r3, #0
 157 0014 05D0     		beq	.L11
 158              		.cfi_offset 14, -4
 159              		.loc 1 112 0
 160 0016 019B     		ldr	r3, [sp, #4]
 161 0018 1B68     		ldr	r3, [r3, #0]
 162 001a 1A68     		ldr	r2, [r3, #0]
 163 001c 019B     		ldr	r3, [sp, #4]
 164 001e 1A60     		str	r2, [r3, #0]
 165 0020 0BE0     		b	.L12
ARM GAS  C:\Users\z80\AppData\Local\Temp\cc2m5ERZ.s 			page 4


 166              	.L11:
 167              		.loc 1 113 0
 168 0022 019B     		ldr	r3, [sp, #4]
 169 0024 9B68     		ldr	r3, [r3, #8]
 170 0026 002B     		cmp	r3, #0
 171 0028 07D0     		beq	.L12
 172              		.loc 1 114 0
 173 002a 019B     		ldr	r3, [sp, #4]
 174 002c 9B68     		ldr	r3, [r3, #8]
 175 002e 019A     		ldr	r2, [sp, #4]
 176 0030 5268     		ldr	r2, [r2, #4]
 177 0032 1046     		mov	r0, r2
 178 0034 9847     		blx	r3
 179 0036 0346     		mov	r3, r0
 180 0038 0393     		str	r3, [sp, #12]
 181              	.L12:
 182              		.loc 1 115 0
 183 003a 039B     		ldr	r3, [sp, #12]
 184              		.loc 1 116 0
 185 003c 1846     		mov	r0, r3
 186 003e 05B0     		add	sp, sp, #20
 187 0040 00BD     		pop	{pc}
 188              		.cfi_endproc
 189              	.LFE9:
 190              		.size	chPoolAllocI, .-chPoolAllocI
 191 0042 00BFAFF3 		.section	.text.chPoolAlloc,"ax",%progbits
 191      0080AFF3 
 191      0080AFF3 
 191      0080
 192              		.align	2
 193              		.p2align 4,,15
 194              		.global	chPoolAlloc
 195              		.thumb
 196              		.thumb_func
 197              		.type	chPoolAlloc, %function
 198              	chPoolAlloc:
 199              	.LFB10:
 200              		.loc 1 128 0
 201              		.cfi_startproc
 202              		@ args = 0, pretend = 0, frame = 16
 203              		@ frame_needed = 0, uses_anonymous_args = 0
 204 0000 00B5     		push	{lr}
 205              	.LCFI5:
 206              		.cfi_def_cfa_offset 4
 207 0002 85B0     		sub	sp, sp, #20
 208              	.LCFI6:
 209              		.cfi_def_cfa_offset 24
 210 0004 0190     		str	r0, [sp, #4]
 211              	.LBB2:
 212              		.loc 1 131 0
 213 0006 4FF02003 		mov	r3, #32
 214              	@ 131 "../chibios_2.6.3/os/kernel/src/chmempools.c" 1
 215 000a 83F31188 		msr     BASEPRI, r3
 216              	@ 0 "" 2
 217              		.thumb
 218              	.LBE2:
 219              		.loc 1 132 0
ARM GAS  C:\Users\z80\AppData\Local\Temp\cc2m5ERZ.s 			page 5


 220 000e 0198     		ldr	r0, [sp, #4]
 221              		.cfi_offset 14, -4
 222 0010 FFF7FEFF 		bl	chPoolAllocI
 223 0014 0346     		mov	r3, r0
 224 0016 0393     		str	r3, [sp, #12]
 225              	.LBB3:
 226              		.loc 1 133 0
 227 0018 4FF00003 		mov	r3, #0
 228              	@ 133 "../chibios_2.6.3/os/kernel/src/chmempools.c" 1
 229 001c 83F31188 		msr     BASEPRI, r3
 230              	@ 0 "" 2
 231              		.thumb
 232              	.LBE3:
 233              		.loc 1 134 0
 234 0020 039B     		ldr	r3, [sp, #12]
 235              		.loc 1 135 0
 236 0022 1846     		mov	r0, r3
 237 0024 05B0     		add	sp, sp, #20
 238 0026 00BD     		pop	{pc}
 239              		.cfi_endproc
 240              	.LFE10:
 241              		.size	chPoolAlloc, .-chPoolAlloc
 242 0028 AFF30080 		.section	.text.chPoolFreeI,"ax",%progbits
 242      AFF30080 
 243              		.align	2
 244              		.p2align 4,,15
 245              		.global	chPoolFreeI
 246              		.thumb
 247              		.thumb_func
 248              		.type	chPoolFreeI, %function
 249              	chPoolFreeI:
 250              	.LFB11:
 251              		.loc 1 149 0
 252              		.cfi_startproc
 253              		@ args = 0, pretend = 0, frame = 16
 254              		@ frame_needed = 0, uses_anonymous_args = 0
 255              		@ link register save eliminated.
 256 0000 84B0     		sub	sp, sp, #16
 257              	.LCFI7:
 258              		.cfi_def_cfa_offset 16
 259 0002 0190     		str	r0, [sp, #4]
 260 0004 0091     		str	r1, [sp, #0]
 261              		.loc 1 150 0
 262 0006 009B     		ldr	r3, [sp, #0]
 263 0008 0393     		str	r3, [sp, #12]
 264              		.loc 1 153 0
 265 000a 019B     		ldr	r3, [sp, #4]
 266 000c 002B     		cmp	r3, #0
 267 000e 01D0     		beq	.L16
 268              		.loc 1 153 0 is_stmt 0 discriminator 1
 269 0010 009B     		ldr	r3, [sp, #0]
 270 0012 002B     		cmp	r3, #0
 271              	.L16:
 272              		.loc 1 155 0 is_stmt 1
 273 0014 019B     		ldr	r3, [sp, #4]
 274 0016 1A68     		ldr	r2, [r3, #0]
 275 0018 039B     		ldr	r3, [sp, #12]
ARM GAS  C:\Users\z80\AppData\Local\Temp\cc2m5ERZ.s 			page 6


 276 001a 1A60     		str	r2, [r3, #0]
 277              		.loc 1 156 0
 278 001c 019B     		ldr	r3, [sp, #4]
 279 001e 039A     		ldr	r2, [sp, #12]
 280 0020 1A60     		str	r2, [r3, #0]
 281              		.loc 1 157 0
 282 0022 04B0     		add	sp, sp, #16
 283 0024 7047     		bx	lr
 284              		.cfi_endproc
 285              	.LFE11:
 286              		.size	chPoolFreeI, .-chPoolFreeI
 287 0026 00BFAFF3 		.section	.text.chPoolFree,"ax",%progbits
 287      0080AFF3 
 287      0080
 288              		.align	2
 289              		.p2align 4,,15
 290              		.global	chPoolFree
 291              		.thumb
 292              		.thumb_func
 293              		.type	chPoolFree, %function
 294              	chPoolFree:
 295              	.LFB12:
 296              		.loc 1 171 0
 297              		.cfi_startproc
 298              		@ args = 0, pretend = 0, frame = 8
 299              		@ frame_needed = 0, uses_anonymous_args = 0
 300 0000 00B5     		push	{lr}
 301              	.LCFI8:
 302              		.cfi_def_cfa_offset 4
 303 0002 83B0     		sub	sp, sp, #12
 304              	.LCFI9:
 305              		.cfi_def_cfa_offset 16
 306 0004 0190     		str	r0, [sp, #4]
 307 0006 0091     		str	r1, [sp, #0]
 308              	.LBB4:
 309              		.loc 1 173 0
 310 0008 4FF02003 		mov	r3, #32
 311              	@ 173 "../chibios_2.6.3/os/kernel/src/chmempools.c" 1
 312 000c 83F31188 		msr     BASEPRI, r3
 313              	@ 0 "" 2
 314              		.thumb
 315              	.LBE4:
 316              		.loc 1 174 0
 317 0010 0198     		ldr	r0, [sp, #4]
 318 0012 0099     		ldr	r1, [sp, #0]
 319              		.cfi_offset 14, -4
 320 0014 FFF7FEFF 		bl	chPoolFreeI
 321              	.LBB5:
 322              		.loc 1 175 0
 323 0018 4FF00003 		mov	r3, #0
 324              	@ 175 "../chibios_2.6.3/os/kernel/src/chmempools.c" 1
 325 001c 83F31188 		msr     BASEPRI, r3
 326              	@ 0 "" 2
 327              		.thumb
 328              	.LBE5:
 329              		.loc 1 176 0
 330 0020 03B0     		add	sp, sp, #12
ARM GAS  C:\Users\z80\AppData\Local\Temp\cc2m5ERZ.s 			page 7


 331 0022 00BD     		pop	{pc}
 332              		.cfi_endproc
 333              	.LFE12:
 334              		.size	chPoolFree, .-chPoolFree
 335 0024 AFF30080 		.text
 335      AFF30080 
 335      AFF30080 
 336              	.Letext0:
 337              		.section	.debug_loc,"",%progbits
 338              	.Ldebug_loc0:
 339              	.LLST0:
 340 0000 00000000 		.4byte	.LFB7
 341 0004 02000000 		.4byte	.LCFI0
 342 0008 0200     		.2byte	0x2
 343 000a 7D       		.byte	0x7d
 344 000b 00       		.sleb128 0
 345 000c 02000000 		.4byte	.LCFI0
 346 0010 2A000000 		.4byte	.LFE7
 347 0014 0200     		.2byte	0x2
 348 0016 7D       		.byte	0x7d
 349 0017 10       		.sleb128 16
 350 0018 00000000 		.4byte	0x0
 351 001c 00000000 		.4byte	0x0
 352              	.LLST1:
 353 0020 00000000 		.4byte	.LFB8
 354 0024 02000000 		.4byte	.LCFI1
 355 0028 0200     		.2byte	0x2
 356 002a 7D       		.byte	0x7d
 357 002b 00       		.sleb128 0
 358 002c 02000000 		.4byte	.LCFI1
 359 0030 04000000 		.4byte	.LCFI2
 360 0034 0200     		.2byte	0x2
 361 0036 7D       		.byte	0x7d
 362 0037 04       		.sleb128 4
 363 0038 04000000 		.4byte	.LCFI2
 364 003c 3A000000 		.4byte	.LFE8
 365 0040 0200     		.2byte	0x2
 366 0042 7D       		.byte	0x7d
 367 0043 18       		.sleb128 24
 368 0044 00000000 		.4byte	0x0
 369 0048 00000000 		.4byte	0x0
 370              	.LLST2:
 371 004c 00000000 		.4byte	.LFB9
 372 0050 02000000 		.4byte	.LCFI3
 373 0054 0200     		.2byte	0x2
 374 0056 7D       		.byte	0x7d
 375 0057 00       		.sleb128 0
 376 0058 02000000 		.4byte	.LCFI3
 377 005c 04000000 		.4byte	.LCFI4
 378 0060 0200     		.2byte	0x2
 379 0062 7D       		.byte	0x7d
 380 0063 04       		.sleb128 4
 381 0064 04000000 		.4byte	.LCFI4
 382 0068 42000000 		.4byte	.LFE9
 383 006c 0200     		.2byte	0x2
 384 006e 7D       		.byte	0x7d
 385 006f 18       		.sleb128 24
ARM GAS  C:\Users\z80\AppData\Local\Temp\cc2m5ERZ.s 			page 8


 386 0070 00000000 		.4byte	0x0
 387 0074 00000000 		.4byte	0x0
 388              	.LLST3:
 389 0078 00000000 		.4byte	.LFB10
 390 007c 02000000 		.4byte	.LCFI5
 391 0080 0200     		.2byte	0x2
 392 0082 7D       		.byte	0x7d
 393 0083 00       		.sleb128 0
 394 0084 02000000 		.4byte	.LCFI5
 395 0088 04000000 		.4byte	.LCFI6
 396 008c 0200     		.2byte	0x2
 397 008e 7D       		.byte	0x7d
 398 008f 04       		.sleb128 4
 399 0090 04000000 		.4byte	.LCFI6
 400 0094 28000000 		.4byte	.LFE10
 401 0098 0200     		.2byte	0x2
 402 009a 7D       		.byte	0x7d
 403 009b 18       		.sleb128 24
 404 009c 00000000 		.4byte	0x0
 405 00a0 00000000 		.4byte	0x0
 406              	.LLST4:
 407 00a4 00000000 		.4byte	.LFB11
 408 00a8 02000000 		.4byte	.LCFI7
 409 00ac 0200     		.2byte	0x2
 410 00ae 7D       		.byte	0x7d
 411 00af 00       		.sleb128 0
 412 00b0 02000000 		.4byte	.LCFI7
 413 00b4 26000000 		.4byte	.LFE11
 414 00b8 0200     		.2byte	0x2
 415 00ba 7D       		.byte	0x7d
 416 00bb 10       		.sleb128 16
 417 00bc 00000000 		.4byte	0x0
 418 00c0 00000000 		.4byte	0x0
 419              	.LLST5:
 420 00c4 00000000 		.4byte	.LFB12
 421 00c8 02000000 		.4byte	.LCFI8
 422 00cc 0200     		.2byte	0x2
 423 00ce 7D       		.byte	0x7d
 424 00cf 00       		.sleb128 0
 425 00d0 02000000 		.4byte	.LCFI8
 426 00d4 04000000 		.4byte	.LCFI9
 427 00d8 0200     		.2byte	0x2
 428 00da 7D       		.byte	0x7d
 429 00db 04       		.sleb128 4
 430 00dc 04000000 		.4byte	.LCFI9
 431 00e0 24000000 		.4byte	.LFE12
 432 00e4 0200     		.2byte	0x2
 433 00e6 7D       		.byte	0x7d
 434 00e7 10       		.sleb128 16
 435 00e8 00000000 		.4byte	0x0
 436 00ec 00000000 		.4byte	0x0
 437              		.file 2 "c:\\programs\\yagarto\\bin\\../lib/gcc/arm-none-eabi/4.5.0/include/stddef.h"
 438              		.file 3 "c:/programs/yagarto/lib/gcc/../../arm-none-eabi/sys-include/stdint.h"
 439              		.file 4 "../chibios_2.6.3/os/kernel/include/chmemcore.h"
 440              		.file 5 "../chibios_2.6.3/os/kernel/include/chmempools.h"
 441              		.section	.debug_info
 442 0000 F2020000 		.4byte	0x2f2
ARM GAS  C:\Users\z80\AppData\Local\Temp\cc2m5ERZ.s 			page 9


 443 0004 0200     		.2byte	0x2
 444 0006 00000000 		.4byte	.Ldebug_abbrev0
 445 000a 04       		.byte	0x4
 446 000b 01       		.uleb128 0x1
 447 000c 07000000 		.4byte	.LASF28
 448 0010 01       		.byte	0x1
 449 0011 8B000000 		.4byte	.LASF29
 450 0015 7B010000 		.4byte	.LASF30
 451 0019 00000000 		.4byte	0x0
 452 001d 00000000 		.4byte	0x0
 453 0021 00000000 		.4byte	.Ldebug_ranges0+0x0
 454 0025 00000000 		.4byte	.Ldebug_line0
 455 0029 02       		.uleb128 0x2
 456 002a 04       		.byte	0x4
 457 002b 05       		.byte	0x5
 458 002c 696E7400 		.ascii	"int\000"
 459 0030 03       		.uleb128 0x3
 460 0031 00000000 		.4byte	.LASF2
 461 0035 02       		.byte	0x2
 462 0036 D3       		.byte	0xd3
 463 0037 3B000000 		.4byte	0x3b
 464 003b 04       		.uleb128 0x4
 465 003c 04       		.byte	0x4
 466 003d 07       		.byte	0x7
 467 003e DF000000 		.4byte	.LASF0
 468 0042 04       		.uleb128 0x4
 469 0043 01       		.byte	0x1
 470 0044 06       		.byte	0x6
 471 0045 67010000 		.4byte	.LASF1
 472 0049 03       		.uleb128 0x3
 473 004a 03010000 		.4byte	.LASF3
 474 004e 03       		.byte	0x3
 475 004f 2A       		.byte	0x2a
 476 0050 54000000 		.4byte	0x54
 477 0054 04       		.uleb128 0x4
 478 0055 01       		.byte	0x1
 479 0056 08       		.byte	0x8
 480 0057 7D000000 		.4byte	.LASF4
 481 005b 04       		.uleb128 0x4
 482 005c 02       		.byte	0x2
 483 005d 05       		.byte	0x5
 484 005e 3F010000 		.4byte	.LASF5
 485 0062 04       		.uleb128 0x4
 486 0063 02       		.byte	0x2
 487 0064 07       		.byte	0x7
 488 0065 55000000 		.4byte	.LASF6
 489 0069 04       		.uleb128 0x4
 490 006a 04       		.byte	0x4
 491 006b 05       		.byte	0x5
 492 006c 5E010000 		.4byte	.LASF7
 493 0070 03       		.uleb128 0x3
 494 0071 55010000 		.4byte	.LASF8
 495 0075 03       		.byte	0x3
 496 0076 50       		.byte	0x50
 497 0077 7B000000 		.4byte	0x7b
 498 007b 04       		.uleb128 0x4
 499 007c 04       		.byte	0x4
ARM GAS  C:\Users\z80\AppData\Local\Temp\cc2m5ERZ.s 			page 10


 500 007d 07       		.byte	0x7
 501 007e 43000000 		.4byte	.LASF9
 502 0082 04       		.uleb128 0x4
 503 0083 08       		.byte	0x8
 504 0084 05       		.byte	0x5
 505 0085 13010000 		.4byte	.LASF10
 506 0089 04       		.uleb128 0x4
 507 008a 08       		.byte	0x8
 508 008b 07       		.byte	0x7
 509 008c EC000000 		.4byte	.LASF11
 510 0090 04       		.uleb128 0x4
 511 0091 01       		.byte	0x1
 512 0092 02       		.byte	0x2
 513 0093 A3010000 		.4byte	.LASF12
 514 0097 05       		.uleb128 0x5
 515 0098 04       		.byte	0x4
 516 0099 06       		.uleb128 0x6
 517 009a 04       		.byte	0x4
 518 009b 07       		.byte	0x7
 519 009c 03       		.uleb128 0x3
 520 009d 26010000 		.4byte	.LASF13
 521 00a1 04       		.byte	0x4
 522 00a2 2C       		.byte	0x2c
 523 00a3 A7000000 		.4byte	0xa7
 524 00a7 07       		.uleb128 0x7
 525 00a8 04       		.byte	0x4
 526 00a9 AD000000 		.4byte	0xad
 527 00ad 08       		.uleb128 0x8
 528 00ae 01       		.byte	0x1
 529 00af 97000000 		.4byte	0x97
 530 00b3 BD000000 		.4byte	0xbd
 531 00b7 09       		.uleb128 0x9
 532 00b8 30000000 		.4byte	0x30
 533 00bc 00       		.byte	0x0
 534 00bd 0A       		.uleb128 0xa
 535 00be 32000000 		.4byte	.LASF31
 536 00c2 04       		.byte	0x4
 537 00c3 05       		.byte	0x5
 538 00c4 2C       		.byte	0x2c
 539 00c5 D8000000 		.4byte	0xd8
 540 00c9 0B       		.uleb128 0xb
 541 00ca 0B010000 		.4byte	.LASF14
 542 00ce 05       		.byte	0x5
 543 00cf 2D       		.byte	0x2d
 544 00d0 D8000000 		.4byte	0xd8
 545 00d4 02       		.byte	0x2
 546 00d5 23       		.byte	0x23
 547 00d6 00       		.uleb128 0x0
 548 00d7 00       		.byte	0x0
 549 00d8 07       		.uleb128 0x7
 550 00d9 04       		.byte	0x4
 551 00da BD000000 		.4byte	0xbd
 552 00de 0C       		.uleb128 0xc
 553 00df 0C       		.byte	0xc
 554 00e0 05       		.byte	0x5
 555 00e1 34       		.byte	0x34
 556 00e2 11010000 		.4byte	0x111
ARM GAS  C:\Users\z80\AppData\Local\Temp\cc2m5ERZ.s 			page 11


 557 00e6 0B       		.uleb128 0xb
 558 00e7 73010000 		.4byte	.LASF15
 559 00eb 05       		.byte	0x5
 560 00ec 35       		.byte	0x35
 561 00ed D8000000 		.4byte	0xd8
 562 00f1 02       		.byte	0x2
 563 00f2 23       		.byte	0x23
 564 00f3 00       		.uleb128 0x0
 565 00f4 0B       		.uleb128 0xb
 566 00f5 13000000 		.4byte	.LASF16
 567 00f9 05       		.byte	0x5
 568 00fa 36       		.byte	0x36
 569 00fb 30000000 		.4byte	0x30
 570 00ff 02       		.byte	0x2
 571 0100 23       		.byte	0x23
 572 0101 04       		.uleb128 0x4
 573 0102 0B       		.uleb128 0xb
 574 0103 33010000 		.4byte	.LASF17
 575 0107 05       		.byte	0x5
 576 0108 38       		.byte	0x38
 577 0109 9C000000 		.4byte	0x9c
 578 010d 02       		.byte	0x2
 579 010e 23       		.byte	0x23
 580 010f 08       		.uleb128 0x8
 581 0110 00       		.byte	0x0
 582 0111 03       		.uleb128 0x3
 583 0112 C2000000 		.4byte	.LASF18
 584 0116 05       		.byte	0x5
 585 0117 3A       		.byte	0x3a
 586 0118 DE000000 		.4byte	0xde
 587 011c 04       		.uleb128 0x4
 588 011d 01       		.byte	0x1
 589 011e 08       		.byte	0x8
 590 011f 21010000 		.4byte	.LASF19
 591 0123 0D       		.uleb128 0xd
 592 0124 01       		.byte	0x1
 593 0125 A9010000 		.4byte	.LASF22
 594 0129 01       		.byte	0x1
 595 012a 3E       		.byte	0x3e
 596 012b 01       		.byte	0x1
 597 012c 00000000 		.4byte	.LFB7
 598 0130 2A000000 		.4byte	.LFE7
 599 0134 00000000 		.4byte	.LLST0
 600 0138 66010000 		.4byte	0x166
 601 013c 0E       		.uleb128 0xe
 602 013d 6D7000   		.ascii	"mp\000"
 603 0140 01       		.byte	0x1
 604 0141 3E       		.byte	0x3e
 605 0142 66010000 		.4byte	0x166
 606 0146 02       		.byte	0x2
 607 0147 91       		.byte	0x91
 608 0148 7C       		.sleb128 -4
 609 0149 0F       		.uleb128 0xf
 610 014a 3E000000 		.4byte	.LASF20
 611 014e 01       		.byte	0x1
 612 014f 3E       		.byte	0x3e
 613 0150 30000000 		.4byte	0x30
ARM GAS  C:\Users\z80\AppData\Local\Temp\cc2m5ERZ.s 			page 12


 614 0154 02       		.byte	0x2
 615 0155 91       		.byte	0x91
 616 0156 78       		.sleb128 -8
 617 0157 0F       		.uleb128 0xf
 618 0158 68000000 		.4byte	.LASF21
 619 015c 01       		.byte	0x1
 620 015d 3E       		.byte	0x3e
 621 015e 9C000000 		.4byte	0x9c
 622 0162 02       		.byte	0x2
 623 0163 91       		.byte	0x91
 624 0164 74       		.sleb128 -12
 625 0165 00       		.byte	0x0
 626 0166 07       		.uleb128 0x7
 627 0167 04       		.byte	0x4
 628 0168 11010000 		.4byte	0x111
 629 016c 0D       		.uleb128 0xd
 630 016d 01       		.byte	0x1
 631 016e 22000000 		.4byte	.LASF23
 632 0172 01       		.byte	0x1
 633 0173 54       		.byte	0x54
 634 0174 01       		.byte	0x1
 635 0175 00000000 		.4byte	.LFB8
 636 0179 3A000000 		.4byte	.LFE8
 637 017d 20000000 		.4byte	.LLST1
 638 0181 AB010000 		.4byte	0x1ab
 639 0185 0E       		.uleb128 0xe
 640 0186 6D7000   		.ascii	"mp\000"
 641 0189 01       		.byte	0x1
 642 018a 54       		.byte	0x54
 643 018b 66010000 		.4byte	0x166
 644 018f 02       		.byte	0x2
 645 0190 91       		.byte	0x91
 646 0191 74       		.sleb128 -12
 647 0192 0E       		.uleb128 0xe
 648 0193 7000     		.ascii	"p\000"
 649 0195 01       		.byte	0x1
 650 0196 54       		.byte	0x54
 651 0197 97000000 		.4byte	0x97
 652 019b 02       		.byte	0x2
 653 019c 91       		.byte	0x91
 654 019d 70       		.sleb128 -16
 655 019e 0E       		.uleb128 0xe
 656 019f 6E00     		.ascii	"n\000"
 657 01a1 01       		.byte	0x1
 658 01a2 54       		.byte	0x54
 659 01a3 30000000 		.4byte	0x30
 660 01a7 02       		.byte	0x2
 661 01a8 91       		.byte	0x91
 662 01a9 6C       		.sleb128 -20
 663 01aa 00       		.byte	0x0
 664 01ab 10       		.uleb128 0x10
 665 01ac 01       		.byte	0x1
 666 01ad D2000000 		.4byte	.LASF24
 667 01b1 01       		.byte	0x1
 668 01b2 69       		.byte	0x69
 669 01b3 01       		.byte	0x1
 670 01b4 97000000 		.4byte	0x97
ARM GAS  C:\Users\z80\AppData\Local\Temp\cc2m5ERZ.s 			page 13


 671 01b8 00000000 		.4byte	.LFB9
 672 01bc 42000000 		.4byte	.LFE9
 673 01c0 4C000000 		.4byte	.LLST2
 674 01c4 E4010000 		.4byte	0x1e4
 675 01c8 0E       		.uleb128 0xe
 676 01c9 6D7000   		.ascii	"mp\000"
 677 01cc 01       		.byte	0x1
 678 01cd 69       		.byte	0x69
 679 01ce 66010000 		.4byte	0x166
 680 01d2 02       		.byte	0x2
 681 01d3 91       		.byte	0x91
 682 01d4 6C       		.sleb128 -20
 683 01d5 11       		.uleb128 0x11
 684 01d6 CD000000 		.4byte	.LASF26
 685 01da 01       		.byte	0x1
 686 01db 6A       		.byte	0x6a
 687 01dc 97000000 		.4byte	0x97
 688 01e0 02       		.byte	0x2
 689 01e1 91       		.byte	0x91
 690 01e2 74       		.sleb128 -12
 691 01e3 00       		.byte	0x0
 692 01e4 10       		.uleb128 0x10
 693 01e5 01       		.byte	0x1
 694 01e6 49010000 		.4byte	.LASF25
 695 01ea 01       		.byte	0x1
 696 01eb 80       		.byte	0x80
 697 01ec 01       		.byte	0x1
 698 01ed 97000000 		.4byte	0x97
 699 01f1 00000000 		.4byte	.LFB10
 700 01f5 28000000 		.4byte	.LFE10
 701 01f9 78000000 		.4byte	.LLST3
 702 01fd 4F020000 		.4byte	0x24f
 703 0201 0E       		.uleb128 0xe
 704 0202 6D7000   		.ascii	"mp\000"
 705 0205 01       		.byte	0x1
 706 0206 80       		.byte	0x80
 707 0207 66010000 		.4byte	0x166
 708 020b 02       		.byte	0x2
 709 020c 91       		.byte	0x91
 710 020d 6C       		.sleb128 -20
 711 020e 11       		.uleb128 0x11
 712 020f CD000000 		.4byte	.LASF26
 713 0213 01       		.byte	0x1
 714 0214 81       		.byte	0x81
 715 0215 97000000 		.4byte	0x97
 716 0219 02       		.byte	0x2
 717 021a 91       		.byte	0x91
 718 021b 74       		.sleb128 -12
 719 021c 12       		.uleb128 0x12
 720 021d 06000000 		.4byte	.LBB2
 721 0221 0E000000 		.4byte	.LBE2
 722 0225 37020000 		.4byte	0x237
 723 0229 13       		.uleb128 0x13
 724 022a 746D7000 		.ascii	"tmp\000"
 725 022e 01       		.byte	0x1
 726 022f 83       		.byte	0x83
 727 0230 70000000 		.4byte	0x70
ARM GAS  C:\Users\z80\AppData\Local\Temp\cc2m5ERZ.s 			page 14


 728 0234 01       		.byte	0x1
 729 0235 53       		.byte	0x53
 730 0236 00       		.byte	0x0
 731 0237 14       		.uleb128 0x14
 732 0238 18000000 		.4byte	.LBB3
 733 023c 20000000 		.4byte	.LBE3
 734 0240 13       		.uleb128 0x13
 735 0241 746D7000 		.ascii	"tmp\000"
 736 0245 01       		.byte	0x1
 737 0246 85       		.byte	0x85
 738 0247 70000000 		.4byte	0x70
 739 024b 01       		.byte	0x1
 740 024c 53       		.byte	0x53
 741 024d 00       		.byte	0x0
 742 024e 00       		.byte	0x0
 743 024f 0D       		.uleb128 0xd
 744 0250 01       		.byte	0x1
 745 0251 71000000 		.4byte	.LASF27
 746 0255 01       		.byte	0x1
 747 0256 95       		.byte	0x95
 748 0257 01       		.byte	0x1
 749 0258 00000000 		.4byte	.LFB11
 750 025c 26000000 		.4byte	.LFE11
 751 0260 A4000000 		.4byte	.LLST4
 752 0264 92020000 		.4byte	0x292
 753 0268 0E       		.uleb128 0xe
 754 0269 6D7000   		.ascii	"mp\000"
 755 026c 01       		.byte	0x1
 756 026d 95       		.byte	0x95
 757 026e 66010000 		.4byte	0x166
 758 0272 02       		.byte	0x2
 759 0273 91       		.byte	0x91
 760 0274 74       		.sleb128 -12
 761 0275 0F       		.uleb128 0xf
 762 0276 CD000000 		.4byte	.LASF26
 763 027a 01       		.byte	0x1
 764 027b 95       		.byte	0x95
 765 027c 97000000 		.4byte	0x97
 766 0280 02       		.byte	0x2
 767 0281 91       		.byte	0x91
 768 0282 70       		.sleb128 -16
 769 0283 13       		.uleb128 0x13
 770 0284 70687000 		.ascii	"php\000"
 771 0288 01       		.byte	0x1
 772 0289 96       		.byte	0x96
 773 028a D8000000 		.4byte	0xd8
 774 028e 02       		.byte	0x2
 775 028f 91       		.byte	0x91
 776 0290 7C       		.sleb128 -4
 777 0291 00       		.byte	0x0
 778 0292 15       		.uleb128 0x15
 779 0293 01       		.byte	0x1
 780 0294 B7000000 		.4byte	.LASF32
 781 0298 01       		.byte	0x1
 782 0299 AB       		.byte	0xab
 783 029a 01       		.byte	0x1
 784 029b 00000000 		.4byte	.LFB12
ARM GAS  C:\Users\z80\AppData\Local\Temp\cc2m5ERZ.s 			page 15


 785 029f 24000000 		.4byte	.LFE12
 786 02a3 C4000000 		.4byte	.LLST5
 787 02a7 0E       		.uleb128 0xe
 788 02a8 6D7000   		.ascii	"mp\000"
 789 02ab 01       		.byte	0x1
 790 02ac AB       		.byte	0xab
 791 02ad 66010000 		.4byte	0x166
 792 02b1 02       		.byte	0x2
 793 02b2 91       		.byte	0x91
 794 02b3 74       		.sleb128 -12
 795 02b4 0F       		.uleb128 0xf
 796 02b5 CD000000 		.4byte	.LASF26
 797 02b9 01       		.byte	0x1
 798 02ba AB       		.byte	0xab
 799 02bb 97000000 		.4byte	0x97
 800 02bf 02       		.byte	0x2
 801 02c0 91       		.byte	0x91
 802 02c1 70       		.sleb128 -16
 803 02c2 12       		.uleb128 0x12
 804 02c3 08000000 		.4byte	.LBB4
 805 02c7 10000000 		.4byte	.LBE4
 806 02cb DD020000 		.4byte	0x2dd
 807 02cf 13       		.uleb128 0x13
 808 02d0 746D7000 		.ascii	"tmp\000"
 809 02d4 01       		.byte	0x1
 810 02d5 AD       		.byte	0xad
 811 02d6 70000000 		.4byte	0x70
 812 02da 01       		.byte	0x1
 813 02db 53       		.byte	0x53
 814 02dc 00       		.byte	0x0
 815 02dd 14       		.uleb128 0x14
 816 02de 18000000 		.4byte	.LBB5
 817 02e2 20000000 		.4byte	.LBE5
 818 02e6 13       		.uleb128 0x13
 819 02e7 746D7000 		.ascii	"tmp\000"
 820 02eb 01       		.byte	0x1
 821 02ec AF       		.byte	0xaf
 822 02ed 70000000 		.4byte	0x70
 823 02f1 01       		.byte	0x1
 824 02f2 53       		.byte	0x53
 825 02f3 00       		.byte	0x0
 826 02f4 00       		.byte	0x0
 827 02f5 00       		.byte	0x0
 828              		.section	.debug_abbrev
 829 0000 01       		.uleb128 0x1
 830 0001 11       		.uleb128 0x11
 831 0002 01       		.byte	0x1
 832 0003 25       		.uleb128 0x25
 833 0004 0E       		.uleb128 0xe
 834 0005 13       		.uleb128 0x13
 835 0006 0B       		.uleb128 0xb
 836 0007 03       		.uleb128 0x3
 837 0008 0E       		.uleb128 0xe
 838 0009 1B       		.uleb128 0x1b
 839 000a 0E       		.uleb128 0xe
 840 000b 11       		.uleb128 0x11
 841 000c 01       		.uleb128 0x1
ARM GAS  C:\Users\z80\AppData\Local\Temp\cc2m5ERZ.s 			page 16


 842 000d 52       		.uleb128 0x52
 843 000e 01       		.uleb128 0x1
 844 000f 55       		.uleb128 0x55
 845 0010 06       		.uleb128 0x6
 846 0011 10       		.uleb128 0x10
 847 0012 06       		.uleb128 0x6
 848 0013 00       		.byte	0x0
 849 0014 00       		.byte	0x0
 850 0015 02       		.uleb128 0x2
 851 0016 24       		.uleb128 0x24
 852 0017 00       		.byte	0x0
 853 0018 0B       		.uleb128 0xb
 854 0019 0B       		.uleb128 0xb
 855 001a 3E       		.uleb128 0x3e
 856 001b 0B       		.uleb128 0xb
 857 001c 03       		.uleb128 0x3
 858 001d 08       		.uleb128 0x8
 859 001e 00       		.byte	0x0
 860 001f 00       		.byte	0x0
 861 0020 03       		.uleb128 0x3
 862 0021 16       		.uleb128 0x16
 863 0022 00       		.byte	0x0
 864 0023 03       		.uleb128 0x3
 865 0024 0E       		.uleb128 0xe
 866 0025 3A       		.uleb128 0x3a
 867 0026 0B       		.uleb128 0xb
 868 0027 3B       		.uleb128 0x3b
 869 0028 0B       		.uleb128 0xb
 870 0029 49       		.uleb128 0x49
 871 002a 13       		.uleb128 0x13
 872 002b 00       		.byte	0x0
 873 002c 00       		.byte	0x0
 874 002d 04       		.uleb128 0x4
 875 002e 24       		.uleb128 0x24
 876 002f 00       		.byte	0x0
 877 0030 0B       		.uleb128 0xb
 878 0031 0B       		.uleb128 0xb
 879 0032 3E       		.uleb128 0x3e
 880 0033 0B       		.uleb128 0xb
 881 0034 03       		.uleb128 0x3
 882 0035 0E       		.uleb128 0xe
 883 0036 00       		.byte	0x0
 884 0037 00       		.byte	0x0
 885 0038 05       		.uleb128 0x5
 886 0039 0F       		.uleb128 0xf
 887 003a 00       		.byte	0x0
 888 003b 0B       		.uleb128 0xb
 889 003c 0B       		.uleb128 0xb
 890 003d 00       		.byte	0x0
 891 003e 00       		.byte	0x0
 892 003f 06       		.uleb128 0x6
 893 0040 24       		.uleb128 0x24
 894 0041 00       		.byte	0x0
 895 0042 0B       		.uleb128 0xb
 896 0043 0B       		.uleb128 0xb
 897 0044 3E       		.uleb128 0x3e
 898 0045 0B       		.uleb128 0xb
ARM GAS  C:\Users\z80\AppData\Local\Temp\cc2m5ERZ.s 			page 17


 899 0046 00       		.byte	0x0
 900 0047 00       		.byte	0x0
 901 0048 07       		.uleb128 0x7
 902 0049 0F       		.uleb128 0xf
 903 004a 00       		.byte	0x0
 904 004b 0B       		.uleb128 0xb
 905 004c 0B       		.uleb128 0xb
 906 004d 49       		.uleb128 0x49
 907 004e 13       		.uleb128 0x13
 908 004f 00       		.byte	0x0
 909 0050 00       		.byte	0x0
 910 0051 08       		.uleb128 0x8
 911 0052 15       		.uleb128 0x15
 912 0053 01       		.byte	0x1
 913 0054 27       		.uleb128 0x27
 914 0055 0C       		.uleb128 0xc
 915 0056 49       		.uleb128 0x49
 916 0057 13       		.uleb128 0x13
 917 0058 01       		.uleb128 0x1
 918 0059 13       		.uleb128 0x13
 919 005a 00       		.byte	0x0
 920 005b 00       		.byte	0x0
 921 005c 09       		.uleb128 0x9
 922 005d 05       		.uleb128 0x5
 923 005e 00       		.byte	0x0
 924 005f 49       		.uleb128 0x49
 925 0060 13       		.uleb128 0x13
 926 0061 00       		.byte	0x0
 927 0062 00       		.byte	0x0
 928 0063 0A       		.uleb128 0xa
 929 0064 13       		.uleb128 0x13
 930 0065 01       		.byte	0x1
 931 0066 03       		.uleb128 0x3
 932 0067 0E       		.uleb128 0xe
 933 0068 0B       		.uleb128 0xb
 934 0069 0B       		.uleb128 0xb
 935 006a 3A       		.uleb128 0x3a
 936 006b 0B       		.uleb128 0xb
 937 006c 3B       		.uleb128 0x3b
 938 006d 0B       		.uleb128 0xb
 939 006e 01       		.uleb128 0x1
 940 006f 13       		.uleb128 0x13
 941 0070 00       		.byte	0x0
 942 0071 00       		.byte	0x0
 943 0072 0B       		.uleb128 0xb
 944 0073 0D       		.uleb128 0xd
 945 0074 00       		.byte	0x0
 946 0075 03       		.uleb128 0x3
 947 0076 0E       		.uleb128 0xe
 948 0077 3A       		.uleb128 0x3a
 949 0078 0B       		.uleb128 0xb
 950 0079 3B       		.uleb128 0x3b
 951 007a 0B       		.uleb128 0xb
 952 007b 49       		.uleb128 0x49
 953 007c 13       		.uleb128 0x13
 954 007d 38       		.uleb128 0x38
 955 007e 0A       		.uleb128 0xa
ARM GAS  C:\Users\z80\AppData\Local\Temp\cc2m5ERZ.s 			page 18


 956 007f 00       		.byte	0x0
 957 0080 00       		.byte	0x0
 958 0081 0C       		.uleb128 0xc
 959 0082 13       		.uleb128 0x13
 960 0083 01       		.byte	0x1
 961 0084 0B       		.uleb128 0xb
 962 0085 0B       		.uleb128 0xb
 963 0086 3A       		.uleb128 0x3a
 964 0087 0B       		.uleb128 0xb
 965 0088 3B       		.uleb128 0x3b
 966 0089 0B       		.uleb128 0xb
 967 008a 01       		.uleb128 0x1
 968 008b 13       		.uleb128 0x13
 969 008c 00       		.byte	0x0
 970 008d 00       		.byte	0x0
 971 008e 0D       		.uleb128 0xd
 972 008f 2E       		.uleb128 0x2e
 973 0090 01       		.byte	0x1
 974 0091 3F       		.uleb128 0x3f
 975 0092 0C       		.uleb128 0xc
 976 0093 03       		.uleb128 0x3
 977 0094 0E       		.uleb128 0xe
 978 0095 3A       		.uleb128 0x3a
 979 0096 0B       		.uleb128 0xb
 980 0097 3B       		.uleb128 0x3b
 981 0098 0B       		.uleb128 0xb
 982 0099 27       		.uleb128 0x27
 983 009a 0C       		.uleb128 0xc
 984 009b 11       		.uleb128 0x11
 985 009c 01       		.uleb128 0x1
 986 009d 12       		.uleb128 0x12
 987 009e 01       		.uleb128 0x1
 988 009f 40       		.uleb128 0x40
 989 00a0 06       		.uleb128 0x6
 990 00a1 01       		.uleb128 0x1
 991 00a2 13       		.uleb128 0x13
 992 00a3 00       		.byte	0x0
 993 00a4 00       		.byte	0x0
 994 00a5 0E       		.uleb128 0xe
 995 00a6 05       		.uleb128 0x5
 996 00a7 00       		.byte	0x0
 997 00a8 03       		.uleb128 0x3
 998 00a9 08       		.uleb128 0x8
 999 00aa 3A       		.uleb128 0x3a
 1000 00ab 0B       		.uleb128 0xb
 1001 00ac 3B       		.uleb128 0x3b
 1002 00ad 0B       		.uleb128 0xb
 1003 00ae 49       		.uleb128 0x49
 1004 00af 13       		.uleb128 0x13
 1005 00b0 02       		.uleb128 0x2
 1006 00b1 0A       		.uleb128 0xa
 1007 00b2 00       		.byte	0x0
 1008 00b3 00       		.byte	0x0
 1009 00b4 0F       		.uleb128 0xf
 1010 00b5 05       		.uleb128 0x5
 1011 00b6 00       		.byte	0x0
 1012 00b7 03       		.uleb128 0x3
ARM GAS  C:\Users\z80\AppData\Local\Temp\cc2m5ERZ.s 			page 19


 1013 00b8 0E       		.uleb128 0xe
 1014 00b9 3A       		.uleb128 0x3a
 1015 00ba 0B       		.uleb128 0xb
 1016 00bb 3B       		.uleb128 0x3b
 1017 00bc 0B       		.uleb128 0xb
 1018 00bd 49       		.uleb128 0x49
 1019 00be 13       		.uleb128 0x13
 1020 00bf 02       		.uleb128 0x2
 1021 00c0 0A       		.uleb128 0xa
 1022 00c1 00       		.byte	0x0
 1023 00c2 00       		.byte	0x0
 1024 00c3 10       		.uleb128 0x10
 1025 00c4 2E       		.uleb128 0x2e
 1026 00c5 01       		.byte	0x1
 1027 00c6 3F       		.uleb128 0x3f
 1028 00c7 0C       		.uleb128 0xc
 1029 00c8 03       		.uleb128 0x3
 1030 00c9 0E       		.uleb128 0xe
 1031 00ca 3A       		.uleb128 0x3a
 1032 00cb 0B       		.uleb128 0xb
 1033 00cc 3B       		.uleb128 0x3b
 1034 00cd 0B       		.uleb128 0xb
 1035 00ce 27       		.uleb128 0x27
 1036 00cf 0C       		.uleb128 0xc
 1037 00d0 49       		.uleb128 0x49
 1038 00d1 13       		.uleb128 0x13
 1039 00d2 11       		.uleb128 0x11
 1040 00d3 01       		.uleb128 0x1
 1041 00d4 12       		.uleb128 0x12
 1042 00d5 01       		.uleb128 0x1
 1043 00d6 40       		.uleb128 0x40
 1044 00d7 06       		.uleb128 0x6
 1045 00d8 01       		.uleb128 0x1
 1046 00d9 13       		.uleb128 0x13
 1047 00da 00       		.byte	0x0
 1048 00db 00       		.byte	0x0
 1049 00dc 11       		.uleb128 0x11
 1050 00dd 34       		.uleb128 0x34
 1051 00de 00       		.byte	0x0
 1052 00df 03       		.uleb128 0x3
 1053 00e0 0E       		.uleb128 0xe
 1054 00e1 3A       		.uleb128 0x3a
 1055 00e2 0B       		.uleb128 0xb
 1056 00e3 3B       		.uleb128 0x3b
 1057 00e4 0B       		.uleb128 0xb
 1058 00e5 49       		.uleb128 0x49
 1059 00e6 13       		.uleb128 0x13
 1060 00e7 02       		.uleb128 0x2
 1061 00e8 0A       		.uleb128 0xa
 1062 00e9 00       		.byte	0x0
 1063 00ea 00       		.byte	0x0
 1064 00eb 12       		.uleb128 0x12
 1065 00ec 0B       		.uleb128 0xb
 1066 00ed 01       		.byte	0x1
 1067 00ee 11       		.uleb128 0x11
 1068 00ef 01       		.uleb128 0x1
 1069 00f0 12       		.uleb128 0x12
ARM GAS  C:\Users\z80\AppData\Local\Temp\cc2m5ERZ.s 			page 20


 1070 00f1 01       		.uleb128 0x1
 1071 00f2 01       		.uleb128 0x1
 1072 00f3 13       		.uleb128 0x13
 1073 00f4 00       		.byte	0x0
 1074 00f5 00       		.byte	0x0
 1075 00f6 13       		.uleb128 0x13
 1076 00f7 34       		.uleb128 0x34
 1077 00f8 00       		.byte	0x0
 1078 00f9 03       		.uleb128 0x3
 1079 00fa 08       		.uleb128 0x8
 1080 00fb 3A       		.uleb128 0x3a
 1081 00fc 0B       		.uleb128 0xb
 1082 00fd 3B       		.uleb128 0x3b
 1083 00fe 0B       		.uleb128 0xb
 1084 00ff 49       		.uleb128 0x49
 1085 0100 13       		.uleb128 0x13
 1086 0101 02       		.uleb128 0x2
 1087 0102 0A       		.uleb128 0xa
 1088 0103 00       		.byte	0x0
 1089 0104 00       		.byte	0x0
 1090 0105 14       		.uleb128 0x14
 1091 0106 0B       		.uleb128 0xb
 1092 0107 01       		.byte	0x1
 1093 0108 11       		.uleb128 0x11
 1094 0109 01       		.uleb128 0x1
 1095 010a 12       		.uleb128 0x12
 1096 010b 01       		.uleb128 0x1
 1097 010c 00       		.byte	0x0
 1098 010d 00       		.byte	0x0
 1099 010e 15       		.uleb128 0x15
 1100 010f 2E       		.uleb128 0x2e
 1101 0110 01       		.byte	0x1
 1102 0111 3F       		.uleb128 0x3f
 1103 0112 0C       		.uleb128 0xc
 1104 0113 03       		.uleb128 0x3
 1105 0114 0E       		.uleb128 0xe
 1106 0115 3A       		.uleb128 0x3a
 1107 0116 0B       		.uleb128 0xb
 1108 0117 3B       		.uleb128 0x3b
 1109 0118 0B       		.uleb128 0xb
 1110 0119 27       		.uleb128 0x27
 1111 011a 0C       		.uleb128 0xc
 1112 011b 11       		.uleb128 0x11
 1113 011c 01       		.uleb128 0x1
 1114 011d 12       		.uleb128 0x12
 1115 011e 01       		.uleb128 0x1
 1116 011f 40       		.uleb128 0x40
 1117 0120 06       		.uleb128 0x6
 1118 0121 00       		.byte	0x0
 1119 0122 00       		.byte	0x0
 1120 0123 00       		.byte	0x0
 1121              		.section	.debug_pubnames,"",%progbits
 1122 0000 71000000 		.4byte	0x71
 1123 0004 0200     		.2byte	0x2
 1124 0006 00000000 		.4byte	.Ldebug_info0
 1125 000a F6020000 		.4byte	0x2f6
 1126 000e 23010000 		.4byte	0x123
ARM GAS  C:\Users\z80\AppData\Local\Temp\cc2m5ERZ.s 			page 21


 1127 0012 6368506F 		.ascii	"chPoolInit\000"
 1127      6F6C496E 
 1127      697400
 1128 001d 6C010000 		.4byte	0x16c
 1129 0021 6368506F 		.ascii	"chPoolLoadArray\000"
 1129      6F6C4C6F 
 1129      61644172 
 1129      72617900 
 1130 0031 AB010000 		.4byte	0x1ab
 1131 0035 6368506F 		.ascii	"chPoolAllocI\000"
 1131      6F6C416C 
 1131      6C6F6349 
 1131      00
 1132 0042 E4010000 		.4byte	0x1e4
 1133 0046 6368506F 		.ascii	"chPoolAlloc\000"
 1133      6F6C416C 
 1133      6C6F6300 
 1134 0052 4F020000 		.4byte	0x24f
 1135 0056 6368506F 		.ascii	"chPoolFreeI\000"
 1135      6F6C4672 
 1135      65654900 
 1136 0062 92020000 		.4byte	0x292
 1137 0066 6368506F 		.ascii	"chPoolFree\000"
 1137      6F6C4672 
 1137      656500
 1138 0071 00000000 		.4byte	0x0
 1139              		.section	.debug_pubtypes,"",%progbits
 1140 0000 62000000 		.4byte	0x62
 1141 0004 0200     		.2byte	0x2
 1142 0006 00000000 		.4byte	.Ldebug_info0
 1143 000a F6020000 		.4byte	0x2f6
 1144 000e 30000000 		.4byte	0x30
 1145 0012 73697A65 		.ascii	"size_t\000"
 1145      5F7400
 1146 0019 49000000 		.4byte	0x49
 1147 001d 75696E74 		.ascii	"uint8_t\000"
 1147      385F7400 
 1148 0025 70000000 		.4byte	0x70
 1149 0029 75696E74 		.ascii	"uint32_t\000"
 1149      33325F74 
 1149      00
 1150 0032 9C000000 		.4byte	0x9c
 1151 0036 6D656D67 		.ascii	"memgetfunc_t\000"
 1151      65746675 
 1151      6E635F74 
 1151      00
 1152 0043 BD000000 		.4byte	0xbd
 1153 0047 706F6F6C 		.ascii	"pool_header\000"
 1153      5F686561 
 1153      64657200 
 1154 0053 11010000 		.4byte	0x111
 1155 0057 4D656D6F 		.ascii	"MemoryPool\000"
 1155      7279506F 
 1155      6F6C00
 1156 0062 00000000 		.4byte	0x0
 1157              		.section	.debug_aranges,"",%progbits
 1158 0000 44000000 		.4byte	0x44
ARM GAS  C:\Users\z80\AppData\Local\Temp\cc2m5ERZ.s 			page 22


 1159 0004 0200     		.2byte	0x2
 1160 0006 00000000 		.4byte	.Ldebug_info0
 1161 000a 04       		.byte	0x4
 1162 000b 00       		.byte	0x0
 1163 000c 0000     		.2byte	0x0
 1164 000e 0000     		.2byte	0x0
 1165 0010 00000000 		.4byte	.LFB7
 1166 0014 2A000000 		.4byte	.LFE7-.LFB7
 1167 0018 00000000 		.4byte	.LFB8
 1168 001c 3A000000 		.4byte	.LFE8-.LFB8
 1169 0020 00000000 		.4byte	.LFB9
 1170 0024 42000000 		.4byte	.LFE9-.LFB9
 1171 0028 00000000 		.4byte	.LFB10
 1172 002c 28000000 		.4byte	.LFE10-.LFB10
 1173 0030 00000000 		.4byte	.LFB11
 1174 0034 26000000 		.4byte	.LFE11-.LFB11
 1175 0038 00000000 		.4byte	.LFB12
 1176 003c 24000000 		.4byte	.LFE12-.LFB12
 1177 0040 00000000 		.4byte	0x0
 1178 0044 00000000 		.4byte	0x0
 1179              		.section	.debug_ranges,"",%progbits
 1180              	.Ldebug_ranges0:
 1181 0000 00000000 		.4byte	.LFB7
 1182 0004 2A000000 		.4byte	.LFE7
 1183 0008 00000000 		.4byte	.LFB8
 1184 000c 3A000000 		.4byte	.LFE8
 1185 0010 00000000 		.4byte	.LFB9
 1186 0014 42000000 		.4byte	.LFE9
 1187 0018 00000000 		.4byte	.LFB10
 1188 001c 28000000 		.4byte	.LFE10
 1189 0020 00000000 		.4byte	.LFB11
 1190 0024 26000000 		.4byte	.LFE11
 1191 0028 00000000 		.4byte	.LFB12
 1192 002c 24000000 		.4byte	.LFE12
 1193 0030 00000000 		.4byte	0x0
 1194 0034 00000000 		.4byte	0x0
 1195              		.section	.debug_str,"MS",%progbits,1
 1196              	.LASF2:
 1197 0000 73697A65 		.ascii	"size_t\000"
 1197      5F7400
 1198              	.LASF28:
 1199 0007 474E5520 		.ascii	"GNU C 4.5.0\000"
 1199      4320342E 
 1199      352E3000 
 1200              	.LASF16:
 1201 0013 6D705F6F 		.ascii	"mp_object_size\000"
 1201      626A6563 
 1201      745F7369 
 1201      7A6500
 1202              	.LASF23:
 1203 0022 6368506F 		.ascii	"chPoolLoadArray\000"
 1203      6F6C4C6F 
 1203      61644172 
 1203      72617900 
 1204              	.LASF31:
 1205 0032 706F6F6C 		.ascii	"pool_header\000"
 1205      5F686561 
ARM GAS  C:\Users\z80\AppData\Local\Temp\cc2m5ERZ.s 			page 23


 1205      64657200 
 1206              	.LASF20:
 1207 003e 73697A65 		.ascii	"size\000"
 1207      00
 1208              	.LASF9:
 1209 0043 6C6F6E67 		.ascii	"long unsigned int\000"
 1209      20756E73 
 1209      69676E65 
 1209      6420696E 
 1209      7400
 1210              	.LASF6:
 1211 0055 73686F72 		.ascii	"short unsigned int\000"
 1211      7420756E 
 1211      7369676E 
 1211      65642069 
 1211      6E7400
 1212              	.LASF21:
 1213 0068 70726F76 		.ascii	"provider\000"
 1213      69646572 
 1213      00
 1214              	.LASF27:
 1215 0071 6368506F 		.ascii	"chPoolFreeI\000"
 1215      6F6C4672 
 1215      65654900 
 1216              	.LASF4:
 1217 007d 756E7369 		.ascii	"unsigned char\000"
 1217      676E6564 
 1217      20636861 
 1217      7200
 1218              	.LASF29:
 1219 008b 2E2E2F63 		.ascii	"../chibios_2.6.3/os/kernel/src/chmempools.c\000"
 1219      68696269 
 1219      6F735F32 
 1219      2E362E33 
 1219      2F6F732F 
 1220              	.LASF32:
 1221 00b7 6368506F 		.ascii	"chPoolFree\000"
 1221      6F6C4672 
 1221      656500
 1222              	.LASF18:
 1223 00c2 4D656D6F 		.ascii	"MemoryPool\000"
 1223      7279506F 
 1223      6F6C00
 1224              	.LASF26:
 1225 00cd 6F626A70 		.ascii	"objp\000"
 1225      00
 1226              	.LASF24:
 1227 00d2 6368506F 		.ascii	"chPoolAllocI\000"
 1227      6F6C416C 
 1227      6C6F6349 
 1227      00
 1228              	.LASF0:
 1229 00df 756E7369 		.ascii	"unsigned int\000"
 1229      676E6564 
 1229      20696E74 
 1229      00
 1230              	.LASF11:
ARM GAS  C:\Users\z80\AppData\Local\Temp\cc2m5ERZ.s 			page 24


 1231 00ec 6C6F6E67 		.ascii	"long long unsigned int\000"
 1231      206C6F6E 
 1231      6720756E 
 1231      7369676E 
 1231      65642069 
 1232              	.LASF3:
 1233 0103 75696E74 		.ascii	"uint8_t\000"
 1233      385F7400 
 1234              	.LASF14:
 1235 010b 70685F6E 		.ascii	"ph_next\000"
 1235      65787400 
 1236              	.LASF10:
 1237 0113 6C6F6E67 		.ascii	"long long int\000"
 1237      206C6F6E 
 1237      6720696E 
 1237      7400
 1238              	.LASF19:
 1239 0121 63686172 		.ascii	"char\000"
 1239      00
 1240              	.LASF13:
 1241 0126 6D656D67 		.ascii	"memgetfunc_t\000"
 1241      65746675 
 1241      6E635F74 
 1241      00
 1242              	.LASF17:
 1243 0133 6D705F70 		.ascii	"mp_provider\000"
 1243      726F7669 
 1243      64657200 
 1244              	.LASF5:
 1245 013f 73686F72 		.ascii	"short int\000"
 1245      7420696E 
 1245      7400
 1246              	.LASF25:
 1247 0149 6368506F 		.ascii	"chPoolAlloc\000"
 1247      6F6C416C 
 1247      6C6F6300 
 1248              	.LASF8:
 1249 0155 75696E74 		.ascii	"uint32_t\000"
 1249      33325F74 
 1249      00
 1250              	.LASF7:
 1251 015e 6C6F6E67 		.ascii	"long int\000"
 1251      20696E74 
 1251      00
 1252              	.LASF1:
 1253 0167 7369676E 		.ascii	"signed char\000"
 1253      65642063 
 1253      68617200 
 1254              	.LASF15:
 1255 0173 6D705F6E 		.ascii	"mp_next\000"
 1255      65787400 
 1256              	.LASF30:
 1257 017b 433A5C70 		.ascii	"C:\\projects\\clock.git\\firmware\\firmware\000"
 1257      726F6A65 
 1257      6374735C 
 1257      636C6F63 
 1257      6B2E6769 
ARM GAS  C:\Users\z80\AppData\Local\Temp\cc2m5ERZ.s 			page 25


 1258              	.LASF12:
 1259 01a3 5F426F6F 		.ascii	"_Bool\000"
 1259      6C00
 1260              	.LASF22:
 1261 01a9 6368506F 		.ascii	"chPoolInit\000"
 1261      6F6C496E 
 1261      697400
 1262              		.ident	"GCC: (GNU) 4.5.0"
ARM GAS  C:\Users\z80\AppData\Local\Temp\cc2m5ERZ.s 			page 26


DEFINED SYMBOLS
                            *ABS*:00000000 chmempools.c
C:\Users\z80\AppData\Local\Temp\cc2m5ERZ.s:24     .text.chPoolInit:00000000 $t
C:\Users\z80\AppData\Local\Temp\cc2m5ERZ.s:30     .text.chPoolInit:00000000 chPoolInit
C:\Users\z80\AppData\Local\Temp\cc2m5ERZ.s:71     .text.chPoolLoadArray:00000000 $t
C:\Users\z80\AppData\Local\Temp\cc2m5ERZ.s:77     .text.chPoolLoadArray:00000000 chPoolLoadArray
C:\Users\z80\AppData\Local\Temp\cc2m5ERZ.s:294    .text.chPoolFree:00000000 chPoolFree
C:\Users\z80\AppData\Local\Temp\cc2m5ERZ.s:129    .text.chPoolAllocI:00000000 $t
C:\Users\z80\AppData\Local\Temp\cc2m5ERZ.s:135    .text.chPoolAllocI:00000000 chPoolAllocI
C:\Users\z80\AppData\Local\Temp\cc2m5ERZ.s:192    .text.chPoolAlloc:00000000 $t
C:\Users\z80\AppData\Local\Temp\cc2m5ERZ.s:198    .text.chPoolAlloc:00000000 chPoolAlloc
C:\Users\z80\AppData\Local\Temp\cc2m5ERZ.s:243    .text.chPoolFreeI:00000000 $t
C:\Users\z80\AppData\Local\Temp\cc2m5ERZ.s:249    .text.chPoolFreeI:00000000 chPoolFreeI
C:\Users\z80\AppData\Local\Temp\cc2m5ERZ.s:288    .text.chPoolFree:00000000 $t
                     .debug_frame:00000010 $d

NO UNDEFINED SYMBOLS
