ARM GAS  C:\Users\z80\AppData\Local\Temp\cci4No23.s 			page 1


   1              		.syntax unified
   2              		.cpu cortex-m3
   3              		.fpu softvfp
   4              		.eabi_attribute 20, 1
   5              		.eabi_attribute 21, 1
   6              		.eabi_attribute 23, 3
   7              		.eabi_attribute 24, 1
   8              		.eabi_attribute 25, 1
   9              		.eabi_attribute 26, 1
  10              		.eabi_attribute 30, 6
  11              		.eabi_attribute 18, 4
  12              		.thumb
  13              		.file	"chprintf.c"
  14              		.section	.debug_abbrev,"",%progbits
  15              	.Ldebug_abbrev0:
  16              		.section	.debug_info,"",%progbits
  17              	.Ldebug_info0:
  18              		.section	.debug_line,"",%progbits
  19              	.Ldebug_line0:
  20 0000 74020000 		.text
  20      02005001 
  20      00000201 
  20      FB0E0D00 
  20      01010101 
  21              	.Ltext0:
  22              		.cfi_sections	.debug_frame
  23              		.section	.text.long_to_string_with_divisor,"ax",%progbits
  24              		.align	2
  25              		.p2align 4,,15
  26              		.thumb
  27              		.thumb_func
  28              		.type	long_to_string_with_divisor, %function
  29              	long_to_string_with_divisor:
  30              	.LFB8:
  31              		.file 1 "../chibios_2.6.3/os/various/chprintf.c"
  32              		.loc 1 40 0
  33              		.cfi_startproc
  34              		@ args = 0, pretend = 0, frame = 32
  35              		@ frame_needed = 0, uses_anonymous_args = 0
  36              		@ link register save eliminated.
  37 0000 88B0     		sub	sp, sp, #32
  38              	.LCFI0:
  39              		.cfi_def_cfa_offset 32
  40 0002 0390     		str	r0, [sp, #12]
  41 0004 0291     		str	r1, [sp, #8]
  42 0006 0192     		str	r2, [sp, #4]
  43 0008 0093     		str	r3, [sp, #0]
  44              		.loc 1 45 0
  45 000a 029B     		ldr	r3, [sp, #8]
  46 000c 0593     		str	r3, [sp, #20]
  47              		.loc 1 46 0
  48 000e 009B     		ldr	r3, [sp, #0]
  49 0010 002B     		cmp	r3, #0
  50 0012 02D1     		bne	.L2
  51              		.loc 1 47 0
  52 0014 029B     		ldr	r3, [sp, #8]
  53 0016 0493     		str	r3, [sp, #16]
ARM GAS  C:\Users\z80\AppData\Local\Temp\cci4No23.s 			page 2


  54 0018 01E0     		b	.L3
  55              	.L2:
  56              		.loc 1 49 0
  57 001a 009B     		ldr	r3, [sp, #0]
  58 001c 0493     		str	r3, [sp, #16]
  59              	.L3:
  60              		.loc 1 52 0
  61 001e 039B     		ldr	r3, [sp, #12]
  62 0020 03F10B03 		add	r3, r3, #11
  63 0024 0693     		str	r3, [sp, #24]
  64              	.L5:
  65              		.loc 1 54 0
  66 0026 059B     		ldr	r3, [sp, #20]
  67 0028 019A     		ldr	r2, [sp, #4]
  68 002a B3FBF2F2 		udiv	r2, r3, r2
  69 002e 0199     		ldr	r1, [sp, #4]
  70 0030 01FB02F2 		mul	r2, r1, r2
  71 0034 C2EB0303 		rsb	r3, r2, r3
  72 0038 0793     		str	r3, [sp, #28]
  73              		.loc 1 55 0
  74 003a 079B     		ldr	r3, [sp, #28]
  75 003c 03F13003 		add	r3, r3, #48
  76 0040 0793     		str	r3, [sp, #28]
  77              		.loc 1 56 0
  78 0042 079B     		ldr	r3, [sp, #28]
  79 0044 392B     		cmp	r3, #57
  80 0046 03DD     		ble	.L4
  81              		.loc 1 57 0
  82 0048 079B     		ldr	r3, [sp, #28]
  83 004a 03F10703 		add	r3, r3, #7
  84 004e 0793     		str	r3, [sp, #28]
  85              	.L4:
  86              		.loc 1 58 0
  87 0050 069B     		ldr	r3, [sp, #24]
  88 0052 03F1FF33 		add	r3, r3, #-1
  89 0056 0693     		str	r3, [sp, #24]
  90 0058 079B     		ldr	r3, [sp, #28]
  91 005a DAB2     		uxtb	r2, r3
  92 005c 069B     		ldr	r3, [sp, #24]
  93 005e 1A70     		strb	r2, [r3, #0]
  94              		.loc 1 59 0
  95 0060 059A     		ldr	r2, [sp, #20]
  96 0062 019B     		ldr	r3, [sp, #4]
  97 0064 B2FBF3F3 		udiv	r3, r2, r3
  98 0068 0593     		str	r3, [sp, #20]
  99              		.loc 1 60 0
 100 006a 049A     		ldr	r2, [sp, #16]
 101 006c 019B     		ldr	r3, [sp, #4]
 102 006e B2FBF3F3 		udiv	r3, r2, r3
 103 0072 0493     		str	r3, [sp, #16]
 104 0074 049B     		ldr	r3, [sp, #16]
 105 0076 002B     		cmp	r3, #0
 106 0078 D5D1     		bne	.L5
 107              		.loc 1 62 0
 108 007a 039B     		ldr	r3, [sp, #12]
 109 007c 03F10B03 		add	r3, r3, #11
 110 0080 1A46     		mov	r2, r3
ARM GAS  C:\Users\z80\AppData\Local\Temp\cci4No23.s 			page 3


 111 0082 069B     		ldr	r3, [sp, #24]
 112 0084 C3EB0203 		rsb	r3, r3, r2
 113 0088 0793     		str	r3, [sp, #28]
 114              	.L6:
 115              		.loc 1 64 0 discriminator 1
 116 008a 069B     		ldr	r3, [sp, #24]
 117 008c 1A78     		ldrb	r2, [r3, #0]	@ zero_extendqisi2
 118 008e 039B     		ldr	r3, [sp, #12]
 119 0090 1A70     		strb	r2, [r3, #0]
 120 0092 039B     		ldr	r3, [sp, #12]
 121 0094 03F10103 		add	r3, r3, #1
 122 0098 0393     		str	r3, [sp, #12]
 123 009a 069B     		ldr	r3, [sp, #24]
 124 009c 03F10103 		add	r3, r3, #1
 125 00a0 0693     		str	r3, [sp, #24]
 126              		.loc 1 65 0 discriminator 1
 127 00a2 079B     		ldr	r3, [sp, #28]
 128 00a4 03F1FF33 		add	r3, r3, #-1
 129 00a8 0793     		str	r3, [sp, #28]
 130 00aa 079B     		ldr	r3, [sp, #28]
 131 00ac 002B     		cmp	r3, #0
 132 00ae ECD1     		bne	.L6
 133              		.loc 1 67 0
 134 00b0 039B     		ldr	r3, [sp, #12]
 135              		.loc 1 68 0
 136 00b2 1846     		mov	r0, r3
 137 00b4 08B0     		add	sp, sp, #32
 138 00b6 7047     		bx	lr
 139              		.cfi_endproc
 140              	.LFE8:
 141              		.size	long_to_string_with_divisor, .-long_to_string_with_divisor
 142 00b8 AFF30080 		.section	.text.ltoa,"ax",%progbits
 142      AFF30080 
 143              		.align	2
 144              		.p2align 4,,15
 145              		.thumb
 146              		.thumb_func
 147              		.type	ltoa, %function
 148              	ltoa:
 149              	.LFB9:
 150              		.loc 1 70 0
 151              		.cfi_startproc
 152              		@ args = 0, pretend = 0, frame = 16
 153              		@ frame_needed = 0, uses_anonymous_args = 0
 154 0000 00B5     		push	{lr}
 155              	.LCFI1:
 156              		.cfi_def_cfa_offset 4
 157 0002 85B0     		sub	sp, sp, #20
 158              	.LCFI2:
 159              		.cfi_def_cfa_offset 24
 160 0004 0390     		str	r0, [sp, #12]
 161 0006 0291     		str	r1, [sp, #8]
 162 0008 0192     		str	r2, [sp, #4]
 163              		.loc 1 72 0
 164 000a 0398     		ldr	r0, [sp, #12]
 165 000c 0299     		ldr	r1, [sp, #8]
 166 000e 019A     		ldr	r2, [sp, #4]
ARM GAS  C:\Users\z80\AppData\Local\Temp\cci4No23.s 			page 4


 167 0010 4FF00003 		mov	r3, #0
 168              		.cfi_offset 14, -4
 169 0014 FFF7FEFF 		bl	long_to_string_with_divisor
 170 0018 0346     		mov	r3, r0
 171              		.loc 1 73 0
 172 001a 1846     		mov	r0, r3
 173 001c 05B0     		add	sp, sp, #20
 174 001e 00BD     		pop	{pc}
 175              		.cfi_endproc
 176              	.LFE9:
 177              		.size	ltoa, .-ltoa
 178              		.section	.rodata
 179              		.align	2
 180              	.LC0:
 181 0000 286E756C 		.ascii	"(null)\000"
 181      6C2900
 182 0007 00       		.section	.text.chvprintf,"ax",%progbits
 183              		.align	2
 184              		.p2align 4,,15
 185              		.global	chvprintf
 186              		.thumb
 187              		.thumb_func
 188              		.type	chvprintf, %function
 189              	chvprintf:
 190              	.LFB10:
 191              		.loc 1 112 0
 192              		.cfi_startproc
 193              		@ args = 0, pretend = 0, frame = 64
 194              		@ frame_needed = 0, uses_anonymous_args = 0
 195 0000 00B5     		push	{lr}
 196              	.LCFI3:
 197              		.cfi_def_cfa_offset 4
 198 0002 91B0     		sub	sp, sp, #68
 199              	.LCFI4:
 200              		.cfi_def_cfa_offset 72
 201 0004 0390     		str	r0, [sp, #12]
 202 0006 0291     		str	r1, [sp, #8]
 203 0008 0192     		str	r2, [sp, #4]
 204              	.L56:
 205              		.loc 1 125 0
 206 000a 029B     		ldr	r3, [sp, #8]
 207 000c 1B78     		ldrb	r3, [r3, #0]
 208 000e 8DF83730 		strb	r3, [sp, #55]
 209 0012 029B     		ldr	r3, [sp, #8]
 210 0014 03F10103 		add	r3, r3, #1
 211 0018 0293     		str	r3, [sp, #8]
 212              		.loc 1 126 0
 213 001a 9DF83730 		ldrb	r3, [sp, #55]	@ zero_extendqisi2
 214 001e 002B     		cmp	r3, #0
 215 0020 00F03782 		beq	.L57
 216              		.cfi_offset 14, -4
 217              	.L9:
 218              		.loc 1 128 0
 219 0024 9DF83730 		ldrb	r3, [sp, #55]	@ zero_extendqisi2
 220 0028 252B     		cmp	r3, #37
 221 002a 09D0     		beq	.L10
 222              		.loc 1 129 0
ARM GAS  C:\Users\z80\AppData\Local\Temp\cci4No23.s 			page 5


 223 002c 039B     		ldr	r3, [sp, #12]
 224 002e 1B68     		ldr	r3, [r3, #0]
 225 0030 9B68     		ldr	r3, [r3, #8]
 226 0032 9DF83720 		ldrb	r2, [sp, #55]	@ zero_extendqisi2
 227 0036 0398     		ldr	r0, [sp, #12]
 228 0038 1146     		mov	r1, r2
 229 003a 9847     		blx	r3
 230              		.loc 1 130 0
 231 003c 00BF     		nop
 232              		.loc 1 260 0
 233 003e E4E7     		b	.L56
 234              	.L10:
 235              		.loc 1 132 0
 236 0040 05AB     		add	r3, sp, #20
 237 0042 0F93     		str	r3, [sp, #60]
 238              		.loc 1 133 0
 239 0044 05AB     		add	r3, sp, #20
 240 0046 0E93     		str	r3, [sp, #56]
 241              		.loc 1 134 0
 242 0048 4FF00003 		mov	r3, #0
 243 004c 8DF82630 		strb	r3, [sp, #38]
 244              		.loc 1 135 0
 245 0050 029B     		ldr	r3, [sp, #8]
 246 0052 1B78     		ldrb	r3, [r3, #0]	@ zero_extendqisi2
 247 0054 2D2B     		cmp	r3, #45
 248 0056 07D1     		bne	.L12
 249              		.loc 1 136 0
 250 0058 029B     		ldr	r3, [sp, #8]
 251 005a 03F10103 		add	r3, r3, #1
 252 005e 0293     		str	r3, [sp, #8]
 253              		.loc 1 137 0
 254 0060 4FF00103 		mov	r3, #1
 255 0064 8DF82630 		strb	r3, [sp, #38]
 256              	.L12:
 257              		.loc 1 139 0
 258 0068 4FF02003 		mov	r3, #32
 259 006c 8DF83630 		strb	r3, [sp, #54]
 260              		.loc 1 140 0
 261 0070 029B     		ldr	r3, [sp, #8]
 262 0072 1B78     		ldrb	r3, [r3, #0]	@ zero_extendqisi2
 263 0074 2E2B     		cmp	r3, #46
 264 0076 03D0     		beq	.L13
 265              		.loc 1 140 0 is_stmt 0 discriminator 1
 266 0078 029B     		ldr	r3, [sp, #8]
 267 007a 1B78     		ldrb	r3, [r3, #0]	@ zero_extendqisi2
 268 007c 302B     		cmp	r3, #48
 269 007e 07D1     		bne	.L14
 270              	.L13:
 271              		.loc 1 141 0 is_stmt 1
 272 0080 029B     		ldr	r3, [sp, #8]
 273 0082 03F10103 		add	r3, r3, #1
 274 0086 0293     		str	r3, [sp, #8]
 275              		.loc 1 142 0
 276 0088 4FF03003 		mov	r3, #48
 277 008c 8DF83630 		strb	r3, [sp, #54]
 278              	.L14:
 279              		.loc 1 144 0
ARM GAS  C:\Users\z80\AppData\Local\Temp\cci4No23.s 			page 6


 280 0090 4FF00003 		mov	r3, #0
 281 0094 0A93     		str	r3, [sp, #40]
 282              	.L20:
 283              		.loc 1 146 0
 284 0096 029B     		ldr	r3, [sp, #8]
 285 0098 1B78     		ldrb	r3, [r3, #0]
 286 009a 8DF83730 		strb	r3, [sp, #55]
 287 009e 029B     		ldr	r3, [sp, #8]
 288 00a0 03F10103 		add	r3, r3, #1
 289 00a4 0293     		str	r3, [sp, #8]
 290              		.loc 1 147 0
 291 00a6 9DF83730 		ldrb	r3, [sp, #55]	@ zero_extendqisi2
 292 00aa 2F2B     		cmp	r3, #47
 293 00ac 0AD9     		bls	.L15
 294              		.loc 1 147 0 is_stmt 0 discriminator 1
 295 00ae 9DF83730 		ldrb	r3, [sp, #55]	@ zero_extendqisi2
 296 00b2 392B     		cmp	r3, #57
 297 00b4 06D8     		bhi	.L15
 298              		.loc 1 148 0 is_stmt 1
 299 00b6 9DF83730 		ldrb	r3, [sp, #55]
 300 00ba A3F13003 		sub	r3, r3, #48
 301 00be 8DF83730 		strb	r3, [sp, #55]
 302 00c2 13E0     		b	.L16
 303              	.L15:
 304              		.loc 1 149 0
 305 00c4 9DF83730 		ldrb	r3, [sp, #55]	@ zero_extendqisi2
 306 00c8 2A2B     		cmp	r3, #42
 307 00ca 07D1     		bne	.L17
 308              		.loc 1 150 0
 309 00cc 019B     		ldr	r3, [sp, #4]
 310 00ce 03F10402 		add	r2, r3, #4
 311 00d2 0192     		str	r2, [sp, #4]
 312 00d4 1B68     		ldr	r3, [r3, #0]
 313 00d6 8DF83730 		strb	r3, [sp, #55]
 314 00da 07E0     		b	.L16
 315              	.L17:
 316              		.loc 1 155 0
 317 00dc 4FF00003 		mov	r3, #0
 318 00e0 0B93     		str	r3, [sp, #44]
 319              		.loc 1 156 0
 320 00e2 9DF83730 		ldrb	r3, [sp, #55]	@ zero_extendqisi2
 321 00e6 2E2B     		cmp	r3, #46
 322 00e8 0DD0     		beq	.L18
 323 00ea 3DE0     		b	.L19
 324              	.L16:
 325              		.loc 1 153 0
 326 00ec 0A9A     		ldr	r2, [sp, #40]
 327 00ee 1346     		mov	r3, r2
 328 00f0 4FEA8303 		lsl	r3, r3, #2
 329 00f4 1344     		add	r3, r3, r2
 330 00f6 4FEA4303 		lsl	r3, r3, #1
 331 00fa 1A46     		mov	r2, r3
 332 00fc 9DF83730 		ldrb	r3, [sp, #55]	@ zero_extendqisi2
 333 0100 1344     		add	r3, r2, r3
 334 0102 0A93     		str	r3, [sp, #40]
 335              		.loc 1 154 0
 336 0104 C7E7     		b	.L20
ARM GAS  C:\Users\z80\AppData\Local\Temp\cci4No23.s 			page 7


 337              	.L18:
 338              		.loc 1 158 0
 339 0106 029B     		ldr	r3, [sp, #8]
 340 0108 1B78     		ldrb	r3, [r3, #0]
 341 010a 8DF83730 		strb	r3, [sp, #55]
 342 010e 029B     		ldr	r3, [sp, #8]
 343 0110 03F10103 		add	r3, r3, #1
 344 0114 0293     		str	r3, [sp, #8]
 345              		.loc 1 159 0
 346 0116 9DF83730 		ldrb	r3, [sp, #55]	@ zero_extendqisi2
 347 011a 2F2B     		cmp	r3, #47
 348 011c 0AD9     		bls	.L21
 349              		.loc 1 159 0 is_stmt 0 discriminator 1
 350 011e 9DF83730 		ldrb	r3, [sp, #55]	@ zero_extendqisi2
 351 0122 392B     		cmp	r3, #57
 352 0124 06D8     		bhi	.L21
 353              		.loc 1 160 0 is_stmt 1
 354 0126 9DF83730 		ldrb	r3, [sp, #55]
 355 012a A3F13003 		sub	r3, r3, #48
 356 012e 8DF83730 		strb	r3, [sp, #55]
 357 0132 0AE0     		b	.L22
 358              	.L21:
 359              		.loc 1 161 0
 360 0134 9DF83730 		ldrb	r3, [sp, #55]	@ zero_extendqisi2
 361 0138 2A2B     		cmp	r3, #42
 362 013a 14D1     		bne	.L58
 363              		.loc 1 162 0
 364 013c 019B     		ldr	r3, [sp, #4]
 365 013e 03F10402 		add	r2, r3, #4
 366 0142 0192     		str	r2, [sp, #4]
 367 0144 1B68     		ldr	r3, [r3, #0]
 368 0146 8DF83730 		strb	r3, [sp, #55]
 369              	.L22:
 370              		.loc 1 165 0
 371 014a 0B9A     		ldr	r2, [sp, #44]
 372 014c 1346     		mov	r3, r2
 373 014e 4FEA8303 		lsl	r3, r3, #2
 374 0152 1344     		add	r3, r3, r2
 375 0154 4FEA4303 		lsl	r3, r3, #1
 376 0158 0B93     		str	r3, [sp, #44]
 377              		.loc 1 166 0
 378 015a 9DF83730 		ldrb	r3, [sp, #55]	@ zero_extendqisi2
 379 015e 0B9A     		ldr	r2, [sp, #44]
 380 0160 1344     		add	r3, r2, r3
 381 0162 0B93     		str	r3, [sp, #44]
 382              		.loc 1 167 0
 383 0164 CFE7     		b	.L18
 384              	.L58:
 385              		.loc 1 164 0
 386 0166 00BF     		nop
 387              	.L19:
 388              		.loc 1 170 0
 389 0168 9DF83730 		ldrb	r3, [sp, #55]	@ zero_extendqisi2
 390 016c 6C2B     		cmp	r3, #108
 391 016e 03D0     		beq	.L24
 392              		.loc 1 170 0 is_stmt 0 discriminator 1
 393 0170 9DF83730 		ldrb	r3, [sp, #55]	@ zero_extendqisi2
ARM GAS  C:\Users\z80\AppData\Local\Temp\cci4No23.s 			page 8


 394 0174 4C2B     		cmp	r3, #76
 395 0176 10D1     		bne	.L25
 396              	.L24:
 397              		.loc 1 171 0 is_stmt 1
 398 0178 4FF00103 		mov	r3, #1
 399 017c 8DF82730 		strb	r3, [sp, #39]
 400              		.loc 1 172 0
 401 0180 029B     		ldr	r3, [sp, #8]
 402 0182 1B78     		ldrb	r3, [r3, #0]	@ zero_extendqisi2
 403 0184 002B     		cmp	r3, #0
 404 0186 17D0     		beq	.L27
 405              		.loc 1 173 0
 406 0188 029B     		ldr	r3, [sp, #8]
 407 018a 1B78     		ldrb	r3, [r3, #0]
 408 018c 8DF83730 		strb	r3, [sp, #55]
 409 0190 029B     		ldr	r3, [sp, #8]
 410 0192 03F10103 		add	r3, r3, #1
 411 0196 0293     		str	r3, [sp, #8]
 412              		.loc 1 172 0
 413 0198 0EE0     		b	.L27
 414              	.L25:
 415              		.loc 1 176 0
 416 019a 9DF83730 		ldrb	r3, [sp, #55]	@ zero_extendqisi2
 417 019e 402B     		cmp	r3, #64
 418 01a0 06D9     		bls	.L28
 419              		.loc 1 176 0 is_stmt 0 discriminator 1
 420 01a2 9DF83730 		ldrb	r3, [sp, #55]	@ zero_extendqisi2
 421 01a6 5A2B     		cmp	r3, #90
 422 01a8 02D8     		bhi	.L28
 423              		.loc 1 176 0 discriminator 3
 424 01aa 4FF00103 		mov	r3, #1
 425 01ae 01E0     		b	.L29
 426              	.L28:
 427              		.loc 1 176 0 discriminator 2
 428 01b0 4FF00003 		mov	r3, #0
 429              	.L29:
 430              		.loc 1 176 0 discriminator 4
 431 01b4 8DF82730 		strb	r3, [sp, #39]
 432              	.L27:
 433              		.loc 1 179 0 is_stmt 1
 434 01b8 9DF83730 		ldrb	r3, [sp, #55]	@ zero_extendqisi2
 435 01bc A3F14403 		sub	r3, r3, #68
 436 01c0 342B     		cmp	r3, #52
 437 01c2 00F2FB80 		bhi	.L30
 438 01c6 01A2     		adr	r2, .L37
 439 01c8 52F823F0 		ldr	pc, [r2, r3, lsl #2]
 440              		.align	2
 441              	.L37:
 442 01cc 19030000 		.word	.L31+1
 443 01d0 BD030000 		.word	.L30+1
 444 01d4 BD030000 		.word	.L30+1
 445 01d8 BD030000 		.word	.L30+1
 446 01dc BD030000 		.word	.L30+1
 447 01e0 19030000 		.word	.L31+1
 448 01e4 BD030000 		.word	.L30+1
 449 01e8 BD030000 		.word	.L30+1
 450 01ec BD030000 		.word	.L30+1
ARM GAS  C:\Users\z80\AppData\Local\Temp\cci4No23.s 			page 9


 451 01f0 BD030000 		.word	.L30+1
 452 01f4 BD030000 		.word	.L30+1
 453 01f8 7F030000 		.word	.L32+1
 454 01fc BD030000 		.word	.L30+1
 455 0200 BD030000 		.word	.L30+1
 456 0204 BD030000 		.word	.L30+1
 457 0208 BD030000 		.word	.L30+1
 458 020c BD030000 		.word	.L30+1
 459 0210 75030000 		.word	.L33+1
 460 0214 BD030000 		.word	.L30+1
 461 0218 BD030000 		.word	.L30+1
 462 021c 6B030000 		.word	.L34+1
 463 0220 BD030000 		.word	.L30+1
 464 0224 BD030000 		.word	.L30+1
 465 0228 BD030000 		.word	.L30+1
 466 022c BD030000 		.word	.L30+1
 467 0230 BD030000 		.word	.L30+1
 468 0234 BD030000 		.word	.L30+1
 469 0238 BD030000 		.word	.L30+1
 470 023c BD030000 		.word	.L30+1
 471 0240 BD030000 		.word	.L30+1
 472 0244 BD030000 		.word	.L30+1
 473 0248 A1020000 		.word	.L35+1
 474 024c 19030000 		.word	.L31+1
 475 0250 BD030000 		.word	.L30+1
 476 0254 BD030000 		.word	.L30+1
 477 0258 BD030000 		.word	.L30+1
 478 025c BD030000 		.word	.L30+1
 479 0260 19030000 		.word	.L31+1
 480 0264 BD030000 		.word	.L30+1
 481 0268 BD030000 		.word	.L30+1
 482 026c BD030000 		.word	.L30+1
 483 0270 BD030000 		.word	.L30+1
 484 0274 BD030000 		.word	.L30+1
 485 0278 7F030000 		.word	.L32+1
 486 027c BD030000 		.word	.L30+1
 487 0280 BD030000 		.word	.L30+1
 488 0284 BD030000 		.word	.L30+1
 489 0288 C3020000 		.word	.L36+1
 490 028c BD030000 		.word	.L30+1
 491 0290 75030000 		.word	.L33+1
 492 0294 BD030000 		.word	.L30+1
 493 0298 BD030000 		.word	.L30+1
 494 029c 6B030000 		.word	.L34+1
 495              	.L35:
 496              		.loc 1 181 0
 497 02a0 4FF02003 		mov	r3, #32
 498 02a4 8DF83630 		strb	r3, [sp, #54]
 499              		.loc 1 182 0
 500 02a8 019B     		ldr	r3, [sp, #4]
 501 02aa 03F10402 		add	r2, r3, #4
 502 02ae 0192     		str	r2, [sp, #4]
 503 02b0 1B68     		ldr	r3, [r3, #0]
 504 02b2 DAB2     		uxtb	r2, r3
 505 02b4 0F9B     		ldr	r3, [sp, #60]
 506 02b6 1A70     		strb	r2, [r3, #0]
 507 02b8 0F9B     		ldr	r3, [sp, #60]
ARM GAS  C:\Users\z80\AppData\Local\Temp\cci4No23.s 			page 10


 508 02ba 03F10103 		add	r3, r3, #1
 509 02be 0F93     		str	r3, [sp, #60]
 510              		.loc 1 183 0
 511 02c0 86E0     		b	.L38
 512              	.L36:
 513              		.loc 1 185 0
 514 02c2 4FF02003 		mov	r3, #32
 515 02c6 8DF83630 		strb	r3, [sp, #54]
 516              		.loc 1 186 0
 517 02ca 019B     		ldr	r3, [sp, #4]
 518 02cc 03F10402 		add	r2, r3, #4
 519 02d0 0192     		str	r2, [sp, #4]
 520 02d2 1B68     		ldr	r3, [r3, #0]
 521 02d4 0E93     		str	r3, [sp, #56]
 522 02d6 0E9B     		ldr	r3, [sp, #56]
 523 02d8 002B     		cmp	r3, #0
 524 02da 04D1     		bne	.L39
 525              		.loc 1 187 0
 526 02dc 40F20003 		movw	r3, #:lower16:.LC0
 527 02e0 C0F20003 		movt	r3, #:upper16:.LC0
 528 02e4 0E93     		str	r3, [sp, #56]
 529              	.L39:
 530              		.loc 1 188 0
 531 02e6 0B9B     		ldr	r3, [sp, #44]
 532 02e8 002B     		cmp	r3, #0
 533 02ea 02D1     		bne	.L40
 534              		.loc 1 189 0
 535 02ec 47F6FF73 		movw	r3, #32767
 536 02f0 0B93     		str	r3, [sp, #44]
 537              	.L40:
 538              		.loc 1 190 0
 539 02f2 0E9B     		ldr	r3, [sp, #56]
 540 02f4 0F93     		str	r3, [sp, #60]
 541 02f6 03E0     		b	.L41
 542              	.L43:
 543              		.loc 1 190 0 is_stmt 0 discriminator 1
 544 02f8 0F9B     		ldr	r3, [sp, #60]
 545 02fa 03F10103 		add	r3, r3, #1
 546 02fe 0F93     		str	r3, [sp, #60]
 547              	.L41:
 548 0300 0F9B     		ldr	r3, [sp, #60]
 549 0302 1B78     		ldrb	r3, [r3, #0]	@ zero_extendqisi2
 550 0304 002B     		cmp	r3, #0
 551 0306 62D0     		beq	.L59
 552              		.loc 1 190 0 discriminator 2
 553 0308 0B9B     		ldr	r3, [sp, #44]
 554 030a 03F1FF33 		add	r3, r3, #-1
 555 030e 0B93     		str	r3, [sp, #44]
 556 0310 0B9B     		ldr	r3, [sp, #44]
 557 0312 002B     		cmp	r3, #0
 558 0314 F0DA     		bge	.L43
 559              		.loc 1 192 0 is_stmt 1
 560 0316 5BE0     		b	.L38
 561              	.L31:
 562              		.loc 1 197 0
 563 0318 9DF82730 		ldrb	r3, [sp, #39]	@ zero_extendqisi2
 564 031c 002B     		cmp	r3, #0
ARM GAS  C:\Users\z80\AppData\Local\Temp\cci4No23.s 			page 11


 565 031e 06D0     		beq	.L44
 566              		.loc 1 198 0
 567 0320 019B     		ldr	r3, [sp, #4]
 568 0322 03F10402 		add	r2, r3, #4
 569 0326 0192     		str	r2, [sp, #4]
 570 0328 1B68     		ldr	r3, [r3, #0]
 571 032a 0893     		str	r3, [sp, #32]
 572 032c 05E0     		b	.L45
 573              	.L44:
 574              		.loc 1 200 0
 575 032e 019B     		ldr	r3, [sp, #4]
 576 0330 03F10402 		add	r2, r3, #4
 577 0334 0192     		str	r2, [sp, #4]
 578 0336 1B68     		ldr	r3, [r3, #0]
 579 0338 0893     		str	r3, [sp, #32]
 580              	.L45:
 581              		.loc 1 201 0
 582 033a 089B     		ldr	r3, [sp, #32]
 583 033c 002B     		cmp	r3, #0
 584 033e 0BDA     		bge	.L46
 585              		.loc 1 202 0
 586 0340 0F9B     		ldr	r3, [sp, #60]
 587 0342 4FF02D02 		mov	r2, #45
 588 0346 1A70     		strb	r2, [r3, #0]
 589 0348 0F9B     		ldr	r3, [sp, #60]
 590 034a 03F10103 		add	r3, r3, #1
 591 034e 0F93     		str	r3, [sp, #60]
 592              		.loc 1 203 0
 593 0350 089B     		ldr	r3, [sp, #32]
 594 0352 C3F10003 		rsb	r3, r3, #0
 595 0356 0893     		str	r3, [sp, #32]
 596              	.L46:
 597              		.loc 1 205 0
 598 0358 0F98     		ldr	r0, [sp, #60]
 599 035a 0899     		ldr	r1, [sp, #32]
 600 035c 4FF00A02 		mov	r2, #10
 601 0360 FFF7FEFF 		bl	ltoa
 602 0364 0346     		mov	r3, r0
 603 0366 0F93     		str	r3, [sp, #60]
 604              		.loc 1 206 0
 605 0368 32E0     		b	.L38
 606              	.L34:
 607              		.loc 1 219 0
 608 036a 4FF01003 		mov	r3, #16
 609 036e 8DF83730 		strb	r3, [sp, #55]
 610              		.loc 1 220 0
 611 0372 08E0     		b	.L47
 612              	.L33:
 613              		.loc 1 223 0
 614 0374 4FF00A03 		mov	r3, #10
 615 0378 8DF83730 		strb	r3, [sp, #55]
 616              		.loc 1 224 0
 617 037c 03E0     		b	.L47
 618              	.L32:
 619              		.loc 1 227 0
 620 037e 4FF00803 		mov	r3, #8
 621 0382 8DF83730 		strb	r3, [sp, #55]
ARM GAS  C:\Users\z80\AppData\Local\Temp\cci4No23.s 			page 12


 622              	.L47:
 623              		.loc 1 229 0
 624 0386 9DF82730 		ldrb	r3, [sp, #39]	@ zero_extendqisi2
 625 038a 002B     		cmp	r3, #0
 626 038c 06D0     		beq	.L48
 627              		.loc 1 230 0
 628 038e 019B     		ldr	r3, [sp, #4]
 629 0390 03F10402 		add	r2, r3, #4
 630 0394 0192     		str	r2, [sp, #4]
 631 0396 1B68     		ldr	r3, [r3, #0]
 632 0398 0893     		str	r3, [sp, #32]
 633 039a 05E0     		b	.L49
 634              	.L48:
 635              		.loc 1 232 0
 636 039c 019B     		ldr	r3, [sp, #4]
 637 039e 03F10402 		add	r2, r3, #4
 638 03a2 0192     		str	r2, [sp, #4]
 639 03a4 1B68     		ldr	r3, [r3, #0]
 640 03a6 0893     		str	r3, [sp, #32]
 641              	.L49:
 642              		.loc 1 233 0
 643 03a8 9DF83730 		ldrb	r3, [sp, #55]	@ zero_extendqisi2
 644 03ac 0F98     		ldr	r0, [sp, #60]
 645 03ae 0899     		ldr	r1, [sp, #32]
 646 03b0 1A46     		mov	r2, r3
 647 03b2 FFF7FEFF 		bl	ltoa
 648 03b6 0346     		mov	r3, r0
 649 03b8 0F93     		str	r3, [sp, #60]
 650              		.loc 1 234 0
 651 03ba 09E0     		b	.L38
 652              	.L30:
 653              		.loc 1 236 0
 654 03bc 0F9B     		ldr	r3, [sp, #60]
 655 03be 9DF83720 		ldrb	r2, [sp, #55]
 656 03c2 1A70     		strb	r2, [r3, #0]
 657 03c4 0F9B     		ldr	r3, [sp, #60]
 658 03c6 03F10103 		add	r3, r3, #1
 659 03ca 0F93     		str	r3, [sp, #60]
 660              		.loc 1 237 0
 661 03cc 00E0     		b	.L38
 662              	.L59:
 663              		.loc 1 192 0
 664 03ce 00BF     		nop
 665              	.L38:
 666              		.loc 1 239 0
 667 03d0 0F9A     		ldr	r2, [sp, #60]
 668 03d2 0E9B     		ldr	r3, [sp, #56]
 669 03d4 C3EB0203 		rsb	r3, r3, r2
 670 03d8 0C93     		str	r3, [sp, #48]
 671              		.loc 1 240 0
 672 03da 0A9A     		ldr	r2, [sp, #40]
 673 03dc 0C9B     		ldr	r3, [sp, #48]
 674 03de C3EB0203 		rsb	r3, r3, r2
 675 03e2 0A93     		str	r3, [sp, #40]
 676 03e4 0A9B     		ldr	r3, [sp, #40]
 677 03e6 002B     		cmp	r3, #0
 678 03e8 02DA     		bge	.L50
ARM GAS  C:\Users\z80\AppData\Local\Temp\cci4No23.s 			page 13


 679              		.loc 1 241 0
 680 03ea 4FF00003 		mov	r3, #0
 681 03ee 0A93     		str	r3, [sp, #40]
 682              	.L50:
 683              		.loc 1 242 0
 684 03f0 9DF82630 		ldrb	r3, [sp, #38]
 685 03f4 83F00103 		eor	r3, r3, #1
 686 03f8 DBB2     		uxtb	r3, r3
 687 03fa 002B     		cmp	r3, #0
 688 03fc 03D0     		beq	.L51
 689              		.loc 1 243 0
 690 03fe 0A9B     		ldr	r3, [sp, #40]
 691 0400 C3F10003 		rsb	r3, r3, #0
 692 0404 0A93     		str	r3, [sp, #40]
 693              	.L51:
 694              		.loc 1 244 0
 695 0406 0A9B     		ldr	r3, [sp, #40]
 696 0408 002B     		cmp	r3, #0
 697 040a 26DA     		bge	.L52
 698              		.loc 1 245 0
 699 040c 0E9B     		ldr	r3, [sp, #56]
 700 040e 1B78     		ldrb	r3, [r3, #0]	@ zero_extendqisi2
 701 0410 2D2B     		cmp	r3, #45
 702 0412 13D1     		bne	.L53
 703              		.loc 1 245 0 is_stmt 0 discriminator 1
 704 0414 9DF83630 		ldrb	r3, [sp, #54]	@ zero_extendqisi2
 705 0418 302B     		cmp	r3, #48
 706 041a 0FD1     		bne	.L53
 707              		.loc 1 246 0 is_stmt 1
 708 041c 039B     		ldr	r3, [sp, #12]
 709 041e 1B68     		ldr	r3, [r3, #0]
 710 0420 9B68     		ldr	r3, [r3, #8]
 711 0422 0E9A     		ldr	r2, [sp, #56]
 712 0424 1278     		ldrb	r2, [r2, #0]	@ zero_extendqisi2
 713 0426 0E99     		ldr	r1, [sp, #56]
 714 0428 01F10101 		add	r1, r1, #1
 715 042c 0E91     		str	r1, [sp, #56]
 716 042e 0398     		ldr	r0, [sp, #12]
 717 0430 1146     		mov	r1, r2
 718 0432 9847     		blx	r3
 719              		.loc 1 247 0
 720 0434 0C9B     		ldr	r3, [sp, #48]
 721 0436 03F1FF33 		add	r3, r3, #-1
 722 043a 0C93     		str	r3, [sp, #48]
 723              	.L53:
 724              		.loc 1 250 0 discriminator 1
 725 043c 039B     		ldr	r3, [sp, #12]
 726 043e 1B68     		ldr	r3, [r3, #0]
 727 0440 9B68     		ldr	r3, [r3, #8]
 728 0442 9DF83620 		ldrb	r2, [sp, #54]	@ zero_extendqisi2
 729 0446 0398     		ldr	r0, [sp, #12]
 730 0448 1146     		mov	r1, r2
 731 044a 9847     		blx	r3
 732              		.loc 1 251 0 discriminator 1
 733 044c 0A9B     		ldr	r3, [sp, #40]
 734 044e 03F10103 		add	r3, r3, #1
 735 0452 0A93     		str	r3, [sp, #40]
ARM GAS  C:\Users\z80\AppData\Local\Temp\cci4No23.s 			page 14


 736 0454 0A9B     		ldr	r3, [sp, #40]
 737 0456 002B     		cmp	r3, #0
 738 0458 F0D1     		bne	.L53
 739              	.L52:
 740              		.loc 1 253 0
 741 045a 039B     		ldr	r3, [sp, #12]
 742 045c 1B68     		ldr	r3, [r3, #0]
 743 045e 1B68     		ldr	r3, [r3, #0]
 744 0460 0C9A     		ldr	r2, [sp, #48]
 745 0462 0398     		ldr	r0, [sp, #12]
 746 0464 0E99     		ldr	r1, [sp, #56]
 747 0466 9847     		blx	r3
 748              		.loc 1 254 0
 749 0468 0C9B     		ldr	r3, [sp, #48]
 750 046a 0E9A     		ldr	r2, [sp, #56]
 751 046c 1344     		add	r3, r2, r3
 752 046e 0E93     		str	r3, [sp, #56]
 753              		.loc 1 256 0
 754 0470 0BE0     		b	.L54
 755              	.L55:
 756              		.loc 1 257 0
 757 0472 039B     		ldr	r3, [sp, #12]
 758 0474 1B68     		ldr	r3, [r3, #0]
 759 0476 9B68     		ldr	r3, [r3, #8]
 760 0478 9DF83620 		ldrb	r2, [sp, #54]	@ zero_extendqisi2
 761 047c 0398     		ldr	r0, [sp, #12]
 762 047e 1146     		mov	r1, r2
 763 0480 9847     		blx	r3
 764              		.loc 1 258 0
 765 0482 0A9B     		ldr	r3, [sp, #40]
 766 0484 03F1FF33 		add	r3, r3, #-1
 767 0488 0A93     		str	r3, [sp, #40]
 768              	.L54:
 769              		.loc 1 256 0 discriminator 1
 770 048a 0A9B     		ldr	r3, [sp, #40]
 771 048c 002B     		cmp	r3, #0
 772 048e F0D1     		bne	.L55
 773              		.loc 1 260 0
 774 0490 BBE5     		b	.L56
 775              	.L57:
 776              		.loc 1 261 0
 777 0492 11B0     		add	sp, sp, #68
 778 0494 00BD     		pop	{pc}
 779              		.cfi_endproc
 780              	.LFE10:
 781              		.size	chvprintf, .-chvprintf
 782 0496 00BFAFF3 		.section	.text.chsnprintf,"ax",%progbits
 782      0080AFF3 
 782      0080
 783              		.align	2
 784              		.p2align 4,,15
 785              		.global	chsnprintf
 786              		.thumb
 787              		.thumb_func
 788              		.type	chsnprintf, %function
 789              	chsnprintf:
 790              	.LFB11:
ARM GAS  C:\Users\z80\AppData\Local\Temp\cci4No23.s 			page 15


 791              		.loc 1 288 0
 792              		.cfi_startproc
 793              		@ args = 4, pretend = 8, frame = 40
 794              		@ frame_needed = 0, uses_anonymous_args = 1
 795 0000 0CB4     		push	{r2, r3}
 796              	.LCFI5:
 797              		.cfi_def_cfa_offset 8
 798 0002 00B5     		push	{lr}
 799              	.LCFI6:
 800              		.cfi_def_cfa_offset 12
 801 0004 8BB0     		sub	sp, sp, #44
 802              	.LCFI7:
 803              		.cfi_def_cfa_offset 56
 804 0006 0190     		str	r0, [sp, #4]
 805 0008 0091     		str	r1, [sp, #0]
 806              		.loc 1 294 0
 807 000a 03AB     		add	r3, sp, #12
 808              		.cfi_offset 14, -12
 809              		.cfi_offset 3, -4
 810              		.cfi_offset 2, -8
 811 000c 1846     		mov	r0, r3
 812 000e 0199     		ldr	r1, [sp, #4]
 813 0010 009A     		ldr	r2, [sp, #0]
 814 0012 4FF00003 		mov	r3, #0
 815 0016 FFF7FEFF 		bl	msObjectInit
 816              		.loc 1 297 0
 817 001a 03AB     		add	r3, sp, #12
 818 001c 0993     		str	r3, [sp, #36]
 819              		.loc 1 298 0
 820 001e 0DAB     		add	r3, sp, #52
 821 0020 0893     		str	r3, [sp, #32]
 822              		.loc 1 299 0
 823 0022 0998     		ldr	r0, [sp, #36]
 824 0024 0C99     		ldr	r1, [sp, #48]
 825 0026 089A     		ldr	r2, [sp, #32]
 826 0028 FFF7FEFF 		bl	chvprintf
 827              		.loc 1 303 0
 828 002c 099B     		ldr	r3, [sp, #36]
 829 002e 1B68     		ldr	r3, [r3, #0]
 830 0030 9B68     		ldr	r3, [r3, #8]
 831 0032 0998     		ldr	r0, [sp, #36]
 832 0034 4FF00001 		mov	r1, #0
 833 0038 9847     		blx	r3
 834              		.loc 1 304 0
 835 003a 069B     		ldr	r3, [sp, #24]
 836 003c 03F1FF33 		add	r3, r3, #-1
 837              		.loc 1 305 0
 838 0040 1846     		mov	r0, r3
 839 0042 0BB0     		add	sp, sp, #44
 840 0044 5DF804EB 		pop	{lr}
 841 0048 02B0     		add	sp, sp, #8
 842 004a 7047     		bx	lr
 843              		.cfi_endproc
 844              	.LFE11:
 845              		.size	chsnprintf, .-chsnprintf
 846 004c AFF30080 		.text
 847              	.Letext0:
ARM GAS  C:\Users\z80\AppData\Local\Temp\cci4No23.s 			page 16


 848              		.section	.debug_loc,"",%progbits
 849              	.Ldebug_loc0:
 850              	.LLST0:
 851 0000 00000000 		.4byte	.LFB8
 852 0004 02000000 		.4byte	.LCFI0
 853 0008 0200     		.2byte	0x2
 854 000a 7D       		.byte	0x7d
 855 000b 00       		.sleb128 0
 856 000c 02000000 		.4byte	.LCFI0
 857 0010 B8000000 		.4byte	.LFE8
 858 0014 0200     		.2byte	0x2
 859 0016 7D       		.byte	0x7d
 860 0017 20       		.sleb128 32
 861 0018 00000000 		.4byte	0x0
 862 001c 00000000 		.4byte	0x0
 863              	.LLST1:
 864 0020 00000000 		.4byte	.LFB9
 865 0024 02000000 		.4byte	.LCFI1
 866 0028 0200     		.2byte	0x2
 867 002a 7D       		.byte	0x7d
 868 002b 00       		.sleb128 0
 869 002c 02000000 		.4byte	.LCFI1
 870 0030 04000000 		.4byte	.LCFI2
 871 0034 0200     		.2byte	0x2
 872 0036 7D       		.byte	0x7d
 873 0037 04       		.sleb128 4
 874 0038 04000000 		.4byte	.LCFI2
 875 003c 20000000 		.4byte	.LFE9
 876 0040 0200     		.2byte	0x2
 877 0042 7D       		.byte	0x7d
 878 0043 18       		.sleb128 24
 879 0044 00000000 		.4byte	0x0
 880 0048 00000000 		.4byte	0x0
 881              	.LLST2:
 882 004c 00000000 		.4byte	.LFB10
 883 0050 02000000 		.4byte	.LCFI3
 884 0054 0200     		.2byte	0x2
 885 0056 7D       		.byte	0x7d
 886 0057 00       		.sleb128 0
 887 0058 02000000 		.4byte	.LCFI3
 888 005c 04000000 		.4byte	.LCFI4
 889 0060 0200     		.2byte	0x2
 890 0062 7D       		.byte	0x7d
 891 0063 04       		.sleb128 4
 892 0064 04000000 		.4byte	.LCFI4
 893 0068 96040000 		.4byte	.LFE10
 894 006c 0300     		.2byte	0x3
 895 006e 7D       		.byte	0x7d
 896 006f C800     		.sleb128 72
 897 0071 00000000 		.4byte	0x0
 898 0075 00000000 		.4byte	0x0
 899              	.LLST3:
 900 0079 00000000 		.4byte	.LFB11
 901 007d 02000000 		.4byte	.LCFI5
 902 0081 0200     		.2byte	0x2
 903 0083 7D       		.byte	0x7d
 904 0084 00       		.sleb128 0
ARM GAS  C:\Users\z80\AppData\Local\Temp\cci4No23.s 			page 17


 905 0085 02000000 		.4byte	.LCFI5
 906 0089 04000000 		.4byte	.LCFI6
 907 008d 0200     		.2byte	0x2
 908 008f 7D       		.byte	0x7d
 909 0090 08       		.sleb128 8
 910 0091 04000000 		.4byte	.LCFI6
 911 0095 06000000 		.4byte	.LCFI7
 912 0099 0200     		.2byte	0x2
 913 009b 7D       		.byte	0x7d
 914 009c 0C       		.sleb128 12
 915 009d 06000000 		.4byte	.LCFI7
 916 00a1 4C000000 		.4byte	.LFE11
 917 00a5 0200     		.2byte	0x2
 918 00a7 7D       		.byte	0x7d
 919 00a8 38       		.sleb128 56
 920 00a9 00000000 		.4byte	0x0
 921 00ad 00000000 		.4byte	0x0
 922              		.file 2 "c:\\programs\\yagarto\\bin\\../lib/gcc/arm-none-eabi/4.5.0/include/stddef.h"
 923              		.file 3 "c:/programs/yagarto/lib/gcc/../../arm-none-eabi/sys-include/stdint.h"
 924              		.file 4 "../chibios_2.6.3/os/ports/GCC/ARMCMx/chtypes.h"
 925              		.file 5 "../chibios_2.6.3/os/kernel/include/chstreams.h"
 926              		.file 6 "c:\\programs\\yagarto\\bin\\../lib/gcc/arm-none-eabi/4.5.0/include/stdarg.h"
 927              		.file 7 "../chibios_2.6.3/os/various/memstreams.h"
 928              		.section	.debug_info
 929 0000 C5040000 		.4byte	0x4c5
 930 0004 0200     		.2byte	0x2
 931 0006 00000000 		.4byte	.Ldebug_abbrev0
 932 000a 04       		.byte	0x4
 933 000b 01       		.uleb128 0x1
 934 000c 07000000 		.4byte	.LASF39
 935 0010 01       		.byte	0x1
 936 0011 BA000000 		.4byte	.LASF40
 937 0015 D8010000 		.4byte	.LASF41
 938 0019 00000000 		.4byte	0x0
 939 001d 00000000 		.4byte	0x0
 940 0021 00000000 		.4byte	.Ldebug_ranges0+0x0
 941 0025 00000000 		.4byte	.Ldebug_line0
 942 0029 02       		.uleb128 0x2
 943 002a 04       		.byte	0x4
 944 002b 05       		.byte	0x5
 945 002c 696E7400 		.ascii	"int\000"
 946 0030 03       		.uleb128 0x3
 947 0031 00000000 		.4byte	.LASF2
 948 0035 02       		.byte	0x2
 949 0036 D3       		.byte	0xd3
 950 0037 3B000000 		.4byte	0x3b
 951 003b 04       		.uleb128 0x4
 952 003c 04       		.byte	0x4
 953 003d 07       		.byte	0x7
 954 003e 06010000 		.4byte	.LASF0
 955 0042 04       		.uleb128 0x4
 956 0043 01       		.byte	0x1
 957 0044 06       		.byte	0x6
 958 0045 C7010000 		.4byte	.LASF1
 959 0049 03       		.uleb128 0x3
 960 004a 51000000 		.4byte	.LASF3
 961 004e 03       		.byte	0x3
ARM GAS  C:\Users\z80\AppData\Local\Temp\cci4No23.s 			page 18


 962 004f 2A       		.byte	0x2a
 963 0050 54000000 		.4byte	0x54
 964 0054 04       		.uleb128 0x4
 965 0055 01       		.byte	0x1
 966 0056 08       		.byte	0x8
 967 0057 AC000000 		.4byte	.LASF4
 968 005b 04       		.uleb128 0x4
 969 005c 02       		.byte	0x2
 970 005d 05       		.byte	0x5
 971 005e 9D010000 		.4byte	.LASF5
 972 0062 04       		.uleb128 0x4
 973 0063 02       		.byte	0x2
 974 0064 07       		.byte	0x7
 975 0065 85000000 		.4byte	.LASF6
 976 0069 03       		.uleb128 0x3
 977 006a 55010000 		.4byte	.LASF7
 978 006e 03       		.byte	0x3
 979 006f 4F       		.byte	0x4f
 980 0070 74000000 		.4byte	0x74
 981 0074 04       		.uleb128 0x4
 982 0075 04       		.byte	0x4
 983 0076 05       		.byte	0x5
 984 0077 BE010000 		.4byte	.LASF8
 985 007b 04       		.uleb128 0x4
 986 007c 04       		.byte	0x4
 987 007d 07       		.byte	0x7
 988 007e 73000000 		.4byte	.LASF9
 989 0082 04       		.uleb128 0x4
 990 0083 08       		.byte	0x8
 991 0084 05       		.byte	0x5
 992 0085 6E010000 		.4byte	.LASF10
 993 0089 04       		.uleb128 0x4
 994 008a 08       		.byte	0x8
 995 008b 07       		.byte	0x7
 996 008c 19010000 		.4byte	.LASF11
 997 0090 03       		.uleb128 0x3
 998 0091 21000000 		.4byte	.LASF12
 999 0095 04       		.byte	0x4
 1000 0096 2B       		.byte	0x2b
 1001 0097 9B000000 		.4byte	0x9b
 1002 009b 04       		.uleb128 0x4
 1003 009c 01       		.byte	0x1
 1004 009d 02       		.byte	0x2
 1005 009e 00020000 		.4byte	.LASF13
 1006 00a2 03       		.uleb128 0x3
 1007 00a3 13010000 		.4byte	.LASF14
 1008 00a7 04       		.byte	0x4
 1009 00a8 31       		.byte	0x31
 1010 00a9 69000000 		.4byte	0x69
 1011 00ad 05       		.uleb128 0x5
 1012 00ae 04       		.byte	0x4
 1013 00af 06       		.uleb128 0x6
 1014 00b0 04       		.byte	0x4
 1015 00b1 07       		.byte	0x7
 1016 00b2 07       		.uleb128 0x7
 1017 00b3 04       		.byte	0x4
 1018 00b4 B8000000 		.4byte	0xb8
ARM GAS  C:\Users\z80\AppData\Local\Temp\cci4No23.s 			page 19


 1019 00b8 08       		.uleb128 0x8
 1020 00b9 BD000000 		.4byte	0xbd
 1021 00bd 04       		.uleb128 0x4
 1022 00be 01       		.byte	0x1
 1023 00bf 08       		.byte	0x8
 1024 00c0 86010000 		.4byte	.LASF15
 1025 00c4 07       		.uleb128 0x7
 1026 00c5 04       		.byte	0x4
 1027 00c6 CA000000 		.4byte	0xca
 1028 00ca 09       		.uleb128 0x9
 1029 00cb 01       		.byte	0x1
 1030 00cc A2000000 		.4byte	0xa2
 1031 00d0 DA000000 		.4byte	0xda
 1032 00d4 0A       		.uleb128 0xa
 1033 00d5 AD000000 		.4byte	0xad
 1034 00d9 00       		.byte	0x0
 1035 00da 07       		.uleb128 0x7
 1036 00db 04       		.byte	0x4
 1037 00dc 49000000 		.4byte	0x49
 1038 00e0 0B       		.uleb128 0xb
 1039 00e1 06020000 		.4byte	.LASF21
 1040 00e5 10       		.byte	0x10
 1041 00e6 05       		.byte	0x5
 1042 00e7 48       		.byte	0x48
 1043 00e8 25010000 		.4byte	0x125
 1044 00ec 0C       		.uleb128 0xc
 1045 00ed 98000000 		.4byte	.LASF16
 1046 00f1 05       		.byte	0x5
 1047 00f2 49       		.byte	0x49
 1048 00f3 4A010000 		.4byte	0x14a
 1049 00f7 02       		.byte	0x2
 1050 00f8 23       		.byte	0x23
 1051 00f9 00       		.uleb128 0x0
 1052 00fa 0C       		.uleb128 0xc
 1053 00fb F0000000 		.4byte	.LASF17
 1054 00ff 05       		.byte	0x5
 1055 0100 49       		.byte	0x49
 1056 0101 6A010000 		.4byte	0x16a
 1057 0105 02       		.byte	0x2
 1058 0106 23       		.byte	0x23
 1059 0107 04       		.uleb128 0x4
 1060 0108 0D       		.uleb128 0xd
 1061 0109 70757400 		.ascii	"put\000"
 1062 010d 05       		.byte	0x5
 1063 010e 49       		.byte	0x49
 1064 010f 85010000 		.4byte	0x185
 1065 0113 02       		.byte	0x2
 1066 0114 23       		.byte	0x23
 1067 0115 08       		.uleb128 0x8
 1068 0116 0D       		.uleb128 0xd
 1069 0117 67657400 		.ascii	"get\000"
 1070 011b 05       		.byte	0x5
 1071 011c 49       		.byte	0x49
 1072 011d C4000000 		.4byte	0xc4
 1073 0121 02       		.byte	0x2
 1074 0122 23       		.byte	0x23
 1075 0123 0C       		.uleb128 0xc
ARM GAS  C:\Users\z80\AppData\Local\Temp\cci4No23.s 			page 20


 1076 0124 00       		.byte	0x0
 1077 0125 09       		.uleb128 0x9
 1078 0126 01       		.byte	0x1
 1079 0127 30000000 		.4byte	0x30
 1080 012b 3F010000 		.4byte	0x13f
 1081 012f 0A       		.uleb128 0xa
 1082 0130 AD000000 		.4byte	0xad
 1083 0134 0A       		.uleb128 0xa
 1084 0135 3F010000 		.4byte	0x13f
 1085 0139 0A       		.uleb128 0xa
 1086 013a 30000000 		.4byte	0x30
 1087 013e 00       		.byte	0x0
 1088 013f 07       		.uleb128 0x7
 1089 0140 04       		.byte	0x4
 1090 0141 45010000 		.4byte	0x145
 1091 0145 08       		.uleb128 0x8
 1092 0146 49000000 		.4byte	0x49
 1093 014a 07       		.uleb128 0x7
 1094 014b 04       		.byte	0x4
 1095 014c 25010000 		.4byte	0x125
 1096 0150 09       		.uleb128 0x9
 1097 0151 01       		.byte	0x1
 1098 0152 30000000 		.4byte	0x30
 1099 0156 6A010000 		.4byte	0x16a
 1100 015a 0A       		.uleb128 0xa
 1101 015b AD000000 		.4byte	0xad
 1102 015f 0A       		.uleb128 0xa
 1103 0160 DA000000 		.4byte	0xda
 1104 0164 0A       		.uleb128 0xa
 1105 0165 30000000 		.4byte	0x30
 1106 0169 00       		.byte	0x0
 1107 016a 07       		.uleb128 0x7
 1108 016b 04       		.byte	0x4
 1109 016c 50010000 		.4byte	0x150
 1110 0170 09       		.uleb128 0x9
 1111 0171 01       		.byte	0x1
 1112 0172 A2000000 		.4byte	0xa2
 1113 0176 85010000 		.4byte	0x185
 1114 017a 0A       		.uleb128 0xa
 1115 017b AD000000 		.4byte	0xad
 1116 017f 0A       		.uleb128 0xa
 1117 0180 49000000 		.4byte	0x49
 1118 0184 00       		.byte	0x0
 1119 0185 07       		.uleb128 0x7
 1120 0186 04       		.byte	0x4
 1121 0187 70010000 		.4byte	0x170
 1122 018b 0E       		.uleb128 0xe
 1123 018c 04       		.byte	0x4
 1124 018d 05       		.byte	0x5
 1125 018e 51       		.byte	0x51
 1126 018f A2010000 		.4byte	0x1a2
 1127 0193 0D       		.uleb128 0xd
 1128 0194 766D7400 		.ascii	"vmt\000"
 1129 0198 05       		.byte	0x5
 1130 0199 53       		.byte	0x53
 1131 019a A2010000 		.4byte	0x1a2
 1132 019e 02       		.byte	0x2
ARM GAS  C:\Users\z80\AppData\Local\Temp\cci4No23.s 			page 21


 1133 019f 23       		.byte	0x23
 1134 01a0 00       		.uleb128 0x0
 1135 01a1 00       		.byte	0x0
 1136 01a2 07       		.uleb128 0x7
 1137 01a3 04       		.byte	0x4
 1138 01a4 A8010000 		.4byte	0x1a8
 1139 01a8 08       		.uleb128 0x8
 1140 01a9 E0000000 		.4byte	0xe0
 1141 01ad 03       		.uleb128 0x3
 1142 01ae 59000000 		.4byte	.LASF18
 1143 01b2 05       		.byte	0x5
 1144 01b3 55       		.byte	0x55
 1145 01b4 8B010000 		.4byte	0x18b
 1146 01b8 03       		.uleb128 0x3
 1147 01b9 E1000000 		.4byte	.LASF19
 1148 01bd 06       		.byte	0x6
 1149 01be 28       		.byte	0x28
 1150 01bf C3010000 		.4byte	0x1c3
 1151 01c3 0F       		.uleb128 0xf
 1152 01c4 64010000 		.4byte	.LASF42
 1153 01c8 04       		.byte	0x4
 1154 01c9 DB010000 		.4byte	0x1db
 1155 01cd 10       		.uleb128 0x10
 1156 01ce 38010000 		.4byte	.LASF43
 1157 01d2 AD000000 		.4byte	0xad
 1158 01d6 02       		.byte	0x2
 1159 01d7 23       		.byte	0x23
 1160 01d8 00       		.uleb128 0x0
 1161 01d9 01       		.byte	0x1
 1162 01da 00       		.byte	0x0
 1163 01db 03       		.uleb128 0x3
 1164 01dc 9E000000 		.4byte	.LASF20
 1165 01e0 06       		.byte	0x6
 1166 01e1 66       		.byte	0x66
 1167 01e2 B8010000 		.4byte	0x1b8
 1168 01e6 0B       		.uleb128 0xb
 1169 01e7 28000000 		.4byte	.LASF22
 1170 01eb 10       		.byte	0x10
 1171 01ec 07       		.byte	0x7
 1172 01ed 3D       		.byte	0x3d
 1173 01ee 2B020000 		.4byte	0x22b
 1174 01f2 0C       		.uleb128 0xc
 1175 01f3 98000000 		.4byte	.LASF16
 1176 01f7 07       		.byte	0x7
 1177 01f8 3E       		.byte	0x3e
 1178 01f9 4A010000 		.4byte	0x14a
 1179 01fd 02       		.byte	0x2
 1180 01fe 23       		.byte	0x23
 1181 01ff 00       		.uleb128 0x0
 1182 0200 0C       		.uleb128 0xc
 1183 0201 F0000000 		.4byte	.LASF17
 1184 0205 07       		.byte	0x7
 1185 0206 3E       		.byte	0x3e
 1186 0207 6A010000 		.4byte	0x16a
 1187 020b 02       		.byte	0x2
 1188 020c 23       		.byte	0x23
 1189 020d 04       		.uleb128 0x4
ARM GAS  C:\Users\z80\AppData\Local\Temp\cci4No23.s 			page 22


 1190 020e 0D       		.uleb128 0xd
 1191 020f 70757400 		.ascii	"put\000"
 1192 0213 07       		.byte	0x7
 1193 0214 3E       		.byte	0x3e
 1194 0215 85010000 		.4byte	0x185
 1195 0219 02       		.byte	0x2
 1196 021a 23       		.byte	0x23
 1197 021b 08       		.uleb128 0x8
 1198 021c 0D       		.uleb128 0xd
 1199 021d 67657400 		.ascii	"get\000"
 1200 0221 07       		.byte	0x7
 1201 0222 3E       		.byte	0x3e
 1202 0223 C4000000 		.4byte	0xc4
 1203 0227 02       		.byte	0x2
 1204 0228 23       		.byte	0x23
 1205 0229 0C       		.uleb128 0xc
 1206 022a 00       		.byte	0x0
 1207 022b 0E       		.uleb128 0xe
 1208 022c 14       		.byte	0x14
 1209 022d 07       		.byte	0x7
 1210 022e 46       		.byte	0x46
 1211 022f 7A020000 		.4byte	0x27a
 1212 0233 0D       		.uleb128 0xd
 1213 0234 766D7400 		.ascii	"vmt\000"
 1214 0238 07       		.byte	0x7
 1215 0239 48       		.byte	0x48
 1216 023a 7A020000 		.4byte	0x27a
 1217 023e 02       		.byte	0x2
 1218 023f 23       		.byte	0x23
 1219 0240 00       		.uleb128 0x0
 1220 0241 0C       		.uleb128 0xc
 1221 0242 A7010000 		.4byte	.LASF23
 1222 0246 07       		.byte	0x7
 1223 0247 49       		.byte	0x49
 1224 0248 DA000000 		.4byte	0xda
 1225 024c 02       		.byte	0x2
 1226 024d 23       		.byte	0x23
 1227 024e 04       		.uleb128 0x4
 1228 024f 0C       		.uleb128 0xc
 1229 0250 6E000000 		.4byte	.LASF24
 1230 0254 07       		.byte	0x7
 1231 0255 49       		.byte	0x49
 1232 0256 30000000 		.4byte	0x30
 1233 025a 02       		.byte	0x2
 1234 025b 23       		.byte	0x23
 1235 025c 08       		.uleb128 0x8
 1236 025d 0D       		.uleb128 0xd
 1237 025e 656F7300 		.ascii	"eos\000"
 1238 0262 07       		.byte	0x7
 1239 0263 49       		.byte	0x49
 1240 0264 30000000 		.4byte	0x30
 1241 0268 02       		.byte	0x2
 1242 0269 23       		.byte	0x23
 1243 026a 0C       		.uleb128 0xc
 1244 026b 0C       		.uleb128 0xc
 1245 026c 96010000 		.4byte	.LASF25
 1246 0270 07       		.byte	0x7
ARM GAS  C:\Users\z80\AppData\Local\Temp\cci4No23.s 			page 23


 1247 0271 49       		.byte	0x49
 1248 0272 30000000 		.4byte	0x30
 1249 0276 02       		.byte	0x2
 1250 0277 23       		.byte	0x23
 1251 0278 10       		.uleb128 0x10
 1252 0279 00       		.byte	0x0
 1253 027a 07       		.uleb128 0x7
 1254 027b 04       		.byte	0x4
 1255 027c 80020000 		.4byte	0x280
 1256 0280 08       		.uleb128 0x8
 1257 0281 E6010000 		.4byte	0x1e6
 1258 0285 03       		.uleb128 0x3
 1259 0286 48010000 		.4byte	.LASF26
 1260 028a 07       		.byte	0x7
 1261 028b 4A       		.byte	0x4a
 1262 028c 2B020000 		.4byte	0x22b
 1263 0290 11       		.uleb128 0x11
 1264 0291 35000000 		.4byte	.LASF29
 1265 0295 01       		.byte	0x1
 1266 0296 25       		.byte	0x25
 1267 0297 01       		.byte	0x1
 1268 0298 14030000 		.4byte	0x314
 1269 029c 00000000 		.4byte	.LFB8
 1270 02a0 B8000000 		.4byte	.LFE8
 1271 02a4 00000000 		.4byte	.LLST0
 1272 02a8 14030000 		.4byte	0x314
 1273 02ac 12       		.uleb128 0x12
 1274 02ad 7000     		.ascii	"p\000"
 1275 02af 01       		.byte	0x1
 1276 02b0 25       		.byte	0x25
 1277 02b1 14030000 		.4byte	0x314
 1278 02b5 02       		.byte	0x2
 1279 02b6 91       		.byte	0x91
 1280 02b7 6C       		.sleb128 -20
 1281 02b8 12       		.uleb128 0x12
 1282 02b9 6E756D00 		.ascii	"num\000"
 1283 02bd 01       		.byte	0x1
 1284 02be 26       		.byte	0x26
 1285 02bf 74000000 		.4byte	0x74
 1286 02c3 02       		.byte	0x2
 1287 02c4 91       		.byte	0x91
 1288 02c5 68       		.sleb128 -24
 1289 02c6 13       		.uleb128 0x13
 1290 02c7 1B000000 		.4byte	.LASF27
 1291 02cb 01       		.byte	0x1
 1292 02cc 27       		.byte	0x27
 1293 02cd 3B000000 		.4byte	0x3b
 1294 02d1 02       		.byte	0x2
 1295 02d2 91       		.byte	0x91
 1296 02d3 64       		.sleb128 -28
 1297 02d4 13       		.uleb128 0x13
 1298 02d5 30010000 		.4byte	.LASF28
 1299 02d9 01       		.byte	0x1
 1300 02da 28       		.byte	0x28
 1301 02db 74000000 		.4byte	0x74
 1302 02df 02       		.byte	0x2
 1303 02e0 91       		.byte	0x91
ARM GAS  C:\Users\z80\AppData\Local\Temp\cci4No23.s 			page 24


 1304 02e1 60       		.sleb128 -32
 1305 02e2 14       		.uleb128 0x14
 1306 02e3 6900     		.ascii	"i\000"
 1307 02e5 01       		.byte	0x1
 1308 02e6 29       		.byte	0x29
 1309 02e7 29000000 		.4byte	0x29
 1310 02eb 02       		.byte	0x2
 1311 02ec 91       		.byte	0x91
 1312 02ed 7C       		.sleb128 -4
 1313 02ee 14       		.uleb128 0x14
 1314 02ef 7100     		.ascii	"q\000"
 1315 02f1 01       		.byte	0x1
 1316 02f2 2A       		.byte	0x2a
 1317 02f3 14030000 		.4byte	0x314
 1318 02f7 02       		.byte	0x2
 1319 02f8 91       		.byte	0x91
 1320 02f9 78       		.sleb128 -8
 1321 02fa 14       		.uleb128 0x14
 1322 02fb 6C00     		.ascii	"l\000"
 1323 02fd 01       		.byte	0x1
 1324 02fe 2B       		.byte	0x2b
 1325 02ff 74000000 		.4byte	0x74
 1326 0303 02       		.byte	0x2
 1327 0304 91       		.byte	0x91
 1328 0305 74       		.sleb128 -12
 1329 0306 14       		.uleb128 0x14
 1330 0307 6C6C00   		.ascii	"ll\000"
 1331 030a 01       		.byte	0x1
 1332 030b 2B       		.byte	0x2b
 1333 030c 74000000 		.4byte	0x74
 1334 0310 02       		.byte	0x2
 1335 0311 91       		.byte	0x91
 1336 0312 70       		.sleb128 -16
 1337 0313 00       		.byte	0x0
 1338 0314 07       		.uleb128 0x7
 1339 0315 04       		.byte	0x4
 1340 0316 BD000000 		.4byte	0xbd
 1341 031a 11       		.uleb128 0x11
 1342 031b D3010000 		.4byte	.LASF30
 1343 031f 01       		.byte	0x1
 1344 0320 46       		.byte	0x46
 1345 0321 01       		.byte	0x1
 1346 0322 14030000 		.4byte	0x314
 1347 0326 00000000 		.4byte	.LFB9
 1348 032a 20000000 		.4byte	.LFE9
 1349 032e 20000000 		.4byte	.LLST1
 1350 0332 5F030000 		.4byte	0x35f
 1351 0336 12       		.uleb128 0x12
 1352 0337 7000     		.ascii	"p\000"
 1353 0339 01       		.byte	0x1
 1354 033a 46       		.byte	0x46
 1355 033b 14030000 		.4byte	0x314
 1356 033f 02       		.byte	0x2
 1357 0340 91       		.byte	0x91
 1358 0341 74       		.sleb128 -12
 1359 0342 12       		.uleb128 0x12
 1360 0343 6E756D00 		.ascii	"num\000"
ARM GAS  C:\Users\z80\AppData\Local\Temp\cci4No23.s 			page 25


 1361 0347 01       		.byte	0x1
 1362 0348 46       		.byte	0x46
 1363 0349 74000000 		.4byte	0x74
 1364 034d 02       		.byte	0x2
 1365 034e 91       		.byte	0x91
 1366 034f 70       		.sleb128 -16
 1367 0350 13       		.uleb128 0x13
 1368 0351 1B000000 		.4byte	.LASF27
 1369 0355 01       		.byte	0x1
 1370 0356 46       		.byte	0x46
 1371 0357 3B000000 		.4byte	0x3b
 1372 035b 02       		.byte	0x2
 1373 035c 91       		.byte	0x91
 1374 035d 6C       		.sleb128 -20
 1375 035e 00       		.byte	0x0
 1376 035f 15       		.uleb128 0x15
 1377 0360 01       		.byte	0x1
 1378 0361 F5000000 		.4byte	.LASF37
 1379 0365 01       		.byte	0x1
 1380 0366 70       		.byte	0x70
 1381 0367 01       		.byte	0x1
 1382 0368 00000000 		.4byte	.LFB10
 1383 036c 96040000 		.4byte	.LFE10
 1384 0370 4C000000 		.4byte	.LLST2
 1385 0374 3E040000 		.4byte	0x43e
 1386 0378 12       		.uleb128 0x12
 1387 0379 63687000 		.ascii	"chp\000"
 1388 037d 01       		.byte	0x1
 1389 037e 70       		.byte	0x70
 1390 037f 3E040000 		.4byte	0x43e
 1391 0383 02       		.byte	0x2
 1392 0384 91       		.byte	0x91
 1393 0385 44       		.sleb128 -60
 1394 0386 12       		.uleb128 0x12
 1395 0387 666D7400 		.ascii	"fmt\000"
 1396 038b 01       		.byte	0x1
 1397 038c 70       		.byte	0x70
 1398 038d B2000000 		.4byte	0xb2
 1399 0391 02       		.byte	0x2
 1400 0392 91       		.byte	0x91
 1401 0393 40       		.sleb128 -64
 1402 0394 12       		.uleb128 0x12
 1403 0395 617000   		.ascii	"ap\000"
 1404 0398 01       		.byte	0x1
 1405 0399 70       		.byte	0x70
 1406 039a DB010000 		.4byte	0x1db
 1407 039e 03       		.byte	0x3
 1408 039f 91       		.byte	0x91
 1409 03a0 BC7F     		.sleb128 -68
 1410 03a2 14       		.uleb128 0x14
 1411 03a3 7000     		.ascii	"p\000"
 1412 03a5 01       		.byte	0x1
 1413 03a6 71       		.byte	0x71
 1414 03a7 14030000 		.4byte	0x314
 1415 03ab 02       		.byte	0x2
 1416 03ac 91       		.byte	0x91
 1417 03ad 74       		.sleb128 -12
ARM GAS  C:\Users\z80\AppData\Local\Temp\cci4No23.s 			page 26


 1418 03ae 14       		.uleb128 0x14
 1419 03af 7300     		.ascii	"s\000"
 1420 03b1 01       		.byte	0x1
 1421 03b2 71       		.byte	0x71
 1422 03b3 14030000 		.4byte	0x314
 1423 03b7 02       		.byte	0x2
 1424 03b8 91       		.byte	0x91
 1425 03b9 70       		.sleb128 -16
 1426 03ba 14       		.uleb128 0x14
 1427 03bb 6300     		.ascii	"c\000"
 1428 03bd 01       		.byte	0x1
 1429 03be 71       		.byte	0x71
 1430 03bf BD000000 		.4byte	0xbd
 1431 03c3 02       		.byte	0x2
 1432 03c4 91       		.byte	0x91
 1433 03c5 6F       		.sleb128 -17
 1434 03c6 16       		.uleb128 0x16
 1435 03c7 FF000000 		.4byte	.LASF31
 1436 03cb 01       		.byte	0x1
 1437 03cc 71       		.byte	0x71
 1438 03cd BD000000 		.4byte	0xbd
 1439 03d1 02       		.byte	0x2
 1440 03d2 91       		.byte	0x91
 1441 03d3 6E       		.sleb128 -18
 1442 03d4 14       		.uleb128 0x14
 1443 03d5 6900     		.ascii	"i\000"
 1444 03d7 01       		.byte	0x1
 1445 03d8 72       		.byte	0x72
 1446 03d9 29000000 		.4byte	0x29
 1447 03dd 02       		.byte	0x2
 1448 03de 91       		.byte	0x91
 1449 03df 68       		.sleb128 -24
 1450 03e0 16       		.uleb128 0x16
 1451 03e1 7C010000 		.4byte	.LASF32
 1452 03e5 01       		.byte	0x1
 1453 03e6 72       		.byte	0x72
 1454 03e7 29000000 		.4byte	0x29
 1455 03eb 02       		.byte	0x2
 1456 03ec 91       		.byte	0x91
 1457 03ed 64       		.sleb128 -28
 1458 03ee 16       		.uleb128 0x16
 1459 03ef A6000000 		.4byte	.LASF33
 1460 03f3 01       		.byte	0x1
 1461 03f4 72       		.byte	0x72
 1462 03f5 29000000 		.4byte	0x29
 1463 03f9 02       		.byte	0x2
 1464 03fa 91       		.byte	0x91
 1465 03fb 60       		.sleb128 -32
 1466 03fc 16       		.uleb128 0x16
 1467 03fd 13000000 		.4byte	.LASF34
 1468 0401 01       		.byte	0x1
 1469 0402 73       		.byte	0x73
 1470 0403 90000000 		.4byte	0x90
 1471 0407 02       		.byte	0x2
 1472 0408 91       		.byte	0x91
 1473 0409 5F       		.sleb128 -33
 1474 040a 16       		.uleb128 0x16
ARM GAS  C:\Users\z80\AppData\Local\Temp\cci4No23.s 			page 27


 1475 040b 8B010000 		.4byte	.LASF35
 1476 040f 01       		.byte	0x1
 1477 0410 73       		.byte	0x73
 1478 0411 90000000 		.4byte	0x90
 1479 0415 02       		.byte	0x2
 1480 0416 91       		.byte	0x91
 1481 0417 5E       		.sleb128 -34
 1482 0418 14       		.uleb128 0x14
 1483 0419 6C00     		.ascii	"l\000"
 1484 041b 01       		.byte	0x1
 1485 041c 74       		.byte	0x74
 1486 041d 74000000 		.4byte	0x74
 1487 0421 02       		.byte	0x2
 1488 0422 91       		.byte	0x91
 1489 0423 58       		.sleb128 -40
 1490 0424 16       		.uleb128 0x16
 1491 0425 5D010000 		.4byte	.LASF36
 1492 0429 01       		.byte	0x1
 1493 042a 79       		.byte	0x79
 1494 042b 44040000 		.4byte	0x444
 1495 042f 02       		.byte	0x2
 1496 0430 91       		.byte	0x91
 1497 0431 4C       		.sleb128 -52
 1498 0432 17       		.uleb128 0x17
 1499 0433 AE010000 		.4byte	.LASF44
 1500 0437 01       		.byte	0x1
 1501 0438 E4       		.byte	0xe4
 1502 0439 86030000 		.4byte	.L47
 1503 043d 00       		.byte	0x0
 1504 043e 07       		.uleb128 0x7
 1505 043f 04       		.byte	0x4
 1506 0440 AD010000 		.4byte	0x1ad
 1507 0444 18       		.uleb128 0x18
 1508 0445 BD000000 		.4byte	0xbd
 1509 0449 54040000 		.4byte	0x454
 1510 044d 19       		.uleb128 0x19
 1511 044e AF000000 		.4byte	0xaf
 1512 0452 0B       		.byte	0xb
 1513 0453 00       		.byte	0x0
 1514 0454 1A       		.uleb128 0x1a
 1515 0455 01       		.byte	0x1
 1516 0456 3D010000 		.4byte	.LASF38
 1517 045a 01       		.byte	0x1
 1518 045b 2001     		.2byte	0x120
 1519 045d 01       		.byte	0x1
 1520 045e 29000000 		.4byte	0x29
 1521 0462 00000000 		.4byte	.LFB11
 1522 0466 4C000000 		.4byte	.LFE11
 1523 046a 79000000 		.4byte	.LLST3
 1524 046e 1B       		.uleb128 0x1b
 1525 046f 73747200 		.ascii	"str\000"
 1526 0473 01       		.byte	0x1
 1527 0474 2001     		.2byte	0x120
 1528 0476 14030000 		.4byte	0x314
 1529 047a 02       		.byte	0x2
 1530 047b 91       		.byte	0x91
 1531 047c 4C       		.sleb128 -52
ARM GAS  C:\Users\z80\AppData\Local\Temp\cci4No23.s 			page 28


 1532 047d 1C       		.uleb128 0x1c
 1533 047e 6E000000 		.4byte	.LASF24
 1534 0482 01       		.byte	0x1
 1535 0483 2001     		.2byte	0x120
 1536 0485 30000000 		.4byte	0x30
 1537 0489 02       		.byte	0x2
 1538 048a 91       		.byte	0x91
 1539 048b 48       		.sleb128 -56
 1540 048c 1B       		.uleb128 0x1b
 1541 048d 666D7400 		.ascii	"fmt\000"
 1542 0491 01       		.byte	0x1
 1543 0492 2001     		.2byte	0x120
 1544 0494 B2000000 		.4byte	0xb2
 1545 0498 02       		.byte	0x2
 1546 0499 91       		.byte	0x91
 1547 049a 78       		.sleb128 -8
 1548 049b 1D       		.uleb128 0x1d
 1549 049c 1E       		.uleb128 0x1e
 1550 049d 617000   		.ascii	"ap\000"
 1551 04a0 01       		.byte	0x1
 1552 04a1 2101     		.2byte	0x121
 1553 04a3 DB010000 		.4byte	0x1db
 1554 04a7 02       		.byte	0x2
 1555 04a8 91       		.byte	0x91
 1556 04a9 68       		.sleb128 -24
 1557 04aa 1E       		.uleb128 0x1e
 1558 04ab 6D7300   		.ascii	"ms\000"
 1559 04ae 01       		.byte	0x1
 1560 04af 2201     		.2byte	0x122
 1561 04b1 85020000 		.4byte	0x285
 1562 04b5 02       		.byte	0x2
 1563 04b6 91       		.byte	0x91
 1564 04b7 54       		.sleb128 -44
 1565 04b8 1E       		.uleb128 0x1e
 1566 04b9 63687000 		.ascii	"chp\000"
 1567 04bd 01       		.byte	0x1
 1568 04be 2301     		.2byte	0x123
 1569 04c0 3E040000 		.4byte	0x43e
 1570 04c4 02       		.byte	0x2
 1571 04c5 91       		.byte	0x91
 1572 04c6 6C       		.sleb128 -20
 1573 04c7 00       		.byte	0x0
 1574 04c8 00       		.byte	0x0
 1575              		.section	.debug_abbrev
 1576 0000 01       		.uleb128 0x1
 1577 0001 11       		.uleb128 0x11
 1578 0002 01       		.byte	0x1
 1579 0003 25       		.uleb128 0x25
 1580 0004 0E       		.uleb128 0xe
 1581 0005 13       		.uleb128 0x13
 1582 0006 0B       		.uleb128 0xb
 1583 0007 03       		.uleb128 0x3
 1584 0008 0E       		.uleb128 0xe
 1585 0009 1B       		.uleb128 0x1b
 1586 000a 0E       		.uleb128 0xe
 1587 000b 11       		.uleb128 0x11
 1588 000c 01       		.uleb128 0x1
ARM GAS  C:\Users\z80\AppData\Local\Temp\cci4No23.s 			page 29


 1589 000d 52       		.uleb128 0x52
 1590 000e 01       		.uleb128 0x1
 1591 000f 55       		.uleb128 0x55
 1592 0010 06       		.uleb128 0x6
 1593 0011 10       		.uleb128 0x10
 1594 0012 06       		.uleb128 0x6
 1595 0013 00       		.byte	0x0
 1596 0014 00       		.byte	0x0
 1597 0015 02       		.uleb128 0x2
 1598 0016 24       		.uleb128 0x24
 1599 0017 00       		.byte	0x0
 1600 0018 0B       		.uleb128 0xb
 1601 0019 0B       		.uleb128 0xb
 1602 001a 3E       		.uleb128 0x3e
 1603 001b 0B       		.uleb128 0xb
 1604 001c 03       		.uleb128 0x3
 1605 001d 08       		.uleb128 0x8
 1606 001e 00       		.byte	0x0
 1607 001f 00       		.byte	0x0
 1608 0020 03       		.uleb128 0x3
 1609 0021 16       		.uleb128 0x16
 1610 0022 00       		.byte	0x0
 1611 0023 03       		.uleb128 0x3
 1612 0024 0E       		.uleb128 0xe
 1613 0025 3A       		.uleb128 0x3a
 1614 0026 0B       		.uleb128 0xb
 1615 0027 3B       		.uleb128 0x3b
 1616 0028 0B       		.uleb128 0xb
 1617 0029 49       		.uleb128 0x49
 1618 002a 13       		.uleb128 0x13
 1619 002b 00       		.byte	0x0
 1620 002c 00       		.byte	0x0
 1621 002d 04       		.uleb128 0x4
 1622 002e 24       		.uleb128 0x24
 1623 002f 00       		.byte	0x0
 1624 0030 0B       		.uleb128 0xb
 1625 0031 0B       		.uleb128 0xb
 1626 0032 3E       		.uleb128 0x3e
 1627 0033 0B       		.uleb128 0xb
 1628 0034 03       		.uleb128 0x3
 1629 0035 0E       		.uleb128 0xe
 1630 0036 00       		.byte	0x0
 1631 0037 00       		.byte	0x0
 1632 0038 05       		.uleb128 0x5
 1633 0039 0F       		.uleb128 0xf
 1634 003a 00       		.byte	0x0
 1635 003b 0B       		.uleb128 0xb
 1636 003c 0B       		.uleb128 0xb
 1637 003d 00       		.byte	0x0
 1638 003e 00       		.byte	0x0
 1639 003f 06       		.uleb128 0x6
 1640 0040 24       		.uleb128 0x24
 1641 0041 00       		.byte	0x0
 1642 0042 0B       		.uleb128 0xb
 1643 0043 0B       		.uleb128 0xb
 1644 0044 3E       		.uleb128 0x3e
 1645 0045 0B       		.uleb128 0xb
ARM GAS  C:\Users\z80\AppData\Local\Temp\cci4No23.s 			page 30


 1646 0046 00       		.byte	0x0
 1647 0047 00       		.byte	0x0
 1648 0048 07       		.uleb128 0x7
 1649 0049 0F       		.uleb128 0xf
 1650 004a 00       		.byte	0x0
 1651 004b 0B       		.uleb128 0xb
 1652 004c 0B       		.uleb128 0xb
 1653 004d 49       		.uleb128 0x49
 1654 004e 13       		.uleb128 0x13
 1655 004f 00       		.byte	0x0
 1656 0050 00       		.byte	0x0
 1657 0051 08       		.uleb128 0x8
 1658 0052 26       		.uleb128 0x26
 1659 0053 00       		.byte	0x0
 1660 0054 49       		.uleb128 0x49
 1661 0055 13       		.uleb128 0x13
 1662 0056 00       		.byte	0x0
 1663 0057 00       		.byte	0x0
 1664 0058 09       		.uleb128 0x9
 1665 0059 15       		.uleb128 0x15
 1666 005a 01       		.byte	0x1
 1667 005b 27       		.uleb128 0x27
 1668 005c 0C       		.uleb128 0xc
 1669 005d 49       		.uleb128 0x49
 1670 005e 13       		.uleb128 0x13
 1671 005f 01       		.uleb128 0x1
 1672 0060 13       		.uleb128 0x13
 1673 0061 00       		.byte	0x0
 1674 0062 00       		.byte	0x0
 1675 0063 0A       		.uleb128 0xa
 1676 0064 05       		.uleb128 0x5
 1677 0065 00       		.byte	0x0
 1678 0066 49       		.uleb128 0x49
 1679 0067 13       		.uleb128 0x13
 1680 0068 00       		.byte	0x0
 1681 0069 00       		.byte	0x0
 1682 006a 0B       		.uleb128 0xb
 1683 006b 13       		.uleb128 0x13
 1684 006c 01       		.byte	0x1
 1685 006d 03       		.uleb128 0x3
 1686 006e 0E       		.uleb128 0xe
 1687 006f 0B       		.uleb128 0xb
 1688 0070 0B       		.uleb128 0xb
 1689 0071 3A       		.uleb128 0x3a
 1690 0072 0B       		.uleb128 0xb
 1691 0073 3B       		.uleb128 0x3b
 1692 0074 0B       		.uleb128 0xb
 1693 0075 01       		.uleb128 0x1
 1694 0076 13       		.uleb128 0x13
 1695 0077 00       		.byte	0x0
 1696 0078 00       		.byte	0x0
 1697 0079 0C       		.uleb128 0xc
 1698 007a 0D       		.uleb128 0xd
 1699 007b 00       		.byte	0x0
 1700 007c 03       		.uleb128 0x3
 1701 007d 0E       		.uleb128 0xe
 1702 007e 3A       		.uleb128 0x3a
ARM GAS  C:\Users\z80\AppData\Local\Temp\cci4No23.s 			page 31


 1703 007f 0B       		.uleb128 0xb
 1704 0080 3B       		.uleb128 0x3b
 1705 0081 0B       		.uleb128 0xb
 1706 0082 49       		.uleb128 0x49
 1707 0083 13       		.uleb128 0x13
 1708 0084 38       		.uleb128 0x38
 1709 0085 0A       		.uleb128 0xa
 1710 0086 00       		.byte	0x0
 1711 0087 00       		.byte	0x0
 1712 0088 0D       		.uleb128 0xd
 1713 0089 0D       		.uleb128 0xd
 1714 008a 00       		.byte	0x0
 1715 008b 03       		.uleb128 0x3
 1716 008c 08       		.uleb128 0x8
 1717 008d 3A       		.uleb128 0x3a
 1718 008e 0B       		.uleb128 0xb
 1719 008f 3B       		.uleb128 0x3b
 1720 0090 0B       		.uleb128 0xb
 1721 0091 49       		.uleb128 0x49
 1722 0092 13       		.uleb128 0x13
 1723 0093 38       		.uleb128 0x38
 1724 0094 0A       		.uleb128 0xa
 1725 0095 00       		.byte	0x0
 1726 0096 00       		.byte	0x0
 1727 0097 0E       		.uleb128 0xe
 1728 0098 13       		.uleb128 0x13
 1729 0099 01       		.byte	0x1
 1730 009a 0B       		.uleb128 0xb
 1731 009b 0B       		.uleb128 0xb
 1732 009c 3A       		.uleb128 0x3a
 1733 009d 0B       		.uleb128 0xb
 1734 009e 3B       		.uleb128 0x3b
 1735 009f 0B       		.uleb128 0xb
 1736 00a0 01       		.uleb128 0x1
 1737 00a1 13       		.uleb128 0x13
 1738 00a2 00       		.byte	0x0
 1739 00a3 00       		.byte	0x0
 1740 00a4 0F       		.uleb128 0xf
 1741 00a5 13       		.uleb128 0x13
 1742 00a6 01       		.byte	0x1
 1743 00a7 03       		.uleb128 0x3
 1744 00a8 0E       		.uleb128 0xe
 1745 00a9 0B       		.uleb128 0xb
 1746 00aa 0B       		.uleb128 0xb
 1747 00ab 01       		.uleb128 0x1
 1748 00ac 13       		.uleb128 0x13
 1749 00ad 00       		.byte	0x0
 1750 00ae 00       		.byte	0x0
 1751 00af 10       		.uleb128 0x10
 1752 00b0 0D       		.uleb128 0xd
 1753 00b1 00       		.byte	0x0
 1754 00b2 03       		.uleb128 0x3
 1755 00b3 0E       		.uleb128 0xe
 1756 00b4 49       		.uleb128 0x49
 1757 00b5 13       		.uleb128 0x13
 1758 00b6 38       		.uleb128 0x38
 1759 00b7 0A       		.uleb128 0xa
ARM GAS  C:\Users\z80\AppData\Local\Temp\cci4No23.s 			page 32


 1760 00b8 34       		.uleb128 0x34
 1761 00b9 0C       		.uleb128 0xc
 1762 00ba 00       		.byte	0x0
 1763 00bb 00       		.byte	0x0
 1764 00bc 11       		.uleb128 0x11
 1765 00bd 2E       		.uleb128 0x2e
 1766 00be 01       		.byte	0x1
 1767 00bf 03       		.uleb128 0x3
 1768 00c0 0E       		.uleb128 0xe
 1769 00c1 3A       		.uleb128 0x3a
 1770 00c2 0B       		.uleb128 0xb
 1771 00c3 3B       		.uleb128 0x3b
 1772 00c4 0B       		.uleb128 0xb
 1773 00c5 27       		.uleb128 0x27
 1774 00c6 0C       		.uleb128 0xc
 1775 00c7 49       		.uleb128 0x49
 1776 00c8 13       		.uleb128 0x13
 1777 00c9 11       		.uleb128 0x11
 1778 00ca 01       		.uleb128 0x1
 1779 00cb 12       		.uleb128 0x12
 1780 00cc 01       		.uleb128 0x1
 1781 00cd 40       		.uleb128 0x40
 1782 00ce 06       		.uleb128 0x6
 1783 00cf 01       		.uleb128 0x1
 1784 00d0 13       		.uleb128 0x13
 1785 00d1 00       		.byte	0x0
 1786 00d2 00       		.byte	0x0
 1787 00d3 12       		.uleb128 0x12
 1788 00d4 05       		.uleb128 0x5
 1789 00d5 00       		.byte	0x0
 1790 00d6 03       		.uleb128 0x3
 1791 00d7 08       		.uleb128 0x8
 1792 00d8 3A       		.uleb128 0x3a
 1793 00d9 0B       		.uleb128 0xb
 1794 00da 3B       		.uleb128 0x3b
 1795 00db 0B       		.uleb128 0xb
 1796 00dc 49       		.uleb128 0x49
 1797 00dd 13       		.uleb128 0x13
 1798 00de 02       		.uleb128 0x2
 1799 00df 0A       		.uleb128 0xa
 1800 00e0 00       		.byte	0x0
 1801 00e1 00       		.byte	0x0
 1802 00e2 13       		.uleb128 0x13
 1803 00e3 05       		.uleb128 0x5
 1804 00e4 00       		.byte	0x0
 1805 00e5 03       		.uleb128 0x3
 1806 00e6 0E       		.uleb128 0xe
 1807 00e7 3A       		.uleb128 0x3a
 1808 00e8 0B       		.uleb128 0xb
 1809 00e9 3B       		.uleb128 0x3b
 1810 00ea 0B       		.uleb128 0xb
 1811 00eb 49       		.uleb128 0x49
 1812 00ec 13       		.uleb128 0x13
 1813 00ed 02       		.uleb128 0x2
 1814 00ee 0A       		.uleb128 0xa
 1815 00ef 00       		.byte	0x0
 1816 00f0 00       		.byte	0x0
ARM GAS  C:\Users\z80\AppData\Local\Temp\cci4No23.s 			page 33


 1817 00f1 14       		.uleb128 0x14
 1818 00f2 34       		.uleb128 0x34
 1819 00f3 00       		.byte	0x0
 1820 00f4 03       		.uleb128 0x3
 1821 00f5 08       		.uleb128 0x8
 1822 00f6 3A       		.uleb128 0x3a
 1823 00f7 0B       		.uleb128 0xb
 1824 00f8 3B       		.uleb128 0x3b
 1825 00f9 0B       		.uleb128 0xb
 1826 00fa 49       		.uleb128 0x49
 1827 00fb 13       		.uleb128 0x13
 1828 00fc 02       		.uleb128 0x2
 1829 00fd 0A       		.uleb128 0xa
 1830 00fe 00       		.byte	0x0
 1831 00ff 00       		.byte	0x0
 1832 0100 15       		.uleb128 0x15
 1833 0101 2E       		.uleb128 0x2e
 1834 0102 01       		.byte	0x1
 1835 0103 3F       		.uleb128 0x3f
 1836 0104 0C       		.uleb128 0xc
 1837 0105 03       		.uleb128 0x3
 1838 0106 0E       		.uleb128 0xe
 1839 0107 3A       		.uleb128 0x3a
 1840 0108 0B       		.uleb128 0xb
 1841 0109 3B       		.uleb128 0x3b
 1842 010a 0B       		.uleb128 0xb
 1843 010b 27       		.uleb128 0x27
 1844 010c 0C       		.uleb128 0xc
 1845 010d 11       		.uleb128 0x11
 1846 010e 01       		.uleb128 0x1
 1847 010f 12       		.uleb128 0x12
 1848 0110 01       		.uleb128 0x1
 1849 0111 40       		.uleb128 0x40
 1850 0112 06       		.uleb128 0x6
 1851 0113 01       		.uleb128 0x1
 1852 0114 13       		.uleb128 0x13
 1853 0115 00       		.byte	0x0
 1854 0116 00       		.byte	0x0
 1855 0117 16       		.uleb128 0x16
 1856 0118 34       		.uleb128 0x34
 1857 0119 00       		.byte	0x0
 1858 011a 03       		.uleb128 0x3
 1859 011b 0E       		.uleb128 0xe
 1860 011c 3A       		.uleb128 0x3a
 1861 011d 0B       		.uleb128 0xb
 1862 011e 3B       		.uleb128 0x3b
 1863 011f 0B       		.uleb128 0xb
 1864 0120 49       		.uleb128 0x49
 1865 0121 13       		.uleb128 0x13
 1866 0122 02       		.uleb128 0x2
 1867 0123 0A       		.uleb128 0xa
 1868 0124 00       		.byte	0x0
 1869 0125 00       		.byte	0x0
 1870 0126 17       		.uleb128 0x17
 1871 0127 0A       		.uleb128 0xa
 1872 0128 00       		.byte	0x0
 1873 0129 03       		.uleb128 0x3
ARM GAS  C:\Users\z80\AppData\Local\Temp\cci4No23.s 			page 34


 1874 012a 0E       		.uleb128 0xe
 1875 012b 3A       		.uleb128 0x3a
 1876 012c 0B       		.uleb128 0xb
 1877 012d 3B       		.uleb128 0x3b
 1878 012e 0B       		.uleb128 0xb
 1879 012f 11       		.uleb128 0x11
 1880 0130 01       		.uleb128 0x1
 1881 0131 00       		.byte	0x0
 1882 0132 00       		.byte	0x0
 1883 0133 18       		.uleb128 0x18
 1884 0134 01       		.uleb128 0x1
 1885 0135 01       		.byte	0x1
 1886 0136 49       		.uleb128 0x49
 1887 0137 13       		.uleb128 0x13
 1888 0138 01       		.uleb128 0x1
 1889 0139 13       		.uleb128 0x13
 1890 013a 00       		.byte	0x0
 1891 013b 00       		.byte	0x0
 1892 013c 19       		.uleb128 0x19
 1893 013d 21       		.uleb128 0x21
 1894 013e 00       		.byte	0x0
 1895 013f 49       		.uleb128 0x49
 1896 0140 13       		.uleb128 0x13
 1897 0141 2F       		.uleb128 0x2f
 1898 0142 0B       		.uleb128 0xb
 1899 0143 00       		.byte	0x0
 1900 0144 00       		.byte	0x0
 1901 0145 1A       		.uleb128 0x1a
 1902 0146 2E       		.uleb128 0x2e
 1903 0147 01       		.byte	0x1
 1904 0148 3F       		.uleb128 0x3f
 1905 0149 0C       		.uleb128 0xc
 1906 014a 03       		.uleb128 0x3
 1907 014b 0E       		.uleb128 0xe
 1908 014c 3A       		.uleb128 0x3a
 1909 014d 0B       		.uleb128 0xb
 1910 014e 3B       		.uleb128 0x3b
 1911 014f 05       		.uleb128 0x5
 1912 0150 27       		.uleb128 0x27
 1913 0151 0C       		.uleb128 0xc
 1914 0152 49       		.uleb128 0x49
 1915 0153 13       		.uleb128 0x13
 1916 0154 11       		.uleb128 0x11
 1917 0155 01       		.uleb128 0x1
 1918 0156 12       		.uleb128 0x12
 1919 0157 01       		.uleb128 0x1
 1920 0158 40       		.uleb128 0x40
 1921 0159 06       		.uleb128 0x6
 1922 015a 00       		.byte	0x0
 1923 015b 00       		.byte	0x0
 1924 015c 1B       		.uleb128 0x1b
 1925 015d 05       		.uleb128 0x5
 1926 015e 00       		.byte	0x0
 1927 015f 03       		.uleb128 0x3
 1928 0160 08       		.uleb128 0x8
 1929 0161 3A       		.uleb128 0x3a
 1930 0162 0B       		.uleb128 0xb
ARM GAS  C:\Users\z80\AppData\Local\Temp\cci4No23.s 			page 35


 1931 0163 3B       		.uleb128 0x3b
 1932 0164 05       		.uleb128 0x5
 1933 0165 49       		.uleb128 0x49
 1934 0166 13       		.uleb128 0x13
 1935 0167 02       		.uleb128 0x2
 1936 0168 0A       		.uleb128 0xa
 1937 0169 00       		.byte	0x0
 1938 016a 00       		.byte	0x0
 1939 016b 1C       		.uleb128 0x1c
 1940 016c 05       		.uleb128 0x5
 1941 016d 00       		.byte	0x0
 1942 016e 03       		.uleb128 0x3
 1943 016f 0E       		.uleb128 0xe
 1944 0170 3A       		.uleb128 0x3a
 1945 0171 0B       		.uleb128 0xb
 1946 0172 3B       		.uleb128 0x3b
 1947 0173 05       		.uleb128 0x5
 1948 0174 49       		.uleb128 0x49
 1949 0175 13       		.uleb128 0x13
 1950 0176 02       		.uleb128 0x2
 1951 0177 0A       		.uleb128 0xa
 1952 0178 00       		.byte	0x0
 1953 0179 00       		.byte	0x0
 1954 017a 1D       		.uleb128 0x1d
 1955 017b 18       		.uleb128 0x18
 1956 017c 00       		.byte	0x0
 1957 017d 00       		.byte	0x0
 1958 017e 00       		.byte	0x0
 1959 017f 1E       		.uleb128 0x1e
 1960 0180 34       		.uleb128 0x34
 1961 0181 00       		.byte	0x0
 1962 0182 03       		.uleb128 0x3
 1963 0183 08       		.uleb128 0x8
 1964 0184 3A       		.uleb128 0x3a
 1965 0185 0B       		.uleb128 0xb
 1966 0186 3B       		.uleb128 0x3b
 1967 0187 05       		.uleb128 0x5
 1968 0188 49       		.uleb128 0x49
 1969 0189 13       		.uleb128 0x13
 1970 018a 02       		.uleb128 0x2
 1971 018b 0A       		.uleb128 0xa
 1972 018c 00       		.byte	0x0
 1973 018d 00       		.byte	0x0
 1974 018e 00       		.byte	0x0
 1975              		.section	.debug_pubnames,"",%progbits
 1976 0000 2B000000 		.4byte	0x2b
 1977 0004 0200     		.2byte	0x2
 1978 0006 00000000 		.4byte	.Ldebug_info0
 1979 000a C9040000 		.4byte	0x4c9
 1980 000e 5F030000 		.4byte	0x35f
 1981 0012 63687670 		.ascii	"chvprintf\000"
 1981      72696E74 
 1981      6600
 1982 001c 54040000 		.4byte	0x454
 1983 0020 6368736E 		.ascii	"chsnprintf\000"
 1983      7072696E 
 1983      746600
ARM GAS  C:\Users\z80\AppData\Local\Temp\cci4No23.s 			page 36


 1984 002b 00000000 		.4byte	0x0
 1985              		.section	.debug_pubtypes,"",%progbits
 1986 0000 CA000000 		.4byte	0xca
 1987 0004 0200     		.2byte	0x2
 1988 0006 00000000 		.4byte	.Ldebug_info0
 1989 000a C9040000 		.4byte	0x4c9
 1990 000e 30000000 		.4byte	0x30
 1991 0012 73697A65 		.ascii	"size_t\000"
 1991      5F7400
 1992 0019 49000000 		.4byte	0x49
 1993 001d 75696E74 		.ascii	"uint8_t\000"
 1993      385F7400 
 1994 0025 69000000 		.4byte	0x69
 1995 0029 696E7433 		.ascii	"int32_t\000"
 1995      325F7400 
 1996 0031 90000000 		.4byte	0x90
 1997 0035 626F6F6C 		.ascii	"bool_t\000"
 1997      5F7400
 1998 003c A2000000 		.4byte	0xa2
 1999 0040 6D73675F 		.ascii	"msg_t\000"
 1999      7400
 2000 0046 E0000000 		.4byte	0xe0
 2001 004a 42617365 		.ascii	"BaseSequentialStreamVMT\000"
 2001      53657175 
 2001      656E7469 
 2001      616C5374 
 2001      7265616D 
 2002 0062 AD010000 		.4byte	0x1ad
 2003 0066 42617365 		.ascii	"BaseSequentialStream\000"
 2003      53657175 
 2003      656E7469 
 2003      616C5374 
 2003      7265616D 
 2004 007b C3010000 		.4byte	0x1c3
 2005 007f 5F5F7661 		.ascii	"__va_list\000"
 2005      5F6C6973 
 2005      7400
 2006 0089 B8010000 		.4byte	0x1b8
 2007 008d 5F5F676E 		.ascii	"__gnuc_va_list\000"
 2007      75635F76 
 2007      615F6C69 
 2007      737400
 2008 009c DB010000 		.4byte	0x1db
 2009 00a0 76615F6C 		.ascii	"va_list\000"
 2009      69737400 
 2010 00a8 E6010000 		.4byte	0x1e6
 2011 00ac 4D656D53 		.ascii	"MemStreamVMT\000"
 2011      74726561 
 2011      6D564D54 
 2011      00
 2012 00b9 85020000 		.4byte	0x285
 2013 00bd 4D656D6F 		.ascii	"MemoryStream\000"
 2013      72795374 
 2013      7265616D 
 2013      00
 2014 00ca 00000000 		.4byte	0x0
 2015              		.section	.debug_aranges,"",%progbits
ARM GAS  C:\Users\z80\AppData\Local\Temp\cci4No23.s 			page 37


 2016 0000 34000000 		.4byte	0x34
 2017 0004 0200     		.2byte	0x2
 2018 0006 00000000 		.4byte	.Ldebug_info0
 2019 000a 04       		.byte	0x4
 2020 000b 00       		.byte	0x0
 2021 000c 0000     		.2byte	0x0
 2022 000e 0000     		.2byte	0x0
 2023 0010 00000000 		.4byte	.LFB8
 2024 0014 B8000000 		.4byte	.LFE8-.LFB8
 2025 0018 00000000 		.4byte	.LFB9
 2026 001c 20000000 		.4byte	.LFE9-.LFB9
 2027 0020 00000000 		.4byte	.LFB10
 2028 0024 96040000 		.4byte	.LFE10-.LFB10
 2029 0028 00000000 		.4byte	.LFB11
 2030 002c 4C000000 		.4byte	.LFE11-.LFB11
 2031 0030 00000000 		.4byte	0x0
 2032 0034 00000000 		.4byte	0x0
 2033              		.section	.debug_ranges,"",%progbits
 2034              	.Ldebug_ranges0:
 2035 0000 00000000 		.4byte	.LFB8
 2036 0004 B8000000 		.4byte	.LFE8
 2037 0008 00000000 		.4byte	.LFB9
 2038 000c 20000000 		.4byte	.LFE9
 2039 0010 00000000 		.4byte	.LFB10
 2040 0014 96040000 		.4byte	.LFE10
 2041 0018 00000000 		.4byte	.LFB11
 2042 001c 4C000000 		.4byte	.LFE11
 2043 0020 00000000 		.4byte	0x0
 2044 0024 00000000 		.4byte	0x0
 2045              		.section	.debug_str,"MS",%progbits,1
 2046              	.LASF2:
 2047 0000 73697A65 		.ascii	"size_t\000"
 2047      5F7400
 2048              	.LASF39:
 2049 0007 474E5520 		.ascii	"GNU C 4.5.0\000"
 2049      4320342E 
 2049      352E3000 
 2050              	.LASF34:
 2051 0013 69735F6C 		.ascii	"is_long\000"
 2051      6F6E6700 
 2052              	.LASF27:
 2053 001b 72616469 		.ascii	"radix\000"
 2053      7800
 2054              	.LASF12:
 2055 0021 626F6F6C 		.ascii	"bool_t\000"
 2055      5F7400
 2056              	.LASF22:
 2057 0028 4D656D53 		.ascii	"MemStreamVMT\000"
 2057      74726561 
 2057      6D564D54 
 2057      00
 2058              	.LASF29:
 2059 0035 6C6F6E67 		.ascii	"long_to_string_with_divisor\000"
 2059      5F746F5F 
 2059      73747269 
 2059      6E675F77 
 2059      6974685F 
ARM GAS  C:\Users\z80\AppData\Local\Temp\cci4No23.s 			page 38


 2060              	.LASF3:
 2061 0051 75696E74 		.ascii	"uint8_t\000"
 2061      385F7400 
 2062              	.LASF18:
 2063 0059 42617365 		.ascii	"BaseSequentialStream\000"
 2063      53657175 
 2063      656E7469 
 2063      616C5374 
 2063      7265616D 
 2064              	.LASF24:
 2065 006e 73697A65 		.ascii	"size\000"
 2065      00
 2066              	.LASF9:
 2067 0073 6C6F6E67 		.ascii	"long unsigned int\000"
 2067      20756E73 
 2067      69676E65 
 2067      6420696E 
 2067      7400
 2068              	.LASF6:
 2069 0085 73686F72 		.ascii	"short unsigned int\000"
 2069      7420756E 
 2069      7369676E 
 2069      65642069 
 2069      6E7400
 2070              	.LASF16:
 2071 0098 77726974 		.ascii	"write\000"
 2071      6500
 2072              	.LASF20:
 2073 009e 76615F6C 		.ascii	"va_list\000"
 2073      69737400 
 2074              	.LASF33:
 2075 00a6 77696474 		.ascii	"width\000"
 2075      6800
 2076              	.LASF4:
 2077 00ac 756E7369 		.ascii	"unsigned char\000"
 2077      676E6564 
 2077      20636861 
 2077      7200
 2078              	.LASF40:
 2079 00ba 2E2E2F63 		.ascii	"../chibios_2.6.3/os/various/chprintf.c\000"
 2079      68696269 
 2079      6F735F32 
 2079      2E362E33 
 2079      2F6F732F 
 2080              	.LASF19:
 2081 00e1 5F5F676E 		.ascii	"__gnuc_va_list\000"
 2081      75635F76 
 2081      615F6C69 
 2081      737400
 2082              	.LASF17:
 2083 00f0 72656164 		.ascii	"read\000"
 2083      00
 2084              	.LASF37:
 2085 00f5 63687670 		.ascii	"chvprintf\000"
 2085      72696E74 
 2085      6600
 2086              	.LASF31:
ARM GAS  C:\Users\z80\AppData\Local\Temp\cci4No23.s 			page 39


 2087 00ff 66696C6C 		.ascii	"filler\000"
 2087      657200
 2088              	.LASF0:
 2089 0106 756E7369 		.ascii	"unsigned int\000"
 2089      676E6564 
 2089      20696E74 
 2089      00
 2090              	.LASF14:
 2091 0113 6D73675F 		.ascii	"msg_t\000"
 2091      7400
 2092              	.LASF11:
 2093 0119 6C6F6E67 		.ascii	"long long unsigned int\000"
 2093      206C6F6E 
 2093      6720756E 
 2093      7369676E 
 2093      65642069 
 2094              	.LASF28:
 2095 0130 64697669 		.ascii	"divisor\000"
 2095      736F7200 
 2096              	.LASF43:
 2097 0138 5F5F6170 		.ascii	"__ap\000"
 2097      00
 2098              	.LASF38:
 2099 013d 6368736E 		.ascii	"chsnprintf\000"
 2099      7072696E 
 2099      746600
 2100              	.LASF26:
 2101 0148 4D656D6F 		.ascii	"MemoryStream\000"
 2101      72795374 
 2101      7265616D 
 2101      00
 2102              	.LASF7:
 2103 0155 696E7433 		.ascii	"int32_t\000"
 2103      325F7400 
 2104              	.LASF36:
 2105 015d 746D7062 		.ascii	"tmpbuf\000"
 2105      756600
 2106              	.LASF42:
 2107 0164 5F5F7661 		.ascii	"__va_list\000"
 2107      5F6C6973 
 2107      7400
 2108              	.LASF10:
 2109 016e 6C6F6E67 		.ascii	"long long int\000"
 2109      206C6F6E 
 2109      6720696E 
 2109      7400
 2110              	.LASF32:
 2111 017c 70726563 		.ascii	"precision\000"
 2111      6973696F 
 2111      6E00
 2112              	.LASF15:
 2113 0186 63686172 		.ascii	"char\000"
 2113      00
 2114              	.LASF35:
 2115 018b 6C656674 		.ascii	"left_align\000"
 2115      5F616C69 
 2115      676E00
ARM GAS  C:\Users\z80\AppData\Local\Temp\cci4No23.s 			page 40


 2116              	.LASF25:
 2117 0196 6F666673 		.ascii	"offset\000"
 2117      657400
 2118              	.LASF5:
 2119 019d 73686F72 		.ascii	"short int\000"
 2119      7420696E 
 2119      7400
 2120              	.LASF23:
 2121 01a7 62756666 		.ascii	"buffer\000"
 2121      657200
 2122              	.LASF44:
 2123 01ae 756E7369 		.ascii	"unsigned_common\000"
 2123      676E6564 
 2123      5F636F6D 
 2123      6D6F6E00 
 2124              	.LASF8:
 2125 01be 6C6F6E67 		.ascii	"long int\000"
 2125      20696E74 
 2125      00
 2126              	.LASF1:
 2127 01c7 7369676E 		.ascii	"signed char\000"
 2127      65642063 
 2127      68617200 
 2128              	.LASF30:
 2129 01d3 6C746F61 		.ascii	"ltoa\000"
 2129      00
 2130              	.LASF41:
 2131 01d8 433A5C70 		.ascii	"C:\\projects\\clock.git\\firmware\\firmware\000"
 2131      726F6A65 
 2131      6374735C 
 2131      636C6F63 
 2131      6B2E6769 
 2132              	.LASF13:
 2133 0200 5F426F6F 		.ascii	"_Bool\000"
 2133      6C00
 2134              	.LASF21:
 2135 0206 42617365 		.ascii	"BaseSequentialStreamVMT\000"
 2135      53657175 
 2135      656E7469 
 2135      616C5374 
 2135      7265616D 
 2136              		.ident	"GCC: (GNU) 4.5.0"
ARM GAS  C:\Users\z80\AppData\Local\Temp\cci4No23.s 			page 41


DEFINED SYMBOLS
                            *ABS*:00000000 chprintf.c
C:\Users\z80\AppData\Local\Temp\cci4No23.s:24     .text.long_to_string_with_divisor:00000000 $t
C:\Users\z80\AppData\Local\Temp\cci4No23.s:29     .text.long_to_string_with_divisor:00000000 long_to_string_with_divisor
C:\Users\z80\AppData\Local\Temp\cci4No23.s:143    .text.ltoa:00000000 $t
C:\Users\z80\AppData\Local\Temp\cci4No23.s:148    .text.ltoa:00000000 ltoa
C:\Users\z80\AppData\Local\Temp\cci4No23.s:179    .rodata:00000000 $d
C:\Users\z80\AppData\Local\Temp\cci4No23.s:180    .rodata:00000000 .LC0
C:\Users\z80\AppData\Local\Temp\cci4No23.s:183    .text.chvprintf:00000000 $t
C:\Users\z80\AppData\Local\Temp\cci4No23.s:189    .text.chvprintf:00000000 chvprintf
C:\Users\z80\AppData\Local\Temp\cci4No23.s:442    .text.chvprintf:000001cc $d
C:\Users\z80\AppData\Local\Temp\cci4No23.s:497    .text.chvprintf:000002a0 $t
C:\Users\z80\AppData\Local\Temp\cci4No23.s:783    .text.chsnprintf:00000000 $t
C:\Users\z80\AppData\Local\Temp\cci4No23.s:789    .text.chsnprintf:00000000 chsnprintf
                     .debug_frame:00000010 $d

UNDEFINED SYMBOLS
msObjectInit
