ARM GAS  C:\Users\z80\AppData\Local\Temp\ccFBSaLV.s 			page 1


   1              		.syntax unified
   2              		.cpu cortex-m3
   3              		.fpu softvfp
   4              		.eabi_attribute 20, 1
   5              		.eabi_attribute 21, 1
   6              		.eabi_attribute 23, 3
   7              		.eabi_attribute 24, 1
   8              		.eabi_attribute 25, 1
   9              		.eabi_attribute 26, 1
  10              		.eabi_attribute 30, 6
  11              		.eabi_attribute 18, 4
  12              		.thumb
  13              		.file	"chrtclib.c"
  14              		.section	.debug_abbrev,"",%progbits
  15              	.Ldebug_abbrev0:
  16              		.section	.debug_info,"",%progbits
  17              	.Ldebug_info0:
  18              		.section	.debug_line,"",%progbits
  19              	.Ldebug_line0:
  20 0000 0A020000 		.text
  20      02008201 
  20      00000201 
  20      FB0E0D00 
  20      01010101 
  21              	.Ltext0:
  22              		.cfi_sections	.debug_frame
  23              		.section	.text.rtcGetTimeTm,"ax",%progbits
  24              		.align	2
  25              		.p2align 4,,15
  26              		.global	rtcGetTimeTm
  27              		.thumb
  28              		.thumb_func
  29              		.type	rtcGetTimeTm, %function
  30              	rtcGetTimeTm:
  31              	.LFB63:
  32              		.file 1 "../chibios_2.6.3/os/various/chrtclib.c"
  33              		.loc 1 254 0
  34              		.cfi_startproc
  35              		@ args = 0, pretend = 0, frame = 16
  36              		@ frame_needed = 0, uses_anonymous_args = 0
  37 0000 00B5     		push	{lr}
  38              	.LCFI0:
  39              		.cfi_def_cfa_offset 4
  40 0002 85B0     		sub	sp, sp, #20
  41              	.LCFI1:
  42              		.cfi_def_cfa_offset 24
  43 0004 0190     		str	r0, [sp, #4]
  44 0006 0091     		str	r1, [sp, #0]
  45              		.loc 1 255 0
  46 0008 4FF00003 		mov	r3, #0
  47 000c 0293     		str	r3, [sp, #8]
  48 000e 4FF00003 		mov	r3, #0
  49 0012 0393     		str	r3, [sp, #12]
  50              		.loc 1 257 0
  51 0014 02AB     		add	r3, sp, #8
  52 0016 0198     		ldr	r0, [sp, #4]
  53 0018 1946     		mov	r1, r3
ARM GAS  C:\Users\z80\AppData\Local\Temp\ccFBSaLV.s 			page 2


  54              		.cfi_offset 14, -4
  55 001a FFF7FEFF 		bl	rtcGetTime
  56              		.loc 1 258 0
  57 001e 02AB     		add	r3, sp, #8
  58 0020 1846     		mov	r0, r3
  59 0022 0099     		ldr	r1, [sp, #0]
  60 0024 FFF7FEFF 		bl	localtime_r
  61              		.loc 1 259 0
  62 0028 05B0     		add	sp, sp, #20
  63 002a 00BD     		pop	{pc}
  64              		.cfi_endproc
  65              	.LFE63:
  66              		.size	rtcGetTimeTm, .-rtcGetTimeTm
  67 002c AFF30080 		.section	.text.rtcSetTimeTm,"ax",%progbits
  68              		.align	2
  69              		.p2align 4,,15
  70              		.global	rtcSetTimeTm
  71              		.thumb
  72              		.thumb_func
  73              		.type	rtcSetTimeTm, %function
  74              	rtcSetTimeTm:
  75              	.LFB64:
  76              		.loc 1 269 0
  77              		.cfi_startproc
  78              		@ args = 0, pretend = 0, frame = 16
  79              		@ frame_needed = 0, uses_anonymous_args = 0
  80 0000 00B5     		push	{lr}
  81              	.LCFI2:
  82              		.cfi_def_cfa_offset 4
  83 0002 85B0     		sub	sp, sp, #20
  84              	.LCFI3:
  85              		.cfi_def_cfa_offset 24
  86 0004 0190     		str	r0, [sp, #4]
  87 0006 0091     		str	r1, [sp, #0]
  88              		.loc 1 270 0
  89 0008 4FF00003 		mov	r3, #0
  90 000c 0293     		str	r3, [sp, #8]
  91 000e 4FF00003 		mov	r3, #0
  92 0012 0393     		str	r3, [sp, #12]
  93              		.loc 1 272 0
  94 0014 0098     		ldr	r0, [sp, #0]
  95              		.cfi_offset 14, -4
  96 0016 FFF7FEFF 		bl	mktime
  97 001a 0346     		mov	r3, r0
  98 001c 0293     		str	r3, [sp, #8]
  99              		.loc 1 274 0
 100 001e 4FF00003 		mov	r3, #0
 101 0022 0393     		str	r3, [sp, #12]
 102              		.loc 1 276 0
 103 0024 02AB     		add	r3, sp, #8
 104 0026 0198     		ldr	r0, [sp, #4]
 105 0028 1946     		mov	r1, r3
 106 002a FFF7FEFF 		bl	rtcSetTime
 107              		.loc 1 277 0
 108 002e 05B0     		add	sp, sp, #20
 109 0030 00BD     		pop	{pc}
 110              		.cfi_endproc
ARM GAS  C:\Users\z80\AppData\Local\Temp\ccFBSaLV.s 			page 3


 111              	.LFE64:
 112              		.size	rtcSetTimeTm, .-rtcSetTimeTm
 113 0032 00BFAFF3 		.section	.text.rtcGetTimeUnixSec,"ax",%progbits
 113      0080AFF3 
 113      0080AFF3 
 113      0080
 114              		.align	2
 115              		.p2align 4,,15
 116              		.global	rtcGetTimeUnixSec
 117              		.thumb
 118              		.thumb_func
 119              		.type	rtcGetTimeUnixSec, %function
 120              	rtcGetTimeUnixSec:
 121              	.LFB65:
 122              		.loc 1 287 0
 123              		.cfi_startproc
 124              		@ args = 0, pretend = 0, frame = 16
 125              		@ frame_needed = 0, uses_anonymous_args = 0
 126 0000 00B5     		push	{lr}
 127              	.LCFI4:
 128              		.cfi_def_cfa_offset 4
 129 0002 85B0     		sub	sp, sp, #20
 130              	.LCFI5:
 131              		.cfi_def_cfa_offset 24
 132 0004 0190     		str	r0, [sp, #4]
 133              		.loc 1 288 0
 134 0006 4FF00003 		mov	r3, #0
 135 000a 0293     		str	r3, [sp, #8]
 136 000c 4FF00003 		mov	r3, #0
 137 0010 0393     		str	r3, [sp, #12]
 138              		.loc 1 290 0
 139 0012 02AB     		add	r3, sp, #8
 140 0014 0198     		ldr	r0, [sp, #4]
 141 0016 1946     		mov	r1, r3
 142              		.cfi_offset 14, -4
 143 0018 FFF7FEFF 		bl	rtcGetTime
 144              		.loc 1 291 0
 145 001c 029B     		ldr	r3, [sp, #8]
 146              		.loc 1 292 0
 147 001e 1846     		mov	r0, r3
 148 0020 05B0     		add	sp, sp, #20
 149 0022 00BD     		pop	{pc}
 150              		.cfi_endproc
 151              	.LFE65:
 152              		.size	rtcGetTimeUnixSec, .-rtcGetTimeUnixSec
 153 0024 AFF30080 		.section	.text.rtcSetTimeUnixSec,"ax",%progbits
 153      AFF30080 
 153      AFF30080 
 154              		.align	2
 155              		.p2align 4,,15
 156              		.global	rtcSetTimeUnixSec
 157              		.thumb
 158              		.thumb_func
 159              		.type	rtcSetTimeUnixSec, %function
 160              	rtcSetTimeUnixSec:
 161              	.LFB66:
 162              		.loc 1 303 0
ARM GAS  C:\Users\z80\AppData\Local\Temp\ccFBSaLV.s 			page 4


 163              		.cfi_startproc
 164              		@ args = 0, pretend = 0, frame = 16
 165              		@ frame_needed = 0, uses_anonymous_args = 0
 166 0000 00B5     		push	{lr}
 167              	.LCFI6:
 168              		.cfi_def_cfa_offset 4
 169 0002 85B0     		sub	sp, sp, #20
 170              	.LCFI7:
 171              		.cfi_def_cfa_offset 24
 172 0004 0190     		str	r0, [sp, #4]
 173 0006 0091     		str	r1, [sp, #0]
 174              		.loc 1 304 0
 175 0008 4FF00003 		mov	r3, #0
 176 000c 0293     		str	r3, [sp, #8]
 177 000e 4FF00003 		mov	r3, #0
 178 0012 0393     		str	r3, [sp, #12]
 179              		.loc 1 306 0
 180 0014 009B     		ldr	r3, [sp, #0]
 181 0016 0293     		str	r3, [sp, #8]
 182              		.loc 1 308 0
 183 0018 4FF00003 		mov	r3, #0
 184 001c 0393     		str	r3, [sp, #12]
 185              		.loc 1 310 0
 186 001e 02AB     		add	r3, sp, #8
 187 0020 0198     		ldr	r0, [sp, #4]
 188 0022 1946     		mov	r1, r3
 189              		.cfi_offset 14, -4
 190 0024 FFF7FEFF 		bl	rtcSetTime
 191              		.loc 1 311 0
 192 0028 05B0     		add	sp, sp, #20
 193 002a 00BD     		pop	{pc}
 194              		.cfi_endproc
 195              	.LFE66:
 196              		.size	rtcSetTimeUnixSec, .-rtcSetTimeUnixSec
 197 002c AFF30080 		.section	.text.rtcGetTimeUnixUsec,"ax",%progbits
 198              		.align	2
 199              		.p2align 4,,15
 200              		.global	rtcGetTimeUnixUsec
 201              		.thumb
 202              		.thumb_func
 203              		.type	rtcGetTimeUnixUsec, %function
 204              	rtcGetTimeUnixUsec:
 205              	.LFB67:
 206              		.loc 1 321 0
 207              		.cfi_startproc
 208              		@ args = 0, pretend = 0, frame = 24
 209              		@ frame_needed = 0, uses_anonymous_args = 0
 210 0000 00B5     		push	{lr}
 211              	.LCFI8:
 212              		.cfi_def_cfa_offset 4
 213 0002 87B0     		sub	sp, sp, #28
 214              	.LCFI9:
 215              		.cfi_def_cfa_offset 32
 216 0004 0190     		str	r0, [sp, #4]
 217              		.loc 1 323 0
 218 0006 4FF00002 		mov	r2, #0
 219 000a 4FF00003 		mov	r3, #0
ARM GAS  C:\Users\z80\AppData\Local\Temp\ccFBSaLV.s 			page 5


 220 000e CDE90423 		strd	r2, [sp, #16]
 221              		.loc 1 324 0
 222 0012 4FF00003 		mov	r3, #0
 223 0016 0293     		str	r3, [sp, #8]
 224 0018 4FF00003 		mov	r3, #0
 225 001c 0393     		str	r3, [sp, #12]
 226              		.loc 1 326 0
 227 001e 02AB     		add	r3, sp, #8
 228 0020 0198     		ldr	r0, [sp, #4]
 229 0022 1946     		mov	r1, r3
 230              		.cfi_offset 14, -4
 231 0024 FFF7FEFF 		bl	rtcGetTime
 232              		.loc 1 327 0
 233 0028 029B     		ldr	r3, [sp, #8]
 234 002a 1A46     		mov	r2, r3
 235 002c 4FF00003 		mov	r3, #0
 236 0030 44F24021 		movw	r1, #16960
 237 0034 C0F20F01 		movt	r1, 15
 238 0038 01FB03F1 		mul	r1, r1, r3
 239 003c 4FF00000 		mov	r0, #0
 240 0040 00FB02F0 		mul	r0, r0, r2
 241 0044 0144     		add	r1, r1, r0
 242 0046 44F24020 		movw	r0, #16960
 243 004a C0F20F00 		movt	r0, 15
 244 004e A2FB0023 		umull	r2, r3, r2, r0
 245 0052 1944     		add	r1, r1, r3
 246 0054 0B46     		mov	r3, r1
 247 0056 CDE90423 		strd	r2, [sp, #16]
 248 005a CDE90423 		strd	r2, [sp, #16]
 249              		.loc 1 328 0
 250 005e 039B     		ldr	r3, [sp, #12]
 251 0060 4FF47A72 		mov	r2, #1000
 252 0064 02FB03F3 		mul	r3, r2, r3
 253 0068 1846     		mov	r0, r3
 254 006a 4FF00001 		mov	r1, #0
 255 006e DDE90423 		ldrd	r2, [sp, #16]
 256 0072 1218     		adds	r2, r2, r0
 257 0074 43EB0103 		adc	r3, r3, r1
 258              		.loc 1 332 0
 259 0078 1046     		mov	r0, r2
 260 007a 1946     		mov	r1, r3
 261 007c 07B0     		add	sp, sp, #28
 262 007e 00BD     		pop	{pc}
 263              		.cfi_endproc
 264              	.LFE67:
 265              		.size	rtcGetTimeUnixUsec, .-rtcGetTimeUnixUsec
 266              		.section	.text.rtcGetTimeFatFromCounter,"ax",%progbits
 267              		.align	2
 268              		.p2align 4,,15
 269              		.global	rtcGetTimeFatFromCounter
 270              		.thumb
 271              		.thumb_func
 272              		.type	rtcGetTimeFatFromCounter, %function
 273              	rtcGetTimeFatFromCounter:
 274              	.LFB68:
 275              		.loc 1 342 0
 276              		.cfi_startproc
ARM GAS  C:\Users\z80\AppData\Local\Temp\ccFBSaLV.s 			page 6


 277              		@ args = 0, pretend = 0, frame = 48
 278              		@ frame_needed = 0, uses_anonymous_args = 0
 279 0000 00B5     		push	{lr}
 280              	.LCFI10:
 281              		.cfi_def_cfa_offset 4
 282 0002 8DB0     		sub	sp, sp, #52
 283              	.LCFI11:
 284              		.cfi_def_cfa_offset 56
 285 0004 0190     		str	r0, [sp, #4]
 286              		.loc 1 346 0
 287 0006 02AB     		add	r3, sp, #8
 288 0008 0198     		ldr	r0, [sp, #4]
 289 000a 1946     		mov	r1, r3
 290              		.cfi_offset 14, -4
 291 000c FFF7FEFF 		bl	rtcGetTimeTm
 292              		.loc 1 348 0
 293 0010 029B     		ldr	r3, [sp, #8]
 294 0012 4FEA6303 		asr	r3, r3, #1
 295 0016 0B93     		str	r3, [sp, #44]
 296              		.loc 1 349 0
 297 0018 039B     		ldr	r3, [sp, #12]
 298 001a 4FEA4313 		lsl	r3, r3, #5
 299 001e 0B9A     		ldr	r2, [sp, #44]
 300 0020 42EA0303 		orr	r3, r2, r3
 301 0024 0B93     		str	r3, [sp, #44]
 302              		.loc 1 350 0
 303 0026 049B     		ldr	r3, [sp, #16]
 304 0028 4FEAC323 		lsl	r3, r3, #11
 305 002c 0B9A     		ldr	r2, [sp, #44]
 306 002e 42EA0303 		orr	r3, r2, r3
 307 0032 0B93     		str	r3, [sp, #44]
 308              		.loc 1 351 0
 309 0034 059B     		ldr	r3, [sp, #20]
 310 0036 4FEA0343 		lsl	r3, r3, #16
 311 003a 0B9A     		ldr	r2, [sp, #44]
 312 003c 42EA0303 		orr	r3, r2, r3
 313 0040 0B93     		str	r3, [sp, #44]
 314              		.loc 1 352 0
 315 0042 069B     		ldr	r3, [sp, #24]
 316 0044 03F10103 		add	r3, r3, #1
 317 0048 4FEA4353 		lsl	r3, r3, #21
 318 004c 0B9A     		ldr	r2, [sp, #44]
 319 004e 42EA0303 		orr	r3, r2, r3
 320 0052 0B93     		str	r3, [sp, #44]
 321              		.loc 1 353 0
 322 0054 079B     		ldr	r3, [sp, #28]
 323 0056 A3F15003 		sub	r3, r3, #80
 324 005a 4FEA4363 		lsl	r3, r3, #25
 325 005e 0B9A     		ldr	r2, [sp, #44]
 326 0060 42EA0303 		orr	r3, r2, r3
 327 0064 0B93     		str	r3, [sp, #44]
 328              		.loc 1 355 0
 329 0066 0B9B     		ldr	r3, [sp, #44]
 330              		.loc 1 356 0
 331 0068 1846     		mov	r0, r3
 332 006a 0DB0     		add	sp, sp, #52
 333 006c 00BD     		pop	{pc}
ARM GAS  C:\Users\z80\AppData\Local\Temp\ccFBSaLV.s 			page 7


 334              		.cfi_endproc
 335              	.LFE68:
 336              		.size	rtcGetTimeFatFromCounter, .-rtcGetTimeFatFromCounter
 337 006e 00BF     		.text
 338              	.Letext0:
 339              		.section	.debug_loc,"",%progbits
 340              	.Ldebug_loc0:
 341              	.LLST0:
 342 0000 00000000 		.4byte	.LFB63
 343 0004 02000000 		.4byte	.LCFI0
 344 0008 0200     		.2byte	0x2
 345 000a 7D       		.byte	0x7d
 346 000b 00       		.sleb128 0
 347 000c 02000000 		.4byte	.LCFI0
 348 0010 04000000 		.4byte	.LCFI1
 349 0014 0200     		.2byte	0x2
 350 0016 7D       		.byte	0x7d
 351 0017 04       		.sleb128 4
 352 0018 04000000 		.4byte	.LCFI1
 353 001c 2C000000 		.4byte	.LFE63
 354 0020 0200     		.2byte	0x2
 355 0022 7D       		.byte	0x7d
 356 0023 18       		.sleb128 24
 357 0024 00000000 		.4byte	0x0
 358 0028 00000000 		.4byte	0x0
 359              	.LLST1:
 360 002c 00000000 		.4byte	.LFB64
 361 0030 02000000 		.4byte	.LCFI2
 362 0034 0200     		.2byte	0x2
 363 0036 7D       		.byte	0x7d
 364 0037 00       		.sleb128 0
 365 0038 02000000 		.4byte	.LCFI2
 366 003c 04000000 		.4byte	.LCFI3
 367 0040 0200     		.2byte	0x2
 368 0042 7D       		.byte	0x7d
 369 0043 04       		.sleb128 4
 370 0044 04000000 		.4byte	.LCFI3
 371 0048 32000000 		.4byte	.LFE64
 372 004c 0200     		.2byte	0x2
 373 004e 7D       		.byte	0x7d
 374 004f 18       		.sleb128 24
 375 0050 00000000 		.4byte	0x0
 376 0054 00000000 		.4byte	0x0
 377              	.LLST2:
 378 0058 00000000 		.4byte	.LFB65
 379 005c 02000000 		.4byte	.LCFI4
 380 0060 0200     		.2byte	0x2
 381 0062 7D       		.byte	0x7d
 382 0063 00       		.sleb128 0
 383 0064 02000000 		.4byte	.LCFI4
 384 0068 04000000 		.4byte	.LCFI5
 385 006c 0200     		.2byte	0x2
 386 006e 7D       		.byte	0x7d
 387 006f 04       		.sleb128 4
 388 0070 04000000 		.4byte	.LCFI5
 389 0074 24000000 		.4byte	.LFE65
 390 0078 0200     		.2byte	0x2
ARM GAS  C:\Users\z80\AppData\Local\Temp\ccFBSaLV.s 			page 8


 391 007a 7D       		.byte	0x7d
 392 007b 18       		.sleb128 24
 393 007c 00000000 		.4byte	0x0
 394 0080 00000000 		.4byte	0x0
 395              	.LLST3:
 396 0084 00000000 		.4byte	.LFB66
 397 0088 02000000 		.4byte	.LCFI6
 398 008c 0200     		.2byte	0x2
 399 008e 7D       		.byte	0x7d
 400 008f 00       		.sleb128 0
 401 0090 02000000 		.4byte	.LCFI6
 402 0094 04000000 		.4byte	.LCFI7
 403 0098 0200     		.2byte	0x2
 404 009a 7D       		.byte	0x7d
 405 009b 04       		.sleb128 4
 406 009c 04000000 		.4byte	.LCFI7
 407 00a0 2C000000 		.4byte	.LFE66
 408 00a4 0200     		.2byte	0x2
 409 00a6 7D       		.byte	0x7d
 410 00a7 18       		.sleb128 24
 411 00a8 00000000 		.4byte	0x0
 412 00ac 00000000 		.4byte	0x0
 413              	.LLST4:
 414 00b0 00000000 		.4byte	.LFB67
 415 00b4 02000000 		.4byte	.LCFI8
 416 00b8 0200     		.2byte	0x2
 417 00ba 7D       		.byte	0x7d
 418 00bb 00       		.sleb128 0
 419 00bc 02000000 		.4byte	.LCFI8
 420 00c0 04000000 		.4byte	.LCFI9
 421 00c4 0200     		.2byte	0x2
 422 00c6 7D       		.byte	0x7d
 423 00c7 04       		.sleb128 4
 424 00c8 04000000 		.4byte	.LCFI9
 425 00cc 80000000 		.4byte	.LFE67
 426 00d0 0200     		.2byte	0x2
 427 00d2 7D       		.byte	0x7d
 428 00d3 20       		.sleb128 32
 429 00d4 00000000 		.4byte	0x0
 430 00d8 00000000 		.4byte	0x0
 431              	.LLST5:
 432 00dc 00000000 		.4byte	.LFB68
 433 00e0 02000000 		.4byte	.LCFI10
 434 00e4 0200     		.2byte	0x2
 435 00e6 7D       		.byte	0x7d
 436 00e7 00       		.sleb128 0
 437 00e8 02000000 		.4byte	.LCFI10
 438 00ec 04000000 		.4byte	.LCFI11
 439 00f0 0200     		.2byte	0x2
 440 00f2 7D       		.byte	0x7d
 441 00f3 04       		.sleb128 4
 442 00f4 04000000 		.4byte	.LCFI11
 443 00f8 6E000000 		.4byte	.LFE68
 444 00fc 0200     		.2byte	0x2
 445 00fe 7D       		.byte	0x7d
 446 00ff 38       		.sleb128 56
 447 0100 00000000 		.4byte	0x0
ARM GAS  C:\Users\z80\AppData\Local\Temp\ccFBSaLV.s 			page 9


 448 0104 00000000 		.4byte	0x0
 449              		.file 2 "c:/programs/yagarto/lib/gcc/../../arm-none-eabi/sys-include/time.h"
 450              		.file 3 "c:/programs/yagarto/lib/gcc/../../arm-none-eabi/sys-include/sys/types.h"
 451              		.file 4 "c:/programs/yagarto/lib/gcc/../../arm-none-eabi/sys-include/stdint.h"
 452              		.file 5 "../chibios_2.6.3/os/hal/include/rtc.h"
 453              		.file 6 "../chibios_2.6.3/os/hal/platforms/STM32/RTCv1/rtc_lld.h"
 454              		.file 7 "../chibios_2.6.3/os/ports/common/ARMCMx/CMSIS/include/core_cm3.h"
 455              		.section	.debug_info
 456 0000 AB030000 		.4byte	0x3ab
 457 0004 0200     		.2byte	0x2
 458 0006 00000000 		.4byte	.Ldebug_abbrev0
 459 000a 04       		.byte	0x4
 460 000b 01       		.uleb128 0x1
 461 000c 12000000 		.4byte	.LASF46
 462 0010 01       		.byte	0x1
 463 0011 69000000 		.4byte	.LASF47
 464 0015 70010000 		.4byte	.LASF48
 465 0019 00000000 		.4byte	0x0
 466 001d 00000000 		.4byte	0x0
 467 0021 00000000 		.4byte	.Ldebug_ranges0+0x0
 468 0025 00000000 		.4byte	.Ldebug_line0
 469 0029 02       		.uleb128 0x2
 470 002a 01       		.byte	0x1
 471 002b 06       		.byte	0x6
 472 002c 29020000 		.4byte	.LASF0
 473 0030 02       		.uleb128 0x2
 474 0031 01       		.byte	0x1
 475 0032 08       		.byte	0x8
 476 0033 B0000000 		.4byte	.LASF1
 477 0037 02       		.uleb128 0x2
 478 0038 02       		.byte	0x2
 479 0039 05       		.byte	0x5
 480 003a D4010000 		.4byte	.LASF2
 481 003e 02       		.uleb128 0x2
 482 003f 02       		.byte	0x2
 483 0040 07       		.byte	0x7
 484 0041 43000000 		.4byte	.LASF3
 485 0045 03       		.uleb128 0x3
 486 0046 04       		.byte	0x4
 487 0047 05       		.byte	0x5
 488 0048 696E7400 		.ascii	"int\000"
 489 004c 02       		.uleb128 0x2
 490 004d 04       		.byte	0x4
 491 004e 07       		.byte	0x7
 492 004f 50010000 		.4byte	.LASF4
 493 0053 02       		.uleb128 0x2
 494 0054 08       		.byte	0x8
 495 0055 05       		.byte	0x5
 496 0056 A7010000 		.4byte	.LASF5
 497 005a 02       		.uleb128 0x2
 498 005b 08       		.byte	0x8
 499 005c 07       		.byte	0x7
 500 005d 99000000 		.4byte	.LASF6
 501 0061 02       		.uleb128 0x2
 502 0062 04       		.byte	0x4
 503 0063 05       		.byte	0x5
 504 0064 20020000 		.4byte	.LASF7
ARM GAS  C:\Users\z80\AppData\Local\Temp\ccFBSaLV.s 			page 10


 505 0068 04       		.uleb128 0x4
 506 0069 04       		.byte	0x4
 507 006a 07       		.byte	0x7
 508 006b 02       		.uleb128 0x2
 509 006c 04       		.byte	0x4
 510 006d 07       		.byte	0x7
 511 006e BE000000 		.4byte	.LASF8
 512 0072 02       		.uleb128 0x2
 513 0073 01       		.byte	0x1
 514 0074 08       		.byte	0x8
 515 0075 5D010000 		.4byte	.LASF9
 516 0079 05       		.uleb128 0x5
 517 007a 69010000 		.4byte	.LASF19
 518 007e 03       		.byte	0x3
 519 007f 6D       		.byte	0x6d
 520 0080 61000000 		.4byte	0x61
 521 0084 06       		.uleb128 0x6
 522 0085 746D00   		.ascii	"tm\000"
 523 0088 24       		.byte	0x24
 524 0089 02       		.byte	0x2
 525 008a 21       		.byte	0x21
 526 008b 0E010000 		.4byte	0x10e
 527 008f 07       		.uleb128 0x7
 528 0090 2F010000 		.4byte	.LASF10
 529 0094 02       		.byte	0x2
 530 0095 23       		.byte	0x23
 531 0096 45000000 		.4byte	0x45
 532 009a 02       		.byte	0x2
 533 009b 23       		.byte	0x23
 534 009c 00       		.uleb128 0x0
 535 009d 07       		.uleb128 0x7
 536 009e 28010000 		.4byte	.LASF11
 537 00a2 02       		.byte	0x2
 538 00a3 24       		.byte	0x24
 539 00a4 45000000 		.4byte	0x45
 540 00a8 02       		.byte	0x2
 541 00a9 23       		.byte	0x23
 542 00aa 04       		.uleb128 0x4
 543 00ab 07       		.uleb128 0x7
 544 00ac 61000000 		.4byte	.LASF12
 545 00b0 02       		.byte	0x2
 546 00b1 25       		.byte	0x25
 547 00b2 45000000 		.4byte	0x45
 548 00b6 02       		.byte	0x2
 549 00b7 23       		.byte	0x23
 550 00b8 08       		.uleb128 0x8
 551 00b9 07       		.uleb128 0x7
 552 00ba 53020000 		.4byte	.LASF13
 553 00be 02       		.byte	0x2
 554 00bf 26       		.byte	0x26
 555 00c0 45000000 		.4byte	0x45
 556 00c4 02       		.byte	0x2
 557 00c5 23       		.byte	0x23
 558 00c6 0C       		.uleb128 0xc
 559 00c7 07       		.uleb128 0x7
 560 00c8 CD010000 		.4byte	.LASF14
 561 00cc 02       		.byte	0x2
ARM GAS  C:\Users\z80\AppData\Local\Temp\ccFBSaLV.s 			page 11


 562 00cd 27       		.byte	0x27
 563 00ce 45000000 		.4byte	0x45
 564 00d2 02       		.byte	0x2
 565 00d3 23       		.byte	0x23
 566 00d4 10       		.uleb128 0x10
 567 00d5 07       		.uleb128 0x7
 568 00d6 0A020000 		.4byte	.LASF15
 569 00da 02       		.byte	0x2
 570 00db 28       		.byte	0x28
 571 00dc 45000000 		.4byte	0x45
 572 00e0 02       		.byte	0x2
 573 00e1 23       		.byte	0x23
 574 00e2 14       		.uleb128 0x14
 575 00e3 07       		.uleb128 0x7
 576 00e4 3B000000 		.4byte	.LASF16
 577 00e8 02       		.byte	0x2
 578 00e9 29       		.byte	0x29
 579 00ea 45000000 		.4byte	0x45
 580 00ee 02       		.byte	0x2
 581 00ef 23       		.byte	0x23
 582 00f0 18       		.uleb128 0x18
 583 00f1 07       		.uleb128 0x7
 584 00f2 48010000 		.4byte	.LASF17
 585 00f6 02       		.byte	0x2
 586 00f7 2A       		.byte	0x2a
 587 00f8 45000000 		.4byte	0x45
 588 00fc 02       		.byte	0x2
 589 00fd 23       		.byte	0x23
 590 00fe 1C       		.uleb128 0x1c
 591 00ff 07       		.uleb128 0x7
 592 0100 3F010000 		.4byte	.LASF18
 593 0104 02       		.byte	0x2
 594 0105 2B       		.byte	0x2b
 595 0106 45000000 		.4byte	0x45
 596 010a 02       		.byte	0x2
 597 010b 23       		.byte	0x23
 598 010c 20       		.uleb128 0x20
 599 010d 00       		.byte	0x0
 600 010e 05       		.uleb128 0x5
 601 010f 98010000 		.4byte	.LASF20
 602 0113 04       		.byte	0x4
 603 0114 4F       		.byte	0x4f
 604 0115 61000000 		.4byte	0x61
 605 0119 05       		.uleb128 0x5
 606 011a 17020000 		.4byte	.LASF21
 607 011e 04       		.byte	0x4
 608 011f 50       		.byte	0x50
 609 0120 6B000000 		.4byte	0x6b
 610 0124 05       		.uleb128 0x5
 611 0125 36010000 		.4byte	.LASF22
 612 0129 04       		.byte	0x4
 613 012a 78       		.byte	0x78
 614 012b 5A000000 		.4byte	0x5a
 615 012f 02       		.uleb128 0x2
 616 0130 01       		.byte	0x1
 617 0131 02       		.byte	0x2
 618 0132 3D020000 		.4byte	.LASF23
ARM GAS  C:\Users\z80\AppData\Local\Temp\ccFBSaLV.s 			page 12


 619 0136 08       		.uleb128 0x8
 620 0137 0E010000 		.4byte	0x10e
 621 013b 05       		.uleb128 0x5
 622 013c D0000000 		.4byte	.LASF24
 623 0140 05       		.byte	0x5
 624 0141 4C       		.byte	0x4c
 625 0142 46010000 		.4byte	0x146
 626 0146 09       		.uleb128 0x9
 627 0147 D0000000 		.4byte	.LASF24
 628 014b 04       		.byte	0x4
 629 014c 06       		.byte	0x6
 630 014d 91       		.byte	0x91
 631 014e 61010000 		.4byte	0x161
 632 0152 07       		.uleb128 0x7
 633 0153 DA000000 		.4byte	.LASF25
 634 0157 06       		.byte	0x6
 635 0158 95       		.byte	0x95
 636 0159 BB010000 		.4byte	0x1bb
 637 015d 02       		.byte	0x2
 638 015e 23       		.byte	0x23
 639 015f 00       		.uleb128 0x0
 640 0160 00       		.byte	0x0
 641 0161 05       		.uleb128 0x5
 642 0162 33000000 		.4byte	.LASF26
 643 0166 05       		.byte	0x5
 644 0167 51       		.byte	0x51
 645 0168 6C010000 		.4byte	0x16c
 646 016c 09       		.uleb128 0x9
 647 016d 33000000 		.4byte	.LASF26
 648 0171 08       		.byte	0x8
 649 0172 06       		.byte	0x6
 650 0173 79       		.byte	0x79
 651 0174 95010000 		.4byte	0x195
 652 0178 07       		.uleb128 0x7
 653 0179 A0010000 		.4byte	.LASF27
 654 017d 06       		.byte	0x6
 655 017e 7D       		.byte	0x7d
 656 017f 19010000 		.4byte	0x119
 657 0183 02       		.byte	0x2
 658 0184 23       		.byte	0x23
 659 0185 00       		.uleb128 0x0
 660 0186 07       		.uleb128 0x7
 661 0187 35020000 		.4byte	.LASF28
 662 018b 06       		.byte	0x6
 663 018c 81       		.byte	0x81
 664 018d 19010000 		.4byte	0x119
 665 0191 02       		.byte	0x2
 666 0192 23       		.byte	0x23
 667 0193 04       		.uleb128 0x4
 668 0194 00       		.byte	0x0
 669 0195 0A       		.uleb128 0xa
 670 0196 01       		.byte	0x1
 671 0197 06       		.byte	0x6
 672 0198 61       		.byte	0x61
 673 0199 B0010000 		.4byte	0x1b0
 674 019d 0B       		.uleb128 0xb
 675 019e 17010000 		.4byte	.LASF29
ARM GAS  C:\Users\z80\AppData\Local\Temp\ccFBSaLV.s 			page 13


 676 01a2 00       		.sleb128 0
 677 01a3 0B       		.uleb128 0xb
 678 01a4 43020000 		.4byte	.LASF30
 679 01a8 01       		.sleb128 1
 680 01a9 0B       		.uleb128 0xb
 681 01aa F7010000 		.4byte	.LASF31
 682 01ae 02       		.sleb128 2
 683 01af 00       		.byte	0x0
 684 01b0 05       		.uleb128 0x5
 685 01b1 56000000 		.4byte	.LASF32
 686 01b5 06       		.byte	0x6
 687 01b6 65       		.byte	0x65
 688 01b7 95010000 		.4byte	0x195
 689 01bb 05       		.uleb128 0x5
 690 01bc 2B000000 		.4byte	.LASF33
 691 01c0 06       		.byte	0x6
 692 01c1 6A       		.byte	0x6a
 693 01c2 C6010000 		.4byte	0x1c6
 694 01c6 0C       		.uleb128 0xc
 695 01c7 04       		.byte	0x4
 696 01c8 CC010000 		.4byte	0x1cc
 697 01cc 0D       		.uleb128 0xd
 698 01cd 01       		.byte	0x1
 699 01ce DD010000 		.4byte	0x1dd
 700 01d2 0E       		.uleb128 0xe
 701 01d3 DD010000 		.4byte	0x1dd
 702 01d7 0E       		.uleb128 0xe
 703 01d8 B0010000 		.4byte	0x1b0
 704 01dc 00       		.byte	0x0
 705 01dd 0C       		.uleb128 0xc
 706 01de 04       		.byte	0x4
 707 01df 3B010000 		.4byte	0x13b
 708 01e3 0F       		.uleb128 0xf
 709 01e4 01       		.byte	0x1
 710 01e5 02010000 		.4byte	.LASF36
 711 01e9 01       		.byte	0x1
 712 01ea FE       		.byte	0xfe
 713 01eb 01       		.byte	0x1
 714 01ec 00000000 		.4byte	.LFB63
 715 01f0 2C000000 		.4byte	.LFE63
 716 01f4 00000000 		.4byte	.LLST0
 717 01f8 27020000 		.4byte	0x227
 718 01fc 10       		.uleb128 0x10
 719 01fd 12020000 		.4byte	.LASF34
 720 0201 01       		.byte	0x1
 721 0202 FE       		.byte	0xfe
 722 0203 DD010000 		.4byte	0x1dd
 723 0207 02       		.byte	0x2
 724 0208 91       		.byte	0x91
 725 0209 6C       		.sleb128 -20
 726 020a 10       		.uleb128 0x10
 727 020b B5010000 		.4byte	.LASF35
 728 020f 01       		.byte	0x1
 729 0210 FE       		.byte	0xfe
 730 0211 27020000 		.4byte	0x227
 731 0215 02       		.byte	0x2
 732 0216 91       		.byte	0x91
ARM GAS  C:\Users\z80\AppData\Local\Temp\ccFBSaLV.s 			page 14


 733 0217 68       		.sleb128 -24
 734 0218 11       		.uleb128 0x11
 735 0219 90000000 		.4byte	.LASF38
 736 021d 01       		.byte	0x1
 737 021e FF       		.byte	0xff
 738 021f 61010000 		.4byte	0x161
 739 0223 02       		.byte	0x2
 740 0224 91       		.byte	0x91
 741 0225 70       		.sleb128 -16
 742 0226 00       		.byte	0x0
 743 0227 0C       		.uleb128 0xc
 744 0228 04       		.byte	0x4
 745 0229 84000000 		.4byte	0x84
 746 022d 12       		.uleb128 0x12
 747 022e 01       		.byte	0x1
 748 022f 1E000000 		.4byte	.LASF37
 749 0233 01       		.byte	0x1
 750 0234 0D01     		.2byte	0x10d
 751 0236 01       		.byte	0x1
 752 0237 00000000 		.4byte	.LFB64
 753 023b 32000000 		.4byte	.LFE64
 754 023f 2C000000 		.4byte	.LLST1
 755 0243 75020000 		.4byte	0x275
 756 0247 13       		.uleb128 0x13
 757 0248 12020000 		.4byte	.LASF34
 758 024c 01       		.byte	0x1
 759 024d 0D01     		.2byte	0x10d
 760 024f DD010000 		.4byte	0x1dd
 761 0253 02       		.byte	0x2
 762 0254 91       		.byte	0x91
 763 0255 6C       		.sleb128 -20
 764 0256 13       		.uleb128 0x13
 765 0257 B5010000 		.4byte	.LASF35
 766 025b 01       		.byte	0x1
 767 025c 0D01     		.2byte	0x10d
 768 025e 27020000 		.4byte	0x227
 769 0262 02       		.byte	0x2
 770 0263 91       		.byte	0x91
 771 0264 68       		.sleb128 -24
 772 0265 14       		.uleb128 0x14
 773 0266 90000000 		.4byte	.LASF38
 774 026a 01       		.byte	0x1
 775 026b 0E01     		.2byte	0x10e
 776 026d 61010000 		.4byte	0x161
 777 0271 02       		.byte	0x2
 778 0272 91       		.byte	0x91
 779 0273 70       		.sleb128 -16
 780 0274 00       		.byte	0x0
 781 0275 15       		.uleb128 0x15
 782 0276 01       		.byte	0x1
 783 0277 00000000 		.4byte	.LASF40
 784 027b 01       		.byte	0x1
 785 027c 1F01     		.2byte	0x11f
 786 027e 01       		.byte	0x1
 787 027f 79000000 		.4byte	0x79
 788 0283 00000000 		.4byte	.LFB65
 789 0287 24000000 		.4byte	.LFE65
ARM GAS  C:\Users\z80\AppData\Local\Temp\ccFBSaLV.s 			page 15


 790 028b 58000000 		.4byte	.LLST2
 791 028f B2020000 		.4byte	0x2b2
 792 0293 13       		.uleb128 0x13
 793 0294 12020000 		.4byte	.LASF34
 794 0298 01       		.byte	0x1
 795 0299 1F01     		.2byte	0x11f
 796 029b DD010000 		.4byte	0x1dd
 797 029f 02       		.byte	0x2
 798 02a0 91       		.byte	0x91
 799 02a1 6C       		.sleb128 -20
 800 02a2 14       		.uleb128 0x14
 801 02a3 90000000 		.4byte	.LASF38
 802 02a7 01       		.byte	0x1
 803 02a8 2001     		.2byte	0x120
 804 02aa 61010000 		.4byte	0x161
 805 02ae 02       		.byte	0x2
 806 02af 91       		.byte	0x91
 807 02b0 70       		.sleb128 -16
 808 02b1 00       		.byte	0x0
 809 02b2 12       		.uleb128 0x12
 810 02b3 01       		.byte	0x1
 811 02b4 F0000000 		.4byte	.LASF39
 812 02b8 01       		.byte	0x1
 813 02b9 2F01     		.2byte	0x12f
 814 02bb 01       		.byte	0x1
 815 02bc 00000000 		.4byte	.LFB66
 816 02c0 2C000000 		.4byte	.LFE66
 817 02c4 84000000 		.4byte	.LLST3
 818 02c8 FA020000 		.4byte	0x2fa
 819 02cc 13       		.uleb128 0x13
 820 02cd 12020000 		.4byte	.LASF34
 821 02d1 01       		.byte	0x1
 822 02d2 2F01     		.2byte	0x12f
 823 02d4 DD010000 		.4byte	0x1dd
 824 02d8 02       		.byte	0x2
 825 02d9 91       		.byte	0x91
 826 02da 6C       		.sleb128 -20
 827 02db 13       		.uleb128 0x13
 828 02dc A0010000 		.4byte	.LASF27
 829 02e0 01       		.byte	0x1
 830 02e1 2F01     		.2byte	0x12f
 831 02e3 79000000 		.4byte	0x79
 832 02e7 02       		.byte	0x2
 833 02e8 91       		.byte	0x91
 834 02e9 68       		.sleb128 -24
 835 02ea 14       		.uleb128 0x14
 836 02eb 90000000 		.4byte	.LASF38
 837 02ef 01       		.byte	0x1
 838 02f0 3001     		.2byte	0x130
 839 02f2 61010000 		.4byte	0x161
 840 02f6 02       		.byte	0x2
 841 02f7 91       		.byte	0x91
 842 02f8 70       		.sleb128 -16
 843 02f9 00       		.byte	0x0
 844 02fa 15       		.uleb128 0x15
 845 02fb 01       		.byte	0x1
 846 02fc BA010000 		.4byte	.LASF41
ARM GAS  C:\Users\z80\AppData\Local\Temp\ccFBSaLV.s 			page 16


 847 0300 01       		.byte	0x1
 848 0301 4101     		.2byte	0x141
 849 0303 01       		.byte	0x1
 850 0304 24010000 		.4byte	0x124
 851 0308 00000000 		.4byte	.LFB67
 852 030c 80000000 		.4byte	.LFE67
 853 0310 B0000000 		.4byte	.LLST4
 854 0314 46030000 		.4byte	0x346
 855 0318 13       		.uleb128 0x13
 856 0319 12020000 		.4byte	.LASF34
 857 031d 01       		.byte	0x1
 858 031e 4101     		.2byte	0x141
 859 0320 DD010000 		.4byte	0x1dd
 860 0324 02       		.byte	0x2
 861 0325 91       		.byte	0x91
 862 0326 64       		.sleb128 -28
 863 0327 14       		.uleb128 0x14
 864 0328 62010000 		.4byte	.LASF42
 865 032c 01       		.byte	0x1
 866 032d 4301     		.2byte	0x143
 867 032f 24010000 		.4byte	0x124
 868 0333 02       		.byte	0x2
 869 0334 91       		.byte	0x91
 870 0335 70       		.sleb128 -16
 871 0336 14       		.uleb128 0x14
 872 0337 90000000 		.4byte	.LASF38
 873 033b 01       		.byte	0x1
 874 033c 4401     		.2byte	0x144
 875 033e 61010000 		.4byte	0x161
 876 0342 02       		.byte	0x2
 877 0343 91       		.byte	0x91
 878 0344 68       		.sleb128 -24
 879 0345 00       		.byte	0x0
 880 0346 15       		.uleb128 0x15
 881 0347 01       		.byte	0x1
 882 0348 DE010000 		.4byte	.LASF43
 883 034c 01       		.byte	0x1
 884 034d 5601     		.2byte	0x156
 885 034f 01       		.byte	0x1
 886 0350 19010000 		.4byte	0x119
 887 0354 00000000 		.4byte	.LFB68
 888 0358 6E000000 		.4byte	.LFE68
 889 035c DC000000 		.4byte	.LLST5
 890 0360 92030000 		.4byte	0x392
 891 0364 13       		.uleb128 0x13
 892 0365 12020000 		.4byte	.LASF34
 893 0369 01       		.byte	0x1
 894 036a 5601     		.2byte	0x156
 895 036c DD010000 		.4byte	0x1dd
 896 0370 02       		.byte	0x2
 897 0371 91       		.byte	0x91
 898 0372 4C       		.sleb128 -52
 899 0373 14       		.uleb128 0x14
 900 0374 0F010000 		.4byte	.LASF44
 901 0378 01       		.byte	0x1
 902 0379 5701     		.2byte	0x157
 903 037b 19010000 		.4byte	0x119
ARM GAS  C:\Users\z80\AppData\Local\Temp\ccFBSaLV.s 			page 17


 904 037f 02       		.byte	0x2
 905 0380 91       		.byte	0x91
 906 0381 74       		.sleb128 -12
 907 0382 14       		.uleb128 0x14
 908 0383 B5010000 		.4byte	.LASF35
 909 0387 01       		.byte	0x1
 910 0388 5801     		.2byte	0x158
 911 038a 84000000 		.4byte	0x84
 912 038e 02       		.byte	0x2
 913 038f 91       		.byte	0x91
 914 0390 50       		.sleb128 -48
 915 0391 00       		.byte	0x0
 916 0392 16       		.uleb128 0x16
 917 0393 E3000000 		.4byte	.LASF45
 918 0397 07       		.byte	0x7
 919 0398 0706     		.2byte	0x607
 920 039a 36010000 		.4byte	0x136
 921 039e 01       		.byte	0x1
 922 039f 01       		.byte	0x1
 923 03a0 16       		.uleb128 0x16
 924 03a1 E3000000 		.4byte	.LASF45
 925 03a5 07       		.byte	0x7
 926 03a6 0706     		.2byte	0x607
 927 03a8 36010000 		.4byte	0x136
 928 03ac 01       		.byte	0x1
 929 03ad 01       		.byte	0x1
 930 03ae 00       		.byte	0x0
 931              		.section	.debug_abbrev
 932 0000 01       		.uleb128 0x1
 933 0001 11       		.uleb128 0x11
 934 0002 01       		.byte	0x1
 935 0003 25       		.uleb128 0x25
 936 0004 0E       		.uleb128 0xe
 937 0005 13       		.uleb128 0x13
 938 0006 0B       		.uleb128 0xb
 939 0007 03       		.uleb128 0x3
 940 0008 0E       		.uleb128 0xe
 941 0009 1B       		.uleb128 0x1b
 942 000a 0E       		.uleb128 0xe
 943 000b 11       		.uleb128 0x11
 944 000c 01       		.uleb128 0x1
 945 000d 52       		.uleb128 0x52
 946 000e 01       		.uleb128 0x1
 947 000f 55       		.uleb128 0x55
 948 0010 06       		.uleb128 0x6
 949 0011 10       		.uleb128 0x10
 950 0012 06       		.uleb128 0x6
 951 0013 00       		.byte	0x0
 952 0014 00       		.byte	0x0
 953 0015 02       		.uleb128 0x2
 954 0016 24       		.uleb128 0x24
 955 0017 00       		.byte	0x0
 956 0018 0B       		.uleb128 0xb
 957 0019 0B       		.uleb128 0xb
 958 001a 3E       		.uleb128 0x3e
 959 001b 0B       		.uleb128 0xb
 960 001c 03       		.uleb128 0x3
ARM GAS  C:\Users\z80\AppData\Local\Temp\ccFBSaLV.s 			page 18


 961 001d 0E       		.uleb128 0xe
 962 001e 00       		.byte	0x0
 963 001f 00       		.byte	0x0
 964 0020 03       		.uleb128 0x3
 965 0021 24       		.uleb128 0x24
 966 0022 00       		.byte	0x0
 967 0023 0B       		.uleb128 0xb
 968 0024 0B       		.uleb128 0xb
 969 0025 3E       		.uleb128 0x3e
 970 0026 0B       		.uleb128 0xb
 971 0027 03       		.uleb128 0x3
 972 0028 08       		.uleb128 0x8
 973 0029 00       		.byte	0x0
 974 002a 00       		.byte	0x0
 975 002b 04       		.uleb128 0x4
 976 002c 24       		.uleb128 0x24
 977 002d 00       		.byte	0x0
 978 002e 0B       		.uleb128 0xb
 979 002f 0B       		.uleb128 0xb
 980 0030 3E       		.uleb128 0x3e
 981 0031 0B       		.uleb128 0xb
 982 0032 00       		.byte	0x0
 983 0033 00       		.byte	0x0
 984 0034 05       		.uleb128 0x5
 985 0035 16       		.uleb128 0x16
 986 0036 00       		.byte	0x0
 987 0037 03       		.uleb128 0x3
 988 0038 0E       		.uleb128 0xe
 989 0039 3A       		.uleb128 0x3a
 990 003a 0B       		.uleb128 0xb
 991 003b 3B       		.uleb128 0x3b
 992 003c 0B       		.uleb128 0xb
 993 003d 49       		.uleb128 0x49
 994 003e 13       		.uleb128 0x13
 995 003f 00       		.byte	0x0
 996 0040 00       		.byte	0x0
 997 0041 06       		.uleb128 0x6
 998 0042 13       		.uleb128 0x13
 999 0043 01       		.byte	0x1
 1000 0044 03       		.uleb128 0x3
 1001 0045 08       		.uleb128 0x8
 1002 0046 0B       		.uleb128 0xb
 1003 0047 0B       		.uleb128 0xb
 1004 0048 3A       		.uleb128 0x3a
 1005 0049 0B       		.uleb128 0xb
 1006 004a 3B       		.uleb128 0x3b
 1007 004b 0B       		.uleb128 0xb
 1008 004c 01       		.uleb128 0x1
 1009 004d 13       		.uleb128 0x13
 1010 004e 00       		.byte	0x0
 1011 004f 00       		.byte	0x0
 1012 0050 07       		.uleb128 0x7
 1013 0051 0D       		.uleb128 0xd
 1014 0052 00       		.byte	0x0
 1015 0053 03       		.uleb128 0x3
 1016 0054 0E       		.uleb128 0xe
 1017 0055 3A       		.uleb128 0x3a
ARM GAS  C:\Users\z80\AppData\Local\Temp\ccFBSaLV.s 			page 19


 1018 0056 0B       		.uleb128 0xb
 1019 0057 3B       		.uleb128 0x3b
 1020 0058 0B       		.uleb128 0xb
 1021 0059 49       		.uleb128 0x49
 1022 005a 13       		.uleb128 0x13
 1023 005b 38       		.uleb128 0x38
 1024 005c 0A       		.uleb128 0xa
 1025 005d 00       		.byte	0x0
 1026 005e 00       		.byte	0x0
 1027 005f 08       		.uleb128 0x8
 1028 0060 35       		.uleb128 0x35
 1029 0061 00       		.byte	0x0
 1030 0062 49       		.uleb128 0x49
 1031 0063 13       		.uleb128 0x13
 1032 0064 00       		.byte	0x0
 1033 0065 00       		.byte	0x0
 1034 0066 09       		.uleb128 0x9
 1035 0067 13       		.uleb128 0x13
 1036 0068 01       		.byte	0x1
 1037 0069 03       		.uleb128 0x3
 1038 006a 0E       		.uleb128 0xe
 1039 006b 0B       		.uleb128 0xb
 1040 006c 0B       		.uleb128 0xb
 1041 006d 3A       		.uleb128 0x3a
 1042 006e 0B       		.uleb128 0xb
 1043 006f 3B       		.uleb128 0x3b
 1044 0070 0B       		.uleb128 0xb
 1045 0071 01       		.uleb128 0x1
 1046 0072 13       		.uleb128 0x13
 1047 0073 00       		.byte	0x0
 1048 0074 00       		.byte	0x0
 1049 0075 0A       		.uleb128 0xa
 1050 0076 04       		.uleb128 0x4
 1051 0077 01       		.byte	0x1
 1052 0078 0B       		.uleb128 0xb
 1053 0079 0B       		.uleb128 0xb
 1054 007a 3A       		.uleb128 0x3a
 1055 007b 0B       		.uleb128 0xb
 1056 007c 3B       		.uleb128 0x3b
 1057 007d 0B       		.uleb128 0xb
 1058 007e 01       		.uleb128 0x1
 1059 007f 13       		.uleb128 0x13
 1060 0080 00       		.byte	0x0
 1061 0081 00       		.byte	0x0
 1062 0082 0B       		.uleb128 0xb
 1063 0083 28       		.uleb128 0x28
 1064 0084 00       		.byte	0x0
 1065 0085 03       		.uleb128 0x3
 1066 0086 0E       		.uleb128 0xe
 1067 0087 1C       		.uleb128 0x1c
 1068 0088 0D       		.uleb128 0xd
 1069 0089 00       		.byte	0x0
 1070 008a 00       		.byte	0x0
 1071 008b 0C       		.uleb128 0xc
 1072 008c 0F       		.uleb128 0xf
 1073 008d 00       		.byte	0x0
 1074 008e 0B       		.uleb128 0xb
ARM GAS  C:\Users\z80\AppData\Local\Temp\ccFBSaLV.s 			page 20


 1075 008f 0B       		.uleb128 0xb
 1076 0090 49       		.uleb128 0x49
 1077 0091 13       		.uleb128 0x13
 1078 0092 00       		.byte	0x0
 1079 0093 00       		.byte	0x0
 1080 0094 0D       		.uleb128 0xd
 1081 0095 15       		.uleb128 0x15
 1082 0096 01       		.byte	0x1
 1083 0097 27       		.uleb128 0x27
 1084 0098 0C       		.uleb128 0xc
 1085 0099 01       		.uleb128 0x1
 1086 009a 13       		.uleb128 0x13
 1087 009b 00       		.byte	0x0
 1088 009c 00       		.byte	0x0
 1089 009d 0E       		.uleb128 0xe
 1090 009e 05       		.uleb128 0x5
 1091 009f 00       		.byte	0x0
 1092 00a0 49       		.uleb128 0x49
 1093 00a1 13       		.uleb128 0x13
 1094 00a2 00       		.byte	0x0
 1095 00a3 00       		.byte	0x0
 1096 00a4 0F       		.uleb128 0xf
 1097 00a5 2E       		.uleb128 0x2e
 1098 00a6 01       		.byte	0x1
 1099 00a7 3F       		.uleb128 0x3f
 1100 00a8 0C       		.uleb128 0xc
 1101 00a9 03       		.uleb128 0x3
 1102 00aa 0E       		.uleb128 0xe
 1103 00ab 3A       		.uleb128 0x3a
 1104 00ac 0B       		.uleb128 0xb
 1105 00ad 3B       		.uleb128 0x3b
 1106 00ae 0B       		.uleb128 0xb
 1107 00af 27       		.uleb128 0x27
 1108 00b0 0C       		.uleb128 0xc
 1109 00b1 11       		.uleb128 0x11
 1110 00b2 01       		.uleb128 0x1
 1111 00b3 12       		.uleb128 0x12
 1112 00b4 01       		.uleb128 0x1
 1113 00b5 40       		.uleb128 0x40
 1114 00b6 06       		.uleb128 0x6
 1115 00b7 01       		.uleb128 0x1
 1116 00b8 13       		.uleb128 0x13
 1117 00b9 00       		.byte	0x0
 1118 00ba 00       		.byte	0x0
 1119 00bb 10       		.uleb128 0x10
 1120 00bc 05       		.uleb128 0x5
 1121 00bd 00       		.byte	0x0
 1122 00be 03       		.uleb128 0x3
 1123 00bf 0E       		.uleb128 0xe
 1124 00c0 3A       		.uleb128 0x3a
 1125 00c1 0B       		.uleb128 0xb
 1126 00c2 3B       		.uleb128 0x3b
 1127 00c3 0B       		.uleb128 0xb
 1128 00c4 49       		.uleb128 0x49
 1129 00c5 13       		.uleb128 0x13
 1130 00c6 02       		.uleb128 0x2
 1131 00c7 0A       		.uleb128 0xa
ARM GAS  C:\Users\z80\AppData\Local\Temp\ccFBSaLV.s 			page 21


 1132 00c8 00       		.byte	0x0
 1133 00c9 00       		.byte	0x0
 1134 00ca 11       		.uleb128 0x11
 1135 00cb 34       		.uleb128 0x34
 1136 00cc 00       		.byte	0x0
 1137 00cd 03       		.uleb128 0x3
 1138 00ce 0E       		.uleb128 0xe
 1139 00cf 3A       		.uleb128 0x3a
 1140 00d0 0B       		.uleb128 0xb
 1141 00d1 3B       		.uleb128 0x3b
 1142 00d2 0B       		.uleb128 0xb
 1143 00d3 49       		.uleb128 0x49
 1144 00d4 13       		.uleb128 0x13
 1145 00d5 02       		.uleb128 0x2
 1146 00d6 0A       		.uleb128 0xa
 1147 00d7 00       		.byte	0x0
 1148 00d8 00       		.byte	0x0
 1149 00d9 12       		.uleb128 0x12
 1150 00da 2E       		.uleb128 0x2e
 1151 00db 01       		.byte	0x1
 1152 00dc 3F       		.uleb128 0x3f
 1153 00dd 0C       		.uleb128 0xc
 1154 00de 03       		.uleb128 0x3
 1155 00df 0E       		.uleb128 0xe
 1156 00e0 3A       		.uleb128 0x3a
 1157 00e1 0B       		.uleb128 0xb
 1158 00e2 3B       		.uleb128 0x3b
 1159 00e3 05       		.uleb128 0x5
 1160 00e4 27       		.uleb128 0x27
 1161 00e5 0C       		.uleb128 0xc
 1162 00e6 11       		.uleb128 0x11
 1163 00e7 01       		.uleb128 0x1
 1164 00e8 12       		.uleb128 0x12
 1165 00e9 01       		.uleb128 0x1
 1166 00ea 40       		.uleb128 0x40
 1167 00eb 06       		.uleb128 0x6
 1168 00ec 01       		.uleb128 0x1
 1169 00ed 13       		.uleb128 0x13
 1170 00ee 00       		.byte	0x0
 1171 00ef 00       		.byte	0x0
 1172 00f0 13       		.uleb128 0x13
 1173 00f1 05       		.uleb128 0x5
 1174 00f2 00       		.byte	0x0
 1175 00f3 03       		.uleb128 0x3
 1176 00f4 0E       		.uleb128 0xe
 1177 00f5 3A       		.uleb128 0x3a
 1178 00f6 0B       		.uleb128 0xb
 1179 00f7 3B       		.uleb128 0x3b
 1180 00f8 05       		.uleb128 0x5
 1181 00f9 49       		.uleb128 0x49
 1182 00fa 13       		.uleb128 0x13
 1183 00fb 02       		.uleb128 0x2
 1184 00fc 0A       		.uleb128 0xa
 1185 00fd 00       		.byte	0x0
 1186 00fe 00       		.byte	0x0
 1187 00ff 14       		.uleb128 0x14
 1188 0100 34       		.uleb128 0x34
ARM GAS  C:\Users\z80\AppData\Local\Temp\ccFBSaLV.s 			page 22


 1189 0101 00       		.byte	0x0
 1190 0102 03       		.uleb128 0x3
 1191 0103 0E       		.uleb128 0xe
 1192 0104 3A       		.uleb128 0x3a
 1193 0105 0B       		.uleb128 0xb
 1194 0106 3B       		.uleb128 0x3b
 1195 0107 05       		.uleb128 0x5
 1196 0108 49       		.uleb128 0x49
 1197 0109 13       		.uleb128 0x13
 1198 010a 02       		.uleb128 0x2
 1199 010b 0A       		.uleb128 0xa
 1200 010c 00       		.byte	0x0
 1201 010d 00       		.byte	0x0
 1202 010e 15       		.uleb128 0x15
 1203 010f 2E       		.uleb128 0x2e
 1204 0110 01       		.byte	0x1
 1205 0111 3F       		.uleb128 0x3f
 1206 0112 0C       		.uleb128 0xc
 1207 0113 03       		.uleb128 0x3
 1208 0114 0E       		.uleb128 0xe
 1209 0115 3A       		.uleb128 0x3a
 1210 0116 0B       		.uleb128 0xb
 1211 0117 3B       		.uleb128 0x3b
 1212 0118 05       		.uleb128 0x5
 1213 0119 27       		.uleb128 0x27
 1214 011a 0C       		.uleb128 0xc
 1215 011b 49       		.uleb128 0x49
 1216 011c 13       		.uleb128 0x13
 1217 011d 11       		.uleb128 0x11
 1218 011e 01       		.uleb128 0x1
 1219 011f 12       		.uleb128 0x12
 1220 0120 01       		.uleb128 0x1
 1221 0121 40       		.uleb128 0x40
 1222 0122 06       		.uleb128 0x6
 1223 0123 01       		.uleb128 0x1
 1224 0124 13       		.uleb128 0x13
 1225 0125 00       		.byte	0x0
 1226 0126 00       		.byte	0x0
 1227 0127 16       		.uleb128 0x16
 1228 0128 34       		.uleb128 0x34
 1229 0129 00       		.byte	0x0
 1230 012a 03       		.uleb128 0x3
 1231 012b 0E       		.uleb128 0xe
 1232 012c 3A       		.uleb128 0x3a
 1233 012d 0B       		.uleb128 0xb
 1234 012e 3B       		.uleb128 0x3b
 1235 012f 05       		.uleb128 0x5
 1236 0130 49       		.uleb128 0x49
 1237 0131 13       		.uleb128 0x13
 1238 0132 3F       		.uleb128 0x3f
 1239 0133 0C       		.uleb128 0xc
 1240 0134 3C       		.uleb128 0x3c
 1241 0135 0C       		.uleb128 0xc
 1242 0136 00       		.byte	0x0
 1243 0137 00       		.byte	0x0
 1244 0138 00       		.byte	0x0
 1245              		.section	.debug_pubnames,"",%progbits
ARM GAS  C:\Users\z80\AppData\Local\Temp\ccFBSaLV.s 			page 23


 1246 0000 90000000 		.4byte	0x90
 1247 0004 0200     		.2byte	0x2
 1248 0006 00000000 		.4byte	.Ldebug_info0
 1249 000a AF030000 		.4byte	0x3af
 1250 000e E3010000 		.4byte	0x1e3
 1251 0012 72746347 		.ascii	"rtcGetTimeTm\000"
 1251      65745469 
 1251      6D65546D 
 1251      00
 1252 001f 2D020000 		.4byte	0x22d
 1253 0023 72746353 		.ascii	"rtcSetTimeTm\000"
 1253      65745469 
 1253      6D65546D 
 1253      00
 1254 0030 75020000 		.4byte	0x275
 1255 0034 72746347 		.ascii	"rtcGetTimeUnixSec\000"
 1255      65745469 
 1255      6D65556E 
 1255      69785365 
 1255      6300
 1256 0046 B2020000 		.4byte	0x2b2
 1257 004a 72746353 		.ascii	"rtcSetTimeUnixSec\000"
 1257      65745469 
 1257      6D65556E 
 1257      69785365 
 1257      6300
 1258 005c FA020000 		.4byte	0x2fa
 1259 0060 72746347 		.ascii	"rtcGetTimeUnixUsec\000"
 1259      65745469 
 1259      6D65556E 
 1259      69785573 
 1259      656300
 1260 0073 46030000 		.4byte	0x346
 1261 0077 72746347 		.ascii	"rtcGetTimeFatFromCounter\000"
 1261      65745469 
 1261      6D654661 
 1261      7446726F 
 1261      6D436F75 
 1262 0090 00000000 		.4byte	0x0
 1263              		.section	.debug_pubtypes,"",%progbits
 1264 0000 95000000 		.4byte	0x95
 1265 0004 0200     		.2byte	0x2
 1266 0006 00000000 		.4byte	.Ldebug_info0
 1267 000a AF030000 		.4byte	0x3af
 1268 000e 79000000 		.4byte	0x79
 1269 0012 74696D65 		.ascii	"time_t\000"
 1269      5F7400
 1270 0019 84000000 		.4byte	0x84
 1271 001d 746D00   		.ascii	"tm\000"
 1272 0020 0E010000 		.4byte	0x10e
 1273 0024 696E7433 		.ascii	"int32_t\000"
 1273      325F7400 
 1274 002c 19010000 		.4byte	0x119
 1275 0030 75696E74 		.ascii	"uint32_t\000"
 1275      33325F74 
 1275      00
 1276 0039 24010000 		.4byte	0x124
ARM GAS  C:\Users\z80\AppData\Local\Temp\ccFBSaLV.s 			page 24


 1277 003d 75696E74 		.ascii	"uint64_t\000"
 1277      36345F74 
 1277      00
 1278 0046 3B010000 		.4byte	0x13b
 1279 004a 52544344 		.ascii	"RTCDriver\000"
 1279      72697665 
 1279      7200
 1280 0054 61010000 		.4byte	0x161
 1281 0058 52544354 		.ascii	"RTCTime\000"
 1281      696D6500 
 1282 0060 B0010000 		.4byte	0x1b0
 1283 0064 72746365 		.ascii	"rtcevent_t\000"
 1283      76656E74 
 1283      5F7400
 1284 006f BB010000 		.4byte	0x1bb
 1285 0073 72746363 		.ascii	"rtccb_t\000"
 1285      625F7400 
 1286 007b 6C010000 		.4byte	0x16c
 1287 007f 52544354 		.ascii	"RTCTime\000"
 1287      696D6500 
 1288 0087 46010000 		.4byte	0x146
 1289 008b 52544344 		.ascii	"RTCDriver\000"
 1289      72697665 
 1289      7200
 1290 0095 00000000 		.4byte	0x0
 1291              		.section	.debug_aranges,"",%progbits
 1292 0000 44000000 		.4byte	0x44
 1293 0004 0200     		.2byte	0x2
 1294 0006 00000000 		.4byte	.Ldebug_info0
 1295 000a 04       		.byte	0x4
 1296 000b 00       		.byte	0x0
 1297 000c 0000     		.2byte	0x0
 1298 000e 0000     		.2byte	0x0
 1299 0010 00000000 		.4byte	.LFB63
 1300 0014 2C000000 		.4byte	.LFE63-.LFB63
 1301 0018 00000000 		.4byte	.LFB64
 1302 001c 32000000 		.4byte	.LFE64-.LFB64
 1303 0020 00000000 		.4byte	.LFB65
 1304 0024 24000000 		.4byte	.LFE65-.LFB65
 1305 0028 00000000 		.4byte	.LFB66
 1306 002c 2C000000 		.4byte	.LFE66-.LFB66
 1307 0030 00000000 		.4byte	.LFB67
 1308 0034 80000000 		.4byte	.LFE67-.LFB67
 1309 0038 00000000 		.4byte	.LFB68
 1310 003c 6E000000 		.4byte	.LFE68-.LFB68
 1311 0040 00000000 		.4byte	0x0
 1312 0044 00000000 		.4byte	0x0
 1313              		.section	.debug_ranges,"",%progbits
 1314              	.Ldebug_ranges0:
 1315 0000 00000000 		.4byte	.LFB63
 1316 0004 2C000000 		.4byte	.LFE63
 1317 0008 00000000 		.4byte	.LFB64
 1318 000c 32000000 		.4byte	.LFE64
 1319 0010 00000000 		.4byte	.LFB65
 1320 0014 24000000 		.4byte	.LFE65
 1321 0018 00000000 		.4byte	.LFB66
 1322 001c 2C000000 		.4byte	.LFE66
ARM GAS  C:\Users\z80\AppData\Local\Temp\ccFBSaLV.s 			page 25


 1323 0020 00000000 		.4byte	.LFB67
 1324 0024 80000000 		.4byte	.LFE67
 1325 0028 00000000 		.4byte	.LFB68
 1326 002c 6E000000 		.4byte	.LFE68
 1327 0030 00000000 		.4byte	0x0
 1328 0034 00000000 		.4byte	0x0
 1329              		.section	.debug_str,"MS",%progbits,1
 1330              	.LASF40:
 1331 0000 72746347 		.ascii	"rtcGetTimeUnixSec\000"
 1331      65745469 
 1331      6D65556E 
 1331      69785365 
 1331      6300
 1332              	.LASF46:
 1333 0012 474E5520 		.ascii	"GNU C 4.5.0\000"
 1333      4320342E 
 1333      352E3000 
 1334              	.LASF37:
 1335 001e 72746353 		.ascii	"rtcSetTimeTm\000"
 1335      65745469 
 1335      6D65546D 
 1335      00
 1336              	.LASF33:
 1337 002b 72746363 		.ascii	"rtccb_t\000"
 1337      625F7400 
 1338              	.LASF26:
 1339 0033 52544354 		.ascii	"RTCTime\000"
 1339      696D6500 
 1340              	.LASF16:
 1341 003b 746D5F77 		.ascii	"tm_wday\000"
 1341      64617900 
 1342              	.LASF3:
 1343 0043 73686F72 		.ascii	"short unsigned int\000"
 1343      7420756E 
 1343      7369676E 
 1343      65642069 
 1343      6E7400
 1344              	.LASF32:
 1345 0056 72746365 		.ascii	"rtcevent_t\000"
 1345      76656E74 
 1345      5F7400
 1346              	.LASF12:
 1347 0061 746D5F68 		.ascii	"tm_hour\000"
 1347      6F757200 
 1348              	.LASF47:
 1349 0069 2E2E2F63 		.ascii	"../chibios_2.6.3/os/various/chrtclib.c\000"
 1349      68696269 
 1349      6F735F32 
 1349      2E362E33 
 1349      2F6F732F 
 1350              	.LASF38:
 1351 0090 74696D65 		.ascii	"timespec\000"
 1351      73706563 
 1351      00
 1352              	.LASF6:
 1353 0099 6C6F6E67 		.ascii	"long long unsigned int\000"
 1353      206C6F6E 
ARM GAS  C:\Users\z80\AppData\Local\Temp\ccFBSaLV.s 			page 26


 1353      6720756E 
 1353      7369676E 
 1353      65642069 
 1354              	.LASF1:
 1355 00b0 756E7369 		.ascii	"unsigned char\000"
 1355      676E6564 
 1355      20636861 
 1355      7200
 1356              	.LASF8:
 1357 00be 6C6F6E67 		.ascii	"long unsigned int\000"
 1357      20756E73 
 1357      69676E65 
 1357      6420696E 
 1357      7400
 1358              	.LASF24:
 1359 00d0 52544344 		.ascii	"RTCDriver\000"
 1359      72697665 
 1359      7200
 1360              	.LASF25:
 1361 00da 63616C6C 		.ascii	"callback\000"
 1361      6261636B 
 1361      00
 1362              	.LASF45:
 1363 00e3 49544D5F 		.ascii	"ITM_RxBuffer\000"
 1363      52784275 
 1363      66666572 
 1363      00
 1364              	.LASF39:
 1365 00f0 72746353 		.ascii	"rtcSetTimeUnixSec\000"
 1365      65745469 
 1365      6D65556E 
 1365      69785365 
 1365      6300
 1366              	.LASF36:
 1367 0102 72746347 		.ascii	"rtcGetTimeTm\000"
 1367      65745469 
 1367      6D65546D 
 1367      00
 1368              	.LASF44:
 1369 010f 66617474 		.ascii	"fattime\000"
 1369      696D6500 
 1370              	.LASF29:
 1371 0117 5254435F 		.ascii	"RTC_EVENT_SECOND\000"
 1371      4556454E 
 1371      545F5345 
 1371      434F4E44 
 1371      00
 1372              	.LASF11:
 1373 0128 746D5F6D 		.ascii	"tm_min\000"
 1373      696E00
 1374              	.LASF10:
 1375 012f 746D5F73 		.ascii	"tm_sec\000"
 1375      656300
 1376              	.LASF22:
 1377 0136 75696E74 		.ascii	"uint64_t\000"
 1377      36345F74 
 1377      00
ARM GAS  C:\Users\z80\AppData\Local\Temp\ccFBSaLV.s 			page 27


 1378              	.LASF18:
 1379 013f 746D5F69 		.ascii	"tm_isdst\000"
 1379      73647374 
 1379      00
 1380              	.LASF17:
 1381 0148 746D5F79 		.ascii	"tm_yday\000"
 1381      64617900 
 1382              	.LASF4:
 1383 0150 756E7369 		.ascii	"unsigned int\000"
 1383      676E6564 
 1383      20696E74 
 1383      00
 1384              	.LASF9:
 1385 015d 63686172 		.ascii	"char\000"
 1385      00
 1386              	.LASF42:
 1387 0162 72657375 		.ascii	"result\000"
 1387      6C7400
 1388              	.LASF19:
 1389 0169 74696D65 		.ascii	"time_t\000"
 1389      5F7400
 1390              	.LASF48:
 1391 0170 433A5C70 		.ascii	"C:\\projects\\clock.git\\firmware\\firmware\000"
 1391      726F6A65 
 1391      6374735C 
 1391      636C6F63 
 1391      6B2E6769 
 1392              	.LASF20:
 1393 0198 696E7433 		.ascii	"int32_t\000"
 1393      325F7400 
 1394              	.LASF27:
 1395 01a0 74765F73 		.ascii	"tv_sec\000"
 1395      656300
 1396              	.LASF5:
 1397 01a7 6C6F6E67 		.ascii	"long long int\000"
 1397      206C6F6E 
 1397      6720696E 
 1397      7400
 1398              	.LASF35:
 1399 01b5 74696D70 		.ascii	"timp\000"
 1399      00
 1400              	.LASF41:
 1401 01ba 72746347 		.ascii	"rtcGetTimeUnixUsec\000"
 1401      65745469 
 1401      6D65556E 
 1401      69785573 
 1401      656300
 1402              	.LASF14:
 1403 01cd 746D5F6D 		.ascii	"tm_mon\000"
 1403      6F6E00
 1404              	.LASF2:
 1405 01d4 73686F72 		.ascii	"short int\000"
 1405      7420696E 
 1405      7400
 1406              	.LASF43:
 1407 01de 72746347 		.ascii	"rtcGetTimeFatFromCounter\000"
 1407      65745469 
ARM GAS  C:\Users\z80\AppData\Local\Temp\ccFBSaLV.s 			page 28


 1407      6D654661 
 1407      7446726F 
 1407      6D436F75 
 1408              	.LASF31:
 1409 01f7 5254435F 		.ascii	"RTC_EVENT_OVERFLOW\000"
 1409      4556454E 
 1409      545F4F56 
 1409      4552464C 
 1409      4F5700
 1410              	.LASF15:
 1411 020a 746D5F79 		.ascii	"tm_year\000"
 1411      65617200 
 1412              	.LASF34:
 1413 0212 72746370 		.ascii	"rtcp\000"
 1413      00
 1414              	.LASF21:
 1415 0217 75696E74 		.ascii	"uint32_t\000"
 1415      33325F74 
 1415      00
 1416              	.LASF7:
 1417 0220 6C6F6E67 		.ascii	"long int\000"
 1417      20696E74 
 1417      00
 1418              	.LASF0:
 1419 0229 7369676E 		.ascii	"signed char\000"
 1419      65642063 
 1419      68617200 
 1420              	.LASF28:
 1421 0235 74765F6D 		.ascii	"tv_msec\000"
 1421      73656300 
 1422              	.LASF23:
 1423 023d 5F426F6F 		.ascii	"_Bool\000"
 1423      6C00
 1424              	.LASF30:
 1425 0243 5254435F 		.ascii	"RTC_EVENT_ALARM\000"
 1425      4556454E 
 1425      545F414C 
 1425      41524D00 
 1426              	.LASF13:
 1427 0253 746D5F6D 		.ascii	"tm_mday\000"
 1427      64617900 
 1428              		.ident	"GCC: (GNU) 4.5.0"
ARM GAS  C:\Users\z80\AppData\Local\Temp\ccFBSaLV.s 			page 29


DEFINED SYMBOLS
                            *ABS*:00000000 chrtclib.c
C:\Users\z80\AppData\Local\Temp\ccFBSaLV.s:24     .text.rtcGetTimeTm:00000000 $t
C:\Users\z80\AppData\Local\Temp\ccFBSaLV.s:30     .text.rtcGetTimeTm:00000000 rtcGetTimeTm
C:\Users\z80\AppData\Local\Temp\ccFBSaLV.s:68     .text.rtcSetTimeTm:00000000 $t
C:\Users\z80\AppData\Local\Temp\ccFBSaLV.s:74     .text.rtcSetTimeTm:00000000 rtcSetTimeTm
C:\Users\z80\AppData\Local\Temp\ccFBSaLV.s:114    .text.rtcGetTimeUnixSec:00000000 $t
C:\Users\z80\AppData\Local\Temp\ccFBSaLV.s:120    .text.rtcGetTimeUnixSec:00000000 rtcGetTimeUnixSec
C:\Users\z80\AppData\Local\Temp\ccFBSaLV.s:154    .text.rtcSetTimeUnixSec:00000000 $t
C:\Users\z80\AppData\Local\Temp\ccFBSaLV.s:160    .text.rtcSetTimeUnixSec:00000000 rtcSetTimeUnixSec
C:\Users\z80\AppData\Local\Temp\ccFBSaLV.s:198    .text.rtcGetTimeUnixUsec:00000000 $t
C:\Users\z80\AppData\Local\Temp\ccFBSaLV.s:204    .text.rtcGetTimeUnixUsec:00000000 rtcGetTimeUnixUsec
C:\Users\z80\AppData\Local\Temp\ccFBSaLV.s:267    .text.rtcGetTimeFatFromCounter:00000000 $t
C:\Users\z80\AppData\Local\Temp\ccFBSaLV.s:273    .text.rtcGetTimeFatFromCounter:00000000 rtcGetTimeFatFromCounter
                     .debug_frame:00000010 $d

UNDEFINED SYMBOLS
rtcGetTime
localtime_r
mktime
rtcSetTime
