ARM GAS  C:\Users\z80\AppData\Local\Temp\ccR6GUjg.s 			page 1


   1              		.syntax unified
   2              		.cpu cortex-m3
   3              		.fpu softvfp
   4              		.eabi_attribute 20, 1
   5              		.eabi_attribute 21, 1
   6              		.eabi_attribute 23, 3
   7              		.eabi_attribute 24, 1
   8              		.eabi_attribute 25, 1
   9              		.eabi_attribute 26, 1
  10              		.eabi_attribute 30, 6
  11              		.eabi_attribute 18, 4
  12              		.thumb
  13              		.file	"chsys.c"
  14              		.section	.debug_abbrev,"",%progbits
  15              	.Ldebug_abbrev0:
  16              		.section	.debug_info,"",%progbits
  17              	.Ldebug_info0:
  18              		.section	.debug_line,"",%progbits
  19              	.Ldebug_line0:
  20 0000 9F010000 		.text
  20      02003F01 
  20      00000201 
  20      FB0E0D00 
  20      01010101 
  21              	.Ltext0:
  22              		.cfi_sections	.debug_frame
  23              		.global	_idle_thread_wa
  24              		.section	.bss._idle_thread_wa,"aw",%nobits
  25              		.align	3
  26              		.type	_idle_thread_wa, %object
  27              		.size	_idle_thread_wa, 192
  28              	_idle_thread_wa:
  29 0000 00000000 		.space	192
  29      00000000 
  29      00000000 
  29      00000000 
  29      00000000 
  30              		.section	.rodata
  31              		.align	2
  32              	.LC0:
  33 0000 69646C65 		.ascii	"idle\000"
  33      00
  34 0005 000000   		.section	.text._idle_thread,"ax",%progbits
  35              		.align	2
  36              		.p2align 4,,15
  37              		.global	_idle_thread
  38              		.thumb
  39              		.thumb_func
  40              		.type	_idle_thread, %function
  41              	_idle_thread:
  42              	.LFB7:
  43              		.file 1 "../chibios_2.6.3/os/kernel/src/chsys.c"
  44              		.loc 1 61 0
  45              		.cfi_startproc
  46              		@ args = 0, pretend = 0, frame = 8
  47              		@ frame_needed = 0, uses_anonymous_args = 0
  48              		@ link register save eliminated.
ARM GAS  C:\Users\z80\AppData\Local\Temp\ccR6GUjg.s 			page 2


  49 0000 82B0     		sub	sp, sp, #8
  50              	.LCFI0:
  51              		.cfi_def_cfa_offset 8
  52 0002 0190     		str	r0, [sp, #4]
  53              		.loc 1 64 0
  54 0004 40F20003 		movw	r3, #:lower16:rlist
  55 0008 C0F20003 		movt	r3, #:upper16:rlist
  56 000c 9A69     		ldr	r2, [r3, #24]
  57 000e 40F20003 		movw	r3, #:lower16:.LC0
  58 0012 C0F20003 		movt	r3, #:upper16:.LC0
  59 0016 9361     		str	r3, [r2, #24]
  60              	.L2:
  61              		.loc 1 68 0 discriminator 1
  62 0018 FEE7     		b	.L2
  63              		.cfi_endproc
  64              	.LFE7:
  65              		.size	_idle_thread, .-_idle_thread
  66 001a 00BFAFF3 		.section	.text.chSysInit,"ax",%progbits
  66      0080
  67              		.align	2
  68              		.p2align 4,,15
  69              		.global	chSysInit
  70              		.thumb
  71              		.thumb_func
  72              		.type	chSysInit, %function
  73              	chSysInit:
  74              	.LFB8:
  75              		.loc 1 84 0
  76              		.cfi_startproc
  77              		@ args = 0, pretend = 0, frame = 0
  78              		@ frame_needed = 0, uses_anonymous_args = 0
  79 0000 00B5     		push	{lr}
  80              	.LCFI1:
  81              		.cfi_def_cfa_offset 4
  82 0002 83B0     		sub	sp, sp, #12
  83              	.LCFI2:
  84              		.cfi_def_cfa_offset 16
  85              		.loc 1 90 0
  86              		.cfi_offset 14, -4
  87 0004 FFF7FEFF 		bl	_port_init
  88              		.loc 1 91 0
  89 0008 FFF7FEFF 		bl	_scheduler_init
  90              		.loc 1 92 0
  91 000c FFF7FEFF 		bl	_vt_init
  92              		.loc 1 94 0
  93 0010 FFF7FEFF 		bl	_core_init
  94              		.loc 1 97 0
  95 0014 FFF7FEFF 		bl	_heap_init
  96              		.loc 1 104 0
  97 0018 40F20000 		movw	r0, #:lower16:mainthread.1982
  98 001c C0F20000 		movt	r0, #:upper16:mainthread.1982
  99 0020 4FF04001 		mov	r1, #64
 100 0024 FFF7FEFF 		bl	_thread_init
 101 0028 0246     		mov	r2, r0
 102 002a 40F20003 		movw	r3, #:lower16:rlist
 103 002e C0F20003 		movt	r3, #:upper16:rlist
 104 0032 9A61     		str	r2, [r3, #24]
ARM GAS  C:\Users\z80\AppData\Local\Temp\ccR6GUjg.s 			page 3


 105              		.loc 1 105 0
 106 0034 40F20003 		movw	r3, #:lower16:rlist
 107 0038 C0F20003 		movt	r3, #:upper16:rlist
 108 003c 9B69     		ldr	r3, [r3, #24]
 109 003e 4FF00102 		mov	r2, #1
 110 0042 1A77     		strb	r2, [r3, #28]
 111              	.LBB2:
 112              		.loc 1 111 0
 113 0044 4FF00003 		mov	r3, #0
 114              	@ 111 "../chibios_2.6.3/os/kernel/src/chsys.c" 1
 115 0048 83F31188 		msr     BASEPRI, r3                    
 116 004c 62B6     		cpsie   i
 117              	@ 0 "" 2
 118              		.thumb
 119              	.LBE2:
 120              		.loc 1 115 0
 121 004e 40F20003 		movw	r3, #:lower16:rlist
 122 0052 C0F20003 		movt	r3, #:upper16:rlist
 123 0056 9A69     		ldr	r2, [r3, #24]
 124 0058 40F20003 		movw	r3, #:lower16:ch_debug
 125 005c C0F20003 		movt	r3, #:upper16:ch_debug
 126 0060 9361     		str	r3, [r2, #24]
 127              		.loc 1 121 0
 128 0062 40F20003 		movw	r3, #:lower16:_idle_thread
 129 0066 C0F20003 		movt	r3, #:upper16:_idle_thread
 130 006a 4FF00002 		mov	r2, #0
 131 006e 0092     		str	r2, [sp, #0]
 132 0070 40F20000 		movw	r0, #:lower16:_idle_thread_wa
 133 0074 C0F20000 		movt	r0, #:upper16:_idle_thread_wa
 134 0078 4FF0C001 		mov	r1, #192
 135 007c 4FF00102 		mov	r2, #1
 136 0080 FFF7FEFF 		bl	chThdCreateStatic
 137              		.loc 1 124 0
 138 0084 03B0     		add	sp, sp, #12
 139 0086 00BD     		pop	{pc}
 140              		.cfi_endproc
 141              	.LFE8:
 142              		.size	chSysInit, .-chSysInit
 143 0088 AFF30080 		.section	.text.chSysTimerHandlerI,"ax",%progbits
 143      AFF30080 
 144              		.align	2
 145              		.p2align 4,,15
 146              		.global	chSysTimerHandlerI
 147              		.thumb
 148              		.thumb_func
 149              		.type	chSysTimerHandlerI, %function
 150              	chSysTimerHandlerI:
 151              	.LFB9:
 152              		.loc 1 137 0
 153              		.cfi_startproc
 154              		@ args = 0, pretend = 0, frame = 8
 155              		@ frame_needed = 0, uses_anonymous_args = 0
 156 0000 00B5     		push	{lr}
 157              	.LCFI3:
 158              		.cfi_def_cfa_offset 4
 159 0002 83B0     		sub	sp, sp, #12
 160              	.LCFI4:
ARM GAS  C:\Users\z80\AppData\Local\Temp\ccR6GUjg.s 			page 4


 161              		.cfi_def_cfa_offset 16
 162              		.loc 1 143 0
 163 0004 40F20003 		movw	r3, #:lower16:rlist
 164 0008 C0F20003 		movt	r3, #:upper16:rlist
 165 000c 9B69     		ldr	r3, [r3, #24]
 166 000e DB7F     		ldrb	r3, [r3, #31]	@ zero_extendqisi2
 167 0010 002B     		cmp	r3, #0
 168 0012 09D0     		beq	.L5
 169              		.cfi_offset 14, -4
 170              		.loc 1 145 0
 171 0014 40F20003 		movw	r3, #:lower16:rlist
 172 0018 C0F20003 		movt	r3, #:upper16:rlist
 173 001c 9B69     		ldr	r3, [r3, #24]
 174 001e DA7F     		ldrb	r2, [r3, #31]	@ zero_extendqisi2
 175 0020 02F1FF32 		add	r2, r2, #-1
 176 0024 D2B2     		uxtb	r2, r2
 177 0026 DA77     		strb	r2, [r3, #31]
 178              	.L5:
 179              		.loc 1 148 0
 180 0028 40F20003 		movw	r3, #:lower16:rlist
 181 002c C0F20003 		movt	r3, #:upper16:rlist
 182 0030 9B69     		ldr	r3, [r3, #24]
 183 0032 1A6A     		ldr	r2, [r3, #32]
 184 0034 02F10102 		add	r2, r2, #1
 185 0038 1A62     		str	r2, [r3, #32]
 186              		.loc 1 150 0
 187 003a 40F20003 		movw	r3, #:lower16:vtlist
 188 003e C0F20003 		movt	r3, #:upper16:vtlist
 189 0042 DB68     		ldr	r3, [r3, #12]
 190 0044 03F10102 		add	r2, r3, #1
 191 0048 40F20003 		movw	r3, #:lower16:vtlist
 192 004c C0F20003 		movt	r3, #:upper16:vtlist
 193 0050 DA60     		str	r2, [r3, #12]
 194 0052 40F20003 		movw	r3, #:lower16:vtlist
 195 0056 C0F20003 		movt	r3, #:upper16:vtlist
 196 005a 1B68     		ldr	r3, [r3, #0]
 197 005c 1A46     		mov	r2, r3
 198 005e 40F20003 		movw	r3, #:lower16:vtlist
 199 0062 C0F20003 		movt	r3, #:upper16:vtlist
 200 0066 9A42     		cmp	r2, r3
 201 0068 35D0     		beq	.L4
 202              	.LBB3:
 203              		.loc 1 150 0 is_stmt 0 discriminator 1
 204 006a 40F20003 		movw	r3, #:lower16:vtlist
 205 006e C0F20003 		movt	r3, #:upper16:vtlist
 206 0072 1B68     		ldr	r3, [r3, #0]
 207 0074 9A68     		ldr	r2, [r3, #8]
 208 0076 02F1FF32 		add	r2, r2, #-1
 209 007a 9A60     		str	r2, [r3, #8]
 210 007c 21E0     		b	.L7
 211              	.L8:
 212              	.LBB4:
 213              		.loc 1 150 0 discriminator 3
 214 007e 019B     		ldr	r3, [sp, #4]
 215 0080 DB68     		ldr	r3, [r3, #12]
 216 0082 0093     		str	r3, [sp, #0]
 217 0084 019B     		ldr	r3, [sp, #4]
ARM GAS  C:\Users\z80\AppData\Local\Temp\ccR6GUjg.s 			page 5


 218 0086 4FF00002 		mov	r2, #0
 219 008a DA60     		str	r2, [r3, #12]
 220 008c 019B     		ldr	r3, [sp, #4]
 221 008e 1A68     		ldr	r2, [r3, #0]
 222 0090 40F20003 		movw	r3, #:lower16:vtlist
 223 0094 C0F20003 		movt	r3, #:upper16:vtlist
 224 0098 5360     		str	r3, [r2, #4]
 225 009a 019B     		ldr	r3, [sp, #4]
 226 009c 1A68     		ldr	r2, [r3, #0]
 227 009e 40F20003 		movw	r3, #:lower16:vtlist
 228 00a2 C0F20003 		movt	r3, #:upper16:vtlist
 229 00a6 1A60     		str	r2, [r3, #0]
 230              	.LBB5:
 231 00a8 4FF00003 		mov	r3, #0
 232              	@ 150 "../chibios_2.6.3/os/kernel/src/chsys.c" 1
 233 00ac 83F31188 		msr     BASEPRI, r3
 234              	@ 0 "" 2
 235              		.thumb
 236              	.LBE5:
 237 00b0 019B     		ldr	r3, [sp, #4]
 238 00b2 1A69     		ldr	r2, [r3, #16]
 239 00b4 009B     		ldr	r3, [sp, #0]
 240 00b6 1046     		mov	r0, r2
 241 00b8 9847     		blx	r3
 242              	.LBB6:
 243 00ba 4FF02003 		mov	r3, #32
 244              	@ 150 "../chibios_2.6.3/os/kernel/src/chsys.c" 1
 245 00be 83F31188 		msr     BASEPRI, r3
 246              	@ 0 "" 2
 247              		.thumb
 248              	.L7:
 249              	.LBE6:
 250              	.LBE4:
 251              		.loc 1 150 0 discriminator 2
 252 00c2 40F20003 		movw	r3, #:lower16:vtlist
 253 00c6 C0F20003 		movt	r3, #:upper16:vtlist
 254 00ca 1B68     		ldr	r3, [r3, #0]
 255 00cc 0193     		str	r3, [sp, #4]
 256 00ce 019B     		ldr	r3, [sp, #4]
 257 00d0 9B68     		ldr	r3, [r3, #8]
 258 00d2 002B     		cmp	r3, #0
 259 00d4 D3D0     		beq	.L8
 260              	.L4:
 261              	.LBE3:
 262              		.loc 1 154 0 is_stmt 1
 263 00d6 03B0     		add	sp, sp, #12
 264 00d8 00BD     		pop	{pc}
 265              		.cfi_endproc
 266              	.LFE9:
 267              		.size	chSysTimerHandlerI, .-chSysTimerHandlerI
 268 00da 00BFAFF3 		.section	.bss.mainthread.1982,"aw",%nobits
 268      0080
 269              		.align	2
 270              		.type	mainthread.1982, %object
 271              		.size	mainthread.1982, 72
 272              	mainthread.1982:
 273 0000 00000000 		.space	72
ARM GAS  C:\Users\z80\AppData\Local\Temp\ccR6GUjg.s 			page 6


 273      00000000 
 273      00000000 
 273      00000000 
 273      00000000 
 274              		.text
 275              	.Letext0:
 276              		.section	.debug_loc,"",%progbits
 277              	.Ldebug_loc0:
 278              	.LLST0:
 279 0000 00000000 		.4byte	.LFB7
 280 0004 02000000 		.4byte	.LCFI0
 281 0008 0200     		.2byte	0x2
 282 000a 7D       		.byte	0x7d
 283 000b 00       		.sleb128 0
 284 000c 02000000 		.4byte	.LCFI0
 285 0010 1A000000 		.4byte	.LFE7
 286 0014 0200     		.2byte	0x2
 287 0016 7D       		.byte	0x7d
 288 0017 08       		.sleb128 8
 289 0018 00000000 		.4byte	0x0
 290 001c 00000000 		.4byte	0x0
 291              	.LLST1:
 292 0020 00000000 		.4byte	.LFB8
 293 0024 02000000 		.4byte	.LCFI1
 294 0028 0200     		.2byte	0x2
 295 002a 7D       		.byte	0x7d
 296 002b 00       		.sleb128 0
 297 002c 02000000 		.4byte	.LCFI1
 298 0030 04000000 		.4byte	.LCFI2
 299 0034 0200     		.2byte	0x2
 300 0036 7D       		.byte	0x7d
 301 0037 04       		.sleb128 4
 302 0038 04000000 		.4byte	.LCFI2
 303 003c 88000000 		.4byte	.LFE8
 304 0040 0200     		.2byte	0x2
 305 0042 7D       		.byte	0x7d
 306 0043 10       		.sleb128 16
 307 0044 00000000 		.4byte	0x0
 308 0048 00000000 		.4byte	0x0
 309              	.LLST2:
 310 004c 00000000 		.4byte	.LFB9
 311 0050 02000000 		.4byte	.LCFI3
 312 0054 0200     		.2byte	0x2
 313 0056 7D       		.byte	0x7d
 314 0057 00       		.sleb128 0
 315 0058 02000000 		.4byte	.LCFI3
 316 005c 04000000 		.4byte	.LCFI4
 317 0060 0200     		.2byte	0x2
 318 0062 7D       		.byte	0x7d
 319 0063 04       		.sleb128 4
 320 0064 04000000 		.4byte	.LCFI4
 321 0068 DA000000 		.4byte	.LFE9
 322 006c 0200     		.2byte	0x2
 323 006e 7D       		.byte	0x7d
 324 006f 10       		.sleb128 16
 325 0070 00000000 		.4byte	0x0
 326 0074 00000000 		.4byte	0x0
ARM GAS  C:\Users\z80\AppData\Local\Temp\ccR6GUjg.s 			page 7


 327              		.file 2 "c:/programs/yagarto/lib/gcc/../../arm-none-eabi/sys-include/stdint.h"
 328              		.file 3 "../chibios_2.6.3/os/ports/GCC/ARMCMx/chtypes.h"
 329              		.file 4 "../chibios_2.6.3/os/kernel/include/chlists.h"
 330              		.file 5 "../chibios_2.6.3/os/kernel/include/chthreads.h"
 331              		.file 6 "../chibios_2.6.3/os/ports/GCC/ARMCMx/chcore_v7m.h"
 332              		.file 7 "../chibios_2.6.3/os/kernel/include/chvt.h"
 333              		.file 8 "../chibios_2.6.3/os/kernel/include/chschd.h"
 334              		.file 9 "../chibios_2.6.3/os/kernel/include/chmtx.h"
 335              		.file 10 "../chibios_2.6.3/os/kernel/include/chregistry.h"
 336              		.file 11 "../chibios_2.6.3/os/kernel/include/ch.h"
 337              		.section	.debug_info
 338 0000 CB070000 		.4byte	0x7cb
 339 0004 0200     		.2byte	0x2
 340 0006 00000000 		.4byte	.Ldebug_abbrev0
 341 000a 04       		.byte	0x4
 342 000b 01       		.uleb128 0x1
 343 000c F9030000 		.4byte	.LASF102
 344 0010 01       		.byte	0x1
 345 0011 A2010000 		.4byte	.LASF103
 346 0015 EF010000 		.4byte	.LASF104
 347 0019 00000000 		.4byte	0x0
 348 001d 00000000 		.4byte	0x0
 349 0021 00000000 		.4byte	.Ldebug_ranges0+0x0
 350 0025 00000000 		.4byte	.Ldebug_line0
 351 0029 02       		.uleb128 0x2
 352 002a 04       		.byte	0x4
 353 002b 05       		.byte	0x5
 354 002c 696E7400 		.ascii	"int\000"
 355 0030 03       		.uleb128 0x3
 356 0031 04       		.byte	0x4
 357 0032 07       		.byte	0x7
 358 0033 43010000 		.4byte	.LASF0
 359 0037 03       		.uleb128 0x3
 360 0038 01       		.byte	0x1
 361 0039 06       		.byte	0x6
 362 003a A0000000 		.4byte	.LASF1
 363 003e 04       		.uleb128 0x4
 364 003f F1030000 		.4byte	.LASF4
 365 0043 02       		.byte	0x2
 366 0044 2A       		.byte	0x2a
 367 0045 49000000 		.4byte	0x49
 368 0049 03       		.uleb128 0x3
 369 004a 01       		.byte	0x1
 370 004b 08       		.byte	0x8
 371 004c D0020000 		.4byte	.LASF2
 372 0050 03       		.uleb128 0x3
 373 0051 02       		.byte	0x2
 374 0052 05       		.byte	0x5
 375 0053 E8020000 		.4byte	.LASF3
 376 0057 04       		.uleb128 0x4
 377 0058 F5000000 		.4byte	.LASF5
 378 005c 02       		.byte	0x2
 379 005d 36       		.byte	0x36
 380 005e 62000000 		.4byte	0x62
 381 0062 03       		.uleb128 0x3
 382 0063 02       		.byte	0x2
 383 0064 07       		.byte	0x7
ARM GAS  C:\Users\z80\AppData\Local\Temp\ccR6GUjg.s 			page 8


 384 0065 8F010000 		.4byte	.LASF6
 385 0069 04       		.uleb128 0x4
 386 006a C8020000 		.4byte	.LASF7
 387 006e 02       		.byte	0x2
 388 006f 4F       		.byte	0x4f
 389 0070 74000000 		.4byte	0x74
 390 0074 03       		.uleb128 0x3
 391 0075 04       		.byte	0x4
 392 0076 05       		.byte	0x5
 393 0077 E3000000 		.4byte	.LASF8
 394 007b 04       		.uleb128 0x4
 395 007c 5B030000 		.4byte	.LASF9
 396 0080 02       		.byte	0x2
 397 0081 50       		.byte	0x50
 398 0082 86000000 		.4byte	0x86
 399 0086 03       		.uleb128 0x3
 400 0087 04       		.byte	0x4
 401 0088 07       		.byte	0x7
 402 0089 58010000 		.4byte	.LASF10
 403 008d 03       		.uleb128 0x3
 404 008e 08       		.byte	0x8
 405 008f 05       		.byte	0x5
 406 0090 92000000 		.4byte	.LASF11
 407 0094 04       		.uleb128 0x4
 408 0095 22000000 		.4byte	.LASF12
 409 0099 02       		.byte	0x2
 410 009a 78       		.byte	0x78
 411 009b 9F000000 		.4byte	0x9f
 412 009f 03       		.uleb128 0x3
 413 00a0 08       		.byte	0x8
 414 00a1 07       		.byte	0x7
 415 00a2 45000000 		.4byte	.LASF13
 416 00a6 03       		.uleb128 0x3
 417 00a7 01       		.byte	0x1
 418 00a8 02       		.byte	0x2
 419 00a9 C2020000 		.4byte	.LASF14
 420 00ad 04       		.uleb128 0x4
 421 00ae CF010000 		.4byte	.LASF15
 422 00b2 03       		.byte	0x3
 423 00b3 2C       		.byte	0x2c
 424 00b4 3E000000 		.4byte	0x3e
 425 00b8 04       		.uleb128 0x4
 426 00b9 EC000000 		.4byte	.LASF16
 427 00bd 03       		.byte	0x3
 428 00be 2D       		.byte	0x2d
 429 00bf 3E000000 		.4byte	0x3e
 430 00c3 04       		.uleb128 0x4
 431 00c4 A0020000 		.4byte	.LASF17
 432 00c8 03       		.byte	0x3
 433 00c9 2E       		.byte	0x2e
 434 00ca 3E000000 		.4byte	0x3e
 435 00ce 04       		.uleb128 0x4
 436 00cf D9000000 		.4byte	.LASF18
 437 00d3 03       		.byte	0x3
 438 00d4 2F       		.byte	0x2f
 439 00d5 3E000000 		.4byte	0x3e
 440 00d9 04       		.uleb128 0x4
ARM GAS  C:\Users\z80\AppData\Local\Temp\ccR6GUjg.s 			page 9


 441 00da BA020000 		.4byte	.LASF19
 442 00de 03       		.byte	0x3
 443 00df 30       		.byte	0x30
 444 00e0 7B000000 		.4byte	0x7b
 445 00e4 04       		.uleb128 0x4
 446 00e5 C9010000 		.4byte	.LASF20
 447 00e9 03       		.byte	0x3
 448 00ea 31       		.byte	0x31
 449 00eb 69000000 		.4byte	0x69
 450 00ef 04       		.uleb128 0x4
 451 00f0 E3010000 		.4byte	.LASF21
 452 00f4 03       		.byte	0x3
 453 00f5 33       		.byte	0x33
 454 00f6 7B000000 		.4byte	0x7b
 455 00fa 04       		.uleb128 0x4
 456 00fb 91030000 		.4byte	.LASF22
 457 00ff 03       		.byte	0x3
 458 0100 35       		.byte	0x35
 459 0101 7B000000 		.4byte	0x7b
 460 0105 04       		.uleb128 0x4
 461 0106 3C030000 		.4byte	.LASF23
 462 010a 04       		.byte	0x4
 463 010b 2A       		.byte	0x2a
 464 010c 10010000 		.4byte	0x110
 465 0110 05       		.uleb128 0x5
 466 0111 3C030000 		.4byte	.LASF23
 467 0115 48       		.byte	0x48
 468 0116 05       		.byte	0x5
 469 0117 5E       		.byte	0x5e
 470 0118 35020000 		.4byte	0x235
 471 011c 06       		.uleb128 0x6
 472 011d 1E030000 		.4byte	.LASF24
 473 0121 05       		.byte	0x5
 474 0122 5F       		.byte	0x5f
 475 0123 5A020000 		.4byte	0x25a
 476 0127 02       		.byte	0x2
 477 0128 23       		.byte	0x23
 478 0129 00       		.uleb128 0x0
 479 012a 06       		.uleb128 0x6
 480 012b B3020000 		.4byte	.LASF25
 481 012f 05       		.byte	0x5
 482 0130 61       		.byte	0x61
 483 0131 5A020000 		.4byte	0x25a
 484 0135 02       		.byte	0x2
 485 0136 23       		.byte	0x23
 486 0137 04       		.uleb128 0x4
 487 0138 06       		.uleb128 0x6
 488 0139 7E000000 		.4byte	.LASF26
 489 013d 05       		.byte	0x5
 490 013e 63       		.byte	0x63
 491 013f D9000000 		.4byte	0xd9
 492 0143 02       		.byte	0x2
 493 0144 23       		.byte	0x23
 494 0145 08       		.uleb128 0x8
 495 0146 06       		.uleb128 0x6
 496 0147 38040000 		.4byte	.LASF27
 497 014b 05       		.byte	0x5
ARM GAS  C:\Users\z80\AppData\Local\Temp\ccR6GUjg.s 			page 10


 498 014c 64       		.byte	0x64
 499 014d 33030000 		.4byte	0x333
 500 0151 02       		.byte	0x2
 501 0152 23       		.byte	0x23
 502 0153 0C       		.uleb128 0xc
 503 0154 06       		.uleb128 0x6
 504 0155 08010000 		.4byte	.LASF28
 505 0159 05       		.byte	0x5
 506 015a 66       		.byte	0x66
 507 015b 5A020000 		.4byte	0x25a
 508 015f 02       		.byte	0x2
 509 0160 23       		.byte	0x23
 510 0161 10       		.uleb128 0x10
 511 0162 06       		.uleb128 0x6
 512 0163 5E020000 		.4byte	.LASF29
 513 0167 05       		.byte	0x5
 514 0168 67       		.byte	0x67
 515 0169 5A020000 		.4byte	0x25a
 516 016d 02       		.byte	0x2
 517 016e 23       		.byte	0x23
 518 016f 14       		.uleb128 0x14
 519 0170 06       		.uleb128 0x6
 520 0171 0C040000 		.4byte	.LASF30
 521 0175 05       		.byte	0x5
 522 0176 6E       		.byte	0x6e
 523 0177 10050000 		.4byte	0x510
 524 017b 02       		.byte	0x2
 525 017c 23       		.byte	0x23
 526 017d 18       		.uleb128 0x18
 527 017e 06       		.uleb128 0x6
 528 017f F2020000 		.4byte	.LASF31
 529 0183 05       		.byte	0x5
 530 0184 79       		.byte	0x79
 531 0185 B8000000 		.4byte	0xb8
 532 0189 02       		.byte	0x2
 533 018a 23       		.byte	0x23
 534 018b 1C       		.uleb128 0x1c
 535 018c 06       		.uleb128 0x6
 536 018d 34030000 		.4byte	.LASF32
 537 0191 05       		.byte	0x5
 538 0192 7D       		.byte	0x7d
 539 0193 AD000000 		.4byte	0xad
 540 0197 02       		.byte	0x2
 541 0198 23       		.byte	0x23
 542 0199 1D       		.uleb128 0x1d
 543 019a 06       		.uleb128 0x6
 544 019b DA030000 		.4byte	.LASF33
 545 019f 05       		.byte	0x5
 546 01a0 82       		.byte	0x82
 547 01a1 C3000000 		.4byte	0xc3
 548 01a5 02       		.byte	0x2
 549 01a6 23       		.byte	0x23
 550 01a7 1E       		.uleb128 0x1e
 551 01a8 06       		.uleb128 0x6
 552 01a9 FA020000 		.4byte	.LASF34
 553 01ad 05       		.byte	0x5
 554 01ae 88       		.byte	0x88
ARM GAS  C:\Users\z80\AppData\Local\Temp\ccR6GUjg.s 			page 11


 555 01af CE000000 		.4byte	0xce
 556 01b3 02       		.byte	0x2
 557 01b4 23       		.byte	0x23
 558 01b5 1F       		.uleb128 0x1f
 559 01b6 06       		.uleb128 0x6
 560 01b7 AF030000 		.4byte	.LASF35
 561 01bb 05       		.byte	0x5
 562 01bc 8F       		.byte	0x8f
 563 01bd 1B040000 		.4byte	0x41b
 564 01c1 02       		.byte	0x2
 565 01c2 23       		.byte	0x23
 566 01c3 20       		.uleb128 0x20
 567 01c4 07       		.uleb128 0x7
 568 01c5 705F7500 		.ascii	"p_u\000"
 569 01c9 05       		.byte	0x5
 570 01ca B4       		.byte	0xb4
 571 01cb DB040000 		.4byte	0x4db
 572 01cf 02       		.byte	0x2
 573 01d0 23       		.byte	0x23
 574 01d1 24       		.uleb128 0x24
 575 01d2 06       		.uleb128 0x6
 576 01d3 3E040000 		.4byte	.LASF36
 577 01d7 05       		.byte	0x5
 578 01d8 B9       		.byte	0xb9
 579 01d9 82020000 		.4byte	0x282
 580 01dd 02       		.byte	0x2
 581 01de 23       		.byte	0x23
 582 01df 28       		.uleb128 0x28
 583 01e0 06       		.uleb128 0x6
 584 01e1 BD030000 		.4byte	.LASF37
 585 01e5 05       		.byte	0x5
 586 01e6 BF       		.byte	0xbf
 587 01e7 60020000 		.4byte	0x260
 588 01eb 02       		.byte	0x2
 589 01ec 23       		.byte	0x23
 590 01ed 2C       		.uleb128 0x2c
 591 01ee 06       		.uleb128 0x6
 592 01ef 15000000 		.4byte	.LASF38
 593 01f3 05       		.byte	0x5
 594 01f4 C3       		.byte	0xc3
 595 01f5 E4000000 		.4byte	0xe4
 596 01f9 02       		.byte	0x2
 597 01fa 23       		.byte	0x23
 598 01fb 34       		.uleb128 0x34
 599 01fc 06       		.uleb128 0x6
 600 01fd 50030000 		.4byte	.LASF39
 601 0201 05       		.byte	0x5
 602 0202 C9       		.byte	0xc9
 603 0203 EF000000 		.4byte	0xef
 604 0207 02       		.byte	0x2
 605 0208 23       		.byte	0x23
 606 0209 38       		.uleb128 0x38
 607 020a 06       		.uleb128 0x6
 608 020b DE020000 		.4byte	.LASF40
 609 020f 05       		.byte	0x5
 610 0210 D0       		.byte	0xd0
 611 0211 22050000 		.4byte	0x522
ARM GAS  C:\Users\z80\AppData\Local\Temp\ccR6GUjg.s 			page 12


 612 0215 02       		.byte	0x2
 613 0216 23       		.byte	0x23
 614 0217 3C       		.uleb128 0x3c
 615 0218 06       		.uleb128 0x6
 616 0219 9B030000 		.4byte	.LASF41
 617 021d 05       		.byte	0x5
 618 021e D4       		.byte	0xd4
 619 021f D9000000 		.4byte	0xd9
 620 0223 02       		.byte	0x2
 621 0224 23       		.byte	0x23
 622 0225 40       		.uleb128 0x40
 623 0226 06       		.uleb128 0x6
 624 0227 C9000000 		.4byte	.LASF42
 625 022b 05       		.byte	0x5
 626 022c DA       		.byte	0xda
 627 022d 98020000 		.4byte	0x298
 628 0231 02       		.byte	0x2
 629 0232 23       		.byte	0x23
 630 0233 44       		.uleb128 0x44
 631 0234 00       		.byte	0x0
 632 0235 08       		.uleb128 0x8
 633 0236 08       		.byte	0x8
 634 0237 04       		.byte	0x4
 635 0238 61       		.byte	0x61
 636 0239 5A020000 		.4byte	0x25a
 637 023d 06       		.uleb128 0x6
 638 023e 1E030000 		.4byte	.LASF24
 639 0242 04       		.byte	0x4
 640 0243 62       		.byte	0x62
 641 0244 5A020000 		.4byte	0x25a
 642 0248 02       		.byte	0x2
 643 0249 23       		.byte	0x23
 644 024a 00       		.uleb128 0x0
 645 024b 06       		.uleb128 0x6
 646 024c B3020000 		.4byte	.LASF25
 647 0250 04       		.byte	0x4
 648 0251 64       		.byte	0x64
 649 0252 5A020000 		.4byte	0x25a
 650 0256 02       		.byte	0x2
 651 0257 23       		.byte	0x23
 652 0258 04       		.uleb128 0x4
 653 0259 00       		.byte	0x0
 654 025a 09       		.uleb128 0x9
 655 025b 04       		.byte	0x4
 656 025c 05010000 		.4byte	0x105
 657 0260 04       		.uleb128 0x4
 658 0261 6C020000 		.4byte	.LASF43
 659 0265 04       		.byte	0x4
 660 0266 66       		.byte	0x66
 661 0267 35020000 		.4byte	0x235
 662 026b 08       		.uleb128 0x8
 663 026c 04       		.byte	0x4
 664 026d 04       		.byte	0x4
 665 026e 6B       		.byte	0x6b
 666 026f 82020000 		.4byte	0x282
 667 0273 06       		.uleb128 0x6
 668 0274 1E030000 		.4byte	.LASF24
ARM GAS  C:\Users\z80\AppData\Local\Temp\ccR6GUjg.s 			page 13


 669 0278 04       		.byte	0x4
 670 0279 6D       		.byte	0x6d
 671 027a 5A020000 		.4byte	0x25a
 672 027e 02       		.byte	0x2
 673 027f 23       		.byte	0x23
 674 0280 00       		.uleb128 0x0
 675 0281 00       		.byte	0x0
 676 0282 04       		.uleb128 0x4
 677 0283 D7010000 		.4byte	.LASF44
 678 0287 04       		.byte	0x4
 679 0288 70       		.byte	0x70
 680 0289 6B020000 		.4byte	0x26b
 681 028d 04       		.uleb128 0x4
 682 028e 28010000 		.4byte	.LASF45
 683 0292 06       		.byte	0x6
 684 0293 E5       		.byte	0xe5
 685 0294 98020000 		.4byte	0x298
 686 0298 0A       		.uleb128 0xa
 687 0299 04       		.byte	0x4
 688 029a 04       		.uleb128 0x4
 689 029b 17020000 		.4byte	.LASF46
 690 029f 06       		.byte	0x6
 691 02a0 EB       		.byte	0xeb
 692 02a1 94000000 		.4byte	0x94
 693 02a5 0B       		.uleb128 0xb
 694 02a6 B6030000 		.4byte	.LASF47
 695 02aa 24       		.byte	0x24
 696 02ab 06       		.byte	0x6
 697 02ac 0C01     		.2byte	0x10c
 698 02ae 33030000 		.4byte	0x333
 699 02b2 0C       		.uleb128 0xc
 700 02b3 723400   		.ascii	"r4\000"
 701 02b6 06       		.byte	0x6
 702 02b7 1F01     		.2byte	0x11f
 703 02b9 8D020000 		.4byte	0x28d
 704 02bd 02       		.byte	0x2
 705 02be 23       		.byte	0x23
 706 02bf 00       		.uleb128 0x0
 707 02c0 0C       		.uleb128 0xc
 708 02c1 723500   		.ascii	"r5\000"
 709 02c4 06       		.byte	0x6
 710 02c5 2001     		.2byte	0x120
 711 02c7 8D020000 		.4byte	0x28d
 712 02cb 02       		.byte	0x2
 713 02cc 23       		.byte	0x23
 714 02cd 04       		.uleb128 0x4
 715 02ce 0C       		.uleb128 0xc
 716 02cf 723600   		.ascii	"r6\000"
 717 02d2 06       		.byte	0x6
 718 02d3 2101     		.2byte	0x121
 719 02d5 8D020000 		.4byte	0x28d
 720 02d9 02       		.byte	0x2
 721 02da 23       		.byte	0x23
 722 02db 08       		.uleb128 0x8
 723 02dc 0C       		.uleb128 0xc
 724 02dd 723700   		.ascii	"r7\000"
 725 02e0 06       		.byte	0x6
ARM GAS  C:\Users\z80\AppData\Local\Temp\ccR6GUjg.s 			page 14


 726 02e1 2201     		.2byte	0x122
 727 02e3 8D020000 		.4byte	0x28d
 728 02e7 02       		.byte	0x2
 729 02e8 23       		.byte	0x23
 730 02e9 0C       		.uleb128 0xc
 731 02ea 0C       		.uleb128 0xc
 732 02eb 723800   		.ascii	"r8\000"
 733 02ee 06       		.byte	0x6
 734 02ef 2301     		.2byte	0x123
 735 02f1 8D020000 		.4byte	0x28d
 736 02f5 02       		.byte	0x2
 737 02f6 23       		.byte	0x23
 738 02f7 10       		.uleb128 0x10
 739 02f8 0C       		.uleb128 0xc
 740 02f9 723900   		.ascii	"r9\000"
 741 02fc 06       		.byte	0x6
 742 02fd 2401     		.2byte	0x124
 743 02ff 8D020000 		.4byte	0x28d
 744 0303 02       		.byte	0x2
 745 0304 23       		.byte	0x23
 746 0305 14       		.uleb128 0x14
 747 0306 0C       		.uleb128 0xc
 748 0307 72313000 		.ascii	"r10\000"
 749 030b 06       		.byte	0x6
 750 030c 2501     		.2byte	0x125
 751 030e 8D020000 		.4byte	0x28d
 752 0312 02       		.byte	0x2
 753 0313 23       		.byte	0x23
 754 0314 18       		.uleb128 0x18
 755 0315 0C       		.uleb128 0xc
 756 0316 72313100 		.ascii	"r11\000"
 757 031a 06       		.byte	0x6
 758 031b 2601     		.2byte	0x126
 759 031d 8D020000 		.4byte	0x28d
 760 0321 02       		.byte	0x2
 761 0322 23       		.byte	0x23
 762 0323 1C       		.uleb128 0x1c
 763 0324 0C       		.uleb128 0xc
 764 0325 6C7200   		.ascii	"lr\000"
 765 0328 06       		.byte	0x6
 766 0329 2701     		.2byte	0x127
 767 032b 8D020000 		.4byte	0x28d
 768 032f 02       		.byte	0x2
 769 0330 23       		.byte	0x23
 770 0331 20       		.uleb128 0x20
 771 0332 00       		.byte	0x0
 772 0333 0B       		.uleb128 0xb
 773 0334 87010000 		.4byte	.LASF48
 774 0338 04       		.byte	0x4
 775 0339 06       		.byte	0x6
 776 033a 3101     		.2byte	0x131
 777 033c 50030000 		.4byte	0x350
 778 0340 0C       		.uleb128 0xc
 779 0341 72313300 		.ascii	"r13\000"
 780 0345 06       		.byte	0x6
 781 0346 3201     		.2byte	0x132
 782 0348 50030000 		.4byte	0x350
ARM GAS  C:\Users\z80\AppData\Local\Temp\ccR6GUjg.s 			page 15


 783 034c 02       		.byte	0x2
 784 034d 23       		.byte	0x23
 785 034e 00       		.uleb128 0x0
 786 034f 00       		.byte	0x0
 787 0350 09       		.uleb128 0x9
 788 0351 04       		.byte	0x4
 789 0352 A5020000 		.4byte	0x2a5
 790 0356 0D       		.uleb128 0xd
 791 0357 04       		.byte	0x4
 792 0358 07       		.byte	0x7
 793 0359 04       		.uleb128 0x4
 794 035a A6030000 		.4byte	.LASF49
 795 035e 07       		.byte	0x7
 796 035f 58       		.byte	0x58
 797 0360 64030000 		.4byte	0x364
 798 0364 09       		.uleb128 0x9
 799 0365 04       		.byte	0x4
 800 0366 6A030000 		.4byte	0x36a
 801 036a 0E       		.uleb128 0xe
 802 036b 01       		.byte	0x1
 803 036c 76030000 		.4byte	0x376
 804 0370 0F       		.uleb128 0xf
 805 0371 98020000 		.4byte	0x298
 806 0375 00       		.byte	0x0
 807 0376 04       		.uleb128 0x4
 808 0377 78030000 		.4byte	.LASF50
 809 037b 07       		.byte	0x7
 810 037c 5D       		.byte	0x5d
 811 037d 81030000 		.4byte	0x381
 812 0381 05       		.uleb128 0x5
 813 0382 78030000 		.4byte	.LASF50
 814 0386 14       		.byte	0x14
 815 0387 07       		.byte	0x7
 816 0388 64       		.byte	0x64
 817 0389 D4030000 		.4byte	0x3d4
 818 038d 06       		.uleb128 0x6
 819 038e 50010000 		.4byte	.LASF51
 820 0392 07       		.byte	0x7
 821 0393 65       		.byte	0x65
 822 0394 D4030000 		.4byte	0x3d4
 823 0398 02       		.byte	0x2
 824 0399 23       		.byte	0x23
 825 039a 00       		.uleb128 0x0
 826 039b 06       		.uleb128 0x6
 827 039c 31010000 		.4byte	.LASF52
 828 03a0 07       		.byte	0x7
 829 03a1 67       		.byte	0x67
 830 03a2 D4030000 		.4byte	0x3d4
 831 03a6 02       		.byte	0x2
 832 03a7 23       		.byte	0x23
 833 03a8 04       		.uleb128 0x4
 834 03a9 06       		.uleb128 0x6
 835 03aa 36020000 		.4byte	.LASF53
 836 03ae 07       		.byte	0x7
 837 03af 69       		.byte	0x69
 838 03b0 FA000000 		.4byte	0xfa
 839 03b4 02       		.byte	0x2
ARM GAS  C:\Users\z80\AppData\Local\Temp\ccR6GUjg.s 			page 16


 840 03b5 23       		.byte	0x23
 841 03b6 08       		.uleb128 0x8
 842 03b7 06       		.uleb128 0x6
 843 03b8 3E020000 		.4byte	.LASF54
 844 03bc 07       		.byte	0x7
 845 03bd 6A       		.byte	0x6a
 846 03be 59030000 		.4byte	0x359
 847 03c2 02       		.byte	0x2
 848 03c3 23       		.byte	0x23
 849 03c4 0C       		.uleb128 0xc
 850 03c5 06       		.uleb128 0x6
 851 03c6 C8030000 		.4byte	.LASF55
 852 03ca 07       		.byte	0x7
 853 03cb 6C       		.byte	0x6c
 854 03cc 98020000 		.4byte	0x298
 855 03d0 02       		.byte	0x2
 856 03d1 23       		.byte	0x23
 857 03d2 10       		.uleb128 0x10
 858 03d3 00       		.byte	0x0
 859 03d4 09       		.uleb128 0x9
 860 03d5 04       		.byte	0x4
 861 03d6 76030000 		.4byte	0x376
 862 03da 08       		.uleb128 0x8
 863 03db 10       		.byte	0x10
 864 03dc 07       		.byte	0x7
 865 03dd 76       		.byte	0x76
 866 03de 1B040000 		.4byte	0x41b
 867 03e2 06       		.uleb128 0x6
 868 03e3 50010000 		.4byte	.LASF51
 869 03e7 07       		.byte	0x7
 870 03e8 77       		.byte	0x77
 871 03e9 D4030000 		.4byte	0x3d4
 872 03ed 02       		.byte	0x2
 873 03ee 23       		.byte	0x23
 874 03ef 00       		.uleb128 0x0
 875 03f0 06       		.uleb128 0x6
 876 03f1 31010000 		.4byte	.LASF52
 877 03f5 07       		.byte	0x7
 878 03f6 79       		.byte	0x79
 879 03f7 D4030000 		.4byte	0x3d4
 880 03fb 02       		.byte	0x2
 881 03fc 23       		.byte	0x23
 882 03fd 04       		.uleb128 0x4
 883 03fe 06       		.uleb128 0x6
 884 03ff 36020000 		.4byte	.LASF53
 885 0403 07       		.byte	0x7
 886 0404 7B       		.byte	0x7b
 887 0405 FA000000 		.4byte	0xfa
 888 0409 02       		.byte	0x2
 889 040a 23       		.byte	0x23
 890 040b 08       		.uleb128 0x8
 891 040c 06       		.uleb128 0x6
 892 040d 13040000 		.4byte	.LASF56
 893 0411 07       		.byte	0x7
 894 0412 7C       		.byte	0x7c
 895 0413 1B040000 		.4byte	0x41b
 896 0417 02       		.byte	0x2
ARM GAS  C:\Users\z80\AppData\Local\Temp\ccR6GUjg.s 			page 17


 897 0418 23       		.byte	0x23
 898 0419 0C       		.uleb128 0xc
 899 041a 00       		.byte	0x0
 900 041b 10       		.uleb128 0x10
 901 041c FA000000 		.4byte	0xfa
 902 0420 04       		.uleb128 0x4
 903 0421 29040000 		.4byte	.LASF57
 904 0425 07       		.byte	0x7
 905 0426 7D       		.byte	0x7d
 906 0427 DA030000 		.4byte	0x3da
 907 042b 08       		.uleb128 0x8
 908 042c 1C       		.byte	0x1c
 909 042d 08       		.byte	0x8
 910 042e 5E       		.byte	0x5e
 911 042f 88040000 		.4byte	0x488
 912 0433 06       		.uleb128 0x6
 913 0434 70030000 		.4byte	.LASF58
 914 0438 08       		.byte	0x8
 915 0439 5F       		.byte	0x5f
 916 043a 60020000 		.4byte	0x260
 917 043e 02       		.byte	0x2
 918 043f 23       		.byte	0x23
 919 0440 00       		.uleb128 0x0
 920 0441 06       		.uleb128 0x6
 921 0442 10030000 		.4byte	.LASF59
 922 0446 08       		.byte	0x8
 923 0447 60       		.byte	0x60
 924 0448 D9000000 		.4byte	0xd9
 925 044c 02       		.byte	0x2
 926 044d 23       		.byte	0x23
 927 044e 08       		.uleb128 0x8
 928 044f 06       		.uleb128 0x6
 929 0450 66020000 		.4byte	.LASF60
 930 0454 08       		.byte	0x8
 931 0455 62       		.byte	0x62
 932 0456 33030000 		.4byte	0x333
 933 045a 02       		.byte	0x2
 934 045b 23       		.byte	0x23
 935 045c 0C       		.uleb128 0xc
 936 045d 06       		.uleb128 0x6
 937 045e 20010000 		.4byte	.LASF61
 938 0462 08       		.byte	0x8
 939 0463 65       		.byte	0x65
 940 0464 5A020000 		.4byte	0x25a
 941 0468 02       		.byte	0x2
 942 0469 23       		.byte	0x23
 943 046a 10       		.uleb128 0x10
 944 046b 06       		.uleb128 0x6
 945 046c 8B020000 		.4byte	.LASF62
 946 0470 08       		.byte	0x8
 947 0471 66       		.byte	0x66
 948 0472 5A020000 		.4byte	0x25a
 949 0476 02       		.byte	0x2
 950 0477 23       		.byte	0x23
 951 0478 14       		.uleb128 0x14
 952 0479 06       		.uleb128 0x6
 953 047a 81020000 		.4byte	.LASF63
ARM GAS  C:\Users\z80\AppData\Local\Temp\ccR6GUjg.s 			page 18


 954 047e 08       		.byte	0x8
 955 047f 69       		.byte	0x69
 956 0480 5A020000 		.4byte	0x25a
 957 0484 02       		.byte	0x2
 958 0485 23       		.byte	0x23
 959 0486 18       		.uleb128 0x18
 960 0487 00       		.byte	0x0
 961 0488 04       		.uleb128 0x4
 962 0489 E1030000 		.4byte	.LASF64
 963 048d 08       		.byte	0x8
 964 048e 6B       		.byte	0x6b
 965 048f 2B040000 		.4byte	0x42b
 966 0493 05       		.uleb128 0x5
 967 0494 81010000 		.4byte	.LASF65
 968 0498 10       		.byte	0x10
 969 0499 09       		.byte	0x9
 970 049a 2C       		.byte	0x2c
 971 049b CA040000 		.4byte	0x4ca
 972 049f 06       		.uleb128 0x6
 973 04a0 D1000000 		.4byte	.LASF66
 974 04a4 09       		.byte	0x9
 975 04a5 2D       		.byte	0x2d
 976 04a6 60020000 		.4byte	0x260
 977 04aa 02       		.byte	0x2
 978 04ab 23       		.byte	0x23
 979 04ac 00       		.uleb128 0x0
 980 04ad 06       		.uleb128 0x6
 981 04ae 30040000 		.4byte	.LASF67
 982 04b2 09       		.byte	0x9
 983 04b3 2F       		.byte	0x2f
 984 04b4 5A020000 		.4byte	0x25a
 985 04b8 02       		.byte	0x2
 986 04b9 23       		.byte	0x23
 987 04ba 08       		.uleb128 0x8
 988 04bb 06       		.uleb128 0x6
 989 04bc 8A030000 		.4byte	.LASF68
 990 04c0 09       		.byte	0x9
 991 04c1 31       		.byte	0x31
 992 04c2 CA040000 		.4byte	0x4ca
 993 04c6 02       		.byte	0x2
 994 04c7 23       		.byte	0x23
 995 04c8 0C       		.uleb128 0xc
 996 04c9 00       		.byte	0x0
 997 04ca 09       		.uleb128 0x9
 998 04cb 04       		.byte	0x4
 999 04cc 93040000 		.4byte	0x493
 1000 04d0 04       		.uleb128 0x4
 1001 04d1 81010000 		.4byte	.LASF65
 1002 04d5 09       		.byte	0x9
 1003 04d6 33       		.byte	0x33
 1004 04d7 93040000 		.4byte	0x493
 1005 04db 11       		.uleb128 0x11
 1006 04dc 04       		.byte	0x4
 1007 04dd 05       		.byte	0x5
 1008 04de 96       		.byte	0x96
 1009 04df 10050000 		.4byte	0x510
 1010 04e3 12       		.uleb128 0x12
ARM GAS  C:\Users\z80\AppData\Local\Temp\ccR6GUjg.s 			page 19


 1011 04e4 1B000000 		.4byte	.LASF69
 1012 04e8 05       		.byte	0x5
 1013 04e9 9D       		.byte	0x9d
 1014 04ea E4000000 		.4byte	0xe4
 1015 04ee 12       		.uleb128 0x12
 1016 04ef 6A000000 		.4byte	.LASF70
 1017 04f3 05       		.byte	0x5
 1018 04f4 A4       		.byte	0xa4
 1019 04f5 E4000000 		.4byte	0xe4
 1020 04f9 12       		.uleb128 0x12
 1021 04fa 05040000 		.4byte	.LASF71
 1022 04fe 05       		.byte	0x5
 1023 04ff AB       		.byte	0xab
 1024 0500 98020000 		.4byte	0x298
 1025 0504 12       		.uleb128 0x12
 1026 0505 17030000 		.4byte	.LASF72
 1027 0509 05       		.byte	0x5
 1028 050a B2       		.byte	0xb2
 1029 050b EF000000 		.4byte	0xef
 1030 050f 00       		.byte	0x0
 1031 0510 09       		.uleb128 0x9
 1032 0511 04       		.byte	0x4
 1033 0512 16050000 		.4byte	0x516
 1034 0516 13       		.uleb128 0x13
 1035 0517 1B050000 		.4byte	0x51b
 1036 051b 03       		.uleb128 0x3
 1037 051c 01       		.byte	0x1
 1038 051d 08       		.byte	0x8
 1039 051e 85030000 		.4byte	.LASF73
 1040 0522 09       		.uleb128 0x9
 1041 0523 04       		.byte	0x4
 1042 0524 D0040000 		.4byte	0x4d0
 1043 0528 04       		.uleb128 0x4
 1044 0529 00000000 		.4byte	.LASF74
 1045 052d 05       		.byte	0x5
 1046 052e E5       		.byte	0xe5
 1047 052f 33050000 		.4byte	0x533
 1048 0533 09       		.uleb128 0x9
 1049 0534 04       		.byte	0x4
 1050 0535 39050000 		.4byte	0x539
 1051 0539 14       		.uleb128 0x14
 1052 053a 01       		.byte	0x1
 1053 053b E4000000 		.4byte	0xe4
 1054 053f 49050000 		.4byte	0x549
 1055 0543 0F       		.uleb128 0xf
 1056 0544 98020000 		.4byte	0x298
 1057 0548 00       		.byte	0x0
 1058 0549 08       		.uleb128 0x8
 1059 054a 16       		.byte	0x16
 1060 054b 0A       		.byte	0xa
 1061 054c 2C       		.byte	0x2c
 1062 054d 4E060000 		.4byte	0x64e
 1063 0551 06       		.uleb128 0x6
 1064 0552 73010000 		.4byte	.LASF75
 1065 0556 0A       		.byte	0xa
 1066 0557 2D       		.byte	0x2d
 1067 0558 4E060000 		.4byte	0x64e
ARM GAS  C:\Users\z80\AppData\Local\Temp\ccR6GUjg.s 			page 20


 1068 055c 02       		.byte	0x2
 1069 055d 23       		.byte	0x23
 1070 055e 00       		.uleb128 0x0
 1071 055f 06       		.uleb128 0x6
 1072 0560 22020000 		.4byte	.LASF76
 1073 0564 0A       		.byte	0xa
 1074 0565 2E       		.byte	0x2e
 1075 0566 3E000000 		.4byte	0x3e
 1076 056a 02       		.byte	0x2
 1077 056b 23       		.byte	0x23
 1078 056c 04       		.uleb128 0x4
 1079 056d 06       		.uleb128 0x6
 1080 056e 79020000 		.4byte	.LASF77
 1081 0572 0A       		.byte	0xa
 1082 0573 2F       		.byte	0x2f
 1083 0574 3E000000 		.4byte	0x3e
 1084 0578 02       		.byte	0x2
 1085 0579 23       		.byte	0x23
 1086 057a 05       		.uleb128 0x5
 1087 057b 06       		.uleb128 0x6
 1088 057c 1E040000 		.4byte	.LASF78
 1089 0580 0A       		.byte	0xa
 1090 0581 30       		.byte	0x30
 1091 0582 57000000 		.4byte	0x57
 1092 0586 02       		.byte	0x2
 1093 0587 23       		.byte	0x23
 1094 0588 06       		.uleb128 0x6
 1095 0589 06       		.uleb128 0x6
 1096 058a A8020000 		.4byte	.LASF79
 1097 058e 0A       		.byte	0xa
 1098 058f 31       		.byte	0x31
 1099 0590 3E000000 		.4byte	0x3e
 1100 0594 02       		.byte	0x2
 1101 0595 23       		.byte	0x23
 1102 0596 08       		.uleb128 0x8
 1103 0597 06       		.uleb128 0x6
 1104 0598 46020000 		.4byte	.LASF80
 1105 059c 0A       		.byte	0xa
 1106 059d 32       		.byte	0x32
 1107 059e 3E000000 		.4byte	0x3e
 1108 05a2 02       		.byte	0x2
 1109 05a3 23       		.byte	0x23
 1110 05a4 09       		.uleb128 0x9
 1111 05a5 06       		.uleb128 0x6
 1112 05a6 5C000000 		.4byte	.LASF81
 1113 05aa 0A       		.byte	0xa
 1114 05ab 33       		.byte	0x33
 1115 05ac 3E000000 		.4byte	0x3e
 1116 05b0 02       		.byte	0x2
 1117 05b1 23       		.byte	0x23
 1118 05b2 0A       		.uleb128 0xa
 1119 05b3 06       		.uleb128 0x6
 1120 05b4 64030000 		.4byte	.LASF82
 1121 05b8 0A       		.byte	0xa
 1122 05b9 34       		.byte	0x34
 1123 05ba 3E000000 		.4byte	0x3e
 1124 05be 02       		.byte	0x2
ARM GAS  C:\Users\z80\AppData\Local\Temp\ccR6GUjg.s 			page 21


 1125 05bf 23       		.byte	0x23
 1126 05c0 0B       		.uleb128 0xb
 1127 05c1 06       		.uleb128 0x6
 1128 05c2 CF030000 		.4byte	.LASF83
 1129 05c6 0A       		.byte	0xa
 1130 05c7 35       		.byte	0x35
 1131 05c8 3E000000 		.4byte	0x3e
 1132 05cc 02       		.byte	0x2
 1133 05cd 23       		.byte	0x23
 1134 05ce 0C       		.uleb128 0xc
 1135 05cf 06       		.uleb128 0x6
 1136 05d0 43030000 		.4byte	.LASF84
 1137 05d4 0A       		.byte	0xa
 1138 05d5 36       		.byte	0x36
 1139 05d6 3E000000 		.4byte	0x3e
 1140 05da 02       		.byte	0x2
 1141 05db 23       		.byte	0x23
 1142 05dc 0D       		.uleb128 0xd
 1143 05dd 06       		.uleb128 0x6
 1144 05de 08000000 		.4byte	.LASF85
 1145 05e2 0A       		.byte	0xa
 1146 05e3 37       		.byte	0x37
 1147 05e4 3E000000 		.4byte	0x3e
 1148 05e8 02       		.byte	0x2
 1149 05e9 23       		.byte	0x23
 1150 05ea 0E       		.uleb128 0xe
 1151 05eb 06       		.uleb128 0x6
 1152 05ec 52020000 		.4byte	.LASF86
 1153 05f0 0A       		.byte	0xa
 1154 05f1 38       		.byte	0x38
 1155 05f2 3E000000 		.4byte	0x3e
 1156 05f6 02       		.byte	0x2
 1157 05f7 23       		.byte	0x23
 1158 05f8 0F       		.uleb128 0xf
 1159 05f9 06       		.uleb128 0x6
 1160 05fa AC000000 		.4byte	.LASF87
 1161 05fe 0A       		.byte	0xa
 1162 05ff 39       		.byte	0x39
 1163 0600 3E000000 		.4byte	0x3e
 1164 0604 02       		.byte	0x2
 1165 0605 23       		.byte	0x23
 1166 0606 10       		.uleb128 0x10
 1167 0607 06       		.uleb128 0x6
 1168 0608 85000000 		.4byte	.LASF88
 1169 060c 0A       		.byte	0xa
 1170 060d 3B       		.byte	0x3b
 1171 060e 3E000000 		.4byte	0x3e
 1172 0612 02       		.byte	0x2
 1173 0613 23       		.byte	0x23
 1174 0614 11       		.uleb128 0x11
 1175 0615 06       		.uleb128 0x6
 1176 0616 BC000000 		.4byte	.LASF89
 1177 061a 0A       		.byte	0xa
 1178 061b 3C       		.byte	0x3c
 1179 061c 3E000000 		.4byte	0x3e
 1180 0620 02       		.byte	0x2
 1181 0621 23       		.byte	0x23
ARM GAS  C:\Users\z80\AppData\Local\Temp\ccR6GUjg.s 			page 22


 1182 0622 12       		.uleb128 0x12
 1183 0623 06       		.uleb128 0x6
 1184 0624 2A020000 		.4byte	.LASF90
 1185 0628 0A       		.byte	0xa
 1186 0629 3D       		.byte	0x3d
 1187 062a 3E000000 		.4byte	0x3e
 1188 062e 02       		.byte	0x2
 1189 062f 23       		.byte	0x23
 1190 0630 13       		.uleb128 0x13
 1191 0631 06       		.uleb128 0x6
 1192 0632 25030000 		.4byte	.LASF91
 1193 0636 0A       		.byte	0xa
 1194 0637 3E       		.byte	0x3e
 1195 0638 3E000000 		.4byte	0x3e
 1196 063c 02       		.byte	0x2
 1197 063d 23       		.byte	0x23
 1198 063e 14       		.uleb128 0x14
 1199 063f 06       		.uleb128 0x6
 1200 0640 04030000 		.4byte	.LASF92
 1201 0644 0A       		.byte	0xa
 1202 0645 40       		.byte	0x40
 1203 0646 3E000000 		.4byte	0x3e
 1204 064a 02       		.byte	0x2
 1205 064b 23       		.byte	0x23
 1206 064c 15       		.uleb128 0x15
 1207 064d 00       		.byte	0x0
 1208 064e 15       		.uleb128 0x15
 1209 064f 1B050000 		.4byte	0x51b
 1210 0653 5E060000 		.4byte	0x65e
 1211 0657 16       		.uleb128 0x16
 1212 0658 56030000 		.4byte	0x356
 1213 065c 03       		.byte	0x3
 1214 065d 00       		.byte	0x0
 1215 065e 04       		.uleb128 0x4
 1216 065f FE000000 		.4byte	.LASF93
 1217 0663 0A       		.byte	0xa
 1218 0664 41       		.byte	0x41
 1219 0665 49050000 		.4byte	0x549
 1220 0669 17       		.uleb128 0x17
 1221 066a 01       		.byte	0x1
 1222 066b 93020000 		.4byte	.LASF94
 1223 066f 01       		.byte	0x1
 1224 0670 3D       		.byte	0x3d
 1225 0671 01       		.byte	0x1
 1226 0672 00000000 		.4byte	.LFB7
 1227 0676 1A000000 		.4byte	.LFE7
 1228 067a 00000000 		.4byte	.LLST0
 1229 067e 8F060000 		.4byte	0x68f
 1230 0682 18       		.uleb128 0x18
 1231 0683 7000     		.ascii	"p\000"
 1232 0685 01       		.byte	0x1
 1233 0686 3D       		.byte	0x3d
 1234 0687 98020000 		.4byte	0x298
 1235 068b 02       		.byte	0x2
 1236 068c 91       		.byte	0x91
 1237 068d 7C       		.sleb128 -4
 1238 068e 00       		.byte	0x0
ARM GAS  C:\Users\z80\AppData\Local\Temp\ccR6GUjg.s 			page 23


 1239 068f 17       		.uleb128 0x17
 1240 0690 01       		.byte	0x1
 1241 0691 39010000 		.4byte	.LASF95
 1242 0695 01       		.byte	0x1
 1243 0696 54       		.byte	0x54
 1244 0697 01       		.byte	0x1
 1245 0698 00000000 		.4byte	.LFB8
 1246 069c 88000000 		.4byte	.LFE8
 1247 06a0 20000000 		.4byte	.LLST1
 1248 06a4 D1060000 		.4byte	0x6d1
 1249 06a8 19       		.uleb128 0x19
 1250 06a9 73000000 		.4byte	.LASF96
 1251 06ad 01       		.byte	0x1
 1252 06ae 55       		.byte	0x55
 1253 06af 05010000 		.4byte	0x105
 1254 06b3 05       		.byte	0x5
 1255 06b4 03       		.byte	0x3
 1256 06b5 00000000 		.4byte	mainthread.1982
 1257 06b9 1A       		.uleb128 0x1a
 1258 06ba 44000000 		.4byte	.LBB2
 1259 06be 4E000000 		.4byte	.LBE2
 1260 06c2 1B       		.uleb128 0x1b
 1261 06c3 746D7000 		.ascii	"tmp\000"
 1262 06c7 01       		.byte	0x1
 1263 06c8 6F       		.byte	0x6f
 1264 06c9 7B000000 		.4byte	0x7b
 1265 06cd 01       		.byte	0x1
 1266 06ce 53       		.byte	0x53
 1267 06cf 00       		.byte	0x0
 1268 06d0 00       		.byte	0x0
 1269 06d1 17       		.uleb128 0x17
 1270 06d2 01       		.byte	0x1
 1271 06d3 32000000 		.4byte	.LASF97
 1272 06d7 01       		.byte	0x1
 1273 06d8 89       		.byte	0x89
 1274 06d9 01       		.byte	0x1
 1275 06da 00000000 		.4byte	.LFB9
 1276 06de DA000000 		.4byte	.LFE9
 1277 06e2 4C000000 		.4byte	.LLST2
 1278 06e6 4C070000 		.4byte	0x74c
 1279 06ea 1A       		.uleb128 0x1a
 1280 06eb 6A000000 		.4byte	.LBB3
 1281 06ef D6000000 		.4byte	.LBE3
 1282 06f3 1B       		.uleb128 0x1b
 1283 06f4 76747000 		.ascii	"vtp\000"
 1284 06f8 01       		.byte	0x1
 1285 06f9 96       		.byte	0x96
 1286 06fa D4030000 		.4byte	0x3d4
 1287 06fe 02       		.byte	0x2
 1288 06ff 91       		.byte	0x91
 1289 0700 74       		.sleb128 -12
 1290 0701 1A       		.uleb128 0x1a
 1291 0702 7E000000 		.4byte	.LBB4
 1292 0706 C2000000 		.4byte	.LBE4
 1293 070a 1B       		.uleb128 0x1b
 1294 070b 666E00   		.ascii	"fn\000"
 1295 070e 01       		.byte	0x1
ARM GAS  C:\Users\z80\AppData\Local\Temp\ccR6GUjg.s 			page 24


 1296 070f 96       		.byte	0x96
 1297 0710 59030000 		.4byte	0x359
 1298 0714 02       		.byte	0x2
 1299 0715 91       		.byte	0x91
 1300 0716 70       		.sleb128 -16
 1301 0717 1C       		.uleb128 0x1c
 1302 0718 A8000000 		.4byte	.LBB5
 1303 071c B0000000 		.4byte	.LBE5
 1304 0720 32070000 		.4byte	0x732
 1305 0724 1B       		.uleb128 0x1b
 1306 0725 746D7000 		.ascii	"tmp\000"
 1307 0729 01       		.byte	0x1
 1308 072a 96       		.byte	0x96
 1309 072b 7B000000 		.4byte	0x7b
 1310 072f 01       		.byte	0x1
 1311 0730 53       		.byte	0x53
 1312 0731 00       		.byte	0x0
 1313 0732 1A       		.uleb128 0x1a
 1314 0733 BA000000 		.4byte	.LBB6
 1315 0737 C2000000 		.4byte	.LBE6
 1316 073b 1B       		.uleb128 0x1b
 1317 073c 746D7000 		.ascii	"tmp\000"
 1318 0740 01       		.byte	0x1
 1319 0741 96       		.byte	0x96
 1320 0742 7B000000 		.4byte	0x7b
 1321 0746 01       		.byte	0x1
 1322 0747 53       		.byte	0x53
 1323 0748 00       		.byte	0x0
 1324 0749 00       		.byte	0x0
 1325 074a 00       		.byte	0x0
 1326 074b 00       		.byte	0x0
 1327 074c 1D       		.uleb128 0x1d
 1328 074d 2B000000 		.4byte	.LASF98
 1329 0751 07       		.byte	0x7
 1330 0752 F5       		.byte	0xf5
 1331 0753 20040000 		.4byte	0x420
 1332 0757 01       		.byte	0x1
 1333 0758 01       		.byte	0x1
 1334 0759 1D       		.uleb128 0x1d
 1335 075a EB030000 		.4byte	.LASF99
 1336 075e 08       		.byte	0x8
 1337 075f 6F       		.byte	0x6f
 1338 0760 88040000 		.4byte	0x488
 1339 0764 01       		.byte	0x1
 1340 0765 01       		.byte	0x1
 1341 0766 1D       		.uleb128 0x1d
 1342 0767 6A010000 		.4byte	.LASF100
 1343 076b 0A       		.byte	0xa
 1344 076c 7E       		.byte	0x7e
 1345 076d 73070000 		.4byte	0x773
 1346 0771 01       		.byte	0x1
 1347 0772 01       		.byte	0x1
 1348 0773 13       		.uleb128 0x13
 1349 0774 5E060000 		.4byte	0x65e
 1350 0778 15       		.uleb128 0x15
 1351 0779 9A020000 		.4byte	0x29a
 1352 077d 88070000 		.4byte	0x788
ARM GAS  C:\Users\z80\AppData\Local\Temp\ccR6GUjg.s 			page 25


 1353 0781 16       		.uleb128 0x16
 1354 0782 56030000 		.4byte	0x356
 1355 0786 17       		.byte	0x17
 1356 0787 00       		.byte	0x0
 1357 0788 1D       		.uleb128 0x1d
 1358 0789 10010000 		.4byte	.LASF101
 1359 078d 0B       		.byte	0xb
 1360 078e 89       		.byte	0x89
 1361 078f 78070000 		.4byte	0x778
 1362 0793 01       		.byte	0x1
 1363 0794 01       		.byte	0x1
 1364 0795 1D       		.uleb128 0x1d
 1365 0796 2B000000 		.4byte	.LASF98
 1366 079a 07       		.byte	0x7
 1367 079b F5       		.byte	0xf5
 1368 079c 20040000 		.4byte	0x420
 1369 07a0 01       		.byte	0x1
 1370 07a1 01       		.byte	0x1
 1371 07a2 1D       		.uleb128 0x1d
 1372 07a3 EB030000 		.4byte	.LASF99
 1373 07a7 08       		.byte	0x8
 1374 07a8 6F       		.byte	0x6f
 1375 07a9 88040000 		.4byte	0x488
 1376 07ad 01       		.byte	0x1
 1377 07ae 01       		.byte	0x1
 1378 07af 1D       		.uleb128 0x1d
 1379 07b0 6A010000 		.4byte	.LASF100
 1380 07b4 0A       		.byte	0xa
 1381 07b5 7E       		.byte	0x7e
 1382 07b6 73070000 		.4byte	0x773
 1383 07ba 01       		.byte	0x1
 1384 07bb 01       		.byte	0x1
 1385 07bc 1E       		.uleb128 0x1e
 1386 07bd 10010000 		.4byte	.LASF101
 1387 07c1 01       		.byte	0x1
 1388 07c2 31       		.byte	0x31
 1389 07c3 78070000 		.4byte	0x778
 1390 07c7 01       		.byte	0x1
 1391 07c8 05       		.byte	0x5
 1392 07c9 03       		.byte	0x3
 1393 07ca 00000000 		.4byte	_idle_thread_wa
 1394 07ce 00       		.byte	0x0
 1395              		.section	.debug_abbrev
 1396 0000 01       		.uleb128 0x1
 1397 0001 11       		.uleb128 0x11
 1398 0002 01       		.byte	0x1
 1399 0003 25       		.uleb128 0x25
 1400 0004 0E       		.uleb128 0xe
 1401 0005 13       		.uleb128 0x13
 1402 0006 0B       		.uleb128 0xb
 1403 0007 03       		.uleb128 0x3
 1404 0008 0E       		.uleb128 0xe
 1405 0009 1B       		.uleb128 0x1b
 1406 000a 0E       		.uleb128 0xe
 1407 000b 11       		.uleb128 0x11
 1408 000c 01       		.uleb128 0x1
 1409 000d 52       		.uleb128 0x52
ARM GAS  C:\Users\z80\AppData\Local\Temp\ccR6GUjg.s 			page 26


 1410 000e 01       		.uleb128 0x1
 1411 000f 55       		.uleb128 0x55
 1412 0010 06       		.uleb128 0x6
 1413 0011 10       		.uleb128 0x10
 1414 0012 06       		.uleb128 0x6
 1415 0013 00       		.byte	0x0
 1416 0014 00       		.byte	0x0
 1417 0015 02       		.uleb128 0x2
 1418 0016 24       		.uleb128 0x24
 1419 0017 00       		.byte	0x0
 1420 0018 0B       		.uleb128 0xb
 1421 0019 0B       		.uleb128 0xb
 1422 001a 3E       		.uleb128 0x3e
 1423 001b 0B       		.uleb128 0xb
 1424 001c 03       		.uleb128 0x3
 1425 001d 08       		.uleb128 0x8
 1426 001e 00       		.byte	0x0
 1427 001f 00       		.byte	0x0
 1428 0020 03       		.uleb128 0x3
 1429 0021 24       		.uleb128 0x24
 1430 0022 00       		.byte	0x0
 1431 0023 0B       		.uleb128 0xb
 1432 0024 0B       		.uleb128 0xb
 1433 0025 3E       		.uleb128 0x3e
 1434 0026 0B       		.uleb128 0xb
 1435 0027 03       		.uleb128 0x3
 1436 0028 0E       		.uleb128 0xe
 1437 0029 00       		.byte	0x0
 1438 002a 00       		.byte	0x0
 1439 002b 04       		.uleb128 0x4
 1440 002c 16       		.uleb128 0x16
 1441 002d 00       		.byte	0x0
 1442 002e 03       		.uleb128 0x3
 1443 002f 0E       		.uleb128 0xe
 1444 0030 3A       		.uleb128 0x3a
 1445 0031 0B       		.uleb128 0xb
 1446 0032 3B       		.uleb128 0x3b
 1447 0033 0B       		.uleb128 0xb
 1448 0034 49       		.uleb128 0x49
 1449 0035 13       		.uleb128 0x13
 1450 0036 00       		.byte	0x0
 1451 0037 00       		.byte	0x0
 1452 0038 05       		.uleb128 0x5
 1453 0039 13       		.uleb128 0x13
 1454 003a 01       		.byte	0x1
 1455 003b 03       		.uleb128 0x3
 1456 003c 0E       		.uleb128 0xe
 1457 003d 0B       		.uleb128 0xb
 1458 003e 0B       		.uleb128 0xb
 1459 003f 3A       		.uleb128 0x3a
 1460 0040 0B       		.uleb128 0xb
 1461 0041 3B       		.uleb128 0x3b
 1462 0042 0B       		.uleb128 0xb
 1463 0043 01       		.uleb128 0x1
 1464 0044 13       		.uleb128 0x13
 1465 0045 00       		.byte	0x0
 1466 0046 00       		.byte	0x0
ARM GAS  C:\Users\z80\AppData\Local\Temp\ccR6GUjg.s 			page 27


 1467 0047 06       		.uleb128 0x6
 1468 0048 0D       		.uleb128 0xd
 1469 0049 00       		.byte	0x0
 1470 004a 03       		.uleb128 0x3
 1471 004b 0E       		.uleb128 0xe
 1472 004c 3A       		.uleb128 0x3a
 1473 004d 0B       		.uleb128 0xb
 1474 004e 3B       		.uleb128 0x3b
 1475 004f 0B       		.uleb128 0xb
 1476 0050 49       		.uleb128 0x49
 1477 0051 13       		.uleb128 0x13
 1478 0052 38       		.uleb128 0x38
 1479 0053 0A       		.uleb128 0xa
 1480 0054 00       		.byte	0x0
 1481 0055 00       		.byte	0x0
 1482 0056 07       		.uleb128 0x7
 1483 0057 0D       		.uleb128 0xd
 1484 0058 00       		.byte	0x0
 1485 0059 03       		.uleb128 0x3
 1486 005a 08       		.uleb128 0x8
 1487 005b 3A       		.uleb128 0x3a
 1488 005c 0B       		.uleb128 0xb
 1489 005d 3B       		.uleb128 0x3b
 1490 005e 0B       		.uleb128 0xb
 1491 005f 49       		.uleb128 0x49
 1492 0060 13       		.uleb128 0x13
 1493 0061 38       		.uleb128 0x38
 1494 0062 0A       		.uleb128 0xa
 1495 0063 00       		.byte	0x0
 1496 0064 00       		.byte	0x0
 1497 0065 08       		.uleb128 0x8
 1498 0066 13       		.uleb128 0x13
 1499 0067 01       		.byte	0x1
 1500 0068 0B       		.uleb128 0xb
 1501 0069 0B       		.uleb128 0xb
 1502 006a 3A       		.uleb128 0x3a
 1503 006b 0B       		.uleb128 0xb
 1504 006c 3B       		.uleb128 0x3b
 1505 006d 0B       		.uleb128 0xb
 1506 006e 01       		.uleb128 0x1
 1507 006f 13       		.uleb128 0x13
 1508 0070 00       		.byte	0x0
 1509 0071 00       		.byte	0x0
 1510 0072 09       		.uleb128 0x9
 1511 0073 0F       		.uleb128 0xf
 1512 0074 00       		.byte	0x0
 1513 0075 0B       		.uleb128 0xb
 1514 0076 0B       		.uleb128 0xb
 1515 0077 49       		.uleb128 0x49
 1516 0078 13       		.uleb128 0x13
 1517 0079 00       		.byte	0x0
 1518 007a 00       		.byte	0x0
 1519 007b 0A       		.uleb128 0xa
 1520 007c 0F       		.uleb128 0xf
 1521 007d 00       		.byte	0x0
 1522 007e 0B       		.uleb128 0xb
 1523 007f 0B       		.uleb128 0xb
ARM GAS  C:\Users\z80\AppData\Local\Temp\ccR6GUjg.s 			page 28


 1524 0080 00       		.byte	0x0
 1525 0081 00       		.byte	0x0
 1526 0082 0B       		.uleb128 0xb
 1527 0083 13       		.uleb128 0x13
 1528 0084 01       		.byte	0x1
 1529 0085 03       		.uleb128 0x3
 1530 0086 0E       		.uleb128 0xe
 1531 0087 0B       		.uleb128 0xb
 1532 0088 0B       		.uleb128 0xb
 1533 0089 3A       		.uleb128 0x3a
 1534 008a 0B       		.uleb128 0xb
 1535 008b 3B       		.uleb128 0x3b
 1536 008c 05       		.uleb128 0x5
 1537 008d 01       		.uleb128 0x1
 1538 008e 13       		.uleb128 0x13
 1539 008f 00       		.byte	0x0
 1540 0090 00       		.byte	0x0
 1541 0091 0C       		.uleb128 0xc
 1542 0092 0D       		.uleb128 0xd
 1543 0093 00       		.byte	0x0
 1544 0094 03       		.uleb128 0x3
 1545 0095 08       		.uleb128 0x8
 1546 0096 3A       		.uleb128 0x3a
 1547 0097 0B       		.uleb128 0xb
 1548 0098 3B       		.uleb128 0x3b
 1549 0099 05       		.uleb128 0x5
 1550 009a 49       		.uleb128 0x49
 1551 009b 13       		.uleb128 0x13
 1552 009c 38       		.uleb128 0x38
 1553 009d 0A       		.uleb128 0xa
 1554 009e 00       		.byte	0x0
 1555 009f 00       		.byte	0x0
 1556 00a0 0D       		.uleb128 0xd
 1557 00a1 24       		.uleb128 0x24
 1558 00a2 00       		.byte	0x0
 1559 00a3 0B       		.uleb128 0xb
 1560 00a4 0B       		.uleb128 0xb
 1561 00a5 3E       		.uleb128 0x3e
 1562 00a6 0B       		.uleb128 0xb
 1563 00a7 00       		.byte	0x0
 1564 00a8 00       		.byte	0x0
 1565 00a9 0E       		.uleb128 0xe
 1566 00aa 15       		.uleb128 0x15
 1567 00ab 01       		.byte	0x1
 1568 00ac 27       		.uleb128 0x27
 1569 00ad 0C       		.uleb128 0xc
 1570 00ae 01       		.uleb128 0x1
 1571 00af 13       		.uleb128 0x13
 1572 00b0 00       		.byte	0x0
 1573 00b1 00       		.byte	0x0
 1574 00b2 0F       		.uleb128 0xf
 1575 00b3 05       		.uleb128 0x5
 1576 00b4 00       		.byte	0x0
 1577 00b5 49       		.uleb128 0x49
 1578 00b6 13       		.uleb128 0x13
 1579 00b7 00       		.byte	0x0
 1580 00b8 00       		.byte	0x0
ARM GAS  C:\Users\z80\AppData\Local\Temp\ccR6GUjg.s 			page 29


 1581 00b9 10       		.uleb128 0x10
 1582 00ba 35       		.uleb128 0x35
 1583 00bb 00       		.byte	0x0
 1584 00bc 49       		.uleb128 0x49
 1585 00bd 13       		.uleb128 0x13
 1586 00be 00       		.byte	0x0
 1587 00bf 00       		.byte	0x0
 1588 00c0 11       		.uleb128 0x11
 1589 00c1 17       		.uleb128 0x17
 1590 00c2 01       		.byte	0x1
 1591 00c3 0B       		.uleb128 0xb
 1592 00c4 0B       		.uleb128 0xb
 1593 00c5 3A       		.uleb128 0x3a
 1594 00c6 0B       		.uleb128 0xb
 1595 00c7 3B       		.uleb128 0x3b
 1596 00c8 0B       		.uleb128 0xb
 1597 00c9 01       		.uleb128 0x1
 1598 00ca 13       		.uleb128 0x13
 1599 00cb 00       		.byte	0x0
 1600 00cc 00       		.byte	0x0
 1601 00cd 12       		.uleb128 0x12
 1602 00ce 0D       		.uleb128 0xd
 1603 00cf 00       		.byte	0x0
 1604 00d0 03       		.uleb128 0x3
 1605 00d1 0E       		.uleb128 0xe
 1606 00d2 3A       		.uleb128 0x3a
 1607 00d3 0B       		.uleb128 0xb
 1608 00d4 3B       		.uleb128 0x3b
 1609 00d5 0B       		.uleb128 0xb
 1610 00d6 49       		.uleb128 0x49
 1611 00d7 13       		.uleb128 0x13
 1612 00d8 00       		.byte	0x0
 1613 00d9 00       		.byte	0x0
 1614 00da 13       		.uleb128 0x13
 1615 00db 26       		.uleb128 0x26
 1616 00dc 00       		.byte	0x0
 1617 00dd 49       		.uleb128 0x49
 1618 00de 13       		.uleb128 0x13
 1619 00df 00       		.byte	0x0
 1620 00e0 00       		.byte	0x0
 1621 00e1 14       		.uleb128 0x14
 1622 00e2 15       		.uleb128 0x15
 1623 00e3 01       		.byte	0x1
 1624 00e4 27       		.uleb128 0x27
 1625 00e5 0C       		.uleb128 0xc
 1626 00e6 49       		.uleb128 0x49
 1627 00e7 13       		.uleb128 0x13
 1628 00e8 01       		.uleb128 0x1
 1629 00e9 13       		.uleb128 0x13
 1630 00ea 00       		.byte	0x0
 1631 00eb 00       		.byte	0x0
 1632 00ec 15       		.uleb128 0x15
 1633 00ed 01       		.uleb128 0x1
 1634 00ee 01       		.byte	0x1
 1635 00ef 49       		.uleb128 0x49
 1636 00f0 13       		.uleb128 0x13
 1637 00f1 01       		.uleb128 0x1
ARM GAS  C:\Users\z80\AppData\Local\Temp\ccR6GUjg.s 			page 30


 1638 00f2 13       		.uleb128 0x13
 1639 00f3 00       		.byte	0x0
 1640 00f4 00       		.byte	0x0
 1641 00f5 16       		.uleb128 0x16
 1642 00f6 21       		.uleb128 0x21
 1643 00f7 00       		.byte	0x0
 1644 00f8 49       		.uleb128 0x49
 1645 00f9 13       		.uleb128 0x13
 1646 00fa 2F       		.uleb128 0x2f
 1647 00fb 0B       		.uleb128 0xb
 1648 00fc 00       		.byte	0x0
 1649 00fd 00       		.byte	0x0
 1650 00fe 17       		.uleb128 0x17
 1651 00ff 2E       		.uleb128 0x2e
 1652 0100 01       		.byte	0x1
 1653 0101 3F       		.uleb128 0x3f
 1654 0102 0C       		.uleb128 0xc
 1655 0103 03       		.uleb128 0x3
 1656 0104 0E       		.uleb128 0xe
 1657 0105 3A       		.uleb128 0x3a
 1658 0106 0B       		.uleb128 0xb
 1659 0107 3B       		.uleb128 0x3b
 1660 0108 0B       		.uleb128 0xb
 1661 0109 27       		.uleb128 0x27
 1662 010a 0C       		.uleb128 0xc
 1663 010b 11       		.uleb128 0x11
 1664 010c 01       		.uleb128 0x1
 1665 010d 12       		.uleb128 0x12
 1666 010e 01       		.uleb128 0x1
 1667 010f 40       		.uleb128 0x40
 1668 0110 06       		.uleb128 0x6
 1669 0111 01       		.uleb128 0x1
 1670 0112 13       		.uleb128 0x13
 1671 0113 00       		.byte	0x0
 1672 0114 00       		.byte	0x0
 1673 0115 18       		.uleb128 0x18
 1674 0116 05       		.uleb128 0x5
 1675 0117 00       		.byte	0x0
 1676 0118 03       		.uleb128 0x3
 1677 0119 08       		.uleb128 0x8
 1678 011a 3A       		.uleb128 0x3a
 1679 011b 0B       		.uleb128 0xb
 1680 011c 3B       		.uleb128 0x3b
 1681 011d 0B       		.uleb128 0xb
 1682 011e 49       		.uleb128 0x49
 1683 011f 13       		.uleb128 0x13
 1684 0120 02       		.uleb128 0x2
 1685 0121 0A       		.uleb128 0xa
 1686 0122 00       		.byte	0x0
 1687 0123 00       		.byte	0x0
 1688 0124 19       		.uleb128 0x19
 1689 0125 34       		.uleb128 0x34
 1690 0126 00       		.byte	0x0
 1691 0127 03       		.uleb128 0x3
 1692 0128 0E       		.uleb128 0xe
 1693 0129 3A       		.uleb128 0x3a
 1694 012a 0B       		.uleb128 0xb
ARM GAS  C:\Users\z80\AppData\Local\Temp\ccR6GUjg.s 			page 31


 1695 012b 3B       		.uleb128 0x3b
 1696 012c 0B       		.uleb128 0xb
 1697 012d 49       		.uleb128 0x49
 1698 012e 13       		.uleb128 0x13
 1699 012f 02       		.uleb128 0x2
 1700 0130 0A       		.uleb128 0xa
 1701 0131 00       		.byte	0x0
 1702 0132 00       		.byte	0x0
 1703 0133 1A       		.uleb128 0x1a
 1704 0134 0B       		.uleb128 0xb
 1705 0135 01       		.byte	0x1
 1706 0136 11       		.uleb128 0x11
 1707 0137 01       		.uleb128 0x1
 1708 0138 12       		.uleb128 0x12
 1709 0139 01       		.uleb128 0x1
 1710 013a 00       		.byte	0x0
 1711 013b 00       		.byte	0x0
 1712 013c 1B       		.uleb128 0x1b
 1713 013d 34       		.uleb128 0x34
 1714 013e 00       		.byte	0x0
 1715 013f 03       		.uleb128 0x3
 1716 0140 08       		.uleb128 0x8
 1717 0141 3A       		.uleb128 0x3a
 1718 0142 0B       		.uleb128 0xb
 1719 0143 3B       		.uleb128 0x3b
 1720 0144 0B       		.uleb128 0xb
 1721 0145 49       		.uleb128 0x49
 1722 0146 13       		.uleb128 0x13
 1723 0147 02       		.uleb128 0x2
 1724 0148 0A       		.uleb128 0xa
 1725 0149 00       		.byte	0x0
 1726 014a 00       		.byte	0x0
 1727 014b 1C       		.uleb128 0x1c
 1728 014c 0B       		.uleb128 0xb
 1729 014d 01       		.byte	0x1
 1730 014e 11       		.uleb128 0x11
 1731 014f 01       		.uleb128 0x1
 1732 0150 12       		.uleb128 0x12
 1733 0151 01       		.uleb128 0x1
 1734 0152 01       		.uleb128 0x1
 1735 0153 13       		.uleb128 0x13
 1736 0154 00       		.byte	0x0
 1737 0155 00       		.byte	0x0
 1738 0156 1D       		.uleb128 0x1d
 1739 0157 34       		.uleb128 0x34
 1740 0158 00       		.byte	0x0
 1741 0159 03       		.uleb128 0x3
 1742 015a 0E       		.uleb128 0xe
 1743 015b 3A       		.uleb128 0x3a
 1744 015c 0B       		.uleb128 0xb
 1745 015d 3B       		.uleb128 0x3b
 1746 015e 0B       		.uleb128 0xb
 1747 015f 49       		.uleb128 0x49
 1748 0160 13       		.uleb128 0x13
 1749 0161 3F       		.uleb128 0x3f
 1750 0162 0C       		.uleb128 0xc
 1751 0163 3C       		.uleb128 0x3c
ARM GAS  C:\Users\z80\AppData\Local\Temp\ccR6GUjg.s 			page 32


 1752 0164 0C       		.uleb128 0xc
 1753 0165 00       		.byte	0x0
 1754 0166 00       		.byte	0x0
 1755 0167 1E       		.uleb128 0x1e
 1756 0168 34       		.uleb128 0x34
 1757 0169 00       		.byte	0x0
 1758 016a 03       		.uleb128 0x3
 1759 016b 0E       		.uleb128 0xe
 1760 016c 3A       		.uleb128 0x3a
 1761 016d 0B       		.uleb128 0xb
 1762 016e 3B       		.uleb128 0x3b
 1763 016f 0B       		.uleb128 0xb
 1764 0170 49       		.uleb128 0x49
 1765 0171 13       		.uleb128 0x13
 1766 0172 3F       		.uleb128 0x3f
 1767 0173 0C       		.uleb128 0xc
 1768 0174 02       		.uleb128 0x2
 1769 0175 0A       		.uleb128 0xa
 1770 0176 00       		.byte	0x0
 1771 0177 00       		.byte	0x0
 1772 0178 00       		.byte	0x0
 1773              		.section	.debug_pubnames,"",%progbits
 1774 0000 58000000 		.4byte	0x58
 1775 0004 0200     		.2byte	0x2
 1776 0006 00000000 		.4byte	.Ldebug_info0
 1777 000a CF070000 		.4byte	0x7cf
 1778 000e 69060000 		.4byte	0x669
 1779 0012 5F69646C 		.ascii	"_idle_thread\000"
 1779      655F7468 
 1779      72656164 
 1779      00
 1780 001f 8F060000 		.4byte	0x68f
 1781 0023 63685379 		.ascii	"chSysInit\000"
 1781      73496E69 
 1781      7400
 1782 002d D1060000 		.4byte	0x6d1
 1783 0031 63685379 		.ascii	"chSysTimerHandlerI\000"
 1783      7354696D 
 1783      65724861 
 1783      6E646C65 
 1783      724900
 1784 0044 BC070000 		.4byte	0x7bc
 1785 0048 5F69646C 		.ascii	"_idle_thread_wa\000"
 1785      655F7468 
 1785      72656164 
 1785      5F776100 
 1786 0058 00000000 		.4byte	0x0
 1787              		.section	.debug_pubtypes,"",%progbits
 1788 0000 94010000 		.4byte	0x194
 1789 0004 0200     		.2byte	0x2
 1790 0006 00000000 		.4byte	.Ldebug_info0
 1791 000a CF070000 		.4byte	0x7cf
 1792 000e 3E000000 		.4byte	0x3e
 1793 0012 75696E74 		.ascii	"uint8_t\000"
 1793      385F7400 
 1794 001a 57000000 		.4byte	0x57
 1795 001e 75696E74 		.ascii	"uint16_t\000"
ARM GAS  C:\Users\z80\AppData\Local\Temp\ccR6GUjg.s 			page 33


 1795      31365F74 
 1795      00
 1796 0027 69000000 		.4byte	0x69
 1797 002b 696E7433 		.ascii	"int32_t\000"
 1797      325F7400 
 1798 0033 7B000000 		.4byte	0x7b
 1799 0037 75696E74 		.ascii	"uint32_t\000"
 1799      33325F74 
 1799      00
 1800 0040 94000000 		.4byte	0x94
 1801 0044 75696E74 		.ascii	"uint64_t\000"
 1801      36345F74 
 1801      00
 1802 004d AD000000 		.4byte	0xad
 1803 0051 746D6F64 		.ascii	"tmode_t\000"
 1803      655F7400 
 1804 0059 B8000000 		.4byte	0xb8
 1805 005d 74737461 		.ascii	"tstate_t\000"
 1805      74655F74 
 1805      00
 1806 0066 C3000000 		.4byte	0xc3
 1807 006a 74726566 		.ascii	"trefs_t\000"
 1807      735F7400 
 1808 0072 CE000000 		.4byte	0xce
 1809 0076 74736C69 		.ascii	"tslices_t\000"
 1809      6365735F 
 1809      7400
 1810 0080 D9000000 		.4byte	0xd9
 1811 0084 74707269 		.ascii	"tprio_t\000"
 1811      6F5F7400 
 1812 008c E4000000 		.4byte	0xe4
 1813 0090 6D73675F 		.ascii	"msg_t\000"
 1813      7400
 1814 0096 EF000000 		.4byte	0xef
 1815 009a 6576656E 		.ascii	"eventmask_t\000"
 1815      746D6173 
 1815      6B5F7400 
 1816 00a6 FA000000 		.4byte	0xfa
 1817 00aa 73797374 		.ascii	"systime_t\000"
 1817      696D655F 
 1817      7400
 1818 00b4 05010000 		.4byte	0x105
 1819 00b8 54687265 		.ascii	"Thread\000"
 1819      616400
 1820 00bf 60020000 		.4byte	0x260
 1821 00c3 54687265 		.ascii	"ThreadsQueue\000"
 1821      61647351 
 1821      75657565 
 1821      00
 1822 00d0 82020000 		.4byte	0x282
 1823 00d4 54687265 		.ascii	"ThreadsList\000"
 1823      6164734C 
 1823      69737400 
 1824 00e0 8D020000 		.4byte	0x28d
 1825 00e4 72656761 		.ascii	"regarm_t\000"
 1825      726D5F74 
 1825      00
ARM GAS  C:\Users\z80\AppData\Local\Temp\ccR6GUjg.s 			page 34


 1826 00ed 9A020000 		.4byte	0x29a
 1827 00f1 73746B61 		.ascii	"stkalign_t\000"
 1827      6C69676E 
 1827      5F7400
 1828 00fc A5020000 		.4byte	0x2a5
 1829 0100 696E7463 		.ascii	"intctx\000"
 1829      747800
 1830 0107 33030000 		.4byte	0x333
 1831 010b 636F6E74 		.ascii	"context\000"
 1831      65787400 
 1832 0113 59030000 		.4byte	0x359
 1833 0117 76746675 		.ascii	"vtfunc_t\000"
 1833      6E635F74 
 1833      00
 1834 0120 76030000 		.4byte	0x376
 1835 0124 56697274 		.ascii	"VirtualTimer\000"
 1835      75616C54 
 1835      696D6572 
 1835      00
 1836 0131 81030000 		.4byte	0x381
 1837 0135 56697274 		.ascii	"VirtualTimer\000"
 1837      75616C54 
 1837      696D6572 
 1837      00
 1838 0142 20040000 		.4byte	0x420
 1839 0146 56544C69 		.ascii	"VTList\000"
 1839      737400
 1840 014d 88040000 		.4byte	0x488
 1841 0151 52656164 		.ascii	"ReadyList\000"
 1841      794C6973 
 1841      7400
 1842 015b 93040000 		.4byte	0x493
 1843 015f 4D757465 		.ascii	"Mutex\000"
 1843      7800
 1844 0165 D0040000 		.4byte	0x4d0
 1845 0169 4D757465 		.ascii	"Mutex\000"
 1845      7800
 1846 016f 10010000 		.4byte	0x110
 1847 0173 54687265 		.ascii	"Thread\000"
 1847      616400
 1848 017a 28050000 		.4byte	0x528
 1849 017e 7466756E 		.ascii	"tfunc_t\000"
 1849      635F7400 
 1850 0186 5E060000 		.4byte	0x65e
 1851 018a 63686465 		.ascii	"chdebug_t\000"
 1851      6275675F 
 1851      7400
 1852 0194 00000000 		.4byte	0x0
 1853              		.section	.debug_aranges,"",%progbits
 1854 0000 2C000000 		.4byte	0x2c
 1855 0004 0200     		.2byte	0x2
 1856 0006 00000000 		.4byte	.Ldebug_info0
 1857 000a 04       		.byte	0x4
 1858 000b 00       		.byte	0x0
 1859 000c 0000     		.2byte	0x0
 1860 000e 0000     		.2byte	0x0
 1861 0010 00000000 		.4byte	.LFB7
ARM GAS  C:\Users\z80\AppData\Local\Temp\ccR6GUjg.s 			page 35


 1862 0014 1A000000 		.4byte	.LFE7-.LFB7
 1863 0018 00000000 		.4byte	.LFB8
 1864 001c 88000000 		.4byte	.LFE8-.LFB8
 1865 0020 00000000 		.4byte	.LFB9
 1866 0024 DA000000 		.4byte	.LFE9-.LFB9
 1867 0028 00000000 		.4byte	0x0
 1868 002c 00000000 		.4byte	0x0
 1869              		.section	.debug_ranges,"",%progbits
 1870              	.Ldebug_ranges0:
 1871 0000 00000000 		.4byte	.LFB7
 1872 0004 1A000000 		.4byte	.LFE7
 1873 0008 00000000 		.4byte	.LFB8
 1874 000c 88000000 		.4byte	.LFE8
 1875 0010 00000000 		.4byte	.LFB9
 1876 0014 DA000000 		.4byte	.LFE9
 1877 0018 00000000 		.4byte	0x0
 1878 001c 00000000 		.4byte	0x0
 1879              		.section	.debug_str,"MS",%progbits,1
 1880              	.LASF74:
 1881 0000 7466756E 		.ascii	"tfunc_t\000"
 1881      635F7400 
 1882              	.LASF85:
 1883 0008 63665F6F 		.ascii	"cf_off_older\000"
 1883      66665F6F 
 1883      6C646572 
 1883      00
 1884              	.LASF38:
 1885 0015 705F6D73 		.ascii	"p_msg\000"
 1885      6700
 1886              	.LASF69:
 1887 001b 7264796D 		.ascii	"rdymsg\000"
 1887      736700
 1888              	.LASF12:
 1889 0022 75696E74 		.ascii	"uint64_t\000"
 1889      36345F74 
 1889      00
 1890              	.LASF98:
 1891 002b 76746C69 		.ascii	"vtlist\000"
 1891      737400
 1892              	.LASF97:
 1893 0032 63685379 		.ascii	"chSysTimerHandlerI\000"
 1893      7354696D 
 1893      65724861 
 1893      6E646C65 
 1893      724900
 1894              	.LASF13:
 1895 0045 6C6F6E67 		.ascii	"long long unsigned int\000"
 1895      206C6F6E 
 1895      6720756E 
 1895      7369676E 
 1895      65642069 
 1896              	.LASF81:
 1897 005c 63685F74 		.ascii	"ch_threadsize\000"
 1897      68726561 
 1897      6473697A 
 1897      6500
 1898              	.LASF70:
ARM GAS  C:\Users\z80\AppData\Local\Temp\ccR6GUjg.s 			page 36


 1899 006a 65786974 		.ascii	"exitcode\000"
 1899      636F6465 
 1899      00
 1900              	.LASF96:
 1901 0073 6D61696E 		.ascii	"mainthread\000"
 1901      74687265 
 1901      616400
 1902              	.LASF26:
 1903 007e 705F7072 		.ascii	"p_prio\000"
 1903      696F00
 1904              	.LASF88:
 1905 0085 63665F6F 		.ascii	"cf_off_state\000"
 1905      66665F73 
 1905      74617465 
 1905      00
 1906              	.LASF11:
 1907 0092 6C6F6E67 		.ascii	"long long int\000"
 1907      206C6F6E 
 1907      6720696E 
 1907      7400
 1908              	.LASF1:
 1909 00a0 7369676E 		.ascii	"signed char\000"
 1909      65642063 
 1909      68617200 
 1910              	.LASF87:
 1911 00ac 63665F6F 		.ascii	"cf_off_stklimit\000"
 1911      66665F73 
 1911      746B6C69 
 1911      6D697400 
 1912              	.LASF89:
 1913 00bc 63665F6F 		.ascii	"cf_off_flags\000"
 1913      66665F66 
 1913      6C616773 
 1913      00
 1914              	.LASF42:
 1915 00c9 705F6D70 		.ascii	"p_mpool\000"
 1915      6F6F6C00 
 1916              	.LASF66:
 1917 00d1 6D5F7175 		.ascii	"m_queue\000"
 1917      65756500 
 1918              	.LASF18:
 1919 00d9 74736C69 		.ascii	"tslices_t\000"
 1919      6365735F 
 1919      7400
 1920              	.LASF8:
 1921 00e3 6C6F6E67 		.ascii	"long int\000"
 1921      20696E74 
 1921      00
 1922              	.LASF16:
 1923 00ec 74737461 		.ascii	"tstate_t\000"
 1923      74655F74 
 1923      00
 1924              	.LASF5:
 1925 00f5 75696E74 		.ascii	"uint16_t\000"
 1925      31365F74 
 1925      00
 1926              	.LASF93:
ARM GAS  C:\Users\z80\AppData\Local\Temp\ccR6GUjg.s 			page 37


 1927 00fe 63686465 		.ascii	"chdebug_t\000"
 1927      6275675F 
 1927      7400
 1928              	.LASF28:
 1929 0108 705F6E65 		.ascii	"p_newer\000"
 1929      77657200 
 1930              	.LASF101:
 1931 0110 5F69646C 		.ascii	"_idle_thread_wa\000"
 1931      655F7468 
 1931      72656164 
 1931      5F776100 
 1932              	.LASF61:
 1933 0120 725F6E65 		.ascii	"r_newer\000"
 1933      77657200 
 1934              	.LASF45:
 1935 0128 72656761 		.ascii	"regarm_t\000"
 1935      726D5F74 
 1935      00
 1936              	.LASF52:
 1937 0131 76745F70 		.ascii	"vt_prev\000"
 1937      72657600 
 1938              	.LASF95:
 1939 0139 63685379 		.ascii	"chSysInit\000"
 1939      73496E69 
 1939      7400
 1940              	.LASF0:
 1941 0143 756E7369 		.ascii	"unsigned int\000"
 1941      676E6564 
 1941      20696E74 
 1941      00
 1942              	.LASF51:
 1943 0150 76745F6E 		.ascii	"vt_next\000"
 1943      65787400 
 1944              	.LASF10:
 1945 0158 6C6F6E67 		.ascii	"long unsigned int\000"
 1945      20756E73 
 1945      69676E65 
 1945      6420696E 
 1945      7400
 1946              	.LASF100:
 1947 016a 63685F64 		.ascii	"ch_debug\000"
 1947      65627567 
 1947      00
 1948              	.LASF75:
 1949 0173 63685F69 		.ascii	"ch_identifier\000"
 1949      64656E74 
 1949      69666965 
 1949      7200
 1950              	.LASF65:
 1951 0181 4D757465 		.ascii	"Mutex\000"
 1951      7800
 1952              	.LASF48:
 1953 0187 636F6E74 		.ascii	"context\000"
 1953      65787400 
 1954              	.LASF6:
 1955 018f 73686F72 		.ascii	"short unsigned int\000"
 1955      7420756E 
ARM GAS  C:\Users\z80\AppData\Local\Temp\ccR6GUjg.s 			page 38


 1955      7369676E 
 1955      65642069 
 1955      6E7400
 1956              	.LASF103:
 1957 01a2 2E2E2F63 		.ascii	"../chibios_2.6.3/os/kernel/src/chsys.c\000"
 1957      68696269 
 1957      6F735F32 
 1957      2E362E33 
 1957      2F6F732F 
 1958              	.LASF20:
 1959 01c9 6D73675F 		.ascii	"msg_t\000"
 1959      7400
 1960              	.LASF15:
 1961 01cf 746D6F64 		.ascii	"tmode_t\000"
 1961      655F7400 
 1962              	.LASF44:
 1963 01d7 54687265 		.ascii	"ThreadsList\000"
 1963      6164734C 
 1963      69737400 
 1964              	.LASF21:
 1965 01e3 6576656E 		.ascii	"eventmask_t\000"
 1965      746D6173 
 1965      6B5F7400 
 1966              	.LASF104:
 1967 01ef 433A5C70 		.ascii	"C:\\projects\\clock.git\\firmware\\firmware\000"
 1967      726F6A65 
 1967      6374735C 
 1967      636C6F63 
 1967      6B2E6769 
 1968              	.LASF46:
 1969 0217 73746B61 		.ascii	"stkalign_t\000"
 1969      6C69676E 
 1969      5F7400
 1970              	.LASF76:
 1971 0222 63685F7A 		.ascii	"ch_zero\000"
 1971      65726F00 
 1972              	.LASF90:
 1973 022a 63665F6F 		.ascii	"cf_off_refs\000"
 1973      66665F72 
 1973      65667300 
 1974              	.LASF53:
 1975 0236 76745F74 		.ascii	"vt_time\000"
 1975      696D6500 
 1976              	.LASF54:
 1977 023e 76745F66 		.ascii	"vt_func\000"
 1977      756E6300 
 1978              	.LASF80:
 1979 0246 63685F74 		.ascii	"ch_timesize\000"
 1979      696D6573 
 1979      697A6500 
 1980              	.LASF86:
 1981 0252 63665F6F 		.ascii	"cf_off_name\000"
 1981      66665F6E 
 1981      616D6500 
 1982              	.LASF29:
 1983 025e 705F6F6C 		.ascii	"p_older\000"
 1983      64657200 
ARM GAS  C:\Users\z80\AppData\Local\Temp\ccR6GUjg.s 			page 39


 1984              	.LASF60:
 1985 0266 725F6374 		.ascii	"r_ctx\000"
 1985      7800
 1986              	.LASF43:
 1987 026c 54687265 		.ascii	"ThreadsQueue\000"
 1987      61647351 
 1987      75657565 
 1987      00
 1988              	.LASF77:
 1989 0279 63685F73 		.ascii	"ch_size\000"
 1989      697A6500 
 1990              	.LASF63:
 1991 0281 725F6375 		.ascii	"r_current\000"
 1991      7272656E 
 1991      7400
 1992              	.LASF62:
 1993 028b 725F6F6C 		.ascii	"r_older\000"
 1993      64657200 
 1994              	.LASF94:
 1995 0293 5F69646C 		.ascii	"_idle_thread\000"
 1995      655F7468 
 1995      72656164 
 1995      00
 1996              	.LASF17:
 1997 02a0 74726566 		.ascii	"trefs_t\000"
 1997      735F7400 
 1998              	.LASF79:
 1999 02a8 63685F70 		.ascii	"ch_ptrsize\000"
 1999      74727369 
 1999      7A6500
 2000              	.LASF25:
 2001 02b3 705F7072 		.ascii	"p_prev\000"
 2001      657600
 2002              	.LASF19:
 2003 02ba 74707269 		.ascii	"tprio_t\000"
 2003      6F5F7400 
 2004              	.LASF14:
 2005 02c2 5F426F6F 		.ascii	"_Bool\000"
 2005      6C00
 2006              	.LASF7:
 2007 02c8 696E7433 		.ascii	"int32_t\000"
 2007      325F7400 
 2008              	.LASF2:
 2009 02d0 756E7369 		.ascii	"unsigned char\000"
 2009      676E6564 
 2009      20636861 
 2009      7200
 2010              	.LASF40:
 2011 02de 705F6D74 		.ascii	"p_mtxlist\000"
 2011      786C6973 
 2011      7400
 2012              	.LASF3:
 2013 02e8 73686F72 		.ascii	"short int\000"
 2013      7420696E 
 2013      7400
 2014              	.LASF31:
 2015 02f2 705F7374 		.ascii	"p_state\000"
ARM GAS  C:\Users\z80\AppData\Local\Temp\ccR6GUjg.s 			page 40


 2015      61746500 
 2016              	.LASF34:
 2017 02fa 705F7072 		.ascii	"p_preempt\000"
 2017      65656D70 
 2017      7400
 2018              	.LASF92:
 2019 0304 63665F6F 		.ascii	"cf_off_time\000"
 2019      66665F74 
 2019      696D6500 
 2020              	.LASF59:
 2021 0310 725F7072 		.ascii	"r_prio\000"
 2021      696F00
 2022              	.LASF72:
 2023 0317 65776D61 		.ascii	"ewmask\000"
 2023      736B00
 2024              	.LASF24:
 2025 031e 705F6E65 		.ascii	"p_next\000"
 2025      787400
 2026              	.LASF91:
 2027 0325 63665F6F 		.ascii	"cf_off_preempt\000"
 2027      66665F70 
 2027      7265656D 
 2027      707400
 2028              	.LASF32:
 2029 0334 705F666C 		.ascii	"p_flags\000"
 2029      61677300 
 2030              	.LASF23:
 2031 033c 54687265 		.ascii	"Thread\000"
 2031      616400
 2032              	.LASF84:
 2033 0343 63665F6F 		.ascii	"cf_off_newer\000"
 2033      66665F6E 
 2033      65776572 
 2033      00
 2034              	.LASF39:
 2035 0350 705F6570 		.ascii	"p_epending\000"
 2035      656E6469 
 2035      6E6700
 2036              	.LASF9:
 2037 035b 75696E74 		.ascii	"uint32_t\000"
 2037      33325F74 
 2037      00
 2038              	.LASF82:
 2039 0364 63665F6F 		.ascii	"cf_off_prio\000"
 2039      66665F70 
 2039      72696F00 
 2040              	.LASF58:
 2041 0370 725F7175 		.ascii	"r_queue\000"
 2041      65756500 
 2042              	.LASF50:
 2043 0378 56697274 		.ascii	"VirtualTimer\000"
 2043      75616C54 
 2043      696D6572 
 2043      00
 2044              	.LASF73:
 2045 0385 63686172 		.ascii	"char\000"
 2045      00
ARM GAS  C:\Users\z80\AppData\Local\Temp\ccR6GUjg.s 			page 41


 2046              	.LASF68:
 2047 038a 6D5F6E65 		.ascii	"m_next\000"
 2047      787400
 2048              	.LASF22:
 2049 0391 73797374 		.ascii	"systime_t\000"
 2049      696D655F 
 2049      7400
 2050              	.LASF41:
 2051 039b 705F7265 		.ascii	"p_realprio\000"
 2051      616C7072 
 2051      696F00
 2052              	.LASF49:
 2053 03a6 76746675 		.ascii	"vtfunc_t\000"
 2053      6E635F74 
 2053      00
 2054              	.LASF35:
 2055 03af 705F7469 		.ascii	"p_time\000"
 2055      6D6500
 2056              	.LASF47:
 2057 03b6 696E7463 		.ascii	"intctx\000"
 2057      747800
 2058              	.LASF37:
 2059 03bd 705F6D73 		.ascii	"p_msgqueue\000"
 2059      67717565 
 2059      756500
 2060              	.LASF55:
 2061 03c8 76745F70 		.ascii	"vt_par\000"
 2061      617200
 2062              	.LASF83:
 2063 03cf 63665F6F 		.ascii	"cf_off_ctx\000"
 2063      66665F63 
 2063      747800
 2064              	.LASF33:
 2065 03da 705F7265 		.ascii	"p_refs\000"
 2065      667300
 2066              	.LASF64:
 2067 03e1 52656164 		.ascii	"ReadyList\000"
 2067      794C6973 
 2067      7400
 2068              	.LASF99:
 2069 03eb 726C6973 		.ascii	"rlist\000"
 2069      7400
 2070              	.LASF4:
 2071 03f1 75696E74 		.ascii	"uint8_t\000"
 2071      385F7400 
 2072              	.LASF102:
 2073 03f9 474E5520 		.ascii	"GNU C 4.5.0\000"
 2073      4320342E 
 2073      352E3000 
 2074              	.LASF71:
 2075 0405 77746F62 		.ascii	"wtobjp\000"
 2075      6A7000
 2076              	.LASF30:
 2077 040c 705F6E61 		.ascii	"p_name\000"
 2077      6D6500
 2078              	.LASF56:
 2079 0413 76745F73 		.ascii	"vt_systime\000"
ARM GAS  C:\Users\z80\AppData\Local\Temp\ccR6GUjg.s 			page 42


 2079      79737469 
 2079      6D6500
 2080              	.LASF78:
 2081 041e 63685F76 		.ascii	"ch_version\000"
 2081      65727369 
 2081      6F6E00
 2082              	.LASF57:
 2083 0429 56544C69 		.ascii	"VTList\000"
 2083      737400
 2084              	.LASF67:
 2085 0430 6D5F6F77 		.ascii	"m_owner\000"
 2085      6E657200 
 2086              	.LASF27:
 2087 0438 705F6374 		.ascii	"p_ctx\000"
 2087      7800
 2088              	.LASF36:
 2089 043e 705F7761 		.ascii	"p_waiting\000"
 2089      6974696E 
 2089      6700
 2090              		.ident	"GCC: (GNU) 4.5.0"
ARM GAS  C:\Users\z80\AppData\Local\Temp\ccR6GUjg.s 			page 43


DEFINED SYMBOLS
                            *ABS*:00000000 chsys.c
C:\Users\z80\AppData\Local\Temp\ccR6GUjg.s:28     .bss._idle_thread_wa:00000000 _idle_thread_wa
C:\Users\z80\AppData\Local\Temp\ccR6GUjg.s:25     .bss._idle_thread_wa:00000000 $d
C:\Users\z80\AppData\Local\Temp\ccR6GUjg.s:31     .rodata:00000000 $d
C:\Users\z80\AppData\Local\Temp\ccR6GUjg.s:32     .rodata:00000000 .LC0
C:\Users\z80\AppData\Local\Temp\ccR6GUjg.s:35     .text._idle_thread:00000000 $t
C:\Users\z80\AppData\Local\Temp\ccR6GUjg.s:41     .text._idle_thread:00000000 _idle_thread
C:\Users\z80\AppData\Local\Temp\ccR6GUjg.s:67     .text.chSysInit:00000000 $t
C:\Users\z80\AppData\Local\Temp\ccR6GUjg.s:73     .text.chSysInit:00000000 chSysInit
C:\Users\z80\AppData\Local\Temp\ccR6GUjg.s:272    .bss.mainthread.1982:00000000 mainthread.1982
C:\Users\z80\AppData\Local\Temp\ccR6GUjg.s:144    .text.chSysTimerHandlerI:00000000 $t
C:\Users\z80\AppData\Local\Temp\ccR6GUjg.s:150    .text.chSysTimerHandlerI:00000000 chSysTimerHandlerI
C:\Users\z80\AppData\Local\Temp\ccR6GUjg.s:269    .bss.mainthread.1982:00000000 $d
                     .debug_frame:00000010 $d

UNDEFINED SYMBOLS
rlist
_port_init
_scheduler_init
_vt_init
_core_init
_heap_init
_thread_init
ch_debug
chThdCreateStatic
vtlist
