ARM GAS  C:\Users\z80\AppData\Local\Temp\cctvVWDA.s 			page 1


   1              		.syntax unified
   2              		.cpu cortex-m3
   3              		.fpu softvfp
   4              		.eabi_attribute 20, 1
   5              		.eabi_attribute 21, 1
   6              		.eabi_attribute 23, 3
   7              		.eabi_attribute 24, 1
   8              		.eabi_attribute 25, 1
   9              		.eabi_attribute 26, 1
  10              		.eabi_attribute 30, 6
  11              		.eabi_attribute 18, 4
  12              		.thumb
  13              		.file	"evtimer.c"
  14              		.section	.debug_abbrev,"",%progbits
  15              	.Ldebug_abbrev0:
  16              		.section	.debug_info,"",%progbits
  17              	.Ldebug_info0:
  18              		.section	.debug_line,"",%progbits
  19              	.Ldebug_line0:
  20 0000 85010000 		.text
  20      02003501 
  20      00000201 
  20      FB0E0D00 
  20      01010101 
  21              	.Ltext0:
  22              		.cfi_sections	.debug_frame
  23              		.section	.text.tmrcb,"ax",%progbits
  24              		.align	2
  25              		.p2align 4,,15
  26              		.thumb
  27              		.thumb_func
  28              		.type	tmrcb, %function
  29              	tmrcb:
  30              	.LFB7:
  31              		.file 1 "../chibios_2.6.3/os/various/evtimer.c"
  32              		.loc 1 28 0
  33              		.cfi_startproc
  34              		@ args = 0, pretend = 0, frame = 16
  35              		@ frame_needed = 0, uses_anonymous_args = 0
  36 0000 00B5     		push	{lr}
  37              	.LCFI0:
  38              		.cfi_def_cfa_offset 4
  39 0002 85B0     		sub	sp, sp, #20
  40              	.LCFI1:
  41              		.cfi_def_cfa_offset 24
  42 0004 0190     		str	r0, [sp, #4]
  43              		.loc 1 29 0
  44 0006 019B     		ldr	r3, [sp, #4]
  45 0008 0393     		str	r3, [sp, #12]
  46              	.LBB2:
  47              		.loc 1 31 0
  48 000a 4FF02003 		mov	r3, #32
  49              	@ 31 "../chibios_2.6.3/os/various/evtimer.c" 1
  50 000e 83F31188 		msr     BASEPRI, r3
  51              	@ 0 "" 2
  52              		.thumb
  53              	.LBE2:
ARM GAS  C:\Users\z80\AppData\Local\Temp\cctvVWDA.s 			page 2


  54              		.loc 1 32 0
  55 0012 039B     		ldr	r3, [sp, #12]
  56 0014 03F11403 		add	r3, r3, #20
  57 0018 1846     		mov	r0, r3
  58 001a 4FF00001 		mov	r1, #0
  59              		.cfi_offset 14, -4
  60 001e FFF7FEFF 		bl	chEvtBroadcastFlagsI
  61              		.loc 1 33 0
  62 0022 039A     		ldr	r2, [sp, #12]
  63 0024 039B     		ldr	r3, [sp, #12]
  64 0026 9B69     		ldr	r3, [r3, #24]
  65 0028 1046     		mov	r0, r2
  66 002a 1946     		mov	r1, r3
  67 002c 40F20002 		movw	r2, #:lower16:tmrcb
  68 0030 C0F20002 		movt	r2, #:upper16:tmrcb
  69 0034 039B     		ldr	r3, [sp, #12]
  70 0036 FFF7FEFF 		bl	chVTSetI
  71              	.LBB3:
  72              		.loc 1 34 0
  73 003a 4FF00003 		mov	r3, #0
  74              	@ 34 "../chibios_2.6.3/os/various/evtimer.c" 1
  75 003e 83F31188 		msr     BASEPRI, r3
  76              	@ 0 "" 2
  77              		.thumb
  78              	.LBE3:
  79              		.loc 1 35 0
  80 0042 05B0     		add	sp, sp, #20
  81 0044 00BD     		pop	{pc}
  82              		.cfi_endproc
  83              	.LFE7:
  84              		.size	tmrcb, .-tmrcb
  85 0046 00BFAFF3 		.section	.text.evtStart,"ax",%progbits
  85      0080AFF3 
  85      0080
  86              		.align	2
  87              		.p2align 4,,15
  88              		.global	evtStart
  89              		.thumb
  90              		.thumb_func
  91              		.type	evtStart, %function
  92              	evtStart:
  93              	.LFB8:
  94              		.loc 1 43 0
  95              		.cfi_startproc
  96              		@ args = 0, pretend = 0, frame = 8
  97              		@ frame_needed = 0, uses_anonymous_args = 0
  98 0000 00B5     		push	{lr}
  99              	.LCFI2:
 100              		.cfi_def_cfa_offset 4
 101 0002 83B0     		sub	sp, sp, #12
 102              	.LCFI3:
 103              		.cfi_def_cfa_offset 16
 104 0004 0190     		str	r0, [sp, #4]
 105              	.LBB4:
 106              		.loc 1 45 0
 107 0006 4FF02003 		mov	r3, #32
 108              	@ 45 "../chibios_2.6.3/os/various/evtimer.c" 1
ARM GAS  C:\Users\z80\AppData\Local\Temp\cctvVWDA.s 			page 3


 109 000a 83F31188 		msr     BASEPRI, r3
 110              	@ 0 "" 2
 111              		.thumb
 112              	.LBE4:
 113              		.loc 1 47 0
 114 000e 019B     		ldr	r3, [sp, #4]
 115 0010 DB68     		ldr	r3, [r3, #12]
 116 0012 002B     		cmp	r3, #0
 117 0014 0BD1     		bne	.L3
 118              		.cfi_offset 14, -4
 119              		.loc 1 48 0
 120 0016 019A     		ldr	r2, [sp, #4]
 121 0018 019B     		ldr	r3, [sp, #4]
 122 001a 9B69     		ldr	r3, [r3, #24]
 123 001c 1046     		mov	r0, r2
 124 001e 1946     		mov	r1, r3
 125 0020 40F20002 		movw	r2, #:lower16:tmrcb
 126 0024 C0F20002 		movt	r2, #:upper16:tmrcb
 127 0028 019B     		ldr	r3, [sp, #4]
 128 002a FFF7FEFF 		bl	chVTSetI
 129              	.L3:
 130              	.LBB5:
 131              		.loc 1 50 0
 132 002e 4FF00003 		mov	r3, #0
 133              	@ 50 "../chibios_2.6.3/os/various/evtimer.c" 1
 134 0032 83F31188 		msr     BASEPRI, r3
 135              	@ 0 "" 2
 136              		.thumb
 137              	.LBE5:
 138              		.loc 1 51 0
 139 0036 03B0     		add	sp, sp, #12
 140 0038 00BD     		pop	{pc}
 141              		.cfi_endproc
 142              	.LFE8:
 143              		.size	evtStart, .-evtStart
 144 003a 00BFAFF3 		.section	.text.evtStop,"ax",%progbits
 144      0080
 145              		.align	2
 146              		.p2align 4,,15
 147              		.global	evtStop
 148              		.thumb
 149              		.thumb_func
 150              		.type	evtStop, %function
 151              	evtStop:
 152              	.LFB9:
 153              		.loc 1 59 0
 154              		.cfi_startproc
 155              		@ args = 0, pretend = 0, frame = 8
 156              		@ frame_needed = 0, uses_anonymous_args = 0
 157 0000 00B5     		push	{lr}
 158              	.LCFI4:
 159              		.cfi_def_cfa_offset 4
 160 0002 83B0     		sub	sp, sp, #12
 161              	.LCFI5:
 162              		.cfi_def_cfa_offset 16
 163 0004 0190     		str	r0, [sp, #4]
 164              	.LBB6:
ARM GAS  C:\Users\z80\AppData\Local\Temp\cctvVWDA.s 			page 4


 165              		.loc 1 61 0
 166 0006 4FF02003 		mov	r3, #32
 167              	@ 61 "../chibios_2.6.3/os/various/evtimer.c" 1
 168 000a 83F31188 		msr     BASEPRI, r3
 169              	@ 0 "" 2
 170              		.thumb
 171              	.LBE6:
 172 000e 019B     		ldr	r3, [sp, #4]
 173 0010 DB68     		ldr	r3, [r3, #12]
 174 0012 002B     		cmp	r3, #0
 175 0014 03D0     		beq	.L5
 176              		.cfi_offset 14, -4
 177              		.loc 1 61 0 is_stmt 0 discriminator 1
 178 0016 019B     		ldr	r3, [sp, #4]
 179 0018 1846     		mov	r0, r3
 180 001a FFF7FEFF 		bl	chVTResetI
 181              	.L5:
 182              	.LBB7:
 183              		.loc 1 61 0 discriminator 2
 184 001e 4FF00003 		mov	r3, #0
 185              	@ 61 "../chibios_2.6.3/os/various/evtimer.c" 1
 186 0022 83F31188 		msr     BASEPRI, r3
 187              	@ 0 "" 2
 188              		.thumb
 189              	.LBE7:
 190              		.loc 1 62 0 is_stmt 1 discriminator 2
 191 0026 03B0     		add	sp, sp, #12
 192 0028 00BD     		pop	{pc}
 193              		.cfi_endproc
 194              	.LFE9:
 195              		.size	evtStop, .-evtStop
 196 002a 00BFAFF3 		.text
 196      0080
 197              	.Letext0:
 198              		.section	.debug_loc,"",%progbits
 199              	.Ldebug_loc0:
 200              	.LLST0:
 201 0000 00000000 		.4byte	.LFB7
 202 0004 02000000 		.4byte	.LCFI0
 203 0008 0200     		.2byte	0x2
 204 000a 7D       		.byte	0x7d
 205 000b 00       		.sleb128 0
 206 000c 02000000 		.4byte	.LCFI0
 207 0010 04000000 		.4byte	.LCFI1
 208 0014 0200     		.2byte	0x2
 209 0016 7D       		.byte	0x7d
 210 0017 04       		.sleb128 4
 211 0018 04000000 		.4byte	.LCFI1
 212 001c 46000000 		.4byte	.LFE7
 213 0020 0200     		.2byte	0x2
 214 0022 7D       		.byte	0x7d
 215 0023 18       		.sleb128 24
 216 0024 00000000 		.4byte	0x0
 217 0028 00000000 		.4byte	0x0
 218              	.LLST1:
 219 002c 00000000 		.4byte	.LFB8
 220 0030 02000000 		.4byte	.LCFI2
ARM GAS  C:\Users\z80\AppData\Local\Temp\cctvVWDA.s 			page 5


 221 0034 0200     		.2byte	0x2
 222 0036 7D       		.byte	0x7d
 223 0037 00       		.sleb128 0
 224 0038 02000000 		.4byte	.LCFI2
 225 003c 04000000 		.4byte	.LCFI3
 226 0040 0200     		.2byte	0x2
 227 0042 7D       		.byte	0x7d
 228 0043 04       		.sleb128 4
 229 0044 04000000 		.4byte	.LCFI3
 230 0048 3A000000 		.4byte	.LFE8
 231 004c 0200     		.2byte	0x2
 232 004e 7D       		.byte	0x7d
 233 004f 10       		.sleb128 16
 234 0050 00000000 		.4byte	0x0
 235 0054 00000000 		.4byte	0x0
 236              	.LLST2:
 237 0058 00000000 		.4byte	.LFB9
 238 005c 02000000 		.4byte	.LCFI4
 239 0060 0200     		.2byte	0x2
 240 0062 7D       		.byte	0x7d
 241 0063 00       		.sleb128 0
 242 0064 02000000 		.4byte	.LCFI4
 243 0068 04000000 		.4byte	.LCFI5
 244 006c 0200     		.2byte	0x2
 245 006e 7D       		.byte	0x7d
 246 006f 04       		.sleb128 4
 247 0070 04000000 		.4byte	.LCFI5
 248 0074 2A000000 		.4byte	.LFE9
 249 0078 0200     		.2byte	0x2
 250 007a 7D       		.byte	0x7d
 251 007b 10       		.sleb128 16
 252 007c 00000000 		.4byte	0x0
 253 0080 00000000 		.4byte	0x0
 254              		.file 2 "c:/programs/yagarto/lib/gcc/../../arm-none-eabi/sys-include/stdint.h"
 255              		.file 3 "../chibios_2.6.3/os/ports/GCC/ARMCMx/chtypes.h"
 256              		.file 4 "../chibios_2.6.3/os/kernel/include/chlists.h"
 257              		.file 5 "../chibios_2.6.3/os/kernel/include/chthreads.h"
 258              		.file 6 "../chibios_2.6.3/os/ports/GCC/ARMCMx/chcore_v7m.h"
 259              		.file 7 "../chibios_2.6.3/os/kernel/include/chvt.h"
 260              		.file 8 "../chibios_2.6.3/os/kernel/include/chmtx.h"
 261              		.file 9 "../chibios_2.6.3/os/kernel/include/chevents.h"
 262              		.file 10 "../chibios_2.6.3/os/various/evtimer.h"
 263              		.section	.debug_info
 264 0000 30060000 		.4byte	0x630
 265 0004 0200     		.2byte	0x2
 266 0006 00000000 		.4byte	.Ldebug_abbrev0
 267 000a 04       		.byte	0x4
 268 000b 01       		.uleb128 0x1
 269 000c E0020000 		.4byte	.LASF74
 270 0010 01       		.byte	0x1
 271 0011 39020000 		.4byte	.LASF75
 272 0015 3F010000 		.4byte	.LASF76
 273 0019 00000000 		.4byte	0x0
 274 001d 00000000 		.4byte	0x0
 275 0021 00000000 		.4byte	.Ldebug_ranges0+0x0
 276 0025 00000000 		.4byte	.Ldebug_line0
 277 0029 02       		.uleb128 0x2
ARM GAS  C:\Users\z80\AppData\Local\Temp\cctvVWDA.s 			page 6


 278 002a 04       		.byte	0x4
 279 002b 05       		.byte	0x5
 280 002c 696E7400 		.ascii	"int\000"
 281 0030 03       		.uleb128 0x3
 282 0031 04       		.byte	0x4
 283 0032 07       		.byte	0x7
 284 0033 BC000000 		.4byte	.LASF0
 285 0037 03       		.uleb128 0x3
 286 0038 01       		.byte	0x1
 287 0039 06       		.byte	0x6
 288 003a 57000000 		.4byte	.LASF1
 289 003e 04       		.uleb128 0x4
 290 003f CA020000 		.4byte	.LASF5
 291 0043 02       		.byte	0x2
 292 0044 2A       		.byte	0x2a
 293 0045 49000000 		.4byte	0x49
 294 0049 03       		.uleb128 0x3
 295 004a 01       		.byte	0x1
 296 004b 08       		.byte	0x8
 297 004c BF010000 		.4byte	.LASF2
 298 0050 03       		.uleb128 0x3
 299 0051 02       		.byte	0x2
 300 0052 05       		.byte	0x5
 301 0053 EC010000 		.4byte	.LASF3
 302 0057 03       		.uleb128 0x3
 303 0058 02       		.byte	0x2
 304 0059 07       		.byte	0x7
 305 005a FE000000 		.4byte	.LASF4
 306 005e 04       		.uleb128 0x4
 307 005f B7010000 		.4byte	.LASF6
 308 0063 02       		.byte	0x2
 309 0064 4F       		.byte	0x4f
 310 0065 69000000 		.4byte	0x69
 311 0069 03       		.uleb128 0x3
 312 006a 04       		.byte	0x4
 313 006b 05       		.byte	0x5
 314 006c 85000000 		.4byte	.LASF7
 315 0070 04       		.uleb128 0x4
 316 0071 30020000 		.4byte	.LASF8
 317 0075 02       		.byte	0x2
 318 0076 50       		.byte	0x50
 319 0077 7B000000 		.4byte	0x7b
 320 007b 03       		.uleb128 0x3
 321 007c 04       		.byte	0x4
 322 007d 07       		.byte	0x7
 323 007e D1000000 		.4byte	.LASF9
 324 0082 03       		.uleb128 0x3
 325 0083 08       		.byte	0x8
 326 0084 05       		.byte	0x5
 327 0085 49000000 		.4byte	.LASF10
 328 0089 03       		.uleb128 0x3
 329 008a 08       		.byte	0x8
 330 008b 07       		.byte	0x7
 331 008c 19000000 		.4byte	.LASF11
 332 0090 03       		.uleb128 0x3
 333 0091 01       		.byte	0x1
 334 0092 02       		.byte	0x2
ARM GAS  C:\Users\z80\AppData\Local\Temp\cctvVWDA.s 			page 7


 335 0093 B1010000 		.4byte	.LASF12
 336 0097 04       		.uleb128 0x4
 337 0098 1F010000 		.4byte	.LASF13
 338 009c 03       		.byte	0x3
 339 009d 2C       		.byte	0x2c
 340 009e 3E000000 		.4byte	0x3e
 341 00a2 04       		.uleb128 0x4
 342 00a3 8E000000 		.4byte	.LASF14
 343 00a7 03       		.byte	0x3
 344 00a8 2D       		.byte	0x2d
 345 00a9 3E000000 		.4byte	0x3e
 346 00ad 04       		.uleb128 0x4
 347 00ae 9A010000 		.4byte	.LASF15
 348 00b2 03       		.byte	0x3
 349 00b3 2E       		.byte	0x2e
 350 00b4 3E000000 		.4byte	0x3e
 351 00b8 04       		.uleb128 0x4
 352 00b9 7B000000 		.4byte	.LASF16
 353 00bd 03       		.byte	0x3
 354 00be 2F       		.byte	0x2f
 355 00bf 3E000000 		.4byte	0x3e
 356 00c3 04       		.uleb128 0x4
 357 00c4 A9010000 		.4byte	.LASF17
 358 00c8 03       		.byte	0x3
 359 00c9 30       		.byte	0x30
 360 00ca 70000000 		.4byte	0x70
 361 00ce 04       		.uleb128 0x4
 362 00cf 11010000 		.4byte	.LASF18
 363 00d3 03       		.byte	0x3
 364 00d4 31       		.byte	0x31
 365 00d5 5E000000 		.4byte	0x5e
 366 00d9 04       		.uleb128 0x4
 367 00da 33010000 		.4byte	.LASF19
 368 00de 03       		.byte	0x3
 369 00df 33       		.byte	0x33
 370 00e0 70000000 		.4byte	0x70
 371 00e4 04       		.uleb128 0x4
 372 00e5 B7020000 		.4byte	.LASF20
 373 00e9 03       		.byte	0x3
 374 00ea 34       		.byte	0x34
 375 00eb 70000000 		.4byte	0x70
 376 00ef 04       		.uleb128 0x4
 377 00f0 71020000 		.4byte	.LASF21
 378 00f4 03       		.byte	0x3
 379 00f5 35       		.byte	0x35
 380 00f6 70000000 		.4byte	0x70
 381 00fa 04       		.uleb128 0x4
 382 00fb 1E020000 		.4byte	.LASF22
 383 00ff 04       		.byte	0x4
 384 0100 2A       		.byte	0x2a
 385 0101 05010000 		.4byte	0x105
 386 0105 05       		.uleb128 0x5
 387 0106 1E020000 		.4byte	.LASF22
 388 010a 48       		.byte	0x48
 389 010b 05       		.byte	0x5
 390 010c 5E       		.byte	0x5e
 391 010d 2A020000 		.4byte	0x22a
ARM GAS  C:\Users\z80\AppData\Local\Temp\cctvVWDA.s 			page 8


 392 0111 06       		.uleb128 0x6
 393 0112 0F020000 		.4byte	.LASF23
 394 0116 05       		.byte	0x5
 395 0117 5F       		.byte	0x5f
 396 0118 4F020000 		.4byte	0x24f
 397 011c 02       		.byte	0x2
 398 011d 23       		.byte	0x23
 399 011e 00       		.uleb128 0x0
 400 011f 06       		.uleb128 0x6
 401 0120 A2010000 		.4byte	.LASF24
 402 0124 05       		.byte	0x5
 403 0125 61       		.byte	0x61
 404 0126 4F020000 		.4byte	0x24f
 405 012a 02       		.byte	0x2
 406 012b 23       		.byte	0x23
 407 012c 04       		.uleb128 0x4
 408 012d 06       		.uleb128 0x6
 409 012e 42000000 		.4byte	.LASF25
 410 0132 05       		.byte	0x5
 411 0133 63       		.byte	0x63
 412 0134 C3000000 		.4byte	0xc3
 413 0138 02       		.byte	0x2
 414 0139 23       		.byte	0x23
 415 013a 08       		.uleb128 0x8
 416 013b 06       		.uleb128 0x6
 417 013c 10030000 		.4byte	.LASF26
 418 0140 05       		.byte	0x5
 419 0141 64       		.byte	0x64
 420 0142 1D030000 		.4byte	0x31d
 421 0146 02       		.byte	0x2
 422 0147 23       		.byte	0x23
 423 0148 0C       		.uleb128 0xc
 424 0149 06       		.uleb128 0x6
 425 014a 97000000 		.4byte	.LASF27
 426 014e 05       		.byte	0x5
 427 014f 66       		.byte	0x66
 428 0150 4F020000 		.4byte	0x24f
 429 0154 02       		.byte	0x2
 430 0155 23       		.byte	0x23
 431 0156 10       		.uleb128 0x10
 432 0157 06       		.uleb128 0x6
 433 0158 7D010000 		.4byte	.LASF28
 434 015c 05       		.byte	0x5
 435 015d 67       		.byte	0x67
 436 015e 4F020000 		.4byte	0x24f
 437 0162 02       		.byte	0x2
 438 0163 23       		.byte	0x23
 439 0164 14       		.uleb128 0x14
 440 0165 06       		.uleb128 0x6
 441 0166 F3020000 		.4byte	.LASF29
 442 016a 05       		.byte	0x5
 443 016b 6E       		.byte	0x6e
 444 016c C2040000 		.4byte	0x4c2
 445 0170 02       		.byte	0x2
 446 0171 23       		.byte	0x23
 447 0172 18       		.uleb128 0x18
 448 0173 06       		.uleb128 0x6
ARM GAS  C:\Users\z80\AppData\Local\Temp\cctvVWDA.s 			page 9


 449 0174 F6010000 		.4byte	.LASF30
 450 0178 05       		.byte	0x5
 451 0179 79       		.byte	0x79
 452 017a A2000000 		.4byte	0xa2
 453 017e 02       		.byte	0x2
 454 017f 23       		.byte	0x23
 455 0180 1C       		.uleb128 0x1c
 456 0181 06       		.uleb128 0x6
 457 0182 16020000 		.4byte	.LASF31
 458 0186 05       		.byte	0x5
 459 0187 7D       		.byte	0x7d
 460 0188 97000000 		.4byte	0x97
 461 018c 02       		.byte	0x2
 462 018d 23       		.byte	0x23
 463 018e 1D       		.uleb128 0x1d
 464 018f 06       		.uleb128 0x6
 465 0190 C3020000 		.4byte	.LASF32
 466 0194 05       		.byte	0x5
 467 0195 82       		.byte	0x82
 468 0196 AD000000 		.4byte	0xad
 469 019a 02       		.byte	0x2
 470 019b 23       		.byte	0x23
 471 019c 1E       		.uleb128 0x1e
 472 019d 06       		.uleb128 0x6
 473 019e FE010000 		.4byte	.LASF33
 474 01a2 05       		.byte	0x5
 475 01a3 88       		.byte	0x88
 476 01a4 B8000000 		.4byte	0xb8
 477 01a8 02       		.byte	0x2
 478 01a9 23       		.byte	0x23
 479 01aa 1F       		.uleb128 0x1f
 480 01ab 06       		.uleb128 0x6
 481 01ac 97020000 		.4byte	.LASF34
 482 01b0 05       		.byte	0x5
 483 01b1 8F       		.byte	0x8f
 484 01b2 C4030000 		.4byte	0x3c4
 485 01b6 02       		.byte	0x2
 486 01b7 23       		.byte	0x23
 487 01b8 20       		.uleb128 0x20
 488 01b9 07       		.uleb128 0x7
 489 01ba 705F7500 		.ascii	"p_u\000"
 490 01be 05       		.byte	0x5
 491 01bf B4       		.byte	0xb4
 492 01c0 8D040000 		.4byte	0x48d
 493 01c4 02       		.byte	0x2
 494 01c5 23       		.byte	0x23
 495 01c6 24       		.uleb128 0x24
 496 01c7 06       		.uleb128 0x6
 497 01c8 16030000 		.4byte	.LASF35
 498 01cc 05       		.byte	0x5
 499 01cd B9       		.byte	0xb9
 500 01ce 77020000 		.4byte	0x277
 501 01d2 02       		.byte	0x2
 502 01d3 23       		.byte	0x23
 503 01d4 28       		.uleb128 0x28
 504 01d5 06       		.uleb128 0x6
 505 01d6 A5020000 		.4byte	.LASF36
ARM GAS  C:\Users\z80\AppData\Local\Temp\cctvVWDA.s 			page 10


 506 01da 05       		.byte	0x5
 507 01db BF       		.byte	0xbf
 508 01dc 55020000 		.4byte	0x255
 509 01e0 02       		.byte	0x2
 510 01e1 23       		.byte	0x23
 511 01e2 2C       		.uleb128 0x2c
 512 01e3 06       		.uleb128 0x6
 513 01e4 0C000000 		.4byte	.LASF37
 514 01e8 05       		.byte	0x5
 515 01e9 C3       		.byte	0xc3
 516 01ea CE000000 		.4byte	0xce
 517 01ee 02       		.byte	0x2
 518 01ef 23       		.byte	0x23
 519 01f0 34       		.uleb128 0x34
 520 01f1 06       		.uleb128 0x6
 521 01f2 25020000 		.4byte	.LASF38
 522 01f6 05       		.byte	0x5
 523 01f7 C9       		.byte	0xc9
 524 01f8 D9000000 		.4byte	0xd9
 525 01fc 02       		.byte	0x2
 526 01fd 23       		.byte	0x23
 527 01fe 38       		.uleb128 0x38
 528 01ff 06       		.uleb128 0x6
 529 0200 E2010000 		.4byte	.LASF39
 530 0204 05       		.byte	0x5
 531 0205 D0       		.byte	0xd0
 532 0206 D4040000 		.4byte	0x4d4
 533 020a 02       		.byte	0x2
 534 020b 23       		.byte	0x23
 535 020c 3C       		.uleb128 0x3c
 536 020d 06       		.uleb128 0x6
 537 020e 7B020000 		.4byte	.LASF40
 538 0212 05       		.byte	0x5
 539 0213 D4       		.byte	0xd4
 540 0214 C3000000 		.4byte	0xc3
 541 0218 02       		.byte	0x2
 542 0219 23       		.byte	0x23
 543 021a 40       		.uleb128 0x40
 544 021b 06       		.uleb128 0x6
 545 021c 6B000000 		.4byte	.LASF41
 546 0220 05       		.byte	0x5
 547 0221 DA       		.byte	0xda
 548 0222 8D020000 		.4byte	0x28d
 549 0226 02       		.byte	0x2
 550 0227 23       		.byte	0x23
 551 0228 44       		.uleb128 0x44
 552 0229 00       		.byte	0x0
 553 022a 08       		.uleb128 0x8
 554 022b 08       		.byte	0x8
 555 022c 04       		.byte	0x4
 556 022d 61       		.byte	0x61
 557 022e 4F020000 		.4byte	0x24f
 558 0232 06       		.uleb128 0x6
 559 0233 0F020000 		.4byte	.LASF23
 560 0237 04       		.byte	0x4
 561 0238 62       		.byte	0x62
 562 0239 4F020000 		.4byte	0x24f
ARM GAS  C:\Users\z80\AppData\Local\Temp\cctvVWDA.s 			page 11


 563 023d 02       		.byte	0x2
 564 023e 23       		.byte	0x23
 565 023f 00       		.uleb128 0x0
 566 0240 06       		.uleb128 0x6
 567 0241 A2010000 		.4byte	.LASF24
 568 0245 04       		.byte	0x4
 569 0246 64       		.byte	0x64
 570 0247 4F020000 		.4byte	0x24f
 571 024b 02       		.byte	0x2
 572 024c 23       		.byte	0x23
 573 024d 04       		.uleb128 0x4
 574 024e 00       		.byte	0x0
 575 024f 09       		.uleb128 0x9
 576 0250 04       		.byte	0x4
 577 0251 FA000000 		.4byte	0xfa
 578 0255 04       		.uleb128 0x4
 579 0256 85010000 		.4byte	.LASF42
 580 025a 04       		.byte	0x4
 581 025b 66       		.byte	0x66
 582 025c 2A020000 		.4byte	0x22a
 583 0260 08       		.uleb128 0x8
 584 0261 04       		.byte	0x4
 585 0262 04       		.byte	0x4
 586 0263 6B       		.byte	0x6b
 587 0264 77020000 		.4byte	0x277
 588 0268 06       		.uleb128 0x6
 589 0269 0F020000 		.4byte	.LASF23
 590 026d 04       		.byte	0x4
 591 026e 6D       		.byte	0x6d
 592 026f 4F020000 		.4byte	0x24f
 593 0273 02       		.byte	0x2
 594 0274 23       		.byte	0x23
 595 0275 00       		.uleb128 0x0
 596 0276 00       		.byte	0x0
 597 0277 04       		.uleb128 0x4
 598 0278 27010000 		.4byte	.LASF43
 599 027c 04       		.byte	0x4
 600 027d 70       		.byte	0x70
 601 027e 60020000 		.4byte	0x260
 602 0282 04       		.uleb128 0x4
 603 0283 9F000000 		.4byte	.LASF44
 604 0287 06       		.byte	0x6
 605 0288 E5       		.byte	0xe5
 606 0289 8D020000 		.4byte	0x28d
 607 028d 0A       		.uleb128 0xa
 608 028e 04       		.byte	0x4
 609 028f 0B       		.uleb128 0xb
 610 0290 9E020000 		.4byte	.LASF45
 611 0294 24       		.byte	0x24
 612 0295 06       		.byte	0x6
 613 0296 0C01     		.2byte	0x10c
 614 0298 1D030000 		.4byte	0x31d
 615 029c 0C       		.uleb128 0xc
 616 029d 723400   		.ascii	"r4\000"
 617 02a0 06       		.byte	0x6
 618 02a1 1F01     		.2byte	0x11f
 619 02a3 82020000 		.4byte	0x282
ARM GAS  C:\Users\z80\AppData\Local\Temp\cctvVWDA.s 			page 12


 620 02a7 02       		.byte	0x2
 621 02a8 23       		.byte	0x23
 622 02a9 00       		.uleb128 0x0
 623 02aa 0C       		.uleb128 0xc
 624 02ab 723500   		.ascii	"r5\000"
 625 02ae 06       		.byte	0x6
 626 02af 2001     		.2byte	0x120
 627 02b1 82020000 		.4byte	0x282
 628 02b5 02       		.byte	0x2
 629 02b6 23       		.byte	0x23
 630 02b7 04       		.uleb128 0x4
 631 02b8 0C       		.uleb128 0xc
 632 02b9 723600   		.ascii	"r6\000"
 633 02bc 06       		.byte	0x6
 634 02bd 2101     		.2byte	0x121
 635 02bf 82020000 		.4byte	0x282
 636 02c3 02       		.byte	0x2
 637 02c4 23       		.byte	0x23
 638 02c5 08       		.uleb128 0x8
 639 02c6 0C       		.uleb128 0xc
 640 02c7 723700   		.ascii	"r7\000"
 641 02ca 06       		.byte	0x6
 642 02cb 2201     		.2byte	0x122
 643 02cd 82020000 		.4byte	0x282
 644 02d1 02       		.byte	0x2
 645 02d2 23       		.byte	0x23
 646 02d3 0C       		.uleb128 0xc
 647 02d4 0C       		.uleb128 0xc
 648 02d5 723800   		.ascii	"r8\000"
 649 02d8 06       		.byte	0x6
 650 02d9 2301     		.2byte	0x123
 651 02db 82020000 		.4byte	0x282
 652 02df 02       		.byte	0x2
 653 02e0 23       		.byte	0x23
 654 02e1 10       		.uleb128 0x10
 655 02e2 0C       		.uleb128 0xc
 656 02e3 723900   		.ascii	"r9\000"
 657 02e6 06       		.byte	0x6
 658 02e7 2401     		.2byte	0x124
 659 02e9 82020000 		.4byte	0x282
 660 02ed 02       		.byte	0x2
 661 02ee 23       		.byte	0x23
 662 02ef 14       		.uleb128 0x14
 663 02f0 0C       		.uleb128 0xc
 664 02f1 72313000 		.ascii	"r10\000"
 665 02f5 06       		.byte	0x6
 666 02f6 2501     		.2byte	0x125
 667 02f8 82020000 		.4byte	0x282
 668 02fc 02       		.byte	0x2
 669 02fd 23       		.byte	0x23
 670 02fe 18       		.uleb128 0x18
 671 02ff 0C       		.uleb128 0xc
 672 0300 72313100 		.ascii	"r11\000"
 673 0304 06       		.byte	0x6
 674 0305 2601     		.2byte	0x126
 675 0307 82020000 		.4byte	0x282
 676 030b 02       		.byte	0x2
ARM GAS  C:\Users\z80\AppData\Local\Temp\cctvVWDA.s 			page 13


 677 030c 23       		.byte	0x23
 678 030d 1C       		.uleb128 0x1c
 679 030e 0C       		.uleb128 0xc
 680 030f 6C7200   		.ascii	"lr\000"
 681 0312 06       		.byte	0x6
 682 0313 2701     		.2byte	0x127
 683 0315 82020000 		.4byte	0x282
 684 0319 02       		.byte	0x2
 685 031a 23       		.byte	0x23
 686 031b 20       		.uleb128 0x20
 687 031c 00       		.byte	0x0
 688 031d 0B       		.uleb128 0xb
 689 031e F6000000 		.4byte	.LASF46
 690 0322 04       		.byte	0x4
 691 0323 06       		.byte	0x6
 692 0324 3101     		.2byte	0x131
 693 0326 3A030000 		.4byte	0x33a
 694 032a 0C       		.uleb128 0xc
 695 032b 72313300 		.ascii	"r13\000"
 696 032f 06       		.byte	0x6
 697 0330 3201     		.2byte	0x132
 698 0332 3A030000 		.4byte	0x33a
 699 0336 02       		.byte	0x2
 700 0337 23       		.byte	0x23
 701 0338 00       		.uleb128 0x0
 702 0339 00       		.byte	0x0
 703 033a 09       		.uleb128 0x9
 704 033b 04       		.byte	0x4
 705 033c 8F020000 		.4byte	0x28f
 706 0340 0D       		.uleb128 0xd
 707 0341 04       		.byte	0x4
 708 0342 07       		.byte	0x7
 709 0343 04       		.uleb128 0x4
 710 0344 86020000 		.4byte	.LASF47
 711 0348 07       		.byte	0x7
 712 0349 58       		.byte	0x58
 713 034a 4E030000 		.4byte	0x34e
 714 034e 09       		.uleb128 0x9
 715 034f 04       		.byte	0x4
 716 0350 54030000 		.4byte	0x354
 717 0354 0E       		.uleb128 0xe
 718 0355 01       		.byte	0x1
 719 0356 60030000 		.4byte	0x360
 720 035a 0F       		.uleb128 0xf
 721 035b 8D020000 		.4byte	0x28d
 722 035f 00       		.byte	0x0
 723 0360 04       		.uleb128 0x4
 724 0361 E3000000 		.4byte	.LASF48
 725 0365 07       		.byte	0x7
 726 0366 5D       		.byte	0x5d
 727 0367 6B030000 		.4byte	0x36b
 728 036b 05       		.uleb128 0x5
 729 036c E3000000 		.4byte	.LASF48
 730 0370 14       		.byte	0x14
 731 0371 07       		.byte	0x7
 732 0372 64       		.byte	0x64
 733 0373 BE030000 		.4byte	0x3be
ARM GAS  C:\Users\z80\AppData\Local\Temp\cctvVWDA.s 			page 14


 734 0377 06       		.uleb128 0x6
 735 0378 C9000000 		.4byte	.LASF49
 736 037c 07       		.byte	0x7
 737 037d 65       		.byte	0x65
 738 037e BE030000 		.4byte	0x3be
 739 0382 02       		.byte	0x2
 740 0383 23       		.byte	0x23
 741 0384 00       		.uleb128 0x0
 742 0385 06       		.uleb128 0x6
 743 0386 A8000000 		.4byte	.LASF50
 744 038a 07       		.byte	0x7
 745 038b 67       		.byte	0x67
 746 038c BE030000 		.4byte	0x3be
 747 0390 02       		.byte	0x2
 748 0391 23       		.byte	0x23
 749 0392 04       		.uleb128 0x4
 750 0393 06       		.uleb128 0x6
 751 0394 67010000 		.4byte	.LASF51
 752 0398 07       		.byte	0x7
 753 0399 69       		.byte	0x69
 754 039a EF000000 		.4byte	0xef
 755 039e 02       		.byte	0x2
 756 039f 23       		.byte	0x23
 757 03a0 08       		.uleb128 0x8
 758 03a1 06       		.uleb128 0x6
 759 03a2 75010000 		.4byte	.LASF52
 760 03a6 07       		.byte	0x7
 761 03a7 6A       		.byte	0x6a
 762 03a8 43030000 		.4byte	0x343
 763 03ac 02       		.byte	0x2
 764 03ad 23       		.byte	0x23
 765 03ae 0C       		.uleb128 0xc
 766 03af 06       		.uleb128 0x6
 767 03b0 B0020000 		.4byte	.LASF53
 768 03b4 07       		.byte	0x7
 769 03b5 6C       		.byte	0x6c
 770 03b6 8D020000 		.4byte	0x28d
 771 03ba 02       		.byte	0x2
 772 03bb 23       		.byte	0x23
 773 03bc 10       		.uleb128 0x10
 774 03bd 00       		.byte	0x0
 775 03be 09       		.uleb128 0x9
 776 03bf 04       		.byte	0x4
 777 03c0 60030000 		.4byte	0x360
 778 03c4 10       		.uleb128 0x10
 779 03c5 EF000000 		.4byte	0xef
 780 03c9 05       		.uleb128 0x5
 781 03ca F0000000 		.4byte	.LASF54
 782 03ce 10       		.byte	0x10
 783 03cf 08       		.byte	0x8
 784 03d0 2C       		.byte	0x2c
 785 03d1 00040000 		.4byte	0x400
 786 03d5 06       		.uleb128 0x6
 787 03d6 73000000 		.4byte	.LASF55
 788 03da 08       		.byte	0x8
 789 03db 2D       		.byte	0x2d
 790 03dc 55020000 		.4byte	0x255
ARM GAS  C:\Users\z80\AppData\Local\Temp\cctvVWDA.s 			page 15


 791 03e0 02       		.byte	0x2
 792 03e1 23       		.byte	0x23
 793 03e2 00       		.uleb128 0x0
 794 03e3 06       		.uleb128 0x6
 795 03e4 08030000 		.4byte	.LASF56
 796 03e8 08       		.byte	0x8
 797 03e9 2F       		.byte	0x2f
 798 03ea 4F020000 		.4byte	0x24f
 799 03ee 02       		.byte	0x2
 800 03ef 23       		.byte	0x23
 801 03f0 08       		.uleb128 0x8
 802 03f1 06       		.uleb128 0x6
 803 03f2 6A020000 		.4byte	.LASF57
 804 03f6 08       		.byte	0x8
 805 03f7 31       		.byte	0x31
 806 03f8 00040000 		.4byte	0x400
 807 03fc 02       		.byte	0x2
 808 03fd 23       		.byte	0x23
 809 03fe 0C       		.uleb128 0xc
 810 03ff 00       		.byte	0x0
 811 0400 09       		.uleb128 0x9
 812 0401 04       		.byte	0x4
 813 0402 C9030000 		.4byte	0x3c9
 814 0406 04       		.uleb128 0x4
 815 0407 F0000000 		.4byte	.LASF54
 816 040b 08       		.byte	0x8
 817 040c 33       		.byte	0x33
 818 040d C9030000 		.4byte	0x3c9
 819 0411 04       		.uleb128 0x4
 820 0412 D2020000 		.4byte	.LASF58
 821 0416 09       		.byte	0x9
 822 0417 2C       		.byte	0x2c
 823 0418 1C040000 		.4byte	0x41c
 824 041c 05       		.uleb128 0x5
 825 041d D2020000 		.4byte	.LASF58
 826 0421 10       		.byte	0x10
 827 0422 09       		.byte	0x9
 828 0423 31       		.byte	0x31
 829 0424 61040000 		.4byte	0x461
 830 0428 06       		.uleb128 0x6
 831 0429 17010000 		.4byte	.LASF59
 832 042d 09       		.byte	0x9
 833 042e 32       		.byte	0x32
 834 042f 61040000 		.4byte	0x461
 835 0433 02       		.byte	0x2
 836 0434 23       		.byte	0x23
 837 0435 00       		.uleb128 0x0
 838 0436 06       		.uleb128 0x6
 839 0437 CD010000 		.4byte	.LASF60
 840 043b 09       		.byte	0x9
 841 043c 35       		.byte	0x35
 842 043d 4F020000 		.4byte	0x24f
 843 0441 02       		.byte	0x2
 844 0442 23       		.byte	0x23
 845 0443 04       		.uleb128 0x4
 846 0444 06       		.uleb128 0x6
 847 0445 92010000 		.4byte	.LASF61
ARM GAS  C:\Users\z80\AppData\Local\Temp\cctvVWDA.s 			page 16


 848 0449 09       		.byte	0x9
 849 044a 37       		.byte	0x37
 850 044b D9000000 		.4byte	0xd9
 851 044f 02       		.byte	0x2
 852 0450 23       		.byte	0x23
 853 0451 08       		.uleb128 0x8
 854 0452 06       		.uleb128 0x6
 855 0453 D9010000 		.4byte	.LASF62
 856 0457 09       		.byte	0x9
 857 0458 3A       		.byte	0x3a
 858 0459 E4000000 		.4byte	0xe4
 859 045d 02       		.byte	0x2
 860 045e 23       		.byte	0x23
 861 045f 0C       		.uleb128 0xc
 862 0460 00       		.byte	0x0
 863 0461 09       		.uleb128 0x9
 864 0462 04       		.byte	0x4
 865 0463 11040000 		.4byte	0x411
 866 0467 05       		.uleb128 0x5
 867 0468 B0000000 		.4byte	.LASF63
 868 046c 04       		.byte	0x4
 869 046d 09       		.byte	0x9
 870 046e 41       		.byte	0x41
 871 046f 82040000 		.4byte	0x482
 872 0473 06       		.uleb128 0x6
 873 0474 FA020000 		.4byte	.LASF64
 874 0478 09       		.byte	0x9
 875 0479 42       		.byte	0x42
 876 047a 61040000 		.4byte	0x461
 877 047e 02       		.byte	0x2
 878 047f 23       		.byte	0x23
 879 0480 00       		.uleb128 0x0
 880 0481 00       		.byte	0x0
 881 0482 04       		.uleb128 0x4
 882 0483 B0000000 		.4byte	.LASF63
 883 0487 09       		.byte	0x9
 884 0488 45       		.byte	0x45
 885 0489 67040000 		.4byte	0x467
 886 048d 11       		.uleb128 0x11
 887 048e 04       		.byte	0x4
 888 048f 05       		.byte	0x5
 889 0490 96       		.byte	0x96
 890 0491 C2040000 		.4byte	0x4c2
 891 0495 12       		.uleb128 0x12
 892 0496 12000000 		.4byte	.LASF65
 893 049a 05       		.byte	0x5
 894 049b 9D       		.byte	0x9d
 895 049c CE000000 		.4byte	0xce
 896 04a0 12       		.uleb128 0x12
 897 04a1 30000000 		.4byte	.LASF66
 898 04a5 05       		.byte	0x5
 899 04a6 A4       		.byte	0xa4
 900 04a7 CE000000 		.4byte	0xce
 901 04ab 12       		.uleb128 0x12
 902 04ac EC020000 		.4byte	.LASF67
 903 04b0 05       		.byte	0x5
 904 04b1 AB       		.byte	0xab
ARM GAS  C:\Users\z80\AppData\Local\Temp\cctvVWDA.s 			page 17


 905 04b2 8D020000 		.4byte	0x28d
 906 04b6 12       		.uleb128 0x12
 907 04b7 08020000 		.4byte	.LASF68
 908 04bb 05       		.byte	0x5
 909 04bc B2       		.byte	0xb2
 910 04bd D9000000 		.4byte	0xd9
 911 04c1 00       		.byte	0x0
 912 04c2 09       		.uleb128 0x9
 913 04c3 04       		.byte	0x4
 914 04c4 C8040000 		.4byte	0x4c8
 915 04c8 13       		.uleb128 0x13
 916 04c9 CD040000 		.4byte	0x4cd
 917 04cd 03       		.uleb128 0x3
 918 04ce 01       		.byte	0x1
 919 04cf 08       		.byte	0x8
 920 04d0 5F020000 		.4byte	.LASF69
 921 04d4 09       		.uleb128 0x9
 922 04d5 04       		.byte	0x4
 923 04d6 06040000 		.4byte	0x406
 924 04da 08       		.uleb128 0x8
 925 04db 1C       		.byte	0x1c
 926 04dc 0A       		.byte	0xa
 927 04dd 27       		.byte	0x27
 928 04de 0D050000 		.4byte	0x50d
 929 04e2 06       		.uleb128 0x6
 930 04e3 02030000 		.4byte	.LASF70
 931 04e7 0A       		.byte	0xa
 932 04e8 28       		.byte	0x28
 933 04e9 60030000 		.4byte	0x360
 934 04ed 02       		.byte	0x2
 935 04ee 23       		.byte	0x23
 936 04ef 00       		.uleb128 0x0
 937 04f0 06       		.uleb128 0x6
 938 04f1 6F010000 		.4byte	.LASF71
 939 04f5 0A       		.byte	0xa
 940 04f6 29       		.byte	0x29
 941 04f7 82040000 		.4byte	0x482
 942 04fb 02       		.byte	0x2
 943 04fc 23       		.byte	0x23
 944 04fd 14       		.uleb128 0x14
 945 04fe 06       		.uleb128 0x6
 946 04ff 00000000 		.4byte	.LASF72
 947 0503 0A       		.byte	0xa
 948 0504 2A       		.byte	0x2a
 949 0505 EF000000 		.4byte	0xef
 950 0509 02       		.byte	0x2
 951 050a 23       		.byte	0x23
 952 050b 18       		.uleb128 0x18
 953 050c 00       		.byte	0x0
 954 050d 04       		.uleb128 0x4
 955 050e 63000000 		.4byte	.LASF73
 956 0512 0A       		.byte	0xa
 957 0513 2B       		.byte	0x2b
 958 0514 DA040000 		.4byte	0x4da
 959 0518 14       		.uleb128 0x14
 960 0519 64020000 		.4byte	.LASF77
 961 051d 01       		.byte	0x1
ARM GAS  C:\Users\z80\AppData\Local\Temp\cctvVWDA.s 			page 18


 962 051e 1C       		.byte	0x1c
 963 051f 01       		.byte	0x1
 964 0520 00000000 		.4byte	.LFB7
 965 0524 46000000 		.4byte	.LFE7
 966 0528 00000000 		.4byte	.LLST0
 967 052c 7D050000 		.4byte	0x57d
 968 0530 15       		.uleb128 0x15
 969 0531 7000     		.ascii	"p\000"
 970 0533 01       		.byte	0x1
 971 0534 1C       		.byte	0x1c
 972 0535 8D020000 		.4byte	0x28d
 973 0539 02       		.byte	0x2
 974 053a 91       		.byte	0x91
 975 053b 6C       		.sleb128 -20
 976 053c 16       		.uleb128 0x16
 977 053d 65747000 		.ascii	"etp\000"
 978 0541 01       		.byte	0x1
 979 0542 1D       		.byte	0x1d
 980 0543 7D050000 		.4byte	0x57d
 981 0547 02       		.byte	0x2
 982 0548 91       		.byte	0x91
 983 0549 74       		.sleb128 -12
 984 054a 17       		.uleb128 0x17
 985 054b 0A000000 		.4byte	.LBB2
 986 054f 12000000 		.4byte	.LBE2
 987 0553 65050000 		.4byte	0x565
 988 0557 16       		.uleb128 0x16
 989 0558 746D7000 		.ascii	"tmp\000"
 990 055c 01       		.byte	0x1
 991 055d 1F       		.byte	0x1f
 992 055e 70000000 		.4byte	0x70
 993 0562 01       		.byte	0x1
 994 0563 53       		.byte	0x53
 995 0564 00       		.byte	0x0
 996 0565 18       		.uleb128 0x18
 997 0566 3A000000 		.4byte	.LBB3
 998 056a 42000000 		.4byte	.LBE3
 999 056e 16       		.uleb128 0x16
 1000 056f 746D7000 		.ascii	"tmp\000"
 1001 0573 01       		.byte	0x1
 1002 0574 22       		.byte	0x22
 1003 0575 70000000 		.4byte	0x70
 1004 0579 01       		.byte	0x1
 1005 057a 53       		.byte	0x53
 1006 057b 00       		.byte	0x0
 1007 057c 00       		.byte	0x0
 1008 057d 09       		.uleb128 0x9
 1009 057e 04       		.byte	0x4
 1010 057f 0D050000 		.4byte	0x50d
 1011 0583 19       		.uleb128 0x19
 1012 0584 01       		.byte	0x1
 1013 0585 39000000 		.4byte	.LASF78
 1014 0589 01       		.byte	0x1
 1015 058a 2B       		.byte	0x2b
 1016 058b 01       		.byte	0x1
 1017 058c 00000000 		.4byte	.LFB8
 1018 0590 3A000000 		.4byte	.LFE8
ARM GAS  C:\Users\z80\AppData\Local\Temp\cctvVWDA.s 			page 19


 1019 0594 2C000000 		.4byte	.LLST1
 1020 0598 DD050000 		.4byte	0x5dd
 1021 059c 15       		.uleb128 0x15
 1022 059d 65747000 		.ascii	"etp\000"
 1023 05a1 01       		.byte	0x1
 1024 05a2 2B       		.byte	0x2b
 1025 05a3 7D050000 		.4byte	0x57d
 1026 05a7 02       		.byte	0x2
 1027 05a8 91       		.byte	0x91
 1028 05a9 74       		.sleb128 -12
 1029 05aa 17       		.uleb128 0x17
 1030 05ab 06000000 		.4byte	.LBB4
 1031 05af 0E000000 		.4byte	.LBE4
 1032 05b3 C5050000 		.4byte	0x5c5
 1033 05b7 16       		.uleb128 0x16
 1034 05b8 746D7000 		.ascii	"tmp\000"
 1035 05bc 01       		.byte	0x1
 1036 05bd 2D       		.byte	0x2d
 1037 05be 70000000 		.4byte	0x70
 1038 05c2 01       		.byte	0x1
 1039 05c3 53       		.byte	0x53
 1040 05c4 00       		.byte	0x0
 1041 05c5 18       		.uleb128 0x18
 1042 05c6 2E000000 		.4byte	.LBB5
 1043 05ca 36000000 		.4byte	.LBE5
 1044 05ce 16       		.uleb128 0x16
 1045 05cf 746D7000 		.ascii	"tmp\000"
 1046 05d3 01       		.byte	0x1
 1047 05d4 32       		.byte	0x32
 1048 05d5 70000000 		.4byte	0x70
 1049 05d9 01       		.byte	0x1
 1050 05da 53       		.byte	0x53
 1051 05db 00       		.byte	0x0
 1052 05dc 00       		.byte	0x0
 1053 05dd 1A       		.uleb128 0x1a
 1054 05de 01       		.byte	0x1
 1055 05df 8F020000 		.4byte	.LASF79
 1056 05e3 01       		.byte	0x1
 1057 05e4 3B       		.byte	0x3b
 1058 05e5 01       		.byte	0x1
 1059 05e6 00000000 		.4byte	.LFB9
 1060 05ea 2A000000 		.4byte	.LFE9
 1061 05ee 58000000 		.4byte	.LLST2
 1062 05f2 15       		.uleb128 0x15
 1063 05f3 65747000 		.ascii	"etp\000"
 1064 05f7 01       		.byte	0x1
 1065 05f8 3B       		.byte	0x3b
 1066 05f9 7D050000 		.4byte	0x57d
 1067 05fd 02       		.byte	0x2
 1068 05fe 91       		.byte	0x91
 1069 05ff 74       		.sleb128 -12
 1070 0600 17       		.uleb128 0x17
 1071 0601 06000000 		.4byte	.LBB6
 1072 0605 0E000000 		.4byte	.LBE6
 1073 0609 1B060000 		.4byte	0x61b
 1074 060d 16       		.uleb128 0x16
 1075 060e 746D7000 		.ascii	"tmp\000"
ARM GAS  C:\Users\z80\AppData\Local\Temp\cctvVWDA.s 			page 20


 1076 0612 01       		.byte	0x1
 1077 0613 3D       		.byte	0x3d
 1078 0614 70000000 		.4byte	0x70
 1079 0618 01       		.byte	0x1
 1080 0619 53       		.byte	0x53
 1081 061a 00       		.byte	0x0
 1082 061b 18       		.uleb128 0x18
 1083 061c 1E000000 		.4byte	.LBB7
 1084 0620 26000000 		.4byte	.LBE7
 1085 0624 16       		.uleb128 0x16
 1086 0625 746D7000 		.ascii	"tmp\000"
 1087 0629 01       		.byte	0x1
 1088 062a 3D       		.byte	0x3d
 1089 062b 70000000 		.4byte	0x70
 1090 062f 01       		.byte	0x1
 1091 0630 53       		.byte	0x53
 1092 0631 00       		.byte	0x0
 1093 0632 00       		.byte	0x0
 1094 0633 00       		.byte	0x0
 1095              		.section	.debug_abbrev
 1096 0000 01       		.uleb128 0x1
 1097 0001 11       		.uleb128 0x11
 1098 0002 01       		.byte	0x1
 1099 0003 25       		.uleb128 0x25
 1100 0004 0E       		.uleb128 0xe
 1101 0005 13       		.uleb128 0x13
 1102 0006 0B       		.uleb128 0xb
 1103 0007 03       		.uleb128 0x3
 1104 0008 0E       		.uleb128 0xe
 1105 0009 1B       		.uleb128 0x1b
 1106 000a 0E       		.uleb128 0xe
 1107 000b 11       		.uleb128 0x11
 1108 000c 01       		.uleb128 0x1
 1109 000d 52       		.uleb128 0x52
 1110 000e 01       		.uleb128 0x1
 1111 000f 55       		.uleb128 0x55
 1112 0010 06       		.uleb128 0x6
 1113 0011 10       		.uleb128 0x10
 1114 0012 06       		.uleb128 0x6
 1115 0013 00       		.byte	0x0
 1116 0014 00       		.byte	0x0
 1117 0015 02       		.uleb128 0x2
 1118 0016 24       		.uleb128 0x24
 1119 0017 00       		.byte	0x0
 1120 0018 0B       		.uleb128 0xb
 1121 0019 0B       		.uleb128 0xb
 1122 001a 3E       		.uleb128 0x3e
 1123 001b 0B       		.uleb128 0xb
 1124 001c 03       		.uleb128 0x3
 1125 001d 08       		.uleb128 0x8
 1126 001e 00       		.byte	0x0
 1127 001f 00       		.byte	0x0
 1128 0020 03       		.uleb128 0x3
 1129 0021 24       		.uleb128 0x24
 1130 0022 00       		.byte	0x0
 1131 0023 0B       		.uleb128 0xb
 1132 0024 0B       		.uleb128 0xb
ARM GAS  C:\Users\z80\AppData\Local\Temp\cctvVWDA.s 			page 21


 1133 0025 3E       		.uleb128 0x3e
 1134 0026 0B       		.uleb128 0xb
 1135 0027 03       		.uleb128 0x3
 1136 0028 0E       		.uleb128 0xe
 1137 0029 00       		.byte	0x0
 1138 002a 00       		.byte	0x0
 1139 002b 04       		.uleb128 0x4
 1140 002c 16       		.uleb128 0x16
 1141 002d 00       		.byte	0x0
 1142 002e 03       		.uleb128 0x3
 1143 002f 0E       		.uleb128 0xe
 1144 0030 3A       		.uleb128 0x3a
 1145 0031 0B       		.uleb128 0xb
 1146 0032 3B       		.uleb128 0x3b
 1147 0033 0B       		.uleb128 0xb
 1148 0034 49       		.uleb128 0x49
 1149 0035 13       		.uleb128 0x13
 1150 0036 00       		.byte	0x0
 1151 0037 00       		.byte	0x0
 1152 0038 05       		.uleb128 0x5
 1153 0039 13       		.uleb128 0x13
 1154 003a 01       		.byte	0x1
 1155 003b 03       		.uleb128 0x3
 1156 003c 0E       		.uleb128 0xe
 1157 003d 0B       		.uleb128 0xb
 1158 003e 0B       		.uleb128 0xb
 1159 003f 3A       		.uleb128 0x3a
 1160 0040 0B       		.uleb128 0xb
 1161 0041 3B       		.uleb128 0x3b
 1162 0042 0B       		.uleb128 0xb
 1163 0043 01       		.uleb128 0x1
 1164 0044 13       		.uleb128 0x13
 1165 0045 00       		.byte	0x0
 1166 0046 00       		.byte	0x0
 1167 0047 06       		.uleb128 0x6
 1168 0048 0D       		.uleb128 0xd
 1169 0049 00       		.byte	0x0
 1170 004a 03       		.uleb128 0x3
 1171 004b 0E       		.uleb128 0xe
 1172 004c 3A       		.uleb128 0x3a
 1173 004d 0B       		.uleb128 0xb
 1174 004e 3B       		.uleb128 0x3b
 1175 004f 0B       		.uleb128 0xb
 1176 0050 49       		.uleb128 0x49
 1177 0051 13       		.uleb128 0x13
 1178 0052 38       		.uleb128 0x38
 1179 0053 0A       		.uleb128 0xa
 1180 0054 00       		.byte	0x0
 1181 0055 00       		.byte	0x0
 1182 0056 07       		.uleb128 0x7
 1183 0057 0D       		.uleb128 0xd
 1184 0058 00       		.byte	0x0
 1185 0059 03       		.uleb128 0x3
 1186 005a 08       		.uleb128 0x8
 1187 005b 3A       		.uleb128 0x3a
 1188 005c 0B       		.uleb128 0xb
 1189 005d 3B       		.uleb128 0x3b
ARM GAS  C:\Users\z80\AppData\Local\Temp\cctvVWDA.s 			page 22


 1190 005e 0B       		.uleb128 0xb
 1191 005f 49       		.uleb128 0x49
 1192 0060 13       		.uleb128 0x13
 1193 0061 38       		.uleb128 0x38
 1194 0062 0A       		.uleb128 0xa
 1195 0063 00       		.byte	0x0
 1196 0064 00       		.byte	0x0
 1197 0065 08       		.uleb128 0x8
 1198 0066 13       		.uleb128 0x13
 1199 0067 01       		.byte	0x1
 1200 0068 0B       		.uleb128 0xb
 1201 0069 0B       		.uleb128 0xb
 1202 006a 3A       		.uleb128 0x3a
 1203 006b 0B       		.uleb128 0xb
 1204 006c 3B       		.uleb128 0x3b
 1205 006d 0B       		.uleb128 0xb
 1206 006e 01       		.uleb128 0x1
 1207 006f 13       		.uleb128 0x13
 1208 0070 00       		.byte	0x0
 1209 0071 00       		.byte	0x0
 1210 0072 09       		.uleb128 0x9
 1211 0073 0F       		.uleb128 0xf
 1212 0074 00       		.byte	0x0
 1213 0075 0B       		.uleb128 0xb
 1214 0076 0B       		.uleb128 0xb
 1215 0077 49       		.uleb128 0x49
 1216 0078 13       		.uleb128 0x13
 1217 0079 00       		.byte	0x0
 1218 007a 00       		.byte	0x0
 1219 007b 0A       		.uleb128 0xa
 1220 007c 0F       		.uleb128 0xf
 1221 007d 00       		.byte	0x0
 1222 007e 0B       		.uleb128 0xb
 1223 007f 0B       		.uleb128 0xb
 1224 0080 00       		.byte	0x0
 1225 0081 00       		.byte	0x0
 1226 0082 0B       		.uleb128 0xb
 1227 0083 13       		.uleb128 0x13
 1228 0084 01       		.byte	0x1
 1229 0085 03       		.uleb128 0x3
 1230 0086 0E       		.uleb128 0xe
 1231 0087 0B       		.uleb128 0xb
 1232 0088 0B       		.uleb128 0xb
 1233 0089 3A       		.uleb128 0x3a
 1234 008a 0B       		.uleb128 0xb
 1235 008b 3B       		.uleb128 0x3b
 1236 008c 05       		.uleb128 0x5
 1237 008d 01       		.uleb128 0x1
 1238 008e 13       		.uleb128 0x13
 1239 008f 00       		.byte	0x0
 1240 0090 00       		.byte	0x0
 1241 0091 0C       		.uleb128 0xc
 1242 0092 0D       		.uleb128 0xd
 1243 0093 00       		.byte	0x0
 1244 0094 03       		.uleb128 0x3
 1245 0095 08       		.uleb128 0x8
 1246 0096 3A       		.uleb128 0x3a
ARM GAS  C:\Users\z80\AppData\Local\Temp\cctvVWDA.s 			page 23


 1247 0097 0B       		.uleb128 0xb
 1248 0098 3B       		.uleb128 0x3b
 1249 0099 05       		.uleb128 0x5
 1250 009a 49       		.uleb128 0x49
 1251 009b 13       		.uleb128 0x13
 1252 009c 38       		.uleb128 0x38
 1253 009d 0A       		.uleb128 0xa
 1254 009e 00       		.byte	0x0
 1255 009f 00       		.byte	0x0
 1256 00a0 0D       		.uleb128 0xd
 1257 00a1 24       		.uleb128 0x24
 1258 00a2 00       		.byte	0x0
 1259 00a3 0B       		.uleb128 0xb
 1260 00a4 0B       		.uleb128 0xb
 1261 00a5 3E       		.uleb128 0x3e
 1262 00a6 0B       		.uleb128 0xb
 1263 00a7 00       		.byte	0x0
 1264 00a8 00       		.byte	0x0
 1265 00a9 0E       		.uleb128 0xe
 1266 00aa 15       		.uleb128 0x15
 1267 00ab 01       		.byte	0x1
 1268 00ac 27       		.uleb128 0x27
 1269 00ad 0C       		.uleb128 0xc
 1270 00ae 01       		.uleb128 0x1
 1271 00af 13       		.uleb128 0x13
 1272 00b0 00       		.byte	0x0
 1273 00b1 00       		.byte	0x0
 1274 00b2 0F       		.uleb128 0xf
 1275 00b3 05       		.uleb128 0x5
 1276 00b4 00       		.byte	0x0
 1277 00b5 49       		.uleb128 0x49
 1278 00b6 13       		.uleb128 0x13
 1279 00b7 00       		.byte	0x0
 1280 00b8 00       		.byte	0x0
 1281 00b9 10       		.uleb128 0x10
 1282 00ba 35       		.uleb128 0x35
 1283 00bb 00       		.byte	0x0
 1284 00bc 49       		.uleb128 0x49
 1285 00bd 13       		.uleb128 0x13
 1286 00be 00       		.byte	0x0
 1287 00bf 00       		.byte	0x0
 1288 00c0 11       		.uleb128 0x11
 1289 00c1 17       		.uleb128 0x17
 1290 00c2 01       		.byte	0x1
 1291 00c3 0B       		.uleb128 0xb
 1292 00c4 0B       		.uleb128 0xb
 1293 00c5 3A       		.uleb128 0x3a
 1294 00c6 0B       		.uleb128 0xb
 1295 00c7 3B       		.uleb128 0x3b
 1296 00c8 0B       		.uleb128 0xb
 1297 00c9 01       		.uleb128 0x1
 1298 00ca 13       		.uleb128 0x13
 1299 00cb 00       		.byte	0x0
 1300 00cc 00       		.byte	0x0
 1301 00cd 12       		.uleb128 0x12
 1302 00ce 0D       		.uleb128 0xd
 1303 00cf 00       		.byte	0x0
ARM GAS  C:\Users\z80\AppData\Local\Temp\cctvVWDA.s 			page 24


 1304 00d0 03       		.uleb128 0x3
 1305 00d1 0E       		.uleb128 0xe
 1306 00d2 3A       		.uleb128 0x3a
 1307 00d3 0B       		.uleb128 0xb
 1308 00d4 3B       		.uleb128 0x3b
 1309 00d5 0B       		.uleb128 0xb
 1310 00d6 49       		.uleb128 0x49
 1311 00d7 13       		.uleb128 0x13
 1312 00d8 00       		.byte	0x0
 1313 00d9 00       		.byte	0x0
 1314 00da 13       		.uleb128 0x13
 1315 00db 26       		.uleb128 0x26
 1316 00dc 00       		.byte	0x0
 1317 00dd 49       		.uleb128 0x49
 1318 00de 13       		.uleb128 0x13
 1319 00df 00       		.byte	0x0
 1320 00e0 00       		.byte	0x0
 1321 00e1 14       		.uleb128 0x14
 1322 00e2 2E       		.uleb128 0x2e
 1323 00e3 01       		.byte	0x1
 1324 00e4 03       		.uleb128 0x3
 1325 00e5 0E       		.uleb128 0xe
 1326 00e6 3A       		.uleb128 0x3a
 1327 00e7 0B       		.uleb128 0xb
 1328 00e8 3B       		.uleb128 0x3b
 1329 00e9 0B       		.uleb128 0xb
 1330 00ea 27       		.uleb128 0x27
 1331 00eb 0C       		.uleb128 0xc
 1332 00ec 11       		.uleb128 0x11
 1333 00ed 01       		.uleb128 0x1
 1334 00ee 12       		.uleb128 0x12
 1335 00ef 01       		.uleb128 0x1
 1336 00f0 40       		.uleb128 0x40
 1337 00f1 06       		.uleb128 0x6
 1338 00f2 01       		.uleb128 0x1
 1339 00f3 13       		.uleb128 0x13
 1340 00f4 00       		.byte	0x0
 1341 00f5 00       		.byte	0x0
 1342 00f6 15       		.uleb128 0x15
 1343 00f7 05       		.uleb128 0x5
 1344 00f8 00       		.byte	0x0
 1345 00f9 03       		.uleb128 0x3
 1346 00fa 08       		.uleb128 0x8
 1347 00fb 3A       		.uleb128 0x3a
 1348 00fc 0B       		.uleb128 0xb
 1349 00fd 3B       		.uleb128 0x3b
 1350 00fe 0B       		.uleb128 0xb
 1351 00ff 49       		.uleb128 0x49
 1352 0100 13       		.uleb128 0x13
 1353 0101 02       		.uleb128 0x2
 1354 0102 0A       		.uleb128 0xa
 1355 0103 00       		.byte	0x0
 1356 0104 00       		.byte	0x0
 1357 0105 16       		.uleb128 0x16
 1358 0106 34       		.uleb128 0x34
 1359 0107 00       		.byte	0x0
 1360 0108 03       		.uleb128 0x3
ARM GAS  C:\Users\z80\AppData\Local\Temp\cctvVWDA.s 			page 25


 1361 0109 08       		.uleb128 0x8
 1362 010a 3A       		.uleb128 0x3a
 1363 010b 0B       		.uleb128 0xb
 1364 010c 3B       		.uleb128 0x3b
 1365 010d 0B       		.uleb128 0xb
 1366 010e 49       		.uleb128 0x49
 1367 010f 13       		.uleb128 0x13
 1368 0110 02       		.uleb128 0x2
 1369 0111 0A       		.uleb128 0xa
 1370 0112 00       		.byte	0x0
 1371 0113 00       		.byte	0x0
 1372 0114 17       		.uleb128 0x17
 1373 0115 0B       		.uleb128 0xb
 1374 0116 01       		.byte	0x1
 1375 0117 11       		.uleb128 0x11
 1376 0118 01       		.uleb128 0x1
 1377 0119 12       		.uleb128 0x12
 1378 011a 01       		.uleb128 0x1
 1379 011b 01       		.uleb128 0x1
 1380 011c 13       		.uleb128 0x13
 1381 011d 00       		.byte	0x0
 1382 011e 00       		.byte	0x0
 1383 011f 18       		.uleb128 0x18
 1384 0120 0B       		.uleb128 0xb
 1385 0121 01       		.byte	0x1
 1386 0122 11       		.uleb128 0x11
 1387 0123 01       		.uleb128 0x1
 1388 0124 12       		.uleb128 0x12
 1389 0125 01       		.uleb128 0x1
 1390 0126 00       		.byte	0x0
 1391 0127 00       		.byte	0x0
 1392 0128 19       		.uleb128 0x19
 1393 0129 2E       		.uleb128 0x2e
 1394 012a 01       		.byte	0x1
 1395 012b 3F       		.uleb128 0x3f
 1396 012c 0C       		.uleb128 0xc
 1397 012d 03       		.uleb128 0x3
 1398 012e 0E       		.uleb128 0xe
 1399 012f 3A       		.uleb128 0x3a
 1400 0130 0B       		.uleb128 0xb
 1401 0131 3B       		.uleb128 0x3b
 1402 0132 0B       		.uleb128 0xb
 1403 0133 27       		.uleb128 0x27
 1404 0134 0C       		.uleb128 0xc
 1405 0135 11       		.uleb128 0x11
 1406 0136 01       		.uleb128 0x1
 1407 0137 12       		.uleb128 0x12
 1408 0138 01       		.uleb128 0x1
 1409 0139 40       		.uleb128 0x40
 1410 013a 06       		.uleb128 0x6
 1411 013b 01       		.uleb128 0x1
 1412 013c 13       		.uleb128 0x13
 1413 013d 00       		.byte	0x0
 1414 013e 00       		.byte	0x0
 1415 013f 1A       		.uleb128 0x1a
 1416 0140 2E       		.uleb128 0x2e
 1417 0141 01       		.byte	0x1
ARM GAS  C:\Users\z80\AppData\Local\Temp\cctvVWDA.s 			page 26


 1418 0142 3F       		.uleb128 0x3f
 1419 0143 0C       		.uleb128 0xc
 1420 0144 03       		.uleb128 0x3
 1421 0145 0E       		.uleb128 0xe
 1422 0146 3A       		.uleb128 0x3a
 1423 0147 0B       		.uleb128 0xb
 1424 0148 3B       		.uleb128 0x3b
 1425 0149 0B       		.uleb128 0xb
 1426 014a 27       		.uleb128 0x27
 1427 014b 0C       		.uleb128 0xc
 1428 014c 11       		.uleb128 0x11
 1429 014d 01       		.uleb128 0x1
 1430 014e 12       		.uleb128 0x12
 1431 014f 01       		.uleb128 0x1
 1432 0150 40       		.uleb128 0x40
 1433 0151 06       		.uleb128 0x6
 1434 0152 00       		.byte	0x0
 1435 0153 00       		.byte	0x0
 1436 0154 00       		.byte	0x0
 1437              		.section	.debug_pubnames,"",%progbits
 1438 0000 27000000 		.4byte	0x27
 1439 0004 0200     		.2byte	0x2
 1440 0006 00000000 		.4byte	.Ldebug_info0
 1441 000a 34060000 		.4byte	0x634
 1442 000e 83050000 		.4byte	0x583
 1443 0012 65767453 		.ascii	"evtStart\000"
 1443      74617274 
 1443      00
 1444 001b DD050000 		.4byte	0x5dd
 1445 001f 65767453 		.ascii	"evtStop\000"
 1445      746F7000 
 1446 0027 00000000 		.4byte	0x0
 1447              		.section	.debug_pubtypes,"",%progbits
 1448 0000 98010000 		.4byte	0x198
 1449 0004 0200     		.2byte	0x2
 1450 0006 00000000 		.4byte	.Ldebug_info0
 1451 000a 34060000 		.4byte	0x634
 1452 000e 3E000000 		.4byte	0x3e
 1453 0012 75696E74 		.ascii	"uint8_t\000"
 1453      385F7400 
 1454 001a 5E000000 		.4byte	0x5e
 1455 001e 696E7433 		.ascii	"int32_t\000"
 1455      325F7400 
 1456 0026 70000000 		.4byte	0x70
 1457 002a 75696E74 		.ascii	"uint32_t\000"
 1457      33325F74 
 1457      00
 1458 0033 97000000 		.4byte	0x97
 1459 0037 746D6F64 		.ascii	"tmode_t\000"
 1459      655F7400 
 1460 003f A2000000 		.4byte	0xa2
 1461 0043 74737461 		.ascii	"tstate_t\000"
 1461      74655F74 
 1461      00
 1462 004c AD000000 		.4byte	0xad
 1463 0050 74726566 		.ascii	"trefs_t\000"
 1463      735F7400 
ARM GAS  C:\Users\z80\AppData\Local\Temp\cctvVWDA.s 			page 27


 1464 0058 B8000000 		.4byte	0xb8
 1465 005c 74736C69 		.ascii	"tslices_t\000"
 1465      6365735F 
 1465      7400
 1466 0066 C3000000 		.4byte	0xc3
 1467 006a 74707269 		.ascii	"tprio_t\000"
 1467      6F5F7400 
 1468 0072 CE000000 		.4byte	0xce
 1469 0076 6D73675F 		.ascii	"msg_t\000"
 1469      7400
 1470 007c D9000000 		.4byte	0xd9
 1471 0080 6576656E 		.ascii	"eventmask_t\000"
 1471      746D6173 
 1471      6B5F7400 
 1472 008c E4000000 		.4byte	0xe4
 1473 0090 666C6167 		.ascii	"flagsmask_t\000"
 1473      736D6173 
 1473      6B5F7400 
 1474 009c EF000000 		.4byte	0xef
 1475 00a0 73797374 		.ascii	"systime_t\000"
 1475      696D655F 
 1475      7400
 1476 00aa FA000000 		.4byte	0xfa
 1477 00ae 54687265 		.ascii	"Thread\000"
 1477      616400
 1478 00b5 55020000 		.4byte	0x255
 1479 00b9 54687265 		.ascii	"ThreadsQueue\000"
 1479      61647351 
 1479      75657565 
 1479      00
 1480 00c6 77020000 		.4byte	0x277
 1481 00ca 54687265 		.ascii	"ThreadsList\000"
 1481      6164734C 
 1481      69737400 
 1482 00d6 82020000 		.4byte	0x282
 1483 00da 72656761 		.ascii	"regarm_t\000"
 1483      726D5F74 
 1483      00
 1484 00e3 8F020000 		.4byte	0x28f
 1485 00e7 696E7463 		.ascii	"intctx\000"
 1485      747800
 1486 00ee 1D030000 		.4byte	0x31d
 1487 00f2 636F6E74 		.ascii	"context\000"
 1487      65787400 
 1488 00fa 43030000 		.4byte	0x343
 1489 00fe 76746675 		.ascii	"vtfunc_t\000"
 1489      6E635F74 
 1489      00
 1490 0107 60030000 		.4byte	0x360
 1491 010b 56697274 		.ascii	"VirtualTimer\000"
 1491      75616C54 
 1491      696D6572 
 1491      00
 1492 0118 6B030000 		.4byte	0x36b
 1493 011c 56697274 		.ascii	"VirtualTimer\000"
 1493      75616C54 
 1493      696D6572 
ARM GAS  C:\Users\z80\AppData\Local\Temp\cctvVWDA.s 			page 28


 1493      00
 1494 0129 C9030000 		.4byte	0x3c9
 1495 012d 4D757465 		.ascii	"Mutex\000"
 1495      7800
 1496 0133 06040000 		.4byte	0x406
 1497 0137 4D757465 		.ascii	"Mutex\000"
 1497      7800
 1498 013d 11040000 		.4byte	0x411
 1499 0141 4576656E 		.ascii	"EventListener\000"
 1499      744C6973 
 1499      74656E65 
 1499      7200
 1500 014f 1C040000 		.4byte	0x41c
 1501 0153 4576656E 		.ascii	"EventListener\000"
 1501      744C6973 
 1501      74656E65 
 1501      7200
 1502 0161 67040000 		.4byte	0x467
 1503 0165 4576656E 		.ascii	"EventSource\000"
 1503      74536F75 
 1503      72636500 
 1504 0171 82040000 		.4byte	0x482
 1505 0175 4576656E 		.ascii	"EventSource\000"
 1505      74536F75 
 1505      72636500 
 1506 0181 05010000 		.4byte	0x105
 1507 0185 54687265 		.ascii	"Thread\000"
 1507      616400
 1508 018c 0D050000 		.4byte	0x50d
 1509 0190 45765469 		.ascii	"EvTimer\000"
 1509      6D657200 
 1510 0198 00000000 		.4byte	0x0
 1511              		.section	.debug_aranges,"",%progbits
 1512 0000 2C000000 		.4byte	0x2c
 1513 0004 0200     		.2byte	0x2
 1514 0006 00000000 		.4byte	.Ldebug_info0
 1515 000a 04       		.byte	0x4
 1516 000b 00       		.byte	0x0
 1517 000c 0000     		.2byte	0x0
 1518 000e 0000     		.2byte	0x0
 1519 0010 00000000 		.4byte	.LFB7
 1520 0014 46000000 		.4byte	.LFE7-.LFB7
 1521 0018 00000000 		.4byte	.LFB8
 1522 001c 3A000000 		.4byte	.LFE8-.LFB8
 1523 0020 00000000 		.4byte	.LFB9
 1524 0024 2A000000 		.4byte	.LFE9-.LFB9
 1525 0028 00000000 		.4byte	0x0
 1526 002c 00000000 		.4byte	0x0
 1527              		.section	.debug_ranges,"",%progbits
 1528              	.Ldebug_ranges0:
 1529 0000 00000000 		.4byte	.LFB7
 1530 0004 46000000 		.4byte	.LFE7
 1531 0008 00000000 		.4byte	.LFB8
 1532 000c 3A000000 		.4byte	.LFE8
 1533 0010 00000000 		.4byte	.LFB9
 1534 0014 2A000000 		.4byte	.LFE9
 1535 0018 00000000 		.4byte	0x0
ARM GAS  C:\Users\z80\AppData\Local\Temp\cctvVWDA.s 			page 29


 1536 001c 00000000 		.4byte	0x0
 1537              		.section	.debug_str,"MS",%progbits,1
 1538              	.LASF72:
 1539 0000 65745F69 		.ascii	"et_interval\000"
 1539      6E746572 
 1539      76616C00 
 1540              	.LASF37:
 1541 000c 705F6D73 		.ascii	"p_msg\000"
 1541      6700
 1542              	.LASF65:
 1543 0012 7264796D 		.ascii	"rdymsg\000"
 1543      736700
 1544              	.LASF11:
 1545 0019 6C6F6E67 		.ascii	"long long unsigned int\000"
 1545      206C6F6E 
 1545      6720756E 
 1545      7369676E 
 1545      65642069 
 1546              	.LASF66:
 1547 0030 65786974 		.ascii	"exitcode\000"
 1547      636F6465 
 1547      00
 1548              	.LASF78:
 1549 0039 65767453 		.ascii	"evtStart\000"
 1549      74617274 
 1549      00
 1550              	.LASF25:
 1551 0042 705F7072 		.ascii	"p_prio\000"
 1551      696F00
 1552              	.LASF10:
 1553 0049 6C6F6E67 		.ascii	"long long int\000"
 1553      206C6F6E 
 1553      6720696E 
 1553      7400
 1554              	.LASF1:
 1555 0057 7369676E 		.ascii	"signed char\000"
 1555      65642063 
 1555      68617200 
 1556              	.LASF73:
 1557 0063 45765469 		.ascii	"EvTimer\000"
 1557      6D657200 
 1558              	.LASF41:
 1559 006b 705F6D70 		.ascii	"p_mpool\000"
 1559      6F6F6C00 
 1560              	.LASF55:
 1561 0073 6D5F7175 		.ascii	"m_queue\000"
 1561      65756500 
 1562              	.LASF16:
 1563 007b 74736C69 		.ascii	"tslices_t\000"
 1563      6365735F 
 1563      7400
 1564              	.LASF7:
 1565 0085 6C6F6E67 		.ascii	"long int\000"
 1565      20696E74 
 1565      00
 1566              	.LASF14:
 1567 008e 74737461 		.ascii	"tstate_t\000"
ARM GAS  C:\Users\z80\AppData\Local\Temp\cctvVWDA.s 			page 30


 1567      74655F74 
 1567      00
 1568              	.LASF27:
 1569 0097 705F6E65 		.ascii	"p_newer\000"
 1569      77657200 
 1570              	.LASF44:
 1571 009f 72656761 		.ascii	"regarm_t\000"
 1571      726D5F74 
 1571      00
 1572              	.LASF50:
 1573 00a8 76745F70 		.ascii	"vt_prev\000"
 1573      72657600 
 1574              	.LASF63:
 1575 00b0 4576656E 		.ascii	"EventSource\000"
 1575      74536F75 
 1575      72636500 
 1576              	.LASF0:
 1577 00bc 756E7369 		.ascii	"unsigned int\000"
 1577      676E6564 
 1577      20696E74 
 1577      00
 1578              	.LASF49:
 1579 00c9 76745F6E 		.ascii	"vt_next\000"
 1579      65787400 
 1580              	.LASF9:
 1581 00d1 6C6F6E67 		.ascii	"long unsigned int\000"
 1581      20756E73 
 1581      69676E65 
 1581      6420696E 
 1581      7400
 1582              	.LASF48:
 1583 00e3 56697274 		.ascii	"VirtualTimer\000"
 1583      75616C54 
 1583      696D6572 
 1583      00
 1584              	.LASF54:
 1585 00f0 4D757465 		.ascii	"Mutex\000"
 1585      7800
 1586              	.LASF46:
 1587 00f6 636F6E74 		.ascii	"context\000"
 1587      65787400 
 1588              	.LASF4:
 1589 00fe 73686F72 		.ascii	"short unsigned int\000"
 1589      7420756E 
 1589      7369676E 
 1589      65642069 
 1589      6E7400
 1590              	.LASF18:
 1591 0111 6D73675F 		.ascii	"msg_t\000"
 1591      7400
 1592              	.LASF59:
 1593 0117 656C5F6E 		.ascii	"el_next\000"
 1593      65787400 
 1594              	.LASF13:
 1595 011f 746D6F64 		.ascii	"tmode_t\000"
 1595      655F7400 
 1596              	.LASF43:
ARM GAS  C:\Users\z80\AppData\Local\Temp\cctvVWDA.s 			page 31


 1597 0127 54687265 		.ascii	"ThreadsList\000"
 1597      6164734C 
 1597      69737400 
 1598              	.LASF19:
 1599 0133 6576656E 		.ascii	"eventmask_t\000"
 1599      746D6173 
 1599      6B5F7400 
 1600              	.LASF76:
 1601 013f 433A5C70 		.ascii	"C:\\projects\\clock.git\\firmware\\firmware\000"
 1601      726F6A65 
 1601      6374735C 
 1601      636C6F63 
 1601      6B2E6769 
 1602              	.LASF51:
 1603 0167 76745F74 		.ascii	"vt_time\000"
 1603      696D6500 
 1604              	.LASF71:
 1605 016f 65745F65 		.ascii	"et_es\000"
 1605      7300
 1606              	.LASF52:
 1607 0175 76745F66 		.ascii	"vt_func\000"
 1607      756E6300 
 1608              	.LASF28:
 1609 017d 705F6F6C 		.ascii	"p_older\000"
 1609      64657200 
 1610              	.LASF42:
 1611 0185 54687265 		.ascii	"ThreadsQueue\000"
 1611      61647351 
 1611      75657565 
 1611      00
 1612              	.LASF61:
 1613 0192 656C5F6D 		.ascii	"el_mask\000"
 1613      61736B00 
 1614              	.LASF15:
 1615 019a 74726566 		.ascii	"trefs_t\000"
 1615      735F7400 
 1616              	.LASF24:
 1617 01a2 705F7072 		.ascii	"p_prev\000"
 1617      657600
 1618              	.LASF17:
 1619 01a9 74707269 		.ascii	"tprio_t\000"
 1619      6F5F7400 
 1620              	.LASF12:
 1621 01b1 5F426F6F 		.ascii	"_Bool\000"
 1621      6C00
 1622              	.LASF6:
 1623 01b7 696E7433 		.ascii	"int32_t\000"
 1623      325F7400 
 1624              	.LASF2:
 1625 01bf 756E7369 		.ascii	"unsigned char\000"
 1625      676E6564 
 1625      20636861 
 1625      7200
 1626              	.LASF60:
 1627 01cd 656C5F6C 		.ascii	"el_listener\000"
 1627      69737465 
 1627      6E657200 
ARM GAS  C:\Users\z80\AppData\Local\Temp\cctvVWDA.s 			page 32


 1628              	.LASF62:
 1629 01d9 656C5F66 		.ascii	"el_flags\000"
 1629      6C616773 
 1629      00
 1630              	.LASF39:
 1631 01e2 705F6D74 		.ascii	"p_mtxlist\000"
 1631      786C6973 
 1631      7400
 1632              	.LASF3:
 1633 01ec 73686F72 		.ascii	"short int\000"
 1633      7420696E 
 1633      7400
 1634              	.LASF30:
 1635 01f6 705F7374 		.ascii	"p_state\000"
 1635      61746500 
 1636              	.LASF33:
 1637 01fe 705F7072 		.ascii	"p_preempt\000"
 1637      65656D70 
 1637      7400
 1638              	.LASF68:
 1639 0208 65776D61 		.ascii	"ewmask\000"
 1639      736B00
 1640              	.LASF23:
 1641 020f 705F6E65 		.ascii	"p_next\000"
 1641      787400
 1642              	.LASF31:
 1643 0216 705F666C 		.ascii	"p_flags\000"
 1643      61677300 
 1644              	.LASF22:
 1645 021e 54687265 		.ascii	"Thread\000"
 1645      616400
 1646              	.LASF38:
 1647 0225 705F6570 		.ascii	"p_epending\000"
 1647      656E6469 
 1647      6E6700
 1648              	.LASF8:
 1649 0230 75696E74 		.ascii	"uint32_t\000"
 1649      33325F74 
 1649      00
 1650              	.LASF75:
 1651 0239 2E2E2F63 		.ascii	"../chibios_2.6.3/os/various/evtimer.c\000"
 1651      68696269 
 1651      6F735F32 
 1651      2E362E33 
 1651      2F6F732F 
 1652              	.LASF69:
 1653 025f 63686172 		.ascii	"char\000"
 1653      00
 1654              	.LASF77:
 1655 0264 746D7263 		.ascii	"tmrcb\000"
 1655      6200
 1656              	.LASF57:
 1657 026a 6D5F6E65 		.ascii	"m_next\000"
 1657      787400
 1658              	.LASF21:
 1659 0271 73797374 		.ascii	"systime_t\000"
 1659      696D655F 
ARM GAS  C:\Users\z80\AppData\Local\Temp\cctvVWDA.s 			page 33


 1659      7400
 1660              	.LASF40:
 1661 027b 705F7265 		.ascii	"p_realprio\000"
 1661      616C7072 
 1661      696F00
 1662              	.LASF47:
 1663 0286 76746675 		.ascii	"vtfunc_t\000"
 1663      6E635F74 
 1663      00
 1664              	.LASF79:
 1665 028f 65767453 		.ascii	"evtStop\000"
 1665      746F7000 
 1666              	.LASF34:
 1667 0297 705F7469 		.ascii	"p_time\000"
 1667      6D6500
 1668              	.LASF45:
 1669 029e 696E7463 		.ascii	"intctx\000"
 1669      747800
 1670              	.LASF36:
 1671 02a5 705F6D73 		.ascii	"p_msgqueue\000"
 1671      67717565 
 1671      756500
 1672              	.LASF53:
 1673 02b0 76745F70 		.ascii	"vt_par\000"
 1673      617200
 1674              	.LASF20:
 1675 02b7 666C6167 		.ascii	"flagsmask_t\000"
 1675      736D6173 
 1675      6B5F7400 
 1676              	.LASF32:
 1677 02c3 705F7265 		.ascii	"p_refs\000"
 1677      667300
 1678              	.LASF5:
 1679 02ca 75696E74 		.ascii	"uint8_t\000"
 1679      385F7400 
 1680              	.LASF58:
 1681 02d2 4576656E 		.ascii	"EventListener\000"
 1681      744C6973 
 1681      74656E65 
 1681      7200
 1682              	.LASF74:
 1683 02e0 474E5520 		.ascii	"GNU C 4.5.0\000"
 1683      4320342E 
 1683      352E3000 
 1684              	.LASF67:
 1685 02ec 77746F62 		.ascii	"wtobjp\000"
 1685      6A7000
 1686              	.LASF29:
 1687 02f3 705F6E61 		.ascii	"p_name\000"
 1687      6D6500
 1688              	.LASF64:
 1689 02fa 65735F6E 		.ascii	"es_next\000"
 1689      65787400 
 1690              	.LASF70:
 1691 0302 65745F76 		.ascii	"et_vt\000"
 1691      7400
 1692              	.LASF56:
ARM GAS  C:\Users\z80\AppData\Local\Temp\cctvVWDA.s 			page 34


 1693 0308 6D5F6F77 		.ascii	"m_owner\000"
 1693      6E657200 
 1694              	.LASF26:
 1695 0310 705F6374 		.ascii	"p_ctx\000"
 1695      7800
 1696              	.LASF35:
 1697 0316 705F7761 		.ascii	"p_waiting\000"
 1697      6974696E 
 1697      6700
 1698              		.ident	"GCC: (GNU) 4.5.0"
ARM GAS  C:\Users\z80\AppData\Local\Temp\cctvVWDA.s 			page 35


DEFINED SYMBOLS
                            *ABS*:00000000 evtimer.c
C:\Users\z80\AppData\Local\Temp\cctvVWDA.s:24     .text.tmrcb:00000000 $t
C:\Users\z80\AppData\Local\Temp\cctvVWDA.s:29     .text.tmrcb:00000000 tmrcb
C:\Users\z80\AppData\Local\Temp\cctvVWDA.s:86     .text.evtStart:00000000 $t
C:\Users\z80\AppData\Local\Temp\cctvVWDA.s:92     .text.evtStart:00000000 evtStart
C:\Users\z80\AppData\Local\Temp\cctvVWDA.s:145    .text.evtStop:00000000 $t
C:\Users\z80\AppData\Local\Temp\cctvVWDA.s:151    .text.evtStop:00000000 evtStop
                     .debug_frame:00000010 $d

UNDEFINED SYMBOLS
chEvtBroadcastFlagsI
chVTSetI
chVTResetI
