ARM GAS  C:\Users\z80\AppData\Local\Temp\cccoWKLy.s 			page 1


   1              		.syntax unified
   2              		.cpu cortex-m3
   3              		.fpu softvfp
   4              		.eabi_attribute 20, 1
   5              		.eabi_attribute 21, 1
   6              		.eabi_attribute 23, 3
   7              		.eabi_attribute 24, 1
   8              		.eabi_attribute 25, 1
   9              		.eabi_attribute 26, 1
  10              		.eabi_attribute 30, 6
  11              		.eabi_attribute 18, 4
  12              		.thumb
  13              		.file	"main.c"
  14              		.section	.debug_abbrev,"",%progbits
  15              	.Ldebug_abbrev0:
  16              		.section	.debug_info,"",%progbits
  17              	.Ldebug_info0:
  18              		.section	.debug_line,"",%progbits
  19              	.Ldebug_line0:
  20 0000 11010000 		.text
  20      0200DF00 
  20      00000201 
  20      FB0E0D00 
  20      01010101 
  21              	.Ltext0:
  22              		.cfi_sections	.debug_frame
  23              		.section	.rodata
  24              		.align	2
  25              	.LC0:
  26 0000 616E7468 		.ascii	"anthem01.raw\000"
  26      656D3031 
  26      2E726177 
  26      00
  27 000d 000000   		.align	2
  28              	.LC1:
  29 0010 616E7468 		.ascii	"anthem02.raw\000"
  29      656D3032 
  29      2E726177 
  29      00
  30 001d 000000   		.section	.text.main,"ax",%progbits
  31              		.align	2
  32              		.p2align 4,,15
  33              		.global	main
  34              		.thumb
  35              		.thumb_func
  36              		.type	main, %function
  37              	main:
  38              	.LFB63:
  39              		.file 1 "src/main.c"
  40              		.loc 1 32 0
  41              		.cfi_startproc
  42              		@ args = 0, pretend = 0, frame = 0
  43              		@ frame_needed = 0, uses_anonymous_args = 0
  44 0000 08B5     		push	{r3, lr}
  45              	.LCFI0:
  46              		.cfi_def_cfa_offset 8
  47              		.loc 1 40 0
ARM GAS  C:\Users\z80\AppData\Local\Temp\cccoWKLy.s 			page 2


  48              		.cfi_offset 14, -4
  49              		.cfi_offset 3, -8
  50 0002 FFF7FEFF 		bl	halInit
  51              		.loc 1 41 0
  52 0006 FFF7FEFF 		bl	chSysInit
  53              		.loc 1 49 0
  54 000a FFF7FEFF 		bl	playbackInit
  55              		.loc 1 50 0
  56 000e FFF7FEFF 		bl	initDisplay
  57              	.L2:
  58              		.loc 1 54 0 discriminator 1
  59 0012 40F20000 		movw	r0, #:lower16:.LC0
  60 0016 C0F20000 		movt	r0, #:upper16:.LC0
  61 001a FFF7FEFF 		bl	play
  62              		.loc 1 55 0 discriminator 1
  63 001e 4FF47A70 		mov	r0, #1000
  64 0022 FFF7FEFF 		bl	chThdSleep
  65              		.loc 1 56 0 discriminator 1
  66 0026 40F20000 		movw	r0, #:lower16:.LC1
  67 002a C0F20000 		movt	r0, #:upper16:.LC1
  68 002e FFF7FEFF 		bl	play
  69              		.loc 1 57 0 discriminator 1
  70 0032 4FF47A70 		mov	r0, #1000
  71 0036 FFF7FEFF 		bl	chThdSleep
  72              		.loc 1 58 0 discriminator 1
  73 003a EAE7     		b	.L2
  74              		.cfi_endproc
  75              	.LFE63:
  76              		.size	main, .-main
  77 003c AFF30080 		.text
  78              	.Letext0:
  79              		.section	.debug_loc,"",%progbits
  80              	.Ldebug_loc0:
  81              	.LLST0:
  82 0000 00000000 		.4byte	.LFB63
  83 0004 02000000 		.4byte	.LCFI0
  84 0008 0200     		.2byte	0x2
  85 000a 7D       		.byte	0x7d
  86 000b 00       		.sleb128 0
  87 000c 02000000 		.4byte	.LCFI0
  88 0010 3C000000 		.4byte	.LFE63
  89 0014 0200     		.2byte	0x2
  90 0016 7D       		.byte	0x7d
  91 0017 08       		.sleb128 8
  92 0018 00000000 		.4byte	0x0
  93 001c 00000000 		.4byte	0x0
  94              		.file 2 "c:/programs/yagarto/lib/gcc/../../arm-none-eabi/sys-include/stdint.h"
  95              		.file 3 "../chibios_2.6.3/os/ports/GCC/ARMCMx/chtypes.h"
  96              		.file 4 "../chibios_2.6.3/os/ports/common/ARMCMx/CMSIS/include/core_cm3.h"
  97              		.section	.debug_info
  98 0000 D8000000 		.4byte	0xd8
  99 0004 0200     		.2byte	0x2
 100 0006 00000000 		.4byte	.Ldebug_abbrev0
 101 000a 04       		.byte	0x4
 102 000b 01       		.uleb128 0x1
 103 000c EA000000 		.4byte	.LASF15
 104 0010 01       		.byte	0x1
ARM GAS  C:\Users\z80\AppData\Local\Temp\cccoWKLy.s 			page 3


 105 0011 7F000000 		.4byte	.LASF16
 106 0015 2E000000 		.4byte	.LASF17
 107 0019 00000000 		.4byte	0x0
 108 001d 00000000 		.4byte	0x0
 109 0021 00000000 		.4byte	.Ldebug_ranges0+0x0
 110 0025 00000000 		.4byte	.Ldebug_line0
 111 0029 02       		.uleb128 0x2
 112 002a 04       		.byte	0x4
 113 002b 05       		.byte	0x5
 114 002c 696E7400 		.ascii	"int\000"
 115 0030 03       		.uleb128 0x3
 116 0031 04       		.byte	0x4
 117 0032 07       		.byte	0x7
 118 0033 21000000 		.4byte	.LASF0
 119 0037 03       		.uleb128 0x3
 120 0038 01       		.byte	0x1
 121 0039 06       		.byte	0x6
 122 003a C2000000 		.4byte	.LASF1
 123 003e 03       		.uleb128 0x3
 124 003f 01       		.byte	0x1
 125 0040 08       		.byte	0x8
 126 0041 8A000000 		.4byte	.LASF2
 127 0045 03       		.uleb128 0x3
 128 0046 02       		.byte	0x2
 129 0047 05       		.byte	0x5
 130 0048 D8000000 		.4byte	.LASF3
 131 004c 03       		.uleb128 0x3
 132 004d 02       		.byte	0x2
 133 004e 07       		.byte	0x7
 134 004f 0E000000 		.4byte	.LASF4
 135 0053 04       		.uleb128 0x4
 136 0054 E2000000 		.4byte	.LASF6
 137 0058 02       		.byte	0x2
 138 0059 4F       		.byte	0x4f
 139 005a 5E000000 		.4byte	0x5e
 140 005e 03       		.uleb128 0x3
 141 005f 04       		.byte	0x4
 142 0060 05       		.byte	0x5
 143 0061 A6000000 		.4byte	.LASF5
 144 0065 04       		.uleb128 0x4
 145 0066 9D000000 		.4byte	.LASF7
 146 006a 02       		.byte	0x2
 147 006b 50       		.byte	0x50
 148 006c 70000000 		.4byte	0x70
 149 0070 03       		.uleb128 0x3
 150 0071 04       		.byte	0x4
 151 0072 07       		.byte	0x7
 152 0073 56000000 		.4byte	.LASF8
 153 0077 03       		.uleb128 0x3
 154 0078 08       		.byte	0x8
 155 0079 05       		.byte	0x5
 156 007a 00000000 		.4byte	.LASF9
 157 007e 03       		.uleb128 0x3
 158 007f 08       		.byte	0x8
 159 0080 07       		.byte	0x7
 160 0081 68000000 		.4byte	.LASF10
 161 0085 03       		.uleb128 0x3
ARM GAS  C:\Users\z80\AppData\Local\Temp\cccoWKLy.s 			page 4


 162 0086 01       		.byte	0x1
 163 0087 02       		.byte	0x2
 164 0088 AF000000 		.4byte	.LASF11
 165 008c 04       		.uleb128 0x4
 166 008d CE000000 		.4byte	.LASF12
 167 0091 03       		.byte	0x3
 168 0092 35       		.byte	0x35
 169 0093 65000000 		.4byte	0x65
 170 0097 05       		.uleb128 0x5
 171 0098 04       		.byte	0x4
 172 0099 07       		.byte	0x7
 173 009a 03       		.uleb128 0x3
 174 009b 01       		.byte	0x1
 175 009c 08       		.byte	0x8
 176 009d F6000000 		.4byte	.LASF13
 177 00a1 06       		.uleb128 0x6
 178 00a2 53000000 		.4byte	0x53
 179 00a6 07       		.uleb128 0x7
 180 00a7 01       		.byte	0x1
 181 00a8 98000000 		.4byte	.LASF18
 182 00ac 01       		.byte	0x1
 183 00ad 1F       		.byte	0x1f
 184 00ae 01       		.byte	0x1
 185 00af 29000000 		.4byte	0x29
 186 00b3 00000000 		.4byte	.LFB63
 187 00b7 3C000000 		.4byte	.LFE63
 188 00bb 00000000 		.4byte	.LLST0
 189 00bf 08       		.uleb128 0x8
 190 00c0 B5000000 		.4byte	.LASF14
 191 00c4 04       		.byte	0x4
 192 00c5 0706     		.2byte	0x607
 193 00c7 A1000000 		.4byte	0xa1
 194 00cb 01       		.byte	0x1
 195 00cc 01       		.byte	0x1
 196 00cd 08       		.uleb128 0x8
 197 00ce B5000000 		.4byte	.LASF14
 198 00d2 04       		.byte	0x4
 199 00d3 0706     		.2byte	0x607
 200 00d5 A1000000 		.4byte	0xa1
 201 00d9 01       		.byte	0x1
 202 00da 01       		.byte	0x1
 203 00db 00       		.byte	0x0
 204              		.section	.debug_abbrev
 205 0000 01       		.uleb128 0x1
 206 0001 11       		.uleb128 0x11
 207 0002 01       		.byte	0x1
 208 0003 25       		.uleb128 0x25
 209 0004 0E       		.uleb128 0xe
 210 0005 13       		.uleb128 0x13
 211 0006 0B       		.uleb128 0xb
 212 0007 03       		.uleb128 0x3
 213 0008 0E       		.uleb128 0xe
 214 0009 1B       		.uleb128 0x1b
 215 000a 0E       		.uleb128 0xe
 216 000b 11       		.uleb128 0x11
 217 000c 01       		.uleb128 0x1
 218 000d 52       		.uleb128 0x52
ARM GAS  C:\Users\z80\AppData\Local\Temp\cccoWKLy.s 			page 5


 219 000e 01       		.uleb128 0x1
 220 000f 55       		.uleb128 0x55
 221 0010 06       		.uleb128 0x6
 222 0011 10       		.uleb128 0x10
 223 0012 06       		.uleb128 0x6
 224 0013 00       		.byte	0x0
 225 0014 00       		.byte	0x0
 226 0015 02       		.uleb128 0x2
 227 0016 24       		.uleb128 0x24
 228 0017 00       		.byte	0x0
 229 0018 0B       		.uleb128 0xb
 230 0019 0B       		.uleb128 0xb
 231 001a 3E       		.uleb128 0x3e
 232 001b 0B       		.uleb128 0xb
 233 001c 03       		.uleb128 0x3
 234 001d 08       		.uleb128 0x8
 235 001e 00       		.byte	0x0
 236 001f 00       		.byte	0x0
 237 0020 03       		.uleb128 0x3
 238 0021 24       		.uleb128 0x24
 239 0022 00       		.byte	0x0
 240 0023 0B       		.uleb128 0xb
 241 0024 0B       		.uleb128 0xb
 242 0025 3E       		.uleb128 0x3e
 243 0026 0B       		.uleb128 0xb
 244 0027 03       		.uleb128 0x3
 245 0028 0E       		.uleb128 0xe
 246 0029 00       		.byte	0x0
 247 002a 00       		.byte	0x0
 248 002b 04       		.uleb128 0x4
 249 002c 16       		.uleb128 0x16
 250 002d 00       		.byte	0x0
 251 002e 03       		.uleb128 0x3
 252 002f 0E       		.uleb128 0xe
 253 0030 3A       		.uleb128 0x3a
 254 0031 0B       		.uleb128 0xb
 255 0032 3B       		.uleb128 0x3b
 256 0033 0B       		.uleb128 0xb
 257 0034 49       		.uleb128 0x49
 258 0035 13       		.uleb128 0x13
 259 0036 00       		.byte	0x0
 260 0037 00       		.byte	0x0
 261 0038 05       		.uleb128 0x5
 262 0039 24       		.uleb128 0x24
 263 003a 00       		.byte	0x0
 264 003b 0B       		.uleb128 0xb
 265 003c 0B       		.uleb128 0xb
 266 003d 3E       		.uleb128 0x3e
 267 003e 0B       		.uleb128 0xb
 268 003f 00       		.byte	0x0
 269 0040 00       		.byte	0x0
 270 0041 06       		.uleb128 0x6
 271 0042 35       		.uleb128 0x35
 272 0043 00       		.byte	0x0
 273 0044 49       		.uleb128 0x49
 274 0045 13       		.uleb128 0x13
 275 0046 00       		.byte	0x0
ARM GAS  C:\Users\z80\AppData\Local\Temp\cccoWKLy.s 			page 6


 276 0047 00       		.byte	0x0
 277 0048 07       		.uleb128 0x7
 278 0049 2E       		.uleb128 0x2e
 279 004a 00       		.byte	0x0
 280 004b 3F       		.uleb128 0x3f
 281 004c 0C       		.uleb128 0xc
 282 004d 03       		.uleb128 0x3
 283 004e 0E       		.uleb128 0xe
 284 004f 3A       		.uleb128 0x3a
 285 0050 0B       		.uleb128 0xb
 286 0051 3B       		.uleb128 0x3b
 287 0052 0B       		.uleb128 0xb
 288 0053 27       		.uleb128 0x27
 289 0054 0C       		.uleb128 0xc
 290 0055 49       		.uleb128 0x49
 291 0056 13       		.uleb128 0x13
 292 0057 11       		.uleb128 0x11
 293 0058 01       		.uleb128 0x1
 294 0059 12       		.uleb128 0x12
 295 005a 01       		.uleb128 0x1
 296 005b 40       		.uleb128 0x40
 297 005c 06       		.uleb128 0x6
 298 005d 00       		.byte	0x0
 299 005e 00       		.byte	0x0
 300 005f 08       		.uleb128 0x8
 301 0060 34       		.uleb128 0x34
 302 0061 00       		.byte	0x0
 303 0062 03       		.uleb128 0x3
 304 0063 0E       		.uleb128 0xe
 305 0064 3A       		.uleb128 0x3a
 306 0065 0B       		.uleb128 0xb
 307 0066 3B       		.uleb128 0x3b
 308 0067 05       		.uleb128 0x5
 309 0068 49       		.uleb128 0x49
 310 0069 13       		.uleb128 0x13
 311 006a 3F       		.uleb128 0x3f
 312 006b 0C       		.uleb128 0xc
 313 006c 3C       		.uleb128 0x3c
 314 006d 0C       		.uleb128 0xc
 315 006e 00       		.byte	0x0
 316 006f 00       		.byte	0x0
 317 0070 00       		.byte	0x0
 318              		.section	.debug_pubnames,"",%progbits
 319 0000 17000000 		.4byte	0x17
 320 0004 0200     		.2byte	0x2
 321 0006 00000000 		.4byte	.Ldebug_info0
 322 000a DC000000 		.4byte	0xdc
 323 000e A6000000 		.4byte	0xa6
 324 0012 6D61696E 		.ascii	"main\000"
 324      00
 325 0017 00000000 		.4byte	0x0
 326              		.section	.debug_pubtypes,"",%progbits
 327 0000 35000000 		.4byte	0x35
 328 0004 0200     		.2byte	0x2
 329 0006 00000000 		.4byte	.Ldebug_info0
 330 000a DC000000 		.4byte	0xdc
 331 000e 53000000 		.4byte	0x53
ARM GAS  C:\Users\z80\AppData\Local\Temp\cccoWKLy.s 			page 7


 332 0012 696E7433 		.ascii	"int32_t\000"
 332      325F7400 
 333 001a 65000000 		.4byte	0x65
 334 001e 75696E74 		.ascii	"uint32_t\000"
 334      33325F74 
 334      00
 335 0027 8C000000 		.4byte	0x8c
 336 002b 73797374 		.ascii	"systime_t\000"
 336      696D655F 
 336      7400
 337 0035 00000000 		.4byte	0x0
 338              		.section	.debug_aranges,"",%progbits
 339 0000 1C000000 		.4byte	0x1c
 340 0004 0200     		.2byte	0x2
 341 0006 00000000 		.4byte	.Ldebug_info0
 342 000a 04       		.byte	0x4
 343 000b 00       		.byte	0x0
 344 000c 0000     		.2byte	0x0
 345 000e 0000     		.2byte	0x0
 346 0010 00000000 		.4byte	.LFB63
 347 0014 3C000000 		.4byte	.LFE63-.LFB63
 348 0018 00000000 		.4byte	0x0
 349 001c 00000000 		.4byte	0x0
 350              		.section	.debug_ranges,"",%progbits
 351              	.Ldebug_ranges0:
 352 0000 00000000 		.4byte	.LFB63
 353 0004 3C000000 		.4byte	.LFE63
 354 0008 00000000 		.4byte	0x0
 355 000c 00000000 		.4byte	0x0
 356              		.section	.debug_str,"MS",%progbits,1
 357              	.LASF9:
 358 0000 6C6F6E67 		.ascii	"long long int\000"
 358      206C6F6E 
 358      6720696E 
 358      7400
 359              	.LASF4:
 360 000e 73686F72 		.ascii	"short unsigned int\000"
 360      7420756E 
 360      7369676E 
 360      65642069 
 360      6E7400
 361              	.LASF0:
 362 0021 756E7369 		.ascii	"unsigned int\000"
 362      676E6564 
 362      20696E74 
 362      00
 363              	.LASF17:
 364 002e 433A5C70 		.ascii	"C:\\projects\\clock.git\\firmware\\firmware\000"
 364      726F6A65 
 364      6374735C 
 364      636C6F63 
 364      6B2E6769 
 365              	.LASF8:
 366 0056 6C6F6E67 		.ascii	"long unsigned int\000"
 366      20756E73 
 366      69676E65 
 366      6420696E 
ARM GAS  C:\Users\z80\AppData\Local\Temp\cccoWKLy.s 			page 8


 366      7400
 367              	.LASF10:
 368 0068 6C6F6E67 		.ascii	"long long unsigned int\000"
 368      206C6F6E 
 368      6720756E 
 368      7369676E 
 368      65642069 
 369              	.LASF16:
 370 007f 7372632F 		.ascii	"src/main.c\000"
 370      6D61696E 
 370      2E6300
 371              	.LASF2:
 372 008a 756E7369 		.ascii	"unsigned char\000"
 372      676E6564 
 372      20636861 
 372      7200
 373              	.LASF18:
 374 0098 6D61696E 		.ascii	"main\000"
 374      00
 375              	.LASF7:
 376 009d 75696E74 		.ascii	"uint32_t\000"
 376      33325F74 
 376      00
 377              	.LASF5:
 378 00a6 6C6F6E67 		.ascii	"long int\000"
 378      20696E74 
 378      00
 379              	.LASF11:
 380 00af 5F426F6F 		.ascii	"_Bool\000"
 380      6C00
 381              	.LASF14:
 382 00b5 49544D5F 		.ascii	"ITM_RxBuffer\000"
 382      52784275 
 382      66666572 
 382      00
 383              	.LASF1:
 384 00c2 7369676E 		.ascii	"signed char\000"
 384      65642063 
 384      68617200 
 385              	.LASF12:
 386 00ce 73797374 		.ascii	"systime_t\000"
 386      696D655F 
 386      7400
 387              	.LASF3:
 388 00d8 73686F72 		.ascii	"short int\000"
 388      7420696E 
 388      7400
 389              	.LASF6:
 390 00e2 696E7433 		.ascii	"int32_t\000"
 390      325F7400 
 391              	.LASF15:
 392 00ea 474E5520 		.ascii	"GNU C 4.5.0\000"
 392      4320342E 
 392      352E3000 
 393              	.LASF13:
 394 00f6 63686172 		.ascii	"char\000"
 394      00
ARM GAS  C:\Users\z80\AppData\Local\Temp\cccoWKLy.s 			page 9


 395              		.ident	"GCC: (GNU) 4.5.0"
ARM GAS  C:\Users\z80\AppData\Local\Temp\cccoWKLy.s 			page 10


DEFINED SYMBOLS
                            *ABS*:00000000 main.c
C:\Users\z80\AppData\Local\Temp\cccoWKLy.s:24     .rodata:00000000 $d
C:\Users\z80\AppData\Local\Temp\cccoWKLy.s:25     .rodata:00000000 .LC0
C:\Users\z80\AppData\Local\Temp\cccoWKLy.s:28     .rodata:00000010 .LC1
C:\Users\z80\AppData\Local\Temp\cccoWKLy.s:31     .text.main:00000000 $t
C:\Users\z80\AppData\Local\Temp\cccoWKLy.s:37     .text.main:00000000 main
                     .debug_frame:00000010 $d

UNDEFINED SYMBOLS
halInit
chSysInit
playbackInit
initDisplay
play
chThdSleep
