ARM GAS  C:\Users\z80\AppData\Local\Temp\ccxEOsyX.s 			page 1


   1              		.syntax unified
   2              		.cpu cortex-m3
   3              		.fpu softvfp
   4              		.eabi_attribute 20, 1
   5              		.eabi_attribute 21, 1
   6              		.eabi_attribute 23, 3
   7              		.eabi_attribute 24, 1
   8              		.eabi_attribute 25, 1
   9              		.eabi_attribute 26, 1
  10              		.eabi_attribute 30, 6
  11              		.eabi_attribute 18, 4
  12              		.thumb
  13              		.file	"misc.c"
  14              		.section	.debug_abbrev,"",%progbits
  15              	.Ldebug_abbrev0:
  16              		.section	.debug_info,"",%progbits
  17              	.Ldebug_info0:
  18              		.section	.debug_line,"",%progbits
  19              	.Ldebug_line0:
  20 0000 32020000 		.text
  20      0200F800 
  20      00000201 
  20      FB0E0D00 
  20      01010101 
  21              	.Ltext0:
  22              		.cfi_sections	.debug_frame
  23              		.section	.text.NVIC_PriorityGroupConfig,"ax",%progbits
  24              		.align	2
  25              		.p2align 4,,15
  26              		.global	NVIC_PriorityGroupConfig
  27              		.thumb
  28              		.thumb_func
  29              		.type	NVIC_PriorityGroupConfig, %function
  30              	NVIC_PriorityGroupConfig:
  31              	.LFB56:
  32              		.file 1 "stdperiph/misc.c"
  33              		.loc 1 97 0
  34              		.cfi_startproc
  35              		@ args = 0, pretend = 0, frame = 8
  36              		@ frame_needed = 0, uses_anonymous_args = 0
  37 0000 00B5     		push	{lr}
  38              	.LCFI0:
  39              		.cfi_def_cfa_offset 4
  40 0002 83B0     		sub	sp, sp, #12
  41              	.LCFI1:
  42              		.cfi_def_cfa_offset 16
  43 0004 0190     		str	r0, [sp, #4]
  44              		.loc 1 99 0
  45 0006 019B     		ldr	r3, [sp, #4]
  46 0008 B3F5E06F 		cmp	r3, #1792
  47 000c 0FD0     		beq	.L2
  48              		.cfi_offset 14, -4
  49              		.loc 1 99 0 is_stmt 0 discriminator 2
  50 000e 019B     		ldr	r3, [sp, #4]
  51 0010 B3F5C06F 		cmp	r3, #1536
  52 0014 0BD0     		beq	.L2
  53              		.loc 1 99 0 discriminator 1
ARM GAS  C:\Users\z80\AppData\Local\Temp\ccxEOsyX.s 			page 2


  54 0016 019B     		ldr	r3, [sp, #4]
  55 0018 B3F5A06F 		cmp	r3, #1280
  56 001c 07D0     		beq	.L2
  57              		.loc 1 99 0 discriminator 2
  58 001e 019B     		ldr	r3, [sp, #4]
  59 0020 B3F5806F 		cmp	r3, #1024
  60 0024 03D0     		beq	.L2
  61              		.loc 1 99 0 discriminator 3
  62 0026 019B     		ldr	r3, [sp, #4]
  63 0028 B3F5407F 		cmp	r3, #768
  64 002c 02D1     		bne	.L3
  65              	.L2:
  66              		.loc 1 99 0 discriminator 1
  67 002e 4FF00103 		mov	r3, #1
  68 0032 01E0     		b	.L4
  69              	.L3:
  70              		.loc 1 99 0 discriminator 3
  71 0034 4FF00003 		mov	r3, #0
  72              	.L4:
  73              		.loc 1 99 0 discriminator 4
  74 0038 1846     		mov	r0, r3
  75 003a FFF7FEFF 		bl	assert_param
  76              		.loc 1 102 0 is_stmt 1 discriminator 4
  77 003e 4FF46D43 		mov	r3, #60672
  78 0042 CEF20003 		movt	r3, 57344
  79 0046 019A     		ldr	r2, [sp, #4]
  80 0048 42F0BE62 		orr	r2, r2, #99614720
  81 004c 42F42022 		orr	r2, r2, #655360
  82 0050 DA60     		str	r2, [r3, #12]
  83              		.loc 1 103 0 discriminator 4
  84 0052 03B0     		add	sp, sp, #12
  85 0054 00BD     		pop	{pc}
  86              		.cfi_endproc
  87              	.LFE56:
  88              		.size	NVIC_PriorityGroupConfig, .-NVIC_PriorityGroupConfig
  89 0056 00BFAFF3 		.section	.text.NVIC_Init,"ax",%progbits
  89      0080AFF3 
  89      0080
  90              		.align	2
  91              		.p2align 4,,15
  92              		.global	NVIC_Init
  93              		.thumb
  94              		.thumb_func
  95              		.type	NVIC_Init, %function
  96              	NVIC_Init:
  97              	.LFB57:
  98              		.loc 1 113 0
  99              		.cfi_startproc
 100              		@ args = 0, pretend = 0, frame = 24
 101              		@ frame_needed = 0, uses_anonymous_args = 0
 102 0000 00B5     		push	{lr}
 103              	.LCFI2:
 104              		.cfi_def_cfa_offset 4
 105 0002 87B0     		sub	sp, sp, #28
 106              	.LCFI3:
 107              		.cfi_def_cfa_offset 32
 108 0004 0190     		str	r0, [sp, #4]
ARM GAS  C:\Users\z80\AppData\Local\Temp\ccxEOsyX.s 			page 3


 109              		.loc 1 114 0
 110 0006 4FF00003 		mov	r3, #0
 111 000a 0593     		str	r3, [sp, #20]
 112 000c 4FF00003 		mov	r3, #0
 113 0010 0493     		str	r3, [sp, #16]
 114 0012 4FF00F03 		mov	r3, #15
 115 0016 0393     		str	r3, [sp, #12]
 116              		.loc 1 117 0
 117 0018 019B     		ldr	r3, [sp, #4]
 118 001a DB78     		ldrb	r3, [r3, #3]	@ zero_extendqisi2
 119 001c 002B     		cmp	r3, #0
 120 001e 03D0     		beq	.L6
 121              		.cfi_offset 14, -4
 122              		.loc 1 117 0 is_stmt 0 discriminator 2
 123 0020 019B     		ldr	r3, [sp, #4]
 124 0022 DB78     		ldrb	r3, [r3, #3]	@ zero_extendqisi2
 125 0024 012B     		cmp	r3, #1
 126 0026 02D1     		bne	.L7
 127              	.L6:
 128              		.loc 1 117 0 discriminator 1
 129 0028 4FF00103 		mov	r3, #1
 130 002c 01E0     		b	.L8
 131              	.L7:
 132              		.loc 1 117 0 discriminator 3
 133 002e 4FF00003 		mov	r3, #0
 134              	.L8:
 135              		.loc 1 117 0 discriminator 4
 136 0032 1846     		mov	r0, r3
 137 0034 FFF7FEFF 		bl	assert_param
 138              		.loc 1 118 0 is_stmt 1 discriminator 4
 139 0038 019B     		ldr	r3, [sp, #4]
 140 003a 5B78     		ldrb	r3, [r3, #1]	@ zero_extendqisi2
 141 003c 0F2B     		cmp	r3, #15
 142 003e 8CBF     		ite	hi
 143 0040 0023     		movhi	r3, #0
 144 0042 0123     		movls	r3, #1
 145 0044 1846     		mov	r0, r3
 146 0046 FFF7FEFF 		bl	assert_param
 147              		.loc 1 119 0 discriminator 4
 148 004a 019B     		ldr	r3, [sp, #4]
 149 004c 9B78     		ldrb	r3, [r3, #2]	@ zero_extendqisi2
 150 004e 0F2B     		cmp	r3, #15
 151 0050 8CBF     		ite	hi
 152 0052 0023     		movhi	r3, #0
 153 0054 0123     		movls	r3, #1
 154 0056 1846     		mov	r0, r3
 155 0058 FFF7FEFF 		bl	assert_param
 156              		.loc 1 121 0 discriminator 4
 157 005c 019B     		ldr	r3, [sp, #4]
 158 005e DB78     		ldrb	r3, [r3, #3]	@ zero_extendqisi2
 159 0060 002B     		cmp	r3, #0
 160 0062 49D0     		beq	.L9
 161              		.loc 1 124 0
 162 0064 4FF46D43 		mov	r3, #60672
 163 0068 CEF20003 		movt	r3, 57344
 164 006c DB68     		ldr	r3, [r3, #12]
 165 006e 6FEA0303 		mvn	r3, r3
ARM GAS  C:\Users\z80\AppData\Local\Temp\ccxEOsyX.s 			page 4


 166 0072 03F4E063 		and	r3, r3, #1792
 167 0076 4FEA1323 		lsr	r3, r3, #8
 168 007a 0593     		str	r3, [sp, #20]
 169              		.loc 1 125 0
 170 007c 059B     		ldr	r3, [sp, #20]
 171 007e C3F10403 		rsb	r3, r3, #4
 172 0082 0493     		str	r3, [sp, #16]
 173              		.loc 1 126 0
 174 0084 059B     		ldr	r3, [sp, #20]
 175 0086 039A     		ldr	r2, [sp, #12]
 176 0088 22FA03F3 		lsr	r3, r2, r3
 177 008c 0393     		str	r3, [sp, #12]
 178              		.loc 1 128 0
 179 008e 019B     		ldr	r3, [sp, #4]
 180 0090 5B78     		ldrb	r3, [r3, #1]	@ zero_extendqisi2
 181 0092 1A46     		mov	r2, r3
 182 0094 049B     		ldr	r3, [sp, #16]
 183 0096 02FA03F3 		lsl	r3, r2, r3
 184 009a 0593     		str	r3, [sp, #20]
 185              		.loc 1 129 0
 186 009c 019B     		ldr	r3, [sp, #4]
 187 009e 9B78     		ldrb	r3, [r3, #2]	@ zero_extendqisi2
 188 00a0 1A46     		mov	r2, r3
 189 00a2 039B     		ldr	r3, [sp, #12]
 190 00a4 02EA0303 		and	r3, r2, r3
 191 00a8 059A     		ldr	r2, [sp, #20]
 192 00aa 42EA0303 		orr	r3, r2, r3
 193 00ae 0593     		str	r3, [sp, #20]
 194              		.loc 1 130 0
 195 00b0 059B     		ldr	r3, [sp, #20]
 196 00b2 4FEA0313 		lsl	r3, r3, #4
 197 00b6 0593     		str	r3, [sp, #20]
 198              		.loc 1 132 0
 199 00b8 4FF46143 		mov	r3, #57600
 200 00bc CEF20003 		movt	r3, 57344
 201 00c0 019A     		ldr	r2, [sp, #4]
 202 00c2 1278     		ldrb	r2, [r2, #0]	@ zero_extendqisi2
 203 00c4 1146     		mov	r1, r2
 204 00c6 059A     		ldr	r2, [sp, #20]
 205 00c8 D2B2     		uxtb	r2, r2
 206 00ca 0B44     		add	r3, r3, r1
 207 00cc 83F80023 		strb	r2, [r3, #768]
 208              		.loc 1 135 0
 209 00d0 4FF46143 		mov	r3, #57600
 210 00d4 CEF20003 		movt	r3, 57344
 211 00d8 019A     		ldr	r2, [sp, #4]
 212 00da 1278     		ldrb	r2, [r2, #0]	@ zero_extendqisi2
 213 00dc 4FEA5212 		lsr	r2, r2, #5
 214 00e0 D2B2     		uxtb	r2, r2
 215              		.loc 1 136 0
 216 00e2 0199     		ldr	r1, [sp, #4]
 217 00e4 0978     		ldrb	r1, [r1, #0]	@ zero_extendqisi2
 218 00e6 01F01F01 		and	r1, r1, #31
 219 00ea 4FF00100 		mov	r0, #1
 220 00ee 00FA01F1 		lsl	r1, r0, r1
 221              		.loc 1 135 0
 222 00f2 43F82210 		str	r1, [r3, r2, lsl #2]
ARM GAS  C:\Users\z80\AppData\Local\Temp\ccxEOsyX.s 			page 5


 223 00f6 14E0     		b	.L5
 224              	.L9:
 225              		.loc 1 141 0
 226 00f8 4FF46143 		mov	r3, #57600
 227 00fc CEF20003 		movt	r3, 57344
 228 0100 019A     		ldr	r2, [sp, #4]
 229 0102 1278     		ldrb	r2, [r2, #0]	@ zero_extendqisi2
 230 0104 4FEA5212 		lsr	r2, r2, #5
 231 0108 D2B2     		uxtb	r2, r2
 232              		.loc 1 142 0
 233 010a 0199     		ldr	r1, [sp, #4]
 234 010c 0978     		ldrb	r1, [r1, #0]	@ zero_extendqisi2
 235 010e 01F01F01 		and	r1, r1, #31
 236 0112 4FF00100 		mov	r0, #1
 237 0116 00FA01F1 		lsl	r1, r0, r1
 238              		.loc 1 141 0
 239 011a 02F12002 		add	r2, r2, #32
 240 011e 43F82210 		str	r1, [r3, r2, lsl #2]
 241              	.L5:
 242              		.loc 1 144 0
 243 0122 07B0     		add	sp, sp, #28
 244 0124 00BD     		pop	{pc}
 245              		.cfi_endproc
 246              	.LFE57:
 247              		.size	NVIC_Init, .-NVIC_Init
 248 0126 00BFAFF3 		.section	.text.NVIC_SetVectorTable,"ax",%progbits
 248      0080AFF3 
 248      0080
 249              		.align	2
 250              		.p2align 4,,15
 251              		.global	NVIC_SetVectorTable
 252              		.thumb
 253              		.thumb_func
 254              		.type	NVIC_SetVectorTable, %function
 255              	NVIC_SetVectorTable:
 256              	.LFB58:
 257              		.loc 1 157 0
 258              		.cfi_startproc
 259              		@ args = 0, pretend = 0, frame = 8
 260              		@ frame_needed = 0, uses_anonymous_args = 0
 261 0000 00B5     		push	{lr}
 262              	.LCFI4:
 263              		.cfi_def_cfa_offset 4
 264 0002 83B0     		sub	sp, sp, #12
 265              	.LCFI5:
 266              		.cfi_def_cfa_offset 16
 267 0004 0190     		str	r0, [sp, #4]
 268 0006 0091     		str	r1, [sp, #0]
 269              		.loc 1 159 0
 270 0008 019B     		ldr	r3, [sp, #4]
 271 000a B3F1005F 		cmp	r3, #536870912
 272 000e 03D0     		beq	.L12
 273              		.cfi_offset 14, -4
 274              		.loc 1 159 0 is_stmt 0 discriminator 2
 275 0010 019B     		ldr	r3, [sp, #4]
 276 0012 B3F1006F 		cmp	r3, #134217728
 277 0016 02D1     		bne	.L13
ARM GAS  C:\Users\z80\AppData\Local\Temp\ccxEOsyX.s 			page 6


 278              	.L12:
 279              		.loc 1 159 0 discriminator 1
 280 0018 4FF00103 		mov	r3, #1
 281 001c 01E0     		b	.L14
 282              	.L13:
 283              		.loc 1 159 0 discriminator 3
 284 001e 4FF00003 		mov	r3, #0
 285              	.L14:
 286              		.loc 1 159 0 discriminator 4
 287 0022 1846     		mov	r0, r3
 288 0024 FFF7FEFF 		bl	assert_param
 289              		.loc 1 160 0 is_stmt 1 discriminator 4
 290 0028 009A     		ldr	r2, [sp, #0]
 291 002a 4FF6FE73 		movw	r3, #65534
 292 002e C0F20F03 		movt	r3, 15
 293 0032 9A42     		cmp	r2, r3
 294 0034 8CBF     		ite	hi
 295 0036 0023     		movhi	r3, #0
 296 0038 0123     		movls	r3, #1
 297 003a 1846     		mov	r0, r3
 298 003c FFF7FEFF 		bl	assert_param
 299              		.loc 1 162 0 discriminator 4
 300 0040 4FF46D43 		mov	r3, #60672
 301 0044 CEF20003 		movt	r3, 57344
 302 0048 009A     		ldr	r2, [sp, #0]
 303 004a 22F06042 		bic	r2, r2, #-536870912
 304 004e 22F07F02 		bic	r2, r2, #127
 305 0052 0199     		ldr	r1, [sp, #4]
 306 0054 42EA0102 		orr	r2, r2, r1
 307 0058 9A60     		str	r2, [r3, #8]
 308              		.loc 1 163 0 discriminator 4
 309 005a 03B0     		add	sp, sp, #12
 310 005c 00BD     		pop	{pc}
 311              		.cfi_endproc
 312              	.LFE58:
 313              		.size	NVIC_SetVectorTable, .-NVIC_SetVectorTable
 314 005e 00BF     		.section	.text.NVIC_SystemLPConfig,"ax",%progbits
 315              		.align	2
 316              		.p2align 4,,15
 317              		.global	NVIC_SystemLPConfig
 318              		.thumb
 319              		.thumb_func
 320              		.type	NVIC_SystemLPConfig, %function
 321              	NVIC_SystemLPConfig:
 322              	.LFB59:
 323              		.loc 1 176 0
 324              		.cfi_startproc
 325              		@ args = 0, pretend = 0, frame = 8
 326              		@ frame_needed = 0, uses_anonymous_args = 0
 327 0000 00B5     		push	{lr}
 328              	.LCFI6:
 329              		.cfi_def_cfa_offset 4
 330 0002 83B0     		sub	sp, sp, #12
 331              	.LCFI7:
 332              		.cfi_def_cfa_offset 16
 333 0004 0246     		mov	r2, r0
 334 0006 0B46     		mov	r3, r1
ARM GAS  C:\Users\z80\AppData\Local\Temp\ccxEOsyX.s 			page 7


 335 0008 8DF80720 		strb	r2, [sp, #7]
 336 000c 8DF80630 		strb	r3, [sp, #6]
 337              		.loc 1 178 0
 338 0010 9DF80730 		ldrb	r3, [sp, #7]	@ zero_extendqisi2
 339 0014 102B     		cmp	r3, #16
 340 0016 07D0     		beq	.L16
 341              		.cfi_offset 14, -4
 342              		.loc 1 178 0 is_stmt 0 discriminator 2
 343 0018 9DF80730 		ldrb	r3, [sp, #7]	@ zero_extendqisi2
 344 001c 042B     		cmp	r3, #4
 345 001e 03D0     		beq	.L16
 346              		.loc 1 178 0 discriminator 1
 347 0020 9DF80730 		ldrb	r3, [sp, #7]	@ zero_extendqisi2
 348 0024 022B     		cmp	r3, #2
 349 0026 02D1     		bne	.L17
 350              	.L16:
 351 0028 4FF00103 		mov	r3, #1
 352 002c 01E0     		b	.L18
 353              	.L17:
 354              		.loc 1 178 0 discriminator 3
 355 002e 4FF00003 		mov	r3, #0
 356              	.L18:
 357              		.loc 1 178 0 discriminator 4
 358 0032 1846     		mov	r0, r3
 359 0034 FFF7FEFF 		bl	assert_param
 360              		.loc 1 179 0 is_stmt 1 discriminator 4
 361 0038 9DF80630 		ldrb	r3, [sp, #6]	@ zero_extendqisi2
 362 003c 002B     		cmp	r3, #0
 363 003e 03D0     		beq	.L19
 364              		.loc 1 179 0 is_stmt 0 discriminator 2
 365 0040 9DF80630 		ldrb	r3, [sp, #6]	@ zero_extendqisi2
 366 0044 012B     		cmp	r3, #1
 367 0046 02D1     		bne	.L20
 368              	.L19:
 369              		.loc 1 179 0 discriminator 1
 370 0048 4FF00103 		mov	r3, #1
 371 004c 01E0     		b	.L21
 372              	.L20:
 373              		.loc 1 179 0 discriminator 3
 374 004e 4FF00003 		mov	r3, #0
 375              	.L21:
 376              		.loc 1 179 0 discriminator 4
 377 0052 1846     		mov	r0, r3
 378 0054 FFF7FEFF 		bl	assert_param
 379              		.loc 1 181 0 is_stmt 1 discriminator 4
 380 0058 9DF80630 		ldrb	r3, [sp, #6]	@ zero_extendqisi2
 381 005c 002B     		cmp	r3, #0
 382 005e 0ED0     		beq	.L22
 383              		.loc 1 183 0
 384 0060 4FF46D43 		mov	r3, #60672
 385 0064 CEF20003 		movt	r3, 57344
 386 0068 4FF46D42 		mov	r2, #60672
 387 006c CEF20002 		movt	r2, 57344
 388 0070 1169     		ldr	r1, [r2, #16]
 389 0072 9DF80720 		ldrb	r2, [sp, #7]	@ zero_extendqisi2
 390 0076 41EA0202 		orr	r2, r1, r2
 391 007a 1A61     		str	r2, [r3, #16]
ARM GAS  C:\Users\z80\AppData\Local\Temp\ccxEOsyX.s 			page 8


 392 007c 0FE0     		b	.L15
 393              	.L22:
 394              		.loc 1 187 0
 395 007e 4FF46D43 		mov	r3, #60672
 396 0082 CEF20003 		movt	r3, 57344
 397 0086 4FF46D42 		mov	r2, #60672
 398 008a CEF20002 		movt	r2, 57344
 399 008e 1169     		ldr	r1, [r2, #16]
 400 0090 9DF80720 		ldrb	r2, [sp, #7]	@ zero_extendqisi2
 401 0094 6FEA0202 		mvn	r2, r2
 402 0098 01EA0202 		and	r2, r1, r2
 403 009c 1A61     		str	r2, [r3, #16]
 404              	.L15:
 405              		.loc 1 189 0
 406 009e 03B0     		add	sp, sp, #12
 407 00a0 00BD     		pop	{pc}
 408              		.cfi_endproc
 409              	.LFE59:
 410              		.size	NVIC_SystemLPConfig, .-NVIC_SystemLPConfig
 411 00a2 00BFAFF3 		.section	.text.SysTick_CLKSourceConfig,"ax",%progbits
 411      0080AFF3 
 411      0080AFF3 
 411      0080
 412              		.align	2
 413              		.p2align 4,,15
 414              		.global	SysTick_CLKSourceConfig
 415              		.thumb
 416              		.thumb_func
 417              		.type	SysTick_CLKSourceConfig, %function
 418              	SysTick_CLKSourceConfig:
 419              	.LFB60:
 420              		.loc 1 200 0
 421              		.cfi_startproc
 422              		@ args = 0, pretend = 0, frame = 8
 423              		@ frame_needed = 0, uses_anonymous_args = 0
 424 0000 00B5     		push	{lr}
 425              	.LCFI8:
 426              		.cfi_def_cfa_offset 4
 427 0002 83B0     		sub	sp, sp, #12
 428              	.LCFI9:
 429              		.cfi_def_cfa_offset 16
 430 0004 0190     		str	r0, [sp, #4]
 431              		.loc 1 202 0
 432 0006 019B     		ldr	r3, [sp, #4]
 433 0008 042B     		cmp	r3, #4
 434 000a 03D0     		beq	.L25
 435              		.cfi_offset 14, -4
 436              		.loc 1 202 0 is_stmt 0 discriminator 2
 437 000c 019B     		ldr	r3, [sp, #4]
 438 000e 13F1050F 		cmn	r3, #5
 439 0012 02D1     		bne	.L26
 440              	.L25:
 441              		.loc 1 202 0 discriminator 1
 442 0014 4FF00103 		mov	r3, #1
 443 0018 01E0     		b	.L27
 444              	.L26:
 445              		.loc 1 202 0 discriminator 3
ARM GAS  C:\Users\z80\AppData\Local\Temp\ccxEOsyX.s 			page 9


 446 001a 4FF00003 		mov	r3, #0
 447              	.L27:
 448              		.loc 1 202 0 discriminator 4
 449 001e 1846     		mov	r0, r3
 450 0020 FFF7FEFF 		bl	assert_param
 451              		.loc 1 203 0 is_stmt 1 discriminator 4
 452 0024 019B     		ldr	r3, [sp, #4]
 453 0026 042B     		cmp	r3, #4
 454 0028 0CD1     		bne	.L28
 455              		.loc 1 205 0
 456 002a 4EF21003 		movw	r3, #57360
 457 002e CEF20003 		movt	r3, 57344
 458 0032 4EF21002 		movw	r2, #57360
 459 0036 CEF20002 		movt	r2, 57344
 460 003a 1268     		ldr	r2, [r2, #0]
 461 003c 42F00402 		orr	r2, r2, #4
 462 0040 1A60     		str	r2, [r3, #0]
 463 0042 0BE0     		b	.L24
 464              	.L28:
 465              		.loc 1 209 0
 466 0044 4EF21003 		movw	r3, #57360
 467 0048 CEF20003 		movt	r3, 57344
 468 004c 4EF21002 		movw	r2, #57360
 469 0050 CEF20002 		movt	r2, 57344
 470 0054 1268     		ldr	r2, [r2, #0]
 471 0056 22F00402 		bic	r2, r2, #4
 472 005a 1A60     		str	r2, [r3, #0]
 473              	.L24:
 474              		.loc 1 211 0
 475 005c 03B0     		add	sp, sp, #12
 476 005e 00BD     		pop	{pc}
 477              		.cfi_endproc
 478              	.LFE60:
 479              		.size	SysTick_CLKSourceConfig, .-SysTick_CLKSourceConfig
 480              		.text
 481              	.Letext0:
 482              		.section	.debug_loc,"",%progbits
 483              	.Ldebug_loc0:
 484              	.LLST0:
 485 0000 00000000 		.4byte	.LFB56
 486 0004 02000000 		.4byte	.LCFI0
 487 0008 0200     		.2byte	0x2
 488 000a 7D       		.byte	0x7d
 489 000b 00       		.sleb128 0
 490 000c 02000000 		.4byte	.LCFI0
 491 0010 04000000 		.4byte	.LCFI1
 492 0014 0200     		.2byte	0x2
 493 0016 7D       		.byte	0x7d
 494 0017 04       		.sleb128 4
 495 0018 04000000 		.4byte	.LCFI1
 496 001c 56000000 		.4byte	.LFE56
 497 0020 0200     		.2byte	0x2
 498 0022 7D       		.byte	0x7d
 499 0023 10       		.sleb128 16
 500 0024 00000000 		.4byte	0x0
 501 0028 00000000 		.4byte	0x0
 502              	.LLST1:
ARM GAS  C:\Users\z80\AppData\Local\Temp\ccxEOsyX.s 			page 10


 503 002c 00000000 		.4byte	.LFB57
 504 0030 02000000 		.4byte	.LCFI2
 505 0034 0200     		.2byte	0x2
 506 0036 7D       		.byte	0x7d
 507 0037 00       		.sleb128 0
 508 0038 02000000 		.4byte	.LCFI2
 509 003c 04000000 		.4byte	.LCFI3
 510 0040 0200     		.2byte	0x2
 511 0042 7D       		.byte	0x7d
 512 0043 04       		.sleb128 4
 513 0044 04000000 		.4byte	.LCFI3
 514 0048 26010000 		.4byte	.LFE57
 515 004c 0200     		.2byte	0x2
 516 004e 7D       		.byte	0x7d
 517 004f 20       		.sleb128 32
 518 0050 00000000 		.4byte	0x0
 519 0054 00000000 		.4byte	0x0
 520              	.LLST2:
 521 0058 00000000 		.4byte	.LFB58
 522 005c 02000000 		.4byte	.LCFI4
 523 0060 0200     		.2byte	0x2
 524 0062 7D       		.byte	0x7d
 525 0063 00       		.sleb128 0
 526 0064 02000000 		.4byte	.LCFI4
 527 0068 04000000 		.4byte	.LCFI5
 528 006c 0200     		.2byte	0x2
 529 006e 7D       		.byte	0x7d
 530 006f 04       		.sleb128 4
 531 0070 04000000 		.4byte	.LCFI5
 532 0074 5E000000 		.4byte	.LFE58
 533 0078 0200     		.2byte	0x2
 534 007a 7D       		.byte	0x7d
 535 007b 10       		.sleb128 16
 536 007c 00000000 		.4byte	0x0
 537 0080 00000000 		.4byte	0x0
 538              	.LLST3:
 539 0084 00000000 		.4byte	.LFB59
 540 0088 02000000 		.4byte	.LCFI6
 541 008c 0200     		.2byte	0x2
 542 008e 7D       		.byte	0x7d
 543 008f 00       		.sleb128 0
 544 0090 02000000 		.4byte	.LCFI6
 545 0094 04000000 		.4byte	.LCFI7
 546 0098 0200     		.2byte	0x2
 547 009a 7D       		.byte	0x7d
 548 009b 04       		.sleb128 4
 549 009c 04000000 		.4byte	.LCFI7
 550 00a0 A2000000 		.4byte	.LFE59
 551 00a4 0200     		.2byte	0x2
 552 00a6 7D       		.byte	0x7d
 553 00a7 10       		.sleb128 16
 554 00a8 00000000 		.4byte	0x0
 555 00ac 00000000 		.4byte	0x0
 556              	.LLST4:
 557 00b0 00000000 		.4byte	.LFB60
 558 00b4 02000000 		.4byte	.LCFI8
 559 00b8 0200     		.2byte	0x2
ARM GAS  C:\Users\z80\AppData\Local\Temp\ccxEOsyX.s 			page 11


 560 00ba 7D       		.byte	0x7d
 561 00bb 00       		.sleb128 0
 562 00bc 02000000 		.4byte	.LCFI8
 563 00c0 04000000 		.4byte	.LCFI9
 564 00c4 0200     		.2byte	0x2
 565 00c6 7D       		.byte	0x7d
 566 00c7 04       		.sleb128 4
 567 00c8 04000000 		.4byte	.LCFI9
 568 00cc 60000000 		.4byte	.LFE60
 569 00d0 0200     		.2byte	0x2
 570 00d2 7D       		.byte	0x7d
 571 00d3 10       		.sleb128 16
 572 00d4 00000000 		.4byte	0x0
 573 00d8 00000000 		.4byte	0x0
 574              		.file 2 "c:/programs/yagarto/lib/gcc/../../arm-none-eabi/sys-include/stdint.h"
 575              		.file 3 "../chibios_2.6.3/os/ports/common/ARMCMx/CMSIS/include/core_cm3.h"
 576              		.file 4 "../chibios_2.6.3/os/hal/platforms/STM32F1xx/stm32f10x.h"
 577              		.file 5 "stdperiph/misc.h"
 578              		.section	.debug_info
 579 0000 E2050000 		.4byte	0x5e2
 580 0004 0200     		.2byte	0x2
 581 0006 00000000 		.4byte	.Ldebug_abbrev0
 582 000a 04       		.byte	0x4
 583 000b 01       		.uleb128 0x1
 584 000c 93020000 		.4byte	.LASF69
 585 0010 01       		.byte	0x1
 586 0011 AC020000 		.4byte	.LASF70
 587 0015 FB020000 		.4byte	.LASF71
 588 0019 00000000 		.4byte	0x0
 589 001d 00000000 		.4byte	0x0
 590 0021 00000000 		.4byte	.Ldebug_ranges0+0x0
 591 0025 00000000 		.4byte	.Ldebug_line0
 592 0029 02       		.uleb128 0x2
 593 002a 01       		.byte	0x1
 594 002b 06       		.byte	0x6
 595 002c 3E010000 		.4byte	.LASF0
 596 0030 03       		.uleb128 0x3
 597 0031 A2000000 		.4byte	.LASF4
 598 0035 02       		.byte	0x2
 599 0036 2A       		.byte	0x2a
 600 0037 3B000000 		.4byte	0x3b
 601 003b 02       		.uleb128 0x2
 602 003c 01       		.byte	0x1
 603 003d 08       		.byte	0x8
 604 003e 0D010000 		.4byte	.LASF1
 605 0042 02       		.uleb128 0x2
 606 0043 02       		.byte	0x2
 607 0044 05       		.byte	0x5
 608 0045 63000000 		.4byte	.LASF2
 609 0049 02       		.uleb128 0x2
 610 004a 02       		.byte	0x2
 611 004b 07       		.byte	0x7
 612 004c B2010000 		.4byte	.LASF3
 613 0050 03       		.uleb128 0x3
 614 0051 D1010000 		.4byte	.LASF5
 615 0055 02       		.byte	0x2
 616 0056 4F       		.byte	0x4f
ARM GAS  C:\Users\z80\AppData\Local\Temp\ccxEOsyX.s 			page 12


 617 0057 5B000000 		.4byte	0x5b
 618 005b 02       		.uleb128 0x2
 619 005c 04       		.byte	0x4
 620 005d 05       		.byte	0x5
 621 005e FF000000 		.4byte	.LASF6
 622 0062 03       		.uleb128 0x3
 623 0063 61010000 		.4byte	.LASF7
 624 0067 02       		.byte	0x2
 625 0068 50       		.byte	0x50
 626 0069 6D000000 		.4byte	0x6d
 627 006d 02       		.uleb128 0x2
 628 006e 04       		.byte	0x4
 629 006f 07       		.byte	0x7
 630 0070 4F020000 		.4byte	.LASF8
 631 0074 02       		.uleb128 0x2
 632 0075 08       		.byte	0x8
 633 0076 05       		.byte	0x5
 634 0077 E1000000 		.4byte	.LASF9
 635 007b 02       		.uleb128 0x2
 636 007c 08       		.byte	0x8
 637 007d 07       		.byte	0x7
 638 007e 4A010000 		.4byte	.LASF10
 639 0082 04       		.uleb128 0x4
 640 0083 04       		.byte	0x4
 641 0084 05       		.byte	0x5
 642 0085 696E7400 		.ascii	"int\000"
 643 0089 02       		.uleb128 0x2
 644 008a 04       		.byte	0x4
 645 008b 07       		.byte	0x7
 646 008c 6A010000 		.4byte	.LASF11
 647 0090 05       		.uleb128 0x5
 648 0091 040E     		.2byte	0xe04
 649 0093 03       		.byte	0x3
 650 0094 1901     		.2byte	0x119
 651 0096 68010000 		.4byte	0x168
 652 009a 06       		.uleb128 0x6
 653 009b 22020000 		.4byte	.LASF12
 654 009f 03       		.byte	0x3
 655 00a0 1B01     		.2byte	0x11b
 656 00a2 7B010000 		.4byte	0x17b
 657 00a6 02       		.byte	0x2
 658 00a7 23       		.byte	0x23
 659 00a8 00       		.uleb128 0x0
 660 00a9 06       		.uleb128 0x6
 661 00aa 98000000 		.4byte	.LASF13
 662 00ae 03       		.byte	0x3
 663 00af 1C01     		.2byte	0x11c
 664 00b1 80010000 		.4byte	0x180
 665 00b5 02       		.byte	0x2
 666 00b6 23       		.byte	0x23
 667 00b7 20       		.uleb128 0x20
 668 00b8 06       		.uleb128 0x6
 669 00b9 18020000 		.4byte	.LASF14
 670 00bd 03       		.byte	0x3
 671 00be 1D01     		.2byte	0x11d
 672 00c0 90010000 		.4byte	0x190
 673 00c4 03       		.byte	0x3
ARM GAS  C:\Users\z80\AppData\Local\Temp\ccxEOsyX.s 			page 13


 674 00c5 23       		.byte	0x23
 675 00c6 8001     		.uleb128 0x80
 676 00c8 06       		.uleb128 0x6
 677 00c9 D8000000 		.4byte	.LASF15
 678 00cd 03       		.byte	0x3
 679 00ce 1E01     		.2byte	0x11e
 680 00d0 80010000 		.4byte	0x180
 681 00d4 03       		.byte	0x3
 682 00d5 23       		.byte	0x23
 683 00d6 A001     		.uleb128 0xa0
 684 00d8 06       		.uleb128 0x6
 685 00d9 DE010000 		.4byte	.LASF16
 686 00dd 03       		.byte	0x3
 687 00de 1F01     		.2byte	0x11f
 688 00e0 95010000 		.4byte	0x195
 689 00e4 03       		.byte	0x3
 690 00e5 23       		.byte	0x23
 691 00e6 8002     		.uleb128 0x100
 692 00e8 06       		.uleb128 0x6
 693 00e9 27020000 		.4byte	.LASF17
 694 00ed 03       		.byte	0x3
 695 00ee 2001     		.2byte	0x120
 696 00f0 80010000 		.4byte	0x180
 697 00f4 03       		.byte	0x3
 698 00f5 23       		.byte	0x23
 699 00f6 A002     		.uleb128 0x120
 700 00f8 06       		.uleb128 0x6
 701 00f9 39010000 		.4byte	.LASF18
 702 00fd 03       		.byte	0x3
 703 00fe 2101     		.2byte	0x121
 704 0100 9A010000 		.4byte	0x19a
 705 0104 03       		.byte	0x3
 706 0105 23       		.byte	0x23
 707 0106 8003     		.uleb128 0x180
 708 0108 06       		.uleb128 0x6
 709 0109 31020000 		.4byte	.LASF19
 710 010d 03       		.byte	0x3
 711 010e 2201     		.2byte	0x122
 712 0110 80010000 		.4byte	0x180
 713 0114 03       		.byte	0x3
 714 0115 23       		.byte	0x23
 715 0116 A003     		.uleb128 0x1a0
 716 0118 06       		.uleb128 0x6
 717 0119 00000000 		.4byte	.LASF20
 718 011d 03       		.byte	0x3
 719 011e 2301     		.2byte	0x123
 720 0120 9F010000 		.4byte	0x19f
 721 0124 03       		.byte	0x3
 722 0125 23       		.byte	0x23
 723 0126 8004     		.uleb128 0x200
 724 0128 06       		.uleb128 0x6
 725 0129 3B020000 		.4byte	.LASF21
 726 012d 03       		.byte	0x3
 727 012e 2401     		.2byte	0x124
 728 0130 A4010000 		.4byte	0x1a4
 729 0134 03       		.byte	0x3
 730 0135 23       		.byte	0x23
ARM GAS  C:\Users\z80\AppData\Local\Temp\ccxEOsyX.s 			page 14


 731 0136 A004     		.uleb128 0x220
 732 0138 07       		.uleb128 0x7
 733 0139 495000   		.ascii	"IP\000"
 734 013c 03       		.byte	0x3
 735 013d 2501     		.2byte	0x125
 736 013f C4010000 		.4byte	0x1c4
 737 0143 03       		.byte	0x3
 738 0144 23       		.byte	0x23
 739 0145 8006     		.uleb128 0x300
 740 0147 06       		.uleb128 0x6
 741 0148 45020000 		.4byte	.LASF22
 742 014c 03       		.byte	0x3
 743 014d 2601     		.2byte	0x126
 744 014f C9010000 		.4byte	0x1c9
 745 0153 03       		.byte	0x3
 746 0154 23       		.byte	0x23
 747 0155 F007     		.uleb128 0x3f0
 748 0157 06       		.uleb128 0x6
 749 0158 C6000000 		.4byte	.LASF23
 750 015c 03       		.byte	0x3
 751 015d 2701     		.2byte	0x127
 752 015f DA010000 		.4byte	0x1da
 753 0163 03       		.byte	0x3
 754 0164 23       		.byte	0x23
 755 0165 801C     		.uleb128 0xe00
 756 0167 00       		.byte	0x0
 757 0168 08       		.uleb128 0x8
 758 0169 62000000 		.4byte	0x62
 759 016d 78010000 		.4byte	0x178
 760 0171 09       		.uleb128 0x9
 761 0172 78010000 		.4byte	0x178
 762 0176 07       		.byte	0x7
 763 0177 00       		.byte	0x0
 764 0178 0A       		.uleb128 0xa
 765 0179 04       		.byte	0x4
 766 017a 07       		.byte	0x7
 767 017b 0B       		.uleb128 0xb
 768 017c 68010000 		.4byte	0x168
 769 0180 08       		.uleb128 0x8
 770 0181 62000000 		.4byte	0x62
 771 0185 90010000 		.4byte	0x190
 772 0189 09       		.uleb128 0x9
 773 018a 78010000 		.4byte	0x178
 774 018e 17       		.byte	0x17
 775 018f 00       		.byte	0x0
 776 0190 0B       		.uleb128 0xb
 777 0191 68010000 		.4byte	0x168
 778 0195 0B       		.uleb128 0xb
 779 0196 68010000 		.4byte	0x168
 780 019a 0B       		.uleb128 0xb
 781 019b 68010000 		.4byte	0x168
 782 019f 0B       		.uleb128 0xb
 783 01a0 68010000 		.4byte	0x168
 784 01a4 08       		.uleb128 0x8
 785 01a5 62000000 		.4byte	0x62
 786 01a9 B4010000 		.4byte	0x1b4
 787 01ad 09       		.uleb128 0x9
ARM GAS  C:\Users\z80\AppData\Local\Temp\ccxEOsyX.s 			page 15


 788 01ae 78010000 		.4byte	0x178
 789 01b2 37       		.byte	0x37
 790 01b3 00       		.byte	0x0
 791 01b4 08       		.uleb128 0x8
 792 01b5 30000000 		.4byte	0x30
 793 01b9 C4010000 		.4byte	0x1c4
 794 01bd 09       		.uleb128 0x9
 795 01be 78010000 		.4byte	0x178
 796 01c2 EF       		.byte	0xef
 797 01c3 00       		.byte	0x0
 798 01c4 0B       		.uleb128 0xb
 799 01c5 B4010000 		.4byte	0x1b4
 800 01c9 08       		.uleb128 0x8
 801 01ca 62000000 		.4byte	0x62
 802 01ce DA010000 		.4byte	0x1da
 803 01d2 0C       		.uleb128 0xc
 804 01d3 78010000 		.4byte	0x178
 805 01d7 8302     		.2byte	0x283
 806 01d9 00       		.byte	0x0
 807 01da 0B       		.uleb128 0xb
 808 01db 62000000 		.4byte	0x62
 809 01df 0D       		.uleb128 0xd
 810 01e0 2F010000 		.4byte	.LASF24
 811 01e4 03       		.byte	0x3
 812 01e5 2801     		.2byte	0x128
 813 01e7 90000000 		.4byte	0x90
 814 01eb 0E       		.uleb128 0xe
 815 01ec 8C       		.byte	0x8c
 816 01ed 03       		.byte	0x3
 817 01ee 3901     		.2byte	0x139
 818 01f0 31030000 		.4byte	0x331
 819 01f4 06       		.uleb128 0x6
 820 01f5 92000000 		.4byte	.LASF25
 821 01f9 03       		.byte	0x3
 822 01fa 3B01     		.2byte	0x13b
 823 01fc 31030000 		.4byte	0x331
 824 0200 02       		.byte	0x2
 825 0201 23       		.byte	0x23
 826 0202 00       		.uleb128 0x0
 827 0203 06       		.uleb128 0x6
 828 0204 D3000000 		.4byte	.LASF26
 829 0208 03       		.byte	0x3
 830 0209 3C01     		.2byte	0x13c
 831 020b DA010000 		.4byte	0x1da
 832 020f 02       		.byte	0x2
 833 0210 23       		.byte	0x23
 834 0211 04       		.uleb128 0x4
 835 0212 06       		.uleb128 0x6
 836 0213 F5000000 		.4byte	.LASF27
 837 0217 03       		.byte	0x3
 838 0218 3D01     		.2byte	0x13d
 839 021a DA010000 		.4byte	0x1da
 840 021e 02       		.byte	0x2
 841 021f 23       		.byte	0x23
 842 0220 08       		.uleb128 0x8
 843 0221 06       		.uleb128 0x6
 844 0222 1B010000 		.4byte	.LASF28
ARM GAS  C:\Users\z80\AppData\Local\Temp\ccxEOsyX.s 			page 16


 845 0226 03       		.byte	0x3
 846 0227 3E01     		.2byte	0x13e
 847 0229 DA010000 		.4byte	0x1da
 848 022d 02       		.byte	0x2
 849 022e 23       		.byte	0x23
 850 022f 0C       		.uleb128 0xc
 851 0230 07       		.uleb128 0x7
 852 0231 53435200 		.ascii	"SCR\000"
 853 0235 03       		.byte	0x3
 854 0236 3F01     		.2byte	0x13f
 855 0238 DA010000 		.4byte	0x1da
 856 023c 02       		.byte	0x2
 857 023d 23       		.byte	0x23
 858 023e 10       		.uleb128 0x10
 859 023f 07       		.uleb128 0x7
 860 0240 43435200 		.ascii	"CCR\000"
 861 0244 03       		.byte	0x3
 862 0245 4001     		.2byte	0x140
 863 0247 DA010000 		.4byte	0x1da
 864 024b 02       		.byte	0x2
 865 024c 23       		.byte	0x23
 866 024d 14       		.uleb128 0x14
 867 024e 07       		.uleb128 0x7
 868 024f 53485000 		.ascii	"SHP\000"
 869 0253 03       		.byte	0x3
 870 0254 4101     		.2byte	0x141
 871 0256 46030000 		.4byte	0x346
 872 025a 02       		.byte	0x2
 873 025b 23       		.byte	0x23
 874 025c 18       		.uleb128 0x18
 875 025d 06       		.uleb128 0x6
 876 025e 77010000 		.4byte	.LASF29
 877 0262 03       		.byte	0x3
 878 0263 4201     		.2byte	0x142
 879 0265 DA010000 		.4byte	0x1da
 880 0269 02       		.byte	0x2
 881 026a 23       		.byte	0x23
 882 026b 24       		.uleb128 0x24
 883 026c 06       		.uleb128 0x6
 884 026d 08010000 		.4byte	.LASF30
 885 0271 03       		.byte	0x3
 886 0272 4301     		.2byte	0x143
 887 0274 DA010000 		.4byte	0x1da
 888 0278 02       		.byte	0x2
 889 0279 23       		.byte	0x23
 890 027a 28       		.uleb128 0x28
 891 027b 06       		.uleb128 0x6
 892 027c 13020000 		.4byte	.LASF31
 893 0280 03       		.byte	0x3
 894 0281 4401     		.2byte	0x144
 895 0283 DA010000 		.4byte	0x1da
 896 0287 02       		.byte	0x2
 897 0288 23       		.byte	0x23
 898 0289 2C       		.uleb128 0x2c
 899 028a 06       		.uleb128 0x6
 900 028b E3010000 		.4byte	.LASF32
 901 028f 03       		.byte	0x3
ARM GAS  C:\Users\z80\AppData\Local\Temp\ccxEOsyX.s 			page 17


 902 0290 4501     		.2byte	0x145
 903 0292 DA010000 		.4byte	0x1da
 904 0296 02       		.byte	0x2
 905 0297 23       		.byte	0x23
 906 0298 30       		.uleb128 0x30
 907 0299 06       		.uleb128 0x6
 908 029a 7D010000 		.4byte	.LASF33
 909 029e 03       		.byte	0x3
 910 029f 4601     		.2byte	0x146
 911 02a1 DA010000 		.4byte	0x1da
 912 02a5 02       		.byte	0x2
 913 02a6 23       		.byte	0x23
 914 02a7 34       		.uleb128 0x34
 915 02a8 06       		.uleb128 0x6
 916 02a9 FA000000 		.4byte	.LASF34
 917 02ad 03       		.byte	0x3
 918 02ae 4701     		.2byte	0x147
 919 02b0 DA010000 		.4byte	0x1da
 920 02b4 02       		.byte	0x2
 921 02b5 23       		.byte	0x23
 922 02b6 38       		.uleb128 0x38
 923 02b7 06       		.uleb128 0x6
 924 02b8 CF020000 		.4byte	.LASF35
 925 02bc 03       		.byte	0x3
 926 02bd 4801     		.2byte	0x148
 927 02bf DA010000 		.4byte	0x1da
 928 02c3 02       		.byte	0x2
 929 02c4 23       		.byte	0x23
 930 02c5 3C       		.uleb128 0x3c
 931 02c6 07       		.uleb128 0x7
 932 02c7 50465200 		.ascii	"PFR\000"
 933 02cb 03       		.byte	0x3
 934 02cc 4901     		.2byte	0x149
 935 02ce 5B030000 		.4byte	0x35b
 936 02d2 02       		.byte	0x2
 937 02d3 23       		.byte	0x23
 938 02d4 40       		.uleb128 0x40
 939 02d5 07       		.uleb128 0x7
 940 02d6 44465200 		.ascii	"DFR\000"
 941 02da 03       		.byte	0x3
 942 02db 4A01     		.2byte	0x14a
 943 02dd 31030000 		.4byte	0x331
 944 02e1 02       		.byte	0x2
 945 02e2 23       		.byte	0x23
 946 02e3 48       		.uleb128 0x48
 947 02e4 07       		.uleb128 0x7
 948 02e5 41445200 		.ascii	"ADR\000"
 949 02e9 03       		.byte	0x3
 950 02ea 4B01     		.2byte	0x14b
 951 02ec 31030000 		.4byte	0x331
 952 02f0 02       		.byte	0x2
 953 02f1 23       		.byte	0x23
 954 02f2 4C       		.uleb128 0x4c
 955 02f3 06       		.uleb128 0x6
 956 02f4 1D020000 		.4byte	.LASF36
 957 02f8 03       		.byte	0x3
 958 02f9 4C01     		.2byte	0x14c
ARM GAS  C:\Users\z80\AppData\Local\Temp\ccxEOsyX.s 			page 18


 959 02fb 75030000 		.4byte	0x375
 960 02ff 02       		.byte	0x2
 961 0300 23       		.byte	0x23
 962 0301 50       		.uleb128 0x50
 963 0302 06       		.uleb128 0x6
 964 0303 D9010000 		.4byte	.LASF37
 965 0307 03       		.byte	0x3
 966 0308 4D01     		.2byte	0x14d
 967 030a 8F030000 		.4byte	0x38f
 968 030e 02       		.byte	0x2
 969 030f 23       		.byte	0x23
 970 0310 60       		.uleb128 0x60
 971 0311 06       		.uleb128 0x6
 972 0312 98000000 		.4byte	.LASF13
 973 0316 03       		.byte	0x3
 974 0317 4E01     		.2byte	0x14e
 975 0319 7F030000 		.4byte	0x37f
 976 031d 02       		.byte	0x2
 977 031e 23       		.byte	0x23
 978 031f 74       		.uleb128 0x74
 979 0320 06       		.uleb128 0x6
 980 0321 EE020000 		.4byte	.LASF38
 981 0325 03       		.byte	0x3
 982 0326 4F01     		.2byte	0x14f
 983 0328 DA010000 		.4byte	0x1da
 984 032c 03       		.byte	0x3
 985 032d 23       		.byte	0x23
 986 032e 8801     		.uleb128 0x88
 987 0330 00       		.byte	0x0
 988 0331 0F       		.uleb128 0xf
 989 0332 DA010000 		.4byte	0x1da
 990 0336 08       		.uleb128 0x8
 991 0337 30000000 		.4byte	0x30
 992 033b 46030000 		.4byte	0x346
 993 033f 09       		.uleb128 0x9
 994 0340 78010000 		.4byte	0x178
 995 0344 0B       		.byte	0xb
 996 0345 00       		.byte	0x0
 997 0346 0B       		.uleb128 0xb
 998 0347 36030000 		.4byte	0x336
 999 034b 08       		.uleb128 0x8
 1000 034c 62000000 		.4byte	0x62
 1001 0350 5B030000 		.4byte	0x35b
 1002 0354 09       		.uleb128 0x9
 1003 0355 78010000 		.4byte	0x178
 1004 0359 01       		.byte	0x1
 1005 035a 00       		.byte	0x0
 1006 035b 0F       		.uleb128 0xf
 1007 035c 60030000 		.4byte	0x360
 1008 0360 0B       		.uleb128 0xb
 1009 0361 4B030000 		.4byte	0x34b
 1010 0365 08       		.uleb128 0x8
 1011 0366 62000000 		.4byte	0x62
 1012 036a 75030000 		.4byte	0x375
 1013 036e 09       		.uleb128 0x9
 1014 036f 78010000 		.4byte	0x178
 1015 0373 03       		.byte	0x3
ARM GAS  C:\Users\z80\AppData\Local\Temp\ccxEOsyX.s 			page 19


 1016 0374 00       		.byte	0x0
 1017 0375 0F       		.uleb128 0xf
 1018 0376 7A030000 		.4byte	0x37a
 1019 037a 0B       		.uleb128 0xb
 1020 037b 65030000 		.4byte	0x365
 1021 037f 08       		.uleb128 0x8
 1022 0380 62000000 		.4byte	0x62
 1023 0384 8F030000 		.4byte	0x38f
 1024 0388 09       		.uleb128 0x9
 1025 0389 78010000 		.4byte	0x178
 1026 038d 04       		.byte	0x4
 1027 038e 00       		.byte	0x0
 1028 038f 0F       		.uleb128 0xf
 1029 0390 94030000 		.4byte	0x394
 1030 0394 0B       		.uleb128 0xb
 1031 0395 7F030000 		.4byte	0x37f
 1032 0399 0D       		.uleb128 0xd
 1033 039a 21010000 		.4byte	.LASF39
 1034 039e 03       		.byte	0x3
 1035 039f 5001     		.2byte	0x150
 1036 03a1 EB010000 		.4byte	0x1eb
 1037 03a5 0E       		.uleb128 0xe
 1038 03a6 10       		.byte	0x10
 1039 03a7 03       		.byte	0x3
 1040 03a8 3F02     		.2byte	0x23f
 1041 03aa EB030000 		.4byte	0x3eb
 1042 03ae 06       		.uleb128 0x6
 1043 03af 2A010000 		.4byte	.LASF40
 1044 03b3 03       		.byte	0x3
 1045 03b4 4102     		.2byte	0x241
 1046 03b6 DA010000 		.4byte	0x1da
 1047 03ba 02       		.byte	0x2
 1048 03bb 23       		.byte	0x23
 1049 03bc 00       		.uleb128 0x0
 1050 03bd 06       		.uleb128 0x6
 1051 03be CA020000 		.4byte	.LASF41
 1052 03c2 03       		.byte	0x3
 1053 03c3 4202     		.2byte	0x242
 1054 03c5 DA010000 		.4byte	0x1da
 1055 03c9 02       		.byte	0x2
 1056 03ca 23       		.byte	0x23
 1057 03cb 04       		.uleb128 0x4
 1058 03cc 07       		.uleb128 0x7
 1059 03cd 56414C00 		.ascii	"VAL\000"
 1060 03d1 03       		.byte	0x3
 1061 03d2 4302     		.2byte	0x243
 1062 03d4 DA010000 		.4byte	0x1da
 1063 03d8 02       		.byte	0x2
 1064 03d9 23       		.byte	0x23
 1065 03da 08       		.uleb128 0x8
 1066 03db 06       		.uleb128 0x6
 1067 03dc EF000000 		.4byte	.LASF42
 1068 03e0 03       		.byte	0x3
 1069 03e1 4402     		.2byte	0x244
 1070 03e3 31030000 		.4byte	0x331
 1071 03e7 02       		.byte	0x2
 1072 03e8 23       		.byte	0x23
ARM GAS  C:\Users\z80\AppData\Local\Temp\ccxEOsyX.s 			page 20


 1073 03e9 0C       		.uleb128 0xc
 1074 03ea 00       		.byte	0x0
 1075 03eb 0D       		.uleb128 0xd
 1076 03ec A5010000 		.4byte	.LASF43
 1077 03f0 03       		.byte	0x3
 1078 03f1 4502     		.2byte	0x245
 1079 03f3 A5030000 		.4byte	0x3a5
 1080 03f7 0B       		.uleb128 0xb
 1081 03f8 50000000 		.4byte	0x50
 1082 03fc 10       		.uleb128 0x10
 1083 03fd 01       		.byte	0x1
 1084 03fe 04       		.byte	0x4
 1085 03ff 1802     		.2byte	0x218
 1086 0401 12040000 		.4byte	0x412
 1087 0405 11       		.uleb128 0x11
 1088 0406 CB000000 		.4byte	.LASF44
 1089 040a 00       		.sleb128 0
 1090 040b 11       		.uleb128 0x11
 1091 040c F4020000 		.4byte	.LASF45
 1092 0410 01       		.sleb128 1
 1093 0411 00       		.byte	0x0
 1094 0412 0D       		.uleb128 0xd
 1095 0413 83020000 		.4byte	.LASF46
 1096 0417 04       		.byte	0x4
 1097 0418 1802     		.2byte	0x218
 1098 041a FC030000 		.4byte	0x3fc
 1099 041e 12       		.uleb128 0x12
 1100 041f 04       		.byte	0x4
 1101 0420 05       		.byte	0x5
 1102 0421 32       		.byte	0x32
 1103 0422 5F040000 		.4byte	0x45f
 1104 0426 13       		.uleb128 0x13
 1105 0427 E8010000 		.4byte	.LASF47
 1106 042b 05       		.byte	0x5
 1107 042c 34       		.byte	0x34
 1108 042d 30000000 		.4byte	0x30
 1109 0431 02       		.byte	0x2
 1110 0432 23       		.byte	0x23
 1111 0433 00       		.uleb128 0x0
 1112 0434 13       		.uleb128 0x13
 1113 0435 61020000 		.4byte	.LASF48
 1114 0439 05       		.byte	0x5
 1115 043a 39       		.byte	0x39
 1116 043b 30000000 		.4byte	0x30
 1117 043f 02       		.byte	0x2
 1118 0440 23       		.byte	0x23
 1119 0441 01       		.uleb128 0x1
 1120 0442 13       		.uleb128 0x13
 1121 0443 F8010000 		.4byte	.LASF49
 1122 0447 05       		.byte	0x5
 1123 0448 3D       		.byte	0x3d
 1124 0449 30000000 		.4byte	0x30
 1125 044d 02       		.byte	0x2
 1126 044e 23       		.byte	0x23
 1127 044f 02       		.uleb128 0x2
 1128 0450 13       		.uleb128 0x13
 1129 0451 16000000 		.4byte	.LASF50
ARM GAS  C:\Users\z80\AppData\Local\Temp\ccxEOsyX.s 			page 21


 1130 0455 05       		.byte	0x5
 1131 0456 41       		.byte	0x41
 1132 0457 12040000 		.4byte	0x412
 1133 045b 02       		.byte	0x2
 1134 045c 23       		.byte	0x23
 1135 045d 03       		.uleb128 0x3
 1136 045e 00       		.byte	0x0
 1137 045f 03       		.uleb128 0x3
 1138 0460 05000000 		.4byte	.LASF51
 1139 0464 05       		.byte	0x5
 1140 0465 44       		.byte	0x44
 1141 0466 1E040000 		.4byte	0x41e
 1142 046a 14       		.uleb128 0x14
 1143 046b 01       		.byte	0x1
 1144 046c 23030000 		.4byte	.LASF52
 1145 0470 01       		.byte	0x1
 1146 0471 60       		.byte	0x60
 1147 0472 01       		.byte	0x1
 1148 0473 00000000 		.4byte	.LFB56
 1149 0477 56000000 		.4byte	.LFE56
 1150 047b 00000000 		.4byte	.LLST0
 1151 047f A1040000 		.4byte	0x4a1
 1152 0483 15       		.uleb128 0x15
 1153 0484 AA000000 		.4byte	.LASF54
 1154 0488 01       		.byte	0x1
 1155 0489 60       		.byte	0x60
 1156 048a 62000000 		.4byte	0x62
 1157 048e 02       		.byte	0x2
 1158 048f 91       		.byte	0x91
 1159 0490 74       		.sleb128 -12
 1160 0491 16       		.uleb128 0x16
 1161 0492 01       		.byte	0x1
 1162 0493 9F020000 		.4byte	.LASF59
 1163 0497 01       		.byte	0x1
 1164 0498 63       		.byte	0x63
 1165 0499 82000000 		.4byte	0x82
 1166 049d 01       		.byte	0x1
 1167 049e 17       		.uleb128 0x17
 1168 049f 00       		.byte	0x0
 1169 04a0 00       		.byte	0x0
 1170 04a1 14       		.uleb128 0x14
 1171 04a2 01       		.byte	0x1
 1172 04a3 81000000 		.4byte	.LASF53
 1173 04a7 01       		.byte	0x1
 1174 04a8 70       		.byte	0x70
 1175 04a9 01       		.byte	0x1
 1176 04aa 00000000 		.4byte	.LFB57
 1177 04ae 26010000 		.4byte	.LFE57
 1178 04b2 2C000000 		.4byte	.LLST1
 1179 04b6 02050000 		.4byte	0x502
 1180 04ba 15       		.uleb128 0x15
 1181 04bb 3B000000 		.4byte	.LASF55
 1182 04bf 01       		.byte	0x1
 1183 04c0 70       		.byte	0x70
 1184 04c1 02050000 		.4byte	0x502
 1185 04c5 02       		.byte	0x2
 1186 04c6 91       		.byte	0x91
ARM GAS  C:\Users\z80\AppData\Local\Temp\ccxEOsyX.s 			page 22


 1187 04c7 64       		.sleb128 -28
 1188 04c8 18       		.uleb128 0x18
 1189 04c9 C5010000 		.4byte	.LASF56
 1190 04cd 01       		.byte	0x1
 1191 04ce 72       		.byte	0x72
 1192 04cf 62000000 		.4byte	0x62
 1193 04d3 02       		.byte	0x2
 1194 04d4 91       		.byte	0x91
 1195 04d5 74       		.sleb128 -12
 1196 04d6 18       		.uleb128 0x18
 1197 04d7 8B000000 		.4byte	.LASF57
 1198 04db 01       		.byte	0x1
 1199 04dc 72       		.byte	0x72
 1200 04dd 62000000 		.4byte	0x62
 1201 04e1 02       		.byte	0x2
 1202 04e2 91       		.byte	0x91
 1203 04e3 70       		.sleb128 -16
 1204 04e4 18       		.uleb128 0x18
 1205 04e5 83010000 		.4byte	.LASF58
 1206 04e9 01       		.byte	0x1
 1207 04ea 72       		.byte	0x72
 1208 04eb 62000000 		.4byte	0x62
 1209 04ef 02       		.byte	0x2
 1210 04f0 91       		.byte	0x91
 1211 04f1 6C       		.sleb128 -20
 1212 04f2 16       		.uleb128 0x16
 1213 04f3 01       		.byte	0x1
 1214 04f4 9F020000 		.4byte	.LASF59
 1215 04f8 01       		.byte	0x1
 1216 04f9 63       		.byte	0x63
 1217 04fa 82000000 		.4byte	0x82
 1218 04fe 01       		.byte	0x1
 1219 04ff 17       		.uleb128 0x17
 1220 0500 00       		.byte	0x0
 1221 0501 00       		.byte	0x0
 1222 0502 19       		.uleb128 0x19
 1223 0503 04       		.byte	0x4
 1224 0504 5F040000 		.4byte	0x45f
 1225 0508 14       		.uleb128 0x14
 1226 0509 01       		.byte	0x1
 1227 050a 6D000000 		.4byte	.LASF60
 1228 050e 01       		.byte	0x1
 1229 050f 9C       		.byte	0x9c
 1230 0510 01       		.byte	0x1
 1231 0511 00000000 		.4byte	.LFB58
 1232 0515 5E000000 		.4byte	.LFE58
 1233 0519 58000000 		.4byte	.LLST2
 1234 051d 4D050000 		.4byte	0x54d
 1235 0521 15       		.uleb128 0x15
 1236 0522 BD020000 		.4byte	.LASF61
 1237 0526 01       		.byte	0x1
 1238 0527 9C       		.byte	0x9c
 1239 0528 62000000 		.4byte	0x62
 1240 052c 02       		.byte	0x2
 1241 052d 91       		.byte	0x91
 1242 052e 74       		.sleb128 -12
 1243 052f 15       		.uleb128 0x15
ARM GAS  C:\Users\z80\AppData\Local\Temp\ccxEOsyX.s 			page 23


 1244 0530 9E010000 		.4byte	.LASF62
 1245 0534 01       		.byte	0x1
 1246 0535 9C       		.byte	0x9c
 1247 0536 62000000 		.4byte	0x62
 1248 053a 02       		.byte	0x2
 1249 053b 91       		.byte	0x91
 1250 053c 70       		.sleb128 -16
 1251 053d 16       		.uleb128 0x16
 1252 053e 01       		.byte	0x1
 1253 053f 9F020000 		.4byte	.LASF59
 1254 0543 01       		.byte	0x1
 1255 0544 63       		.byte	0x63
 1256 0545 82000000 		.4byte	0x82
 1257 0549 01       		.byte	0x1
 1258 054a 17       		.uleb128 0x17
 1259 054b 00       		.byte	0x0
 1260 054c 00       		.byte	0x0
 1261 054d 14       		.uleb128 0x14
 1262 054e 01       		.byte	0x1
 1263 054f 8A010000 		.4byte	.LASF63
 1264 0553 01       		.byte	0x1
 1265 0554 AF       		.byte	0xaf
 1266 0555 01       		.byte	0x1
 1267 0556 00000000 		.4byte	.LFB59
 1268 055a A2000000 		.4byte	.LFE59
 1269 055e 84000000 		.4byte	.LLST3
 1270 0562 92050000 		.4byte	0x592
 1271 0566 15       		.uleb128 0x15
 1272 0567 D4020000 		.4byte	.LASF64
 1273 056b 01       		.byte	0x1
 1274 056c AF       		.byte	0xaf
 1275 056d 30000000 		.4byte	0x30
 1276 0571 02       		.byte	0x2
 1277 0572 91       		.byte	0x91
 1278 0573 77       		.sleb128 -9
 1279 0574 15       		.uleb128 0x15
 1280 0575 BD000000 		.4byte	.LASF65
 1281 0579 01       		.byte	0x1
 1282 057a AF       		.byte	0xaf
 1283 057b 12040000 		.4byte	0x412
 1284 057f 02       		.byte	0x2
 1285 0580 91       		.byte	0x91
 1286 0581 76       		.sleb128 -10
 1287 0582 16       		.uleb128 0x16
 1288 0583 01       		.byte	0x1
 1289 0584 9F020000 		.4byte	.LASF59
 1290 0588 01       		.byte	0x1
 1291 0589 63       		.byte	0x63
 1292 058a 82000000 		.4byte	0x82
 1293 058e 01       		.byte	0x1
 1294 058f 17       		.uleb128 0x17
 1295 0590 00       		.byte	0x0
 1296 0591 00       		.byte	0x0
 1297 0592 14       		.uleb128 0x14
 1298 0593 01       		.byte	0x1
 1299 0594 4B000000 		.4byte	.LASF66
 1300 0598 01       		.byte	0x1
ARM GAS  C:\Users\z80\AppData\Local\Temp\ccxEOsyX.s 			page 24


 1301 0599 C7       		.byte	0xc7
 1302 059a 01       		.byte	0x1
 1303 059b 00000000 		.4byte	.LFB60
 1304 059f 60000000 		.4byte	.LFE60
 1305 05a3 B0000000 		.4byte	.LLST4
 1306 05a7 C9050000 		.4byte	0x5c9
 1307 05ab 15       		.uleb128 0x15
 1308 05ac 29000000 		.4byte	.LASF67
 1309 05b0 01       		.byte	0x1
 1310 05b1 C7       		.byte	0xc7
 1311 05b2 62000000 		.4byte	0x62
 1312 05b6 02       		.byte	0x2
 1313 05b7 91       		.byte	0x91
 1314 05b8 74       		.sleb128 -12
 1315 05b9 16       		.uleb128 0x16
 1316 05ba 01       		.byte	0x1
 1317 05bb 9F020000 		.4byte	.LASF59
 1318 05bf 01       		.byte	0x1
 1319 05c0 63       		.byte	0x63
 1320 05c1 82000000 		.4byte	0x82
 1321 05c5 01       		.byte	0x1
 1322 05c6 17       		.uleb128 0x17
 1323 05c7 00       		.byte	0x0
 1324 05c8 00       		.byte	0x0
 1325 05c9 1A       		.uleb128 0x1a
 1326 05ca E1020000 		.4byte	.LASF68
 1327 05ce 03       		.byte	0x3
 1328 05cf 0706     		.2byte	0x607
 1329 05d1 F7030000 		.4byte	0x3f7
 1330 05d5 01       		.byte	0x1
 1331 05d6 01       		.byte	0x1
 1332 05d7 1A       		.uleb128 0x1a
 1333 05d8 E1020000 		.4byte	.LASF68
 1334 05dc 03       		.byte	0x3
 1335 05dd 0706     		.2byte	0x607
 1336 05df F7030000 		.4byte	0x3f7
 1337 05e3 01       		.byte	0x1
 1338 05e4 01       		.byte	0x1
 1339 05e5 00       		.byte	0x0
 1340              		.section	.debug_abbrev
 1341 0000 01       		.uleb128 0x1
 1342 0001 11       		.uleb128 0x11
 1343 0002 01       		.byte	0x1
 1344 0003 25       		.uleb128 0x25
 1345 0004 0E       		.uleb128 0xe
 1346 0005 13       		.uleb128 0x13
 1347 0006 0B       		.uleb128 0xb
 1348 0007 03       		.uleb128 0x3
 1349 0008 0E       		.uleb128 0xe
 1350 0009 1B       		.uleb128 0x1b
 1351 000a 0E       		.uleb128 0xe
 1352 000b 11       		.uleb128 0x11
 1353 000c 01       		.uleb128 0x1
 1354 000d 52       		.uleb128 0x52
 1355 000e 01       		.uleb128 0x1
 1356 000f 55       		.uleb128 0x55
 1357 0010 06       		.uleb128 0x6
ARM GAS  C:\Users\z80\AppData\Local\Temp\ccxEOsyX.s 			page 25


 1358 0011 10       		.uleb128 0x10
 1359 0012 06       		.uleb128 0x6
 1360 0013 00       		.byte	0x0
 1361 0014 00       		.byte	0x0
 1362 0015 02       		.uleb128 0x2
 1363 0016 24       		.uleb128 0x24
 1364 0017 00       		.byte	0x0
 1365 0018 0B       		.uleb128 0xb
 1366 0019 0B       		.uleb128 0xb
 1367 001a 3E       		.uleb128 0x3e
 1368 001b 0B       		.uleb128 0xb
 1369 001c 03       		.uleb128 0x3
 1370 001d 0E       		.uleb128 0xe
 1371 001e 00       		.byte	0x0
 1372 001f 00       		.byte	0x0
 1373 0020 03       		.uleb128 0x3
 1374 0021 16       		.uleb128 0x16
 1375 0022 00       		.byte	0x0
 1376 0023 03       		.uleb128 0x3
 1377 0024 0E       		.uleb128 0xe
 1378 0025 3A       		.uleb128 0x3a
 1379 0026 0B       		.uleb128 0xb
 1380 0027 3B       		.uleb128 0x3b
 1381 0028 0B       		.uleb128 0xb
 1382 0029 49       		.uleb128 0x49
 1383 002a 13       		.uleb128 0x13
 1384 002b 00       		.byte	0x0
 1385 002c 00       		.byte	0x0
 1386 002d 04       		.uleb128 0x4
 1387 002e 24       		.uleb128 0x24
 1388 002f 00       		.byte	0x0
 1389 0030 0B       		.uleb128 0xb
 1390 0031 0B       		.uleb128 0xb
 1391 0032 3E       		.uleb128 0x3e
 1392 0033 0B       		.uleb128 0xb
 1393 0034 03       		.uleb128 0x3
 1394 0035 08       		.uleb128 0x8
 1395 0036 00       		.byte	0x0
 1396 0037 00       		.byte	0x0
 1397 0038 05       		.uleb128 0x5
 1398 0039 13       		.uleb128 0x13
 1399 003a 01       		.byte	0x1
 1400 003b 0B       		.uleb128 0xb
 1401 003c 05       		.uleb128 0x5
 1402 003d 3A       		.uleb128 0x3a
 1403 003e 0B       		.uleb128 0xb
 1404 003f 3B       		.uleb128 0x3b
 1405 0040 05       		.uleb128 0x5
 1406 0041 01       		.uleb128 0x1
 1407 0042 13       		.uleb128 0x13
 1408 0043 00       		.byte	0x0
 1409 0044 00       		.byte	0x0
 1410 0045 06       		.uleb128 0x6
 1411 0046 0D       		.uleb128 0xd
 1412 0047 00       		.byte	0x0
 1413 0048 03       		.uleb128 0x3
 1414 0049 0E       		.uleb128 0xe
ARM GAS  C:\Users\z80\AppData\Local\Temp\ccxEOsyX.s 			page 26


 1415 004a 3A       		.uleb128 0x3a
 1416 004b 0B       		.uleb128 0xb
 1417 004c 3B       		.uleb128 0x3b
 1418 004d 05       		.uleb128 0x5
 1419 004e 49       		.uleb128 0x49
 1420 004f 13       		.uleb128 0x13
 1421 0050 38       		.uleb128 0x38
 1422 0051 0A       		.uleb128 0xa
 1423 0052 00       		.byte	0x0
 1424 0053 00       		.byte	0x0
 1425 0054 07       		.uleb128 0x7
 1426 0055 0D       		.uleb128 0xd
 1427 0056 00       		.byte	0x0
 1428 0057 03       		.uleb128 0x3
 1429 0058 08       		.uleb128 0x8
 1430 0059 3A       		.uleb128 0x3a
 1431 005a 0B       		.uleb128 0xb
 1432 005b 3B       		.uleb128 0x3b
 1433 005c 05       		.uleb128 0x5
 1434 005d 49       		.uleb128 0x49
 1435 005e 13       		.uleb128 0x13
 1436 005f 38       		.uleb128 0x38
 1437 0060 0A       		.uleb128 0xa
 1438 0061 00       		.byte	0x0
 1439 0062 00       		.byte	0x0
 1440 0063 08       		.uleb128 0x8
 1441 0064 01       		.uleb128 0x1
 1442 0065 01       		.byte	0x1
 1443 0066 49       		.uleb128 0x49
 1444 0067 13       		.uleb128 0x13
 1445 0068 01       		.uleb128 0x1
 1446 0069 13       		.uleb128 0x13
 1447 006a 00       		.byte	0x0
 1448 006b 00       		.byte	0x0
 1449 006c 09       		.uleb128 0x9
 1450 006d 21       		.uleb128 0x21
 1451 006e 00       		.byte	0x0
 1452 006f 49       		.uleb128 0x49
 1453 0070 13       		.uleb128 0x13
 1454 0071 2F       		.uleb128 0x2f
 1455 0072 0B       		.uleb128 0xb
 1456 0073 00       		.byte	0x0
 1457 0074 00       		.byte	0x0
 1458 0075 0A       		.uleb128 0xa
 1459 0076 24       		.uleb128 0x24
 1460 0077 00       		.byte	0x0
 1461 0078 0B       		.uleb128 0xb
 1462 0079 0B       		.uleb128 0xb
 1463 007a 3E       		.uleb128 0x3e
 1464 007b 0B       		.uleb128 0xb
 1465 007c 00       		.byte	0x0
 1466 007d 00       		.byte	0x0
 1467 007e 0B       		.uleb128 0xb
 1468 007f 35       		.uleb128 0x35
 1469 0080 00       		.byte	0x0
 1470 0081 49       		.uleb128 0x49
 1471 0082 13       		.uleb128 0x13
ARM GAS  C:\Users\z80\AppData\Local\Temp\ccxEOsyX.s 			page 27


 1472 0083 00       		.byte	0x0
 1473 0084 00       		.byte	0x0
 1474 0085 0C       		.uleb128 0xc
 1475 0086 21       		.uleb128 0x21
 1476 0087 00       		.byte	0x0
 1477 0088 49       		.uleb128 0x49
 1478 0089 13       		.uleb128 0x13
 1479 008a 2F       		.uleb128 0x2f
 1480 008b 05       		.uleb128 0x5
 1481 008c 00       		.byte	0x0
 1482 008d 00       		.byte	0x0
 1483 008e 0D       		.uleb128 0xd
 1484 008f 16       		.uleb128 0x16
 1485 0090 00       		.byte	0x0
 1486 0091 03       		.uleb128 0x3
 1487 0092 0E       		.uleb128 0xe
 1488 0093 3A       		.uleb128 0x3a
 1489 0094 0B       		.uleb128 0xb
 1490 0095 3B       		.uleb128 0x3b
 1491 0096 05       		.uleb128 0x5
 1492 0097 49       		.uleb128 0x49
 1493 0098 13       		.uleb128 0x13
 1494 0099 00       		.byte	0x0
 1495 009a 00       		.byte	0x0
 1496 009b 0E       		.uleb128 0xe
 1497 009c 13       		.uleb128 0x13
 1498 009d 01       		.byte	0x1
 1499 009e 0B       		.uleb128 0xb
 1500 009f 0B       		.uleb128 0xb
 1501 00a0 3A       		.uleb128 0x3a
 1502 00a1 0B       		.uleb128 0xb
 1503 00a2 3B       		.uleb128 0x3b
 1504 00a3 05       		.uleb128 0x5
 1505 00a4 01       		.uleb128 0x1
 1506 00a5 13       		.uleb128 0x13
 1507 00a6 00       		.byte	0x0
 1508 00a7 00       		.byte	0x0
 1509 00a8 0F       		.uleb128 0xf
 1510 00a9 26       		.uleb128 0x26
 1511 00aa 00       		.byte	0x0
 1512 00ab 49       		.uleb128 0x49
 1513 00ac 13       		.uleb128 0x13
 1514 00ad 00       		.byte	0x0
 1515 00ae 00       		.byte	0x0
 1516 00af 10       		.uleb128 0x10
 1517 00b0 04       		.uleb128 0x4
 1518 00b1 01       		.byte	0x1
 1519 00b2 0B       		.uleb128 0xb
 1520 00b3 0B       		.uleb128 0xb
 1521 00b4 3A       		.uleb128 0x3a
 1522 00b5 0B       		.uleb128 0xb
 1523 00b6 3B       		.uleb128 0x3b
 1524 00b7 05       		.uleb128 0x5
 1525 00b8 01       		.uleb128 0x1
 1526 00b9 13       		.uleb128 0x13
 1527 00ba 00       		.byte	0x0
 1528 00bb 00       		.byte	0x0
ARM GAS  C:\Users\z80\AppData\Local\Temp\ccxEOsyX.s 			page 28


 1529 00bc 11       		.uleb128 0x11
 1530 00bd 28       		.uleb128 0x28
 1531 00be 00       		.byte	0x0
 1532 00bf 03       		.uleb128 0x3
 1533 00c0 0E       		.uleb128 0xe
 1534 00c1 1C       		.uleb128 0x1c
 1535 00c2 0D       		.uleb128 0xd
 1536 00c3 00       		.byte	0x0
 1537 00c4 00       		.byte	0x0
 1538 00c5 12       		.uleb128 0x12
 1539 00c6 13       		.uleb128 0x13
 1540 00c7 01       		.byte	0x1
 1541 00c8 0B       		.uleb128 0xb
 1542 00c9 0B       		.uleb128 0xb
 1543 00ca 3A       		.uleb128 0x3a
 1544 00cb 0B       		.uleb128 0xb
 1545 00cc 3B       		.uleb128 0x3b
 1546 00cd 0B       		.uleb128 0xb
 1547 00ce 01       		.uleb128 0x1
 1548 00cf 13       		.uleb128 0x13
 1549 00d0 00       		.byte	0x0
 1550 00d1 00       		.byte	0x0
 1551 00d2 13       		.uleb128 0x13
 1552 00d3 0D       		.uleb128 0xd
 1553 00d4 00       		.byte	0x0
 1554 00d5 03       		.uleb128 0x3
 1555 00d6 0E       		.uleb128 0xe
 1556 00d7 3A       		.uleb128 0x3a
 1557 00d8 0B       		.uleb128 0xb
 1558 00d9 3B       		.uleb128 0x3b
 1559 00da 0B       		.uleb128 0xb
 1560 00db 49       		.uleb128 0x49
 1561 00dc 13       		.uleb128 0x13
 1562 00dd 38       		.uleb128 0x38
 1563 00de 0A       		.uleb128 0xa
 1564 00df 00       		.byte	0x0
 1565 00e0 00       		.byte	0x0
 1566 00e1 14       		.uleb128 0x14
 1567 00e2 2E       		.uleb128 0x2e
 1568 00e3 01       		.byte	0x1
 1569 00e4 3F       		.uleb128 0x3f
 1570 00e5 0C       		.uleb128 0xc
 1571 00e6 03       		.uleb128 0x3
 1572 00e7 0E       		.uleb128 0xe
 1573 00e8 3A       		.uleb128 0x3a
 1574 00e9 0B       		.uleb128 0xb
 1575 00ea 3B       		.uleb128 0x3b
 1576 00eb 0B       		.uleb128 0xb
 1577 00ec 27       		.uleb128 0x27
 1578 00ed 0C       		.uleb128 0xc
 1579 00ee 11       		.uleb128 0x11
 1580 00ef 01       		.uleb128 0x1
 1581 00f0 12       		.uleb128 0x12
 1582 00f1 01       		.uleb128 0x1
 1583 00f2 40       		.uleb128 0x40
 1584 00f3 06       		.uleb128 0x6
 1585 00f4 01       		.uleb128 0x1
ARM GAS  C:\Users\z80\AppData\Local\Temp\ccxEOsyX.s 			page 29


 1586 00f5 13       		.uleb128 0x13
 1587 00f6 00       		.byte	0x0
 1588 00f7 00       		.byte	0x0
 1589 00f8 15       		.uleb128 0x15
 1590 00f9 05       		.uleb128 0x5
 1591 00fa 00       		.byte	0x0
 1592 00fb 03       		.uleb128 0x3
 1593 00fc 0E       		.uleb128 0xe
 1594 00fd 3A       		.uleb128 0x3a
 1595 00fe 0B       		.uleb128 0xb
 1596 00ff 3B       		.uleb128 0x3b
 1597 0100 0B       		.uleb128 0xb
 1598 0101 49       		.uleb128 0x49
 1599 0102 13       		.uleb128 0x13
 1600 0103 02       		.uleb128 0x2
 1601 0104 0A       		.uleb128 0xa
 1602 0105 00       		.byte	0x0
 1603 0106 00       		.byte	0x0
 1604 0107 16       		.uleb128 0x16
 1605 0108 2E       		.uleb128 0x2e
 1606 0109 01       		.byte	0x1
 1607 010a 3F       		.uleb128 0x3f
 1608 010b 0C       		.uleb128 0xc
 1609 010c 03       		.uleb128 0x3
 1610 010d 0E       		.uleb128 0xe
 1611 010e 3A       		.uleb128 0x3a
 1612 010f 0B       		.uleb128 0xb
 1613 0110 3B       		.uleb128 0x3b
 1614 0111 0B       		.uleb128 0xb
 1615 0112 49       		.uleb128 0x49
 1616 0113 13       		.uleb128 0x13
 1617 0114 3C       		.uleb128 0x3c
 1618 0115 0C       		.uleb128 0xc
 1619 0116 00       		.byte	0x0
 1620 0117 00       		.byte	0x0
 1621 0118 17       		.uleb128 0x17
 1622 0119 18       		.uleb128 0x18
 1623 011a 00       		.byte	0x0
 1624 011b 00       		.byte	0x0
 1625 011c 00       		.byte	0x0
 1626 011d 18       		.uleb128 0x18
 1627 011e 34       		.uleb128 0x34
 1628 011f 00       		.byte	0x0
 1629 0120 03       		.uleb128 0x3
 1630 0121 0E       		.uleb128 0xe
 1631 0122 3A       		.uleb128 0x3a
 1632 0123 0B       		.uleb128 0xb
 1633 0124 3B       		.uleb128 0x3b
 1634 0125 0B       		.uleb128 0xb
 1635 0126 49       		.uleb128 0x49
 1636 0127 13       		.uleb128 0x13
 1637 0128 02       		.uleb128 0x2
 1638 0129 0A       		.uleb128 0xa
 1639 012a 00       		.byte	0x0
 1640 012b 00       		.byte	0x0
 1641 012c 19       		.uleb128 0x19
 1642 012d 0F       		.uleb128 0xf
ARM GAS  C:\Users\z80\AppData\Local\Temp\ccxEOsyX.s 			page 30


 1643 012e 00       		.byte	0x0
 1644 012f 0B       		.uleb128 0xb
 1645 0130 0B       		.uleb128 0xb
 1646 0131 49       		.uleb128 0x49
 1647 0132 13       		.uleb128 0x13
 1648 0133 00       		.byte	0x0
 1649 0134 00       		.byte	0x0
 1650 0135 1A       		.uleb128 0x1a
 1651 0136 34       		.uleb128 0x34
 1652 0137 00       		.byte	0x0
 1653 0138 03       		.uleb128 0x3
 1654 0139 0E       		.uleb128 0xe
 1655 013a 3A       		.uleb128 0x3a
 1656 013b 0B       		.uleb128 0xb
 1657 013c 3B       		.uleb128 0x3b
 1658 013d 05       		.uleb128 0x5
 1659 013e 49       		.uleb128 0x49
 1660 013f 13       		.uleb128 0x13
 1661 0140 3F       		.uleb128 0x3f
 1662 0141 0C       		.uleb128 0xc
 1663 0142 3C       		.uleb128 0x3c
 1664 0143 0C       		.uleb128 0xc
 1665 0144 00       		.byte	0x0
 1666 0145 00       		.byte	0x0
 1667 0146 00       		.byte	0x0
 1668              		.section	.debug_pubnames,"",%progbits
 1669 0000 85000000 		.4byte	0x85
 1670 0004 0200     		.2byte	0x2
 1671 0006 00000000 		.4byte	.Ldebug_info0
 1672 000a E6050000 		.4byte	0x5e6
 1673 000e 6A040000 		.4byte	0x46a
 1674 0012 4E564943 		.ascii	"NVIC_PriorityGroupConfig\000"
 1674      5F507269 
 1674      6F726974 
 1674      7947726F 
 1674      7570436F 
 1675 002b A1040000 		.4byte	0x4a1
 1676 002f 4E564943 		.ascii	"NVIC_Init\000"
 1676      5F496E69 
 1676      7400
 1677 0039 08050000 		.4byte	0x508
 1678 003d 4E564943 		.ascii	"NVIC_SetVectorTable\000"
 1678      5F536574 
 1678      56656374 
 1678      6F725461 
 1678      626C6500 
 1679 0051 4D050000 		.4byte	0x54d
 1680 0055 4E564943 		.ascii	"NVIC_SystemLPConfig\000"
 1680      5F537973 
 1680      74656D4C 
 1680      50436F6E 
 1680      66696700 
 1681 0069 92050000 		.4byte	0x592
 1682 006d 53797354 		.ascii	"SysTick_CLKSourceConfig\000"
 1682      69636B5F 
 1682      434C4B53 
 1682      6F757263 
ARM GAS  C:\Users\z80\AppData\Local\Temp\ccxEOsyX.s 			page 31


 1682      65436F6E 
 1683 0085 00000000 		.4byte	0x0
 1684              		.section	.debug_pubtypes,"",%progbits
 1685 0000 88000000 		.4byte	0x88
 1686 0004 0200     		.2byte	0x2
 1687 0006 00000000 		.4byte	.Ldebug_info0
 1688 000a E6050000 		.4byte	0x5e6
 1689 000e 30000000 		.4byte	0x30
 1690 0012 75696E74 		.ascii	"uint8_t\000"
 1690      385F7400 
 1691 001a 50000000 		.4byte	0x50
 1692 001e 696E7433 		.ascii	"int32_t\000"
 1692      325F7400 
 1693 0026 62000000 		.4byte	0x62
 1694 002a 75696E74 		.ascii	"uint32_t\000"
 1694      33325F74 
 1694      00
 1695 0033 DF010000 		.4byte	0x1df
 1696 0037 4E564943 		.ascii	"NVIC_Type\000"
 1696      5F547970 
 1696      6500
 1697 0041 99030000 		.4byte	0x399
 1698 0045 5343425F 		.ascii	"SCB_Type\000"
 1698      54797065 
 1698      00
 1699 004e EB030000 		.4byte	0x3eb
 1700 0052 53797354 		.ascii	"SysTick_Type\000"
 1700      69636B5F 
 1700      54797065 
 1700      00
 1701 005f 12040000 		.4byte	0x412
 1702 0063 46756E63 		.ascii	"FunctionalState\000"
 1702      74696F6E 
 1702      616C5374 
 1702      61746500 
 1703 0073 5F040000 		.4byte	0x45f
 1704 0077 4E564943 		.ascii	"NVIC_InitTypeDef\000"
 1704      5F496E69 
 1704      74547970 
 1704      65446566 
 1704      00
 1705 0088 00000000 		.4byte	0x0
 1706              		.section	.debug_aranges,"",%progbits
 1707 0000 3C000000 		.4byte	0x3c
 1708 0004 0200     		.2byte	0x2
 1709 0006 00000000 		.4byte	.Ldebug_info0
 1710 000a 04       		.byte	0x4
 1711 000b 00       		.byte	0x0
 1712 000c 0000     		.2byte	0x0
 1713 000e 0000     		.2byte	0x0
 1714 0010 00000000 		.4byte	.LFB56
 1715 0014 56000000 		.4byte	.LFE56-.LFB56
 1716 0018 00000000 		.4byte	.LFB57
 1717 001c 26010000 		.4byte	.LFE57-.LFB57
 1718 0020 00000000 		.4byte	.LFB58
 1719 0024 5E000000 		.4byte	.LFE58-.LFB58
 1720 0028 00000000 		.4byte	.LFB59
ARM GAS  C:\Users\z80\AppData\Local\Temp\ccxEOsyX.s 			page 32


 1721 002c A2000000 		.4byte	.LFE59-.LFB59
 1722 0030 00000000 		.4byte	.LFB60
 1723 0034 60000000 		.4byte	.LFE60-.LFB60
 1724 0038 00000000 		.4byte	0x0
 1725 003c 00000000 		.4byte	0x0
 1726              		.section	.debug_ranges,"",%progbits
 1727              	.Ldebug_ranges0:
 1728 0000 00000000 		.4byte	.LFB56
 1729 0004 56000000 		.4byte	.LFE56
 1730 0008 00000000 		.4byte	.LFB57
 1731 000c 26010000 		.4byte	.LFE57
 1732 0010 00000000 		.4byte	.LFB58
 1733 0014 5E000000 		.4byte	.LFE58
 1734 0018 00000000 		.4byte	.LFB59
 1735 001c A2000000 		.4byte	.LFE59
 1736 0020 00000000 		.4byte	.LFB60
 1737 0024 60000000 		.4byte	.LFE60
 1738 0028 00000000 		.4byte	0x0
 1739 002c 00000000 		.4byte	0x0
 1740              		.section	.debug_str,"MS",%progbits,1
 1741              	.LASF20:
 1742 0000 49414252 		.ascii	"IABR\000"
 1742      00
 1743              	.LASF51:
 1744 0005 4E564943 		.ascii	"NVIC_InitTypeDef\000"
 1744      5F496E69 
 1744      74547970 
 1744      65446566 
 1744      00
 1745              	.LASF50:
 1746 0016 4E564943 		.ascii	"NVIC_IRQChannelCmd\000"
 1746      5F495251 
 1746      4368616E 
 1746      6E656C43 
 1746      6D6400
 1747              	.LASF67:
 1748 0029 53797354 		.ascii	"SysTick_CLKSource\000"
 1748      69636B5F 
 1748      434C4B53 
 1748      6F757263 
 1748      6500
 1749              	.LASF55:
 1750 003b 4E564943 		.ascii	"NVIC_InitStruct\000"
 1750      5F496E69 
 1750      74537472 
 1750      75637400 
 1751              	.LASF66:
 1752 004b 53797354 		.ascii	"SysTick_CLKSourceConfig\000"
 1752      69636B5F 
 1752      434C4B53 
 1752      6F757263 
 1752      65436F6E 
 1753              	.LASF2:
 1754 0063 73686F72 		.ascii	"short int\000"
 1754      7420696E 
 1754      7400
 1755              	.LASF60:
ARM GAS  C:\Users\z80\AppData\Local\Temp\ccxEOsyX.s 			page 33


 1756 006d 4E564943 		.ascii	"NVIC_SetVectorTable\000"
 1756      5F536574 
 1756      56656374 
 1756      6F725461 
 1756      626C6500 
 1757              	.LASF53:
 1758 0081 4E564943 		.ascii	"NVIC_Init\000"
 1758      5F496E69 
 1758      7400
 1759              	.LASF57:
 1760 008b 746D7070 		.ascii	"tmppre\000"
 1760      726500
 1761              	.LASF25:
 1762 0092 43505549 		.ascii	"CPUID\000"
 1762      4400
 1763              	.LASF13:
 1764 0098 52455345 		.ascii	"RESERVED0\000"
 1764      52564544 
 1764      3000
 1765              	.LASF4:
 1766 00a2 75696E74 		.ascii	"uint8_t\000"
 1766      385F7400 
 1767              	.LASF54:
 1768 00aa 4E564943 		.ascii	"NVIC_PriorityGroup\000"
 1768      5F507269 
 1768      6F726974 
 1768      7947726F 
 1768      757000
 1769              	.LASF65:
 1770 00bd 4E657753 		.ascii	"NewState\000"
 1770      74617465 
 1770      00
 1771              	.LASF23:
 1772 00c6 53544952 		.ascii	"STIR\000"
 1772      00
 1773              	.LASF44:
 1774 00cb 44495341 		.ascii	"DISABLE\000"
 1774      424C4500 
 1775              	.LASF26:
 1776 00d3 49435352 		.ascii	"ICSR\000"
 1776      00
 1777              	.LASF15:
 1778 00d8 52534552 		.ascii	"RSERVED1\000"
 1778      56454431 
 1778      00
 1779              	.LASF9:
 1780 00e1 6C6F6E67 		.ascii	"long long int\000"
 1780      206C6F6E 
 1780      6720696E 
 1780      7400
 1781              	.LASF42:
 1782 00ef 43414C49 		.ascii	"CALIB\000"
 1782      4200
 1783              	.LASF27:
 1784 00f5 56544F52 		.ascii	"VTOR\000"
 1784      00
 1785              	.LASF34:
ARM GAS  C:\Users\z80\AppData\Local\Temp\ccxEOsyX.s 			page 34


 1786 00fa 42464152 		.ascii	"BFAR\000"
 1786      00
 1787              	.LASF6:
 1788 00ff 6C6F6E67 		.ascii	"long int\000"
 1788      20696E74 
 1788      00
 1789              	.LASF30:
 1790 0108 43465352 		.ascii	"CFSR\000"
 1790      00
 1791              	.LASF1:
 1792 010d 756E7369 		.ascii	"unsigned char\000"
 1792      676E6564 
 1792      20636861 
 1792      7200
 1793              	.LASF28:
 1794 011b 41495243 		.ascii	"AIRCR\000"
 1794      5200
 1795              	.LASF39:
 1796 0121 5343425F 		.ascii	"SCB_Type\000"
 1796      54797065 
 1796      00
 1797              	.LASF40:
 1798 012a 4354524C 		.ascii	"CTRL\000"
 1798      00
 1799              	.LASF24:
 1800 012f 4E564943 		.ascii	"NVIC_Type\000"
 1800      5F547970 
 1800      6500
 1801              	.LASF18:
 1802 0139 49435052 		.ascii	"ICPR\000"
 1802      00
 1803              	.LASF0:
 1804 013e 7369676E 		.ascii	"signed char\000"
 1804      65642063 
 1804      68617200 
 1805              	.LASF10:
 1806 014a 6C6F6E67 		.ascii	"long long unsigned int\000"
 1806      206C6F6E 
 1806      6720756E 
 1806      7369676E 
 1806      65642069 
 1807              	.LASF7:
 1808 0161 75696E74 		.ascii	"uint32_t\000"
 1808      33325F74 
 1808      00
 1809              	.LASF11:
 1810 016a 756E7369 		.ascii	"unsigned int\000"
 1810      676E6564 
 1810      20696E74 
 1810      00
 1811              	.LASF29:
 1812 0177 53484353 		.ascii	"SHCSR\000"
 1812      5200
 1813              	.LASF33:
 1814 017d 4D4D4641 		.ascii	"MMFAR\000"
 1814      5200
 1815              	.LASF58:
ARM GAS  C:\Users\z80\AppData\Local\Temp\ccxEOsyX.s 			page 35


 1816 0183 746D7073 		.ascii	"tmpsub\000"
 1816      756200
 1817              	.LASF63:
 1818 018a 4E564943 		.ascii	"NVIC_SystemLPConfig\000"
 1818      5F537973 
 1818      74656D4C 
 1818      50436F6E 
 1818      66696700 
 1819              	.LASF62:
 1820 019e 4F666673 		.ascii	"Offset\000"
 1820      657400
 1821              	.LASF43:
 1822 01a5 53797354 		.ascii	"SysTick_Type\000"
 1822      69636B5F 
 1822      54797065 
 1822      00
 1823              	.LASF3:
 1824 01b2 73686F72 		.ascii	"short unsigned int\000"
 1824      7420756E 
 1824      7369676E 
 1824      65642069 
 1824      6E7400
 1825              	.LASF56:
 1826 01c5 746D7070 		.ascii	"tmppriority\000"
 1826      72696F72 
 1826      69747900 
 1827              	.LASF5:
 1828 01d1 696E7433 		.ascii	"int32_t\000"
 1828      325F7400 
 1829              	.LASF37:
 1830 01d9 49534152 		.ascii	"ISAR\000"
 1830      00
 1831              	.LASF16:
 1832 01de 49535052 		.ascii	"ISPR\000"
 1832      00
 1833              	.LASF32:
 1834 01e3 44465352 		.ascii	"DFSR\000"
 1834      00
 1835              	.LASF47:
 1836 01e8 4E564943 		.ascii	"NVIC_IRQChannel\000"
 1836      5F495251 
 1836      4368616E 
 1836      6E656C00 
 1837              	.LASF49:
 1838 01f8 4E564943 		.ascii	"NVIC_IRQChannelSubPriority\000"
 1838      5F495251 
 1838      4368616E 
 1838      6E656C53 
 1838      75625072 
 1839              	.LASF31:
 1840 0213 48465352 		.ascii	"HFSR\000"
 1840      00
 1841              	.LASF14:
 1842 0218 49434552 		.ascii	"ICER\000"
 1842      00
 1843              	.LASF36:
 1844 021d 4D4D4652 		.ascii	"MMFR\000"
ARM GAS  C:\Users\z80\AppData\Local\Temp\ccxEOsyX.s 			page 36


 1844      00
 1845              	.LASF12:
 1846 0222 49534552 		.ascii	"ISER\000"
 1846      00
 1847              	.LASF17:
 1848 0227 52455345 		.ascii	"RESERVED2\000"
 1848      52564544 
 1848      3200
 1849              	.LASF19:
 1850 0231 52455345 		.ascii	"RESERVED3\000"
 1850      52564544 
 1850      3300
 1851              	.LASF21:
 1852 023b 52455345 		.ascii	"RESERVED4\000"
 1852      52564544 
 1852      3400
 1853              	.LASF22:
 1854 0245 52455345 		.ascii	"RESERVED5\000"
 1854      52564544 
 1854      3500
 1855              	.LASF8:
 1856 024f 6C6F6E67 		.ascii	"long unsigned int\000"
 1856      20756E73 
 1856      69676E65 
 1856      6420696E 
 1856      7400
 1857              	.LASF48:
 1858 0261 4E564943 		.ascii	"NVIC_IRQChannelPreemptionPriority\000"
 1858      5F495251 
 1858      4368616E 
 1858      6E656C50 
 1858      7265656D 
 1859              	.LASF46:
 1860 0283 46756E63 		.ascii	"FunctionalState\000"
 1860      74696F6E 
 1860      616C5374 
 1860      61746500 
 1861              	.LASF69:
 1862 0293 474E5520 		.ascii	"GNU C 4.5.0\000"
 1862      4320342E 
 1862      352E3000 
 1863              	.LASF59:
 1864 029f 61737365 		.ascii	"assert_param\000"
 1864      72745F70 
 1864      6172616D 
 1864      00
 1865              	.LASF70:
 1866 02ac 73746470 		.ascii	"stdperiph/misc.c\000"
 1866      65726970 
 1866      682F6D69 
 1866      73632E63 
 1866      00
 1867              	.LASF61:
 1868 02bd 4E564943 		.ascii	"NVIC_VectTab\000"
 1868      5F566563 
 1868      74546162 
 1868      00
ARM GAS  C:\Users\z80\AppData\Local\Temp\ccxEOsyX.s 			page 37


 1869              	.LASF41:
 1870 02ca 4C4F4144 		.ascii	"LOAD\000"
 1870      00
 1871              	.LASF35:
 1872 02cf 41465352 		.ascii	"AFSR\000"
 1872      00
 1873              	.LASF64:
 1874 02d4 4C6F7750 		.ascii	"LowPowerMode\000"
 1874      6F776572 
 1874      4D6F6465 
 1874      00
 1875              	.LASF68:
 1876 02e1 49544D5F 		.ascii	"ITM_RxBuffer\000"
 1876      52784275 
 1876      66666572 
 1876      00
 1877              	.LASF38:
 1878 02ee 43504143 		.ascii	"CPACR\000"
 1878      5200
 1879              	.LASF45:
 1880 02f4 454E4142 		.ascii	"ENABLE\000"
 1880      4C4500
 1881              	.LASF71:
 1882 02fb 433A5C70 		.ascii	"C:\\projects\\clock.git\\firmware\\firmware\000"
 1882      726F6A65 
 1882      6374735C 
 1882      636C6F63 
 1882      6B2E6769 
 1883              	.LASF52:
 1884 0323 4E564943 		.ascii	"NVIC_PriorityGroupConfig\000"
 1884      5F507269 
 1884      6F726974 
 1884      7947726F 
 1884      7570436F 
 1885              		.ident	"GCC: (GNU) 4.5.0"
ARM GAS  C:\Users\z80\AppData\Local\Temp\ccxEOsyX.s 			page 38


DEFINED SYMBOLS
                            *ABS*:00000000 misc.c
C:\Users\z80\AppData\Local\Temp\ccxEOsyX.s:24     .text.NVIC_PriorityGroupConfig:00000000 $t
C:\Users\z80\AppData\Local\Temp\ccxEOsyX.s:30     .text.NVIC_PriorityGroupConfig:00000000 NVIC_PriorityGroupConfig
C:\Users\z80\AppData\Local\Temp\ccxEOsyX.s:90     .text.NVIC_Init:00000000 $t
C:\Users\z80\AppData\Local\Temp\ccxEOsyX.s:96     .text.NVIC_Init:00000000 NVIC_Init
C:\Users\z80\AppData\Local\Temp\ccxEOsyX.s:249    .text.NVIC_SetVectorTable:00000000 $t
C:\Users\z80\AppData\Local\Temp\ccxEOsyX.s:255    .text.NVIC_SetVectorTable:00000000 NVIC_SetVectorTable
C:\Users\z80\AppData\Local\Temp\ccxEOsyX.s:315    .text.NVIC_SystemLPConfig:00000000 $t
C:\Users\z80\AppData\Local\Temp\ccxEOsyX.s:321    .text.NVIC_SystemLPConfig:00000000 NVIC_SystemLPConfig
C:\Users\z80\AppData\Local\Temp\ccxEOsyX.s:412    .text.SysTick_CLKSourceConfig:00000000 $t
C:\Users\z80\AppData\Local\Temp\ccxEOsyX.s:418    .text.SysTick_CLKSourceConfig:00000000 SysTick_CLKSourceConfig
                     .debug_frame:00000010 $d

UNDEFINED SYMBOLS
assert_param
