ARM GAS  C:\Users\z80\AppData\Local\Temp\cc96s6Pr.s 			page 1


   1              		.syntax unified
   2              		.cpu cortex-m3
   3              		.fpu softvfp
   4              		.eabi_attribute 20, 1
   5              		.eabi_attribute 21, 1
   6              		.eabi_attribute 23, 3
   7              		.eabi_attribute 24, 1
   8              		.eabi_attribute 25, 1
   9              		.eabi_attribute 26, 1
  10              		.eabi_attribute 30, 6
  11              		.eabi_attribute 18, 4
  12              		.thumb
  13              		.file	"mmcsd.c"
  14              		.section	.debug_abbrev,"",%progbits
  15              	.Ldebug_abbrev0:
  16              		.section	.debug_info,"",%progbits
  17              	.Ldebug_info0:
  18              		.section	.debug_line,"",%progbits
  19              	.Ldebug_line0:
  20 0000 06010000 		.text
  20      0200C600 
  20      00000201 
  20      FB0E0D00 
  20      01010101 
  21              	.Ltext0:
  22              		.cfi_sections	.debug_frame
  23              		.section	.text.mmcsd_get_slice,"ax",%progbits
  24              		.align	2
  25              		.p2align 4,,15
  26              		.thumb
  27              		.thumb_func
  28              		.type	mmcsd_get_slice, %function
  29              	mmcsd_get_slice:
  30              	.LFB63:
  31              		.file 1 "../chibios_2.6.3/os/hal/src/mmcsd.c"
  32              		.loc 1 69 0
  33              		.cfi_startproc
  34              		@ args = 0, pretend = 0, frame = 32
  35              		@ frame_needed = 0, uses_anonymous_args = 0
  36              		@ link register save eliminated.
  37 0000 88B0     		sub	sp, sp, #32
  38              	.LCFI0:
  39              		.cfi_def_cfa_offset 32
  40 0002 0390     		str	r0, [sp, #12]
  41 0004 0291     		str	r1, [sp, #8]
  42 0006 0192     		str	r2, [sp, #4]
  43              		.loc 1 73 0
  44 0008 029A     		ldr	r2, [sp, #8]
  45 000a 019B     		ldr	r3, [sp, #4]
  46 000c 9A42     		cmp	r2, r3
  47 000e 04D3     		bcc	.L3
  48              		.loc 1 73 0 is_stmt 0 discriminator 1
  49 0010 029A     		ldr	r2, [sp, #8]
  50 0012 019B     		ldr	r3, [sp, #4]
  51 0014 C3EB0203 		rsb	r3, r3, r2
  52 0018 1F2B     		cmp	r3, #31
  53              	.L3:
ARM GAS  C:\Users\z80\AppData\Local\Temp\cc96s6Pr.s 			page 2


  54              		.loc 1 75 0 is_stmt 1
  55 001a 019B     		ldr	r3, [sp, #4]
  56 001c 4FEA5313 		lsr	r3, r3, #5
  57 0020 0793     		str	r3, [sp, #28]
  58              		.loc 1 76 0
  59 0022 019B     		ldr	r3, [sp, #4]
  60 0024 03F01F03 		and	r3, r3, #31
  61 0028 0693     		str	r3, [sp, #24]
  62              		.loc 1 77 0
  63 002a 029B     		ldr	r3, [sp, #8]
  64 002c 4FEA5313 		lsr	r3, r3, #5
  65 0030 0593     		str	r3, [sp, #20]
  66              		.loc 1 78 0
  67 0032 029B     		ldr	r3, [sp, #8]
  68 0034 03F01F03 		and	r3, r3, #31
  69 0038 03F10103 		add	r3, r3, #1
  70 003c 4FF00102 		mov	r2, #1
  71 0040 02FA03F3 		lsl	r3, r2, r3
  72 0044 03F1FF33 		add	r3, r3, #-1
  73 0048 0493     		str	r3, [sp, #16]
  74              		.loc 1 81 0
  75 004a 079A     		ldr	r2, [sp, #28]
  76 004c 059B     		ldr	r3, [sp, #20]
  77 004e 9A42     		cmp	r2, r3
  78 0050 19D2     		bcs	.L4
  79              		.loc 1 82 0
  80 0052 079B     		ldr	r3, [sp, #28]
  81 0054 4FEA8303 		lsl	r3, r3, #2
  82 0058 039A     		ldr	r2, [sp, #12]
  83 005a 1344     		add	r3, r2, r3
  84 005c 1A68     		ldr	r2, [r3, #0]
  85 005e 069B     		ldr	r3, [sp, #24]
  86 0060 22FA03F2 		lsr	r2, r2, r3
  87              		.loc 1 83 0
  88 0064 059B     		ldr	r3, [sp, #20]
  89 0066 4FEA8303 		lsl	r3, r3, #2
  90 006a 0399     		ldr	r1, [sp, #12]
  91 006c 0B44     		add	r3, r1, r3
  92 006e 1968     		ldr	r1, [r3, #0]
  93 0070 049B     		ldr	r3, [sp, #16]
  94 0072 01EA0301 		and	r1, r1, r3
  95 0076 069B     		ldr	r3, [sp, #24]
  96 0078 C3F12003 		rsb	r3, r3, #32
  97 007c 01FA03F3 		lsl	r3, r1, r3
  98              		.loc 1 82 0
  99 0080 42EA0303 		orr	r3, r2, r3
 100 0084 0BE0     		b	.L5
 101              	.L4:
 102              		.loc 1 84 0
 103 0086 079B     		ldr	r3, [sp, #28]
 104 0088 4FEA8303 		lsl	r3, r3, #2
 105 008c 039A     		ldr	r2, [sp, #12]
 106 008e 1344     		add	r3, r2, r3
 107 0090 1A68     		ldr	r2, [r3, #0]
 108 0092 049B     		ldr	r3, [sp, #16]
 109 0094 02EA0302 		and	r2, r2, r3
 110 0098 069B     		ldr	r3, [sp, #24]
ARM GAS  C:\Users\z80\AppData\Local\Temp\cc96s6Pr.s 			page 3


 111 009a 22FA03F3 		lsr	r3, r2, r3
 112              	.L5:
 113              		.loc 1 85 0
 114 009e 1846     		mov	r0, r3
 115 00a0 08B0     		add	sp, sp, #32
 116 00a2 7047     		bx	lr
 117              		.cfi_endproc
 118              	.LFE63:
 119              		.size	mmcsd_get_slice, .-mmcsd_get_slice
 120 00a4 AFF30080 		.section	.text.mmcsdGetCapacity,"ax",%progbits
 120      AFF30080 
 120      AFF30080 
 121              		.align	2
 122              		.p2align 4,,15
 123              		.global	mmcsdGetCapacity
 124              		.thumb
 125              		.thumb_func
 126              		.type	mmcsdGetCapacity, %function
 127              	mmcsdGetCapacity:
 128              	.LFB64:
 129              		.loc 1 100 0
 130              		.cfi_startproc
 131              		@ args = 0, pretend = 0, frame = 24
 132              		@ frame_needed = 0, uses_anonymous_args = 0
 133 0000 00B5     		push	{lr}
 134              	.LCFI1:
 135              		.cfi_def_cfa_offset 4
 136 0002 87B0     		sub	sp, sp, #28
 137              	.LCFI2:
 138              		.cfi_def_cfa_offset 32
 139 0004 0190     		str	r0, [sp, #4]
 140              		.loc 1 102 0
 141 0006 019B     		ldr	r3, [sp, #4]
 142 0008 03F10C03 		add	r3, r3, #12
 143 000c 1B68     		ldr	r3, [r3, #0]
 144 000e 4FEA9373 		lsr	r3, r3, #30
 145 0012 002B     		cmp	r3, #0
 146 0014 02D0     		beq	.L8
 147              		.cfi_offset 14, -4
 148 0016 012B     		cmp	r3, #1
 149 0018 29D0     		beq	.L9
 150 001a 35E0     		b	.L11
 151              	.L8:
 152              	.LBB2:
 153              		.loc 1 106 0
 154 001c 0198     		ldr	r0, [sp, #4]
 155 001e 4FF04901 		mov	r1, #73
 156 0022 4FF03E02 		mov	r2, #62
 157 0026 FFF7FEFF 		bl	mmcsd_get_slice
 158 002a 0346     		mov	r3, r0
 159 002c 0593     		str	r3, [sp, #20]
 160              		.loc 1 107 0
 161 002e 0198     		ldr	r0, [sp, #4]
 162 0030 4FF03101 		mov	r1, #49
 163 0034 4FF02F02 		mov	r2, #47
 164 0038 FFF7FEFF 		bl	mmcsd_get_slice
 165 003c 0346     		mov	r3, r0
ARM GAS  C:\Users\z80\AppData\Local\Temp\cc96s6Pr.s 			page 4


 166 003e 0493     		str	r3, [sp, #16]
 167              		.loc 1 108 0
 168 0040 0198     		ldr	r0, [sp, #4]
 169 0042 4FF05301 		mov	r1, #83
 170 0046 4FF05002 		mov	r2, #80
 171 004a FFF7FEFF 		bl	mmcsd_get_slice
 172 004e 0346     		mov	r3, r0
 173 0050 0393     		str	r3, [sp, #12]
 174              		.loc 1 109 0
 175 0052 059B     		ldr	r3, [sp, #20]
 176 0054 03F10102 		add	r2, r3, #1
 177 0058 049B     		ldr	r3, [sp, #16]
 178 005a 03F10203 		add	r3, r3, #2
 179 005e 02FA03F2 		lsl	r2, r2, r3
 180 0062 039B     		ldr	r3, [sp, #12]
 181 0064 A3F10903 		sub	r3, r3, #9
 182 0068 02FA03F3 		lsl	r3, r2, r3
 183 006c 0EE0     		b	.L10
 184              	.L9:
 185              		.loc 1 112 0
 186 006e 0198     		ldr	r0, [sp, #4]
 187 0070 4FF04501 		mov	r1, #69
 188 0074 4FF03002 		mov	r2, #48
 189 0078 FFF7FEFF 		bl	mmcsd_get_slice
 190 007c 0346     		mov	r3, r0
 191 007e 03F10103 		add	r3, r3, #1
 192 0082 4FEA8323 		lsl	r3, r3, #10
 193 0086 01E0     		b	.L10
 194              	.L11:
 195              		.loc 1 115 0
 196 0088 4FF00003 		mov	r3, #0
 197              	.L10:
 198              	.LBE2:
 199              		.loc 1 117 0
 200 008c 1846     		mov	r0, r3
 201 008e 07B0     		add	sp, sp, #28
 202 0090 00BD     		pop	{pc}
 203              		.cfi_endproc
 204              	.LFE64:
 205              		.size	mmcsdGetCapacity, .-mmcsdGetCapacity
 206 0092 00BFAFF3 		.text
 206      0080AFF3 
 206      0080AFF3 
 206      0080
 207              	.Letext0:
 208              		.section	.debug_loc,"",%progbits
 209              	.Ldebug_loc0:
 210              	.LLST0:
 211 0000 00000000 		.4byte	.LFB63
 212 0004 02000000 		.4byte	.LCFI0
 213 0008 0200     		.2byte	0x2
 214 000a 7D       		.byte	0x7d
 215 000b 00       		.sleb128 0
 216 000c 02000000 		.4byte	.LCFI0
 217 0010 A4000000 		.4byte	.LFE63
 218 0014 0200     		.2byte	0x2
 219 0016 7D       		.byte	0x7d
ARM GAS  C:\Users\z80\AppData\Local\Temp\cc96s6Pr.s 			page 5


 220 0017 20       		.sleb128 32
 221 0018 00000000 		.4byte	0x0
 222 001c 00000000 		.4byte	0x0
 223              	.LLST1:
 224 0020 00000000 		.4byte	.LFB64
 225 0024 02000000 		.4byte	.LCFI1
 226 0028 0200     		.2byte	0x2
 227 002a 7D       		.byte	0x7d
 228 002b 00       		.sleb128 0
 229 002c 02000000 		.4byte	.LCFI1
 230 0030 04000000 		.4byte	.LCFI2
 231 0034 0200     		.2byte	0x2
 232 0036 7D       		.byte	0x7d
 233 0037 04       		.sleb128 4
 234 0038 04000000 		.4byte	.LCFI2
 235 003c 92000000 		.4byte	.LFE64
 236 0040 0200     		.2byte	0x2
 237 0042 7D       		.byte	0x7d
 238 0043 20       		.sleb128 32
 239 0044 00000000 		.4byte	0x0
 240 0048 00000000 		.4byte	0x0
 241              		.file 2 "c:/programs/yagarto/lib/gcc/../../arm-none-eabi/sys-include/stdint.h"
 242              		.file 3 "../chibios_2.6.3/os/ports/common/ARMCMx/CMSIS/include/core_cm3.h"
 243              		.section	.debug_info
 244 0000 93010000 		.4byte	0x193
 245 0004 0200     		.2byte	0x2
 246 0006 00000000 		.4byte	.Ldebug_abbrev0
 247 000a 04       		.byte	0x4
 248 000b 01       		.uleb128 0x1
 249 000c 00000000 		.4byte	.LASF20
 250 0010 01       		.byte	0x1
 251 0011 80000000 		.4byte	.LASF21
 252 0015 0D010000 		.4byte	.LASF22
 253 0019 00000000 		.4byte	0x0
 254 001d 00000000 		.4byte	0x0
 255 0021 00000000 		.4byte	.Ldebug_ranges0+0x0
 256 0025 00000000 		.4byte	.Ldebug_line0
 257 0029 02       		.uleb128 0x2
 258 002a 04       		.byte	0x4
 259 002b 05       		.byte	0x5
 260 002c 696E7400 		.ascii	"int\000"
 261 0030 03       		.uleb128 0x3
 262 0031 04       		.byte	0x4
 263 0032 07       		.byte	0x7
 264 0033 AC000000 		.4byte	.LASF0
 265 0037 03       		.uleb128 0x3
 266 0038 01       		.byte	0x1
 267 0039 06       		.byte	0x6
 268 003a 01010000 		.4byte	.LASF1
 269 003e 03       		.uleb128 0x3
 270 003f 01       		.byte	0x1
 271 0040 08       		.byte	0x8
 272 0041 40000000 		.4byte	.LASF2
 273 0045 03       		.uleb128 0x3
 274 0046 02       		.byte	0x2
 275 0047 05       		.byte	0x5
 276 0048 D4000000 		.4byte	.LASF3
ARM GAS  C:\Users\z80\AppData\Local\Temp\cc96s6Pr.s 			page 6


 277 004c 03       		.uleb128 0x3
 278 004d 02       		.byte	0x2
 279 004e 07       		.byte	0x7
 280 004f 60000000 		.4byte	.LASF4
 281 0053 04       		.uleb128 0x4
 282 0054 BE000000 		.4byte	.LASF6
 283 0058 02       		.byte	0x2
 284 0059 4F       		.byte	0x4f
 285 005a 5E000000 		.4byte	0x5e
 286 005e 03       		.uleb128 0x3
 287 005f 04       		.byte	0x4
 288 0060 05       		.byte	0x5
 289 0061 E7000000 		.4byte	.LASF5
 290 0065 04       		.uleb128 0x4
 291 0066 DE000000 		.4byte	.LASF7
 292 006a 02       		.byte	0x2
 293 006b 50       		.byte	0x50
 294 006c 70000000 		.4byte	0x70
 295 0070 03       		.uleb128 0x3
 296 0071 04       		.byte	0x4
 297 0072 07       		.byte	0x7
 298 0073 4E000000 		.4byte	.LASF8
 299 0077 03       		.uleb128 0x3
 300 0078 08       		.byte	0x8
 301 0079 05       		.byte	0x5
 302 007a C6000000 		.4byte	.LASF9
 303 007e 03       		.uleb128 0x3
 304 007f 08       		.byte	0x8
 305 0080 07       		.byte	0x7
 306 0081 3B010000 		.4byte	.LASF10
 307 0085 03       		.uleb128 0x3
 308 0086 01       		.byte	0x1
 309 0087 02       		.byte	0x2
 310 0088 35010000 		.4byte	.LASF11
 311 008c 05       		.uleb128 0x5
 312 008d 04       		.byte	0x4
 313 008e 07       		.byte	0x7
 314 008f 03       		.uleb128 0x3
 315 0090 01       		.byte	0x1
 316 0091 08       		.byte	0x8
 317 0092 B9000000 		.4byte	.LASF12
 318 0096 06       		.uleb128 0x6
 319 0097 53000000 		.4byte	0x53
 320 009b 07       		.uleb128 0x7
 321 009c 2B000000 		.4byte	.LASF23
 322 00a0 01       		.byte	0x1
 323 00a1 45       		.byte	0x45
 324 00a2 01       		.byte	0x1
 325 00a3 65000000 		.4byte	0x65
 326 00a7 00000000 		.4byte	.LFB63
 327 00ab A4000000 		.4byte	.LFE63
 328 00af 00000000 		.4byte	.LLST0
 329 00b3 1A010000 		.4byte	0x11a
 330 00b7 08       		.uleb128 0x8
 331 00b8 3B000000 		.4byte	.LASF13
 332 00bc 01       		.byte	0x1
 333 00bd 45       		.byte	0x45
ARM GAS  C:\Users\z80\AppData\Local\Temp\cc96s6Pr.s 			page 7


 334 00be 1A010000 		.4byte	0x11a
 335 00c2 02       		.byte	0x2
 336 00c3 91       		.byte	0x91
 337 00c4 6C       		.sleb128 -20
 338 00c5 09       		.uleb128 0x9
 339 00c6 656E6400 		.ascii	"end\000"
 340 00ca 01       		.byte	0x1
 341 00cb 45       		.byte	0x45
 342 00cc 65000000 		.4byte	0x65
 343 00d0 02       		.byte	0x2
 344 00d1 91       		.byte	0x91
 345 00d2 68       		.sleb128 -24
 346 00d3 08       		.uleb128 0x8
 347 00d4 0C000000 		.4byte	.LASF14
 348 00d8 01       		.byte	0x1
 349 00d9 45       		.byte	0x45
 350 00da 65000000 		.4byte	0x65
 351 00de 02       		.byte	0x2
 352 00df 91       		.byte	0x91
 353 00e0 64       		.sleb128 -28
 354 00e1 0A       		.uleb128 0xa
 355 00e2 22000000 		.4byte	.LASF15
 356 00e6 01       		.byte	0x1
 357 00e7 46       		.byte	0x46
 358 00e8 30000000 		.4byte	0x30
 359 00ec 02       		.byte	0x2
 360 00ed 91       		.byte	0x91
 361 00ee 7C       		.sleb128 -4
 362 00ef 0A       		.uleb128 0xa
 363 00f0 12000000 		.4byte	.LASF16
 364 00f4 01       		.byte	0x1
 365 00f5 46       		.byte	0x46
 366 00f6 30000000 		.4byte	0x30
 367 00fa 02       		.byte	0x2
 368 00fb 91       		.byte	0x91
 369 00fc 74       		.sleb128 -12
 370 00fd 0A       		.uleb128 0xa
 371 00fe 19000000 		.4byte	.LASF17
 372 0102 01       		.byte	0x1
 373 0103 46       		.byte	0x46
 374 0104 30000000 		.4byte	0x30
 375 0108 02       		.byte	0x2
 376 0109 91       		.byte	0x91
 377 010a 78       		.sleb128 -8
 378 010b 0A       		.uleb128 0xa
 379 010c A4000000 		.4byte	.LASF18
 380 0110 01       		.byte	0x1
 381 0111 47       		.byte	0x47
 382 0112 65000000 		.4byte	0x65
 383 0116 02       		.byte	0x2
 384 0117 91       		.byte	0x91
 385 0118 70       		.sleb128 -16
 386 0119 00       		.byte	0x0
 387 011a 0B       		.uleb128 0xb
 388 011b 04       		.byte	0x4
 389 011c 65000000 		.4byte	0x65
 390 0120 0C       		.uleb128 0xc
ARM GAS  C:\Users\z80\AppData\Local\Temp\cc96s6Pr.s 			page 8


 391 0121 01       		.byte	0x1
 392 0122 F0000000 		.4byte	.LASF24
 393 0126 01       		.byte	0x1
 394 0127 64       		.byte	0x64
 395 0128 01       		.byte	0x1
 396 0129 65000000 		.4byte	0x65
 397 012d 00000000 		.4byte	.LFB64
 398 0131 92000000 		.4byte	.LFE64
 399 0135 20000000 		.4byte	.LLST1
 400 0139 7A010000 		.4byte	0x17a
 401 013d 09       		.uleb128 0x9
 402 013e 63736400 		.ascii	"csd\000"
 403 0142 01       		.byte	0x1
 404 0143 64       		.byte	0x64
 405 0144 1A010000 		.4byte	0x11a
 406 0148 02       		.byte	0x2
 407 0149 91       		.byte	0x91
 408 014a 64       		.sleb128 -28
 409 014b 0D       		.uleb128 0xd
 410 014c 1C000000 		.4byte	.LBB2
 411 0150 8C000000 		.4byte	.LBE2
 412 0154 0E       		.uleb128 0xe
 413 0155 6100     		.ascii	"a\000"
 414 0157 01       		.byte	0x1
 415 0158 67       		.byte	0x67
 416 0159 65000000 		.4byte	0x65
 417 015d 02       		.byte	0x2
 418 015e 91       		.byte	0x91
 419 015f 74       		.sleb128 -12
 420 0160 0E       		.uleb128 0xe
 421 0161 6200     		.ascii	"b\000"
 422 0163 01       		.byte	0x1
 423 0164 67       		.byte	0x67
 424 0165 65000000 		.4byte	0x65
 425 0169 02       		.byte	0x2
 426 016a 91       		.byte	0x91
 427 016b 70       		.sleb128 -16
 428 016c 0E       		.uleb128 0xe
 429 016d 6300     		.ascii	"c\000"
 430 016f 01       		.byte	0x1
 431 0170 67       		.byte	0x67
 432 0171 65000000 		.4byte	0x65
 433 0175 02       		.byte	0x2
 434 0176 91       		.byte	0x91
 435 0177 6C       		.sleb128 -20
 436 0178 00       		.byte	0x0
 437 0179 00       		.byte	0x0
 438 017a 0F       		.uleb128 0xf
 439 017b 73000000 		.4byte	.LASF19
 440 017f 03       		.byte	0x3
 441 0180 0706     		.2byte	0x607
 442 0182 96000000 		.4byte	0x96
 443 0186 01       		.byte	0x1
 444 0187 01       		.byte	0x1
 445 0188 0F       		.uleb128 0xf
 446 0189 73000000 		.4byte	.LASF19
 447 018d 03       		.byte	0x3
ARM GAS  C:\Users\z80\AppData\Local\Temp\cc96s6Pr.s 			page 9


 448 018e 0706     		.2byte	0x607
 449 0190 96000000 		.4byte	0x96
 450 0194 01       		.byte	0x1
 451 0195 01       		.byte	0x1
 452 0196 00       		.byte	0x0
 453              		.section	.debug_abbrev
 454 0000 01       		.uleb128 0x1
 455 0001 11       		.uleb128 0x11
 456 0002 01       		.byte	0x1
 457 0003 25       		.uleb128 0x25
 458 0004 0E       		.uleb128 0xe
 459 0005 13       		.uleb128 0x13
 460 0006 0B       		.uleb128 0xb
 461 0007 03       		.uleb128 0x3
 462 0008 0E       		.uleb128 0xe
 463 0009 1B       		.uleb128 0x1b
 464 000a 0E       		.uleb128 0xe
 465 000b 11       		.uleb128 0x11
 466 000c 01       		.uleb128 0x1
 467 000d 52       		.uleb128 0x52
 468 000e 01       		.uleb128 0x1
 469 000f 55       		.uleb128 0x55
 470 0010 06       		.uleb128 0x6
 471 0011 10       		.uleb128 0x10
 472 0012 06       		.uleb128 0x6
 473 0013 00       		.byte	0x0
 474 0014 00       		.byte	0x0
 475 0015 02       		.uleb128 0x2
 476 0016 24       		.uleb128 0x24
 477 0017 00       		.byte	0x0
 478 0018 0B       		.uleb128 0xb
 479 0019 0B       		.uleb128 0xb
 480 001a 3E       		.uleb128 0x3e
 481 001b 0B       		.uleb128 0xb
 482 001c 03       		.uleb128 0x3
 483 001d 08       		.uleb128 0x8
 484 001e 00       		.byte	0x0
 485 001f 00       		.byte	0x0
 486 0020 03       		.uleb128 0x3
 487 0021 24       		.uleb128 0x24
 488 0022 00       		.byte	0x0
 489 0023 0B       		.uleb128 0xb
 490 0024 0B       		.uleb128 0xb
 491 0025 3E       		.uleb128 0x3e
 492 0026 0B       		.uleb128 0xb
 493 0027 03       		.uleb128 0x3
 494 0028 0E       		.uleb128 0xe
 495 0029 00       		.byte	0x0
 496 002a 00       		.byte	0x0
 497 002b 04       		.uleb128 0x4
 498 002c 16       		.uleb128 0x16
 499 002d 00       		.byte	0x0
 500 002e 03       		.uleb128 0x3
 501 002f 0E       		.uleb128 0xe
 502 0030 3A       		.uleb128 0x3a
 503 0031 0B       		.uleb128 0xb
 504 0032 3B       		.uleb128 0x3b
ARM GAS  C:\Users\z80\AppData\Local\Temp\cc96s6Pr.s 			page 10


 505 0033 0B       		.uleb128 0xb
 506 0034 49       		.uleb128 0x49
 507 0035 13       		.uleb128 0x13
 508 0036 00       		.byte	0x0
 509 0037 00       		.byte	0x0
 510 0038 05       		.uleb128 0x5
 511 0039 24       		.uleb128 0x24
 512 003a 00       		.byte	0x0
 513 003b 0B       		.uleb128 0xb
 514 003c 0B       		.uleb128 0xb
 515 003d 3E       		.uleb128 0x3e
 516 003e 0B       		.uleb128 0xb
 517 003f 00       		.byte	0x0
 518 0040 00       		.byte	0x0
 519 0041 06       		.uleb128 0x6
 520 0042 35       		.uleb128 0x35
 521 0043 00       		.byte	0x0
 522 0044 49       		.uleb128 0x49
 523 0045 13       		.uleb128 0x13
 524 0046 00       		.byte	0x0
 525 0047 00       		.byte	0x0
 526 0048 07       		.uleb128 0x7
 527 0049 2E       		.uleb128 0x2e
 528 004a 01       		.byte	0x1
 529 004b 03       		.uleb128 0x3
 530 004c 0E       		.uleb128 0xe
 531 004d 3A       		.uleb128 0x3a
 532 004e 0B       		.uleb128 0xb
 533 004f 3B       		.uleb128 0x3b
 534 0050 0B       		.uleb128 0xb
 535 0051 27       		.uleb128 0x27
 536 0052 0C       		.uleb128 0xc
 537 0053 49       		.uleb128 0x49
 538 0054 13       		.uleb128 0x13
 539 0055 11       		.uleb128 0x11
 540 0056 01       		.uleb128 0x1
 541 0057 12       		.uleb128 0x12
 542 0058 01       		.uleb128 0x1
 543 0059 40       		.uleb128 0x40
 544 005a 06       		.uleb128 0x6
 545 005b 01       		.uleb128 0x1
 546 005c 13       		.uleb128 0x13
 547 005d 00       		.byte	0x0
 548 005e 00       		.byte	0x0
 549 005f 08       		.uleb128 0x8
 550 0060 05       		.uleb128 0x5
 551 0061 00       		.byte	0x0
 552 0062 03       		.uleb128 0x3
 553 0063 0E       		.uleb128 0xe
 554 0064 3A       		.uleb128 0x3a
 555 0065 0B       		.uleb128 0xb
 556 0066 3B       		.uleb128 0x3b
 557 0067 0B       		.uleb128 0xb
 558 0068 49       		.uleb128 0x49
 559 0069 13       		.uleb128 0x13
 560 006a 02       		.uleb128 0x2
 561 006b 0A       		.uleb128 0xa
ARM GAS  C:\Users\z80\AppData\Local\Temp\cc96s6Pr.s 			page 11


 562 006c 00       		.byte	0x0
 563 006d 00       		.byte	0x0
 564 006e 09       		.uleb128 0x9
 565 006f 05       		.uleb128 0x5
 566 0070 00       		.byte	0x0
 567 0071 03       		.uleb128 0x3
 568 0072 08       		.uleb128 0x8
 569 0073 3A       		.uleb128 0x3a
 570 0074 0B       		.uleb128 0xb
 571 0075 3B       		.uleb128 0x3b
 572 0076 0B       		.uleb128 0xb
 573 0077 49       		.uleb128 0x49
 574 0078 13       		.uleb128 0x13
 575 0079 02       		.uleb128 0x2
 576 007a 0A       		.uleb128 0xa
 577 007b 00       		.byte	0x0
 578 007c 00       		.byte	0x0
 579 007d 0A       		.uleb128 0xa
 580 007e 34       		.uleb128 0x34
 581 007f 00       		.byte	0x0
 582 0080 03       		.uleb128 0x3
 583 0081 0E       		.uleb128 0xe
 584 0082 3A       		.uleb128 0x3a
 585 0083 0B       		.uleb128 0xb
 586 0084 3B       		.uleb128 0x3b
 587 0085 0B       		.uleb128 0xb
 588 0086 49       		.uleb128 0x49
 589 0087 13       		.uleb128 0x13
 590 0088 02       		.uleb128 0x2
 591 0089 0A       		.uleb128 0xa
 592 008a 00       		.byte	0x0
 593 008b 00       		.byte	0x0
 594 008c 0B       		.uleb128 0xb
 595 008d 0F       		.uleb128 0xf
 596 008e 00       		.byte	0x0
 597 008f 0B       		.uleb128 0xb
 598 0090 0B       		.uleb128 0xb
 599 0091 49       		.uleb128 0x49
 600 0092 13       		.uleb128 0x13
 601 0093 00       		.byte	0x0
 602 0094 00       		.byte	0x0
 603 0095 0C       		.uleb128 0xc
 604 0096 2E       		.uleb128 0x2e
 605 0097 01       		.byte	0x1
 606 0098 3F       		.uleb128 0x3f
 607 0099 0C       		.uleb128 0xc
 608 009a 03       		.uleb128 0x3
 609 009b 0E       		.uleb128 0xe
 610 009c 3A       		.uleb128 0x3a
 611 009d 0B       		.uleb128 0xb
 612 009e 3B       		.uleb128 0x3b
 613 009f 0B       		.uleb128 0xb
 614 00a0 27       		.uleb128 0x27
 615 00a1 0C       		.uleb128 0xc
 616 00a2 49       		.uleb128 0x49
 617 00a3 13       		.uleb128 0x13
 618 00a4 11       		.uleb128 0x11
ARM GAS  C:\Users\z80\AppData\Local\Temp\cc96s6Pr.s 			page 12


 619 00a5 01       		.uleb128 0x1
 620 00a6 12       		.uleb128 0x12
 621 00a7 01       		.uleb128 0x1
 622 00a8 40       		.uleb128 0x40
 623 00a9 06       		.uleb128 0x6
 624 00aa 01       		.uleb128 0x1
 625 00ab 13       		.uleb128 0x13
 626 00ac 00       		.byte	0x0
 627 00ad 00       		.byte	0x0
 628 00ae 0D       		.uleb128 0xd
 629 00af 0B       		.uleb128 0xb
 630 00b0 01       		.byte	0x1
 631 00b1 11       		.uleb128 0x11
 632 00b2 01       		.uleb128 0x1
 633 00b3 12       		.uleb128 0x12
 634 00b4 01       		.uleb128 0x1
 635 00b5 00       		.byte	0x0
 636 00b6 00       		.byte	0x0
 637 00b7 0E       		.uleb128 0xe
 638 00b8 34       		.uleb128 0x34
 639 00b9 00       		.byte	0x0
 640 00ba 03       		.uleb128 0x3
 641 00bb 08       		.uleb128 0x8
 642 00bc 3A       		.uleb128 0x3a
 643 00bd 0B       		.uleb128 0xb
 644 00be 3B       		.uleb128 0x3b
 645 00bf 0B       		.uleb128 0xb
 646 00c0 49       		.uleb128 0x49
 647 00c1 13       		.uleb128 0x13
 648 00c2 02       		.uleb128 0x2
 649 00c3 0A       		.uleb128 0xa
 650 00c4 00       		.byte	0x0
 651 00c5 00       		.byte	0x0
 652 00c6 0F       		.uleb128 0xf
 653 00c7 34       		.uleb128 0x34
 654 00c8 00       		.byte	0x0
 655 00c9 03       		.uleb128 0x3
 656 00ca 0E       		.uleb128 0xe
 657 00cb 3A       		.uleb128 0x3a
 658 00cc 0B       		.uleb128 0xb
 659 00cd 3B       		.uleb128 0x3b
 660 00ce 05       		.uleb128 0x5
 661 00cf 49       		.uleb128 0x49
 662 00d0 13       		.uleb128 0x13
 663 00d1 3F       		.uleb128 0x3f
 664 00d2 0C       		.uleb128 0xc
 665 00d3 3C       		.uleb128 0x3c
 666 00d4 0C       		.uleb128 0xc
 667 00d5 00       		.byte	0x0
 668 00d6 00       		.byte	0x0
 669 00d7 00       		.byte	0x0
 670              		.section	.debug_pubnames,"",%progbits
 671 0000 23000000 		.4byte	0x23
 672 0004 0200     		.2byte	0x2
 673 0006 00000000 		.4byte	.Ldebug_info0
 674 000a 97010000 		.4byte	0x197
 675 000e 20010000 		.4byte	0x120
ARM GAS  C:\Users\z80\AppData\Local\Temp\cc96s6Pr.s 			page 13


 676 0012 6D6D6373 		.ascii	"mmcsdGetCapacity\000"
 676      64476574 
 676      43617061 
 676      63697479 
 676      00
 677 0023 00000000 		.4byte	0x0
 678              		.section	.debug_pubtypes,"",%progbits
 679 0000 27000000 		.4byte	0x27
 680 0004 0200     		.2byte	0x2
 681 0006 00000000 		.4byte	.Ldebug_info0
 682 000a 97010000 		.4byte	0x197
 683 000e 53000000 		.4byte	0x53
 684 0012 696E7433 		.ascii	"int32_t\000"
 684      325F7400 
 685 001a 65000000 		.4byte	0x65
 686 001e 75696E74 		.ascii	"uint32_t\000"
 686      33325F74 
 686      00
 687 0027 00000000 		.4byte	0x0
 688              		.section	.debug_aranges,"",%progbits
 689 0000 24000000 		.4byte	0x24
 690 0004 0200     		.2byte	0x2
 691 0006 00000000 		.4byte	.Ldebug_info0
 692 000a 04       		.byte	0x4
 693 000b 00       		.byte	0x0
 694 000c 0000     		.2byte	0x0
 695 000e 0000     		.2byte	0x0
 696 0010 00000000 		.4byte	.LFB63
 697 0014 A4000000 		.4byte	.LFE63-.LFB63
 698 0018 00000000 		.4byte	.LFB64
 699 001c 92000000 		.4byte	.LFE64-.LFB64
 700 0020 00000000 		.4byte	0x0
 701 0024 00000000 		.4byte	0x0
 702              		.section	.debug_ranges,"",%progbits
 703              	.Ldebug_ranges0:
 704 0000 00000000 		.4byte	.LFB63
 705 0004 A4000000 		.4byte	.LFE63
 706 0008 00000000 		.4byte	.LFB64
 707 000c 92000000 		.4byte	.LFE64
 708 0010 00000000 		.4byte	0x0
 709 0014 00000000 		.4byte	0x0
 710              		.section	.debug_str,"MS",%progbits,1
 711              	.LASF20:
 712 0000 474E5520 		.ascii	"GNU C 4.5.0\000"
 712      4320342E 
 712      352E3000 
 713              	.LASF14:
 714 000c 73746172 		.ascii	"start\000"
 714      7400
 715              	.LASF16:
 716 0012 656E6469 		.ascii	"endidx\000"
 716      647800
 717              	.LASF17:
 718 0019 73746172 		.ascii	"startoff\000"
 718      746F6666 
 718      00
 719              	.LASF15:
ARM GAS  C:\Users\z80\AppData\Local\Temp\cc96s6Pr.s 			page 14


 720 0022 73746172 		.ascii	"startidx\000"
 720      74696478 
 720      00
 721              	.LASF23:
 722 002b 6D6D6373 		.ascii	"mmcsd_get_slice\000"
 722      645F6765 
 722      745F736C 
 722      69636500 
 723              	.LASF13:
 724 003b 64617461 		.ascii	"data\000"
 724      00
 725              	.LASF2:
 726 0040 756E7369 		.ascii	"unsigned char\000"
 726      676E6564 
 726      20636861 
 726      7200
 727              	.LASF8:
 728 004e 6C6F6E67 		.ascii	"long unsigned int\000"
 728      20756E73 
 728      69676E65 
 728      6420696E 
 728      7400
 729              	.LASF4:
 730 0060 73686F72 		.ascii	"short unsigned int\000"
 730      7420756E 
 730      7369676E 
 730      65642069 
 730      6E7400
 731              	.LASF19:
 732 0073 49544D5F 		.ascii	"ITM_RxBuffer\000"
 732      52784275 
 732      66666572 
 732      00
 733              	.LASF21:
 734 0080 2E2E2F63 		.ascii	"../chibios_2.6.3/os/hal/src/mmcsd.c\000"
 734      68696269 
 734      6F735F32 
 734      2E362E33 
 734      2F6F732F 
 735              	.LASF18:
 736 00a4 656E646D 		.ascii	"endmask\000"
 736      61736B00 
 737              	.LASF0:
 738 00ac 756E7369 		.ascii	"unsigned int\000"
 738      676E6564 
 738      20696E74 
 738      00
 739              	.LASF12:
 740 00b9 63686172 		.ascii	"char\000"
 740      00
 741              	.LASF6:
 742 00be 696E7433 		.ascii	"int32_t\000"
 742      325F7400 
 743              	.LASF9:
 744 00c6 6C6F6E67 		.ascii	"long long int\000"
 744      206C6F6E 
 744      6720696E 
ARM GAS  C:\Users\z80\AppData\Local\Temp\cc96s6Pr.s 			page 15


 744      7400
 745              	.LASF3:
 746 00d4 73686F72 		.ascii	"short int\000"
 746      7420696E 
 746      7400
 747              	.LASF7:
 748 00de 75696E74 		.ascii	"uint32_t\000"
 748      33325F74 
 748      00
 749              	.LASF5:
 750 00e7 6C6F6E67 		.ascii	"long int\000"
 750      20696E74 
 750      00
 751              	.LASF24:
 752 00f0 6D6D6373 		.ascii	"mmcsdGetCapacity\000"
 752      64476574 
 752      43617061 
 752      63697479 
 752      00
 753              	.LASF1:
 754 0101 7369676E 		.ascii	"signed char\000"
 754      65642063 
 754      68617200 
 755              	.LASF22:
 756 010d 433A5C70 		.ascii	"C:\\projects\\clock.git\\firmware\\firmware\000"
 756      726F6A65 
 756      6374735C 
 756      636C6F63 
 756      6B2E6769 
 757              	.LASF11:
 758 0135 5F426F6F 		.ascii	"_Bool\000"
 758      6C00
 759              	.LASF10:
 760 013b 6C6F6E67 		.ascii	"long long unsigned int\000"
 760      206C6F6E 
 760      6720756E 
 760      7369676E 
 760      65642069 
 761              		.ident	"GCC: (GNU) 4.5.0"
ARM GAS  C:\Users\z80\AppData\Local\Temp\cc96s6Pr.s 			page 16


DEFINED SYMBOLS
                            *ABS*:00000000 mmcsd.c
C:\Users\z80\AppData\Local\Temp\cc96s6Pr.s:24     .text.mmcsd_get_slice:00000000 $t
C:\Users\z80\AppData\Local\Temp\cc96s6Pr.s:29     .text.mmcsd_get_slice:00000000 mmcsd_get_slice
C:\Users\z80\AppData\Local\Temp\cc96s6Pr.s:121    .text.mmcsdGetCapacity:00000000 $t
C:\Users\z80\AppData\Local\Temp\cc96s6Pr.s:127    .text.mmcsdGetCapacity:00000000 mmcsdGetCapacity
                     .debug_frame:00000010 $d

NO UNDEFINED SYMBOLS
