ARM GAS  C:\Users\z80\AppData\Local\Temp\ccACAQEp.s 			page 1


   1              		.syntax unified
   2              		.cpu cortex-m3
   3              		.fpu softvfp
   4              		.eabi_attribute 20, 1
   5              		.eabi_attribute 21, 1
   6              		.eabi_attribute 23, 3
   7              		.eabi_attribute 24, 1
   8              		.eabi_attribute 25, 1
   9              		.eabi_attribute 26, 1
  10              		.eabi_attribute 30, 6
  11              		.eabi_attribute 18, 4
  12              		.thumb
  13              		.file	"pal.c"
  14              		.section	.debug_abbrev,"",%progbits
  15              	.Ldebug_abbrev0:
  16              		.section	.debug_info,"",%progbits
  17              	.Ldebug_info0:
  18              		.section	.debug_line,"",%progbits
  19              	.Ldebug_line0:
  20 0000 B9010000 		.text
  20      02006401 
  20      00000201 
  20      FB0E0D00 
  20      01010101 
  21              	.Ltext0:
  22              		.cfi_sections	.debug_frame
  23              		.section	.text.palReadBus,"ax",%progbits
  24              		.align	2
  25              		.p2align 4,,15
  26              		.global	palReadBus
  27              		.thumb
  28              		.thumb_func
  29              		.type	palReadBus, %function
  30              	palReadBus:
  31              	.LFB63:
  32              		.file 1 "../chibios_2.6.3/os/hal/src/pal.c"
  33              		.loc 1 77 0
  34              		.cfi_startproc
  35              		@ args = 0, pretend = 0, frame = 8
  36              		@ frame_needed = 0, uses_anonymous_args = 0
  37              		@ link register save eliminated.
  38 0000 82B0     		sub	sp, sp, #8
  39              	.LCFI0:
  40              		.cfi_def_cfa_offset 8
  41 0002 0190     		str	r0, [sp, #4]
  42              		.loc 1 79 0
  43 0004 019B     		ldr	r3, [sp, #4]
  44 0006 002B     		cmp	r3, #0
  45 0008 02D0     		beq	.L3
  46              		.loc 1 79 0 is_stmt 0 discriminator 1
  47 000a 019B     		ldr	r3, [sp, #4]
  48 000c 9B68     		ldr	r3, [r3, #8]
  49 000e 0F2B     		cmp	r3, #15
  50              	.L3:
  51              		.loc 1 82 0 is_stmt 1
  52 0010 019B     		ldr	r3, [sp, #4]
  53 0012 1B68     		ldr	r3, [r3, #0]
ARM GAS  C:\Users\z80\AppData\Local\Temp\ccACAQEp.s 			page 2


  54 0014 9A68     		ldr	r2, [r3, #8]
  55 0016 019B     		ldr	r3, [sp, #4]
  56 0018 9B68     		ldr	r3, [r3, #8]
  57 001a 22FA03F2 		lsr	r2, r2, r3
  58 001e 019B     		ldr	r3, [sp, #4]
  59 0020 5B68     		ldr	r3, [r3, #4]
  60 0022 02EA0303 		and	r3, r2, r3
  61              		.loc 1 83 0
  62 0026 1846     		mov	r0, r3
  63 0028 02B0     		add	sp, sp, #8
  64 002a 7047     		bx	lr
  65              		.cfi_endproc
  66              	.LFE63:
  67              		.size	palReadBus, .-palReadBus
  68 002c AFF30080 		.section	.text.palWriteBus,"ax",%progbits
  69              		.align	2
  70              		.p2align 4,,15
  71              		.global	palWriteBus
  72              		.thumb
  73              		.thumb_func
  74              		.type	palWriteBus, %function
  75              	palWriteBus:
  76              	.LFB64:
  77              		.loc 1 103 0
  78              		.cfi_startproc
  79              		@ args = 0, pretend = 0, frame = 8
  80              		@ frame_needed = 0, uses_anonymous_args = 0
  81              		@ link register save eliminated.
  82 0000 82B0     		sub	sp, sp, #8
  83              	.LCFI1:
  84              		.cfi_def_cfa_offset 8
  85 0002 0190     		str	r0, [sp, #4]
  86 0004 0091     		str	r1, [sp, #0]
  87              		.loc 1 105 0
  88 0006 019B     		ldr	r3, [sp, #4]
  89 0008 002B     		cmp	r3, #0
  90 000a 02D0     		beq	.L6
  91              		.loc 1 105 0 is_stmt 0 discriminator 1
  92 000c 019B     		ldr	r3, [sp, #4]
  93 000e 9B68     		ldr	r3, [r3, #8]
  94 0010 0F2B     		cmp	r3, #15
  95              	.L6:
  96              		.loc 1 108 0 is_stmt 1
  97 0012 019B     		ldr	r3, [sp, #4]
  98 0014 1B68     		ldr	r3, [r3, #0]
  99 0016 009A     		ldr	r2, [sp, #0]
 100 0018 6FEA0201 		mvn	r1, r2
 101 001c 019A     		ldr	r2, [sp, #4]
 102 001e 5268     		ldr	r2, [r2, #4]
 103 0020 01EA0201 		and	r1, r1, r2
 104 0024 019A     		ldr	r2, [sp, #4]
 105 0026 9268     		ldr	r2, [r2, #8]
 106 0028 02F11002 		add	r2, r2, #16
 107 002c 01FA02F1 		lsl	r1, r1, r2
 108 0030 019A     		ldr	r2, [sp, #4]
 109 0032 5068     		ldr	r0, [r2, #4]
 110 0034 009A     		ldr	r2, [sp, #0]
ARM GAS  C:\Users\z80\AppData\Local\Temp\ccACAQEp.s 			page 3


 111 0036 00EA0200 		and	r0, r0, r2
 112 003a 019A     		ldr	r2, [sp, #4]
 113 003c 9268     		ldr	r2, [r2, #8]
 114 003e 00FA02F2 		lsl	r2, r0, r2
 115 0042 41EA0202 		orr	r2, r1, r2
 116 0046 1A61     		str	r2, [r3, #16]
 117              		.loc 1 109 0
 118 0048 02B0     		add	sp, sp, #8
 119 004a 7047     		bx	lr
 120              		.cfi_endproc
 121              	.LFE64:
 122              		.size	palWriteBus, .-palWriteBus
 123 004c AFF30080 		.section	.text.palSetBusMode,"ax",%progbits
 124              		.align	2
 125              		.p2align 4,,15
 126              		.global	palSetBusMode
 127              		.thumb
 128              		.thumb_func
 129              		.type	palSetBusMode, %function
 130              	palSetBusMode:
 131              	.LFB65:
 132              		.loc 1 127 0
 133              		.cfi_startproc
 134              		@ args = 0, pretend = 0, frame = 8
 135              		@ frame_needed = 0, uses_anonymous_args = 0
 136 0000 00B5     		push	{lr}
 137              	.LCFI2:
 138              		.cfi_def_cfa_offset 4
 139 0002 83B0     		sub	sp, sp, #12
 140              	.LCFI3:
 141              		.cfi_def_cfa_offset 16
 142 0004 0190     		str	r0, [sp, #4]
 143 0006 0091     		str	r1, [sp, #0]
 144              		.loc 1 129 0
 145 0008 019B     		ldr	r3, [sp, #4]
 146 000a 002B     		cmp	r3, #0
 147 000c 02D0     		beq	.L9
 148              		.cfi_offset 14, -4
 149              		.loc 1 129 0 is_stmt 0 discriminator 1
 150 000e 019B     		ldr	r3, [sp, #4]
 151 0010 9B68     		ldr	r3, [r3, #8]
 152 0012 0F2B     		cmp	r3, #15
 153              	.L9:
 154              		.loc 1 132 0 is_stmt 1
 155 0014 019B     		ldr	r3, [sp, #4]
 156 0016 1A68     		ldr	r2, [r3, #0]
 157 0018 019B     		ldr	r3, [sp, #4]
 158 001a 5968     		ldr	r1, [r3, #4]
 159 001c 019B     		ldr	r3, [sp, #4]
 160 001e 9B68     		ldr	r3, [r3, #8]
 161 0020 01FA03F3 		lsl	r3, r1, r3
 162 0024 1046     		mov	r0, r2
 163 0026 1946     		mov	r1, r3
 164 0028 009A     		ldr	r2, [sp, #0]
 165 002a FFF7FEFF 		bl	_pal_lld_setgroupmode
 166              		.loc 1 133 0
 167 002e 03B0     		add	sp, sp, #12
ARM GAS  C:\Users\z80\AppData\Local\Temp\ccACAQEp.s 			page 4


 168 0030 00BD     		pop	{pc}
 169              		.cfi_endproc
 170              	.LFE65:
 171              		.size	palSetBusMode, .-palSetBusMode
 172 0032 00BFAFF3 		.text
 172      0080AFF3 
 172      0080AFF3 
 172      0080
 173              	.Letext0:
 174              		.section	.debug_loc,"",%progbits
 175              	.Ldebug_loc0:
 176              	.LLST0:
 177 0000 00000000 		.4byte	.LFB63
 178 0004 02000000 		.4byte	.LCFI0
 179 0008 0200     		.2byte	0x2
 180 000a 7D       		.byte	0x7d
 181 000b 00       		.sleb128 0
 182 000c 02000000 		.4byte	.LCFI0
 183 0010 2C000000 		.4byte	.LFE63
 184 0014 0200     		.2byte	0x2
 185 0016 7D       		.byte	0x7d
 186 0017 08       		.sleb128 8
 187 0018 00000000 		.4byte	0x0
 188 001c 00000000 		.4byte	0x0
 189              	.LLST1:
 190 0020 00000000 		.4byte	.LFB64
 191 0024 02000000 		.4byte	.LCFI1
 192 0028 0200     		.2byte	0x2
 193 002a 7D       		.byte	0x7d
 194 002b 00       		.sleb128 0
 195 002c 02000000 		.4byte	.LCFI1
 196 0030 4C000000 		.4byte	.LFE64
 197 0034 0200     		.2byte	0x2
 198 0036 7D       		.byte	0x7d
 199 0037 08       		.sleb128 8
 200 0038 00000000 		.4byte	0x0
 201 003c 00000000 		.4byte	0x0
 202              	.LLST2:
 203 0040 00000000 		.4byte	.LFB65
 204 0044 02000000 		.4byte	.LCFI2
 205 0048 0200     		.2byte	0x2
 206 004a 7D       		.byte	0x7d
 207 004b 00       		.sleb128 0
 208 004c 02000000 		.4byte	.LCFI2
 209 0050 04000000 		.4byte	.LCFI3
 210 0054 0200     		.2byte	0x2
 211 0056 7D       		.byte	0x7d
 212 0057 04       		.sleb128 4
 213 0058 04000000 		.4byte	.LCFI3
 214 005c 32000000 		.4byte	.LFE65
 215 0060 0200     		.2byte	0x2
 216 0062 7D       		.byte	0x7d
 217 0063 10       		.sleb128 16
 218 0064 00000000 		.4byte	0x0
 219 0068 00000000 		.4byte	0x0
 220              		.file 2 "c:/programs/yagarto/lib/gcc/../../arm-none-eabi/sys-include/stdint.h"
 221              		.file 3 "../chibios_2.6.3/os/hal/platforms/STM32F1xx/stm32f10x.h"
ARM GAS  C:\Users\z80\AppData\Local\Temp\ccACAQEp.s 			page 5


 222              		.file 4 "../chibios_2.6.3/os/hal/platforms/STM32/GPIOv1/pal_lld.h"
 223              		.file 5 "../chibios_2.6.3/os/hal/include/pal.h"
 224              		.file 6 "../chibios_2.6.3/os/ports/common/ARMCMx/CMSIS/include/core_cm3.h"
 225              		.section	.debug_info
 226 0000 46020000 		.4byte	0x246
 227 0004 0200     		.2byte	0x2
 228 0006 00000000 		.4byte	.Ldebug_abbrev0
 229 000a 04       		.byte	0x4
 230 000b 01       		.uleb128 0x1
 231 000c 05000000 		.4byte	.LASF29
 232 0010 01       		.byte	0x1
 233 0011 3D000000 		.4byte	.LASF30
 234 0015 45010000 		.4byte	.LASF31
 235 0019 00000000 		.4byte	0x0
 236 001d 00000000 		.4byte	0x0
 237 0021 00000000 		.4byte	.Ldebug_ranges0+0x0
 238 0025 00000000 		.4byte	.Ldebug_line0
 239 0029 02       		.uleb128 0x2
 240 002a 04       		.byte	0x4
 241 002b 05       		.byte	0x5
 242 002c 696E7400 		.ascii	"int\000"
 243 0030 03       		.uleb128 0x3
 244 0031 04       		.byte	0x4
 245 0032 07       		.byte	0x7
 246 0033 C7000000 		.4byte	.LASF0
 247 0037 03       		.uleb128 0x3
 248 0038 01       		.byte	0x1
 249 0039 06       		.byte	0x6
 250 003a 39010000 		.4byte	.LASF1
 251 003e 03       		.uleb128 0x3
 252 003f 01       		.byte	0x1
 253 0040 08       		.byte	0x8
 254 0041 7C000000 		.4byte	.LASF2
 255 0045 03       		.uleb128 0x3
 256 0046 02       		.byte	0x2
 257 0047 05       		.byte	0x5
 258 0048 12010000 		.4byte	.LASF3
 259 004c 03       		.uleb128 0x3
 260 004d 02       		.byte	0x2
 261 004e 07       		.byte	0x7
 262 004f 9C000000 		.4byte	.LASF4
 263 0053 04       		.uleb128 0x4
 264 0054 EB000000 		.4byte	.LASF6
 265 0058 02       		.byte	0x2
 266 0059 4F       		.byte	0x4f
 267 005a 5E000000 		.4byte	0x5e
 268 005e 03       		.uleb128 0x3
 269 005f 04       		.byte	0x4
 270 0060 05       		.byte	0x5
 271 0061 30010000 		.4byte	.LASF5
 272 0065 04       		.uleb128 0x4
 273 0066 27010000 		.4byte	.LASF7
 274 006a 02       		.byte	0x2
 275 006b 50       		.byte	0x50
 276 006c 70000000 		.4byte	0x70
 277 0070 03       		.uleb128 0x3
 278 0071 04       		.byte	0x4
ARM GAS  C:\Users\z80\AppData\Local\Temp\ccACAQEp.s 			page 6


 279 0072 07       		.byte	0x7
 280 0073 8A000000 		.4byte	.LASF8
 281 0077 03       		.uleb128 0x3
 282 0078 08       		.byte	0x8
 283 0079 05       		.byte	0x5
 284 007a F3000000 		.4byte	.LASF9
 285 007e 03       		.uleb128 0x3
 286 007f 08       		.byte	0x8
 287 0080 07       		.byte	0x7
 288 0081 73010000 		.4byte	.LASF10
 289 0085 04       		.uleb128 0x4
 290 0086 11000000 		.4byte	.LASF11
 291 008a 02       		.byte	0x2
 292 008b A0       		.byte	0xa0
 293 008c 30000000 		.4byte	0x30
 294 0090 03       		.uleb128 0x3
 295 0091 01       		.byte	0x1
 296 0092 02       		.byte	0x2
 297 0093 6D010000 		.4byte	.LASF12
 298 0097 05       		.uleb128 0x5
 299 0098 65000000 		.4byte	0x65
 300 009c 06       		.uleb128 0x6
 301 009d 04       		.byte	0x4
 302 009e 07       		.byte	0x7
 303 009f 03       		.uleb128 0x3
 304 00a0 01       		.byte	0x1
 305 00a1 08       		.byte	0x8
 306 00a2 E1000000 		.4byte	.LASF13
 307 00a6 05       		.uleb128 0x5
 308 00a7 53000000 		.4byte	0x53
 309 00ab 07       		.uleb128 0x7
 310 00ac 1C       		.byte	0x1c
 311 00ad 03       		.byte	0x3
 312 00ae F803     		.2byte	0x3f8
 313 00b0 1E010000 		.4byte	0x11e
 314 00b4 08       		.uleb128 0x8
 315 00b5 43524C00 		.ascii	"CRL\000"
 316 00b9 03       		.byte	0x3
 317 00ba FA03     		.2byte	0x3fa
 318 00bc 97000000 		.4byte	0x97
 319 00c0 02       		.byte	0x2
 320 00c1 23       		.byte	0x23
 321 00c2 00       		.uleb128 0x0
 322 00c3 08       		.uleb128 0x8
 323 00c4 43524800 		.ascii	"CRH\000"
 324 00c8 03       		.byte	0x3
 325 00c9 FB03     		.2byte	0x3fb
 326 00cb 97000000 		.4byte	0x97
 327 00cf 02       		.byte	0x2
 328 00d0 23       		.byte	0x23
 329 00d1 04       		.uleb128 0x4
 330 00d2 08       		.uleb128 0x8
 331 00d3 49445200 		.ascii	"IDR\000"
 332 00d7 03       		.byte	0x3
 333 00d8 FC03     		.2byte	0x3fc
 334 00da 97000000 		.4byte	0x97
 335 00de 02       		.byte	0x2
ARM GAS  C:\Users\z80\AppData\Local\Temp\ccACAQEp.s 			page 7


 336 00df 23       		.byte	0x23
 337 00e0 08       		.uleb128 0x8
 338 00e1 08       		.uleb128 0x8
 339 00e2 4F445200 		.ascii	"ODR\000"
 340 00e6 03       		.byte	0x3
 341 00e7 FD03     		.2byte	0x3fd
 342 00e9 97000000 		.4byte	0x97
 343 00ed 02       		.byte	0x2
 344 00ee 23       		.byte	0x23
 345 00ef 0C       		.uleb128 0xc
 346 00f0 09       		.uleb128 0x9
 347 00f1 1E000000 		.4byte	.LASF14
 348 00f5 03       		.byte	0x3
 349 00f6 FE03     		.2byte	0x3fe
 350 00f8 97000000 		.4byte	0x97
 351 00fc 02       		.byte	0x2
 352 00fd 23       		.byte	0x23
 353 00fe 10       		.uleb128 0x10
 354 00ff 08       		.uleb128 0x8
 355 0100 42525200 		.ascii	"BRR\000"
 356 0104 03       		.byte	0x3
 357 0105 FF03     		.2byte	0x3ff
 358 0107 97000000 		.4byte	0x97
 359 010b 02       		.byte	0x2
 360 010c 23       		.byte	0x23
 361 010d 14       		.uleb128 0x14
 362 010e 09       		.uleb128 0x9
 363 010f 00000000 		.4byte	.LASF15
 364 0113 03       		.byte	0x3
 365 0114 0004     		.2byte	0x400
 366 0116 97000000 		.4byte	0x97
 367 011a 02       		.byte	0x2
 368 011b 23       		.byte	0x23
 369 011c 18       		.uleb128 0x18
 370 011d 00       		.byte	0x0
 371 011e 0A       		.uleb128 0xa
 372 011f D4000000 		.4byte	.LASF16
 373 0123 03       		.byte	0x3
 374 0124 0104     		.2byte	0x401
 375 0126 AB000000 		.4byte	0xab
 376 012a 04       		.uleb128 0x4
 377 012b 66000000 		.4byte	.LASF17
 378 012f 04       		.byte	0x4
 379 0130 6D       		.byte	0x6d
 380 0131 65000000 		.4byte	0x65
 381 0135 04       		.uleb128 0x4
 382 0136 73000000 		.4byte	.LASF18
 383 013a 04       		.byte	0x4
 384 013b 72       		.byte	0x72
 385 013c 65000000 		.4byte	0x65
 386 0140 04       		.uleb128 0x4
 387 0141 1C010000 		.4byte	.LASF19
 388 0145 04       		.byte	0x4
 389 0146 7A       		.byte	0x7a
 390 0147 4B010000 		.4byte	0x14b
 391 014b 0B       		.uleb128 0xb
 392 014c 04       		.byte	0x4
ARM GAS  C:\Users\z80\AppData\Local\Temp\ccACAQEp.s 			page 8


 393 014d 1E010000 		.4byte	0x11e
 394 0151 0C       		.uleb128 0xc
 395 0152 0C       		.byte	0xc
 396 0153 05       		.byte	0x5
 397 0154 85       		.byte	0x85
 398 0155 84010000 		.4byte	0x184
 399 0159 0D       		.uleb128 0xd
 400 015a 5F000000 		.4byte	.LASF20
 401 015e 05       		.byte	0x5
 402 015f 89       		.byte	0x89
 403 0160 40010000 		.4byte	0x140
 404 0164 02       		.byte	0x2
 405 0165 23       		.byte	0x23
 406 0166 00       		.uleb128 0x0
 407 0167 0D       		.uleb128 0xd
 408 0168 01010000 		.4byte	.LASF21
 409 016c 05       		.byte	0x5
 410 016d 8F       		.byte	0x8f
 411 016e 2A010000 		.4byte	0x12a
 412 0172 02       		.byte	0x2
 413 0173 23       		.byte	0x23
 414 0174 04       		.uleb128 0x4
 415 0175 0D       		.uleb128 0xd
 416 0176 0B010000 		.4byte	.LASF22
 417 017a 05       		.byte	0x5
 418 017b 93       		.byte	0x93
 419 017c 85000000 		.4byte	0x85
 420 0180 02       		.byte	0x2
 421 0181 23       		.byte	0x23
 422 0182 08       		.uleb128 0x8
 423 0183 00       		.byte	0x0
 424 0184 04       		.uleb128 0x4
 425 0185 8A010000 		.4byte	.LASF23
 426 0189 05       		.byte	0x5
 427 018a 94       		.byte	0x94
 428 018b 51010000 		.4byte	0x151
 429 018f 0E       		.uleb128 0xe
 430 0190 01       		.byte	0x1
 431 0191 BC000000 		.4byte	.LASF32
 432 0195 01       		.byte	0x1
 433 0196 4D       		.byte	0x4d
 434 0197 01       		.byte	0x1
 435 0198 2A010000 		.4byte	0x12a
 436 019c 00000000 		.4byte	.LFB63
 437 01a0 2C000000 		.4byte	.LFE63
 438 01a4 00000000 		.4byte	.LLST0
 439 01a8 BB010000 		.4byte	0x1bb
 440 01ac 0F       		.uleb128 0xf
 441 01ad 62757300 		.ascii	"bus\000"
 442 01b1 01       		.byte	0x1
 443 01b2 4D       		.byte	0x4d
 444 01b3 BB010000 		.4byte	0x1bb
 445 01b7 02       		.byte	0x2
 446 01b8 91       		.byte	0x91
 447 01b9 7C       		.sleb128 -4
 448 01ba 00       		.byte	0x0
 449 01bb 0B       		.uleb128 0xb
ARM GAS  C:\Users\z80\AppData\Local\Temp\ccACAQEp.s 			page 9


 450 01bc 04       		.byte	0x4
 451 01bd 84010000 		.4byte	0x184
 452 01c1 10       		.uleb128 0x10
 453 01c2 01       		.byte	0x1
 454 01c3 23000000 		.4byte	.LASF25
 455 01c7 01       		.byte	0x1
 456 01c8 67       		.byte	0x67
 457 01c9 01       		.byte	0x1
 458 01ca 00000000 		.4byte	.LFB64
 459 01ce 4C000000 		.4byte	.LFE64
 460 01d2 20000000 		.4byte	.LLST1
 461 01d6 F7010000 		.4byte	0x1f7
 462 01da 0F       		.uleb128 0xf
 463 01db 62757300 		.ascii	"bus\000"
 464 01df 01       		.byte	0x1
 465 01e0 67       		.byte	0x67
 466 01e1 BB010000 		.4byte	0x1bb
 467 01e5 02       		.byte	0x2
 468 01e6 91       		.byte	0x91
 469 01e7 7C       		.sleb128 -4
 470 01e8 11       		.uleb128 0x11
 471 01e9 06010000 		.4byte	.LASF24
 472 01ed 01       		.byte	0x1
 473 01ee 67       		.byte	0x67
 474 01ef 2A010000 		.4byte	0x12a
 475 01f3 02       		.byte	0x2
 476 01f4 91       		.byte	0x91
 477 01f5 78       		.sleb128 -8
 478 01f6 00       		.byte	0x0
 479 01f7 10       		.uleb128 0x10
 480 01f8 01       		.byte	0x1
 481 01f9 2F000000 		.4byte	.LASF26
 482 01fd 01       		.byte	0x1
 483 01fe 7F       		.byte	0x7f
 484 01ff 01       		.byte	0x1
 485 0200 00000000 		.4byte	.LFB65
 486 0204 32000000 		.4byte	.LFE65
 487 0208 40000000 		.4byte	.LLST2
 488 020c 2D020000 		.4byte	0x22d
 489 0210 0F       		.uleb128 0xf
 490 0211 62757300 		.ascii	"bus\000"
 491 0215 01       		.byte	0x1
 492 0216 7F       		.byte	0x7f
 493 0217 BB010000 		.4byte	0x1bb
 494 021b 02       		.byte	0x2
 495 021c 91       		.byte	0x91
 496 021d 74       		.sleb128 -12
 497 021e 11       		.uleb128 0x11
 498 021f E6000000 		.4byte	.LASF27
 499 0223 01       		.byte	0x1
 500 0224 7F       		.byte	0x7f
 501 0225 35010000 		.4byte	0x135
 502 0229 02       		.byte	0x2
 503 022a 91       		.byte	0x91
 504 022b 70       		.sleb128 -16
 505 022c 00       		.byte	0x0
 506 022d 12       		.uleb128 0x12
ARM GAS  C:\Users\z80\AppData\Local\Temp\ccACAQEp.s 			page 10


 507 022e AF000000 		.4byte	.LASF28
 508 0232 06       		.byte	0x6
 509 0233 0706     		.2byte	0x607
 510 0235 A6000000 		.4byte	0xa6
 511 0239 01       		.byte	0x1
 512 023a 01       		.byte	0x1
 513 023b 12       		.uleb128 0x12
 514 023c AF000000 		.4byte	.LASF28
 515 0240 06       		.byte	0x6
 516 0241 0706     		.2byte	0x607
 517 0243 A6000000 		.4byte	0xa6
 518 0247 01       		.byte	0x1
 519 0248 01       		.byte	0x1
 520 0249 00       		.byte	0x0
 521              		.section	.debug_abbrev
 522 0000 01       		.uleb128 0x1
 523 0001 11       		.uleb128 0x11
 524 0002 01       		.byte	0x1
 525 0003 25       		.uleb128 0x25
 526 0004 0E       		.uleb128 0xe
 527 0005 13       		.uleb128 0x13
 528 0006 0B       		.uleb128 0xb
 529 0007 03       		.uleb128 0x3
 530 0008 0E       		.uleb128 0xe
 531 0009 1B       		.uleb128 0x1b
 532 000a 0E       		.uleb128 0xe
 533 000b 11       		.uleb128 0x11
 534 000c 01       		.uleb128 0x1
 535 000d 52       		.uleb128 0x52
 536 000e 01       		.uleb128 0x1
 537 000f 55       		.uleb128 0x55
 538 0010 06       		.uleb128 0x6
 539 0011 10       		.uleb128 0x10
 540 0012 06       		.uleb128 0x6
 541 0013 00       		.byte	0x0
 542 0014 00       		.byte	0x0
 543 0015 02       		.uleb128 0x2
 544 0016 24       		.uleb128 0x24
 545 0017 00       		.byte	0x0
 546 0018 0B       		.uleb128 0xb
 547 0019 0B       		.uleb128 0xb
 548 001a 3E       		.uleb128 0x3e
 549 001b 0B       		.uleb128 0xb
 550 001c 03       		.uleb128 0x3
 551 001d 08       		.uleb128 0x8
 552 001e 00       		.byte	0x0
 553 001f 00       		.byte	0x0
 554 0020 03       		.uleb128 0x3
 555 0021 24       		.uleb128 0x24
 556 0022 00       		.byte	0x0
 557 0023 0B       		.uleb128 0xb
 558 0024 0B       		.uleb128 0xb
 559 0025 3E       		.uleb128 0x3e
 560 0026 0B       		.uleb128 0xb
 561 0027 03       		.uleb128 0x3
 562 0028 0E       		.uleb128 0xe
 563 0029 00       		.byte	0x0
ARM GAS  C:\Users\z80\AppData\Local\Temp\ccACAQEp.s 			page 11


 564 002a 00       		.byte	0x0
 565 002b 04       		.uleb128 0x4
 566 002c 16       		.uleb128 0x16
 567 002d 00       		.byte	0x0
 568 002e 03       		.uleb128 0x3
 569 002f 0E       		.uleb128 0xe
 570 0030 3A       		.uleb128 0x3a
 571 0031 0B       		.uleb128 0xb
 572 0032 3B       		.uleb128 0x3b
 573 0033 0B       		.uleb128 0xb
 574 0034 49       		.uleb128 0x49
 575 0035 13       		.uleb128 0x13
 576 0036 00       		.byte	0x0
 577 0037 00       		.byte	0x0
 578 0038 05       		.uleb128 0x5
 579 0039 35       		.uleb128 0x35
 580 003a 00       		.byte	0x0
 581 003b 49       		.uleb128 0x49
 582 003c 13       		.uleb128 0x13
 583 003d 00       		.byte	0x0
 584 003e 00       		.byte	0x0
 585 003f 06       		.uleb128 0x6
 586 0040 24       		.uleb128 0x24
 587 0041 00       		.byte	0x0
 588 0042 0B       		.uleb128 0xb
 589 0043 0B       		.uleb128 0xb
 590 0044 3E       		.uleb128 0x3e
 591 0045 0B       		.uleb128 0xb
 592 0046 00       		.byte	0x0
 593 0047 00       		.byte	0x0
 594 0048 07       		.uleb128 0x7
 595 0049 13       		.uleb128 0x13
 596 004a 01       		.byte	0x1
 597 004b 0B       		.uleb128 0xb
 598 004c 0B       		.uleb128 0xb
 599 004d 3A       		.uleb128 0x3a
 600 004e 0B       		.uleb128 0xb
 601 004f 3B       		.uleb128 0x3b
 602 0050 05       		.uleb128 0x5
 603 0051 01       		.uleb128 0x1
 604 0052 13       		.uleb128 0x13
 605 0053 00       		.byte	0x0
 606 0054 00       		.byte	0x0
 607 0055 08       		.uleb128 0x8
 608 0056 0D       		.uleb128 0xd
 609 0057 00       		.byte	0x0
 610 0058 03       		.uleb128 0x3
 611 0059 08       		.uleb128 0x8
 612 005a 3A       		.uleb128 0x3a
 613 005b 0B       		.uleb128 0xb
 614 005c 3B       		.uleb128 0x3b
 615 005d 05       		.uleb128 0x5
 616 005e 49       		.uleb128 0x49
 617 005f 13       		.uleb128 0x13
 618 0060 38       		.uleb128 0x38
 619 0061 0A       		.uleb128 0xa
 620 0062 00       		.byte	0x0
ARM GAS  C:\Users\z80\AppData\Local\Temp\ccACAQEp.s 			page 12


 621 0063 00       		.byte	0x0
 622 0064 09       		.uleb128 0x9
 623 0065 0D       		.uleb128 0xd
 624 0066 00       		.byte	0x0
 625 0067 03       		.uleb128 0x3
 626 0068 0E       		.uleb128 0xe
 627 0069 3A       		.uleb128 0x3a
 628 006a 0B       		.uleb128 0xb
 629 006b 3B       		.uleb128 0x3b
 630 006c 05       		.uleb128 0x5
 631 006d 49       		.uleb128 0x49
 632 006e 13       		.uleb128 0x13
 633 006f 38       		.uleb128 0x38
 634 0070 0A       		.uleb128 0xa
 635 0071 00       		.byte	0x0
 636 0072 00       		.byte	0x0
 637 0073 0A       		.uleb128 0xa
 638 0074 16       		.uleb128 0x16
 639 0075 00       		.byte	0x0
 640 0076 03       		.uleb128 0x3
 641 0077 0E       		.uleb128 0xe
 642 0078 3A       		.uleb128 0x3a
 643 0079 0B       		.uleb128 0xb
 644 007a 3B       		.uleb128 0x3b
 645 007b 05       		.uleb128 0x5
 646 007c 49       		.uleb128 0x49
 647 007d 13       		.uleb128 0x13
 648 007e 00       		.byte	0x0
 649 007f 00       		.byte	0x0
 650 0080 0B       		.uleb128 0xb
 651 0081 0F       		.uleb128 0xf
 652 0082 00       		.byte	0x0
 653 0083 0B       		.uleb128 0xb
 654 0084 0B       		.uleb128 0xb
 655 0085 49       		.uleb128 0x49
 656 0086 13       		.uleb128 0x13
 657 0087 00       		.byte	0x0
 658 0088 00       		.byte	0x0
 659 0089 0C       		.uleb128 0xc
 660 008a 13       		.uleb128 0x13
 661 008b 01       		.byte	0x1
 662 008c 0B       		.uleb128 0xb
 663 008d 0B       		.uleb128 0xb
 664 008e 3A       		.uleb128 0x3a
 665 008f 0B       		.uleb128 0xb
 666 0090 3B       		.uleb128 0x3b
 667 0091 0B       		.uleb128 0xb
 668 0092 01       		.uleb128 0x1
 669 0093 13       		.uleb128 0x13
 670 0094 00       		.byte	0x0
 671 0095 00       		.byte	0x0
 672 0096 0D       		.uleb128 0xd
 673 0097 0D       		.uleb128 0xd
 674 0098 00       		.byte	0x0
 675 0099 03       		.uleb128 0x3
 676 009a 0E       		.uleb128 0xe
 677 009b 3A       		.uleb128 0x3a
ARM GAS  C:\Users\z80\AppData\Local\Temp\ccACAQEp.s 			page 13


 678 009c 0B       		.uleb128 0xb
 679 009d 3B       		.uleb128 0x3b
 680 009e 0B       		.uleb128 0xb
 681 009f 49       		.uleb128 0x49
 682 00a0 13       		.uleb128 0x13
 683 00a1 38       		.uleb128 0x38
 684 00a2 0A       		.uleb128 0xa
 685 00a3 00       		.byte	0x0
 686 00a4 00       		.byte	0x0
 687 00a5 0E       		.uleb128 0xe
 688 00a6 2E       		.uleb128 0x2e
 689 00a7 01       		.byte	0x1
 690 00a8 3F       		.uleb128 0x3f
 691 00a9 0C       		.uleb128 0xc
 692 00aa 03       		.uleb128 0x3
 693 00ab 0E       		.uleb128 0xe
 694 00ac 3A       		.uleb128 0x3a
 695 00ad 0B       		.uleb128 0xb
 696 00ae 3B       		.uleb128 0x3b
 697 00af 0B       		.uleb128 0xb
 698 00b0 27       		.uleb128 0x27
 699 00b1 0C       		.uleb128 0xc
 700 00b2 49       		.uleb128 0x49
 701 00b3 13       		.uleb128 0x13
 702 00b4 11       		.uleb128 0x11
 703 00b5 01       		.uleb128 0x1
 704 00b6 12       		.uleb128 0x12
 705 00b7 01       		.uleb128 0x1
 706 00b8 40       		.uleb128 0x40
 707 00b9 06       		.uleb128 0x6
 708 00ba 01       		.uleb128 0x1
 709 00bb 13       		.uleb128 0x13
 710 00bc 00       		.byte	0x0
 711 00bd 00       		.byte	0x0
 712 00be 0F       		.uleb128 0xf
 713 00bf 05       		.uleb128 0x5
 714 00c0 00       		.byte	0x0
 715 00c1 03       		.uleb128 0x3
 716 00c2 08       		.uleb128 0x8
 717 00c3 3A       		.uleb128 0x3a
 718 00c4 0B       		.uleb128 0xb
 719 00c5 3B       		.uleb128 0x3b
 720 00c6 0B       		.uleb128 0xb
 721 00c7 49       		.uleb128 0x49
 722 00c8 13       		.uleb128 0x13
 723 00c9 02       		.uleb128 0x2
 724 00ca 0A       		.uleb128 0xa
 725 00cb 00       		.byte	0x0
 726 00cc 00       		.byte	0x0
 727 00cd 10       		.uleb128 0x10
 728 00ce 2E       		.uleb128 0x2e
 729 00cf 01       		.byte	0x1
 730 00d0 3F       		.uleb128 0x3f
 731 00d1 0C       		.uleb128 0xc
 732 00d2 03       		.uleb128 0x3
 733 00d3 0E       		.uleb128 0xe
 734 00d4 3A       		.uleb128 0x3a
ARM GAS  C:\Users\z80\AppData\Local\Temp\ccACAQEp.s 			page 14


 735 00d5 0B       		.uleb128 0xb
 736 00d6 3B       		.uleb128 0x3b
 737 00d7 0B       		.uleb128 0xb
 738 00d8 27       		.uleb128 0x27
 739 00d9 0C       		.uleb128 0xc
 740 00da 11       		.uleb128 0x11
 741 00db 01       		.uleb128 0x1
 742 00dc 12       		.uleb128 0x12
 743 00dd 01       		.uleb128 0x1
 744 00de 40       		.uleb128 0x40
 745 00df 06       		.uleb128 0x6
 746 00e0 01       		.uleb128 0x1
 747 00e1 13       		.uleb128 0x13
 748 00e2 00       		.byte	0x0
 749 00e3 00       		.byte	0x0
 750 00e4 11       		.uleb128 0x11
 751 00e5 05       		.uleb128 0x5
 752 00e6 00       		.byte	0x0
 753 00e7 03       		.uleb128 0x3
 754 00e8 0E       		.uleb128 0xe
 755 00e9 3A       		.uleb128 0x3a
 756 00ea 0B       		.uleb128 0xb
 757 00eb 3B       		.uleb128 0x3b
 758 00ec 0B       		.uleb128 0xb
 759 00ed 49       		.uleb128 0x49
 760 00ee 13       		.uleb128 0x13
 761 00ef 02       		.uleb128 0x2
 762 00f0 0A       		.uleb128 0xa
 763 00f1 00       		.byte	0x0
 764 00f2 00       		.byte	0x0
 765 00f3 12       		.uleb128 0x12
 766 00f4 34       		.uleb128 0x34
 767 00f5 00       		.byte	0x0
 768 00f6 03       		.uleb128 0x3
 769 00f7 0E       		.uleb128 0xe
 770 00f8 3A       		.uleb128 0x3a
 771 00f9 0B       		.uleb128 0xb
 772 00fa 3B       		.uleb128 0x3b
 773 00fb 05       		.uleb128 0x5
 774 00fc 49       		.uleb128 0x49
 775 00fd 13       		.uleb128 0x13
 776 00fe 3F       		.uleb128 0x3f
 777 00ff 0C       		.uleb128 0xc
 778 0100 3C       		.uleb128 0x3c
 779 0101 0C       		.uleb128 0xc
 780 0102 00       		.byte	0x0
 781 0103 00       		.byte	0x0
 782 0104 00       		.byte	0x0
 783              		.section	.debug_pubnames,"",%progbits
 784 0000 3F000000 		.4byte	0x3f
 785 0004 0200     		.2byte	0x2
 786 0006 00000000 		.4byte	.Ldebug_info0
 787 000a 4A020000 		.4byte	0x24a
 788 000e 8F010000 		.4byte	0x18f
 789 0012 70616C52 		.ascii	"palReadBus\000"
 789      65616442 
 789      757300
ARM GAS  C:\Users\z80\AppData\Local\Temp\ccACAQEp.s 			page 15


 790 001d C1010000 		.4byte	0x1c1
 791 0021 70616C57 		.ascii	"palWriteBus\000"
 791      72697465 
 791      42757300 
 792 002d F7010000 		.4byte	0x1f7
 793 0031 70616C53 		.ascii	"palSetBusMode\000"
 793      65744275 
 793      734D6F64 
 793      6500
 794 003f 00000000 		.4byte	0x0
 795              		.section	.debug_pubtypes,"",%progbits
 796 0000 80000000 		.4byte	0x80
 797 0004 0200     		.2byte	0x2
 798 0006 00000000 		.4byte	.Ldebug_info0
 799 000a 4A020000 		.4byte	0x24a
 800 000e 53000000 		.4byte	0x53
 801 0012 696E7433 		.ascii	"int32_t\000"
 801      325F7400 
 802 001a 65000000 		.4byte	0x65
 803 001e 75696E74 		.ascii	"uint32_t\000"
 803      33325F74 
 803      00
 804 0027 85000000 		.4byte	0x85
 805 002b 75696E74 		.ascii	"uint_fast8_t\000"
 805      5F666173 
 805      74385F74 
 805      00
 806 0038 1E010000 		.4byte	0x11e
 807 003c 4750494F 		.ascii	"GPIO_TypeDef\000"
 807      5F547970 
 807      65446566 
 807      00
 808 0049 2A010000 		.4byte	0x12a
 809 004d 696F706F 		.ascii	"ioportmask_t\000"
 809      72746D61 
 809      736B5F74 
 809      00
 810 005a 35010000 		.4byte	0x135
 811 005e 696F6D6F 		.ascii	"iomode_t\000"
 811      64655F74 
 811      00
 812 0067 40010000 		.4byte	0x140
 813 006b 696F706F 		.ascii	"ioportid_t\000"
 813      72746964 
 813      5F7400
 814 0076 84010000 		.4byte	0x184
 815 007a 494F4275 		.ascii	"IOBus\000"
 815      7300
 816 0080 00000000 		.4byte	0x0
 817              		.section	.debug_aranges,"",%progbits
 818 0000 2C000000 		.4byte	0x2c
 819 0004 0200     		.2byte	0x2
 820 0006 00000000 		.4byte	.Ldebug_info0
 821 000a 04       		.byte	0x4
 822 000b 00       		.byte	0x0
 823 000c 0000     		.2byte	0x0
 824 000e 0000     		.2byte	0x0
ARM GAS  C:\Users\z80\AppData\Local\Temp\ccACAQEp.s 			page 16


 825 0010 00000000 		.4byte	.LFB63
 826 0014 2C000000 		.4byte	.LFE63-.LFB63
 827 0018 00000000 		.4byte	.LFB64
 828 001c 4C000000 		.4byte	.LFE64-.LFB64
 829 0020 00000000 		.4byte	.LFB65
 830 0024 32000000 		.4byte	.LFE65-.LFB65
 831 0028 00000000 		.4byte	0x0
 832 002c 00000000 		.4byte	0x0
 833              		.section	.debug_ranges,"",%progbits
 834              	.Ldebug_ranges0:
 835 0000 00000000 		.4byte	.LFB63
 836 0004 2C000000 		.4byte	.LFE63
 837 0008 00000000 		.4byte	.LFB64
 838 000c 4C000000 		.4byte	.LFE64
 839 0010 00000000 		.4byte	.LFB65
 840 0014 32000000 		.4byte	.LFE65
 841 0018 00000000 		.4byte	0x0
 842 001c 00000000 		.4byte	0x0
 843              		.section	.debug_str,"MS",%progbits,1
 844              	.LASF15:
 845 0000 4C434B52 		.ascii	"LCKR\000"
 845      00
 846              	.LASF29:
 847 0005 474E5520 		.ascii	"GNU C 4.5.0\000"
 847      4320342E 
 847      352E3000 
 848              	.LASF11:
 849 0011 75696E74 		.ascii	"uint_fast8_t\000"
 849      5F666173 
 849      74385F74 
 849      00
 850              	.LASF14:
 851 001e 42535252 		.ascii	"BSRR\000"
 851      00
 852              	.LASF25:
 853 0023 70616C57 		.ascii	"palWriteBus\000"
 853      72697465 
 853      42757300 
 854              	.LASF26:
 855 002f 70616C53 		.ascii	"palSetBusMode\000"
 855      65744275 
 855      734D6F64 
 855      6500
 856              	.LASF30:
 857 003d 2E2E2F63 		.ascii	"../chibios_2.6.3/os/hal/src/pal.c\000"
 857      68696269 
 857      6F735F32 
 857      2E362E33 
 857      2F6F732F 
 858              	.LASF20:
 859 005f 706F7274 		.ascii	"portid\000"
 859      696400
 860              	.LASF17:
 861 0066 696F706F 		.ascii	"ioportmask_t\000"
 861      72746D61 
 861      736B5F74 
 861      00
ARM GAS  C:\Users\z80\AppData\Local\Temp\ccACAQEp.s 			page 17


 862              	.LASF18:
 863 0073 696F6D6F 		.ascii	"iomode_t\000"
 863      64655F74 
 863      00
 864              	.LASF2:
 865 007c 756E7369 		.ascii	"unsigned char\000"
 865      676E6564 
 865      20636861 
 865      7200
 866              	.LASF8:
 867 008a 6C6F6E67 		.ascii	"long unsigned int\000"
 867      20756E73 
 867      69676E65 
 867      6420696E 
 867      7400
 868              	.LASF4:
 869 009c 73686F72 		.ascii	"short unsigned int\000"
 869      7420756E 
 869      7369676E 
 869      65642069 
 869      6E7400
 870              	.LASF28:
 871 00af 49544D5F 		.ascii	"ITM_RxBuffer\000"
 871      52784275 
 871      66666572 
 871      00
 872              	.LASF32:
 873 00bc 70616C52 		.ascii	"palReadBus\000"
 873      65616442 
 873      757300
 874              	.LASF0:
 875 00c7 756E7369 		.ascii	"unsigned int\000"
 875      676E6564 
 875      20696E74 
 875      00
 876              	.LASF16:
 877 00d4 4750494F 		.ascii	"GPIO_TypeDef\000"
 877      5F547970 
 877      65446566 
 877      00
 878              	.LASF13:
 879 00e1 63686172 		.ascii	"char\000"
 879      00
 880              	.LASF27:
 881 00e6 6D6F6465 		.ascii	"mode\000"
 881      00
 882              	.LASF6:
 883 00eb 696E7433 		.ascii	"int32_t\000"
 883      325F7400 
 884              	.LASF9:
 885 00f3 6C6F6E67 		.ascii	"long long int\000"
 885      206C6F6E 
 885      6720696E 
 885      7400
 886              	.LASF21:
 887 0101 6D61736B 		.ascii	"mask\000"
 887      00
ARM GAS  C:\Users\z80\AppData\Local\Temp\ccACAQEp.s 			page 18


 888              	.LASF24:
 889 0106 62697473 		.ascii	"bits\000"
 889      00
 890              	.LASF22:
 891 010b 6F666673 		.ascii	"offset\000"
 891      657400
 892              	.LASF3:
 893 0112 73686F72 		.ascii	"short int\000"
 893      7420696E 
 893      7400
 894              	.LASF19:
 895 011c 696F706F 		.ascii	"ioportid_t\000"
 895      72746964 
 895      5F7400
 896              	.LASF7:
 897 0127 75696E74 		.ascii	"uint32_t\000"
 897      33325F74 
 897      00
 898              	.LASF5:
 899 0130 6C6F6E67 		.ascii	"long int\000"
 899      20696E74 
 899      00
 900              	.LASF1:
 901 0139 7369676E 		.ascii	"signed char\000"
 901      65642063 
 901      68617200 
 902              	.LASF31:
 903 0145 433A5C70 		.ascii	"C:\\projects\\clock.git\\firmware\\firmware\000"
 903      726F6A65 
 903      6374735C 
 903      636C6F63 
 903      6B2E6769 
 904              	.LASF12:
 905 016d 5F426F6F 		.ascii	"_Bool\000"
 905      6C00
 906              	.LASF10:
 907 0173 6C6F6E67 		.ascii	"long long unsigned int\000"
 907      206C6F6E 
 907      6720756E 
 907      7369676E 
 907      65642069 
 908              	.LASF23:
 909 018a 494F4275 		.ascii	"IOBus\000"
 909      7300
 910              		.ident	"GCC: (GNU) 4.5.0"
ARM GAS  C:\Users\z80\AppData\Local\Temp\ccACAQEp.s 			page 19


DEFINED SYMBOLS
                            *ABS*:00000000 pal.c
C:\Users\z80\AppData\Local\Temp\ccACAQEp.s:24     .text.palReadBus:00000000 $t
C:\Users\z80\AppData\Local\Temp\ccACAQEp.s:30     .text.palReadBus:00000000 palReadBus
C:\Users\z80\AppData\Local\Temp\ccACAQEp.s:69     .text.palWriteBus:00000000 $t
C:\Users\z80\AppData\Local\Temp\ccACAQEp.s:75     .text.palWriteBus:00000000 palWriteBus
C:\Users\z80\AppData\Local\Temp\ccACAQEp.s:124    .text.palSetBusMode:00000000 $t
C:\Users\z80\AppData\Local\Temp\ccACAQEp.s:130    .text.palSetBusMode:00000000 palSetBusMode
                     .debug_frame:00000010 $d

UNDEFINED SYMBOLS
_pal_lld_setgroupmode
