ARM GAS  C:\Users\z80\AppData\Local\Temp\ccTPLlmo.s 			page 1


   1              		.syntax unified
   2              		.cpu cortex-m3
   3              		.fpu softvfp
   4              		.eabi_attribute 20, 1
   5              		.eabi_attribute 21, 1
   6              		.eabi_attribute 23, 3
   7              		.eabi_attribute 24, 1
   8              		.eabi_attribute 25, 1
   9              		.eabi_attribute 26, 1
  10              		.eabi_attribute 30, 6
  11              		.eabi_attribute 18, 4
  12              		.thumb
  13              		.file	"pwm.c"
  14              		.section	.debug_abbrev,"",%progbits
  15              	.Ldebug_abbrev0:
  16              		.section	.debug_info,"",%progbits
  17              	.Ldebug_info0:
  18              		.section	.debug_line,"",%progbits
  19              	.Ldebug_line0:
  20 0000 EF010000 		.text
  20      02003701 
  20      00000201 
  20      FB0E0D00 
  20      01010101 
  21              	.Ltext0:
  22              		.cfi_sections	.debug_frame
  23              		.section	.text.pwmInit,"ax",%progbits
  24              		.align	2
  25              		.p2align 4,,15
  26              		.global	pwmInit
  27              		.thumb
  28              		.thumb_func
  29              		.type	pwmInit, %function
  30              	pwmInit:
  31              	.LFB63:
  32              		.file 1 "../chibios_2.6.3/os/hal/src/pwm.c"
  33              		.loc 1 68 0
  34              		.cfi_startproc
  35              		@ args = 0, pretend = 0, frame = 0
  36              		@ frame_needed = 0, uses_anonymous_args = 0
  37 0000 08B5     		push	{r3, lr}
  38              	.LCFI0:
  39              		.cfi_def_cfa_offset 8
  40              		.loc 1 70 0
  41              		.cfi_offset 14, -4
  42              		.cfi_offset 3, -8
  43 0002 FFF7FEFF 		bl	pwm_lld_init
  44              		.loc 1 71 0
  45 0006 08BD     		pop	{r3, pc}
  46              		.cfi_endproc
  47              	.LFE63:
  48              		.size	pwmInit, .-pwmInit
  49 0008 AFF30080 		.section	.text.pwmObjectInit,"ax",%progbits
  49      AFF30080 
  50              		.align	2
  51              		.p2align 4,,15
  52              		.global	pwmObjectInit
ARM GAS  C:\Users\z80\AppData\Local\Temp\ccTPLlmo.s 			page 2


  53              		.thumb
  54              		.thumb_func
  55              		.type	pwmObjectInit, %function
  56              	pwmObjectInit:
  57              	.LFB64:
  58              		.loc 1 80 0
  59              		.cfi_startproc
  60              		@ args = 0, pretend = 0, frame = 8
  61              		@ frame_needed = 0, uses_anonymous_args = 0
  62              		@ link register save eliminated.
  63 0000 82B0     		sub	sp, sp, #8
  64              	.LCFI1:
  65              		.cfi_def_cfa_offset 8
  66 0002 0190     		str	r0, [sp, #4]
  67              		.loc 1 82 0
  68 0004 019B     		ldr	r3, [sp, #4]
  69 0006 4FF00102 		mov	r2, #1
  70 000a 1A70     		strb	r2, [r3, #0]
  71              		.loc 1 83 0
  72 000c 019B     		ldr	r3, [sp, #4]
  73 000e 4FF00002 		mov	r2, #0
  74 0012 5A60     		str	r2, [r3, #4]
  75              		.loc 1 87 0
  76 0014 02B0     		add	sp, sp, #8
  77 0016 7047     		bx	lr
  78              		.cfi_endproc
  79              	.LFE64:
  80              		.size	pwmObjectInit, .-pwmObjectInit
  81 0018 AFF30080 		.section	.text.pwmStart,"ax",%progbits
  81      AFF30080 
  82              		.align	2
  83              		.p2align 4,,15
  84              		.global	pwmStart
  85              		.thumb
  86              		.thumb_func
  87              		.type	pwmStart, %function
  88              	pwmStart:
  89              	.LFB65:
  90              		.loc 1 99 0
  91              		.cfi_startproc
  92              		@ args = 0, pretend = 0, frame = 8
  93              		@ frame_needed = 0, uses_anonymous_args = 0
  94 0000 00B5     		push	{lr}
  95              	.LCFI2:
  96              		.cfi_def_cfa_offset 4
  97 0002 83B0     		sub	sp, sp, #12
  98              	.LCFI3:
  99              		.cfi_def_cfa_offset 16
 100 0004 0190     		str	r0, [sp, #4]
 101 0006 0091     		str	r1, [sp, #0]
 102              		.loc 1 101 0
 103 0008 019B     		ldr	r3, [sp, #4]
 104 000a 002B     		cmp	r3, #0
 105 000c 01D0     		beq	.L5
 106              		.cfi_offset 14, -4
 107              		.loc 1 101 0 is_stmt 0 discriminator 1
 108 000e 009B     		ldr	r3, [sp, #0]
ARM GAS  C:\Users\z80\AppData\Local\Temp\ccTPLlmo.s 			page 3


 109 0010 002B     		cmp	r3, #0
 110              	.L5:
 111              	.LBB2:
 112              		.loc 1 103 0 is_stmt 1
 113 0012 4FF02003 		mov	r3, #32
 114              	@ 103 "../chibios_2.6.3/os/hal/src/pwm.c" 1
 115 0016 83F31188 		msr     BASEPRI, r3
 116              	@ 0 "" 2
 117              		.thumb
 118              	.LBE2:
 119              		.loc 1 104 0
 120 001a 019B     		ldr	r3, [sp, #4]
 121 001c 1B78     		ldrb	r3, [r3, #0]	@ zero_extendqisi2
 122              		.loc 1 99 0
 123 001e 012B     		cmp	r3, #1
 124 0020 03D0     		beq	.L8
 125              		.loc 1 104 0
 126 0022 019B     		ldr	r3, [sp, #4]
 127 0024 1B78     		ldrb	r3, [r3, #0]	@ zero_extendqisi2
 128 0026 022B     		cmp	r3, #2
 129              		.loc 1 99 0
 130 0028 00BF     		nop
 131              	.L8:
 132              		.loc 1 106 0
 133 002a 019B     		ldr	r3, [sp, #4]
 134 002c 009A     		ldr	r2, [sp, #0]
 135 002e 5A60     		str	r2, [r3, #4]
 136              		.loc 1 107 0
 137 0030 009B     		ldr	r3, [sp, #0]
 138 0032 9A88     		ldrh	r2, [r3, #4]
 139 0034 019B     		ldr	r3, [sp, #4]
 140 0036 1A81     		strh	r2, [r3, #8]	@ movhi
 141              		.loc 1 108 0
 142 0038 0198     		ldr	r0, [sp, #4]
 143 003a FFF7FEFF 		bl	pwm_lld_start
 144              		.loc 1 109 0
 145 003e 019B     		ldr	r3, [sp, #4]
 146 0040 4FF00202 		mov	r2, #2
 147 0044 1A70     		strb	r2, [r3, #0]
 148              	.LBB3:
 149              		.loc 1 110 0
 150 0046 4FF00003 		mov	r3, #0
 151              	@ 110 "../chibios_2.6.3/os/hal/src/pwm.c" 1
 152 004a 83F31188 		msr     BASEPRI, r3
 153              	@ 0 "" 2
 154              		.thumb
 155              	.LBE3:
 156              		.loc 1 111 0
 157 004e 03B0     		add	sp, sp, #12
 158 0050 00BD     		pop	{pc}
 159              		.cfi_endproc
 160              	.LFE65:
 161              		.size	pwmStart, .-pwmStart
 162 0052 00BFAFF3 		.section	.text.pwmStop,"ax",%progbits
 162      0080AFF3 
 162      0080AFF3 
 162      0080
ARM GAS  C:\Users\z80\AppData\Local\Temp\ccTPLlmo.s 			page 4


 163              		.align	2
 164              		.p2align 4,,15
 165              		.global	pwmStop
 166              		.thumb
 167              		.thumb_func
 168              		.type	pwmStop, %function
 169              	pwmStop:
 170              	.LFB66:
 171              		.loc 1 120 0
 172              		.cfi_startproc
 173              		@ args = 0, pretend = 0, frame = 8
 174              		@ frame_needed = 0, uses_anonymous_args = 0
 175 0000 00B5     		push	{lr}
 176              	.LCFI4:
 177              		.cfi_def_cfa_offset 4
 178 0002 83B0     		sub	sp, sp, #12
 179              	.LCFI5:
 180              		.cfi_def_cfa_offset 16
 181 0004 0190     		str	r0, [sp, #4]
 182              		.loc 1 122 0
 183 0006 019B     		ldr	r3, [sp, #4]
 184 0008 002B     		cmp	r3, #0
 185              	.LBB4:
 186              		.loc 1 124 0
 187 000a 4FF02003 		mov	r3, #32
 188              	@ 124 "../chibios_2.6.3/os/hal/src/pwm.c" 1
 189 000e 83F31188 		msr     BASEPRI, r3
 190              	@ 0 "" 2
 191              		.thumb
 192              	.LBE4:
 193              		.loc 1 125 0
 194 0012 019B     		ldr	r3, [sp, #4]
 195 0014 1B78     		ldrb	r3, [r3, #0]	@ zero_extendqisi2
 196              		.loc 1 120 0
 197 0016 012B     		cmp	r3, #1
 198 0018 03D0     		beq	.L13
 199              		.cfi_offset 14, -4
 200              		.loc 1 125 0
 201 001a 019B     		ldr	r3, [sp, #4]
 202 001c 1B78     		ldrb	r3, [r3, #0]	@ zero_extendqisi2
 203 001e 022B     		cmp	r3, #2
 204              		.loc 1 120 0
 205 0020 00BF     		nop
 206              	.L13:
 207              		.loc 1 127 0
 208 0022 0198     		ldr	r0, [sp, #4]
 209 0024 FFF7FEFF 		bl	pwm_lld_stop
 210              		.loc 1 128 0
 211 0028 019B     		ldr	r3, [sp, #4]
 212 002a 4FF00102 		mov	r2, #1
 213 002e 1A70     		strb	r2, [r3, #0]
 214              	.LBB5:
 215              		.loc 1 129 0
 216 0030 4FF00003 		mov	r3, #0
 217              	@ 129 "../chibios_2.6.3/os/hal/src/pwm.c" 1
 218 0034 83F31188 		msr     BASEPRI, r3
 219              	@ 0 "" 2
ARM GAS  C:\Users\z80\AppData\Local\Temp\ccTPLlmo.s 			page 5


 220              		.thumb
 221              	.LBE5:
 222              		.loc 1 130 0
 223 0038 03B0     		add	sp, sp, #12
 224 003a 00BD     		pop	{pc}
 225              		.cfi_endproc
 226              	.LFE66:
 227              		.size	pwmStop, .-pwmStop
 228 003c AFF30080 		.section	.text.pwmChangePeriod,"ax",%progbits
 229              		.align	2
 230              		.p2align 4,,15
 231              		.global	pwmChangePeriod
 232              		.thumb
 233              		.thumb_func
 234              		.type	pwmChangePeriod, %function
 235              	pwmChangePeriod:
 236              	.LFB67:
 237              		.loc 1 147 0
 238              		.cfi_startproc
 239              		@ args = 0, pretend = 0, frame = 8
 240              		@ frame_needed = 0, uses_anonymous_args = 0
 241              		@ link register save eliminated.
 242 0000 82B0     		sub	sp, sp, #8
 243              	.LCFI6:
 244              		.cfi_def_cfa_offset 8
 245 0002 0190     		str	r0, [sp, #4]
 246 0004 0B46     		mov	r3, r1
 247 0006 ADF80230 		strh	r3, [sp, #2]	@ movhi
 248              		.loc 1 149 0
 249 000a 019B     		ldr	r3, [sp, #4]
 250 000c 002B     		cmp	r3, #0
 251              	.LBB6:
 252              		.loc 1 151 0
 253 000e 4FF02003 		mov	r3, #32
 254              	@ 151 "../chibios_2.6.3/os/hal/src/pwm.c" 1
 255 0012 83F31188 		msr     BASEPRI, r3
 256              	@ 0 "" 2
 257              		.thumb
 258              	.LBE6:
 259              		.loc 1 152 0
 260 0016 019B     		ldr	r3, [sp, #4]
 261 0018 1B78     		ldrb	r3, [r3, #0]	@ zero_extendqisi2
 262 001a 022B     		cmp	r3, #2
 263              		.loc 1 154 0
 264 001c 019B     		ldr	r3, [sp, #4]
 265 001e BDF80220 		ldrh	r2, [sp, #2]	@ movhi
 266 0022 1A81     		strh	r2, [r3, #8]	@ movhi
 267 0024 019B     		ldr	r3, [sp, #4]
 268 0026 1B69     		ldr	r3, [r3, #16]
 269 0028 BDF80220 		ldrh	r2, [sp, #2]	@ movhi
 270 002c 02F1FF32 		add	r2, r2, #-1
 271 0030 92B2     		uxth	r2, r2
 272 0032 DA62     		str	r2, [r3, #44]
 273              	.LBB7:
 274              		.loc 1 155 0
 275 0034 4FF00003 		mov	r3, #0
 276              	@ 155 "../chibios_2.6.3/os/hal/src/pwm.c" 1
ARM GAS  C:\Users\z80\AppData\Local\Temp\ccTPLlmo.s 			page 6


 277 0038 83F31188 		msr     BASEPRI, r3
 278              	@ 0 "" 2
 279              		.thumb
 280              	.LBE7:
 281              		.loc 1 156 0
 282 003c 02B0     		add	sp, sp, #8
 283 003e 7047     		bx	lr
 284              		.cfi_endproc
 285              	.LFE67:
 286              		.size	pwmChangePeriod, .-pwmChangePeriod
 287              		.section	.text.pwmEnableChannel,"ax",%progbits
 288              		.align	2
 289              		.p2align 4,,15
 290              		.global	pwmEnableChannel
 291              		.thumb
 292              		.thumb_func
 293              		.type	pwmEnableChannel, %function
 294              	pwmEnableChannel:
 295              	.LFB68:
 296              		.loc 1 174 0
 297              		.cfi_startproc
 298              		@ args = 0, pretend = 0, frame = 8
 299              		@ frame_needed = 0, uses_anonymous_args = 0
 300 0000 00B5     		push	{lr}
 301              	.LCFI7:
 302              		.cfi_def_cfa_offset 4
 303 0002 83B0     		sub	sp, sp, #12
 304              	.LCFI8:
 305              		.cfi_def_cfa_offset 16
 306 0004 0190     		str	r0, [sp, #4]
 307 0006 1346     		mov	r3, r2
 308 0008 0A46     		mov	r2, r1
 309 000a 8DF80320 		strb	r2, [sp, #3]
 310 000e ADF80030 		strh	r3, [sp, #0]	@ movhi
 311              		.loc 1 176 0
 312 0012 019B     		ldr	r3, [sp, #4]
 313 0014 002B     		cmp	r3, #0
 314 0016 02D0     		beq	.L19
 315              		.cfi_offset 14, -4
 316              		.loc 1 176 0 is_stmt 0 discriminator 1
 317 0018 9DF80330 		ldrb	r3, [sp, #3]	@ zero_extendqisi2
 318 001c 032B     		cmp	r3, #3
 319              	.L19:
 320              	.LBB8:
 321              		.loc 1 179 0 is_stmt 1
 322 001e 4FF02003 		mov	r3, #32
 323              	@ 179 "../chibios_2.6.3/os/hal/src/pwm.c" 1
 324 0022 83F31188 		msr     BASEPRI, r3
 325              	@ 0 "" 2
 326              		.thumb
 327              	.LBE8:
 328              		.loc 1 180 0
 329 0026 019B     		ldr	r3, [sp, #4]
 330 0028 1B78     		ldrb	r3, [r3, #0]	@ zero_extendqisi2
 331 002a 022B     		cmp	r3, #2
 332              		.loc 1 182 0
 333 002c 9DF80320 		ldrb	r2, [sp, #3]	@ zero_extendqisi2
ARM GAS  C:\Users\z80\AppData\Local\Temp\ccTPLlmo.s 			page 7


 334 0030 BDF80030 		ldrh	r3, [sp, #0]
 335 0034 0198     		ldr	r0, [sp, #4]
 336 0036 1146     		mov	r1, r2
 337 0038 1A46     		mov	r2, r3
 338 003a FFF7FEFF 		bl	pwm_lld_enable_channel
 339              	.LBB9:
 340              		.loc 1 183 0
 341 003e 4FF00003 		mov	r3, #0
 342              	@ 183 "../chibios_2.6.3/os/hal/src/pwm.c" 1
 343 0042 83F31188 		msr     BASEPRI, r3
 344              	@ 0 "" 2
 345              		.thumb
 346              	.LBE9:
 347              		.loc 1 184 0
 348 0046 03B0     		add	sp, sp, #12
 349 0048 00BD     		pop	{pc}
 350              		.cfi_endproc
 351              	.LFE68:
 352              		.size	pwmEnableChannel, .-pwmEnableChannel
 353 004a 00BFAFF3 		.section	.text.pwmDisableChannel,"ax",%progbits
 353      0080
 354              		.align	2
 355              		.p2align 4,,15
 356              		.global	pwmDisableChannel
 357              		.thumb
 358              		.thumb_func
 359              		.type	pwmDisableChannel, %function
 360              	pwmDisableChannel:
 361              	.LFB69:
 362              		.loc 1 200 0
 363              		.cfi_startproc
 364              		@ args = 0, pretend = 0, frame = 8
 365              		@ frame_needed = 0, uses_anonymous_args = 0
 366 0000 00B5     		push	{lr}
 367              	.LCFI9:
 368              		.cfi_def_cfa_offset 4
 369 0002 83B0     		sub	sp, sp, #12
 370              	.LCFI10:
 371              		.cfi_def_cfa_offset 16
 372 0004 0190     		str	r0, [sp, #4]
 373 0006 0B46     		mov	r3, r1
 374 0008 8DF80330 		strb	r3, [sp, #3]
 375              		.loc 1 202 0
 376 000c 019B     		ldr	r3, [sp, #4]
 377 000e 002B     		cmp	r3, #0
 378 0010 02D0     		beq	.L23
 379              		.cfi_offset 14, -4
 380              		.loc 1 202 0 is_stmt 0 discriminator 1
 381 0012 9DF80330 		ldrb	r3, [sp, #3]	@ zero_extendqisi2
 382 0016 032B     		cmp	r3, #3
 383              	.L23:
 384              	.LBB10:
 385              		.loc 1 205 0 is_stmt 1
 386 0018 4FF02003 		mov	r3, #32
 387              	@ 205 "../chibios_2.6.3/os/hal/src/pwm.c" 1
 388 001c 83F31188 		msr     BASEPRI, r3
 389              	@ 0 "" 2
ARM GAS  C:\Users\z80\AppData\Local\Temp\ccTPLlmo.s 			page 8


 390              		.thumb
 391              	.LBE10:
 392              		.loc 1 206 0
 393 0020 019B     		ldr	r3, [sp, #4]
 394 0022 1B78     		ldrb	r3, [r3, #0]	@ zero_extendqisi2
 395 0024 022B     		cmp	r3, #2
 396              		.loc 1 208 0
 397 0026 9DF80330 		ldrb	r3, [sp, #3]	@ zero_extendqisi2
 398 002a 0198     		ldr	r0, [sp, #4]
 399 002c 1946     		mov	r1, r3
 400 002e FFF7FEFF 		bl	pwm_lld_disable_channel
 401              	.LBB11:
 402              		.loc 1 209 0
 403 0032 4FF00003 		mov	r3, #0
 404              	@ 209 "../chibios_2.6.3/os/hal/src/pwm.c" 1
 405 0036 83F31188 		msr     BASEPRI, r3
 406              	@ 0 "" 2
 407              		.thumb
 408              	.LBE11:
 409              		.loc 1 210 0
 410 003a 03B0     		add	sp, sp, #12
 411 003c 00BD     		pop	{pc}
 412              		.cfi_endproc
 413              	.LFE69:
 414              		.size	pwmDisableChannel, .-pwmDisableChannel
 415 003e 00BF     		.text
 416              	.Letext0:
 417              		.section	.debug_loc,"",%progbits
 418              	.Ldebug_loc0:
 419              	.LLST0:
 420 0000 00000000 		.4byte	.LFB63
 421 0004 02000000 		.4byte	.LCFI0
 422 0008 0200     		.2byte	0x2
 423 000a 7D       		.byte	0x7d
 424 000b 00       		.sleb128 0
 425 000c 02000000 		.4byte	.LCFI0
 426 0010 08000000 		.4byte	.LFE63
 427 0014 0200     		.2byte	0x2
 428 0016 7D       		.byte	0x7d
 429 0017 08       		.sleb128 8
 430 0018 00000000 		.4byte	0x0
 431 001c 00000000 		.4byte	0x0
 432              	.LLST1:
 433 0020 00000000 		.4byte	.LFB64
 434 0024 02000000 		.4byte	.LCFI1
 435 0028 0200     		.2byte	0x2
 436 002a 7D       		.byte	0x7d
 437 002b 00       		.sleb128 0
 438 002c 02000000 		.4byte	.LCFI1
 439 0030 18000000 		.4byte	.LFE64
 440 0034 0200     		.2byte	0x2
 441 0036 7D       		.byte	0x7d
 442 0037 08       		.sleb128 8
 443 0038 00000000 		.4byte	0x0
 444 003c 00000000 		.4byte	0x0
 445              	.LLST2:
 446 0040 00000000 		.4byte	.LFB65
ARM GAS  C:\Users\z80\AppData\Local\Temp\ccTPLlmo.s 			page 9


 447 0044 02000000 		.4byte	.LCFI2
 448 0048 0200     		.2byte	0x2
 449 004a 7D       		.byte	0x7d
 450 004b 00       		.sleb128 0
 451 004c 02000000 		.4byte	.LCFI2
 452 0050 04000000 		.4byte	.LCFI3
 453 0054 0200     		.2byte	0x2
 454 0056 7D       		.byte	0x7d
 455 0057 04       		.sleb128 4
 456 0058 04000000 		.4byte	.LCFI3
 457 005c 52000000 		.4byte	.LFE65
 458 0060 0200     		.2byte	0x2
 459 0062 7D       		.byte	0x7d
 460 0063 10       		.sleb128 16
 461 0064 00000000 		.4byte	0x0
 462 0068 00000000 		.4byte	0x0
 463              	.LLST3:
 464 006c 00000000 		.4byte	.LFB66
 465 0070 02000000 		.4byte	.LCFI4
 466 0074 0200     		.2byte	0x2
 467 0076 7D       		.byte	0x7d
 468 0077 00       		.sleb128 0
 469 0078 02000000 		.4byte	.LCFI4
 470 007c 04000000 		.4byte	.LCFI5
 471 0080 0200     		.2byte	0x2
 472 0082 7D       		.byte	0x7d
 473 0083 04       		.sleb128 4
 474 0084 04000000 		.4byte	.LCFI5
 475 0088 3C000000 		.4byte	.LFE66
 476 008c 0200     		.2byte	0x2
 477 008e 7D       		.byte	0x7d
 478 008f 10       		.sleb128 16
 479 0090 00000000 		.4byte	0x0
 480 0094 00000000 		.4byte	0x0
 481              	.LLST4:
 482 0098 00000000 		.4byte	.LFB67
 483 009c 02000000 		.4byte	.LCFI6
 484 00a0 0200     		.2byte	0x2
 485 00a2 7D       		.byte	0x7d
 486 00a3 00       		.sleb128 0
 487 00a4 02000000 		.4byte	.LCFI6
 488 00a8 40000000 		.4byte	.LFE67
 489 00ac 0200     		.2byte	0x2
 490 00ae 7D       		.byte	0x7d
 491 00af 08       		.sleb128 8
 492 00b0 00000000 		.4byte	0x0
 493 00b4 00000000 		.4byte	0x0
 494              	.LLST5:
 495 00b8 00000000 		.4byte	.LFB68
 496 00bc 02000000 		.4byte	.LCFI7
 497 00c0 0200     		.2byte	0x2
 498 00c2 7D       		.byte	0x7d
 499 00c3 00       		.sleb128 0
 500 00c4 02000000 		.4byte	.LCFI7
 501 00c8 04000000 		.4byte	.LCFI8
 502 00cc 0200     		.2byte	0x2
 503 00ce 7D       		.byte	0x7d
ARM GAS  C:\Users\z80\AppData\Local\Temp\ccTPLlmo.s 			page 10


 504 00cf 04       		.sleb128 4
 505 00d0 04000000 		.4byte	.LCFI8
 506 00d4 4A000000 		.4byte	.LFE68
 507 00d8 0200     		.2byte	0x2
 508 00da 7D       		.byte	0x7d
 509 00db 10       		.sleb128 16
 510 00dc 00000000 		.4byte	0x0
 511 00e0 00000000 		.4byte	0x0
 512              	.LLST6:
 513 00e4 00000000 		.4byte	.LFB69
 514 00e8 02000000 		.4byte	.LCFI9
 515 00ec 0200     		.2byte	0x2
 516 00ee 7D       		.byte	0x7d
 517 00ef 00       		.sleb128 0
 518 00f0 02000000 		.4byte	.LCFI9
 519 00f4 04000000 		.4byte	.LCFI10
 520 00f8 0200     		.2byte	0x2
 521 00fa 7D       		.byte	0x7d
 522 00fb 04       		.sleb128 4
 523 00fc 04000000 		.4byte	.LCFI10
 524 0100 3E000000 		.4byte	.LFE69
 525 0104 0200     		.2byte	0x2
 526 0106 7D       		.byte	0x7d
 527 0107 10       		.sleb128 16
 528 0108 00000000 		.4byte	0x0
 529 010c 00000000 		.4byte	0x0
 530              		.file 2 "c:/programs/yagarto/lib/gcc/../../arm-none-eabi/sys-include/stdint.h"
 531              		.file 3 "../chibios_2.6.3/os/hal/include/pwm.h"
 532              		.file 4 "../chibios_2.6.3/os/hal/platforms/STM32/TIMv1/pwm_lld.h"
 533              		.file 5 "../chibios_2.6.3/os/hal/platforms/STM32/TIMv1/stm32_tim.h"
 534              		.file 6 "../chibios_2.6.3/os/ports/common/ARMCMx/CMSIS/include/core_cm3.h"
 535              		.section	.debug_info
 536 0000 0E060000 		.4byte	0x60e
 537 0004 0200     		.2byte	0x2
 538 0006 00000000 		.4byte	.Ldebug_abbrev0
 539 000a 04       		.byte	0x4
 540 000b 01       		.uleb128 0x1
 541 000c D6010000 		.4byte	.LASF56
 542 0010 01       		.byte	0x1
 543 0011 00000000 		.4byte	.LASF57
 544 0015 4D020000 		.4byte	.LASF58
 545 0019 00000000 		.4byte	0x0
 546 001d 00000000 		.4byte	0x0
 547 0021 00000000 		.4byte	.Ldebug_ranges0+0x0
 548 0025 00000000 		.4byte	.Ldebug_line0
 549 0029 02       		.uleb128 0x2
 550 002a 04       		.byte	0x4
 551 002b 05       		.byte	0x5
 552 002c 696E7400 		.ascii	"int\000"
 553 0030 03       		.uleb128 0x3
 554 0031 04       		.byte	0x4
 555 0032 07       		.byte	0x7
 556 0033 45010000 		.4byte	.LASF0
 557 0037 03       		.uleb128 0x3
 558 0038 01       		.byte	0x1
 559 0039 06       		.byte	0x6
 560 003a 19010000 		.4byte	.LASF1
ARM GAS  C:\Users\z80\AppData\Local\Temp\ccTPLlmo.s 			page 11


 561 003e 04       		.uleb128 0x4
 562 003f 7C000000 		.4byte	.LASF4
 563 0043 02       		.byte	0x2
 564 0044 2A       		.byte	0x2a
 565 0045 49000000 		.4byte	0x49
 566 0049 03       		.uleb128 0x3
 567 004a 01       		.byte	0x1
 568 004b 08       		.byte	0x8
 569 004c F9000000 		.4byte	.LASF2
 570 0050 03       		.uleb128 0x3
 571 0051 02       		.byte	0x2
 572 0052 05       		.byte	0x5
 573 0053 39000000 		.4byte	.LASF3
 574 0057 04       		.uleb128 0x4
 575 0058 52010000 		.4byte	.LASF5
 576 005c 02       		.byte	0x2
 577 005d 36       		.byte	0x36
 578 005e 62000000 		.4byte	0x62
 579 0062 03       		.uleb128 0x3
 580 0063 02       		.byte	0x2
 581 0064 07       		.byte	0x7
 582 0065 65010000 		.4byte	.LASF6
 583 0069 04       		.uleb128 0x4
 584 006a 93010000 		.4byte	.LASF7
 585 006e 02       		.byte	0x2
 586 006f 4F       		.byte	0x4f
 587 0070 74000000 		.4byte	0x74
 588 0074 03       		.uleb128 0x3
 589 0075 04       		.byte	0x4
 590 0076 05       		.byte	0x5
 591 0077 B2000000 		.4byte	.LASF8
 592 007b 04       		.uleb128 0x4
 593 007c 3C010000 		.4byte	.LASF9
 594 0080 02       		.byte	0x2
 595 0081 50       		.byte	0x50
 596 0082 86000000 		.4byte	0x86
 597 0086 03       		.uleb128 0x3
 598 0087 04       		.byte	0x4
 599 0088 07       		.byte	0x7
 600 0089 B9010000 		.4byte	.LASF10
 601 008d 03       		.uleb128 0x3
 602 008e 08       		.byte	0x8
 603 008f 05       		.byte	0x5
 604 0090 A4000000 		.4byte	.LASF11
 605 0094 03       		.uleb128 0x3
 606 0095 08       		.byte	0x8
 607 0096 07       		.byte	0x7
 608 0097 25010000 		.4byte	.LASF12
 609 009b 03       		.uleb128 0x3
 610 009c 01       		.byte	0x1
 611 009d 02       		.byte	0x2
 612 009e 9B010000 		.4byte	.LASF13
 613 00a2 05       		.uleb128 0x5
 614 00a3 7B000000 		.4byte	0x7b
 615 00a7 06       		.uleb128 0x6
 616 00a8 04       		.byte	0x4
 617 00a9 07       		.byte	0x7
ARM GAS  C:\Users\z80\AppData\Local\Temp\ccTPLlmo.s 			page 12


 618 00aa 03       		.uleb128 0x3
 619 00ab 01       		.byte	0x1
 620 00ac 08       		.byte	0x8
 621 00ad 78010000 		.4byte	.LASF14
 622 00b1 07       		.uleb128 0x7
 623 00b2 7B000000 		.4byte	0x7b
 624 00b6 C1000000 		.4byte	0xc1
 625 00ba 08       		.uleb128 0x8
 626 00bb A7000000 		.4byte	0xa7
 627 00bf 03       		.byte	0x3
 628 00c0 00       		.byte	0x0
 629 00c1 05       		.uleb128 0x5
 630 00c2 69000000 		.4byte	0x69
 631 00c6 09       		.uleb128 0x9
 632 00c7 01       		.byte	0x1
 633 00c8 03       		.byte	0x3
 634 00c9 55       		.byte	0x55
 635 00ca E1000000 		.4byte	0xe1
 636 00ce 0A       		.uleb128 0xa
 637 00cf EE000000 		.4byte	.LASF15
 638 00d3 00       		.sleb128 0
 639 00d4 0A       		.uleb128 0xa
 640 00d5 EC010000 		.4byte	.LASF16
 641 00d9 01       		.sleb128 1
 642 00da 0A       		.uleb128 0xa
 643 00db E2010000 		.4byte	.LASF17
 644 00df 02       		.sleb128 2
 645 00e0 00       		.byte	0x0
 646 00e1 04       		.uleb128 0x4
 647 00e2 34020000 		.4byte	.LASF18
 648 00e6 03       		.byte	0x3
 649 00e7 59       		.byte	0x59
 650 00e8 C6000000 		.4byte	0xc6
 651 00ec 04       		.uleb128 0x4
 652 00ed 89010000 		.4byte	.LASF19
 653 00f1 03       		.byte	0x3
 654 00f2 5E       		.byte	0x5e
 655 00f3 F7000000 		.4byte	0xf7
 656 00f7 0B       		.uleb128 0xb
 657 00f8 89010000 		.4byte	.LASF19
 658 00fc 14       		.byte	0x14
 659 00fd 04       		.byte	0x4
 660 00fe 6F01     		.2byte	0x16f
 661 0100 50010000 		.4byte	0x150
 662 0104 0C       		.uleb128 0xc
 663 0105 27000000 		.4byte	.LASF20
 664 0109 04       		.byte	0x4
 665 010a 7301     		.2byte	0x173
 666 010c E1000000 		.4byte	0xe1
 667 0110 02       		.byte	0x2
 668 0111 23       		.byte	0x23
 669 0112 00       		.uleb128 0x0
 670 0113 0C       		.uleb128 0xc
 671 0114 67000000 		.4byte	.LASF21
 672 0118 04       		.byte	0x4
 673 0119 7701     		.2byte	0x177
 674 011b 9F030000 		.4byte	0x39f
ARM GAS  C:\Users\z80\AppData\Local\Temp\ccTPLlmo.s 			page 13


 675 011f 02       		.byte	0x2
 676 0120 23       		.byte	0x23
 677 0121 04       		.uleb128 0x4
 678 0122 0C       		.uleb128 0xc
 679 0123 CD000000 		.4byte	.LASF22
 680 0127 04       		.byte	0x4
 681 0128 7B01     		.2byte	0x17b
 682 012a DF020000 		.4byte	0x2df
 683 012e 02       		.byte	0x2
 684 012f 23       		.byte	0x23
 685 0130 08       		.uleb128 0x8
 686 0131 0C       		.uleb128 0xc
 687 0132 CB010000 		.4byte	.LASF23
 688 0136 04       		.byte	0x4
 689 0137 8301     		.2byte	0x183
 690 0139 7B000000 		.4byte	0x7b
 691 013d 02       		.byte	0x2
 692 013e 23       		.byte	0x23
 693 013f 0C       		.uleb128 0xc
 694 0140 0D       		.uleb128 0xd
 695 0141 74696D00 		.ascii	"tim\000"
 696 0145 04       		.byte	0x4
 697 0146 8701     		.2byte	0x187
 698 0148 AA030000 		.4byte	0x3aa
 699 014c 02       		.byte	0x2
 700 014d 23       		.byte	0x23
 701 014e 10       		.uleb128 0x10
 702 014f 00       		.byte	0x0
 703 0150 04       		.uleb128 0x4
 704 0151 3F020000 		.4byte	.LASF24
 705 0155 03       		.byte	0x3
 706 0156 65       		.byte	0x65
 707 0157 5B010000 		.4byte	0x15b
 708 015b 0E       		.uleb128 0xe
 709 015c 04       		.byte	0x4
 710 015d 61010000 		.4byte	0x161
 711 0161 0F       		.uleb128 0xf
 712 0162 01       		.byte	0x1
 713 0163 6D010000 		.4byte	0x16d
 714 0167 10       		.uleb128 0x10
 715 0168 6D010000 		.4byte	0x16d
 716 016c 00       		.byte	0x0
 717 016d 0E       		.uleb128 0xe
 718 016e 04       		.byte	0x4
 719 016f EC000000 		.4byte	0xec
 720 0173 11       		.uleb128 0x11
 721 0174 60       		.byte	0x60
 722 0175 05       		.byte	0x5
 723 0176 9E01     		.2byte	0x19e
 724 0178 B6020000 		.4byte	0x2b6
 725 017c 0D       		.uleb128 0xd
 726 017d 43523100 		.ascii	"CR1\000"
 727 0181 05       		.byte	0x5
 728 0182 9F01     		.2byte	0x19f
 729 0184 A2000000 		.4byte	0xa2
 730 0188 02       		.byte	0x2
 731 0189 23       		.byte	0x23
ARM GAS  C:\Users\z80\AppData\Local\Temp\ccTPLlmo.s 			page 14


 732 018a 00       		.uleb128 0x0
 733 018b 0D       		.uleb128 0xd
 734 018c 43523200 		.ascii	"CR2\000"
 735 0190 05       		.byte	0x5
 736 0191 A001     		.2byte	0x1a0
 737 0193 A2000000 		.4byte	0xa2
 738 0197 02       		.byte	0x2
 739 0198 23       		.byte	0x23
 740 0199 04       		.uleb128 0x4
 741 019a 0C       		.uleb128 0xc
 742 019b E9000000 		.4byte	.LASF25
 743 019f 05       		.byte	0x5
 744 01a0 A101     		.2byte	0x1a1
 745 01a2 A2000000 		.4byte	0xa2
 746 01a6 02       		.byte	0x2
 747 01a7 23       		.byte	0x23
 748 01a8 08       		.uleb128 0x8
 749 01a9 0C       		.uleb128 0xc
 750 01aa 60010000 		.4byte	.LASF26
 751 01ae 05       		.byte	0x5
 752 01af A201     		.2byte	0x1a2
 753 01b1 A2000000 		.4byte	0xa2
 754 01b5 02       		.byte	0x2
 755 01b6 23       		.byte	0x23
 756 01b7 0C       		.uleb128 0xc
 757 01b8 0D       		.uleb128 0xd
 758 01b9 535200   		.ascii	"SR\000"
 759 01bc 05       		.byte	0x5
 760 01bd A301     		.2byte	0x1a3
 761 01bf A2000000 		.4byte	0xa2
 762 01c3 02       		.byte	0x2
 763 01c4 23       		.byte	0x23
 764 01c5 10       		.uleb128 0x10
 765 01c6 0D       		.uleb128 0xd
 766 01c7 45475200 		.ascii	"EGR\000"
 767 01cb 05       		.byte	0x5
 768 01cc A401     		.2byte	0x1a4
 769 01ce A2000000 		.4byte	0xa2
 770 01d2 02       		.byte	0x2
 771 01d3 23       		.byte	0x23
 772 01d4 14       		.uleb128 0x14
 773 01d5 0C       		.uleb128 0xc
 774 01d6 D4000000 		.4byte	.LASF27
 775 01da 05       		.byte	0x5
 776 01db A501     		.2byte	0x1a5
 777 01dd A2000000 		.4byte	0xa2
 778 01e1 02       		.byte	0x2
 779 01e2 23       		.byte	0x23
 780 01e3 18       		.uleb128 0x18
 781 01e4 0C       		.uleb128 0xc
 782 01e5 2D000000 		.4byte	.LASF28
 783 01e9 05       		.byte	0x5
 784 01ea A601     		.2byte	0x1a6
 785 01ec A2000000 		.4byte	0xa2
 786 01f0 02       		.byte	0x2
 787 01f1 23       		.byte	0x23
 788 01f2 1C       		.uleb128 0x1c
ARM GAS  C:\Users\z80\AppData\Local\Temp\ccTPLlmo.s 			page 15


 789 01f3 0C       		.uleb128 0xc
 790 01f4 D1010000 		.4byte	.LASF29
 791 01f8 05       		.byte	0x5
 792 01f9 A701     		.2byte	0x1a7
 793 01fb A2000000 		.4byte	0xa2
 794 01ff 02       		.byte	0x2
 795 0200 23       		.byte	0x23
 796 0201 20       		.uleb128 0x20
 797 0202 0D       		.uleb128 0xd
 798 0203 434E5400 		.ascii	"CNT\000"
 799 0207 05       		.byte	0x5
 800 0208 A801     		.2byte	0x1a8
 801 020a A2000000 		.4byte	0xa2
 802 020e 02       		.byte	0x2
 803 020f 23       		.byte	0x23
 804 0210 24       		.uleb128 0x24
 805 0211 0D       		.uleb128 0xd
 806 0212 50534300 		.ascii	"PSC\000"
 807 0216 05       		.byte	0x5
 808 0217 A901     		.2byte	0x1a9
 809 0219 A2000000 		.4byte	0xa2
 810 021d 02       		.byte	0x2
 811 021e 23       		.byte	0x23
 812 021f 28       		.uleb128 0x28
 813 0220 0D       		.uleb128 0xd
 814 0221 41525200 		.ascii	"ARR\000"
 815 0225 05       		.byte	0x5
 816 0226 AA01     		.2byte	0x1aa
 817 0228 A2000000 		.4byte	0xa2
 818 022c 02       		.byte	0x2
 819 022d 23       		.byte	0x23
 820 022e 2C       		.uleb128 0x2c
 821 022f 0D       		.uleb128 0xd
 822 0230 52435200 		.ascii	"RCR\000"
 823 0234 05       		.byte	0x5
 824 0235 AB01     		.2byte	0x1ab
 825 0237 A2000000 		.4byte	0xa2
 826 023b 02       		.byte	0x2
 827 023c 23       		.byte	0x23
 828 023d 30       		.uleb128 0x30
 829 023e 0D       		.uleb128 0xd
 830 023f 43435200 		.ascii	"CCR\000"
 831 0243 05       		.byte	0x5
 832 0244 AC01     		.2byte	0x1ac
 833 0246 B6020000 		.4byte	0x2b6
 834 024a 02       		.byte	0x2
 835 024b 23       		.byte	0x23
 836 024c 34       		.uleb128 0x34
 837 024d 0C       		.uleb128 0xc
 838 024e 5B010000 		.4byte	.LASF30
 839 0252 05       		.byte	0x5
 840 0253 AD01     		.2byte	0x1ad
 841 0255 A2000000 		.4byte	0xa2
 842 0259 02       		.byte	0x2
 843 025a 23       		.byte	0x23
 844 025b 44       		.uleb128 0x44
 845 025c 0D       		.uleb128 0xd
ARM GAS  C:\Users\z80\AppData\Local\Temp\ccTPLlmo.s 			page 16


 846 025d 44435200 		.ascii	"DCR\000"
 847 0261 05       		.byte	0x5
 848 0262 AE01     		.2byte	0x1ae
 849 0264 A2000000 		.4byte	0xa2
 850 0268 02       		.byte	0x2
 851 0269 23       		.byte	0x23
 852 026a 48       		.uleb128 0x48
 853 026b 0C       		.uleb128 0xc
 854 026c 22000000 		.4byte	.LASF31
 855 0270 05       		.byte	0x5
 856 0271 AF01     		.2byte	0x1af
 857 0273 A2000000 		.4byte	0xa2
 858 0277 02       		.byte	0x2
 859 0278 23       		.byte	0x23
 860 0279 4C       		.uleb128 0x4c
 861 027a 0D       		.uleb128 0xd
 862 027b 4F5200   		.ascii	"OR\000"
 863 027e 05       		.byte	0x5
 864 027f B001     		.2byte	0x1b0
 865 0281 A2000000 		.4byte	0xa2
 866 0285 02       		.byte	0x2
 867 0286 23       		.byte	0x23
 868 0287 50       		.uleb128 0x50
 869 0288 0C       		.uleb128 0xc
 870 0289 33000000 		.4byte	.LASF32
 871 028d 05       		.byte	0x5
 872 028e B101     		.2byte	0x1b1
 873 0290 A2000000 		.4byte	0xa2
 874 0294 02       		.byte	0x2
 875 0295 23       		.byte	0x23
 876 0296 54       		.uleb128 0x54
 877 0297 0C       		.uleb128 0xc
 878 0298 C3000000 		.4byte	.LASF33
 879 029c 05       		.byte	0x5
 880 029d B201     		.2byte	0x1b2
 881 029f A2000000 		.4byte	0xa2
 882 02a3 02       		.byte	0x2
 883 02a4 23       		.byte	0x23
 884 02a5 58       		.uleb128 0x58
 885 02a6 0C       		.uleb128 0xc
 886 02a7 C8000000 		.4byte	.LASF34
 887 02ab 05       		.byte	0x5
 888 02ac B301     		.2byte	0x1b3
 889 02ae A2000000 		.4byte	0xa2
 890 02b2 02       		.byte	0x2
 891 02b3 23       		.byte	0x23
 892 02b4 5C       		.uleb128 0x5c
 893 02b5 00       		.byte	0x0
 894 02b6 05       		.uleb128 0x5
 895 02b7 B1000000 		.4byte	0xb1
 896 02bb 12       		.uleb128 0x12
 897 02bc 7D010000 		.4byte	.LASF35
 898 02c0 05       		.byte	0x5
 899 02c1 B401     		.2byte	0x1b4
 900 02c3 73010000 		.4byte	0x173
 901 02c7 12       		.uleb128 0x12
 902 02c8 1D020000 		.4byte	.LASF36
ARM GAS  C:\Users\z80\AppData\Local\Temp\ccTPLlmo.s 			page 17


 903 02cc 04       		.byte	0x4
 904 02cd 2001     		.2byte	0x120
 905 02cf 7B000000 		.4byte	0x7b
 906 02d3 12       		.uleb128 0x12
 907 02d4 4C000000 		.4byte	.LASF37
 908 02d8 04       		.byte	0x4
 909 02d9 2501     		.2byte	0x125
 910 02db 3E000000 		.4byte	0x3e
 911 02df 12       		.uleb128 0x12
 912 02e0 43000000 		.4byte	.LASF38
 913 02e4 04       		.byte	0x4
 914 02e5 2A01     		.2byte	0x12a
 915 02e7 57000000 		.4byte	0x57
 916 02eb 11       		.uleb128 0x11
 917 02ec 08       		.byte	0x8
 918 02ed 04       		.byte	0x4
 919 02ee 2F01     		.2byte	0x12f
 920 02f0 13030000 		.4byte	0x313
 921 02f4 0C       		.uleb128 0xc
 922 02f5 59000000 		.4byte	.LASF39
 923 02f9 04       		.byte	0x4
 924 02fa 3301     		.2byte	0x133
 925 02fc C7020000 		.4byte	0x2c7
 926 0300 02       		.byte	0x2
 927 0301 23       		.byte	0x23
 928 0302 00       		.uleb128 0x0
 929 0303 0C       		.uleb128 0xc
 930 0304 75020000 		.4byte	.LASF40
 931 0308 04       		.byte	0x4
 932 0309 3901     		.2byte	0x139
 933 030b 50010000 		.4byte	0x150
 934 030f 02       		.byte	0x2
 935 0310 23       		.byte	0x23
 936 0311 04       		.uleb128 0x4
 937 0312 00       		.byte	0x0
 938 0313 12       		.uleb128 0x12
 939 0314 0C020000 		.4byte	.LASF41
 940 0318 04       		.byte	0x4
 941 0319 3B01     		.2byte	0x13b
 942 031b EB020000 		.4byte	0x2eb
 943 031f 11       		.uleb128 0x11
 944 0320 34       		.byte	0x34
 945 0321 04       		.byte	0x4
 946 0322 4001     		.2byte	0x140
 947 0324 83030000 		.4byte	0x383
 948 0328 0C       		.uleb128 0xc
 949 0329 02020000 		.4byte	.LASF42
 950 032d 04       		.byte	0x4
 951 032e 4601     		.2byte	0x146
 952 0330 7B000000 		.4byte	0x7b
 953 0334 02       		.byte	0x2
 954 0335 23       		.byte	0x23
 955 0336 00       		.uleb128 0x0
 956 0337 0C       		.uleb128 0xc
 957 0338 CD000000 		.4byte	.LASF22
 958 033c 04       		.byte	0x4
 959 033d 4C01     		.2byte	0x14c
ARM GAS  C:\Users\z80\AppData\Local\Temp\ccTPLlmo.s 			page 18


 960 033f DF020000 		.4byte	0x2df
 961 0343 02       		.byte	0x2
 962 0344 23       		.byte	0x23
 963 0345 04       		.uleb128 0x4
 964 0346 0C       		.uleb128 0xc
 965 0347 75020000 		.4byte	.LASF40
 966 034b 04       		.byte	0x4
 967 034c 5201     		.2byte	0x152
 968 034e 50010000 		.4byte	0x150
 969 0352 02       		.byte	0x2
 970 0353 23       		.byte	0x23
 971 0354 08       		.uleb128 0x8
 972 0355 0C       		.uleb128 0xc
 973 0356 5E000000 		.4byte	.LASF43
 974 035a 04       		.byte	0x4
 975 035b 5601     		.2byte	0x156
 976 035d 83030000 		.4byte	0x383
 977 0361 02       		.byte	0x2
 978 0362 23       		.byte	0x23
 979 0363 0C       		.uleb128 0xc
 980 0364 0D       		.uleb128 0xd
 981 0365 63723200 		.ascii	"cr2\000"
 982 0369 04       		.byte	0x4
 983 036a 5C01     		.2byte	0x15c
 984 036c 7B000000 		.4byte	0x7b
 985 0370 02       		.byte	0x2
 986 0371 23       		.byte	0x23
 987 0372 2C       		.uleb128 0x2c
 988 0373 0C       		.uleb128 0xc
 989 0374 F5010000 		.4byte	.LASF44
 990 0378 04       		.byte	0x4
 991 0379 6901     		.2byte	0x169
 992 037b 7B000000 		.4byte	0x7b
 993 037f 02       		.byte	0x2
 994 0380 23       		.byte	0x23
 995 0381 30       		.uleb128 0x30
 996 0382 00       		.byte	0x0
 997 0383 07       		.uleb128 0x7
 998 0384 13030000 		.4byte	0x313
 999 0388 93030000 		.4byte	0x393
 1000 038c 08       		.uleb128 0x8
 1001 038d A7000000 		.4byte	0xa7
 1002 0391 03       		.byte	0x3
 1003 0392 00       		.byte	0x0
 1004 0393 12       		.uleb128 0x12
 1005 0394 DA000000 		.4byte	.LASF45
 1006 0398 04       		.byte	0x4
 1007 0399 6A01     		.2byte	0x16a
 1008 039b 1F030000 		.4byte	0x31f
 1009 039f 0E       		.uleb128 0xe
 1010 03a0 04       		.byte	0x4
 1011 03a1 A5030000 		.4byte	0x3a5
 1012 03a5 13       		.uleb128 0x13
 1013 03a6 93030000 		.4byte	0x393
 1014 03aa 0E       		.uleb128 0xe
 1015 03ab 04       		.byte	0x4
 1016 03ac BB020000 		.4byte	0x2bb
ARM GAS  C:\Users\z80\AppData\Local\Temp\ccTPLlmo.s 			page 19


 1017 03b0 14       		.uleb128 0x14
 1018 03b1 01       		.byte	0x1
 1019 03b2 BB000000 		.4byte	.LASF59
 1020 03b6 01       		.byte	0x1
 1021 03b7 44       		.byte	0x44
 1022 03b8 01       		.byte	0x1
 1023 03b9 00000000 		.4byte	.LFB63
 1024 03bd 08000000 		.4byte	.LFE63
 1025 03c1 00000000 		.4byte	.LLST0
 1026 03c5 15       		.uleb128 0x15
 1027 03c6 01       		.byte	0x1
 1028 03c7 6E000000 		.4byte	.LASF46
 1029 03cb 01       		.byte	0x1
 1030 03cc 50       		.byte	0x50
 1031 03cd 01       		.byte	0x1
 1032 03ce 00000000 		.4byte	.LFB64
 1033 03d2 18000000 		.4byte	.LFE64
 1034 03d6 20000000 		.4byte	.LLST1
 1035 03da ED030000 		.4byte	0x3ed
 1036 03de 16       		.uleb128 0x16
 1037 03df E4000000 		.4byte	.LASF48
 1038 03e3 01       		.byte	0x1
 1039 03e4 50       		.byte	0x50
 1040 03e5 6D010000 		.4byte	0x16d
 1041 03e9 02       		.byte	0x2
 1042 03ea 91       		.byte	0x91
 1043 03eb 7C       		.sleb128 -4
 1044 03ec 00       		.byte	0x0
 1045 03ed 15       		.uleb128 0x15
 1046 03ee 01       		.byte	0x1
 1047 03ef 9B000000 		.4byte	.LASF47
 1048 03f3 01       		.byte	0x1
 1049 03f4 63       		.byte	0x63
 1050 03f5 01       		.byte	0x1
 1051 03f6 00000000 		.4byte	.LFB65
 1052 03fa 52000000 		.4byte	.LFE65
 1053 03fe 40000000 		.4byte	.LLST2
 1054 0402 55040000 		.4byte	0x455
 1055 0406 16       		.uleb128 0x16
 1056 0407 E4000000 		.4byte	.LASF48
 1057 040b 01       		.byte	0x1
 1058 040c 63       		.byte	0x63
 1059 040d 6D010000 		.4byte	0x16d
 1060 0411 02       		.byte	0x2
 1061 0412 91       		.byte	0x91
 1062 0413 74       		.sleb128 -12
 1063 0414 16       		.uleb128 0x16
 1064 0415 67000000 		.4byte	.LASF21
 1065 0419 01       		.byte	0x1
 1066 041a 63       		.byte	0x63
 1067 041b 9F030000 		.4byte	0x39f
 1068 041f 02       		.byte	0x2
 1069 0420 91       		.byte	0x91
 1070 0421 70       		.sleb128 -16
 1071 0422 17       		.uleb128 0x17
 1072 0423 12000000 		.4byte	.LBB2
 1073 0427 1A000000 		.4byte	.LBE2
ARM GAS  C:\Users\z80\AppData\Local\Temp\ccTPLlmo.s 			page 20


 1074 042b 3D040000 		.4byte	0x43d
 1075 042f 18       		.uleb128 0x18
 1076 0430 746D7000 		.ascii	"tmp\000"
 1077 0434 01       		.byte	0x1
 1078 0435 67       		.byte	0x67
 1079 0436 7B000000 		.4byte	0x7b
 1080 043a 01       		.byte	0x1
 1081 043b 53       		.byte	0x53
 1082 043c 00       		.byte	0x0
 1083 043d 19       		.uleb128 0x19
 1084 043e 46000000 		.4byte	.LBB3
 1085 0442 4E000000 		.4byte	.LBE3
 1086 0446 18       		.uleb128 0x18
 1087 0447 746D7000 		.ascii	"tmp\000"
 1088 044b 01       		.byte	0x1
 1089 044c 6E       		.byte	0x6e
 1090 044d 7B000000 		.4byte	0x7b
 1091 0451 01       		.byte	0x1
 1092 0452 53       		.byte	0x53
 1093 0453 00       		.byte	0x0
 1094 0454 00       		.byte	0x0
 1095 0455 15       		.uleb128 0x15
 1096 0456 01       		.byte	0x1
 1097 0457 FA010000 		.4byte	.LASF49
 1098 045b 01       		.byte	0x1
 1099 045c 78       		.byte	0x78
 1100 045d 01       		.byte	0x1
 1101 045e 00000000 		.4byte	.LFB66
 1102 0462 3C000000 		.4byte	.LFE66
 1103 0466 6C000000 		.4byte	.LLST3
 1104 046a AF040000 		.4byte	0x4af
 1105 046e 16       		.uleb128 0x16
 1106 046f E4000000 		.4byte	.LASF48
 1107 0473 01       		.byte	0x1
 1108 0474 78       		.byte	0x78
 1109 0475 6D010000 		.4byte	0x16d
 1110 0479 02       		.byte	0x2
 1111 047a 91       		.byte	0x91
 1112 047b 74       		.sleb128 -12
 1113 047c 17       		.uleb128 0x17
 1114 047d 0A000000 		.4byte	.LBB4
 1115 0481 12000000 		.4byte	.LBE4
 1116 0485 97040000 		.4byte	0x497
 1117 0489 18       		.uleb128 0x18
 1118 048a 746D7000 		.ascii	"tmp\000"
 1119 048e 01       		.byte	0x1
 1120 048f 7C       		.byte	0x7c
 1121 0490 7B000000 		.4byte	0x7b
 1122 0494 01       		.byte	0x1
 1123 0495 53       		.byte	0x53
 1124 0496 00       		.byte	0x0
 1125 0497 19       		.uleb128 0x19
 1126 0498 30000000 		.4byte	.LBB5
 1127 049c 38000000 		.4byte	.LBE5
 1128 04a0 18       		.uleb128 0x18
 1129 04a1 746D7000 		.ascii	"tmp\000"
 1130 04a5 01       		.byte	0x1
ARM GAS  C:\Users\z80\AppData\Local\Temp\ccTPLlmo.s 			page 21


 1131 04a6 81       		.byte	0x81
 1132 04a7 7B000000 		.4byte	0x7b
 1133 04ab 01       		.byte	0x1
 1134 04ac 53       		.byte	0x53
 1135 04ad 00       		.byte	0x0
 1136 04ae 00       		.byte	0x0
 1137 04af 15       		.uleb128 0x15
 1138 04b0 01       		.byte	0x1
 1139 04b1 A9010000 		.4byte	.LASF50
 1140 04b5 01       		.byte	0x1
 1141 04b6 93       		.byte	0x93
 1142 04b7 01       		.byte	0x1
 1143 04b8 00000000 		.4byte	.LFB67
 1144 04bc 40000000 		.4byte	.LFE67
 1145 04c0 98000000 		.4byte	.LLST4
 1146 04c4 17050000 		.4byte	0x517
 1147 04c8 16       		.uleb128 0x16
 1148 04c9 E4000000 		.4byte	.LASF48
 1149 04cd 01       		.byte	0x1
 1150 04ce 93       		.byte	0x93
 1151 04cf 6D010000 		.4byte	0x16d
 1152 04d3 02       		.byte	0x2
 1153 04d4 91       		.byte	0x91
 1154 04d5 7C       		.sleb128 -4
 1155 04d6 16       		.uleb128 0x16
 1156 04d7 CD000000 		.4byte	.LASF22
 1157 04db 01       		.byte	0x1
 1158 04dc 93       		.byte	0x93
 1159 04dd DF020000 		.4byte	0x2df
 1160 04e1 02       		.byte	0x2
 1161 04e2 91       		.byte	0x91
 1162 04e3 7A       		.sleb128 -6
 1163 04e4 17       		.uleb128 0x17
 1164 04e5 0E000000 		.4byte	.LBB6
 1165 04e9 16000000 		.4byte	.LBE6
 1166 04ed FF040000 		.4byte	0x4ff
 1167 04f1 18       		.uleb128 0x18
 1168 04f2 746D7000 		.ascii	"tmp\000"
 1169 04f6 01       		.byte	0x1
 1170 04f7 97       		.byte	0x97
 1171 04f8 7B000000 		.4byte	0x7b
 1172 04fc 01       		.byte	0x1
 1173 04fd 53       		.byte	0x53
 1174 04fe 00       		.byte	0x0
 1175 04ff 19       		.uleb128 0x19
 1176 0500 34000000 		.4byte	.LBB7
 1177 0504 3C000000 		.4byte	.LBE7
 1178 0508 18       		.uleb128 0x18
 1179 0509 746D7000 		.ascii	"tmp\000"
 1180 050d 01       		.byte	0x1
 1181 050e 9B       		.byte	0x9b
 1182 050f 7B000000 		.4byte	0x7b
 1183 0513 01       		.byte	0x1
 1184 0514 53       		.byte	0x53
 1185 0515 00       		.byte	0x0
 1186 0516 00       		.byte	0x0
 1187 0517 15       		.uleb128 0x15
ARM GAS  C:\Users\z80\AppData\Local\Temp\ccTPLlmo.s 			page 22


 1188 0518 01       		.byte	0x1
 1189 0519 84000000 		.4byte	.LASF51
 1190 051d 01       		.byte	0x1
 1191 051e AC       		.byte	0xac
 1192 051f 01       		.byte	0x1
 1193 0520 00000000 		.4byte	.LFB68
 1194 0524 4A000000 		.4byte	.LFE68
 1195 0528 B8000000 		.4byte	.LLST5
 1196 052c 8D050000 		.4byte	0x58d
 1197 0530 16       		.uleb128 0x16
 1198 0531 E4000000 		.4byte	.LASF48
 1199 0535 01       		.byte	0x1
 1200 0536 AC       		.byte	0xac
 1201 0537 6D010000 		.4byte	0x16d
 1202 053b 02       		.byte	0x2
 1203 053c 91       		.byte	0x91
 1204 053d 74       		.sleb128 -12
 1205 053e 16       		.uleb128 0x16
 1206 053f A1010000 		.4byte	.LASF52
 1207 0543 01       		.byte	0x1
 1208 0544 AD       		.byte	0xad
 1209 0545 D3020000 		.4byte	0x2d3
 1210 0549 02       		.byte	0x2
 1211 054a 91       		.byte	0x91
 1212 054b 73       		.sleb128 -13
 1213 054c 16       		.uleb128 0x16
 1214 054d 95000000 		.4byte	.LASF53
 1215 0551 01       		.byte	0x1
 1216 0552 AE       		.byte	0xae
 1217 0553 DF020000 		.4byte	0x2df
 1218 0557 02       		.byte	0x2
 1219 0558 91       		.byte	0x91
 1220 0559 70       		.sleb128 -16
 1221 055a 17       		.uleb128 0x17
 1222 055b 1E000000 		.4byte	.LBB8
 1223 055f 26000000 		.4byte	.LBE8
 1224 0563 75050000 		.4byte	0x575
 1225 0567 18       		.uleb128 0x18
 1226 0568 746D7000 		.ascii	"tmp\000"
 1227 056c 01       		.byte	0x1
 1228 056d B3       		.byte	0xb3
 1229 056e 7B000000 		.4byte	0x7b
 1230 0572 01       		.byte	0x1
 1231 0573 53       		.byte	0x53
 1232 0574 00       		.byte	0x0
 1233 0575 19       		.uleb128 0x19
 1234 0576 3E000000 		.4byte	.LBB9
 1235 057a 46000000 		.4byte	.LBE9
 1236 057e 18       		.uleb128 0x18
 1237 057f 746D7000 		.ascii	"tmp\000"
 1238 0583 01       		.byte	0x1
 1239 0584 B7       		.byte	0xb7
 1240 0585 7B000000 		.4byte	0x7b
 1241 0589 01       		.byte	0x1
 1242 058a 53       		.byte	0x53
 1243 058b 00       		.byte	0x0
 1244 058c 00       		.byte	0x0
ARM GAS  C:\Users\z80\AppData\Local\Temp\ccTPLlmo.s 			page 23


 1245 058d 15       		.uleb128 0x15
 1246 058e 01       		.byte	0x1
 1247 058f 07010000 		.4byte	.LASF54
 1248 0593 01       		.byte	0x1
 1249 0594 C8       		.byte	0xc8
 1250 0595 01       		.byte	0x1
 1251 0596 00000000 		.4byte	.LFB69
 1252 059a 3E000000 		.4byte	.LFE69
 1253 059e E4000000 		.4byte	.LLST6
 1254 05a2 F5050000 		.4byte	0x5f5
 1255 05a6 16       		.uleb128 0x16
 1256 05a7 E4000000 		.4byte	.LASF48
 1257 05ab 01       		.byte	0x1
 1258 05ac C8       		.byte	0xc8
 1259 05ad 6D010000 		.4byte	0x16d
 1260 05b1 02       		.byte	0x2
 1261 05b2 91       		.byte	0x91
 1262 05b3 74       		.sleb128 -12
 1263 05b4 16       		.uleb128 0x16
 1264 05b5 A1010000 		.4byte	.LASF52
 1265 05b9 01       		.byte	0x1
 1266 05ba C8       		.byte	0xc8
 1267 05bb D3020000 		.4byte	0x2d3
 1268 05bf 02       		.byte	0x2
 1269 05c0 91       		.byte	0x91
 1270 05c1 73       		.sleb128 -13
 1271 05c2 17       		.uleb128 0x17
 1272 05c3 18000000 		.4byte	.LBB10
 1273 05c7 20000000 		.4byte	.LBE10
 1274 05cb DD050000 		.4byte	0x5dd
 1275 05cf 18       		.uleb128 0x18
 1276 05d0 746D7000 		.ascii	"tmp\000"
 1277 05d4 01       		.byte	0x1
 1278 05d5 CD       		.byte	0xcd
 1279 05d6 7B000000 		.4byte	0x7b
 1280 05da 01       		.byte	0x1
 1281 05db 53       		.byte	0x53
 1282 05dc 00       		.byte	0x0
 1283 05dd 19       		.uleb128 0x19
 1284 05de 32000000 		.4byte	.LBB11
 1285 05e2 3A000000 		.4byte	.LBE11
 1286 05e6 18       		.uleb128 0x18
 1287 05e7 746D7000 		.ascii	"tmp\000"
 1288 05eb 01       		.byte	0x1
 1289 05ec D1       		.byte	0xd1
 1290 05ed 7B000000 		.4byte	0x7b
 1291 05f1 01       		.byte	0x1
 1292 05f2 53       		.byte	0x53
 1293 05f3 00       		.byte	0x0
 1294 05f4 00       		.byte	0x0
 1295 05f5 1A       		.uleb128 0x1a
 1296 05f6 27020000 		.4byte	.LASF55
 1297 05fa 06       		.byte	0x6
 1298 05fb 0706     		.2byte	0x607
 1299 05fd C1000000 		.4byte	0xc1
 1300 0601 01       		.byte	0x1
 1301 0602 01       		.byte	0x1
ARM GAS  C:\Users\z80\AppData\Local\Temp\ccTPLlmo.s 			page 24


 1302 0603 1A       		.uleb128 0x1a
 1303 0604 27020000 		.4byte	.LASF55
 1304 0608 06       		.byte	0x6
 1305 0609 0706     		.2byte	0x607
 1306 060b C1000000 		.4byte	0xc1
 1307 060f 01       		.byte	0x1
 1308 0610 01       		.byte	0x1
 1309 0611 00       		.byte	0x0
 1310              		.section	.debug_abbrev
 1311 0000 01       		.uleb128 0x1
 1312 0001 11       		.uleb128 0x11
 1313 0002 01       		.byte	0x1
 1314 0003 25       		.uleb128 0x25
 1315 0004 0E       		.uleb128 0xe
 1316 0005 13       		.uleb128 0x13
 1317 0006 0B       		.uleb128 0xb
 1318 0007 03       		.uleb128 0x3
 1319 0008 0E       		.uleb128 0xe
 1320 0009 1B       		.uleb128 0x1b
 1321 000a 0E       		.uleb128 0xe
 1322 000b 11       		.uleb128 0x11
 1323 000c 01       		.uleb128 0x1
 1324 000d 52       		.uleb128 0x52
 1325 000e 01       		.uleb128 0x1
 1326 000f 55       		.uleb128 0x55
 1327 0010 06       		.uleb128 0x6
 1328 0011 10       		.uleb128 0x10
 1329 0012 06       		.uleb128 0x6
 1330 0013 00       		.byte	0x0
 1331 0014 00       		.byte	0x0
 1332 0015 02       		.uleb128 0x2
 1333 0016 24       		.uleb128 0x24
 1334 0017 00       		.byte	0x0
 1335 0018 0B       		.uleb128 0xb
 1336 0019 0B       		.uleb128 0xb
 1337 001a 3E       		.uleb128 0x3e
 1338 001b 0B       		.uleb128 0xb
 1339 001c 03       		.uleb128 0x3
 1340 001d 08       		.uleb128 0x8
 1341 001e 00       		.byte	0x0
 1342 001f 00       		.byte	0x0
 1343 0020 03       		.uleb128 0x3
 1344 0021 24       		.uleb128 0x24
 1345 0022 00       		.byte	0x0
 1346 0023 0B       		.uleb128 0xb
 1347 0024 0B       		.uleb128 0xb
 1348 0025 3E       		.uleb128 0x3e
 1349 0026 0B       		.uleb128 0xb
 1350 0027 03       		.uleb128 0x3
 1351 0028 0E       		.uleb128 0xe
 1352 0029 00       		.byte	0x0
 1353 002a 00       		.byte	0x0
 1354 002b 04       		.uleb128 0x4
 1355 002c 16       		.uleb128 0x16
 1356 002d 00       		.byte	0x0
 1357 002e 03       		.uleb128 0x3
 1358 002f 0E       		.uleb128 0xe
ARM GAS  C:\Users\z80\AppData\Local\Temp\ccTPLlmo.s 			page 25


 1359 0030 3A       		.uleb128 0x3a
 1360 0031 0B       		.uleb128 0xb
 1361 0032 3B       		.uleb128 0x3b
 1362 0033 0B       		.uleb128 0xb
 1363 0034 49       		.uleb128 0x49
 1364 0035 13       		.uleb128 0x13
 1365 0036 00       		.byte	0x0
 1366 0037 00       		.byte	0x0
 1367 0038 05       		.uleb128 0x5
 1368 0039 35       		.uleb128 0x35
 1369 003a 00       		.byte	0x0
 1370 003b 49       		.uleb128 0x49
 1371 003c 13       		.uleb128 0x13
 1372 003d 00       		.byte	0x0
 1373 003e 00       		.byte	0x0
 1374 003f 06       		.uleb128 0x6
 1375 0040 24       		.uleb128 0x24
 1376 0041 00       		.byte	0x0
 1377 0042 0B       		.uleb128 0xb
 1378 0043 0B       		.uleb128 0xb
 1379 0044 3E       		.uleb128 0x3e
 1380 0045 0B       		.uleb128 0xb
 1381 0046 00       		.byte	0x0
 1382 0047 00       		.byte	0x0
 1383 0048 07       		.uleb128 0x7
 1384 0049 01       		.uleb128 0x1
 1385 004a 01       		.byte	0x1
 1386 004b 49       		.uleb128 0x49
 1387 004c 13       		.uleb128 0x13
 1388 004d 01       		.uleb128 0x1
 1389 004e 13       		.uleb128 0x13
 1390 004f 00       		.byte	0x0
 1391 0050 00       		.byte	0x0
 1392 0051 08       		.uleb128 0x8
 1393 0052 21       		.uleb128 0x21
 1394 0053 00       		.byte	0x0
 1395 0054 49       		.uleb128 0x49
 1396 0055 13       		.uleb128 0x13
 1397 0056 2F       		.uleb128 0x2f
 1398 0057 0B       		.uleb128 0xb
 1399 0058 00       		.byte	0x0
 1400 0059 00       		.byte	0x0
 1401 005a 09       		.uleb128 0x9
 1402 005b 04       		.uleb128 0x4
 1403 005c 01       		.byte	0x1
 1404 005d 0B       		.uleb128 0xb
 1405 005e 0B       		.uleb128 0xb
 1406 005f 3A       		.uleb128 0x3a
 1407 0060 0B       		.uleb128 0xb
 1408 0061 3B       		.uleb128 0x3b
 1409 0062 0B       		.uleb128 0xb
 1410 0063 01       		.uleb128 0x1
 1411 0064 13       		.uleb128 0x13
 1412 0065 00       		.byte	0x0
 1413 0066 00       		.byte	0x0
 1414 0067 0A       		.uleb128 0xa
 1415 0068 28       		.uleb128 0x28
ARM GAS  C:\Users\z80\AppData\Local\Temp\ccTPLlmo.s 			page 26


 1416 0069 00       		.byte	0x0
 1417 006a 03       		.uleb128 0x3
 1418 006b 0E       		.uleb128 0xe
 1419 006c 1C       		.uleb128 0x1c
 1420 006d 0D       		.uleb128 0xd
 1421 006e 00       		.byte	0x0
 1422 006f 00       		.byte	0x0
 1423 0070 0B       		.uleb128 0xb
 1424 0071 13       		.uleb128 0x13
 1425 0072 01       		.byte	0x1
 1426 0073 03       		.uleb128 0x3
 1427 0074 0E       		.uleb128 0xe
 1428 0075 0B       		.uleb128 0xb
 1429 0076 0B       		.uleb128 0xb
 1430 0077 3A       		.uleb128 0x3a
 1431 0078 0B       		.uleb128 0xb
 1432 0079 3B       		.uleb128 0x3b
 1433 007a 05       		.uleb128 0x5
 1434 007b 01       		.uleb128 0x1
 1435 007c 13       		.uleb128 0x13
 1436 007d 00       		.byte	0x0
 1437 007e 00       		.byte	0x0
 1438 007f 0C       		.uleb128 0xc
 1439 0080 0D       		.uleb128 0xd
 1440 0081 00       		.byte	0x0
 1441 0082 03       		.uleb128 0x3
 1442 0083 0E       		.uleb128 0xe
 1443 0084 3A       		.uleb128 0x3a
 1444 0085 0B       		.uleb128 0xb
 1445 0086 3B       		.uleb128 0x3b
 1446 0087 05       		.uleb128 0x5
 1447 0088 49       		.uleb128 0x49
 1448 0089 13       		.uleb128 0x13
 1449 008a 38       		.uleb128 0x38
 1450 008b 0A       		.uleb128 0xa
 1451 008c 00       		.byte	0x0
 1452 008d 00       		.byte	0x0
 1453 008e 0D       		.uleb128 0xd
 1454 008f 0D       		.uleb128 0xd
 1455 0090 00       		.byte	0x0
 1456 0091 03       		.uleb128 0x3
 1457 0092 08       		.uleb128 0x8
 1458 0093 3A       		.uleb128 0x3a
 1459 0094 0B       		.uleb128 0xb
 1460 0095 3B       		.uleb128 0x3b
 1461 0096 05       		.uleb128 0x5
 1462 0097 49       		.uleb128 0x49
 1463 0098 13       		.uleb128 0x13
 1464 0099 38       		.uleb128 0x38
 1465 009a 0A       		.uleb128 0xa
 1466 009b 00       		.byte	0x0
 1467 009c 00       		.byte	0x0
 1468 009d 0E       		.uleb128 0xe
 1469 009e 0F       		.uleb128 0xf
 1470 009f 00       		.byte	0x0
 1471 00a0 0B       		.uleb128 0xb
 1472 00a1 0B       		.uleb128 0xb
ARM GAS  C:\Users\z80\AppData\Local\Temp\ccTPLlmo.s 			page 27


 1473 00a2 49       		.uleb128 0x49
 1474 00a3 13       		.uleb128 0x13
 1475 00a4 00       		.byte	0x0
 1476 00a5 00       		.byte	0x0
 1477 00a6 0F       		.uleb128 0xf
 1478 00a7 15       		.uleb128 0x15
 1479 00a8 01       		.byte	0x1
 1480 00a9 27       		.uleb128 0x27
 1481 00aa 0C       		.uleb128 0xc
 1482 00ab 01       		.uleb128 0x1
 1483 00ac 13       		.uleb128 0x13
 1484 00ad 00       		.byte	0x0
 1485 00ae 00       		.byte	0x0
 1486 00af 10       		.uleb128 0x10
 1487 00b0 05       		.uleb128 0x5
 1488 00b1 00       		.byte	0x0
 1489 00b2 49       		.uleb128 0x49
 1490 00b3 13       		.uleb128 0x13
 1491 00b4 00       		.byte	0x0
 1492 00b5 00       		.byte	0x0
 1493 00b6 11       		.uleb128 0x11
 1494 00b7 13       		.uleb128 0x13
 1495 00b8 01       		.byte	0x1
 1496 00b9 0B       		.uleb128 0xb
 1497 00ba 0B       		.uleb128 0xb
 1498 00bb 3A       		.uleb128 0x3a
 1499 00bc 0B       		.uleb128 0xb
 1500 00bd 3B       		.uleb128 0x3b
 1501 00be 05       		.uleb128 0x5
 1502 00bf 01       		.uleb128 0x1
 1503 00c0 13       		.uleb128 0x13
 1504 00c1 00       		.byte	0x0
 1505 00c2 00       		.byte	0x0
 1506 00c3 12       		.uleb128 0x12
 1507 00c4 16       		.uleb128 0x16
 1508 00c5 00       		.byte	0x0
 1509 00c6 03       		.uleb128 0x3
 1510 00c7 0E       		.uleb128 0xe
 1511 00c8 3A       		.uleb128 0x3a
 1512 00c9 0B       		.uleb128 0xb
 1513 00ca 3B       		.uleb128 0x3b
 1514 00cb 05       		.uleb128 0x5
 1515 00cc 49       		.uleb128 0x49
 1516 00cd 13       		.uleb128 0x13
 1517 00ce 00       		.byte	0x0
 1518 00cf 00       		.byte	0x0
 1519 00d0 13       		.uleb128 0x13
 1520 00d1 26       		.uleb128 0x26
 1521 00d2 00       		.byte	0x0
 1522 00d3 49       		.uleb128 0x49
 1523 00d4 13       		.uleb128 0x13
 1524 00d5 00       		.byte	0x0
 1525 00d6 00       		.byte	0x0
 1526 00d7 14       		.uleb128 0x14
 1527 00d8 2E       		.uleb128 0x2e
 1528 00d9 00       		.byte	0x0
 1529 00da 3F       		.uleb128 0x3f
ARM GAS  C:\Users\z80\AppData\Local\Temp\ccTPLlmo.s 			page 28


 1530 00db 0C       		.uleb128 0xc
 1531 00dc 03       		.uleb128 0x3
 1532 00dd 0E       		.uleb128 0xe
 1533 00de 3A       		.uleb128 0x3a
 1534 00df 0B       		.uleb128 0xb
 1535 00e0 3B       		.uleb128 0x3b
 1536 00e1 0B       		.uleb128 0xb
 1537 00e2 27       		.uleb128 0x27
 1538 00e3 0C       		.uleb128 0xc
 1539 00e4 11       		.uleb128 0x11
 1540 00e5 01       		.uleb128 0x1
 1541 00e6 12       		.uleb128 0x12
 1542 00e7 01       		.uleb128 0x1
 1543 00e8 40       		.uleb128 0x40
 1544 00e9 06       		.uleb128 0x6
 1545 00ea 00       		.byte	0x0
 1546 00eb 00       		.byte	0x0
 1547 00ec 15       		.uleb128 0x15
 1548 00ed 2E       		.uleb128 0x2e
 1549 00ee 01       		.byte	0x1
 1550 00ef 3F       		.uleb128 0x3f
 1551 00f0 0C       		.uleb128 0xc
 1552 00f1 03       		.uleb128 0x3
 1553 00f2 0E       		.uleb128 0xe
 1554 00f3 3A       		.uleb128 0x3a
 1555 00f4 0B       		.uleb128 0xb
 1556 00f5 3B       		.uleb128 0x3b
 1557 00f6 0B       		.uleb128 0xb
 1558 00f7 27       		.uleb128 0x27
 1559 00f8 0C       		.uleb128 0xc
 1560 00f9 11       		.uleb128 0x11
 1561 00fa 01       		.uleb128 0x1
 1562 00fb 12       		.uleb128 0x12
 1563 00fc 01       		.uleb128 0x1
 1564 00fd 40       		.uleb128 0x40
 1565 00fe 06       		.uleb128 0x6
 1566 00ff 01       		.uleb128 0x1
 1567 0100 13       		.uleb128 0x13
 1568 0101 00       		.byte	0x0
 1569 0102 00       		.byte	0x0
 1570 0103 16       		.uleb128 0x16
 1571 0104 05       		.uleb128 0x5
 1572 0105 00       		.byte	0x0
 1573 0106 03       		.uleb128 0x3
 1574 0107 0E       		.uleb128 0xe
 1575 0108 3A       		.uleb128 0x3a
 1576 0109 0B       		.uleb128 0xb
 1577 010a 3B       		.uleb128 0x3b
 1578 010b 0B       		.uleb128 0xb
 1579 010c 49       		.uleb128 0x49
 1580 010d 13       		.uleb128 0x13
 1581 010e 02       		.uleb128 0x2
 1582 010f 0A       		.uleb128 0xa
 1583 0110 00       		.byte	0x0
 1584 0111 00       		.byte	0x0
 1585 0112 17       		.uleb128 0x17
 1586 0113 0B       		.uleb128 0xb
ARM GAS  C:\Users\z80\AppData\Local\Temp\ccTPLlmo.s 			page 29


 1587 0114 01       		.byte	0x1
 1588 0115 11       		.uleb128 0x11
 1589 0116 01       		.uleb128 0x1
 1590 0117 12       		.uleb128 0x12
 1591 0118 01       		.uleb128 0x1
 1592 0119 01       		.uleb128 0x1
 1593 011a 13       		.uleb128 0x13
 1594 011b 00       		.byte	0x0
 1595 011c 00       		.byte	0x0
 1596 011d 18       		.uleb128 0x18
 1597 011e 34       		.uleb128 0x34
 1598 011f 00       		.byte	0x0
 1599 0120 03       		.uleb128 0x3
 1600 0121 08       		.uleb128 0x8
 1601 0122 3A       		.uleb128 0x3a
 1602 0123 0B       		.uleb128 0xb
 1603 0124 3B       		.uleb128 0x3b
 1604 0125 0B       		.uleb128 0xb
 1605 0126 49       		.uleb128 0x49
 1606 0127 13       		.uleb128 0x13
 1607 0128 02       		.uleb128 0x2
 1608 0129 0A       		.uleb128 0xa
 1609 012a 00       		.byte	0x0
 1610 012b 00       		.byte	0x0
 1611 012c 19       		.uleb128 0x19
 1612 012d 0B       		.uleb128 0xb
 1613 012e 01       		.byte	0x1
 1614 012f 11       		.uleb128 0x11
 1615 0130 01       		.uleb128 0x1
 1616 0131 12       		.uleb128 0x12
 1617 0132 01       		.uleb128 0x1
 1618 0133 00       		.byte	0x0
 1619 0134 00       		.byte	0x0
 1620 0135 1A       		.uleb128 0x1a
 1621 0136 34       		.uleb128 0x34
 1622 0137 00       		.byte	0x0
 1623 0138 03       		.uleb128 0x3
 1624 0139 0E       		.uleb128 0xe
 1625 013a 3A       		.uleb128 0x3a
 1626 013b 0B       		.uleb128 0xb
 1627 013c 3B       		.uleb128 0x3b
 1628 013d 05       		.uleb128 0x5
 1629 013e 49       		.uleb128 0x49
 1630 013f 13       		.uleb128 0x13
 1631 0140 3F       		.uleb128 0x3f
 1632 0141 0C       		.uleb128 0xc
 1633 0142 3C       		.uleb128 0x3c
 1634 0143 0C       		.uleb128 0xc
 1635 0144 00       		.byte	0x0
 1636 0145 00       		.byte	0x0
 1637 0146 00       		.byte	0x0
 1638              		.section	.debug_pubnames,"",%progbits
 1639 0000 84000000 		.4byte	0x84
 1640 0004 0200     		.2byte	0x2
 1641 0006 00000000 		.4byte	.Ldebug_info0
 1642 000a 12060000 		.4byte	0x612
 1643 000e B0030000 		.4byte	0x3b0
ARM GAS  C:\Users\z80\AppData\Local\Temp\ccTPLlmo.s 			page 30


 1644 0012 70776D49 		.ascii	"pwmInit\000"
 1644      6E697400 
 1645 001a C5030000 		.4byte	0x3c5
 1646 001e 70776D4F 		.ascii	"pwmObjectInit\000"
 1646      626A6563 
 1646      74496E69 
 1646      7400
 1647 002c ED030000 		.4byte	0x3ed
 1648 0030 70776D53 		.ascii	"pwmStart\000"
 1648      74617274 
 1648      00
 1649 0039 55040000 		.4byte	0x455
 1650 003d 70776D53 		.ascii	"pwmStop\000"
 1650      746F7000 
 1651 0045 AF040000 		.4byte	0x4af
 1652 0049 70776D43 		.ascii	"pwmChangePeriod\000"
 1652      68616E67 
 1652      65506572 
 1652      696F6400 
 1653 0059 17050000 		.4byte	0x517
 1654 005d 70776D45 		.ascii	"pwmEnableChannel\000"
 1654      6E61626C 
 1654      65436861 
 1654      6E6E656C 
 1654      00
 1655 006e 8D050000 		.4byte	0x58d
 1656 0072 70776D44 		.ascii	"pwmDisableChannel\000"
 1656      69736162 
 1656      6C654368 
 1656      616E6E65 
 1656      6C00
 1657 0084 00000000 		.4byte	0x0
 1658              		.section	.debug_pubtypes,"",%progbits
 1659 0000 DC000000 		.4byte	0xdc
 1660 0004 0200     		.2byte	0x2
 1661 0006 00000000 		.4byte	.Ldebug_info0
 1662 000a 12060000 		.4byte	0x612
 1663 000e 3E000000 		.4byte	0x3e
 1664 0012 75696E74 		.ascii	"uint8_t\000"
 1664      385F7400 
 1665 001a 57000000 		.4byte	0x57
 1666 001e 75696E74 		.ascii	"uint16_t\000"
 1666      31365F74 
 1666      00
 1667 0027 69000000 		.4byte	0x69
 1668 002b 696E7433 		.ascii	"int32_t\000"
 1668      325F7400 
 1669 0033 7B000000 		.4byte	0x7b
 1670 0037 75696E74 		.ascii	"uint32_t\000"
 1670      33325F74 
 1670      00
 1671 0040 E1000000 		.4byte	0xe1
 1672 0044 70776D73 		.ascii	"pwmstate_t\000"
 1672      74617465 
 1672      5F7400
 1673 004f EC000000 		.4byte	0xec
 1674 0053 50574D44 		.ascii	"PWMDriver\000"
ARM GAS  C:\Users\z80\AppData\Local\Temp\ccTPLlmo.s 			page 31


 1674      72697665 
 1674      7200
 1675 005d 50010000 		.4byte	0x150
 1676 0061 70776D63 		.ascii	"pwmcallback_t\000"
 1676      616C6C62 
 1676      61636B5F 
 1676      7400
 1677 006f BB020000 		.4byte	0x2bb
 1678 0073 73746D33 		.ascii	"stm32_tim_t\000"
 1678      325F7469 
 1678      6D5F7400 
 1679 007f C7020000 		.4byte	0x2c7
 1680 0083 70776D6D 		.ascii	"pwmmode_t\000"
 1680      6F64655F 
 1680      7400
 1681 008d D3020000 		.4byte	0x2d3
 1682 0091 70776D63 		.ascii	"pwmchannel_t\000"
 1682      68616E6E 
 1682      656C5F74 
 1682      00
 1683 009e DF020000 		.4byte	0x2df
 1684 00a2 70776D63 		.ascii	"pwmcnt_t\000"
 1684      6E745F74 
 1684      00
 1685 00ab 13030000 		.4byte	0x313
 1686 00af 50574D43 		.ascii	"PWMChannelConfig\000"
 1686      68616E6E 
 1686      656C436F 
 1686      6E666967 
 1686      00
 1687 00c0 93030000 		.4byte	0x393
 1688 00c4 50574D43 		.ascii	"PWMConfig\000"
 1688      6F6E6669 
 1688      6700
 1689 00ce F7000000 		.4byte	0xf7
 1690 00d2 50574D44 		.ascii	"PWMDriver\000"
 1690      72697665 
 1690      7200
 1691 00dc 00000000 		.4byte	0x0
 1692              		.section	.debug_aranges,"",%progbits
 1693 0000 4C000000 		.4byte	0x4c
 1694 0004 0200     		.2byte	0x2
 1695 0006 00000000 		.4byte	.Ldebug_info0
 1696 000a 04       		.byte	0x4
 1697 000b 00       		.byte	0x0
 1698 000c 0000     		.2byte	0x0
 1699 000e 0000     		.2byte	0x0
 1700 0010 00000000 		.4byte	.LFB63
 1701 0014 08000000 		.4byte	.LFE63-.LFB63
 1702 0018 00000000 		.4byte	.LFB64
 1703 001c 18000000 		.4byte	.LFE64-.LFB64
 1704 0020 00000000 		.4byte	.LFB65
 1705 0024 52000000 		.4byte	.LFE65-.LFB65
 1706 0028 00000000 		.4byte	.LFB66
 1707 002c 3C000000 		.4byte	.LFE66-.LFB66
 1708 0030 00000000 		.4byte	.LFB67
 1709 0034 40000000 		.4byte	.LFE67-.LFB67
ARM GAS  C:\Users\z80\AppData\Local\Temp\ccTPLlmo.s 			page 32


 1710 0038 00000000 		.4byte	.LFB68
 1711 003c 4A000000 		.4byte	.LFE68-.LFB68
 1712 0040 00000000 		.4byte	.LFB69
 1713 0044 3E000000 		.4byte	.LFE69-.LFB69
 1714 0048 00000000 		.4byte	0x0
 1715 004c 00000000 		.4byte	0x0
 1716              		.section	.debug_ranges,"",%progbits
 1717              	.Ldebug_ranges0:
 1718 0000 00000000 		.4byte	.LFB63
 1719 0004 08000000 		.4byte	.LFE63
 1720 0008 00000000 		.4byte	.LFB64
 1721 000c 18000000 		.4byte	.LFE64
 1722 0010 00000000 		.4byte	.LFB65
 1723 0014 52000000 		.4byte	.LFE65
 1724 0018 00000000 		.4byte	.LFB66
 1725 001c 3C000000 		.4byte	.LFE66
 1726 0020 00000000 		.4byte	.LFB67
 1727 0024 40000000 		.4byte	.LFE67
 1728 0028 00000000 		.4byte	.LFB68
 1729 002c 4A000000 		.4byte	.LFE68
 1730 0030 00000000 		.4byte	.LFB69
 1731 0034 3E000000 		.4byte	.LFE69
 1732 0038 00000000 		.4byte	0x0
 1733 003c 00000000 		.4byte	0x0
 1734              		.section	.debug_str,"MS",%progbits,1
 1735              	.LASF57:
 1736 0000 2E2E2F63 		.ascii	"../chibios_2.6.3/os/hal/src/pwm.c\000"
 1736      68696269 
 1736      6F735F32 
 1736      2E362E33 
 1736      2F6F732F 
 1737              	.LASF31:
 1738 0022 444D4152 		.ascii	"DMAR\000"
 1738      00
 1739              	.LASF20:
 1740 0027 73746174 		.ascii	"state\000"
 1740      6500
 1741              	.LASF28:
 1742 002d 43434D52 		.ascii	"CCMR2\000"
 1742      3200
 1743              	.LASF32:
 1744 0033 43434D52 		.ascii	"CCMR3\000"
 1744      3300
 1745              	.LASF3:
 1746 0039 73686F72 		.ascii	"short int\000"
 1746      7420696E 
 1746      7400
 1747              	.LASF38:
 1748 0043 70776D63 		.ascii	"pwmcnt_t\000"
 1748      6E745F74 
 1748      00
 1749              	.LASF37:
 1750 004c 70776D63 		.ascii	"pwmchannel_t\000"
 1750      68616E6E 
 1750      656C5F74 
 1750      00
 1751              	.LASF39:
ARM GAS  C:\Users\z80\AppData\Local\Temp\ccTPLlmo.s 			page 33


 1752 0059 6D6F6465 		.ascii	"mode\000"
 1752      00
 1753              	.LASF43:
 1754 005e 6368616E 		.ascii	"channels\000"
 1754      6E656C73 
 1754      00
 1755              	.LASF21:
 1756 0067 636F6E66 		.ascii	"config\000"
 1756      696700
 1757              	.LASF46:
 1758 006e 70776D4F 		.ascii	"pwmObjectInit\000"
 1758      626A6563 
 1758      74496E69 
 1758      7400
 1759              	.LASF4:
 1760 007c 75696E74 		.ascii	"uint8_t\000"
 1760      385F7400 
 1761              	.LASF51:
 1762 0084 70776D45 		.ascii	"pwmEnableChannel\000"
 1762      6E61626C 
 1762      65436861 
 1762      6E6E656C 
 1762      00
 1763              	.LASF53:
 1764 0095 77696474 		.ascii	"width\000"
 1764      6800
 1765              	.LASF47:
 1766 009b 70776D53 		.ascii	"pwmStart\000"
 1766      74617274 
 1766      00
 1767              	.LASF11:
 1768 00a4 6C6F6E67 		.ascii	"long long int\000"
 1768      206C6F6E 
 1768      6720696E 
 1768      7400
 1769              	.LASF8:
 1770 00b2 6C6F6E67 		.ascii	"long int\000"
 1770      20696E74 
 1770      00
 1771              	.LASF59:
 1772 00bb 70776D49 		.ascii	"pwmInit\000"
 1772      6E697400 
 1773              	.LASF33:
 1774 00c3 43435235 		.ascii	"CCR5\000"
 1774      00
 1775              	.LASF34:
 1776 00c8 43435236 		.ascii	"CCR6\000"
 1776      00
 1777              	.LASF22:
 1778 00cd 70657269 		.ascii	"period\000"
 1778      6F6400
 1779              	.LASF27:
 1780 00d4 43434D52 		.ascii	"CCMR1\000"
 1780      3100
 1781              	.LASF45:
 1782 00da 50574D43 		.ascii	"PWMConfig\000"
 1782      6F6E6669 
ARM GAS  C:\Users\z80\AppData\Local\Temp\ccTPLlmo.s 			page 34


 1782      6700
 1783              	.LASF48:
 1784 00e4 70776D70 		.ascii	"pwmp\000"
 1784      00
 1785              	.LASF25:
 1786 00e9 534D4352 		.ascii	"SMCR\000"
 1786      00
 1787              	.LASF15:
 1788 00ee 50574D5F 		.ascii	"PWM_UNINIT\000"
 1788      554E494E 
 1788      495400
 1789              	.LASF2:
 1790 00f9 756E7369 		.ascii	"unsigned char\000"
 1790      676E6564 
 1790      20636861 
 1790      7200
 1791              	.LASF54:
 1792 0107 70776D44 		.ascii	"pwmDisableChannel\000"
 1792      69736162 
 1792      6C654368 
 1792      616E6E65 
 1792      6C00
 1793              	.LASF1:
 1794 0119 7369676E 		.ascii	"signed char\000"
 1794      65642063 
 1794      68617200 
 1795              	.LASF12:
 1796 0125 6C6F6E67 		.ascii	"long long unsigned int\000"
 1796      206C6F6E 
 1796      6720756E 
 1796      7369676E 
 1796      65642069 
 1797              	.LASF9:
 1798 013c 75696E74 		.ascii	"uint32_t\000"
 1798      33325F74 
 1798      00
 1799              	.LASF0:
 1800 0145 756E7369 		.ascii	"unsigned int\000"
 1800      676E6564 
 1800      20696E74 
 1800      00
 1801              	.LASF5:
 1802 0152 75696E74 		.ascii	"uint16_t\000"
 1802      31365F74 
 1802      00
 1803              	.LASF30:
 1804 015b 42445452 		.ascii	"BDTR\000"
 1804      00
 1805              	.LASF26:
 1806 0160 44494552 		.ascii	"DIER\000"
 1806      00
 1807              	.LASF6:
 1808 0165 73686F72 		.ascii	"short unsigned int\000"
 1808      7420756E 
 1808      7369676E 
 1808      65642069 
 1808      6E7400
ARM GAS  C:\Users\z80\AppData\Local\Temp\ccTPLlmo.s 			page 35


 1809              	.LASF14:
 1810 0178 63686172 		.ascii	"char\000"
 1810      00
 1811              	.LASF35:
 1812 017d 73746D33 		.ascii	"stm32_tim_t\000"
 1812      325F7469 
 1812      6D5F7400 
 1813              	.LASF19:
 1814 0189 50574D44 		.ascii	"PWMDriver\000"
 1814      72697665 
 1814      7200
 1815              	.LASF7:
 1816 0193 696E7433 		.ascii	"int32_t\000"
 1816      325F7400 
 1817              	.LASF13:
 1818 019b 5F426F6F 		.ascii	"_Bool\000"
 1818      6C00
 1819              	.LASF52:
 1820 01a1 6368616E 		.ascii	"channel\000"
 1820      6E656C00 
 1821              	.LASF50:
 1822 01a9 70776D43 		.ascii	"pwmChangePeriod\000"
 1822      68616E67 
 1822      65506572 
 1822      696F6400 
 1823              	.LASF10:
 1824 01b9 6C6F6E67 		.ascii	"long unsigned int\000"
 1824      20756E73 
 1824      69676E65 
 1824      6420696E 
 1824      7400
 1825              	.LASF23:
 1826 01cb 636C6F63 		.ascii	"clock\000"
 1826      6B00
 1827              	.LASF29:
 1828 01d1 43434552 		.ascii	"CCER\000"
 1828      00
 1829              	.LASF56:
 1830 01d6 474E5520 		.ascii	"GNU C 4.5.0\000"
 1830      4320342E 
 1830      352E3000 
 1831              	.LASF17:
 1832 01e2 50574D5F 		.ascii	"PWM_READY\000"
 1832      52454144 
 1832      5900
 1833              	.LASF16:
 1834 01ec 50574D5F 		.ascii	"PWM_STOP\000"
 1834      53544F50 
 1834      00
 1835              	.LASF44:
 1836 01f5 64696572 		.ascii	"dier\000"
 1836      00
 1837              	.LASF49:
 1838 01fa 70776D53 		.ascii	"pwmStop\000"
 1838      746F7000 
 1839              	.LASF42:
 1840 0202 66726571 		.ascii	"frequency\000"
ARM GAS  C:\Users\z80\AppData\Local\Temp\ccTPLlmo.s 			page 36


 1840      75656E63 
 1840      7900
 1841              	.LASF41:
 1842 020c 50574D43 		.ascii	"PWMChannelConfig\000"
 1842      68616E6E 
 1842      656C436F 
 1842      6E666967 
 1842      00
 1843              	.LASF36:
 1844 021d 70776D6D 		.ascii	"pwmmode_t\000"
 1844      6F64655F 
 1844      7400
 1845              	.LASF55:
 1846 0227 49544D5F 		.ascii	"ITM_RxBuffer\000"
 1846      52784275 
 1846      66666572 
 1846      00
 1847              	.LASF18:
 1848 0234 70776D73 		.ascii	"pwmstate_t\000"
 1848      74617465 
 1848      5F7400
 1849              	.LASF24:
 1850 023f 70776D63 		.ascii	"pwmcallback_t\000"
 1850      616C6C62 
 1850      61636B5F 
 1850      7400
 1851              	.LASF58:
 1852 024d 433A5C70 		.ascii	"C:\\projects\\clock.git\\firmware\\firmware\000"
 1852      726F6A65 
 1852      6374735C 
 1852      636C6F63 
 1852      6B2E6769 
 1853              	.LASF40:
 1854 0275 63616C6C 		.ascii	"callback\000"
 1854      6261636B 
 1854      00
 1855              		.ident	"GCC: (GNU) 4.5.0"
ARM GAS  C:\Users\z80\AppData\Local\Temp\ccTPLlmo.s 			page 37


DEFINED SYMBOLS
                            *ABS*:00000000 pwm.c
C:\Users\z80\AppData\Local\Temp\ccTPLlmo.s:24     .text.pwmInit:00000000 $t
C:\Users\z80\AppData\Local\Temp\ccTPLlmo.s:30     .text.pwmInit:00000000 pwmInit
C:\Users\z80\AppData\Local\Temp\ccTPLlmo.s:50     .text.pwmObjectInit:00000000 $t
C:\Users\z80\AppData\Local\Temp\ccTPLlmo.s:56     .text.pwmObjectInit:00000000 pwmObjectInit
C:\Users\z80\AppData\Local\Temp\ccTPLlmo.s:82     .text.pwmStart:00000000 $t
C:\Users\z80\AppData\Local\Temp\ccTPLlmo.s:88     .text.pwmStart:00000000 pwmStart
C:\Users\z80\AppData\Local\Temp\ccTPLlmo.s:163    .text.pwmStop:00000000 $t
C:\Users\z80\AppData\Local\Temp\ccTPLlmo.s:169    .text.pwmStop:00000000 pwmStop
C:\Users\z80\AppData\Local\Temp\ccTPLlmo.s:229    .text.pwmChangePeriod:00000000 $t
C:\Users\z80\AppData\Local\Temp\ccTPLlmo.s:235    .text.pwmChangePeriod:00000000 pwmChangePeriod
C:\Users\z80\AppData\Local\Temp\ccTPLlmo.s:288    .text.pwmEnableChannel:00000000 $t
C:\Users\z80\AppData\Local\Temp\ccTPLlmo.s:294    .text.pwmEnableChannel:00000000 pwmEnableChannel
C:\Users\z80\AppData\Local\Temp\ccTPLlmo.s:354    .text.pwmDisableChannel:00000000 $t
C:\Users\z80\AppData\Local\Temp\ccTPLlmo.s:360    .text.pwmDisableChannel:00000000 pwmDisableChannel
                     .debug_frame:00000010 $d

UNDEFINED SYMBOLS
pwm_lld_init
pwm_lld_start
pwm_lld_stop
pwm_lld_enable_channel
pwm_lld_disable_channel
