ARM GAS  C:\Users\z80\AppData\Local\Temp\ccObwLcc.s 			page 1


   1              		.syntax unified
   2              		.cpu cortex-m3
   3              		.fpu softvfp
   4              		.eabi_attribute 20, 1
   5              		.eabi_attribute 21, 1
   6              		.eabi_attribute 23, 3
   7              		.eabi_attribute 24, 1
   8              		.eabi_attribute 25, 1
   9              		.eabi_attribute 26, 1
  10              		.eabi_attribute 30, 6
  11              		.eabi_attribute 18, 4
  12              		.thumb
  13              		.file	"sdc_lld.c"
  14              		.section	.debug_abbrev,"",%progbits
  15              	.Ldebug_abbrev0:
  16              		.section	.debug_info,"",%progbits
  17              	.Ldebug_info0:
  18              		.section	.debug_line,"",%progbits
  19              	.Ldebug_line0:
  20 0000 A5000000 		.text
  20      02009F00 
  20      00000201 
  20      FB0E0D00 
  20      01010101 
  21              	.Ltext0:
  22              		.cfi_sections	.debug_frame
  23              	.Letext0:
  24              		.file 1 "../chibios_2.6.3/os/ports/common/ARMCMx/CMSIS/include/core_cm3.h"
  25              		.file 2 "c:/programs/yagarto/lib/gcc/../../arm-none-eabi/sys-include/stdint.h"
  26              		.section	.debug_info
  27 0000 A5000000 		.4byte	0xa5
  28 0004 0200     		.2byte	0x2
  29 0006 00000000 		.4byte	.Ldebug_abbrev0
  30 000a 04       		.byte	0x4
  31 000b 01       		.uleb128 0x1
  32 000c 7F000000 		.4byte	.LASF12
  33 0010 01       		.byte	0x1
  34 0011 A7000000 		.4byte	.LASF13
  35 0015 2E000000 		.4byte	.LASF14
  36 0019 00000000 		.4byte	.Ltext0
  37 001d 00000000 		.4byte	.Letext0
  38 0021 00000000 		.4byte	.Ldebug_line0
  39 0025 02       		.uleb128 0x2
  40 0026 01       		.byte	0x1
  41 0027 06       		.byte	0x6
  42 0028 EC000000 		.4byte	.LASF0
  43 002c 02       		.uleb128 0x2
  44 002d 01       		.byte	0x1
  45 002e 08       		.byte	0x8
  46 002f 8B000000 		.4byte	.LASF1
  47 0033 02       		.uleb128 0x2
  48 0034 02       		.byte	0x2
  49 0035 05       		.byte	0x5
  50 0036 F8000000 		.4byte	.LASF2
  51 003a 02       		.uleb128 0x2
  52 003b 02       		.byte	0x2
  53 003c 07       		.byte	0x7
ARM GAS  C:\Users\z80\AppData\Local\Temp\ccObwLcc.s 			page 2


  54 003d 0E000000 		.4byte	.LASF3
  55 0041 03       		.uleb128 0x3
  56 0042 04       		.byte	0x4
  57 0043 05       		.byte	0x5
  58 0044 696E7400 		.ascii	"int\000"
  59 0048 02       		.uleb128 0x2
  60 0049 04       		.byte	0x4
  61 004a 07       		.byte	0x7
  62 004b 21000000 		.4byte	.LASF4
  63 004f 02       		.uleb128 0x2
  64 0050 08       		.byte	0x8
  65 0051 05       		.byte	0x5
  66 0052 00000000 		.4byte	.LASF5
  67 0056 02       		.uleb128 0x2
  68 0057 08       		.byte	0x8
  69 0058 07       		.byte	0x7
  70 0059 68000000 		.4byte	.LASF6
  71 005d 02       		.uleb128 0x2
  72 005e 04       		.byte	0x4
  73 005f 05       		.byte	0x5
  74 0060 9E000000 		.4byte	.LASF7
  75 0064 04       		.uleb128 0x4
  76 0065 04       		.byte	0x4
  77 0066 07       		.byte	0x7
  78 0067 02       		.uleb128 0x2
  79 0068 04       		.byte	0x4
  80 0069 07       		.byte	0x7
  81 006a 56000000 		.4byte	.LASF8
  82 006e 02       		.uleb128 0x2
  83 006f 01       		.byte	0x1
  84 0070 08       		.byte	0x8
  85 0071 99000000 		.4byte	.LASF9
  86 0075 05       		.uleb128 0x5
  87 0076 02010000 		.4byte	.LASF15
  88 007a 02       		.byte	0x2
  89 007b 4F       		.byte	0x4f
  90 007c 5D000000 		.4byte	0x5d
  91 0080 02       		.uleb128 0x2
  92 0081 01       		.byte	0x1
  93 0082 02       		.byte	0x2
  94 0083 D9000000 		.4byte	.LASF10
  95 0087 06       		.uleb128 0x6
  96 0088 75000000 		.4byte	0x75
  97 008c 07       		.uleb128 0x7
  98 008d DF000000 		.4byte	.LASF11
  99 0091 01       		.byte	0x1
 100 0092 0706     		.2byte	0x607
 101 0094 87000000 		.4byte	0x87
 102 0098 01       		.byte	0x1
 103 0099 01       		.byte	0x1
 104 009a 07       		.uleb128 0x7
 105 009b DF000000 		.4byte	.LASF11
 106 009f 01       		.byte	0x1
 107 00a0 0706     		.2byte	0x607
 108 00a2 87000000 		.4byte	0x87
 109 00a6 01       		.byte	0x1
 110 00a7 01       		.byte	0x1
ARM GAS  C:\Users\z80\AppData\Local\Temp\ccObwLcc.s 			page 3


 111 00a8 00       		.byte	0x0
 112              		.section	.debug_abbrev
 113 0000 01       		.uleb128 0x1
 114 0001 11       		.uleb128 0x11
 115 0002 01       		.byte	0x1
 116 0003 25       		.uleb128 0x25
 117 0004 0E       		.uleb128 0xe
 118 0005 13       		.uleb128 0x13
 119 0006 0B       		.uleb128 0xb
 120 0007 03       		.uleb128 0x3
 121 0008 0E       		.uleb128 0xe
 122 0009 1B       		.uleb128 0x1b
 123 000a 0E       		.uleb128 0xe
 124 000b 11       		.uleb128 0x11
 125 000c 01       		.uleb128 0x1
 126 000d 12       		.uleb128 0x12
 127 000e 01       		.uleb128 0x1
 128 000f 10       		.uleb128 0x10
 129 0010 06       		.uleb128 0x6
 130 0011 00       		.byte	0x0
 131 0012 00       		.byte	0x0
 132 0013 02       		.uleb128 0x2
 133 0014 24       		.uleb128 0x24
 134 0015 00       		.byte	0x0
 135 0016 0B       		.uleb128 0xb
 136 0017 0B       		.uleb128 0xb
 137 0018 3E       		.uleb128 0x3e
 138 0019 0B       		.uleb128 0xb
 139 001a 03       		.uleb128 0x3
 140 001b 0E       		.uleb128 0xe
 141 001c 00       		.byte	0x0
 142 001d 00       		.byte	0x0
 143 001e 03       		.uleb128 0x3
 144 001f 24       		.uleb128 0x24
 145 0020 00       		.byte	0x0
 146 0021 0B       		.uleb128 0xb
 147 0022 0B       		.uleb128 0xb
 148 0023 3E       		.uleb128 0x3e
 149 0024 0B       		.uleb128 0xb
 150 0025 03       		.uleb128 0x3
 151 0026 08       		.uleb128 0x8
 152 0027 00       		.byte	0x0
 153 0028 00       		.byte	0x0
 154 0029 04       		.uleb128 0x4
 155 002a 24       		.uleb128 0x24
 156 002b 00       		.byte	0x0
 157 002c 0B       		.uleb128 0xb
 158 002d 0B       		.uleb128 0xb
 159 002e 3E       		.uleb128 0x3e
 160 002f 0B       		.uleb128 0xb
 161 0030 00       		.byte	0x0
 162 0031 00       		.byte	0x0
 163 0032 05       		.uleb128 0x5
 164 0033 16       		.uleb128 0x16
 165 0034 00       		.byte	0x0
 166 0035 03       		.uleb128 0x3
 167 0036 0E       		.uleb128 0xe
ARM GAS  C:\Users\z80\AppData\Local\Temp\ccObwLcc.s 			page 4


 168 0037 3A       		.uleb128 0x3a
 169 0038 0B       		.uleb128 0xb
 170 0039 3B       		.uleb128 0x3b
 171 003a 0B       		.uleb128 0xb
 172 003b 49       		.uleb128 0x49
 173 003c 13       		.uleb128 0x13
 174 003d 00       		.byte	0x0
 175 003e 00       		.byte	0x0
 176 003f 06       		.uleb128 0x6
 177 0040 35       		.uleb128 0x35
 178 0041 00       		.byte	0x0
 179 0042 49       		.uleb128 0x49
 180 0043 13       		.uleb128 0x13
 181 0044 00       		.byte	0x0
 182 0045 00       		.byte	0x0
 183 0046 07       		.uleb128 0x7
 184 0047 34       		.uleb128 0x34
 185 0048 00       		.byte	0x0
 186 0049 03       		.uleb128 0x3
 187 004a 0E       		.uleb128 0xe
 188 004b 3A       		.uleb128 0x3a
 189 004c 0B       		.uleb128 0xb
 190 004d 3B       		.uleb128 0x3b
 191 004e 05       		.uleb128 0x5
 192 004f 49       		.uleb128 0x49
 193 0050 13       		.uleb128 0x13
 194 0051 3F       		.uleb128 0x3f
 195 0052 0C       		.uleb128 0xc
 196 0053 3C       		.uleb128 0x3c
 197 0054 0C       		.uleb128 0xc
 198 0055 00       		.byte	0x0
 199 0056 00       		.byte	0x0
 200 0057 00       		.byte	0x0
 201              		.section	.debug_pubtypes,"",%progbits
 202 0000 1A000000 		.4byte	0x1a
 203 0004 0200     		.2byte	0x2
 204 0006 00000000 		.4byte	.Ldebug_info0
 205 000a A9000000 		.4byte	0xa9
 206 000e 75000000 		.4byte	0x75
 207 0012 696E7433 		.ascii	"int32_t\000"
 207      325F7400 
 208 001a 00000000 		.4byte	0x0
 209              		.section	.debug_str,"MS",%progbits,1
 210              	.LASF5:
 211 0000 6C6F6E67 		.ascii	"long long int\000"
 211      206C6F6E 
 211      6720696E 
 211      7400
 212              	.LASF3:
 213 000e 73686F72 		.ascii	"short unsigned int\000"
 213      7420756E 
 213      7369676E 
 213      65642069 
 213      6E7400
 214              	.LASF4:
 215 0021 756E7369 		.ascii	"unsigned int\000"
 215      676E6564 
ARM GAS  C:\Users\z80\AppData\Local\Temp\ccObwLcc.s 			page 5


 215      20696E74 
 215      00
 216              	.LASF14:
 217 002e 433A5C70 		.ascii	"C:\\projects\\clock.git\\firmware\\firmware\000"
 217      726F6A65 
 217      6374735C 
 217      636C6F63 
 217      6B2E6769 
 218              	.LASF8:
 219 0056 6C6F6E67 		.ascii	"long unsigned int\000"
 219      20756E73 
 219      69676E65 
 219      6420696E 
 219      7400
 220              	.LASF6:
 221 0068 6C6F6E67 		.ascii	"long long unsigned int\000"
 221      206C6F6E 
 221      6720756E 
 221      7369676E 
 221      65642069 
 222              	.LASF12:
 223 007f 474E5520 		.ascii	"GNU C 4.5.0\000"
 223      4320342E 
 223      352E3000 
 224              	.LASF1:
 225 008b 756E7369 		.ascii	"unsigned char\000"
 225      676E6564 
 225      20636861 
 225      7200
 226              	.LASF9:
 227 0099 63686172 		.ascii	"char\000"
 227      00
 228              	.LASF7:
 229 009e 6C6F6E67 		.ascii	"long int\000"
 229      20696E74 
 229      00
 230              	.LASF13:
 231 00a7 2E2E2F63 		.ascii	"../chibios_2.6.3/os/hal/platforms/STM32/sdc_lld.c\000"
 231      68696269 
 231      6F735F32 
 231      2E362E33 
 231      2F6F732F 
 232              	.LASF10:
 233 00d9 5F426F6F 		.ascii	"_Bool\000"
 233      6C00
 234              	.LASF11:
 235 00df 49544D5F 		.ascii	"ITM_RxBuffer\000"
 235      52784275 
 235      66666572 
 235      00
 236              	.LASF0:
 237 00ec 7369676E 		.ascii	"signed char\000"
 237      65642063 
 237      68617200 
 238              	.LASF2:
 239 00f8 73686F72 		.ascii	"short int\000"
 239      7420696E 
ARM GAS  C:\Users\z80\AppData\Local\Temp\ccObwLcc.s 			page 6


 239      7400
 240              	.LASF15:
 241 0102 696E7433 		.ascii	"int32_t\000"
 241      325F7400 
 242              		.ident	"GCC: (GNU) 4.5.0"
ARM GAS  C:\Users\z80\AppData\Local\Temp\ccObwLcc.s 			page 7


DEFINED SYMBOLS
                            *ABS*:00000000 sdc_lld.c

NO UNDEFINED SYMBOLS
