ARM GAS  C:\Users\z80\AppData\Local\Temp\ccXSDw3n.s 			page 1


   1              		.syntax unified
   2              		.cpu cortex-m3
   3              		.fpu softvfp
   4              		.eabi_attribute 20, 1
   5              		.eabi_attribute 21, 1
   6              		.eabi_attribute 23, 3
   7              		.eabi_attribute 24, 1
   8              		.eabi_attribute 25, 1
   9              		.eabi_attribute 26, 1
  10              		.eabi_attribute 30, 6
  11              		.eabi_attribute 18, 4
  12              		.thumb
  13              		.file	"tm.c"
  14              		.section	.debug_abbrev,"",%progbits
  15              	.Ldebug_abbrev0:
  16              		.section	.debug_info,"",%progbits
  17              	.Ldebug_info0:
  18              		.section	.debug_line,"",%progbits
  19              	.Ldebug_line0:
  20 0000 B1010000 		.text
  20      02005601 
  20      00000201 
  20      FB0E0D00 
  20      01010101 
  21              	.Ltext0:
  22              		.cfi_sections	.debug_frame
  23              		.section	.bss.measurement_offset,"aw",%nobits
  24              		.align	2
  25              		.type	measurement_offset, %object
  26              		.size	measurement_offset, 4
  27              	measurement_offset:
  28 0000 00000000 		.space	4
  29              		.section	.text.tm_start,"ax",%progbits
  30              		.align	2
  31              		.p2align 4,,15
  32              		.thumb
  33              		.thumb_func
  34              		.type	tm_start, %function
  35              	tm_start:
  36              	.LFB63:
  37              		.file 1 "../chibios_2.6.3/os/hal/src/tm.c"
  38              		.loc 1 69 0
  39              		.cfi_startproc
  40              		@ args = 0, pretend = 0, frame = 8
  41              		@ frame_needed = 0, uses_anonymous_args = 0
  42              		@ link register save eliminated.
  43 0000 82B0     		sub	sp, sp, #8
  44              	.LCFI0:
  45              		.cfi_def_cfa_offset 8
  46 0002 0190     		str	r0, [sp, #4]
  47              		.loc 1 71 0
  48 0004 4FF48053 		mov	r3, #4096
  49 0008 CEF20003 		movt	r3, 57344
  50 000c 5A68     		ldr	r2, [r3, #4]
  51 000e 019B     		ldr	r3, [sp, #4]
  52 0010 9A60     		str	r2, [r3, #8]
  53              		.loc 1 72 0
ARM GAS  C:\Users\z80\AppData\Local\Temp\ccXSDw3n.s 			page 2


  54 0012 02B0     		add	sp, sp, #8
  55 0014 7047     		bx	lr
  56              		.cfi_endproc
  57              	.LFE63:
  58              		.size	tm_start, .-tm_start
  59 0016 00BFAFF3 		.section	.text.tm_stop,"ax",%progbits
  59      0080AFF3 
  59      0080
  60              		.align	2
  61              		.p2align 4,,15
  62              		.thumb
  63              		.thumb_func
  64              		.type	tm_stop, %function
  65              	tm_stop:
  66              	.LFB64:
  67              		.loc 1 81 0
  68              		.cfi_startproc
  69              		@ args = 0, pretend = 0, frame = 16
  70              		@ frame_needed = 0, uses_anonymous_args = 0
  71              		@ link register save eliminated.
  72 0000 84B0     		sub	sp, sp, #16
  73              	.LCFI1:
  74              		.cfi_def_cfa_offset 16
  75 0002 0190     		str	r0, [sp, #4]
  76              		.loc 1 83 0
  77 0004 4FF48053 		mov	r3, #4096
  78 0008 CEF20003 		movt	r3, 57344
  79 000c 5B68     		ldr	r3, [r3, #4]
  80 000e 0393     		str	r3, [sp, #12]
  81              		.loc 1 84 0
  82 0010 019B     		ldr	r3, [sp, #4]
  83 0012 9B68     		ldr	r3, [r3, #8]
  84 0014 039A     		ldr	r2, [sp, #12]
  85 0016 C3EB0202 		rsb	r2, r3, r2
  86 001a 40F20003 		movw	r3, #:lower16:measurement_offset
  87 001e C0F20003 		movt	r3, #:upper16:measurement_offset
  88 0022 1B68     		ldr	r3, [r3, #0]
  89 0024 C3EB0202 		rsb	r2, r3, r2
  90 0028 019B     		ldr	r3, [sp, #4]
  91 002a 9A60     		str	r2, [r3, #8]
  92              		.loc 1 85 0
  93 002c 019B     		ldr	r3, [sp, #4]
  94 002e 9A68     		ldr	r2, [r3, #8]
  95 0030 019B     		ldr	r3, [sp, #4]
  96 0032 DB68     		ldr	r3, [r3, #12]
  97 0034 9A42     		cmp	r2, r3
  98 0036 04D9     		bls	.L3
  99              		.loc 1 86 0
 100 0038 019B     		ldr	r3, [sp, #4]
 101 003a 9A68     		ldr	r2, [r3, #8]
 102 003c 019B     		ldr	r3, [sp, #4]
 103 003e DA60     		str	r2, [r3, #12]
 104 0040 09E0     		b	.L2
 105              	.L3:
 106              		.loc 1 87 0
 107 0042 019B     		ldr	r3, [sp, #4]
 108 0044 9A68     		ldr	r2, [r3, #8]
ARM GAS  C:\Users\z80\AppData\Local\Temp\ccXSDw3n.s 			page 3


 109 0046 019B     		ldr	r3, [sp, #4]
 110 0048 1B69     		ldr	r3, [r3, #16]
 111 004a 9A42     		cmp	r2, r3
 112 004c 03D2     		bcs	.L2
 113              		.loc 1 88 0
 114 004e 019B     		ldr	r3, [sp, #4]
 115 0050 9A68     		ldr	r2, [r3, #8]
 116 0052 019B     		ldr	r3, [sp, #4]
 117 0054 1A61     		str	r2, [r3, #16]
 118              	.L2:
 119              		.loc 1 89 0
 120 0056 04B0     		add	sp, sp, #16
 121 0058 7047     		bx	lr
 122              		.cfi_endproc
 123              	.LFE64:
 124              		.size	tm_stop, .-tm_stop
 125 005a 00BFAFF3 		.section	.text.tmInit,"ax",%progbits
 125      0080
 126              		.align	2
 127              		.p2align 4,,15
 128              		.global	tmInit
 129              		.thumb
 130              		.thumb_func
 131              		.type	tmInit, %function
 132              	tmInit:
 133              	.LFB65:
 134              		.loc 1 104 0
 135              		.cfi_startproc
 136              		@ args = 0, pretend = 0, frame = 24
 137              		@ frame_needed = 0, uses_anonymous_args = 0
 138 0000 00B5     		push	{lr}
 139              	.LCFI2:
 140              		.cfi_def_cfa_offset 4
 141 0002 87B0     		sub	sp, sp, #28
 142              	.LCFI3:
 143              		.cfi_def_cfa_offset 32
 144              		.loc 1 110 0
 145 0004 40F20003 		movw	r3, #:lower16:measurement_offset
 146 0008 C0F20003 		movt	r3, #:upper16:measurement_offset
 147 000c 4FF00002 		mov	r2, #0
 148 0010 1A60     		str	r2, [r3, #0]
 149              		.loc 1 111 0
 150 0012 01AB     		add	r3, sp, #4
 151 0014 1846     		mov	r0, r3
 152              		.cfi_offset 14, -4
 153 0016 FFF7FEFF 		bl	tmObjectInit
 154              		.loc 1 112 0
 155 001a 019B     		ldr	r3, [sp, #4]
 156 001c 01AA     		add	r2, sp, #4
 157 001e 1046     		mov	r0, r2
 158 0020 9847     		blx	r3
 159              		.loc 1 113 0
 160 0022 029B     		ldr	r3, [sp, #8]
 161 0024 01AA     		add	r2, sp, #4
 162 0026 1046     		mov	r0, r2
 163 0028 9847     		blx	r3
 164              		.loc 1 114 0
ARM GAS  C:\Users\z80\AppData\Local\Temp\ccXSDw3n.s 			page 4


 165 002a 039A     		ldr	r2, [sp, #12]
 166 002c 40F20003 		movw	r3, #:lower16:measurement_offset
 167 0030 C0F20003 		movt	r3, #:upper16:measurement_offset
 168 0034 1A60     		str	r2, [r3, #0]
 169              		.loc 1 115 0
 170 0036 07B0     		add	sp, sp, #28
 171 0038 00BD     		pop	{pc}
 172              		.cfi_endproc
 173              	.LFE65:
 174              		.size	tmInit, .-tmInit
 175 003a 00BFAFF3 		.section	.text.tmObjectInit,"ax",%progbits
 175      0080
 176              		.align	2
 177              		.p2align 4,,15
 178              		.global	tmObjectInit
 179              		.thumb
 180              		.thumb_func
 181              		.type	tmObjectInit, %function
 182              	tmObjectInit:
 183              	.LFB66:
 184              		.loc 1 124 0
 185              		.cfi_startproc
 186              		@ args = 0, pretend = 0, frame = 8
 187              		@ frame_needed = 0, uses_anonymous_args = 0
 188              		@ link register save eliminated.
 189 0000 82B0     		sub	sp, sp, #8
 190              	.LCFI4:
 191              		.cfi_def_cfa_offset 8
 192 0002 0190     		str	r0, [sp, #4]
 193              		.loc 1 126 0
 194 0004 019A     		ldr	r2, [sp, #4]
 195 0006 40F20003 		movw	r3, #:lower16:tm_start
 196 000a C0F20003 		movt	r3, #:upper16:tm_start
 197 000e 1360     		str	r3, [r2, #0]
 198              		.loc 1 127 0
 199 0010 019A     		ldr	r2, [sp, #4]
 200 0012 40F20003 		movw	r3, #:lower16:tm_stop
 201 0016 C0F20003 		movt	r3, #:upper16:tm_stop
 202 001a 5360     		str	r3, [r2, #4]
 203              		.loc 1 128 0
 204 001c 019B     		ldr	r3, [sp, #4]
 205 001e 4FF00002 		mov	r2, #0
 206 0022 9A60     		str	r2, [r3, #8]
 207              		.loc 1 129 0
 208 0024 019B     		ldr	r3, [sp, #4]
 209 0026 4FF00002 		mov	r2, #0
 210 002a DA60     		str	r2, [r3, #12]
 211              		.loc 1 130 0
 212 002c 019B     		ldr	r3, [sp, #4]
 213 002e 4FF0FF32 		mov	r2, #-1
 214 0032 1A61     		str	r2, [r3, #16]
 215              		.loc 1 131 0
 216 0034 02B0     		add	sp, sp, #8
 217 0036 7047     		bx	lr
 218              		.cfi_endproc
 219              	.LFE66:
 220              		.size	tmObjectInit, .-tmObjectInit
ARM GAS  C:\Users\z80\AppData\Local\Temp\ccXSDw3n.s 			page 5


 221 0038 AFF30080 		.text
 221      AFF30080 
 222              	.Letext0:
 223              		.section	.debug_loc,"",%progbits
 224              	.Ldebug_loc0:
 225              	.LLST0:
 226 0000 00000000 		.4byte	.LFB63
 227 0004 02000000 		.4byte	.LCFI0
 228 0008 0200     		.2byte	0x2
 229 000a 7D       		.byte	0x7d
 230 000b 00       		.sleb128 0
 231 000c 02000000 		.4byte	.LCFI0
 232 0010 16000000 		.4byte	.LFE63
 233 0014 0200     		.2byte	0x2
 234 0016 7D       		.byte	0x7d
 235 0017 08       		.sleb128 8
 236 0018 00000000 		.4byte	0x0
 237 001c 00000000 		.4byte	0x0
 238              	.LLST1:
 239 0020 00000000 		.4byte	.LFB64
 240 0024 02000000 		.4byte	.LCFI1
 241 0028 0200     		.2byte	0x2
 242 002a 7D       		.byte	0x7d
 243 002b 00       		.sleb128 0
 244 002c 02000000 		.4byte	.LCFI1
 245 0030 5A000000 		.4byte	.LFE64
 246 0034 0200     		.2byte	0x2
 247 0036 7D       		.byte	0x7d
 248 0037 10       		.sleb128 16
 249 0038 00000000 		.4byte	0x0
 250 003c 00000000 		.4byte	0x0
 251              	.LLST2:
 252 0040 00000000 		.4byte	.LFB65
 253 0044 02000000 		.4byte	.LCFI2
 254 0048 0200     		.2byte	0x2
 255 004a 7D       		.byte	0x7d
 256 004b 00       		.sleb128 0
 257 004c 02000000 		.4byte	.LCFI2
 258 0050 04000000 		.4byte	.LCFI3
 259 0054 0200     		.2byte	0x2
 260 0056 7D       		.byte	0x7d
 261 0057 04       		.sleb128 4
 262 0058 04000000 		.4byte	.LCFI3
 263 005c 3A000000 		.4byte	.LFE65
 264 0060 0200     		.2byte	0x2
 265 0062 7D       		.byte	0x7d
 266 0063 20       		.sleb128 32
 267 0064 00000000 		.4byte	0x0
 268 0068 00000000 		.4byte	0x0
 269              	.LLST3:
 270 006c 00000000 		.4byte	.LFB66
 271 0070 02000000 		.4byte	.LCFI4
 272 0074 0200     		.2byte	0x2
 273 0076 7D       		.byte	0x7d
 274 0077 00       		.sleb128 0
 275 0078 02000000 		.4byte	.LCFI4
 276 007c 38000000 		.4byte	.LFE66
ARM GAS  C:\Users\z80\AppData\Local\Temp\ccXSDw3n.s 			page 6


 277 0080 0200     		.2byte	0x2
 278 0082 7D       		.byte	0x7d
 279 0083 08       		.sleb128 8
 280 0084 00000000 		.4byte	0x0
 281 0088 00000000 		.4byte	0x0
 282              		.file 2 "c:/programs/yagarto/lib/gcc/../../arm-none-eabi/sys-include/stdint.h"
 283              		.file 3 "../chibios_2.6.3/os/ports/common/ARMCMx/nvic.h"
 284              		.file 4 "../chibios_2.6.3/os/hal/platforms/STM32F1xx/hal_lld.h"
 285              		.file 5 "../chibios_2.6.3/os/hal/include/tm.h"
 286              		.file 6 "../chibios_2.6.3/os/ports/common/ARMCMx/CMSIS/include/core_cm3.h"
 287              		.section	.debug_info
 288 0000 84020000 		.4byte	0x284
 289 0004 0200     		.2byte	0x2
 290 0006 00000000 		.4byte	.Ldebug_abbrev0
 291 000a 04       		.byte	0x4
 292 000b 01       		.uleb128 0x1
 293 000c 05000000 		.4byte	.LASF35
 294 0010 01       		.byte	0x1
 295 0011 57000000 		.4byte	.LASF36
 296 0015 71010000 		.4byte	.LASF37
 297 0019 00000000 		.4byte	0x0
 298 001d 00000000 		.4byte	0x0
 299 0021 00000000 		.4byte	.Ldebug_ranges0+0x0
 300 0025 00000000 		.4byte	.Ldebug_line0
 301 0029 02       		.uleb128 0x2
 302 002a 04       		.byte	0x4
 303 002b 05       		.byte	0x5
 304 002c 696E7400 		.ascii	"int\000"
 305 0030 03       		.uleb128 0x3
 306 0031 04       		.byte	0x4
 307 0032 07       		.byte	0x7
 308 0033 E1000000 		.4byte	.LASF0
 309 0037 03       		.uleb128 0x3
 310 0038 01       		.byte	0x1
 311 0039 06       		.byte	0x6
 312 003a 65010000 		.4byte	.LASF1
 313 003e 03       		.uleb128 0x3
 314 003f 01       		.byte	0x1
 315 0040 08       		.byte	0x8
 316 0041 49000000 		.4byte	.LASF2
 317 0045 03       		.uleb128 0x3
 318 0046 02       		.byte	0x2
 319 0047 05       		.byte	0x5
 320 0048 3C010000 		.4byte	.LASF3
 321 004c 03       		.uleb128 0x3
 322 004d 02       		.byte	0x2
 323 004e 07       		.byte	0x7
 324 004f A5000000 		.4byte	.LASF4
 325 0053 04       		.uleb128 0x4
 326 0054 13010000 		.4byte	.LASF6
 327 0058 02       		.byte	0x2
 328 0059 4F       		.byte	0x4f
 329 005a 5E000000 		.4byte	0x5e
 330 005e 03       		.uleb128 0x3
 331 005f 04       		.byte	0x4
 332 0060 05       		.byte	0x5
 333 0061 5C010000 		.4byte	.LASF5
ARM GAS  C:\Users\z80\AppData\Local\Temp\ccXSDw3n.s 			page 7


 334 0065 04       		.uleb128 0x4
 335 0066 53010000 		.4byte	.LASF7
 336 006a 02       		.byte	0x2
 337 006b 50       		.byte	0x50
 338 006c 70000000 		.4byte	0x70
 339 0070 03       		.uleb128 0x3
 340 0071 04       		.byte	0x4
 341 0072 07       		.byte	0x7
 342 0073 86000000 		.4byte	.LASF8
 343 0077 03       		.uleb128 0x3
 344 0078 08       		.byte	0x8
 345 0079 05       		.byte	0x5
 346 007a 1B010000 		.4byte	.LASF9
 347 007e 03       		.uleb128 0x3
 348 007f 08       		.byte	0x8
 349 0080 07       		.byte	0x7
 350 0081 32000000 		.4byte	.LASF10
 351 0085 03       		.uleb128 0x3
 352 0086 01       		.byte	0x1
 353 0087 02       		.byte	0x2
 354 0088 A9010000 		.4byte	.LASF11
 355 008c 05       		.uleb128 0x5
 356 008d 70000000 		.4byte	0x70
 357 0091 06       		.uleb128 0x6
 358 0092 04       		.byte	0x4
 359 0093 07       		.byte	0x7
 360 0094 07       		.uleb128 0x7
 361 0095 20       		.byte	0x20
 362 0096 03       		.byte	0x3
 363 0097 0601     		.2byte	0x106
 364 0099 16010000 		.4byte	0x116
 365 009d 08       		.uleb128 0x8
 366 009e 07010000 		.4byte	.LASF12
 367 00a2 03       		.byte	0x3
 368 00a3 0701     		.2byte	0x107
 369 00a5 8C000000 		.4byte	0x8c
 370 00a9 02       		.byte	0x2
 371 00aa 23       		.byte	0x23
 372 00ab 00       		.uleb128 0x0
 373 00ac 08       		.uleb128 0x8
 374 00ad 78000000 		.4byte	.LASF13
 375 00b1 03       		.byte	0x3
 376 00b2 0801     		.2byte	0x108
 377 00b4 8C000000 		.4byte	0x8c
 378 00b8 02       		.byte	0x2
 379 00b9 23       		.byte	0x23
 380 00ba 04       		.uleb128 0x4
 381 00bb 08       		.uleb128 0x8
 382 00bc B8000000 		.4byte	.LASF14
 383 00c0 03       		.byte	0x3
 384 00c1 0901     		.2byte	0x109
 385 00c3 8C000000 		.4byte	0x8c
 386 00c7 02       		.byte	0x2
 387 00c8 23       		.byte	0x23
 388 00c9 08       		.uleb128 0x8
 389 00ca 08       		.uleb128 0x8
 390 00cb 0C010000 		.4byte	.LASF15
ARM GAS  C:\Users\z80\AppData\Local\Temp\ccXSDw3n.s 			page 8


 391 00cf 03       		.byte	0x3
 392 00d0 0A01     		.2byte	0x10a
 393 00d2 8C000000 		.4byte	0x8c
 394 00d6 02       		.byte	0x2
 395 00d7 23       		.byte	0x23
 396 00d8 0C       		.uleb128 0xc
 397 00d9 08       		.uleb128 0x8
 398 00da 24000000 		.4byte	.LASF16
 399 00de 03       		.byte	0x3
 400 00df 0B01     		.2byte	0x10b
 401 00e1 8C000000 		.4byte	0x8c
 402 00e5 02       		.byte	0x2
 403 00e6 23       		.byte	0x23
 404 00e7 10       		.uleb128 0x10
 405 00e8 08       		.uleb128 0x8
 406 00e9 DA000000 		.4byte	.LASF17
 407 00ed 03       		.byte	0x3
 408 00ee 0C01     		.2byte	0x10c
 409 00f0 8C000000 		.4byte	0x8c
 410 00f4 02       		.byte	0x2
 411 00f5 23       		.byte	0x23
 412 00f6 14       		.uleb128 0x14
 413 00f7 08       		.uleb128 0x8
 414 00f8 CC000000 		.4byte	.LASF18
 415 00fc 03       		.byte	0x3
 416 00fd 0D01     		.2byte	0x10d
 417 00ff 8C000000 		.4byte	0x8c
 418 0103 02       		.byte	0x2
 419 0104 23       		.byte	0x23
 420 0105 18       		.uleb128 0x18
 421 0106 08       		.uleb128 0x8
 422 0107 11000000 		.4byte	.LASF19
 423 010b 03       		.byte	0x3
 424 010c 0E01     		.2byte	0x10e
 425 010e 8C000000 		.4byte	0x8c
 426 0112 02       		.byte	0x2
 427 0113 23       		.byte	0x23
 428 0114 1C       		.uleb128 0x1c
 429 0115 00       		.byte	0x0
 430 0116 09       		.uleb128 0x9
 431 0117 46010000 		.4byte	.LASF20
 432 011b 03       		.byte	0x3
 433 011c 0F01     		.2byte	0x10f
 434 011e 94000000 		.4byte	0x94
 435 0122 03       		.uleb128 0x3
 436 0123 01       		.byte	0x1
 437 0124 08       		.byte	0x8
 438 0125 F9000000 		.4byte	.LASF21
 439 0129 05       		.uleb128 0x5
 440 012a 53000000 		.4byte	0x53
 441 012e 04       		.uleb128 0x4
 442 012f EE000000 		.4byte	.LASF22
 443 0133 04       		.byte	0x4
 444 0134 CE       		.byte	0xce
 445 0135 65000000 		.4byte	0x65
 446 0139 04       		.uleb128 0x4
 447 013a 99010000 		.4byte	.LASF23
ARM GAS  C:\Users\z80\AppData\Local\Temp\ccXSDw3n.s 			page 9


 448 013e 05       		.byte	0x5
 449 013f 45       		.byte	0x45
 450 0140 44010000 		.4byte	0x144
 451 0144 0A       		.uleb128 0xa
 452 0145 99010000 		.4byte	.LASF23
 453 0149 14       		.byte	0x14
 454 014a 05       		.byte	0x5
 455 014b 4A       		.byte	0x4a
 456 014c 97010000 		.4byte	0x197
 457 0150 0B       		.uleb128 0xb
 458 0151 1E000000 		.4byte	.LASF24
 459 0155 05       		.byte	0x5
 460 0156 4B       		.byte	0x4b
 461 0157 A9010000 		.4byte	0x1a9
 462 015b 02       		.byte	0x2
 463 015c 23       		.byte	0x23
 464 015d 00       		.uleb128 0x0
 465 015e 0B       		.uleb128 0xb
 466 015f 2D000000 		.4byte	.LASF25
 467 0163 05       		.byte	0x5
 468 0164 4C       		.byte	0x4c
 469 0165 A9010000 		.4byte	0x1a9
 470 0169 02       		.byte	0x2
 471 016a 23       		.byte	0x23
 472 016b 04       		.uleb128 0x4
 473 016c 0B       		.uleb128 0xb
 474 016d 00000000 		.4byte	.LASF26
 475 0171 05       		.byte	0x5
 476 0172 4D       		.byte	0x4d
 477 0173 2E010000 		.4byte	0x12e
 478 0177 02       		.byte	0x2
 479 0178 23       		.byte	0x23
 480 0179 08       		.uleb128 0x8
 481 017a 0B       		.uleb128 0xb
 482 017b D4000000 		.4byte	.LASF27
 483 017f 05       		.byte	0x5
 484 0180 4E       		.byte	0x4e
 485 0181 2E010000 		.4byte	0x12e
 486 0185 02       		.byte	0x2
 487 0186 23       		.byte	0x23
 488 0187 0C       		.uleb128 0xc
 489 0188 0B       		.uleb128 0xb
 490 0189 4E010000 		.4byte	.LASF28
 491 018d 05       		.byte	0x5
 492 018e 4F       		.byte	0x4f
 493 018f 2E010000 		.4byte	0x12e
 494 0193 02       		.byte	0x2
 495 0194 23       		.byte	0x23
 496 0195 10       		.uleb128 0x10
 497 0196 00       		.byte	0x0
 498 0197 0C       		.uleb128 0xc
 499 0198 01       		.byte	0x1
 500 0199 A3010000 		.4byte	0x1a3
 501 019d 0D       		.uleb128 0xd
 502 019e A3010000 		.4byte	0x1a3
 503 01a2 00       		.byte	0x0
 504 01a3 0E       		.uleb128 0xe
ARM GAS  C:\Users\z80\AppData\Local\Temp\ccXSDw3n.s 			page 10


 505 01a4 04       		.byte	0x4
 506 01a5 39010000 		.4byte	0x139
 507 01a9 0E       		.uleb128 0xe
 508 01aa 04       		.byte	0x4
 509 01ab 97010000 		.4byte	0x197
 510 01af 0F       		.uleb128 0xf
 511 01b0 FE000000 		.4byte	.LASF29
 512 01b4 01       		.byte	0x1
 513 01b5 45       		.byte	0x45
 514 01b6 01       		.byte	0x1
 515 01b7 00000000 		.4byte	.LFB63
 516 01bb 16000000 		.4byte	.LFE63
 517 01bf 00000000 		.4byte	.LLST0
 518 01c3 D6010000 		.4byte	0x1d6
 519 01c7 10       		.uleb128 0x10
 520 01c8 746D7000 		.ascii	"tmp\000"
 521 01cc 01       		.byte	0x1
 522 01cd 45       		.byte	0x45
 523 01ce A3010000 		.4byte	0x1a3
 524 01d2 02       		.byte	0x2
 525 01d3 91       		.byte	0x91
 526 01d4 7C       		.sleb128 -4
 527 01d5 00       		.byte	0x0
 528 01d6 0F       		.uleb128 0xf
 529 01d7 16000000 		.4byte	.LASF30
 530 01db 01       		.byte	0x1
 531 01dc 51       		.byte	0x51
 532 01dd 01       		.byte	0x1
 533 01de 00000000 		.4byte	.LFB64
 534 01e2 5A000000 		.4byte	.LFE64
 535 01e6 20000000 		.4byte	.LLST1
 536 01ea 0B020000 		.4byte	0x20b
 537 01ee 10       		.uleb128 0x10
 538 01ef 746D7000 		.ascii	"tmp\000"
 539 01f3 01       		.byte	0x1
 540 01f4 51       		.byte	0x51
 541 01f5 A3010000 		.4byte	0x1a3
 542 01f9 02       		.byte	0x2
 543 01fa 91       		.byte	0x91
 544 01fb 74       		.sleb128 -12
 545 01fc 11       		.uleb128 0x11
 546 01fd 6E6F7700 		.ascii	"now\000"
 547 0201 01       		.byte	0x1
 548 0202 53       		.byte	0x53
 549 0203 2E010000 		.4byte	0x12e
 550 0207 02       		.byte	0x2
 551 0208 91       		.byte	0x91
 552 0209 7C       		.sleb128 -4
 553 020a 00       		.byte	0x0
 554 020b 12       		.uleb128 0x12
 555 020c 01       		.byte	0x1
 556 020d 7F000000 		.4byte	.LASF31
 557 0211 01       		.byte	0x1
 558 0212 68       		.byte	0x68
 559 0213 01       		.byte	0x1
 560 0214 00000000 		.4byte	.LFB65
 561 0218 3A000000 		.4byte	.LFE65
ARM GAS  C:\Users\z80\AppData\Local\Temp\ccXSDw3n.s 			page 11


 562 021c 40000000 		.4byte	.LLST2
 563 0220 32020000 		.4byte	0x232
 564 0224 11       		.uleb128 0x11
 565 0225 746D00   		.ascii	"tm\000"
 566 0228 01       		.byte	0x1
 567 0229 69       		.byte	0x69
 568 022a 39010000 		.4byte	0x139
 569 022e 02       		.byte	0x2
 570 022f 91       		.byte	0x91
 571 0230 64       		.sleb128 -28
 572 0231 00       		.byte	0x0
 573 0232 12       		.uleb128 0x12
 574 0233 01       		.byte	0x1
 575 0234 98000000 		.4byte	.LASF32
 576 0238 01       		.byte	0x1
 577 0239 7C       		.byte	0x7c
 578 023a 01       		.byte	0x1
 579 023b 00000000 		.4byte	.LFB66
 580 023f 38000000 		.4byte	.LFE66
 581 0243 6C000000 		.4byte	.LLST3
 582 0247 5A020000 		.4byte	0x25a
 583 024b 10       		.uleb128 0x10
 584 024c 746D7000 		.ascii	"tmp\000"
 585 0250 01       		.byte	0x1
 586 0251 7C       		.byte	0x7c
 587 0252 A3010000 		.4byte	0x1a3
 588 0256 02       		.byte	0x2
 589 0257 91       		.byte	0x91
 590 0258 7C       		.sleb128 -4
 591 0259 00       		.byte	0x0
 592 025a 13       		.uleb128 0x13
 593 025b BF000000 		.4byte	.LASF34
 594 025f 06       		.byte	0x6
 595 0260 0706     		.2byte	0x607
 596 0262 29010000 		.4byte	0x129
 597 0266 01       		.byte	0x1
 598 0267 01       		.byte	0x1
 599 0268 14       		.uleb128 0x14
 600 0269 29010000 		.4byte	.LASF33
 601 026d 01       		.byte	0x1
 602 026e 38       		.byte	0x38
 603 026f 2E010000 		.4byte	0x12e
 604 0273 05       		.byte	0x5
 605 0274 03       		.byte	0x3
 606 0275 00000000 		.4byte	measurement_offset
 607 0279 13       		.uleb128 0x13
 608 027a BF000000 		.4byte	.LASF34
 609 027e 06       		.byte	0x6
 610 027f 0706     		.2byte	0x607
 611 0281 29010000 		.4byte	0x129
 612 0285 01       		.byte	0x1
 613 0286 01       		.byte	0x1
 614 0287 00       		.byte	0x0
 615              		.section	.debug_abbrev
 616 0000 01       		.uleb128 0x1
 617 0001 11       		.uleb128 0x11
 618 0002 01       		.byte	0x1
ARM GAS  C:\Users\z80\AppData\Local\Temp\ccXSDw3n.s 			page 12


 619 0003 25       		.uleb128 0x25
 620 0004 0E       		.uleb128 0xe
 621 0005 13       		.uleb128 0x13
 622 0006 0B       		.uleb128 0xb
 623 0007 03       		.uleb128 0x3
 624 0008 0E       		.uleb128 0xe
 625 0009 1B       		.uleb128 0x1b
 626 000a 0E       		.uleb128 0xe
 627 000b 11       		.uleb128 0x11
 628 000c 01       		.uleb128 0x1
 629 000d 52       		.uleb128 0x52
 630 000e 01       		.uleb128 0x1
 631 000f 55       		.uleb128 0x55
 632 0010 06       		.uleb128 0x6
 633 0011 10       		.uleb128 0x10
 634 0012 06       		.uleb128 0x6
 635 0013 00       		.byte	0x0
 636 0014 00       		.byte	0x0
 637 0015 02       		.uleb128 0x2
 638 0016 24       		.uleb128 0x24
 639 0017 00       		.byte	0x0
 640 0018 0B       		.uleb128 0xb
 641 0019 0B       		.uleb128 0xb
 642 001a 3E       		.uleb128 0x3e
 643 001b 0B       		.uleb128 0xb
 644 001c 03       		.uleb128 0x3
 645 001d 08       		.uleb128 0x8
 646 001e 00       		.byte	0x0
 647 001f 00       		.byte	0x0
 648 0020 03       		.uleb128 0x3
 649 0021 24       		.uleb128 0x24
 650 0022 00       		.byte	0x0
 651 0023 0B       		.uleb128 0xb
 652 0024 0B       		.uleb128 0xb
 653 0025 3E       		.uleb128 0x3e
 654 0026 0B       		.uleb128 0xb
 655 0027 03       		.uleb128 0x3
 656 0028 0E       		.uleb128 0xe
 657 0029 00       		.byte	0x0
 658 002a 00       		.byte	0x0
 659 002b 04       		.uleb128 0x4
 660 002c 16       		.uleb128 0x16
 661 002d 00       		.byte	0x0
 662 002e 03       		.uleb128 0x3
 663 002f 0E       		.uleb128 0xe
 664 0030 3A       		.uleb128 0x3a
 665 0031 0B       		.uleb128 0xb
 666 0032 3B       		.uleb128 0x3b
 667 0033 0B       		.uleb128 0xb
 668 0034 49       		.uleb128 0x49
 669 0035 13       		.uleb128 0x13
 670 0036 00       		.byte	0x0
 671 0037 00       		.byte	0x0
 672 0038 05       		.uleb128 0x5
 673 0039 35       		.uleb128 0x35
 674 003a 00       		.byte	0x0
 675 003b 49       		.uleb128 0x49
ARM GAS  C:\Users\z80\AppData\Local\Temp\ccXSDw3n.s 			page 13


 676 003c 13       		.uleb128 0x13
 677 003d 00       		.byte	0x0
 678 003e 00       		.byte	0x0
 679 003f 06       		.uleb128 0x6
 680 0040 24       		.uleb128 0x24
 681 0041 00       		.byte	0x0
 682 0042 0B       		.uleb128 0xb
 683 0043 0B       		.uleb128 0xb
 684 0044 3E       		.uleb128 0x3e
 685 0045 0B       		.uleb128 0xb
 686 0046 00       		.byte	0x0
 687 0047 00       		.byte	0x0
 688 0048 07       		.uleb128 0x7
 689 0049 13       		.uleb128 0x13
 690 004a 01       		.byte	0x1
 691 004b 0B       		.uleb128 0xb
 692 004c 0B       		.uleb128 0xb
 693 004d 3A       		.uleb128 0x3a
 694 004e 0B       		.uleb128 0xb
 695 004f 3B       		.uleb128 0x3b
 696 0050 05       		.uleb128 0x5
 697 0051 01       		.uleb128 0x1
 698 0052 13       		.uleb128 0x13
 699 0053 00       		.byte	0x0
 700 0054 00       		.byte	0x0
 701 0055 08       		.uleb128 0x8
 702 0056 0D       		.uleb128 0xd
 703 0057 00       		.byte	0x0
 704 0058 03       		.uleb128 0x3
 705 0059 0E       		.uleb128 0xe
 706 005a 3A       		.uleb128 0x3a
 707 005b 0B       		.uleb128 0xb
 708 005c 3B       		.uleb128 0x3b
 709 005d 05       		.uleb128 0x5
 710 005e 49       		.uleb128 0x49
 711 005f 13       		.uleb128 0x13
 712 0060 38       		.uleb128 0x38
 713 0061 0A       		.uleb128 0xa
 714 0062 00       		.byte	0x0
 715 0063 00       		.byte	0x0
 716 0064 09       		.uleb128 0x9
 717 0065 16       		.uleb128 0x16
 718 0066 00       		.byte	0x0
 719 0067 03       		.uleb128 0x3
 720 0068 0E       		.uleb128 0xe
 721 0069 3A       		.uleb128 0x3a
 722 006a 0B       		.uleb128 0xb
 723 006b 3B       		.uleb128 0x3b
 724 006c 05       		.uleb128 0x5
 725 006d 49       		.uleb128 0x49
 726 006e 13       		.uleb128 0x13
 727 006f 00       		.byte	0x0
 728 0070 00       		.byte	0x0
 729 0071 0A       		.uleb128 0xa
 730 0072 13       		.uleb128 0x13
 731 0073 01       		.byte	0x1
 732 0074 03       		.uleb128 0x3
ARM GAS  C:\Users\z80\AppData\Local\Temp\ccXSDw3n.s 			page 14


 733 0075 0E       		.uleb128 0xe
 734 0076 0B       		.uleb128 0xb
 735 0077 0B       		.uleb128 0xb
 736 0078 3A       		.uleb128 0x3a
 737 0079 0B       		.uleb128 0xb
 738 007a 3B       		.uleb128 0x3b
 739 007b 0B       		.uleb128 0xb
 740 007c 01       		.uleb128 0x1
 741 007d 13       		.uleb128 0x13
 742 007e 00       		.byte	0x0
 743 007f 00       		.byte	0x0
 744 0080 0B       		.uleb128 0xb
 745 0081 0D       		.uleb128 0xd
 746 0082 00       		.byte	0x0
 747 0083 03       		.uleb128 0x3
 748 0084 0E       		.uleb128 0xe
 749 0085 3A       		.uleb128 0x3a
 750 0086 0B       		.uleb128 0xb
 751 0087 3B       		.uleb128 0x3b
 752 0088 0B       		.uleb128 0xb
 753 0089 49       		.uleb128 0x49
 754 008a 13       		.uleb128 0x13
 755 008b 38       		.uleb128 0x38
 756 008c 0A       		.uleb128 0xa
 757 008d 00       		.byte	0x0
 758 008e 00       		.byte	0x0
 759 008f 0C       		.uleb128 0xc
 760 0090 15       		.uleb128 0x15
 761 0091 01       		.byte	0x1
 762 0092 27       		.uleb128 0x27
 763 0093 0C       		.uleb128 0xc
 764 0094 01       		.uleb128 0x1
 765 0095 13       		.uleb128 0x13
 766 0096 00       		.byte	0x0
 767 0097 00       		.byte	0x0
 768 0098 0D       		.uleb128 0xd
 769 0099 05       		.uleb128 0x5
 770 009a 00       		.byte	0x0
 771 009b 49       		.uleb128 0x49
 772 009c 13       		.uleb128 0x13
 773 009d 00       		.byte	0x0
 774 009e 00       		.byte	0x0
 775 009f 0E       		.uleb128 0xe
 776 00a0 0F       		.uleb128 0xf
 777 00a1 00       		.byte	0x0
 778 00a2 0B       		.uleb128 0xb
 779 00a3 0B       		.uleb128 0xb
 780 00a4 49       		.uleb128 0x49
 781 00a5 13       		.uleb128 0x13
 782 00a6 00       		.byte	0x0
 783 00a7 00       		.byte	0x0
 784 00a8 0F       		.uleb128 0xf
 785 00a9 2E       		.uleb128 0x2e
 786 00aa 01       		.byte	0x1
 787 00ab 03       		.uleb128 0x3
 788 00ac 0E       		.uleb128 0xe
 789 00ad 3A       		.uleb128 0x3a
ARM GAS  C:\Users\z80\AppData\Local\Temp\ccXSDw3n.s 			page 15


 790 00ae 0B       		.uleb128 0xb
 791 00af 3B       		.uleb128 0x3b
 792 00b0 0B       		.uleb128 0xb
 793 00b1 27       		.uleb128 0x27
 794 00b2 0C       		.uleb128 0xc
 795 00b3 11       		.uleb128 0x11
 796 00b4 01       		.uleb128 0x1
 797 00b5 12       		.uleb128 0x12
 798 00b6 01       		.uleb128 0x1
 799 00b7 40       		.uleb128 0x40
 800 00b8 06       		.uleb128 0x6
 801 00b9 01       		.uleb128 0x1
 802 00ba 13       		.uleb128 0x13
 803 00bb 00       		.byte	0x0
 804 00bc 00       		.byte	0x0
 805 00bd 10       		.uleb128 0x10
 806 00be 05       		.uleb128 0x5
 807 00bf 00       		.byte	0x0
 808 00c0 03       		.uleb128 0x3
 809 00c1 08       		.uleb128 0x8
 810 00c2 3A       		.uleb128 0x3a
 811 00c3 0B       		.uleb128 0xb
 812 00c4 3B       		.uleb128 0x3b
 813 00c5 0B       		.uleb128 0xb
 814 00c6 49       		.uleb128 0x49
 815 00c7 13       		.uleb128 0x13
 816 00c8 02       		.uleb128 0x2
 817 00c9 0A       		.uleb128 0xa
 818 00ca 00       		.byte	0x0
 819 00cb 00       		.byte	0x0
 820 00cc 11       		.uleb128 0x11
 821 00cd 34       		.uleb128 0x34
 822 00ce 00       		.byte	0x0
 823 00cf 03       		.uleb128 0x3
 824 00d0 08       		.uleb128 0x8
 825 00d1 3A       		.uleb128 0x3a
 826 00d2 0B       		.uleb128 0xb
 827 00d3 3B       		.uleb128 0x3b
 828 00d4 0B       		.uleb128 0xb
 829 00d5 49       		.uleb128 0x49
 830 00d6 13       		.uleb128 0x13
 831 00d7 02       		.uleb128 0x2
 832 00d8 0A       		.uleb128 0xa
 833 00d9 00       		.byte	0x0
 834 00da 00       		.byte	0x0
 835 00db 12       		.uleb128 0x12
 836 00dc 2E       		.uleb128 0x2e
 837 00dd 01       		.byte	0x1
 838 00de 3F       		.uleb128 0x3f
 839 00df 0C       		.uleb128 0xc
 840 00e0 03       		.uleb128 0x3
 841 00e1 0E       		.uleb128 0xe
 842 00e2 3A       		.uleb128 0x3a
 843 00e3 0B       		.uleb128 0xb
 844 00e4 3B       		.uleb128 0x3b
 845 00e5 0B       		.uleb128 0xb
 846 00e6 27       		.uleb128 0x27
ARM GAS  C:\Users\z80\AppData\Local\Temp\ccXSDw3n.s 			page 16


 847 00e7 0C       		.uleb128 0xc
 848 00e8 11       		.uleb128 0x11
 849 00e9 01       		.uleb128 0x1
 850 00ea 12       		.uleb128 0x12
 851 00eb 01       		.uleb128 0x1
 852 00ec 40       		.uleb128 0x40
 853 00ed 06       		.uleb128 0x6
 854 00ee 01       		.uleb128 0x1
 855 00ef 13       		.uleb128 0x13
 856 00f0 00       		.byte	0x0
 857 00f1 00       		.byte	0x0
 858 00f2 13       		.uleb128 0x13
 859 00f3 34       		.uleb128 0x34
 860 00f4 00       		.byte	0x0
 861 00f5 03       		.uleb128 0x3
 862 00f6 0E       		.uleb128 0xe
 863 00f7 3A       		.uleb128 0x3a
 864 00f8 0B       		.uleb128 0xb
 865 00f9 3B       		.uleb128 0x3b
 866 00fa 05       		.uleb128 0x5
 867 00fb 49       		.uleb128 0x49
 868 00fc 13       		.uleb128 0x13
 869 00fd 3F       		.uleb128 0x3f
 870 00fe 0C       		.uleb128 0xc
 871 00ff 3C       		.uleb128 0x3c
 872 0100 0C       		.uleb128 0xc
 873 0101 00       		.byte	0x0
 874 0102 00       		.byte	0x0
 875 0103 14       		.uleb128 0x14
 876 0104 34       		.uleb128 0x34
 877 0105 00       		.byte	0x0
 878 0106 03       		.uleb128 0x3
 879 0107 0E       		.uleb128 0xe
 880 0108 3A       		.uleb128 0x3a
 881 0109 0B       		.uleb128 0xb
 882 010a 3B       		.uleb128 0x3b
 883 010b 0B       		.uleb128 0xb
 884 010c 49       		.uleb128 0x49
 885 010d 13       		.uleb128 0x13
 886 010e 02       		.uleb128 0x2
 887 010f 0A       		.uleb128 0xa
 888 0110 00       		.byte	0x0
 889 0111 00       		.byte	0x0
 890 0112 00       		.byte	0x0
 891              		.section	.debug_pubnames,"",%progbits
 892 0000 2A000000 		.4byte	0x2a
 893 0004 0200     		.2byte	0x2
 894 0006 00000000 		.4byte	.Ldebug_info0
 895 000a 88020000 		.4byte	0x288
 896 000e 0B020000 		.4byte	0x20b
 897 0012 746D496E 		.ascii	"tmInit\000"
 897      697400
 898 0019 32020000 		.4byte	0x232
 899 001d 746D4F62 		.ascii	"tmObjectInit\000"
 899      6A656374 
 899      496E6974 
 899      00
ARM GAS  C:\Users\z80\AppData\Local\Temp\ccXSDw3n.s 			page 17


 900 002a 00000000 		.4byte	0x0
 901              		.section	.debug_pubtypes,"",%progbits
 902 0000 6A000000 		.4byte	0x6a
 903 0004 0200     		.2byte	0x2
 904 0006 00000000 		.4byte	.Ldebug_info0
 905 000a 88020000 		.4byte	0x288
 906 000e 53000000 		.4byte	0x53
 907 0012 696E7433 		.ascii	"int32_t\000"
 907      325F7400 
 908 001a 65000000 		.4byte	0x65
 909 001e 75696E74 		.ascii	"uint32_t\000"
 909      33325F74 
 909      00
 910 0027 16010000 		.4byte	0x116
 911 002b 434D785F 		.ascii	"CMx_DWT\000"
 911      44575400 
 912 0033 2E010000 		.4byte	0x12e
 913 0037 68616C72 		.ascii	"halrtcnt_t\000"
 913      74636E74 
 913      5F7400
 914 0042 39010000 		.4byte	0x139
 915 0046 54696D65 		.ascii	"TimeMeasurement\000"
 915      4D656173 
 915      7572656D 
 915      656E7400 
 916 0056 44010000 		.4byte	0x144
 917 005a 54696D65 		.ascii	"TimeMeasurement\000"
 917      4D656173 
 917      7572656D 
 917      656E7400 
 918 006a 00000000 		.4byte	0x0
 919              		.section	.debug_aranges,"",%progbits
 920 0000 34000000 		.4byte	0x34
 921 0004 0200     		.2byte	0x2
 922 0006 00000000 		.4byte	.Ldebug_info0
 923 000a 04       		.byte	0x4
 924 000b 00       		.byte	0x0
 925 000c 0000     		.2byte	0x0
 926 000e 0000     		.2byte	0x0
 927 0010 00000000 		.4byte	.LFB63
 928 0014 16000000 		.4byte	.LFE63-.LFB63
 929 0018 00000000 		.4byte	.LFB64
 930 001c 5A000000 		.4byte	.LFE64-.LFB64
 931 0020 00000000 		.4byte	.LFB65
 932 0024 3A000000 		.4byte	.LFE65-.LFB65
 933 0028 00000000 		.4byte	.LFB66
 934 002c 38000000 		.4byte	.LFE66-.LFB66
 935 0030 00000000 		.4byte	0x0
 936 0034 00000000 		.4byte	0x0
 937              		.section	.debug_ranges,"",%progbits
 938              	.Ldebug_ranges0:
 939 0000 00000000 		.4byte	.LFB63
 940 0004 16000000 		.4byte	.LFE63
 941 0008 00000000 		.4byte	.LFB64
 942 000c 5A000000 		.4byte	.LFE64
 943 0010 00000000 		.4byte	.LFB65
 944 0014 3A000000 		.4byte	.LFE65
ARM GAS  C:\Users\z80\AppData\Local\Temp\ccXSDw3n.s 			page 18


 945 0018 00000000 		.4byte	.LFB66
 946 001c 38000000 		.4byte	.LFE66
 947 0020 00000000 		.4byte	0x0
 948 0024 00000000 		.4byte	0x0
 949              		.section	.debug_str,"MS",%progbits,1
 950              	.LASF26:
 951 0000 6C617374 		.ascii	"last\000"
 951      00
 952              	.LASF35:
 953 0005 474E5520 		.ascii	"GNU C 4.5.0\000"
 953      4320342E 
 953      352E3000 
 954              	.LASF19:
 955 0011 50435352 		.ascii	"PCSR\000"
 955      00
 956              	.LASF30:
 957 0016 746D5F73 		.ascii	"tm_stop\000"
 957      746F7000 
 958              	.LASF24:
 959 001e 73746172 		.ascii	"start\000"
 959      7400
 960              	.LASF16:
 961 0024 534C4545 		.ascii	"SLEEPCNT\000"
 961      50434E54 
 961      00
 962              	.LASF25:
 963 002d 73746F70 		.ascii	"stop\000"
 963      00
 964              	.LASF10:
 965 0032 6C6F6E67 		.ascii	"long long unsigned int\000"
 965      206C6F6E 
 965      6720756E 
 965      7369676E 
 965      65642069 
 966              	.LASF2:
 967 0049 756E7369 		.ascii	"unsigned char\000"
 967      676E6564 
 967      20636861 
 967      7200
 968              	.LASF36:
 969 0057 2E2E2F63 		.ascii	"../chibios_2.6.3/os/hal/src/tm.c\000"
 969      68696269 
 969      6F735F32 
 969      2E362E33 
 969      2F6F732F 
 970              	.LASF13:
 971 0078 43594343 		.ascii	"CYCCNT\000"
 971      4E5400
 972              	.LASF31:
 973 007f 746D496E 		.ascii	"tmInit\000"
 973      697400
 974              	.LASF8:
 975 0086 6C6F6E67 		.ascii	"long unsigned int\000"
 975      20756E73 
 975      69676E65 
 975      6420696E 
 975      7400
ARM GAS  C:\Users\z80\AppData\Local\Temp\ccXSDw3n.s 			page 19


 976              	.LASF32:
 977 0098 746D4F62 		.ascii	"tmObjectInit\000"
 977      6A656374 
 977      496E6974 
 977      00
 978              	.LASF4:
 979 00a5 73686F72 		.ascii	"short unsigned int\000"
 979      7420756E 
 979      7369676E 
 979      65642069 
 979      6E7400
 980              	.LASF14:
 981 00b8 43504943 		.ascii	"CPICNT\000"
 981      4E5400
 982              	.LASF34:
 983 00bf 49544D5F 		.ascii	"ITM_RxBuffer\000"
 983      52784275 
 983      66666572 
 983      00
 984              	.LASF18:
 985 00cc 464F4C44 		.ascii	"FOLDCNT\000"
 985      434E5400 
 986              	.LASF27:
 987 00d4 776F7273 		.ascii	"worst\000"
 987      7400
 988              	.LASF17:
 989 00da 4C535543 		.ascii	"LSUCNT\000"
 989      4E5400
 990              	.LASF0:
 991 00e1 756E7369 		.ascii	"unsigned int\000"
 991      676E6564 
 991      20696E74 
 991      00
 992              	.LASF22:
 993 00ee 68616C72 		.ascii	"halrtcnt_t\000"
 993      74636E74 
 993      5F7400
 994              	.LASF21:
 995 00f9 63686172 		.ascii	"char\000"
 995      00
 996              	.LASF29:
 997 00fe 746D5F73 		.ascii	"tm_start\000"
 997      74617274 
 997      00
 998              	.LASF12:
 999 0107 4354524C 		.ascii	"CTRL\000"
 999      00
 1000              	.LASF15:
 1001 010c 45584343 		.ascii	"EXCCNT\000"
 1001      4E5400
 1002              	.LASF6:
 1003 0113 696E7433 		.ascii	"int32_t\000"
 1003      325F7400 
 1004              	.LASF9:
 1005 011b 6C6F6E67 		.ascii	"long long int\000"
 1005      206C6F6E 
 1005      6720696E 
ARM GAS  C:\Users\z80\AppData\Local\Temp\ccXSDw3n.s 			page 20


 1005      7400
 1006              	.LASF33:
 1007 0129 6D656173 		.ascii	"measurement_offset\000"
 1007      7572656D 
 1007      656E745F 
 1007      6F666673 
 1007      657400
 1008              	.LASF3:
 1009 013c 73686F72 		.ascii	"short int\000"
 1009      7420696E 
 1009      7400
 1010              	.LASF20:
 1011 0146 434D785F 		.ascii	"CMx_DWT\000"
 1011      44575400 
 1012              	.LASF28:
 1013 014e 62657374 		.ascii	"best\000"
 1013      00
 1014              	.LASF7:
 1015 0153 75696E74 		.ascii	"uint32_t\000"
 1015      33325F74 
 1015      00
 1016              	.LASF5:
 1017 015c 6C6F6E67 		.ascii	"long int\000"
 1017      20696E74 
 1017      00
 1018              	.LASF1:
 1019 0165 7369676E 		.ascii	"signed char\000"
 1019      65642063 
 1019      68617200 
 1020              	.LASF37:
 1021 0171 433A5C70 		.ascii	"C:\\projects\\clock.git\\firmware\\firmware\000"
 1021      726F6A65 
 1021      6374735C 
 1021      636C6F63 
 1021      6B2E6769 
 1022              	.LASF23:
 1023 0199 54696D65 		.ascii	"TimeMeasurement\000"
 1023      4D656173 
 1023      7572656D 
 1023      656E7400 
 1024              	.LASF11:
 1025 01a9 5F426F6F 		.ascii	"_Bool\000"
 1025      6C00
 1026              		.ident	"GCC: (GNU) 4.5.0"
ARM GAS  C:\Users\z80\AppData\Local\Temp\ccXSDw3n.s 			page 21


DEFINED SYMBOLS
                            *ABS*:00000000 tm.c
C:\Users\z80\AppData\Local\Temp\ccXSDw3n.s:24     .bss.measurement_offset:00000000 $d
C:\Users\z80\AppData\Local\Temp\ccXSDw3n.s:27     .bss.measurement_offset:00000000 measurement_offset
C:\Users\z80\AppData\Local\Temp\ccXSDw3n.s:30     .text.tm_start:00000000 $t
C:\Users\z80\AppData\Local\Temp\ccXSDw3n.s:35     .text.tm_start:00000000 tm_start
C:\Users\z80\AppData\Local\Temp\ccXSDw3n.s:60     .text.tm_stop:00000000 $t
C:\Users\z80\AppData\Local\Temp\ccXSDw3n.s:65     .text.tm_stop:00000000 tm_stop
C:\Users\z80\AppData\Local\Temp\ccXSDw3n.s:126    .text.tmInit:00000000 $t
C:\Users\z80\AppData\Local\Temp\ccXSDw3n.s:132    .text.tmInit:00000000 tmInit
C:\Users\z80\AppData\Local\Temp\ccXSDw3n.s:182    .text.tmObjectInit:00000000 tmObjectInit
C:\Users\z80\AppData\Local\Temp\ccXSDw3n.s:176    .text.tmObjectInit:00000000 $t
                     .debug_frame:00000010 $d

NO UNDEFINED SYMBOLS
