ARM GAS  /tmp/cciSmSZ1.s 			page 1


   1              		.syntax unified
   2              		.cpu cortex-m3
   3              		.fpu softvfp
   4              		.eabi_attribute 20, 1
   5              		.eabi_attribute 21, 1
   6              		.eabi_attribute 23, 3
   7              		.eabi_attribute 24, 1
   8              		.eabi_attribute 25, 1
   9              		.eabi_attribute 26, 1
  10              		.eabi_attribute 30, 2
  11              		.eabi_attribute 18, 4
  12              		.thumb
  13              		.file	"adc_ctrl.c"
  14              		.section	.debug_abbrev,"",%progbits
  15              	.Ldebug_abbrev0:
  16              		.section	.debug_info,"",%progbits
  17              	.Ldebug_info0:
  18              		.section	.debug_line,"",%progbits
  19              	.Ldebug_line0:
  20 0000 FC000000 		.text
  20      0200E800 
  20      00000201 
  20      FB0E0D00 
  20      01010101 
  21              	.Ltext0:
  22              		.cfi_sections	.debug_frame
  23              		.section	.text.initAdc,"ax",%progbits
  24              		.align	2
  25              		.p2align 4,,15
  26              		.global	initAdc
  27              		.thumb
  28              		.thumb_func
  29              		.type	initAdc, %function
  30              	initAdc:
  31              	.LFB62:
  32              		.file 1 "./src/adc_ctrl.c"
  33              		.loc 1 7 0
  34              		.cfi_startproc
  35              		@ args = 0, pretend = 0, frame = 0
  36              		@ frame_needed = 0, uses_anonymous_args = 0
  37              		@ link register save eliminated.
  38              		.loc 1 9 0
  39 0000 7047     		bx	lr
  40              		.cfi_endproc
  41              	.LFE62:
  42              		.size	initAdc, .-initAdc
  43 0002 00BFAFF3 		.text
  43      0080AFF3 
  43      0080AFF3 
  43      0080
  44              	.Letext0:
  45              		.file 2 "../chibios_2.4.x/os/ports/common/ARMCMx/CMSIS/include/core_cm3.h"
  46              		.file 3 "/home/z80/programs/code-sourcery/2011.03-42/bin/../lib/gcc/arm-none-eabi/4.5.2/../../../.
  47              		.section	.debug_info
  48 0000 B3000000 		.4byte	0xb3
  49 0004 0200     		.2byte	0x2
  50 0006 00000000 		.4byte	.Ldebug_abbrev0
ARM GAS  /tmp/cciSmSZ1.s 			page 2


  51 000a 04       		.byte	0x4
  52 000b 01       		.uleb128 0x1
  53 000c 21000000 		.4byte	.LASF11
  54 0010 01       		.byte	0x1
  55 0011 DC000000 		.4byte	.LASF12
  56 0015 A0000000 		.4byte	.LASF13
  57 0019 00000000 		.4byte	0x0
  58 001d 00000000 		.4byte	0x0
  59 0021 00000000 		.4byte	.Ldebug_ranges0+0x0
  60 0025 00000000 		.4byte	.Ldebug_line0
  61 0029 02       		.uleb128 0x2
  62 002a 04       		.byte	0x4
  63 002b 05       		.byte	0x5
  64 002c 696E7400 		.ascii	"int\000"
  65 0030 03       		.uleb128 0x3
  66 0031 04       		.byte	0x4
  67 0032 07       		.byte	0x7
  68 0033 2D000000 		.4byte	.LASF0
  69 0037 03       		.uleb128 0x3
  70 0038 01       		.byte	0x1
  71 0039 06       		.byte	0x6
  72 003a 94000000 		.4byte	.LASF1
  73 003e 03       		.uleb128 0x3
  74 003f 01       		.byte	0x1
  75 0040 08       		.byte	0x8
  76 0041 6B000000 		.4byte	.LASF2
  77 0045 03       		.uleb128 0x3
  78 0046 02       		.byte	0x2
  79 0047 05       		.byte	0x5
  80 0048 D2000000 		.4byte	.LASF3
  81 004c 03       		.uleb128 0x3
  82 004d 02       		.byte	0x2
  83 004e 07       		.byte	0x7
  84 004f 0E000000 		.4byte	.LASF4
  85 0053 04       		.uleb128 0x4
  86 0054 ED000000 		.4byte	.LASF14
  87 0058 03       		.byte	0x3
  88 0059 4F       		.byte	0x4f
  89 005a 5E000000 		.4byte	0x5e
  90 005e 03       		.uleb128 0x3
  91 005f 04       		.byte	0x4
  92 0060 05       		.byte	0x5
  93 0061 7E000000 		.4byte	.LASF5
  94 0065 03       		.uleb128 0x3
  95 0066 04       		.byte	0x4
  96 0067 07       		.byte	0x7
  97 0068 3A000000 		.4byte	.LASF6
  98 006c 03       		.uleb128 0x3
  99 006d 08       		.byte	0x8
 100 006e 05       		.byte	0x5
 101 006f 00000000 		.4byte	.LASF7
 102 0073 03       		.uleb128 0x3
 103 0074 08       		.byte	0x8
 104 0075 07       		.byte	0x7
 105 0076 4C000000 		.4byte	.LASF8
 106 007a 03       		.uleb128 0x3
 107 007b 01       		.byte	0x1
ARM GAS  /tmp/cciSmSZ1.s 			page 3


 108 007c 08       		.byte	0x8
 109 007d 79000000 		.4byte	.LASF9
 110 0081 05       		.uleb128 0x5
 111 0082 53000000 		.4byte	0x53
 112 0086 06       		.uleb128 0x6
 113 0087 01       		.byte	0x1
 114 0088 63000000 		.4byte	.LASF15
 115 008c 01       		.byte	0x1
 116 008d 06       		.byte	0x6
 117 008e 01       		.byte	0x1
 118 008f 00000000 		.4byte	.LFB62
 119 0093 02000000 		.4byte	.LFE62
 120 0097 02       		.byte	0x2
 121 0098 7D       		.byte	0x7d
 122 0099 00       		.sleb128 0
 123 009a 07       		.uleb128 0x7
 124 009b 87000000 		.4byte	.LASF10
 125 009f 02       		.byte	0x2
 126 00a0 9404     		.2byte	0x494
 127 00a2 81000000 		.4byte	0x81
 128 00a6 01       		.byte	0x1
 129 00a7 01       		.byte	0x1
 130 00a8 07       		.uleb128 0x7
 131 00a9 87000000 		.4byte	.LASF10
 132 00ad 02       		.byte	0x2
 133 00ae 9404     		.2byte	0x494
 134 00b0 81000000 		.4byte	0x81
 135 00b4 01       		.byte	0x1
 136 00b5 01       		.byte	0x1
 137 00b6 00       		.byte	0x0
 138              		.section	.debug_abbrev
 139 0000 01       		.uleb128 0x1
 140 0001 11       		.uleb128 0x11
 141 0002 01       		.byte	0x1
 142 0003 25       		.uleb128 0x25
 143 0004 0E       		.uleb128 0xe
 144 0005 13       		.uleb128 0x13
 145 0006 0B       		.uleb128 0xb
 146 0007 03       		.uleb128 0x3
 147 0008 0E       		.uleb128 0xe
 148 0009 1B       		.uleb128 0x1b
 149 000a 0E       		.uleb128 0xe
 150 000b 11       		.uleb128 0x11
 151 000c 01       		.uleb128 0x1
 152 000d 52       		.uleb128 0x52
 153 000e 01       		.uleb128 0x1
 154 000f 55       		.uleb128 0x55
 155 0010 06       		.uleb128 0x6
 156 0011 10       		.uleb128 0x10
 157 0012 06       		.uleb128 0x6
 158 0013 00       		.byte	0x0
 159 0014 00       		.byte	0x0
 160 0015 02       		.uleb128 0x2
 161 0016 24       		.uleb128 0x24
 162 0017 00       		.byte	0x0
 163 0018 0B       		.uleb128 0xb
 164 0019 0B       		.uleb128 0xb
ARM GAS  /tmp/cciSmSZ1.s 			page 4


 165 001a 3E       		.uleb128 0x3e
 166 001b 0B       		.uleb128 0xb
 167 001c 03       		.uleb128 0x3
 168 001d 08       		.uleb128 0x8
 169 001e 00       		.byte	0x0
 170 001f 00       		.byte	0x0
 171 0020 03       		.uleb128 0x3
 172 0021 24       		.uleb128 0x24
 173 0022 00       		.byte	0x0
 174 0023 0B       		.uleb128 0xb
 175 0024 0B       		.uleb128 0xb
 176 0025 3E       		.uleb128 0x3e
 177 0026 0B       		.uleb128 0xb
 178 0027 03       		.uleb128 0x3
 179 0028 0E       		.uleb128 0xe
 180 0029 00       		.byte	0x0
 181 002a 00       		.byte	0x0
 182 002b 04       		.uleb128 0x4
 183 002c 16       		.uleb128 0x16
 184 002d 00       		.byte	0x0
 185 002e 03       		.uleb128 0x3
 186 002f 0E       		.uleb128 0xe
 187 0030 3A       		.uleb128 0x3a
 188 0031 0B       		.uleb128 0xb
 189 0032 3B       		.uleb128 0x3b
 190 0033 0B       		.uleb128 0xb
 191 0034 49       		.uleb128 0x49
 192 0035 13       		.uleb128 0x13
 193 0036 00       		.byte	0x0
 194 0037 00       		.byte	0x0
 195 0038 05       		.uleb128 0x5
 196 0039 35       		.uleb128 0x35
 197 003a 00       		.byte	0x0
 198 003b 49       		.uleb128 0x49
 199 003c 13       		.uleb128 0x13
 200 003d 00       		.byte	0x0
 201 003e 00       		.byte	0x0
 202 003f 06       		.uleb128 0x6
 203 0040 2E       		.uleb128 0x2e
 204 0041 00       		.byte	0x0
 205 0042 3F       		.uleb128 0x3f
 206 0043 0C       		.uleb128 0xc
 207 0044 03       		.uleb128 0x3
 208 0045 0E       		.uleb128 0xe
 209 0046 3A       		.uleb128 0x3a
 210 0047 0B       		.uleb128 0xb
 211 0048 3B       		.uleb128 0x3b
 212 0049 0B       		.uleb128 0xb
 213 004a 27       		.uleb128 0x27
 214 004b 0C       		.uleb128 0xc
 215 004c 11       		.uleb128 0x11
 216 004d 01       		.uleb128 0x1
 217 004e 12       		.uleb128 0x12
 218 004f 01       		.uleb128 0x1
 219 0050 40       		.uleb128 0x40
 220 0051 0A       		.uleb128 0xa
 221 0052 00       		.byte	0x0
ARM GAS  /tmp/cciSmSZ1.s 			page 5


 222 0053 00       		.byte	0x0
 223 0054 07       		.uleb128 0x7
 224 0055 34       		.uleb128 0x34
 225 0056 00       		.byte	0x0
 226 0057 03       		.uleb128 0x3
 227 0058 0E       		.uleb128 0xe
 228 0059 3A       		.uleb128 0x3a
 229 005a 0B       		.uleb128 0xb
 230 005b 3B       		.uleb128 0x3b
 231 005c 05       		.uleb128 0x5
 232 005d 49       		.uleb128 0x49
 233 005e 13       		.uleb128 0x13
 234 005f 3F       		.uleb128 0x3f
 235 0060 0C       		.uleb128 0xc
 236 0061 3C       		.uleb128 0x3c
 237 0062 0C       		.uleb128 0xc
 238 0063 00       		.byte	0x0
 239 0064 00       		.byte	0x0
 240 0065 00       		.byte	0x0
 241              		.section	.debug_pubnames,"",%progbits
 242 0000 1A000000 		.4byte	0x1a
 243 0004 0200     		.2byte	0x2
 244 0006 00000000 		.4byte	.Ldebug_info0
 245 000a B7000000 		.4byte	0xb7
 246 000e 86000000 		.4byte	0x86
 247 0012 696E6974 		.ascii	"initAdc\000"
 247      41646300 
 248 001a 00000000 		.4byte	0x0
 249              		.section	.debug_pubtypes,"",%progbits
 250 0000 1A000000 		.4byte	0x1a
 251 0004 0200     		.2byte	0x2
 252 0006 00000000 		.4byte	.Ldebug_info0
 253 000a B7000000 		.4byte	0xb7
 254 000e 53000000 		.4byte	0x53
 255 0012 696E7433 		.ascii	"int32_t\000"
 255      325F7400 
 256 001a 00000000 		.4byte	0x0
 257              		.section	.debug_aranges,"",%progbits
 258 0000 1C000000 		.4byte	0x1c
 259 0004 0200     		.2byte	0x2
 260 0006 00000000 		.4byte	.Ldebug_info0
 261 000a 04       		.byte	0x4
 262 000b 00       		.byte	0x0
 263 000c 0000     		.2byte	0x0
 264 000e 0000     		.2byte	0x0
 265 0010 00000000 		.4byte	.LFB62
 266 0014 02000000 		.4byte	.LFE62-.LFB62
 267 0018 00000000 		.4byte	0x0
 268 001c 00000000 		.4byte	0x0
 269              		.section	.debug_ranges,"",%progbits
 270              	.Ldebug_ranges0:
 271 0000 00000000 		.4byte	.LFB62
 272 0004 02000000 		.4byte	.LFE62
 273 0008 00000000 		.4byte	0x0
 274 000c 00000000 		.4byte	0x0
 275              		.section	.debug_str,"MS",%progbits,1
 276              	.LASF7:
ARM GAS  /tmp/cciSmSZ1.s 			page 6


 277 0000 6C6F6E67 		.ascii	"long long int\000"
 277      206C6F6E 
 277      6720696E 
 277      7400
 278              	.LASF4:
 279 000e 73686F72 		.ascii	"short unsigned int\000"
 279      7420756E 
 279      7369676E 
 279      65642069 
 279      6E7400
 280              	.LASF11:
 281 0021 474E5520 		.ascii	"GNU C 4.5.2\000"
 281      4320342E 
 281      352E3200 
 282              	.LASF0:
 283 002d 756E7369 		.ascii	"unsigned int\000"
 283      676E6564 
 283      20696E74 
 283      00
 284              	.LASF6:
 285 003a 6C6F6E67 		.ascii	"long unsigned int\000"
 285      20756E73 
 285      69676E65 
 285      6420696E 
 285      7400
 286              	.LASF8:
 287 004c 6C6F6E67 		.ascii	"long long unsigned int\000"
 287      206C6F6E 
 287      6720756E 
 287      7369676E 
 287      65642069 
 288              	.LASF15:
 289 0063 696E6974 		.ascii	"initAdc\000"
 289      41646300 
 290              	.LASF2:
 291 006b 756E7369 		.ascii	"unsigned char\000"
 291      676E6564 
 291      20636861 
 291      7200
 292              	.LASF9:
 293 0079 63686172 		.ascii	"char\000"
 293      00
 294              	.LASF5:
 295 007e 6C6F6E67 		.ascii	"long int\000"
 295      20696E74 
 295      00
 296              	.LASF10:
 297 0087 49544D5F 		.ascii	"ITM_RxBuffer\000"
 297      52784275 
 297      66666572 
 297      00
 298              	.LASF1:
 299 0094 7369676E 		.ascii	"signed char\000"
 299      65642063 
 299      68617200 
 300              	.LASF13:
 301 00a0 2F686F6D 		.ascii	"/home/z80/projects/voltamper.git/firmware/voltamp\000"
ARM GAS  /tmp/cciSmSZ1.s 			page 7


 301      652F7A38 
 301      302F7072 
 301      6F6A6563 
 301      74732F76 
 302              	.LASF3:
 303 00d2 73686F72 		.ascii	"short int\000"
 303      7420696E 
 303      7400
 304              	.LASF12:
 305 00dc 2E2F7372 		.ascii	"./src/adc_ctrl.c\000"
 305      632F6164 
 305      635F6374 
 305      726C2E63 
 305      00
 306              	.LASF14:
 307 00ed 696E7433 		.ascii	"int32_t\000"
 307      325F7400 
 308              		.ident	"GCC: (Sourcery G++ Lite 2011.03-42) 4.5.2"
ARM GAS  /tmp/cciSmSZ1.s 			page 8


DEFINED SYMBOLS
                            *ABS*:00000000 adc_ctrl.c
     /tmp/cciSmSZ1.s:24     .text.initAdc:00000000 $t
     /tmp/cciSmSZ1.s:30     .text.initAdc:00000000 initAdc
                     .debug_frame:00000010 $d

NO UNDEFINED SYMBOLS
