ARM GAS  /tmp/cci4La8e.s 			page 1


   1              		.syntax unified
   2              		.cpu cortex-m3
   3              		.fpu softvfp
   4              		.eabi_attribute 20, 1
   5              		.eabi_attribute 21, 1
   6              		.eabi_attribute 23, 3
   7              		.eabi_attribute 24, 1
   8              		.eabi_attribute 25, 1
   9              		.eabi_attribute 26, 1
  10              		.eabi_attribute 30, 6
  11              		.eabi_attribute 18, 4
  12              		.thumb
  13              		.file	"board.c"
  14              		.section	.debug_abbrev,"",%progbits
  15              	.Ldebug_abbrev0:
  16              		.section	.debug_info,"",%progbits
  17              	.Ldebug_info0:
  18              		.section	.debug_line,"",%progbits
  19              	.Ldebug_line0:
  20 0000 4A010000 		.text
  20      02002301 
  20      00000201 
  20      FB0E0D00 
  20      01010101 
  21              	.Ltext0:
  22              		.cfi_sections	.debug_frame
  23              		.global	pal_default_config
  24              		.section	.rodata.pal_default_config,"a",%progbits
  25              		.align	2
  26              		.type	pal_default_config, %object
  27              		.size	pal_default_config, 60
  28              	pal_default_config:
  29 0000 FFFFFFFF 		.word	-1
  30 0004 44444444 		.word	1145324612
  31 0008 44444444 		.word	1145324612
  32 000c FFFFFFFF 		.word	-1
  33 0010 44444444 		.word	1145324612
  34 0014 44444444 		.word	1145324612
  35 0018 FFFFFFFF 		.word	-1
  36 001c 44444444 		.word	1145324612
  37 0020 44444444 		.word	1145324612
  38 0024 FFFFFFFF 		.word	-1
  39 0028 44444444 		.word	1145324612
  40 002c 44444444 		.word	1145324612
  41 0030 FFFFFFFF 		.word	-1
  42 0034 88888888 		.word	-2004318072
  43 0038 88888888 		.word	-2004318072
  44              		.section	.text.__early_init,"ax",%progbits
  45              		.align	2
  46              		.p2align 4,,15
  47              		.global	__early_init
  48              		.thumb
  49              		.thumb_func
  50              		.type	__early_init, %function
  51              	__early_init:
  52              	.LFB62:
  53              		.file 1 "./board/board.c"
ARM GAS  /tmp/cci4La8e.s 			page 2


  54              		.loc 1 41 0
  55              		.cfi_startproc
  56              		@ args = 0, pretend = 0, frame = 0
  57              		@ frame_needed = 0, uses_anonymous_args = 0
  58 0000 08B5     		push	{r3, lr}
  59              	.LCFI0:
  60              		.cfi_def_cfa_offset 8
  61              		.loc 1 43 0
  62              		.cfi_offset 14, -4
  63              		.cfi_offset 3, -8
  64 0002 FFF7FEFF 		bl	stm32_clock_init
  65              		.loc 1 44 0
  66 0006 08BD     		pop	{r3, pc}
  67              		.cfi_endproc
  68              	.LFE62:
  69              		.size	__early_init, .-__early_init
  70 0008 AFF30080 		.section	.text.boardInit,"ax",%progbits
  70      AFF30080 
  71              		.align	2
  72              		.p2align 4,,15
  73              		.global	boardInit
  74              		.thumb
  75              		.thumb_func
  76              		.type	boardInit, %function
  77              	boardInit:
  78              	.LFB63:
  79              		.loc 1 49 0
  80              		.cfi_startproc
  81              		@ args = 0, pretend = 0, frame = 0
  82              		@ frame_needed = 0, uses_anonymous_args = 0
  83              		@ link register save eliminated.
  84              		.loc 1 50 0
  85 0000 7047     		bx	lr
  86              		.cfi_endproc
  87              	.LFE63:
  88              		.size	boardInit, .-boardInit
  89 0002 00BFAFF3 		.text
  89      0080AFF3 
  89      0080AFF3 
  89      0080
  90              	.Letext0:
  91              		.section	.debug_loc,"",%progbits
  92              	.Ldebug_loc0:
  93              	.LLST0:
  94 0000 00000000 		.4byte	.LFB62
  95 0004 02000000 		.4byte	.LCFI0
  96 0008 0200     		.2byte	0x2
  97 000a 7D       		.byte	0x7d
  98 000b 00       		.sleb128 0
  99 000c 02000000 		.4byte	.LCFI0
 100 0010 08000000 		.4byte	.LFE62
 101 0014 0200     		.2byte	0x2
 102 0016 7D       		.byte	0x7d
 103 0017 08       		.sleb128 8
 104 0018 00000000 		.4byte	0x0
 105 001c 00000000 		.4byte	0x0
 106              		.file 2 "/home/z80/programs/code-sourcery/2011.03-42/bin/../lib/gcc/arm-none-eabi/4.5.2/../../../.
ARM GAS  /tmp/cci4La8e.s 			page 3


 107              		.file 3 "../chibios_2.4.x/os/hal/platforms/STM32/GPIOv1/pal_lld.h"
 108              		.file 4 "../chibios_2.4.x/os/ports/common/ARMCMx/CMSIS/include/core_cm3.h"
 109              		.section	.debug_info
 110 0000 82010000 		.4byte	0x182
 111 0004 0200     		.2byte	0x2
 112 0006 00000000 		.4byte	.Ldebug_abbrev0
 113 000a 04       		.byte	0x4
 114 000b 01       		.uleb128 0x1
 115 000c 15000000 		.4byte	.LASF23
 116 0010 01       		.byte	0x1
 117 0011 98000000 		.4byte	.LASF24
 118 0015 0A010000 		.4byte	.LASF25
 119 0019 00000000 		.4byte	0x0
 120 001d 00000000 		.4byte	0x0
 121 0021 00000000 		.4byte	.Ldebug_ranges0+0x0
 122 0025 00000000 		.4byte	.Ldebug_line0
 123 0029 02       		.uleb128 0x2
 124 002a 04       		.byte	0x4
 125 002b 05       		.byte	0x5
 126 002c 696E7400 		.ascii	"int\000"
 127 0030 03       		.uleb128 0x3
 128 0031 04       		.byte	0x4
 129 0032 07       		.byte	0x7
 130 0033 21000000 		.4byte	.LASF0
 131 0037 03       		.uleb128 0x3
 132 0038 01       		.byte	0x1
 133 0039 06       		.byte	0x6
 134 003a FE000000 		.4byte	.LASF1
 135 003e 03       		.uleb128 0x3
 136 003f 01       		.byte	0x1
 137 0040 08       		.byte	0x8
 138 0041 A8000000 		.4byte	.LASF2
 139 0045 03       		.uleb128 0x3
 140 0046 02       		.byte	0x2
 141 0047 05       		.byte	0x5
 142 0048 43010000 		.4byte	.LASF3
 143 004c 03       		.uleb128 0x3
 144 004d 02       		.byte	0x2
 145 004e 07       		.byte	0x7
 146 004f 85000000 		.4byte	.LASF4
 147 0053 04       		.uleb128 0x4
 148 0054 4D010000 		.4byte	.LASF6
 149 0058 02       		.byte	0x2
 150 0059 4F       		.byte	0x4f
 151 005a 5E000000 		.4byte	0x5e
 152 005e 03       		.uleb128 0x3
 153 005f 04       		.byte	0x4
 154 0060 05       		.byte	0x5
 155 0061 C2000000 		.4byte	.LASF5
 156 0065 04       		.uleb128 0x4
 157 0066 2E000000 		.4byte	.LASF7
 158 006a 02       		.byte	0x2
 159 006b 50       		.byte	0x50
 160 006c 70000000 		.4byte	0x70
 161 0070 03       		.uleb128 0x3
 162 0071 04       		.byte	0x4
 163 0072 07       		.byte	0x7
ARM GAS  /tmp/cci4La8e.s 			page 4


 164 0073 55000000 		.4byte	.LASF8
 165 0077 03       		.uleb128 0x3
 166 0078 08       		.byte	0x8
 167 0079 05       		.byte	0x5
 168 007a 00000000 		.4byte	.LASF9
 169 007e 03       		.uleb128 0x3
 170 007f 08       		.byte	0x8
 171 0080 07       		.byte	0x7
 172 0081 6E000000 		.4byte	.LASF10
 173 0085 03       		.uleb128 0x3
 174 0086 01       		.byte	0x1
 175 0087 08       		.byte	0x8
 176 0088 B6000000 		.4byte	.LASF11
 177 008c 05       		.uleb128 0x5
 178 008d 53000000 		.4byte	0x53
 179 0091 06       		.uleb128 0x6
 180 0092 0C       		.byte	0xc
 181 0093 03       		.byte	0x3
 182 0094 43       		.byte	0x43
 183 0095 C4000000 		.4byte	0xc4
 184 0099 07       		.uleb128 0x7
 185 009a 6F647200 		.ascii	"odr\000"
 186 009e 03       		.byte	0x3
 187 009f 45       		.byte	0x45
 188 00a0 65000000 		.4byte	0x65
 189 00a4 02       		.byte	0x2
 190 00a5 23       		.byte	0x23
 191 00a6 00       		.uleb128 0x0
 192 00a7 07       		.uleb128 0x7
 193 00a8 63726C00 		.ascii	"crl\000"
 194 00ac 03       		.byte	0x3
 195 00ad 47       		.byte	0x47
 196 00ae 65000000 		.4byte	0x65
 197 00b2 02       		.byte	0x2
 198 00b3 23       		.byte	0x23
 199 00b4 04       		.uleb128 0x4
 200 00b5 07       		.uleb128 0x7
 201 00b6 63726800 		.ascii	"crh\000"
 202 00ba 03       		.byte	0x3
 203 00bb 49       		.byte	0x49
 204 00bc 65000000 		.4byte	0x65
 205 00c0 02       		.byte	0x2
 206 00c1 23       		.byte	0x23
 207 00c2 08       		.uleb128 0x8
 208 00c3 00       		.byte	0x0
 209 00c4 04       		.uleb128 0x4
 210 00c5 DE000000 		.4byte	.LASF12
 211 00c9 03       		.byte	0x3
 212 00ca 4A       		.byte	0x4a
 213 00cb 91000000 		.4byte	0x91
 214 00cf 06       		.uleb128 0x6
 215 00d0 3C       		.byte	0x3c
 216 00d1 03       		.byte	0x3
 217 00d2 53       		.byte	0x53
 218 00d3 1E010000 		.4byte	0x11e
 219 00d7 08       		.uleb128 0x8
 220 00d8 37000000 		.4byte	.LASF13
ARM GAS  /tmp/cci4La8e.s 			page 5


 221 00dc 03       		.byte	0x3
 222 00dd 55       		.byte	0x55
 223 00de C4000000 		.4byte	0xc4
 224 00e2 02       		.byte	0x2
 225 00e3 23       		.byte	0x23
 226 00e4 00       		.uleb128 0x0
 227 00e5 08       		.uleb128 0x8
 228 00e6 67000000 		.4byte	.LASF14
 229 00ea 03       		.byte	0x3
 230 00eb 57       		.byte	0x57
 231 00ec C4000000 		.4byte	0xc4
 232 00f0 02       		.byte	0x2
 233 00f1 23       		.byte	0x23
 234 00f2 0C       		.uleb128 0xc
 235 00f3 08       		.uleb128 0x8
 236 00f4 BB000000 		.4byte	.LASF15
 237 00f8 03       		.byte	0x3
 238 00f9 59       		.byte	0x59
 239 00fa C4000000 		.4byte	0xc4
 240 00fe 02       		.byte	0x2
 241 00ff 23       		.byte	0x23
 242 0100 18       		.uleb128 0x18
 243 0101 08       		.uleb128 0x8
 244 0102 3C010000 		.4byte	.LASF16
 245 0106 03       		.byte	0x3
 246 0107 5B       		.byte	0x5b
 247 0108 C4000000 		.4byte	0xc4
 248 010c 02       		.byte	0x2
 249 010d 23       		.byte	0x23
 250 010e 24       		.uleb128 0x24
 251 010f 08       		.uleb128 0x8
 252 0110 0E000000 		.4byte	.LASF17
 253 0114 03       		.byte	0x3
 254 0115 5E       		.byte	0x5e
 255 0116 C4000000 		.4byte	0xc4
 256 011a 02       		.byte	0x2
 257 011b 23       		.byte	0x23
 258 011c 30       		.uleb128 0x30
 259 011d 00       		.byte	0x0
 260 011e 04       		.uleb128 0x4
 261 011f 55010000 		.4byte	.LASF18
 262 0123 03       		.byte	0x3
 263 0124 68       		.byte	0x68
 264 0125 CF000000 		.4byte	0xcf
 265 0129 09       		.uleb128 0x9
 266 012a 01       		.byte	0x1
 267 012b 3E000000 		.4byte	.LASF19
 268 012f 01       		.byte	0x1
 269 0130 29       		.byte	0x29
 270 0131 01       		.byte	0x1
 271 0132 00000000 		.4byte	.LFB62
 272 0136 08000000 		.4byte	.LFE62
 273 013a 00000000 		.4byte	.LLST0
 274 013e 0A       		.uleb128 0xa
 275 013f 01       		.byte	0x1
 276 0140 4B000000 		.4byte	.LASF20
 277 0144 01       		.byte	0x1
ARM GAS  /tmp/cci4La8e.s 			page 6


 278 0145 31       		.byte	0x31
 279 0146 01       		.byte	0x1
 280 0147 00000000 		.4byte	.LFB63
 281 014b 02000000 		.4byte	.LFE63
 282 014f 02       		.byte	0x2
 283 0150 7D       		.byte	0x7d
 284 0151 00       		.sleb128 0
 285 0152 0B       		.uleb128 0xb
 286 0153 F1000000 		.4byte	.LASF21
 287 0157 04       		.byte	0x4
 288 0158 9404     		.2byte	0x494
 289 015a 8C000000 		.4byte	0x8c
 290 015e 01       		.byte	0x1
 291 015f 01       		.byte	0x1
 292 0160 0B       		.uleb128 0xb
 293 0161 F1000000 		.4byte	.LASF21
 294 0165 04       		.byte	0x4
 295 0166 9404     		.2byte	0x494
 296 0168 8C000000 		.4byte	0x8c
 297 016c 01       		.byte	0x1
 298 016d 01       		.byte	0x1
 299 016e 0C       		.uleb128 0xc
 300 016f CB000000 		.4byte	.LASF22
 301 0173 01       		.byte	0x1
 302 0174 1A       		.byte	0x1a
 303 0175 80010000 		.4byte	0x180
 304 0179 01       		.byte	0x1
 305 017a 05       		.byte	0x5
 306 017b 03       		.byte	0x3
 307 017c 00000000 		.4byte	pal_default_config
 308 0180 0D       		.uleb128 0xd
 309 0181 1E010000 		.4byte	0x11e
 310 0185 00       		.byte	0x0
 311              		.section	.debug_abbrev
 312 0000 01       		.uleb128 0x1
 313 0001 11       		.uleb128 0x11
 314 0002 01       		.byte	0x1
 315 0003 25       		.uleb128 0x25
 316 0004 0E       		.uleb128 0xe
 317 0005 13       		.uleb128 0x13
 318 0006 0B       		.uleb128 0xb
 319 0007 03       		.uleb128 0x3
 320 0008 0E       		.uleb128 0xe
 321 0009 1B       		.uleb128 0x1b
 322 000a 0E       		.uleb128 0xe
 323 000b 11       		.uleb128 0x11
 324 000c 01       		.uleb128 0x1
 325 000d 52       		.uleb128 0x52
 326 000e 01       		.uleb128 0x1
 327 000f 55       		.uleb128 0x55
 328 0010 06       		.uleb128 0x6
 329 0011 10       		.uleb128 0x10
 330 0012 06       		.uleb128 0x6
 331 0013 00       		.byte	0x0
 332 0014 00       		.byte	0x0
 333 0015 02       		.uleb128 0x2
 334 0016 24       		.uleb128 0x24
ARM GAS  /tmp/cci4La8e.s 			page 7


 335 0017 00       		.byte	0x0
 336 0018 0B       		.uleb128 0xb
 337 0019 0B       		.uleb128 0xb
 338 001a 3E       		.uleb128 0x3e
 339 001b 0B       		.uleb128 0xb
 340 001c 03       		.uleb128 0x3
 341 001d 08       		.uleb128 0x8
 342 001e 00       		.byte	0x0
 343 001f 00       		.byte	0x0
 344 0020 03       		.uleb128 0x3
 345 0021 24       		.uleb128 0x24
 346 0022 00       		.byte	0x0
 347 0023 0B       		.uleb128 0xb
 348 0024 0B       		.uleb128 0xb
 349 0025 3E       		.uleb128 0x3e
 350 0026 0B       		.uleb128 0xb
 351 0027 03       		.uleb128 0x3
 352 0028 0E       		.uleb128 0xe
 353 0029 00       		.byte	0x0
 354 002a 00       		.byte	0x0
 355 002b 04       		.uleb128 0x4
 356 002c 16       		.uleb128 0x16
 357 002d 00       		.byte	0x0
 358 002e 03       		.uleb128 0x3
 359 002f 0E       		.uleb128 0xe
 360 0030 3A       		.uleb128 0x3a
 361 0031 0B       		.uleb128 0xb
 362 0032 3B       		.uleb128 0x3b
 363 0033 0B       		.uleb128 0xb
 364 0034 49       		.uleb128 0x49
 365 0035 13       		.uleb128 0x13
 366 0036 00       		.byte	0x0
 367 0037 00       		.byte	0x0
 368 0038 05       		.uleb128 0x5
 369 0039 35       		.uleb128 0x35
 370 003a 00       		.byte	0x0
 371 003b 49       		.uleb128 0x49
 372 003c 13       		.uleb128 0x13
 373 003d 00       		.byte	0x0
 374 003e 00       		.byte	0x0
 375 003f 06       		.uleb128 0x6
 376 0040 13       		.uleb128 0x13
 377 0041 01       		.byte	0x1
 378 0042 0B       		.uleb128 0xb
 379 0043 0B       		.uleb128 0xb
 380 0044 3A       		.uleb128 0x3a
 381 0045 0B       		.uleb128 0xb
 382 0046 3B       		.uleb128 0x3b
 383 0047 0B       		.uleb128 0xb
 384 0048 01       		.uleb128 0x1
 385 0049 13       		.uleb128 0x13
 386 004a 00       		.byte	0x0
 387 004b 00       		.byte	0x0
 388 004c 07       		.uleb128 0x7
 389 004d 0D       		.uleb128 0xd
 390 004e 00       		.byte	0x0
 391 004f 03       		.uleb128 0x3
ARM GAS  /tmp/cci4La8e.s 			page 8


 392 0050 08       		.uleb128 0x8
 393 0051 3A       		.uleb128 0x3a
 394 0052 0B       		.uleb128 0xb
 395 0053 3B       		.uleb128 0x3b
 396 0054 0B       		.uleb128 0xb
 397 0055 49       		.uleb128 0x49
 398 0056 13       		.uleb128 0x13
 399 0057 38       		.uleb128 0x38
 400 0058 0A       		.uleb128 0xa
 401 0059 00       		.byte	0x0
 402 005a 00       		.byte	0x0
 403 005b 08       		.uleb128 0x8
 404 005c 0D       		.uleb128 0xd
 405 005d 00       		.byte	0x0
 406 005e 03       		.uleb128 0x3
 407 005f 0E       		.uleb128 0xe
 408 0060 3A       		.uleb128 0x3a
 409 0061 0B       		.uleb128 0xb
 410 0062 3B       		.uleb128 0x3b
 411 0063 0B       		.uleb128 0xb
 412 0064 49       		.uleb128 0x49
 413 0065 13       		.uleb128 0x13
 414 0066 38       		.uleb128 0x38
 415 0067 0A       		.uleb128 0xa
 416 0068 00       		.byte	0x0
 417 0069 00       		.byte	0x0
 418 006a 09       		.uleb128 0x9
 419 006b 2E       		.uleb128 0x2e
 420 006c 00       		.byte	0x0
 421 006d 3F       		.uleb128 0x3f
 422 006e 0C       		.uleb128 0xc
 423 006f 03       		.uleb128 0x3
 424 0070 0E       		.uleb128 0xe
 425 0071 3A       		.uleb128 0x3a
 426 0072 0B       		.uleb128 0xb
 427 0073 3B       		.uleb128 0x3b
 428 0074 0B       		.uleb128 0xb
 429 0075 27       		.uleb128 0x27
 430 0076 0C       		.uleb128 0xc
 431 0077 11       		.uleb128 0x11
 432 0078 01       		.uleb128 0x1
 433 0079 12       		.uleb128 0x12
 434 007a 01       		.uleb128 0x1
 435 007b 40       		.uleb128 0x40
 436 007c 06       		.uleb128 0x6
 437 007d 00       		.byte	0x0
 438 007e 00       		.byte	0x0
 439 007f 0A       		.uleb128 0xa
 440 0080 2E       		.uleb128 0x2e
 441 0081 00       		.byte	0x0
 442 0082 3F       		.uleb128 0x3f
 443 0083 0C       		.uleb128 0xc
 444 0084 03       		.uleb128 0x3
 445 0085 0E       		.uleb128 0xe
 446 0086 3A       		.uleb128 0x3a
 447 0087 0B       		.uleb128 0xb
 448 0088 3B       		.uleb128 0x3b
ARM GAS  /tmp/cci4La8e.s 			page 9


 449 0089 0B       		.uleb128 0xb
 450 008a 27       		.uleb128 0x27
 451 008b 0C       		.uleb128 0xc
 452 008c 11       		.uleb128 0x11
 453 008d 01       		.uleb128 0x1
 454 008e 12       		.uleb128 0x12
 455 008f 01       		.uleb128 0x1
 456 0090 40       		.uleb128 0x40
 457 0091 0A       		.uleb128 0xa
 458 0092 00       		.byte	0x0
 459 0093 00       		.byte	0x0
 460 0094 0B       		.uleb128 0xb
 461 0095 34       		.uleb128 0x34
 462 0096 00       		.byte	0x0
 463 0097 03       		.uleb128 0x3
 464 0098 0E       		.uleb128 0xe
 465 0099 3A       		.uleb128 0x3a
 466 009a 0B       		.uleb128 0xb
 467 009b 3B       		.uleb128 0x3b
 468 009c 05       		.uleb128 0x5
 469 009d 49       		.uleb128 0x49
 470 009e 13       		.uleb128 0x13
 471 009f 3F       		.uleb128 0x3f
 472 00a0 0C       		.uleb128 0xc
 473 00a1 3C       		.uleb128 0x3c
 474 00a2 0C       		.uleb128 0xc
 475 00a3 00       		.byte	0x0
 476 00a4 00       		.byte	0x0
 477 00a5 0C       		.uleb128 0xc
 478 00a6 34       		.uleb128 0x34
 479 00a7 00       		.byte	0x0
 480 00a8 03       		.uleb128 0x3
 481 00a9 0E       		.uleb128 0xe
 482 00aa 3A       		.uleb128 0x3a
 483 00ab 0B       		.uleb128 0xb
 484 00ac 3B       		.uleb128 0x3b
 485 00ad 0B       		.uleb128 0xb
 486 00ae 49       		.uleb128 0x49
 487 00af 13       		.uleb128 0x13
 488 00b0 3F       		.uleb128 0x3f
 489 00b1 0C       		.uleb128 0xc
 490 00b2 02       		.uleb128 0x2
 491 00b3 0A       		.uleb128 0xa
 492 00b4 00       		.byte	0x0
 493 00b5 00       		.byte	0x0
 494 00b6 0D       		.uleb128 0xd
 495 00b7 26       		.uleb128 0x26
 496 00b8 00       		.byte	0x0
 497 00b9 49       		.uleb128 0x49
 498 00ba 13       		.uleb128 0x13
 499 00bb 00       		.byte	0x0
 500 00bc 00       		.byte	0x0
 501 00bd 00       		.byte	0x0
 502              		.section	.debug_pubnames,"",%progbits
 503 0000 44000000 		.4byte	0x44
 504 0004 0200     		.2byte	0x2
 505 0006 00000000 		.4byte	.Ldebug_info0
ARM GAS  /tmp/cci4La8e.s 			page 10


 506 000a 86010000 		.4byte	0x186
 507 000e 29010000 		.4byte	0x129
 508 0012 5F5F6561 		.ascii	"__early_init\000"
 508      726C795F 
 508      696E6974 
 508      00
 509 001f 3E010000 		.4byte	0x13e
 510 0023 626F6172 		.ascii	"boardInit\000"
 510      64496E69 
 510      7400
 511 002d 6E010000 		.4byte	0x16e
 512 0031 70616C5F 		.ascii	"pal_default_config\000"
 512      64656661 
 512      756C745F 
 512      636F6E66 
 512      696700
 513 0044 00000000 		.4byte	0x0
 514              		.section	.debug_pubtypes,"",%progbits
 515 0000 4C000000 		.4byte	0x4c
 516 0004 0200     		.2byte	0x2
 517 0006 00000000 		.4byte	.Ldebug_info0
 518 000a 86010000 		.4byte	0x186
 519 000e 53000000 		.4byte	0x53
 520 0012 696E7433 		.ascii	"int32_t\000"
 520      325F7400 
 521 001a 65000000 		.4byte	0x65
 522 001e 75696E74 		.ascii	"uint32_t\000"
 522      33325F74 
 522      00
 523 0027 C4000000 		.4byte	0xc4
 524 002b 73746D33 		.ascii	"stm32_gpio_setup_t\000"
 524      325F6770 
 524      696F5F73 
 524      65747570 
 524      5F7400
 525 003e 1E010000 		.4byte	0x11e
 526 0042 50414C43 		.ascii	"PALConfig\000"
 526      6F6E6669 
 526      6700
 527 004c 00000000 		.4byte	0x0
 528              		.section	.debug_aranges,"",%progbits
 529 0000 24000000 		.4byte	0x24
 530 0004 0200     		.2byte	0x2
 531 0006 00000000 		.4byte	.Ldebug_info0
 532 000a 04       		.byte	0x4
 533 000b 00       		.byte	0x0
 534 000c 0000     		.2byte	0x0
 535 000e 0000     		.2byte	0x0
 536 0010 00000000 		.4byte	.LFB62
 537 0014 08000000 		.4byte	.LFE62-.LFB62
 538 0018 00000000 		.4byte	.LFB63
 539 001c 02000000 		.4byte	.LFE63-.LFB63
 540 0020 00000000 		.4byte	0x0
 541 0024 00000000 		.4byte	0x0
 542              		.section	.debug_ranges,"",%progbits
 543              	.Ldebug_ranges0:
 544 0000 00000000 		.4byte	.LFB62
ARM GAS  /tmp/cci4La8e.s 			page 11


 545 0004 08000000 		.4byte	.LFE62
 546 0008 00000000 		.4byte	.LFB63
 547 000c 02000000 		.4byte	.LFE63
 548 0010 00000000 		.4byte	0x0
 549 0014 00000000 		.4byte	0x0
 550              		.section	.debug_str,"MS",%progbits,1
 551              	.LASF9:
 552 0000 6C6F6E67 		.ascii	"long long int\000"
 552      206C6F6E 
 552      6720696E 
 552      7400
 553              	.LASF17:
 554 000e 50454461 		.ascii	"PEData\000"
 554      746100
 555              	.LASF23:
 556 0015 474E5520 		.ascii	"GNU C 4.5.2\000"
 556      4320342E 
 556      352E3200 
 557              	.LASF0:
 558 0021 756E7369 		.ascii	"unsigned int\000"
 558      676E6564 
 558      20696E74 
 558      00
 559              	.LASF7:
 560 002e 75696E74 		.ascii	"uint32_t\000"
 560      33325F74 
 560      00
 561              	.LASF13:
 562 0037 50414461 		.ascii	"PAData\000"
 562      746100
 563              	.LASF19:
 564 003e 5F5F6561 		.ascii	"__early_init\000"
 564      726C795F 
 564      696E6974 
 564      00
 565              	.LASF20:
 566 004b 626F6172 		.ascii	"boardInit\000"
 566      64496E69 
 566      7400
 567              	.LASF8:
 568 0055 6C6F6E67 		.ascii	"long unsigned int\000"
 568      20756E73 
 568      69676E65 
 568      6420696E 
 568      7400
 569              	.LASF14:
 570 0067 50424461 		.ascii	"PBData\000"
 570      746100
 571              	.LASF10:
 572 006e 6C6F6E67 		.ascii	"long long unsigned int\000"
 572      206C6F6E 
 572      6720756E 
 572      7369676E 
 572      65642069 
 573              	.LASF4:
 574 0085 73686F72 		.ascii	"short unsigned int\000"
 574      7420756E 
ARM GAS  /tmp/cci4La8e.s 			page 12


 574      7369676E 
 574      65642069 
 574      6E7400
 575              	.LASF24:
 576 0098 2E2F626F 		.ascii	"./board/board.c\000"
 576      6172642F 
 576      626F6172 
 576      642E6300 
 577              	.LASF2:
 578 00a8 756E7369 		.ascii	"unsigned char\000"
 578      676E6564 
 578      20636861 
 578      7200
 579              	.LASF11:
 580 00b6 63686172 		.ascii	"char\000"
 580      00
 581              	.LASF15:
 582 00bb 50434461 		.ascii	"PCData\000"
 582      746100
 583              	.LASF5:
 584 00c2 6C6F6E67 		.ascii	"long int\000"
 584      20696E74 
 584      00
 585              	.LASF22:
 586 00cb 70616C5F 		.ascii	"pal_default_config\000"
 586      64656661 
 586      756C745F 
 586      636F6E66 
 586      696700
 587              	.LASF12:
 588 00de 73746D33 		.ascii	"stm32_gpio_setup_t\000"
 588      325F6770 
 588      696F5F73 
 588      65747570 
 588      5F7400
 589              	.LASF21:
 590 00f1 49544D5F 		.ascii	"ITM_RxBuffer\000"
 590      52784275 
 590      66666572 
 590      00
 591              	.LASF1:
 592 00fe 7369676E 		.ascii	"signed char\000"
 592      65642063 
 592      68617200 
 593              	.LASF25:
 594 010a 2F686F6D 		.ascii	"/home/z80/projects/voltamper.git/firmware/voltamp\000"
 594      652F7A38 
 594      302F7072 
 594      6F6A6563 
 594      74732F76 
 595              	.LASF16:
 596 013c 50444461 		.ascii	"PDData\000"
 596      746100
 597              	.LASF3:
 598 0143 73686F72 		.ascii	"short int\000"
 598      7420696E 
 598      7400
ARM GAS  /tmp/cci4La8e.s 			page 13


 599              	.LASF6:
 600 014d 696E7433 		.ascii	"int32_t\000"
 600      325F7400 
 601              	.LASF18:
 602 0155 50414C43 		.ascii	"PALConfig\000"
 602      6F6E6669 
 602      6700
 603              		.ident	"GCC: (Sourcery G++ Lite 2011.03-42) 4.5.2"
ARM GAS  /tmp/cci4La8e.s 			page 14


DEFINED SYMBOLS
                            *ABS*:00000000 board.c
     /tmp/cci4La8e.s:28     .rodata.pal_default_config:00000000 pal_default_config
     /tmp/cci4La8e.s:25     .rodata.pal_default_config:00000000 $d
     /tmp/cci4La8e.s:45     .text.__early_init:00000000 $t
     /tmp/cci4La8e.s:51     .text.__early_init:00000000 __early_init
     /tmp/cci4La8e.s:71     .text.boardInit:00000000 $t
     /tmp/cci4La8e.s:77     .text.boardInit:00000000 boardInit
                     .debug_frame:00000010 $d

UNDEFINED SYMBOLS
stm32_clock_init
