ARM GAS  /tmp/ccqH5LDc.s 			page 1


   1              		.syntax unified
   2              		.cpu cortex-m3
   3              		.fpu softvfp
   4              		.eabi_attribute 20, 1
   5              		.eabi_attribute 21, 1
   6              		.eabi_attribute 23, 3
   7              		.eabi_attribute 24, 1
   8              		.eabi_attribute 25, 1
   9              		.eabi_attribute 26, 1
  10              		.eabi_attribute 30, 6
  11              		.eabi_attribute 18, 4
  12              		.thumb
  13              		.file	"chcore.c"
  14              		.section	.debug_abbrev,"",%progbits
  15              	.Ldebug_abbrev0:
  16              		.section	.debug_info,"",%progbits
  17              	.Ldebug_info0:
  18              		.section	.debug_line,"",%progbits
  19              	.Ldebug_line0:
  20 0000 5F000000 		.text
  20      02004400 
  20      00000201 
  20      FB0E0D00 
  20      01010101 
  21              	.Ltext0:
  22              		.cfi_sections	.debug_frame
  23              		.section	.text.port_halt,"ax",%progbits
  24              		.align	2
  25              		.p2align 4,,15
  26              		.weak	port_halt
  27              		.thumb
  28              		.thumb_func
  29              		.type	port_halt, %function
  30              	port_halt:
  31              	.LFB7:
  32              		.file 1 "../chibios_2.4.x/os/ports/GCC/ARMCMx/chcore.c"
  33              		.loc 1 46 0
  34              		.cfi_startproc
  35              		@ args = 0, pretend = 0, frame = 0
  36              		@ frame_needed = 0, uses_anonymous_args = 0
  37              		@ link register save eliminated.
  38              		.loc 1 48 0
  39              	@ 48 "../chibios_2.4.x/os/ports/GCC/ARMCMx/chcore.c" 1
  40 0000 72B6     		cpsid   i
  41              	@ 0 "" 2
  42              		.thumb
  43              	.L2:
  44              		.loc 1 50 0 discriminator 1
  45 0002 FEE7     		b	.L2
  46              		.cfi_endproc
  47              	.LFE7:
  48              		.size	port_halt, .-port_halt
  49 0004 AFF30080 		.text
  49      AFF30080 
  49      AFF30080 
  50              	.Letext0:
  51              		.section	.debug_info
ARM GAS  /tmp/ccqH5LDc.s 			page 2


  52 0000 87000000 		.4byte	0x87
  53 0004 0200     		.2byte	0x2
  54 0006 00000000 		.4byte	.Ldebug_abbrev0
  55 000a 04       		.byte	0x4
  56 000b 01       		.uleb128 0x1
  57 000c E0000000 		.4byte	.LASF10
  58 0010 01       		.byte	0x1
  59 0011 0D000000 		.4byte	.LASF11
  60 0015 92000000 		.4byte	.LASF12
  61 0019 00000000 		.4byte	0x0
  62 001d 00000000 		.4byte	0x0
  63 0021 00000000 		.4byte	.Ldebug_ranges0+0x0
  64 0025 00000000 		.4byte	.Ldebug_line0
  65 0029 02       		.uleb128 0x2
  66 002a 04       		.byte	0x4
  67 002b 05       		.byte	0x5
  68 002c 696E7400 		.ascii	"int\000"
  69 0030 03       		.uleb128 0x3
  70 0031 04       		.byte	0x4
  71 0032 07       		.byte	0x7
  72 0033 00000000 		.4byte	.LASF0
  73 0037 03       		.uleb128 0x3
  74 0038 01       		.byte	0x1
  75 0039 06       		.byte	0x6
  76 003a 5B000000 		.4byte	.LASF1
  77 003e 03       		.uleb128 0x3
  78 003f 01       		.byte	0x1
  79 0040 08       		.byte	0x8
  80 0041 4D000000 		.4byte	.LASF2
  81 0045 03       		.uleb128 0x3
  82 0046 02       		.byte	0x2
  83 0047 05       		.byte	0x5
  84 0048 71000000 		.4byte	.LASF3
  85 004c 03       		.uleb128 0x3
  86 004d 02       		.byte	0x2
  87 004e 07       		.byte	0x7
  88 004f C4000000 		.4byte	.LASF4
  89 0053 03       		.uleb128 0x3
  90 0054 04       		.byte	0x4
  91 0055 05       		.byte	0x5
  92 0056 D7000000 		.4byte	.LASF5
  93 005a 03       		.uleb128 0x3
  94 005b 04       		.byte	0x4
  95 005c 07       		.byte	0x7
  96 005d 3B000000 		.4byte	.LASF6
  97 0061 03       		.uleb128 0x3
  98 0062 08       		.byte	0x8
  99 0063 05       		.byte	0x5
 100 0064 F1000000 		.4byte	.LASF7
 101 0068 03       		.uleb128 0x3
 102 0069 08       		.byte	0x8
 103 006a 07       		.byte	0x7
 104 006b 7B000000 		.4byte	.LASF8
 105 006f 03       		.uleb128 0x3
 106 0070 01       		.byte	0x1
 107 0071 08       		.byte	0x8
 108 0072 EC000000 		.4byte	.LASF9
ARM GAS  /tmp/ccqH5LDc.s 			page 3


 109 0076 04       		.uleb128 0x4
 110 0077 01       		.byte	0x1
 111 0078 67000000 		.4byte	.LASF13
 112 007c 01       		.byte	0x1
 113 007d 2E       		.byte	0x2e
 114 007e 01       		.byte	0x1
 115 007f 00000000 		.4byte	.LFB7
 116 0083 04000000 		.4byte	.LFE7
 117 0087 02       		.byte	0x2
 118 0088 7D       		.byte	0x7d
 119 0089 00       		.sleb128 0
 120 008a 00       		.byte	0x0
 121              		.section	.debug_abbrev
 122 0000 01       		.uleb128 0x1
 123 0001 11       		.uleb128 0x11
 124 0002 01       		.byte	0x1
 125 0003 25       		.uleb128 0x25
 126 0004 0E       		.uleb128 0xe
 127 0005 13       		.uleb128 0x13
 128 0006 0B       		.uleb128 0xb
 129 0007 03       		.uleb128 0x3
 130 0008 0E       		.uleb128 0xe
 131 0009 1B       		.uleb128 0x1b
 132 000a 0E       		.uleb128 0xe
 133 000b 11       		.uleb128 0x11
 134 000c 01       		.uleb128 0x1
 135 000d 52       		.uleb128 0x52
 136 000e 01       		.uleb128 0x1
 137 000f 55       		.uleb128 0x55
 138 0010 06       		.uleb128 0x6
 139 0011 10       		.uleb128 0x10
 140 0012 06       		.uleb128 0x6
 141 0013 00       		.byte	0x0
 142 0014 00       		.byte	0x0
 143 0015 02       		.uleb128 0x2
 144 0016 24       		.uleb128 0x24
 145 0017 00       		.byte	0x0
 146 0018 0B       		.uleb128 0xb
 147 0019 0B       		.uleb128 0xb
 148 001a 3E       		.uleb128 0x3e
 149 001b 0B       		.uleb128 0xb
 150 001c 03       		.uleb128 0x3
 151 001d 08       		.uleb128 0x8
 152 001e 00       		.byte	0x0
 153 001f 00       		.byte	0x0
 154 0020 03       		.uleb128 0x3
 155 0021 24       		.uleb128 0x24
 156 0022 00       		.byte	0x0
 157 0023 0B       		.uleb128 0xb
 158 0024 0B       		.uleb128 0xb
 159 0025 3E       		.uleb128 0x3e
 160 0026 0B       		.uleb128 0xb
 161 0027 03       		.uleb128 0x3
 162 0028 0E       		.uleb128 0xe
 163 0029 00       		.byte	0x0
 164 002a 00       		.byte	0x0
 165 002b 04       		.uleb128 0x4
ARM GAS  /tmp/ccqH5LDc.s 			page 4


 166 002c 2E       		.uleb128 0x2e
 167 002d 00       		.byte	0x0
 168 002e 3F       		.uleb128 0x3f
 169 002f 0C       		.uleb128 0xc
 170 0030 03       		.uleb128 0x3
 171 0031 0E       		.uleb128 0xe
 172 0032 3A       		.uleb128 0x3a
 173 0033 0B       		.uleb128 0xb
 174 0034 3B       		.uleb128 0x3b
 175 0035 0B       		.uleb128 0xb
 176 0036 27       		.uleb128 0x27
 177 0037 0C       		.uleb128 0xc
 178 0038 11       		.uleb128 0x11
 179 0039 01       		.uleb128 0x1
 180 003a 12       		.uleb128 0x12
 181 003b 01       		.uleb128 0x1
 182 003c 40       		.uleb128 0x40
 183 003d 0A       		.uleb128 0xa
 184 003e 00       		.byte	0x0
 185 003f 00       		.byte	0x0
 186 0040 00       		.byte	0x0
 187              		.section	.debug_pubnames,"",%progbits
 188 0000 1C000000 		.4byte	0x1c
 189 0004 0200     		.2byte	0x2
 190 0006 00000000 		.4byte	.Ldebug_info0
 191 000a 8B000000 		.4byte	0x8b
 192 000e 76000000 		.4byte	0x76
 193 0012 706F7274 		.ascii	"port_halt\000"
 193      5F68616C 
 193      7400
 194 001c 00000000 		.4byte	0x0
 195              		.section	.debug_pubtypes,"",%progbits
 196 0000 0E000000 		.4byte	0xe
 197 0004 0200     		.2byte	0x2
 198 0006 00000000 		.4byte	.Ldebug_info0
 199 000a 8B000000 		.4byte	0x8b
 200 000e 00000000 		.4byte	0x0
 201              		.section	.debug_aranges,"",%progbits
 202 0000 1C000000 		.4byte	0x1c
 203 0004 0200     		.2byte	0x2
 204 0006 00000000 		.4byte	.Ldebug_info0
 205 000a 04       		.byte	0x4
 206 000b 00       		.byte	0x0
 207 000c 0000     		.2byte	0x0
 208 000e 0000     		.2byte	0x0
 209 0010 00000000 		.4byte	.LFB7
 210 0014 04000000 		.4byte	.LFE7-.LFB7
 211 0018 00000000 		.4byte	0x0
 212 001c 00000000 		.4byte	0x0
 213              		.section	.debug_ranges,"",%progbits
 214              	.Ldebug_ranges0:
 215 0000 00000000 		.4byte	.LFB7
 216 0004 04000000 		.4byte	.LFE7
 217 0008 00000000 		.4byte	0x0
 218 000c 00000000 		.4byte	0x0
 219              		.section	.debug_str,"MS",%progbits,1
 220              	.LASF0:
ARM GAS  /tmp/ccqH5LDc.s 			page 5


 221 0000 756E7369 		.ascii	"unsigned int\000"
 221      676E6564 
 221      20696E74 
 221      00
 222              	.LASF11:
 223 000d 2E2E2F63 		.ascii	"../chibios_2.4.x/os/ports/GCC/ARMCMx/chcore.c\000"
 223      68696269 
 223      6F735F32 
 223      2E342E78 
 223      2F6F732F 
 224              	.LASF6:
 225 003b 6C6F6E67 		.ascii	"long unsigned int\000"
 225      20756E73 
 225      69676E65 
 225      6420696E 
 225      7400
 226              	.LASF2:
 227 004d 756E7369 		.ascii	"unsigned char\000"
 227      676E6564 
 227      20636861 
 227      7200
 228              	.LASF1:
 229 005b 7369676E 		.ascii	"signed char\000"
 229      65642063 
 229      68617200 
 230              	.LASF13:
 231 0067 706F7274 		.ascii	"port_halt\000"
 231      5F68616C 
 231      7400
 232              	.LASF3:
 233 0071 73686F72 		.ascii	"short int\000"
 233      7420696E 
 233      7400
 234              	.LASF8:
 235 007b 6C6F6E67 		.ascii	"long long unsigned int\000"
 235      206C6F6E 
 235      6720756E 
 235      7369676E 
 235      65642069 
 236              	.LASF12:
 237 0092 2F686F6D 		.ascii	"/home/z80/projects/voltamper.git/firmware/voltamp\000"
 237      652F7A38 
 237      302F7072 
 237      6F6A6563 
 237      74732F76 
 238              	.LASF4:
 239 00c4 73686F72 		.ascii	"short unsigned int\000"
 239      7420756E 
 239      7369676E 
 239      65642069 
 239      6E7400
 240              	.LASF5:
 241 00d7 6C6F6E67 		.ascii	"long int\000"
 241      20696E74 
 241      00
 242              	.LASF10:
 243 00e0 474E5520 		.ascii	"GNU C 4.5.2\000"
ARM GAS  /tmp/ccqH5LDc.s 			page 6


 243      4320342E 
 243      352E3200 
 244              	.LASF9:
 245 00ec 63686172 		.ascii	"char\000"
 245      00
 246              	.LASF7:
 247 00f1 6C6F6E67 		.ascii	"long long int\000"
 247      206C6F6E 
 247      6720696E 
 247      7400
 248              		.ident	"GCC: (Sourcery G++ Lite 2011.03-42) 4.5.2"
ARM GAS  /tmp/ccqH5LDc.s 			page 7


DEFINED SYMBOLS
                            *ABS*:00000000 chcore.c
     /tmp/ccqH5LDc.s:24     .text.port_halt:00000000 $t
     /tmp/ccqH5LDc.s:30     .text.port_halt:00000000 port_halt
                     .debug_frame:00000010 $d

NO UNDEFINED SYMBOLS
