ARM GAS  /tmp/ccoEtZPz.s 			page 1


   1              		.syntax unified
   2              		.cpu cortex-m3
   3              		.fpu softvfp
   4              		.eabi_attribute 20, 1
   5              		.eabi_attribute 21, 1
   6              		.eabi_attribute 23, 3
   7              		.eabi_attribute 24, 1
   8              		.eabi_attribute 25, 1
   9              		.eabi_attribute 26, 1
  10              		.eabi_attribute 30, 2
  11              		.eabi_attribute 18, 4
  12              		.thumb
  13              		.file	"chdynamic.c"
  14              		.section	.debug_abbrev,"",%progbits
  15              	.Ldebug_abbrev0:
  16              		.section	.debug_info,"",%progbits
  17              	.Ldebug_info0:
  18              		.section	.debug_line,"",%progbits
  19              	.Ldebug_line0:
  20 0000 87020000 		.text
  20      0200D801 
  20      00000201 
  20      FB0E0D00 
  20      01010101 
  21              	.Ltext0:
  22              		.cfi_sections	.debug_frame
  23              		.section	.text.chThdAddRef,"ax",%progbits
  24              		.align	2
  25              		.p2align 4,,15
  26              		.global	chThdAddRef
  27              		.thumb
  28              		.thumb_func
  29              		.type	chThdAddRef, %function
  30              	chThdAddRef:
  31              	.LFB7:
  32              		.file 1 "../chibios_2.4.x/os/kernel/src/chdynamic.c"
  33              		.loc 1 52 0
  34              		.cfi_startproc
  35              		@ args = 0, pretend = 0, frame = 0
  36              		@ frame_needed = 0, uses_anonymous_args = 0
  37              	.LVL0:
  38 0000 10B5     		push	{r4, lr}
  39              	.LCFI0:
  40              		.cfi_def_cfa_offset 8
  41              	.LBB2:
  42              		.loc 1 54 0
  43 0002 2023     		movs	r3, #32
  44              	.LVL1:
  45              	.LBE2:
  46              		.loc 1 52 0
  47 0004 0446     		mov	r4, r0
  48              		.cfi_offset 14, -4
  49              		.cfi_offset 4, -8
  50              	.LBB3:
  51              		.loc 1 54 0
  52              	@ 54 "../chibios_2.4.x/os/kernel/src/chdynamic.c" 1
  53 0006 83F31188 		msr     BASEPRI, r3
ARM GAS  /tmp/ccoEtZPz.s 			page 2


  54              	@ 0 "" 2
  55              	.LVL2:
  56              		.thumb
  57              	.LBE3:
  58 000a FFF7FEFF 		bl	dbg_check_lock
  59              	.LVL3:
  60              		.loc 1 55 0
  61 000e 94F82230 		ldrb	r3, [r4, #34]	@ zero_extendqisi2
  62 0012 FF2B     		cmp	r3, #255
  63 0014 09D0     		beq	.L4
  64              		.loc 1 56 0
  65 0016 0133     		adds	r3, r3, #1
  66 0018 84F82230 		strb	r3, [r4, #34]
  67              		.loc 1 57 0
  68 001c FFF7FEFF 		bl	dbg_check_unlock
  69              	.LBB4:
  70 0020 0023     		movs	r3, #0
  71              	.LVL4:
  72              	@ 57 "../chibios_2.4.x/os/kernel/src/chdynamic.c" 1
  73 0022 83F31188 		msr     BASEPRI, r3
  74              	@ 0 "" 2
  75              	.LVL5:
  76              		.thumb
  77              	.LBE4:
  78              		.loc 1 59 0
  79 0026 2046     		mov	r0, r4
  80 0028 10BD     		pop	{r4, pc}
  81              	.LVL6:
  82              	.L4:
  83              		.loc 1 55 0 discriminator 1
  84 002a 0748     		ldr	r0, .L5
  85 002c FFF7FEFF 		bl	chDbgPanic
  86 0030 94F82230 		ldrb	r3, [r4, #34]	@ zero_extendqisi2
  87              		.loc 1 56 0 discriminator 1
  88 0034 0133     		adds	r3, r3, #1
  89 0036 84F82230 		strb	r3, [r4, #34]
  90              		.loc 1 57 0 discriminator 1
  91 003a FFF7FEFF 		bl	dbg_check_unlock
  92              	.LBB5:
  93 003e 0023     		movs	r3, #0
  94              	@ 57 "../chibios_2.4.x/os/kernel/src/chdynamic.c" 1
  95 0040 83F31188 		msr     BASEPRI, r3
  96              	@ 0 "" 2
  97              	.LVL7:
  98              		.thumb
  99              	.LBE5:
 100              		.loc 1 59 0 discriminator 1
 101 0044 2046     		mov	r0, r4
 102 0046 10BD     		pop	{r4, pc}
 103              	.L6:
 104              		.align	2
 105              	.L5:
 106 0048 00000000 		.word	.LC0
 107              		.cfi_endproc
 108              	.LFE7:
 109              		.size	chThdAddRef, .-chThdAddRef
 110 004c AFF30080 		.section	.text.chThdRelease,"ax",%progbits
ARM GAS  /tmp/ccoEtZPz.s 			page 3


 111              		.align	2
 112              		.p2align 4,,15
 113              		.global	chThdRelease
 114              		.thumb
 115              		.thumb_func
 116              		.type	chThdRelease, %function
 117              	chThdRelease:
 118              	.LFB8:
 119              		.loc 1 74 0
 120              		.cfi_startproc
 121              		@ args = 0, pretend = 0, frame = 0
 122              		@ frame_needed = 0, uses_anonymous_args = 0
 123              	.LVL8:
 124 0000 70B5     		push	{r4, r5, r6, lr}
 125              	.LCFI1:
 126              		.cfi_def_cfa_offset 16
 127              	.LBB6:
 128              		.loc 1 77 0
 129 0002 2023     		movs	r3, #32
 130              	.LVL9:
 131              	.LBE6:
 132              		.loc 1 74 0
 133 0004 0446     		mov	r4, r0
 134              		.cfi_offset 14, -4
 135              		.cfi_offset 6, -8
 136              		.cfi_offset 5, -12
 137              		.cfi_offset 4, -16
 138              	.LBB7:
 139              		.loc 1 77 0
 140              	@ 77 "../chibios_2.4.x/os/kernel/src/chdynamic.c" 1
 141 0006 83F31188 		msr     BASEPRI, r3
 142              	@ 0 "" 2
 143              	.LVL10:
 144              		.thumb
 145              	.LBE7:
 146 000a FFF7FEFF 		bl	dbg_check_lock
 147              	.LVL11:
 148              		.loc 1 78 0
 149 000e 94F82250 		ldrb	r5, [r4, #34]	@ zero_extendqisi2
 150 0012 002D     		cmp	r5, #0
 151 0014 21D0     		beq	.L12
 152              	.L8:
 153              		.loc 1 79 0
 154 0016 013D     		subs	r5, r5, #1
 155 0018 EDB2     		uxtb	r5, r5
 156 001a 84F82250 		strb	r5, [r4, #34]
 157              	.LVL12:
 158              		.loc 1 80 0
 159 001e FFF7FEFF 		bl	dbg_check_unlock
 160              	.LBB8:
 161 0022 0023     		movs	r3, #0
 162              	.LVL13:
 163              	@ 80 "../chibios_2.4.x/os/kernel/src/chdynamic.c" 1
 164 0024 83F31188 		msr     BASEPRI, r3
 165              	@ 0 "" 2
 166              	.LVL14:
 167              		.thumb
ARM GAS  /tmp/ccoEtZPz.s 			page 4


 168              	.LBE8:
 169              		.loc 1 85 0
 170 0028 1DB9     		cbnz	r5, .L7
 171              		.loc 1 85 0 is_stmt 0 discriminator 1
 172 002a 94F82030 		ldrb	r3, [r4, #32]	@ zero_extendqisi2
 173              	.LVL15:
 174 002e 0E2B     		cmp	r3, #14
 175 0030 00D0     		beq	.L13
 176              	.LVL16:
 177              	.L7:
 178 0032 70BD     		pop	{r4, r5, r6, pc}
 179              	.LVL17:
 180              	.L13:
 181              		.loc 1 86 0 is_stmt 1
 182 0034 94F82100 		ldrb	r0, [r4, #33]	@ zero_extendqisi2
 183 0038 00F00303 		and	r3, r0, #3
 184 003c 012B     		cmp	r3, #1
 185 003e 12D0     		beq	.L10
 186 0040 022B     		cmp	r3, #2
 187 0042 F6D1     		bne	.L7
 188              		.loc 1 98 0
 189 0044 6369     		ldr	r3, [r4, #20]
 190 0046 2169     		ldr	r1, [r4, #16]
 191              		.loc 1 100 0
 192 0048 A06C     		ldr	r0, [r4, #72]
 193              		.loc 1 98 0
 194 004a 1961     		str	r1, [r3, #16]
 195 004c 2269     		ldr	r2, [r4, #16]
 196              		.loc 1 100 0
 197 004e 2146     		mov	r1, r4
 198              		.loc 1 98 0
 199 0050 5361     		str	r3, [r2, #20]
 200              		.loc 1 105 0
 201 0052 BDE87040 		pop	{r4, r5, r6, lr}
 202              		.loc 1 100 0
 203 0056 FFF7FEBF 		b	chPoolFree
 204              	.LVL18:
 205              	.L12:
 206              		.loc 1 78 0 discriminator 1
 207 005a 0848     		ldr	r0, .L14
 208 005c FFF7FEFF 		bl	chDbgPanic
 209 0060 94F82250 		ldrb	r5, [r4, #34]	@ zero_extendqisi2
 210 0064 D7E7     		b	.L8
 211              	.LVL19:
 212              	.L10:
 213              		.loc 1 90 0
 214 0066 6169     		ldr	r1, [r4, #20]
 215 0068 2369     		ldr	r3, [r4, #16]
 216              		.loc 1 92 0
 217 006a 2046     		mov	r0, r4
 218              		.loc 1 90 0
 219 006c 0B61     		str	r3, [r1, #16]
 220 006e 2269     		ldr	r2, [r4, #16]
 221 0070 5161     		str	r1, [r2, #20]
 222              		.loc 1 105 0
 223 0072 BDE87040 		pop	{r4, r5, r6, lr}
 224              		.loc 1 92 0
ARM GAS  /tmp/ccoEtZPz.s 			page 5


 225 0076 FFF7FEBF 		b	chHeapFree
 226              	.L15:
 227 007a 00BF     		.align	2
 228              	.L14:
 229 007c 14000000 		.word	.LC1
 230              		.cfi_endproc
 231              	.LFE8:
 232              		.size	chThdRelease, .-chThdRelease
 233              		.section	.text.chThdCreateFromHeap,"ax",%progbits
 234              		.align	2
 235              		.p2align 4,,15
 236              		.global	chThdCreateFromHeap
 237              		.thumb
 238              		.thumb_func
 239              		.type	chThdCreateFromHeap, %function
 240              	chThdCreateFromHeap:
 241              	.LFB9:
 242              		.loc 1 131 0
 243              		.cfi_startproc
 244              		@ args = 4, pretend = 0, frame = 0
 245              		@ frame_needed = 0, uses_anonymous_args = 0
 246              	.LVL20:
 247 0000 2DE9F041 		push	{r4, r5, r6, r7, r8, lr}
 248              	.LCFI2:
 249              		.cfi_def_cfa_offset 24
 250 0004 82B0     		sub	sp, sp, #8
 251              	.LCFI3:
 252              		.cfi_def_cfa_offset 32
 253              		.loc 1 131 0
 254 0006 0D46     		mov	r5, r1
 255              		.cfi_offset 14, -4
 256              		.cfi_offset 8, -8
 257              		.cfi_offset 7, -12
 258              		.cfi_offset 6, -16
 259              		.cfi_offset 5, -20
 260              		.cfi_offset 4, -24
 261 0008 1646     		mov	r6, r2
 262 000a 1F46     		mov	r7, r3
 263              		.loc 1 135 0
 264 000c FFF7FEFF 		bl	chHeapAlloc
 265              	.LVL21:
 266              		.loc 1 136 0
 267 0010 0446     		mov	r4, r0
 268 0012 18B3     		cbz	r0, .L17
 269              		.loc 1 140 0
 270 0014 00F14C08 		add	r8, r0, #76
 271 0018 4146     		mov	r1, r8
 272 001a FF22     		movs	r2, #255
 273 001c FFF7FEFF 		bl	_thread_memfill
 274              	.LVL22:
 275              		.loc 1 143 0
 276 0020 4046     		mov	r0, r8
 277 0022 6119     		adds	r1, r4, r5
 278 0024 5522     		movs	r2, #85
 279 0026 FFF7FEFF 		bl	_thread_memfill
 280              	.LBB9:
 281              		.loc 1 148 0
ARM GAS  /tmp/ccoEtZPz.s 			page 6


 282 002a 2023     		movs	r3, #32
 283              	.LVL23:
 284              	@ 148 "../chibios_2.4.x/os/kernel/src/chdynamic.c" 1
 285 002c 83F31188 		msr     BASEPRI, r3
 286              	@ 0 "" 2
 287              	.LVL24:
 288              		.thumb
 289              	.LBE9:
 290 0030 FFF7FEFF 		bl	dbg_check_lock
 291              	.LVL25:
 292              		.loc 1 149 0
 293 0034 2046     		mov	r0, r4
 294 0036 089C     		ldr	r4, [sp, #32]
 295              	.LVL26:
 296 0038 3246     		mov	r2, r6
 297 003a 3B46     		mov	r3, r7
 298 003c 2946     		mov	r1, r5
 299 003e 0094     		str	r4, [sp, #0]
 300 0040 FFF7FEFF 		bl	chThdCreateI
 301              	.LVL27:
 302              		.loc 1 150 0
 303 0044 0123     		movs	r3, #1
 304 0046 80F82130 		strb	r3, [r0, #33]
 305              		.loc 1 151 0
 306 004a 0021     		movs	r1, #0
 307              		.loc 1 149 0
 308 004c 0446     		mov	r4, r0
 309              	.LVL28:
 310              		.loc 1 151 0
 311 004e FFF7FEFF 		bl	chSchWakeupS
 312              	.LVL29:
 313              		.loc 1 152 0
 314 0052 FFF7FEFF 		bl	dbg_check_unlock
 315              	.LBB10:
 316 0056 0023     		movs	r3, #0
 317              	.LVL30:
 318              	@ 152 "../chibios_2.4.x/os/kernel/src/chdynamic.c" 1
 319 0058 83F31188 		msr     BASEPRI, r3
 320              	@ 0 "" 2
 321              	.LVL31:
 322              		.thumb
 323              	.L17:
 324              	.LBE10:
 325              		.loc 1 154 0
 326 005c 2046     		mov	r0, r4
 327 005e 02B0     		add	sp, sp, #8
 328 0060 BDE8F081 		pop	{r4, r5, r6, r7, r8, pc}
 329              		.cfi_endproc
 330              	.LFE9:
 331              		.size	chThdCreateFromHeap, .-chThdCreateFromHeap
 332 0064 AFF30080 		.section	.text.chThdCreateFromMemoryPool,"ax",%progbits
 332      AFF30080 
 332      AFF30080 
 333              		.align	2
 334              		.p2align 4,,15
 335              		.global	chThdCreateFromMemoryPool
 336              		.thumb
ARM GAS  /tmp/ccoEtZPz.s 			page 7


 337              		.thumb_func
 338              		.type	chThdCreateFromMemoryPool, %function
 339              	chThdCreateFromMemoryPool:
 340              	.LFB10:
 341              		.loc 1 180 0
 342              		.cfi_startproc
 343              		@ args = 0, pretend = 0, frame = 0
 344              		@ frame_needed = 0, uses_anonymous_args = 0
 345              	.LVL32:
 346 0000 2DE9F043 		push	{r4, r5, r6, r7, r8, r9, lr}
 347              	.LCFI4:
 348              		.cfi_def_cfa_offset 28
 349              		.loc 1 184 0
 350 0004 0446     		mov	r4, r0
 351              		.cfi_offset 14, -4
 352              		.cfi_offset 9, -8
 353              		.cfi_offset 8, -12
 354              		.cfi_offset 7, -16
 355              		.cfi_offset 6, -20
 356              		.cfi_offset 5, -24
 357              		.cfi_offset 4, -28
 358              		.loc 1 180 0
 359 0006 83B0     		sub	sp, sp, #12
 360              	.LCFI5:
 361              		.cfi_def_cfa_offset 40
 362              		.loc 1 180 0
 363 0008 0E46     		mov	r6, r1
 364 000a 1746     		mov	r7, r2
 365 000c 9846     		mov	r8, r3
 366              		.loc 1 184 0
 367 000e 0028     		cmp	r0, #0
 368 0010 2ED0     		beq	.L23
 369              	.LVL33:
 370              	.L20:
 371              		.loc 1 186 0
 372 0012 2046     		mov	r0, r4
 373 0014 FFF7FEFF 		bl	chPoolAlloc
 374              	.LVL34:
 375              		.loc 1 187 0
 376 0018 0546     		mov	r5, r0
 377 001a 28B3     		cbz	r0, .L21
 378              		.loc 1 191 0
 379 001c 00F14C09 		add	r9, r0, #76
 380 0020 4946     		mov	r1, r9
 381 0022 FF22     		movs	r2, #255
 382 0024 FFF7FEFF 		bl	_thread_memfill
 383              	.LVL35:
 384              		.loc 1 194 0
 385 0028 6168     		ldr	r1, [r4, #4]
 386 002a 4846     		mov	r0, r9
 387 002c 6918     		adds	r1, r5, r1
 388 002e 5522     		movs	r2, #85
 389 0030 FFF7FEFF 		bl	_thread_memfill
 390              	.LBB11:
 391              		.loc 1 199 0
 392 0034 2023     		movs	r3, #32
 393              	.LVL36:
ARM GAS  /tmp/ccoEtZPz.s 			page 8


 394              	@ 199 "../chibios_2.4.x/os/kernel/src/chdynamic.c" 1
 395 0036 83F31188 		msr     BASEPRI, r3
 396              	@ 0 "" 2
 397              	.LVL37:
 398              		.thumb
 399              	.LBE11:
 400 003a FFF7FEFF 		bl	dbg_check_lock
 401              	.LVL38:
 402              		.loc 1 200 0
 403 003e 6168     		ldr	r1, [r4, #4]
 404 0040 3246     		mov	r2, r6
 405 0042 3B46     		mov	r3, r7
 406 0044 2846     		mov	r0, r5
 407 0046 CDF80080 		str	r8, [sp, #0]
 408 004a FFF7FEFF 		bl	chThdCreateI
 409              		.loc 1 201 0
 410 004e 0223     		movs	r3, #2
 411 0050 80F82130 		strb	r3, [r0, #33]
 412              		.loc 1 203 0
 413 0054 0021     		movs	r1, #0
 414              		.loc 1 202 0
 415 0056 8464     		str	r4, [r0, #72]
 416              		.loc 1 200 0
 417 0058 0546     		mov	r5, r0
 418              	.LVL39:
 419              		.loc 1 203 0
 420 005a FFF7FEFF 		bl	chSchWakeupS
 421              	.LVL40:
 422              		.loc 1 204 0
 423 005e FFF7FEFF 		bl	dbg_check_unlock
 424              	.LBB12:
 425 0062 0023     		movs	r3, #0
 426              	.LVL41:
 427              	@ 204 "../chibios_2.4.x/os/kernel/src/chdynamic.c" 1
 428 0064 83F31188 		msr     BASEPRI, r3
 429              	@ 0 "" 2
 430              	.LVL42:
 431              		.thumb
 432              	.L21:
 433              	.LBE12:
 434              		.loc 1 206 0
 435 0068 2846     		mov	r0, r5
 436 006a 03B0     		add	sp, sp, #12
 437 006c BDE8F083 		pop	{r4, r5, r6, r7, r8, r9, pc}
 438              	.LVL43:
 439              	.L23:
 440              		.loc 1 184 0 discriminator 1
 441 0070 0148     		ldr	r0, .L24
 442 0072 FFF7FEFF 		bl	chDbgPanic
 443 0076 CCE7     		b	.L20
 444              	.L25:
 445              		.align	2
 446              	.L24:
 447 0078 28000000 		.word	.LC2
 448              		.cfi_endproc
 449              	.LFE10:
 450              		.size	chThdCreateFromMemoryPool, .-chThdCreateFromMemoryPool
ARM GAS  /tmp/ccoEtZPz.s 			page 9


 451 007c AFF30080 		.section	.rodata.str1.4,"aMS",%progbits,1
 452              		.align	2
 453              	.LC0:
 454 0000 63685468 		.ascii	"chThdAddRef(), #1\000"
 454      64416464 
 454      52656628 
 454      292C2023 
 454      3100
 455 0012 0000     		.space	2
 456              	.LC1:
 457 0014 63685468 		.ascii	"chThdRelease(), #1\000"
 457      6452656C 
 457      65617365 
 457      28292C20 
 457      233100
 458 0027 00       		.space	1
 459              	.LC2:
 460 0028 22636854 		.ascii	"\"chThdCreateFromMemoryPool\"()\000"
 460      68644372 
 460      65617465 
 460      46726F6D 
 460      4D656D6F 
 461 0046 0000     		.text
 462              	.Letext0:
 463              		.section	.debug_loc,"",%progbits
 464              	.Ldebug_loc0:
 465              	.LLST0:
 466 0000 00000000 		.4byte	.LFB7
 467 0004 02000000 		.4byte	.LCFI0
 468 0008 0200     		.2byte	0x2
 469 000a 7D       		.byte	0x7d
 470 000b 00       		.sleb128 0
 471 000c 02000000 		.4byte	.LCFI0
 472 0010 4C000000 		.4byte	.LFE7
 473 0014 0200     		.2byte	0x2
 474 0016 7D       		.byte	0x7d
 475 0017 08       		.sleb128 8
 476 0018 00000000 		.4byte	0x0
 477 001c 00000000 		.4byte	0x0
 478              	.LLST1:
 479 0020 00000000 		.4byte	.LVL0
 480 0024 0D000000 		.4byte	.LVL3-1
 481 0028 0100     		.2byte	0x1
 482 002a 50       		.byte	0x50
 483 002b 0D000000 		.4byte	.LVL3-1
 484 002f 4C000000 		.4byte	.LFE7
 485 0033 0100     		.2byte	0x1
 486 0035 54       		.byte	0x54
 487 0036 00000000 		.4byte	0x0
 488 003a 00000000 		.4byte	0x0
 489              	.LLST2:
 490 003e 0A000000 		.4byte	.LVL2
 491 0042 0D000000 		.4byte	.LVL3-1
 492 0046 0100     		.2byte	0x1
 493 0048 53       		.byte	0x53
 494 0049 00000000 		.4byte	0x0
 495 004d 00000000 		.4byte	0x0
ARM GAS  /tmp/ccoEtZPz.s 			page 10


 496              	.LLST3:
 497 0051 26000000 		.4byte	.LVL5
 498 0055 2A000000 		.4byte	.LVL6
 499 0059 0100     		.2byte	0x1
 500 005b 53       		.byte	0x53
 501 005c 44000000 		.4byte	.LVL7
 502 0060 4C000000 		.4byte	.LFE7
 503 0064 0100     		.2byte	0x1
 504 0066 53       		.byte	0x53
 505 0067 00000000 		.4byte	0x0
 506 006b 00000000 		.4byte	0x0
 507              	.LLST4:
 508 006f 00000000 		.4byte	.LFB8
 509 0073 02000000 		.4byte	.LCFI1
 510 0077 0200     		.2byte	0x2
 511 0079 7D       		.byte	0x7d
 512 007a 00       		.sleb128 0
 513 007b 02000000 		.4byte	.LCFI1
 514 007f 80000000 		.4byte	.LFE8
 515 0083 0200     		.2byte	0x2
 516 0085 7D       		.byte	0x7d
 517 0086 10       		.sleb128 16
 518 0087 00000000 		.4byte	0x0
 519 008b 00000000 		.4byte	0x0
 520              	.LLST5:
 521 008f 00000000 		.4byte	.LVL8
 522 0093 0D000000 		.4byte	.LVL11-1
 523 0097 0100     		.2byte	0x1
 524 0099 50       		.byte	0x50
 525 009a 0D000000 		.4byte	.LVL11-1
 526 009e 80000000 		.4byte	.LFE8
 527 00a2 0100     		.2byte	0x1
 528 00a4 54       		.byte	0x54
 529 00a5 00000000 		.4byte	0x0
 530 00a9 00000000 		.4byte	0x0
 531              	.LLST6:
 532 00ad 1E000000 		.4byte	.LVL12
 533 00b1 5A000000 		.4byte	.LVL18
 534 00b5 0100     		.2byte	0x1
 535 00b7 55       		.byte	0x55
 536 00b8 66000000 		.4byte	.LVL19
 537 00bc 80000000 		.4byte	.LFE8
 538 00c0 0100     		.2byte	0x1
 539 00c2 55       		.byte	0x55
 540 00c3 00000000 		.4byte	0x0
 541 00c7 00000000 		.4byte	0x0
 542              	.LLST7:
 543 00cb 0A000000 		.4byte	.LVL10
 544 00cf 0D000000 		.4byte	.LVL11-1
 545 00d3 0100     		.2byte	0x1
 546 00d5 53       		.byte	0x53
 547 00d6 00000000 		.4byte	0x0
 548 00da 00000000 		.4byte	0x0
 549              	.LLST8:
 550 00de 28000000 		.4byte	.LVL14
 551 00e2 2E000000 		.4byte	.LVL15
 552 00e6 0100     		.2byte	0x1
ARM GAS  /tmp/ccoEtZPz.s 			page 11


 553 00e8 53       		.byte	0x53
 554 00e9 32000000 		.4byte	.LVL16
 555 00ed 34000000 		.4byte	.LVL17
 556 00f1 0100     		.2byte	0x1
 557 00f3 53       		.byte	0x53
 558 00f4 00000000 		.4byte	0x0
 559 00f8 00000000 		.4byte	0x0
 560              	.LLST9:
 561 00fc 00000000 		.4byte	.LFB9
 562 0100 04000000 		.4byte	.LCFI2
 563 0104 0200     		.2byte	0x2
 564 0106 7D       		.byte	0x7d
 565 0107 00       		.sleb128 0
 566 0108 04000000 		.4byte	.LCFI2
 567 010c 06000000 		.4byte	.LCFI3
 568 0110 0200     		.2byte	0x2
 569 0112 7D       		.byte	0x7d
 570 0113 18       		.sleb128 24
 571 0114 06000000 		.4byte	.LCFI3
 572 0118 64000000 		.4byte	.LFE9
 573 011c 0200     		.2byte	0x2
 574 011e 7D       		.byte	0x7d
 575 011f 20       		.sleb128 32
 576 0120 00000000 		.4byte	0x0
 577 0124 00000000 		.4byte	0x0
 578              	.LLST10:
 579 0128 00000000 		.4byte	.LVL20
 580 012c 0F000000 		.4byte	.LVL21-1
 581 0130 0100     		.2byte	0x1
 582 0132 50       		.byte	0x50
 583 0133 00000000 		.4byte	0x0
 584 0137 00000000 		.4byte	0x0
 585              	.LLST11:
 586 013b 00000000 		.4byte	.LVL20
 587 013f 0F000000 		.4byte	.LVL21-1
 588 0143 0100     		.2byte	0x1
 589 0145 51       		.byte	0x51
 590 0146 0F000000 		.4byte	.LVL21-1
 591 014a 64000000 		.4byte	.LFE9
 592 014e 0100     		.2byte	0x1
 593 0150 55       		.byte	0x55
 594 0151 00000000 		.4byte	0x0
 595 0155 00000000 		.4byte	0x0
 596              	.LLST12:
 597 0159 00000000 		.4byte	.LVL20
 598 015d 0F000000 		.4byte	.LVL21-1
 599 0161 0100     		.2byte	0x1
 600 0163 52       		.byte	0x52
 601 0164 0F000000 		.4byte	.LVL21-1
 602 0168 64000000 		.4byte	.LFE9
 603 016c 0100     		.2byte	0x1
 604 016e 56       		.byte	0x56
 605 016f 00000000 		.4byte	0x0
 606 0173 00000000 		.4byte	0x0
 607              	.LLST13:
 608 0177 00000000 		.4byte	.LVL20
 609 017b 0F000000 		.4byte	.LVL21-1
ARM GAS  /tmp/ccoEtZPz.s 			page 12


 610 017f 0100     		.2byte	0x1
 611 0181 53       		.byte	0x53
 612 0182 0F000000 		.4byte	.LVL21-1
 613 0186 64000000 		.4byte	.LFE9
 614 018a 0100     		.2byte	0x1
 615 018c 57       		.byte	0x57
 616 018d 00000000 		.4byte	0x0
 617 0191 00000000 		.4byte	0x0
 618              	.LLST14:
 619 0195 10000000 		.4byte	.LVL21
 620 0199 1F000000 		.4byte	.LVL22-1
 621 019d 0100     		.2byte	0x1
 622 019f 50       		.byte	0x50
 623 01a0 1F000000 		.4byte	.LVL22-1
 624 01a4 38000000 		.4byte	.LVL26
 625 01a8 0100     		.2byte	0x1
 626 01aa 54       		.byte	0x54
 627 01ab 38000000 		.4byte	.LVL26
 628 01af 43000000 		.4byte	.LVL27-1
 629 01b3 0100     		.2byte	0x1
 630 01b5 50       		.byte	0x50
 631 01b6 43000000 		.4byte	.LVL27-1
 632 01ba 5C000000 		.4byte	.LVL31
 633 01be 0400     		.2byte	0x4
 634 01c0 78       		.byte	0x78
 635 01c1 B47F     		.sleb128 -76
 636 01c3 9F       		.byte	0x9f
 637 01c4 00000000 		.4byte	0x0
 638 01c8 00000000 		.4byte	0x0
 639              	.LLST15:
 640 01cc 4E000000 		.4byte	.LVL28
 641 01d0 51000000 		.4byte	.LVL29-1
 642 01d4 0100     		.2byte	0x1
 643 01d6 50       		.byte	0x50
 644 01d7 51000000 		.4byte	.LVL29-1
 645 01db 5C000000 		.4byte	.LVL31
 646 01df 0100     		.2byte	0x1
 647 01e1 54       		.byte	0x54
 648 01e2 00000000 		.4byte	0x0
 649 01e6 00000000 		.4byte	0x0
 650              	.LLST16:
 651 01ea 30000000 		.4byte	.LVL24
 652 01ee 33000000 		.4byte	.LVL25-1
 653 01f2 0100     		.2byte	0x1
 654 01f4 53       		.byte	0x53
 655 01f5 00000000 		.4byte	0x0
 656 01f9 00000000 		.4byte	0x0
 657              	.LLST17:
 658 01fd 5C000000 		.4byte	.LVL31
 659 0201 64000000 		.4byte	.LFE9
 660 0205 0100     		.2byte	0x1
 661 0207 53       		.byte	0x53
 662 0208 00000000 		.4byte	0x0
 663 020c 00000000 		.4byte	0x0
 664              	.LLST18:
 665 0210 00000000 		.4byte	.LFB10
 666 0214 04000000 		.4byte	.LCFI4
ARM GAS  /tmp/ccoEtZPz.s 			page 13


 667 0218 0200     		.2byte	0x2
 668 021a 7D       		.byte	0x7d
 669 021b 00       		.sleb128 0
 670 021c 04000000 		.4byte	.LCFI4
 671 0220 08000000 		.4byte	.LCFI5
 672 0224 0200     		.2byte	0x2
 673 0226 7D       		.byte	0x7d
 674 0227 1C       		.sleb128 28
 675 0228 08000000 		.4byte	.LCFI5
 676 022c 7C000000 		.4byte	.LFE10
 677 0230 0200     		.2byte	0x2
 678 0232 7D       		.byte	0x7d
 679 0233 28       		.sleb128 40
 680 0234 00000000 		.4byte	0x0
 681 0238 00000000 		.4byte	0x0
 682              	.LLST19:
 683 023c 00000000 		.4byte	.LVL32
 684 0240 12000000 		.4byte	.LVL33
 685 0244 0100     		.2byte	0x1
 686 0246 50       		.byte	0x50
 687 0247 12000000 		.4byte	.LVL33
 688 024b 7C000000 		.4byte	.LFE10
 689 024f 0100     		.2byte	0x1
 690 0251 54       		.byte	0x54
 691 0252 00000000 		.4byte	0x0
 692 0256 00000000 		.4byte	0x0
 693              	.LLST20:
 694 025a 00000000 		.4byte	.LVL32
 695 025e 12000000 		.4byte	.LVL33
 696 0262 0100     		.2byte	0x1
 697 0264 51       		.byte	0x51
 698 0265 12000000 		.4byte	.LVL33
 699 0269 7C000000 		.4byte	.LFE10
 700 026d 0100     		.2byte	0x1
 701 026f 56       		.byte	0x56
 702 0270 00000000 		.4byte	0x0
 703 0274 00000000 		.4byte	0x0
 704              	.LLST21:
 705 0278 00000000 		.4byte	.LVL32
 706 027c 12000000 		.4byte	.LVL33
 707 0280 0100     		.2byte	0x1
 708 0282 52       		.byte	0x52
 709 0283 12000000 		.4byte	.LVL33
 710 0287 7C000000 		.4byte	.LFE10
 711 028b 0100     		.2byte	0x1
 712 028d 57       		.byte	0x57
 713 028e 00000000 		.4byte	0x0
 714 0292 00000000 		.4byte	0x0
 715              	.LLST22:
 716 0296 00000000 		.4byte	.LVL32
 717 029a 12000000 		.4byte	.LVL33
 718 029e 0100     		.2byte	0x1
 719 02a0 53       		.byte	0x53
 720 02a1 12000000 		.4byte	.LVL33
 721 02a5 7C000000 		.4byte	.LFE10
 722 02a9 0100     		.2byte	0x1
 723 02ab 58       		.byte	0x58
ARM GAS  /tmp/ccoEtZPz.s 			page 14


 724 02ac 00000000 		.4byte	0x0
 725 02b0 00000000 		.4byte	0x0
 726              	.LLST23:
 727 02b4 18000000 		.4byte	.LVL34
 728 02b8 27000000 		.4byte	.LVL35-1
 729 02bc 0100     		.2byte	0x1
 730 02be 50       		.byte	0x50
 731 02bf 27000000 		.4byte	.LVL35-1
 732 02c3 5A000000 		.4byte	.LVL39
 733 02c7 0100     		.2byte	0x1
 734 02c9 55       		.byte	0x55
 735 02ca 5A000000 		.4byte	.LVL39
 736 02ce 68000000 		.4byte	.LVL42
 737 02d2 0400     		.2byte	0x4
 738 02d4 79       		.byte	0x79
 739 02d5 B47F     		.sleb128 -76
 740 02d7 9F       		.byte	0x9f
 741 02d8 00000000 		.4byte	0x0
 742 02dc 00000000 		.4byte	0x0
 743              	.LLST24:
 744 02e0 5A000000 		.4byte	.LVL39
 745 02e4 5D000000 		.4byte	.LVL40-1
 746 02e8 0100     		.2byte	0x1
 747 02ea 50       		.byte	0x50
 748 02eb 5D000000 		.4byte	.LVL40-1
 749 02ef 68000000 		.4byte	.LVL42
 750 02f3 0100     		.2byte	0x1
 751 02f5 55       		.byte	0x55
 752 02f6 00000000 		.4byte	0x0
 753 02fa 00000000 		.4byte	0x0
 754              	.LLST25:
 755 02fe 3A000000 		.4byte	.LVL37
 756 0302 3D000000 		.4byte	.LVL38-1
 757 0306 0100     		.2byte	0x1
 758 0308 53       		.byte	0x53
 759 0309 00000000 		.4byte	0x0
 760 030d 00000000 		.4byte	0x0
 761              	.LLST26:
 762 0311 68000000 		.4byte	.LVL42
 763 0315 70000000 		.4byte	.LVL43
 764 0319 0100     		.2byte	0x1
 765 031b 53       		.byte	0x53
 766 031c 00000000 		.4byte	0x0
 767 0320 00000000 		.4byte	0x0
 768              		.file 2 "/home/z80/programs/code-sourcery/2011.03-42/bin/../lib/gcc/arm-none-eabi/4.5.2/include/st
 769              		.file 3 "/home/z80/programs/code-sourcery/2011.03-42/bin/../lib/gcc/arm-none-eabi/4.5.2/../../../.
 770              		.file 4 "../chibios_2.4.x/os/ports/GCC/ARMCMx/chtypes.h"
 771              		.file 5 "../chibios_2.4.x/os/kernel/include/chlists.h"
 772              		.file 6 "../chibios_2.4.x/os/kernel/include/chthreads.h"
 773              		.file 7 "../chibios_2.4.x/os/ports/GCC/ARMCMx/chcore_v7m.h"
 774              		.file 8 "../chibios_2.4.x/os/kernel/include/chmtx.h"
 775              		.file 9 "../chibios_2.4.x/os/kernel/include/chmemcore.h"
 776              		.file 10 "../chibios_2.4.x/os/kernel/include/chheap.h"
 777              		.file 11 "../chibios_2.4.x/os/kernel/include/chmempools.h"
 778              		.section	.debug_info
 779 0000 60070000 		.4byte	0x760
 780 0004 0200     		.2byte	0x2
ARM GAS  /tmp/ccoEtZPz.s 			page 15


 781 0006 00000000 		.4byte	.Ldebug_abbrev0
 782 000a 04       		.byte	0x4
 783 000b 01       		.uleb128 0x1
 784 000c 38030000 		.4byte	.LASF79
 785 0010 01       		.byte	0x1
 786 0011 0E000000 		.4byte	.LASF80
 787 0015 8C010000 		.4byte	.LASF81
 788 0019 00000000 		.4byte	0x0
 789 001d 00000000 		.4byte	0x0
 790 0021 48000000 		.4byte	.Ldebug_ranges0+0x48
 791 0025 00000000 		.4byte	.Ldebug_line0
 792 0029 02       		.uleb128 0x2
 793 002a 04       		.byte	0x4
 794 002b 05       		.byte	0x5
 795 002c 696E7400 		.ascii	"int\000"
 796 0030 03       		.uleb128 0x3
 797 0031 39000000 		.4byte	.LASF2
 798 0035 02       		.byte	0x2
 799 0036 D3       		.byte	0xd3
 800 0037 3B000000 		.4byte	0x3b
 801 003b 04       		.uleb128 0x4
 802 003c 04       		.byte	0x4
 803 003d 07       		.byte	0x7
 804 003e 47010000 		.4byte	.LASF0
 805 0042 04       		.uleb128 0x4
 806 0043 01       		.byte	0x1
 807 0044 06       		.byte	0x6
 808 0045 AF000000 		.4byte	.LASF1
 809 0049 03       		.uleb128 0x3
 810 004a 29030000 		.4byte	.LASF3
 811 004e 03       		.byte	0x3
 812 004f 2A       		.byte	0x2a
 813 0050 54000000 		.4byte	0x54
 814 0054 04       		.uleb128 0x4
 815 0055 01       		.byte	0x1
 816 0056 08       		.byte	0x8
 817 0057 58020000 		.4byte	.LASF4
 818 005b 04       		.uleb128 0x4
 819 005c 02       		.byte	0x2
 820 005d 05       		.byte	0x5
 821 005e 7B020000 		.4byte	.LASF5
 822 0062 04       		.uleb128 0x4
 823 0063 02       		.byte	0x2
 824 0064 07       		.byte	0x7
 825 0065 73010000 		.4byte	.LASF6
 826 0069 03       		.uleb128 0x3
 827 006a 50020000 		.4byte	.LASF7
 828 006e 03       		.byte	0x3
 829 006f 4F       		.byte	0x4f
 830 0070 74000000 		.4byte	0x74
 831 0074 04       		.uleb128 0x4
 832 0075 04       		.byte	0x4
 833 0076 05       		.byte	0x5
 834 0077 D1000000 		.4byte	.LASF8
 835 007b 03       		.uleb128 0x3
 836 007c CE020000 		.4byte	.LASF9
 837 0080 03       		.byte	0x3
ARM GAS  /tmp/ccoEtZPz.s 			page 16


 838 0081 50       		.byte	0x50
 839 0082 86000000 		.4byte	0x86
 840 0086 04       		.uleb128 0x4
 841 0087 04       		.byte	0x4
 842 0088 07       		.byte	0x7
 843 0089 54010000 		.4byte	.LASF10
 844 008d 04       		.uleb128 0x4
 845 008e 08       		.byte	0x8
 846 008f 05       		.byte	0x5
 847 0090 A1000000 		.4byte	.LASF11
 848 0094 03       		.uleb128 0x3
 849 0095 47000000 		.4byte	.LASF12
 850 0099 03       		.byte	0x3
 851 009a 78       		.byte	0x78
 852 009b 9F000000 		.4byte	0x9f
 853 009f 04       		.uleb128 0x4
 854 00a0 08       		.byte	0x8
 855 00a1 07       		.byte	0x7
 856 00a2 68000000 		.4byte	.LASF13
 857 00a6 03       		.uleb128 0x3
 858 00a7 BB010000 		.4byte	.LASF14
 859 00ab 04       		.byte	0x4
 860 00ac 2F       		.byte	0x2f
 861 00ad 49000000 		.4byte	0x49
 862 00b1 03       		.uleb128 0x3
 863 00b2 EE000000 		.4byte	.LASF15
 864 00b6 04       		.byte	0x4
 865 00b7 30       		.byte	0x30
 866 00b8 49000000 		.4byte	0x49
 867 00bc 03       		.uleb128 0x3
 868 00bd 34020000 		.4byte	.LASF16
 869 00c1 04       		.byte	0x4
 870 00c2 31       		.byte	0x31
 871 00c3 49000000 		.4byte	0x49
 872 00c7 03       		.uleb128 0x3
 873 00c8 48020000 		.4byte	.LASF17
 874 00cc 04       		.byte	0x4
 875 00cd 32       		.byte	0x32
 876 00ce 7B000000 		.4byte	0x7b
 877 00d2 03       		.uleb128 0x3
 878 00d3 86010000 		.4byte	.LASF18
 879 00d7 04       		.byte	0x4
 880 00d8 33       		.byte	0x33
 881 00d9 69000000 		.4byte	0x69
 882 00dd 03       		.uleb128 0x3
 883 00de CF010000 		.4byte	.LASF19
 884 00e2 04       		.byte	0x4
 885 00e3 35       		.byte	0x35
 886 00e4 7B000000 		.4byte	0x7b
 887 00e8 03       		.uleb128 0x3
 888 00e9 E8020000 		.4byte	.LASF20
 889 00ed 04       		.byte	0x4
 890 00ee 36       		.byte	0x36
 891 00ef 7B000000 		.4byte	0x7b
 892 00f3 03       		.uleb128 0x3
 893 00f4 BC020000 		.4byte	.LASF21
 894 00f8 05       		.byte	0x5
ARM GAS  /tmp/ccoEtZPz.s 			page 17


 895 00f9 2A       		.byte	0x2a
 896 00fa FE000000 		.4byte	0xfe
 897 00fe 05       		.uleb128 0x5
 898 00ff BC020000 		.4byte	.LASF21
 899 0103 4C       		.byte	0x4c
 900 0104 06       		.byte	0x6
 901 0105 5E       		.byte	0x5e
 902 0106 23020000 		.4byte	0x223
 903 010a 06       		.uleb128 0x6
 904 010b A0020000 		.4byte	.LASF22
 905 010f 06       		.byte	0x6
 906 0110 5F       		.byte	0x5f
 907 0111 48020000 		.4byte	0x248
 908 0115 02       		.byte	0x2
 909 0116 23       		.byte	0x23
 910 0117 00       		.uleb128 0x0
 911 0118 06       		.uleb128 0x6
 912 0119 41020000 		.4byte	.LASF23
 913 011d 06       		.byte	0x6
 914 011e 61       		.byte	0x61
 915 011f 48020000 		.4byte	0x248
 916 0123 02       		.byte	0x2
 917 0124 23       		.byte	0x23
 918 0125 04       		.uleb128 0x4
 919 0126 06       		.uleb128 0x6
 920 0127 9A000000 		.4byte	.LASF24
 921 012b 06       		.byte	0x6
 922 012c 63       		.byte	0x63
 923 012d C7000000 		.4byte	0xc7
 924 0131 02       		.byte	0x2
 925 0132 23       		.byte	0x23
 926 0133 08       		.uleb128 0x8
 927 0134 06       		.uleb128 0x6
 928 0135 53030000 		.4byte	.LASF25
 929 0139 06       		.byte	0x6
 930 013a 64       		.byte	0x64
 931 013b 20030000 		.4byte	0x320
 932 013f 02       		.byte	0x2
 933 0140 23       		.byte	0x23
 934 0141 0C       		.uleb128 0xc
 935 0142 06       		.uleb128 0x6
 936 0143 FF000000 		.4byte	.LASF26
 937 0147 06       		.byte	0x6
 938 0148 66       		.byte	0x66
 939 0149 48020000 		.4byte	0x248
 940 014d 02       		.byte	0x2
 941 014e 23       		.byte	0x23
 942 014f 10       		.uleb128 0x10
 943 0150 06       		.uleb128 0x6
 944 0151 F8010000 		.4byte	.LASF27
 945 0155 06       		.byte	0x6
 946 0156 67       		.byte	0x67
 947 0157 48020000 		.4byte	0x248
 948 015b 02       		.byte	0x2
 949 015c 23       		.byte	0x23
 950 015d 14       		.uleb128 0x14
 951 015e 06       		.uleb128 0x6
ARM GAS  /tmp/ccoEtZPz.s 			page 18


 952 015f 44030000 		.4byte	.LASF28
 953 0163 06       		.byte	0x6
 954 0164 6E       		.byte	0x6e
 955 0165 F6040000 		.4byte	0x4f6
 956 0169 02       		.byte	0x2
 957 016a 23       		.byte	0x23
 958 016b 18       		.uleb128 0x18
 959 016c 06       		.uleb128 0x6
 960 016d 3C010000 		.4byte	.LASF29
 961 0171 06       		.byte	0x6
 962 0172 74       		.byte	0x74
 963 0173 08050000 		.4byte	0x508
 964 0177 02       		.byte	0x2
 965 0178 23       		.byte	0x23
 966 0179 1C       		.uleb128 0x1c
 967 017a 06       		.uleb128 0x6
 968 017b 85020000 		.4byte	.LASF30
 969 017f 06       		.byte	0x6
 970 0180 79       		.byte	0x79
 971 0181 B1000000 		.4byte	0xb1
 972 0185 02       		.byte	0x2
 973 0186 23       		.byte	0x23
 974 0187 20       		.uleb128 0x20
 975 0188 06       		.uleb128 0x6
 976 0189 A7020000 		.4byte	.LASF31
 977 018d 06       		.byte	0x6
 978 018e 7D       		.byte	0x7d
 979 018f A6000000 		.4byte	0xa6
 980 0193 02       		.byte	0x2
 981 0194 23       		.byte	0x23
 982 0195 21       		.uleb128 0x21
 983 0196 06       		.uleb128 0x6
 984 0197 22030000 		.4byte	.LASF32
 985 019b 06       		.byte	0x6
 986 019c 82       		.byte	0x82
 987 019d BC000000 		.4byte	0xbc
 988 01a1 02       		.byte	0x2
 989 01a2 23       		.byte	0x23
 990 01a3 22       		.uleb128 0x22
 991 01a4 06       		.uleb128 0x6
 992 01a5 FD020000 		.4byte	.LASF33
 993 01a9 06       		.byte	0x6
 994 01aa 89       		.byte	0x89
 995 01ab 43030000 		.4byte	0x343
 996 01af 02       		.byte	0x2
 997 01b0 23       		.byte	0x23
 998 01b1 24       		.uleb128 0x24
 999 01b2 07       		.uleb128 0x7
 1000 01b3 705F7500 		.ascii	"p_u\000"
 1001 01b7 06       		.byte	0x6
 1002 01b8 AE       		.byte	0xae
 1003 01b9 C1040000 		.4byte	0x4c1
 1004 01bd 02       		.byte	0x2
 1005 01be 23       		.byte	0x23
 1006 01bf 28       		.uleb128 0x28
 1007 01c0 06       		.uleb128 0x6
 1008 01c1 59030000 		.4byte	.LASF34
ARM GAS  /tmp/ccoEtZPz.s 			page 19


 1009 01c5 06       		.byte	0x6
 1010 01c6 B3       		.byte	0xb3
 1011 01c7 70020000 		.4byte	0x270
 1012 01cb 02       		.byte	0x2
 1013 01cc 23       		.byte	0x23
 1014 01cd 2C       		.uleb128 0x2c
 1015 01ce 06       		.uleb128 0x6
 1016 01cf 0B030000 		.4byte	.LASF35
 1017 01d3 06       		.byte	0x6
 1018 01d4 B9       		.byte	0xb9
 1019 01d5 4E020000 		.4byte	0x24e
 1020 01d9 02       		.byte	0x2
 1021 01da 23       		.byte	0x23
 1022 01db 30       		.uleb128 0x30
 1023 01dc 06       		.uleb128 0x6
 1024 01dd 08000000 		.4byte	.LASF36
 1025 01e1 06       		.byte	0x6
 1026 01e2 BD       		.byte	0xbd
 1027 01e3 D2000000 		.4byte	0xd2
 1028 01e7 02       		.byte	0x2
 1029 01e8 23       		.byte	0x23
 1030 01e9 38       		.uleb128 0x38
 1031 01ea 06       		.uleb128 0x6
 1032 01eb C3020000 		.4byte	.LASF37
 1033 01ef 06       		.byte	0x6
 1034 01f0 C3       		.byte	0xc3
 1035 01f1 DD000000 		.4byte	0xdd
 1036 01f5 02       		.byte	0x2
 1037 01f6 23       		.byte	0x23
 1038 01f7 3C       		.uleb128 0x3c
 1039 01f8 06       		.uleb128 0x6
 1040 01f9 71020000 		.4byte	.LASF38
 1041 01fd 06       		.byte	0x6
 1042 01fe CA       		.byte	0xca
 1043 01ff 0E050000 		.4byte	0x50e
 1044 0203 02       		.byte	0x2
 1045 0204 23       		.byte	0x23
 1046 0205 40       		.uleb128 0x40
 1047 0206 06       		.uleb128 0x6
 1048 0207 F2020000 		.4byte	.LASF39
 1049 020b 06       		.byte	0x6
 1050 020c CE       		.byte	0xce
 1051 020d C7000000 		.4byte	0xc7
 1052 0211 02       		.byte	0x2
 1053 0212 23       		.byte	0x23
 1054 0213 44       		.uleb128 0x44
 1055 0214 06       		.uleb128 0x6
 1056 0215 C1000000 		.4byte	.LASF40
 1057 0219 06       		.byte	0x6
 1058 021a D4       		.byte	0xd4
 1059 021b 86020000 		.4byte	0x286
 1060 021f 02       		.byte	0x2
 1061 0220 23       		.byte	0x23
 1062 0221 48       		.uleb128 0x48
 1063 0222 00       		.byte	0x0
 1064 0223 08       		.uleb128 0x8
 1065 0224 08       		.byte	0x8
ARM GAS  /tmp/ccoEtZPz.s 			page 20


 1066 0225 05       		.byte	0x5
 1067 0226 61       		.byte	0x61
 1068 0227 48020000 		.4byte	0x248
 1069 022b 06       		.uleb128 0x6
 1070 022c A0020000 		.4byte	.LASF22
 1071 0230 05       		.byte	0x5
 1072 0231 62       		.byte	0x62
 1073 0232 48020000 		.4byte	0x248
 1074 0236 02       		.byte	0x2
 1075 0237 23       		.byte	0x23
 1076 0238 00       		.uleb128 0x0
 1077 0239 06       		.uleb128 0x6
 1078 023a 41020000 		.4byte	.LASF23
 1079 023e 05       		.byte	0x5
 1080 023f 64       		.byte	0x64
 1081 0240 48020000 		.4byte	0x248
 1082 0244 02       		.byte	0x2
 1083 0245 23       		.byte	0x23
 1084 0246 04       		.uleb128 0x4
 1085 0247 00       		.byte	0x0
 1086 0248 09       		.uleb128 0x9
 1087 0249 04       		.byte	0x4
 1088 024a F3000000 		.4byte	0xf3
 1089 024e 03       		.uleb128 0x3
 1090 024f 00020000 		.4byte	.LASF41
 1091 0253 05       		.byte	0x5
 1092 0254 66       		.byte	0x66
 1093 0255 23020000 		.4byte	0x223
 1094 0259 08       		.uleb128 0x8
 1095 025a 04       		.byte	0x4
 1096 025b 05       		.byte	0x5
 1097 025c 6B       		.byte	0x6b
 1098 025d 70020000 		.4byte	0x270
 1099 0261 06       		.uleb128 0x6
 1100 0262 A0020000 		.4byte	.LASF22
 1101 0266 05       		.byte	0x5
 1102 0267 6D       		.byte	0x6d
 1103 0268 48020000 		.4byte	0x248
 1104 026c 02       		.byte	0x2
 1105 026d 23       		.byte	0x23
 1106 026e 00       		.uleb128 0x0
 1107 026f 00       		.byte	0x0
 1108 0270 03       		.uleb128 0x3
 1109 0271 C3010000 		.4byte	.LASF42
 1110 0275 05       		.byte	0x5
 1111 0276 70       		.byte	0x70
 1112 0277 59020000 		.4byte	0x259
 1113 027b 03       		.uleb128 0x3
 1114 027c 2D010000 		.4byte	.LASF43
 1115 0280 07       		.byte	0x7
 1116 0281 D7       		.byte	0xd7
 1117 0282 86020000 		.4byte	0x286
 1118 0286 0A       		.uleb128 0xa
 1119 0287 04       		.byte	0x4
 1120 0288 03       		.uleb128 0x3
 1121 0289 ED010000 		.4byte	.LASF44
 1122 028d 07       		.byte	0x7
ARM GAS  /tmp/ccoEtZPz.s 			page 21


 1123 028e DD       		.byte	0xdd
 1124 028f 94000000 		.4byte	0x94
 1125 0293 05       		.uleb128 0x5
 1126 0294 04030000 		.4byte	.LASF45
 1127 0298 24       		.byte	0x24
 1128 0299 07       		.byte	0x7
 1129 029a FE       		.byte	0xfe
 1130 029b 20030000 		.4byte	0x320
 1131 029f 0B       		.uleb128 0xb
 1132 02a0 723400   		.ascii	"r4\000"
 1133 02a3 07       		.byte	0x7
 1134 02a4 1101     		.2byte	0x111
 1135 02a6 7B020000 		.4byte	0x27b
 1136 02aa 02       		.byte	0x2
 1137 02ab 23       		.byte	0x23
 1138 02ac 00       		.uleb128 0x0
 1139 02ad 0B       		.uleb128 0xb
 1140 02ae 723500   		.ascii	"r5\000"
 1141 02b1 07       		.byte	0x7
 1142 02b2 1201     		.2byte	0x112
 1143 02b4 7B020000 		.4byte	0x27b
 1144 02b8 02       		.byte	0x2
 1145 02b9 23       		.byte	0x23
 1146 02ba 04       		.uleb128 0x4
 1147 02bb 0B       		.uleb128 0xb
 1148 02bc 723600   		.ascii	"r6\000"
 1149 02bf 07       		.byte	0x7
 1150 02c0 1301     		.2byte	0x113
 1151 02c2 7B020000 		.4byte	0x27b
 1152 02c6 02       		.byte	0x2
 1153 02c7 23       		.byte	0x23
 1154 02c8 08       		.uleb128 0x8
 1155 02c9 0B       		.uleb128 0xb
 1156 02ca 723700   		.ascii	"r7\000"
 1157 02cd 07       		.byte	0x7
 1158 02ce 1401     		.2byte	0x114
 1159 02d0 7B020000 		.4byte	0x27b
 1160 02d4 02       		.byte	0x2
 1161 02d5 23       		.byte	0x23
 1162 02d6 0C       		.uleb128 0xc
 1163 02d7 0B       		.uleb128 0xb
 1164 02d8 723800   		.ascii	"r8\000"
 1165 02db 07       		.byte	0x7
 1166 02dc 1501     		.2byte	0x115
 1167 02de 7B020000 		.4byte	0x27b
 1168 02e2 02       		.byte	0x2
 1169 02e3 23       		.byte	0x23
 1170 02e4 10       		.uleb128 0x10
 1171 02e5 0B       		.uleb128 0xb
 1172 02e6 723900   		.ascii	"r9\000"
 1173 02e9 07       		.byte	0x7
 1174 02ea 1601     		.2byte	0x116
 1175 02ec 7B020000 		.4byte	0x27b
 1176 02f0 02       		.byte	0x2
 1177 02f1 23       		.byte	0x23
 1178 02f2 14       		.uleb128 0x14
 1179 02f3 0B       		.uleb128 0xb
ARM GAS  /tmp/ccoEtZPz.s 			page 22


 1180 02f4 72313000 		.ascii	"r10\000"
 1181 02f8 07       		.byte	0x7
 1182 02f9 1701     		.2byte	0x117
 1183 02fb 7B020000 		.4byte	0x27b
 1184 02ff 02       		.byte	0x2
 1185 0300 23       		.byte	0x23
 1186 0301 18       		.uleb128 0x18
 1187 0302 0B       		.uleb128 0xb
 1188 0303 72313100 		.ascii	"r11\000"
 1189 0307 07       		.byte	0x7
 1190 0308 1801     		.2byte	0x118
 1191 030a 7B020000 		.4byte	0x27b
 1192 030e 02       		.byte	0x2
 1193 030f 23       		.byte	0x23
 1194 0310 1C       		.uleb128 0x1c
 1195 0311 0B       		.uleb128 0xb
 1196 0312 6C7200   		.ascii	"lr\000"
 1197 0315 07       		.byte	0x7
 1198 0316 1901     		.2byte	0x119
 1199 0318 7B020000 		.4byte	0x27b
 1200 031c 02       		.byte	0x2
 1201 031d 23       		.byte	0x23
 1202 031e 20       		.uleb128 0x20
 1203 031f 00       		.byte	0x0
 1204 0320 0C       		.uleb128 0xc
 1205 0321 66010000 		.4byte	.LASF46
 1206 0325 04       		.byte	0x4
 1207 0326 07       		.byte	0x7
 1208 0327 2301     		.2byte	0x123
 1209 0329 3D030000 		.4byte	0x33d
 1210 032d 0B       		.uleb128 0xb
 1211 032e 72313300 		.ascii	"r13\000"
 1212 0332 07       		.byte	0x7
 1213 0333 2401     		.2byte	0x124
 1214 0335 3D030000 		.4byte	0x33d
 1215 0339 02       		.byte	0x2
 1216 033a 23       		.byte	0x23
 1217 033b 00       		.uleb128 0x0
 1218 033c 00       		.byte	0x0
 1219 033d 09       		.uleb128 0x9
 1220 033e 04       		.byte	0x4
 1221 033f 93020000 		.4byte	0x293
 1222 0343 0D       		.uleb128 0xd
 1223 0344 E8000000 		.4byte	0xe8
 1224 0348 05       		.uleb128 0x5
 1225 0349 DB010000 		.4byte	.LASF47
 1226 034d 10       		.byte	0x10
 1227 034e 08       		.byte	0x8
 1228 034f 2C       		.byte	0x2c
 1229 0350 7F030000 		.4byte	0x37f
 1230 0354 06       		.uleb128 0x6
 1231 0355 C9000000 		.4byte	.LASF48
 1232 0359 08       		.byte	0x8
 1233 035a 2D       		.byte	0x2d
 1234 035b 4E020000 		.4byte	0x24e
 1235 035f 02       		.byte	0x2
 1236 0360 23       		.byte	0x23
ARM GAS  /tmp/ccoEtZPz.s 			page 23


 1237 0361 00       		.uleb128 0x0
 1238 0362 06       		.uleb128 0x6
 1239 0363 4B030000 		.4byte	.LASF49
 1240 0367 08       		.byte	0x8
 1241 0368 2F       		.byte	0x2f
 1242 0369 48020000 		.4byte	0x248
 1243 036d 02       		.byte	0x2
 1244 036e 23       		.byte	0x23
 1245 036f 08       		.uleb128 0x8
 1246 0370 06       		.uleb128 0x6
 1247 0371 E1020000 		.4byte	.LASF50
 1248 0375 08       		.byte	0x8
 1249 0376 31       		.byte	0x31
 1250 0377 7F030000 		.4byte	0x37f
 1251 037b 02       		.byte	0x2
 1252 037c 23       		.byte	0x23
 1253 037d 0C       		.uleb128 0xc
 1254 037e 00       		.byte	0x0
 1255 037f 09       		.uleb128 0x9
 1256 0380 04       		.byte	0x4
 1257 0381 48030000 		.4byte	0x348
 1258 0385 03       		.uleb128 0x3
 1259 0386 DB010000 		.4byte	.LASF47
 1260 038a 08       		.byte	0x8
 1261 038b 33       		.byte	0x33
 1262 038c 48030000 		.4byte	0x348
 1263 0390 03       		.uleb128 0x3
 1264 0391 5B000000 		.4byte	.LASF51
 1265 0395 09       		.byte	0x9
 1266 0396 2C       		.byte	0x2c
 1267 0397 9B030000 		.4byte	0x39b
 1268 039b 09       		.uleb128 0x9
 1269 039c 04       		.byte	0x4
 1270 039d A1030000 		.4byte	0x3a1
 1271 03a1 0E       		.uleb128 0xe
 1272 03a2 01       		.byte	0x1
 1273 03a3 86020000 		.4byte	0x286
 1274 03a7 B1030000 		.4byte	0x3b1
 1275 03ab 0F       		.uleb128 0xf
 1276 03ac 30000000 		.4byte	0x30
 1277 03b0 00       		.byte	0x0
 1278 03b1 03       		.uleb128 0x3
 1279 03b2 21020000 		.4byte	.LASF52
 1280 03b6 0A       		.byte	0xa
 1281 03b7 34       		.byte	0x34
 1282 03b8 BC030000 		.4byte	0x3bc
 1283 03bc 05       		.uleb128 0x5
 1284 03bd 63030000 		.4byte	.LASF53
 1285 03c1 20       		.byte	0x20
 1286 03c2 0A       		.byte	0xa
 1287 03c3 47       		.byte	0x47
 1288 03c4 F3030000 		.4byte	0x3f3
 1289 03c8 06       		.uleb128 0x6
 1290 03c9 66020000 		.4byte	.LASF54
 1291 03cd 0A       		.byte	0xa
 1292 03ce 48       		.byte	0x48
 1293 03cf 90030000 		.4byte	0x390
ARM GAS  /tmp/ccoEtZPz.s 			page 24


 1294 03d3 02       		.byte	0x2
 1295 03d4 23       		.byte	0x23
 1296 03d5 00       		.uleb128 0x0
 1297 03d6 06       		.uleb128 0x6
 1298 03d7 88000000 		.4byte	.LASF55
 1299 03db 0A       		.byte	0xa
 1300 03dc 4A       		.byte	0x4a
 1301 03dd 12040000 		.4byte	0x412
 1302 03e1 02       		.byte	0x2
 1303 03e2 23       		.byte	0x23
 1304 03e3 08       		.uleb128 0x8
 1305 03e4 06       		.uleb128 0x6
 1306 03e5 BB000000 		.4byte	.LASF56
 1307 03e9 0A       		.byte	0xa
 1308 03ea 4C       		.byte	0x4c
 1309 03eb 85030000 		.4byte	0x385
 1310 03ef 02       		.byte	0x2
 1311 03f0 23       		.byte	0x23
 1312 03f1 10       		.uleb128 0x10
 1313 03f2 00       		.byte	0x0
 1314 03f3 10       		.uleb128 0x10
 1315 03f4 04       		.byte	0x4
 1316 03f5 0A       		.byte	0xa
 1317 03f6 3C       		.byte	0x3c
 1318 03f7 12040000 		.4byte	0x412
 1319 03fb 11       		.uleb128 0x11
 1320 03fc 95000000 		.4byte	.LASF57
 1321 0400 0A       		.byte	0xa
 1322 0401 3D       		.byte	0x3d
 1323 0402 33040000 		.4byte	0x433
 1324 0406 11       		.uleb128 0x11
 1325 0407 D7020000 		.4byte	.LASF58
 1326 040b 0A       		.byte	0xa
 1327 040c 3E       		.byte	0x3e
 1328 040d 39040000 		.4byte	0x439
 1329 0411 00       		.byte	0x0
 1330 0412 12       		.uleb128 0x12
 1331 0413 8D020000 		.4byte	.LASF82
 1332 0417 08       		.byte	0x8
 1333 0418 0A       		.byte	0xa
 1334 0419 39       		.byte	0x39
 1335 041a 33040000 		.4byte	0x433
 1336 041e 11       		.uleb128 0x11
 1337 041f 36010000 		.4byte	.LASF59
 1338 0423 0A       		.byte	0xa
 1339 0424 3A       		.byte	0x3a
 1340 0425 88020000 		.4byte	0x288
 1341 0429 13       		.uleb128 0x13
 1342 042a 6800     		.ascii	"h\000"
 1343 042c 0A       		.byte	0xa
 1344 042d 41       		.byte	0x41
 1345 042e 3F040000 		.4byte	0x43f
 1346 0432 00       		.byte	0x0
 1347 0433 09       		.uleb128 0x9
 1348 0434 04       		.byte	0x4
 1349 0435 12040000 		.4byte	0x412
 1350 0439 09       		.uleb128 0x9
ARM GAS  /tmp/ccoEtZPz.s 			page 25


 1351 043a 04       		.byte	0x4
 1352 043b B1030000 		.4byte	0x3b1
 1353 043f 08       		.uleb128 0x8
 1354 0440 08       		.byte	0x8
 1355 0441 0A       		.byte	0xa
 1356 0442 3B       		.byte	0x3b
 1357 0443 62040000 		.4byte	0x462
 1358 0447 07       		.uleb128 0x7
 1359 0448 7500     		.ascii	"u\000"
 1360 044a 0A       		.byte	0xa
 1361 044b 3F       		.byte	0x3f
 1362 044c F3030000 		.4byte	0x3f3
 1363 0450 02       		.byte	0x2
 1364 0451 23       		.byte	0x23
 1365 0452 00       		.uleb128 0x0
 1366 0453 06       		.uleb128 0x6
 1367 0454 6E010000 		.4byte	.LASF60
 1368 0458 0A       		.byte	0xa
 1369 0459 40       		.byte	0x40
 1370 045a 30000000 		.4byte	0x30
 1371 045e 02       		.byte	0x2
 1372 045f 23       		.byte	0x23
 1373 0460 04       		.uleb128 0x4
 1374 0461 00       		.byte	0x0
 1375 0462 05       		.uleb128 0x5
 1376 0463 16030000 		.4byte	.LASF61
 1377 0467 04       		.byte	0x4
 1378 0468 0B       		.byte	0xb
 1379 0469 2C       		.byte	0x2c
 1380 046a 7D040000 		.4byte	0x47d
 1381 046e 06       		.uleb128 0x6
 1382 046f 2C020000 		.4byte	.LASF62
 1383 0473 0B       		.byte	0xb
 1384 0474 2D       		.byte	0x2d
 1385 0475 7D040000 		.4byte	0x47d
 1386 0479 02       		.byte	0x2
 1387 047a 23       		.byte	0x23
 1388 047b 00       		.uleb128 0x0
 1389 047c 00       		.byte	0x0
 1390 047d 09       		.uleb128 0x9
 1391 047e 04       		.byte	0x4
 1392 047f 62040000 		.4byte	0x462
 1393 0483 08       		.uleb128 0x8
 1394 0484 0C       		.byte	0xc
 1395 0485 0B       		.byte	0xb
 1396 0486 34       		.byte	0x34
 1397 0487 B6040000 		.4byte	0x4b6
 1398 048b 06       		.uleb128 0x6
 1399 048c F7000000 		.4byte	.LASF63
 1400 0490 0B       		.byte	0xb
 1401 0491 35       		.byte	0x35
 1402 0492 7D040000 		.4byte	0x47d
 1403 0496 02       		.byte	0x2
 1404 0497 23       		.byte	0x23
 1405 0498 00       		.uleb128 0x0
 1406 0499 06       		.uleb128 0x6
 1407 049a 0D020000 		.4byte	.LASF64
ARM GAS  /tmp/ccoEtZPz.s 			page 26


 1408 049e 0B       		.byte	0xb
 1409 049f 36       		.byte	0x36
 1410 04a0 30000000 		.4byte	0x30
 1411 04a4 02       		.byte	0x2
 1412 04a5 23       		.byte	0x23
 1413 04a6 04       		.uleb128 0x4
 1414 04a7 06       		.uleb128 0x6
 1415 04a8 21010000 		.4byte	.LASF65
 1416 04ac 0B       		.byte	0xb
 1417 04ad 38       		.byte	0x38
 1418 04ae 90030000 		.4byte	0x390
 1419 04b2 02       		.byte	0x2
 1420 04b3 23       		.byte	0x23
 1421 04b4 08       		.uleb128 0x8
 1422 04b5 00       		.byte	0x0
 1423 04b6 03       		.uleb128 0x3
 1424 04b7 50000000 		.4byte	.LASF66
 1425 04bb 0B       		.byte	0xb
 1426 04bc 3A       		.byte	0x3a
 1427 04bd 83040000 		.4byte	0x483
 1428 04c1 10       		.uleb128 0x10
 1429 04c2 04       		.byte	0x4
 1430 04c3 06       		.byte	0x6
 1431 04c4 90       		.byte	0x90
 1432 04c5 F6040000 		.4byte	0x4f6
 1433 04c9 11       		.uleb128 0x11
 1434 04ca 40000000 		.4byte	.LASF67
 1435 04ce 06       		.byte	0x6
 1436 04cf 97       		.byte	0x97
 1437 04d0 D2000000 		.4byte	0xd2
 1438 04d4 11       		.uleb128 0x11
 1439 04d5 7F000000 		.4byte	.LASF68
 1440 04d9 06       		.byte	0x6
 1441 04da 9E       		.byte	0x9e
 1442 04db D2000000 		.4byte	0xd2
 1443 04df 11       		.uleb128 0x11
 1444 04e0 31030000 		.4byte	.LASF69
 1445 04e4 06       		.byte	0x6
 1446 04e5 A5       		.byte	0xa5
 1447 04e6 86020000 		.4byte	0x286
 1448 04ea 11       		.uleb128 0x11
 1449 04eb 99020000 		.4byte	.LASF70
 1450 04ef 06       		.byte	0x6
 1451 04f0 AC       		.byte	0xac
 1452 04f1 DD000000 		.4byte	0xdd
 1453 04f5 00       		.byte	0x0
 1454 04f6 09       		.uleb128 0x9
 1455 04f7 04       		.byte	0x4
 1456 04f8 FC040000 		.4byte	0x4fc
 1457 04fc 14       		.uleb128 0x14
 1458 04fd 01050000 		.4byte	0x501
 1459 0501 04       		.uleb128 0x4
 1460 0502 01       		.byte	0x1
 1461 0503 08       		.byte	0x8
 1462 0504 DC020000 		.4byte	.LASF71
 1463 0508 09       		.uleb128 0x9
 1464 0509 04       		.byte	0x4
ARM GAS  /tmp/ccoEtZPz.s 			page 27


 1465 050a 88020000 		.4byte	0x288
 1466 050e 09       		.uleb128 0x9
 1467 050f 04       		.byte	0x4
 1468 0510 85030000 		.4byte	0x385
 1469 0514 03       		.uleb128 0x3
 1470 0515 00000000 		.4byte	.LASF72
 1471 0519 06       		.byte	0x6
 1472 051a DF       		.byte	0xdf
 1473 051b 1F050000 		.4byte	0x51f
 1474 051f 09       		.uleb128 0x9
 1475 0520 04       		.byte	0x4
 1476 0521 25050000 		.4byte	0x525
 1477 0525 0E       		.uleb128 0xe
 1478 0526 01       		.byte	0x1
 1479 0527 D2000000 		.4byte	0xd2
 1480 052b 35050000 		.4byte	0x535
 1481 052f 0F       		.uleb128 0xf
 1482 0530 86020000 		.4byte	0x286
 1483 0534 00       		.byte	0x0
 1484 0535 15       		.uleb128 0x15
 1485 0536 01       		.byte	0x1
 1486 0537 E1010000 		.4byte	.LASF74
 1487 053b 01       		.byte	0x1
 1488 053c 34       		.byte	0x34
 1489 053d 01       		.byte	0x1
 1490 053e 48020000 		.4byte	0x248
 1491 0542 00000000 		.4byte	.LFB7
 1492 0546 4C000000 		.4byte	.LFE7
 1493 054a 00000000 		.4byte	.LLST0
 1494 054e 8F050000 		.4byte	0x58f
 1495 0552 16       		.uleb128 0x16
 1496 0553 747000   		.ascii	"tp\000"
 1497 0556 01       		.byte	0x1
 1498 0557 34       		.byte	0x34
 1499 0558 48020000 		.4byte	0x248
 1500 055c 20000000 		.4byte	.LLST1
 1501 0560 17       		.uleb128 0x17
 1502 0561 00000000 		.4byte	.Ldebug_ranges0+0x0
 1503 0565 79050000 		.4byte	0x579
 1504 0569 18       		.uleb128 0x18
 1505 056a 746D7000 		.ascii	"tmp\000"
 1506 056e 01       		.byte	0x1
 1507 056f 36       		.byte	0x36
 1508 0570 7B000000 		.4byte	0x7b
 1509 0574 3E000000 		.4byte	.LLST2
 1510 0578 00       		.byte	0x0
 1511 0579 19       		.uleb128 0x19
 1512 057a 18000000 		.4byte	.Ldebug_ranges0+0x18
 1513 057e 18       		.uleb128 0x18
 1514 057f 746D7000 		.ascii	"tmp\000"
 1515 0583 01       		.byte	0x1
 1516 0584 39       		.byte	0x39
 1517 0585 7B000000 		.4byte	0x7b
 1518 0589 51000000 		.4byte	.LLST3
 1519 058d 00       		.byte	0x0
 1520 058e 00       		.byte	0x0
 1521 058f 1A       		.uleb128 0x1a
ARM GAS  /tmp/ccoEtZPz.s 			page 28


 1522 0590 01       		.byte	0x1
 1523 0591 AF020000 		.4byte	.LASF83
 1524 0595 01       		.byte	0x1
 1525 0596 4A       		.byte	0x4a
 1526 0597 01       		.byte	0x1
 1527 0598 00000000 		.4byte	.LFB8
 1528 059c 80000000 		.4byte	.LFE8
 1529 05a0 6F000000 		.4byte	.LLST4
 1530 05a4 F8050000 		.4byte	0x5f8
 1531 05a8 16       		.uleb128 0x16
 1532 05a9 747000   		.ascii	"tp\000"
 1533 05ac 01       		.byte	0x1
 1534 05ad 4A       		.byte	0x4a
 1535 05ae 48020000 		.4byte	0x248
 1536 05b2 8F000000 		.4byte	.LLST5
 1537 05b6 1B       		.uleb128 0x1b
 1538 05b7 3C020000 		.4byte	.LASF73
 1539 05bb 01       		.byte	0x1
 1540 05bc 4B       		.byte	0x4b
 1541 05bd BC000000 		.4byte	0xbc
 1542 05c1 AD000000 		.4byte	.LLST6
 1543 05c5 17       		.uleb128 0x17
 1544 05c6 30000000 		.4byte	.Ldebug_ranges0+0x30
 1545 05ca DE050000 		.4byte	0x5de
 1546 05ce 18       		.uleb128 0x18
 1547 05cf 746D7000 		.ascii	"tmp\000"
 1548 05d3 01       		.byte	0x1
 1549 05d4 4D       		.byte	0x4d
 1550 05d5 7B000000 		.4byte	0x7b
 1551 05d9 CB000000 		.4byte	.LLST7
 1552 05dd 00       		.byte	0x0
 1553 05de 1C       		.uleb128 0x1c
 1554 05df 22000000 		.4byte	.LBB8
 1555 05e3 28000000 		.4byte	.LBE8
 1556 05e7 18       		.uleb128 0x18
 1557 05e8 746D7000 		.ascii	"tmp\000"
 1558 05ec 01       		.byte	0x1
 1559 05ed 50       		.byte	0x50
 1560 05ee 7B000000 		.4byte	0x7b
 1561 05f2 DE000000 		.4byte	.LLST8
 1562 05f6 00       		.byte	0x0
 1563 05f7 00       		.byte	0x0
 1564 05f8 15       		.uleb128 0x15
 1565 05f9 01       		.byte	0x1
 1566 05fa DA000000 		.4byte	.LASF75
 1567 05fe 01       		.byte	0x1
 1568 05ff 82       		.byte	0x82
 1569 0600 01       		.byte	0x1
 1570 0601 48020000 		.4byte	0x248
 1571 0605 00000000 		.4byte	.LFB9
 1572 0609 64000000 		.4byte	.LFE9
 1573 060d FC000000 		.4byte	.LLST9
 1574 0611 B2060000 		.4byte	0x6b2
 1575 0615 1D       		.uleb128 0x1d
 1576 0616 8F000000 		.4byte	.LASF76
 1577 061a 01       		.byte	0x1
 1578 061b 82       		.byte	0x82
ARM GAS  /tmp/ccoEtZPz.s 			page 29


 1579 061c 39040000 		.4byte	0x439
 1580 0620 28010000 		.4byte	.LLST10
 1581 0624 1D       		.uleb128 0x1d
 1582 0625 6E010000 		.4byte	.LASF60
 1583 0629 01       		.byte	0x1
 1584 062a 82       		.byte	0x82
 1585 062b 30000000 		.4byte	0x30
 1586 062f 3B010000 		.4byte	.LLST11
 1587 0633 1D       		.uleb128 0x1d
 1588 0634 1C020000 		.4byte	.LASF77
 1589 0638 01       		.byte	0x1
 1590 0639 83       		.byte	0x83
 1591 063a C7000000 		.4byte	0xc7
 1592 063e 59010000 		.4byte	.LLST12
 1593 0642 16       		.uleb128 0x16
 1594 0643 706600   		.ascii	"pf\000"
 1595 0646 01       		.byte	0x1
 1596 0647 83       		.byte	0x83
 1597 0648 14050000 		.4byte	0x514
 1598 064c 77010000 		.4byte	.LLST13
 1599 0650 1E       		.uleb128 0x1e
 1600 0651 61726700 		.ascii	"arg\000"
 1601 0655 01       		.byte	0x1
 1602 0656 83       		.byte	0x83
 1603 0657 86020000 		.4byte	0x286
 1604 065b 02       		.byte	0x2
 1605 065c 91       		.byte	0x91
 1606 065d 00       		.sleb128 0
 1607 065e 18       		.uleb128 0x18
 1608 065f 77737000 		.ascii	"wsp\000"
 1609 0663 01       		.byte	0x1
 1610 0664 84       		.byte	0x84
 1611 0665 86020000 		.4byte	0x286
 1612 0669 95010000 		.4byte	.LLST14
 1613 066d 18       		.uleb128 0x18
 1614 066e 747000   		.ascii	"tp\000"
 1615 0671 01       		.byte	0x1
 1616 0672 85       		.byte	0x85
 1617 0673 48020000 		.4byte	0x248
 1618 0677 CC010000 		.4byte	.LLST15
 1619 067b 1F       		.uleb128 0x1f
 1620 067c 2A000000 		.4byte	.LBB9
 1621 0680 30000000 		.4byte	.LBE9
 1622 0684 98060000 		.4byte	0x698
 1623 0688 18       		.uleb128 0x18
 1624 0689 746D7000 		.ascii	"tmp\000"
 1625 068d 01       		.byte	0x1
 1626 068e 94       		.byte	0x94
 1627 068f 7B000000 		.4byte	0x7b
 1628 0693 EA010000 		.4byte	.LLST16
 1629 0697 00       		.byte	0x0
 1630 0698 1C       		.uleb128 0x1c
 1631 0699 56000000 		.4byte	.LBB10
 1632 069d 5C000000 		.4byte	.LBE10
 1633 06a1 18       		.uleb128 0x18
 1634 06a2 746D7000 		.ascii	"tmp\000"
 1635 06a6 01       		.byte	0x1
ARM GAS  /tmp/ccoEtZPz.s 			page 30


 1636 06a7 98       		.byte	0x98
 1637 06a8 7B000000 		.4byte	0x7b
 1638 06ac FD010000 		.4byte	.LLST17
 1639 06b0 00       		.byte	0x0
 1640 06b1 00       		.byte	0x0
 1641 06b2 15       		.uleb128 0x15
 1642 06b3 01       		.byte	0x1
 1643 06b4 07010000 		.4byte	.LASF78
 1644 06b8 01       		.byte	0x1
 1645 06b9 B3       		.byte	0xb3
 1646 06ba 01       		.byte	0x1
 1647 06bb 48020000 		.4byte	0x248
 1648 06bf 00000000 		.4byte	.LFB10
 1649 06c3 7C000000 		.4byte	.LFE10
 1650 06c7 10020000 		.4byte	.LLST18
 1651 06cb 5D070000 		.4byte	0x75d
 1652 06cf 16       		.uleb128 0x16
 1653 06d0 6D7000   		.ascii	"mp\000"
 1654 06d3 01       		.byte	0x1
 1655 06d4 B3       		.byte	0xb3
 1656 06d5 5D070000 		.4byte	0x75d
 1657 06d9 3C020000 		.4byte	.LLST19
 1658 06dd 1D       		.uleb128 0x1d
 1659 06de 1C020000 		.4byte	.LASF77
 1660 06e2 01       		.byte	0x1
 1661 06e3 B3       		.byte	0xb3
 1662 06e4 C7000000 		.4byte	0xc7
 1663 06e8 5A020000 		.4byte	.LLST20
 1664 06ec 16       		.uleb128 0x16
 1665 06ed 706600   		.ascii	"pf\000"
 1666 06f0 01       		.byte	0x1
 1667 06f1 B4       		.byte	0xb4
 1668 06f2 14050000 		.4byte	0x514
 1669 06f6 78020000 		.4byte	.LLST21
 1670 06fa 16       		.uleb128 0x16
 1671 06fb 61726700 		.ascii	"arg\000"
 1672 06ff 01       		.byte	0x1
 1673 0700 B4       		.byte	0xb4
 1674 0701 86020000 		.4byte	0x286
 1675 0705 96020000 		.4byte	.LLST22
 1676 0709 18       		.uleb128 0x18
 1677 070a 77737000 		.ascii	"wsp\000"
 1678 070e 01       		.byte	0x1
 1679 070f B5       		.byte	0xb5
 1680 0710 86020000 		.4byte	0x286
 1681 0714 B4020000 		.4byte	.LLST23
 1682 0718 18       		.uleb128 0x18
 1683 0719 747000   		.ascii	"tp\000"
 1684 071c 01       		.byte	0x1
 1685 071d B6       		.byte	0xb6
 1686 071e 48020000 		.4byte	0x248
 1687 0722 E0020000 		.4byte	.LLST24
 1688 0726 1F       		.uleb128 0x1f
 1689 0727 34000000 		.4byte	.LBB11
 1690 072b 3A000000 		.4byte	.LBE11
 1691 072f 43070000 		.4byte	0x743
 1692 0733 18       		.uleb128 0x18
ARM GAS  /tmp/ccoEtZPz.s 			page 31


 1693 0734 746D7000 		.ascii	"tmp\000"
 1694 0738 01       		.byte	0x1
 1695 0739 C7       		.byte	0xc7
 1696 073a 7B000000 		.4byte	0x7b
 1697 073e FE020000 		.4byte	.LLST25
 1698 0742 00       		.byte	0x0
 1699 0743 1C       		.uleb128 0x1c
 1700 0744 62000000 		.4byte	.LBB12
 1701 0748 68000000 		.4byte	.LBE12
 1702 074c 18       		.uleb128 0x18
 1703 074d 746D7000 		.ascii	"tmp\000"
 1704 0751 01       		.byte	0x1
 1705 0752 CC       		.byte	0xcc
 1706 0753 7B000000 		.4byte	0x7b
 1707 0757 11030000 		.4byte	.LLST26
 1708 075b 00       		.byte	0x0
 1709 075c 00       		.byte	0x0
 1710 075d 09       		.uleb128 0x9
 1711 075e 04       		.byte	0x4
 1712 075f B6040000 		.4byte	0x4b6
 1713 0763 00       		.byte	0x0
 1714              		.section	.debug_abbrev
 1715 0000 01       		.uleb128 0x1
 1716 0001 11       		.uleb128 0x11
 1717 0002 01       		.byte	0x1
 1718 0003 25       		.uleb128 0x25
 1719 0004 0E       		.uleb128 0xe
 1720 0005 13       		.uleb128 0x13
 1721 0006 0B       		.uleb128 0xb
 1722 0007 03       		.uleb128 0x3
 1723 0008 0E       		.uleb128 0xe
 1724 0009 1B       		.uleb128 0x1b
 1725 000a 0E       		.uleb128 0xe
 1726 000b 11       		.uleb128 0x11
 1727 000c 01       		.uleb128 0x1
 1728 000d 52       		.uleb128 0x52
 1729 000e 01       		.uleb128 0x1
 1730 000f 55       		.uleb128 0x55
 1731 0010 06       		.uleb128 0x6
 1732 0011 10       		.uleb128 0x10
 1733 0012 06       		.uleb128 0x6
 1734 0013 00       		.byte	0x0
 1735 0014 00       		.byte	0x0
 1736 0015 02       		.uleb128 0x2
 1737 0016 24       		.uleb128 0x24
 1738 0017 00       		.byte	0x0
 1739 0018 0B       		.uleb128 0xb
 1740 0019 0B       		.uleb128 0xb
 1741 001a 3E       		.uleb128 0x3e
 1742 001b 0B       		.uleb128 0xb
 1743 001c 03       		.uleb128 0x3
 1744 001d 08       		.uleb128 0x8
 1745 001e 00       		.byte	0x0
 1746 001f 00       		.byte	0x0
 1747 0020 03       		.uleb128 0x3
 1748 0021 16       		.uleb128 0x16
 1749 0022 00       		.byte	0x0
ARM GAS  /tmp/ccoEtZPz.s 			page 32


 1750 0023 03       		.uleb128 0x3
 1751 0024 0E       		.uleb128 0xe
 1752 0025 3A       		.uleb128 0x3a
 1753 0026 0B       		.uleb128 0xb
 1754 0027 3B       		.uleb128 0x3b
 1755 0028 0B       		.uleb128 0xb
 1756 0029 49       		.uleb128 0x49
 1757 002a 13       		.uleb128 0x13
 1758 002b 00       		.byte	0x0
 1759 002c 00       		.byte	0x0
 1760 002d 04       		.uleb128 0x4
 1761 002e 24       		.uleb128 0x24
 1762 002f 00       		.byte	0x0
 1763 0030 0B       		.uleb128 0xb
 1764 0031 0B       		.uleb128 0xb
 1765 0032 3E       		.uleb128 0x3e
 1766 0033 0B       		.uleb128 0xb
 1767 0034 03       		.uleb128 0x3
 1768 0035 0E       		.uleb128 0xe
 1769 0036 00       		.byte	0x0
 1770 0037 00       		.byte	0x0
 1771 0038 05       		.uleb128 0x5
 1772 0039 13       		.uleb128 0x13
 1773 003a 01       		.byte	0x1
 1774 003b 03       		.uleb128 0x3
 1775 003c 0E       		.uleb128 0xe
 1776 003d 0B       		.uleb128 0xb
 1777 003e 0B       		.uleb128 0xb
 1778 003f 3A       		.uleb128 0x3a
 1779 0040 0B       		.uleb128 0xb
 1780 0041 3B       		.uleb128 0x3b
 1781 0042 0B       		.uleb128 0xb
 1782 0043 01       		.uleb128 0x1
 1783 0044 13       		.uleb128 0x13
 1784 0045 00       		.byte	0x0
 1785 0046 00       		.byte	0x0
 1786 0047 06       		.uleb128 0x6
 1787 0048 0D       		.uleb128 0xd
 1788 0049 00       		.byte	0x0
 1789 004a 03       		.uleb128 0x3
 1790 004b 0E       		.uleb128 0xe
 1791 004c 3A       		.uleb128 0x3a
 1792 004d 0B       		.uleb128 0xb
 1793 004e 3B       		.uleb128 0x3b
 1794 004f 0B       		.uleb128 0xb
 1795 0050 49       		.uleb128 0x49
 1796 0051 13       		.uleb128 0x13
 1797 0052 38       		.uleb128 0x38
 1798 0053 0A       		.uleb128 0xa
 1799 0054 00       		.byte	0x0
 1800 0055 00       		.byte	0x0
 1801 0056 07       		.uleb128 0x7
 1802 0057 0D       		.uleb128 0xd
 1803 0058 00       		.byte	0x0
 1804 0059 03       		.uleb128 0x3
 1805 005a 08       		.uleb128 0x8
 1806 005b 3A       		.uleb128 0x3a
ARM GAS  /tmp/ccoEtZPz.s 			page 33


 1807 005c 0B       		.uleb128 0xb
 1808 005d 3B       		.uleb128 0x3b
 1809 005e 0B       		.uleb128 0xb
 1810 005f 49       		.uleb128 0x49
 1811 0060 13       		.uleb128 0x13
 1812 0061 38       		.uleb128 0x38
 1813 0062 0A       		.uleb128 0xa
 1814 0063 00       		.byte	0x0
 1815 0064 00       		.byte	0x0
 1816 0065 08       		.uleb128 0x8
 1817 0066 13       		.uleb128 0x13
 1818 0067 01       		.byte	0x1
 1819 0068 0B       		.uleb128 0xb
 1820 0069 0B       		.uleb128 0xb
 1821 006a 3A       		.uleb128 0x3a
 1822 006b 0B       		.uleb128 0xb
 1823 006c 3B       		.uleb128 0x3b
 1824 006d 0B       		.uleb128 0xb
 1825 006e 01       		.uleb128 0x1
 1826 006f 13       		.uleb128 0x13
 1827 0070 00       		.byte	0x0
 1828 0071 00       		.byte	0x0
 1829 0072 09       		.uleb128 0x9
 1830 0073 0F       		.uleb128 0xf
 1831 0074 00       		.byte	0x0
 1832 0075 0B       		.uleb128 0xb
 1833 0076 0B       		.uleb128 0xb
 1834 0077 49       		.uleb128 0x49
 1835 0078 13       		.uleb128 0x13
 1836 0079 00       		.byte	0x0
 1837 007a 00       		.byte	0x0
 1838 007b 0A       		.uleb128 0xa
 1839 007c 0F       		.uleb128 0xf
 1840 007d 00       		.byte	0x0
 1841 007e 0B       		.uleb128 0xb
 1842 007f 0B       		.uleb128 0xb
 1843 0080 00       		.byte	0x0
 1844 0081 00       		.byte	0x0
 1845 0082 0B       		.uleb128 0xb
 1846 0083 0D       		.uleb128 0xd
 1847 0084 00       		.byte	0x0
 1848 0085 03       		.uleb128 0x3
 1849 0086 08       		.uleb128 0x8
 1850 0087 3A       		.uleb128 0x3a
 1851 0088 0B       		.uleb128 0xb
 1852 0089 3B       		.uleb128 0x3b
 1853 008a 05       		.uleb128 0x5
 1854 008b 49       		.uleb128 0x49
 1855 008c 13       		.uleb128 0x13
 1856 008d 38       		.uleb128 0x38
 1857 008e 0A       		.uleb128 0xa
 1858 008f 00       		.byte	0x0
 1859 0090 00       		.byte	0x0
 1860 0091 0C       		.uleb128 0xc
 1861 0092 13       		.uleb128 0x13
 1862 0093 01       		.byte	0x1
 1863 0094 03       		.uleb128 0x3
ARM GAS  /tmp/ccoEtZPz.s 			page 34


 1864 0095 0E       		.uleb128 0xe
 1865 0096 0B       		.uleb128 0xb
 1866 0097 0B       		.uleb128 0xb
 1867 0098 3A       		.uleb128 0x3a
 1868 0099 0B       		.uleb128 0xb
 1869 009a 3B       		.uleb128 0x3b
 1870 009b 05       		.uleb128 0x5
 1871 009c 01       		.uleb128 0x1
 1872 009d 13       		.uleb128 0x13
 1873 009e 00       		.byte	0x0
 1874 009f 00       		.byte	0x0
 1875 00a0 0D       		.uleb128 0xd
 1876 00a1 35       		.uleb128 0x35
 1877 00a2 00       		.byte	0x0
 1878 00a3 49       		.uleb128 0x49
 1879 00a4 13       		.uleb128 0x13
 1880 00a5 00       		.byte	0x0
 1881 00a6 00       		.byte	0x0
 1882 00a7 0E       		.uleb128 0xe
 1883 00a8 15       		.uleb128 0x15
 1884 00a9 01       		.byte	0x1
 1885 00aa 27       		.uleb128 0x27
 1886 00ab 0C       		.uleb128 0xc
 1887 00ac 49       		.uleb128 0x49
 1888 00ad 13       		.uleb128 0x13
 1889 00ae 01       		.uleb128 0x1
 1890 00af 13       		.uleb128 0x13
 1891 00b0 00       		.byte	0x0
 1892 00b1 00       		.byte	0x0
 1893 00b2 0F       		.uleb128 0xf
 1894 00b3 05       		.uleb128 0x5
 1895 00b4 00       		.byte	0x0
 1896 00b5 49       		.uleb128 0x49
 1897 00b6 13       		.uleb128 0x13
 1898 00b7 00       		.byte	0x0
 1899 00b8 00       		.byte	0x0
 1900 00b9 10       		.uleb128 0x10
 1901 00ba 17       		.uleb128 0x17
 1902 00bb 01       		.byte	0x1
 1903 00bc 0B       		.uleb128 0xb
 1904 00bd 0B       		.uleb128 0xb
 1905 00be 3A       		.uleb128 0x3a
 1906 00bf 0B       		.uleb128 0xb
 1907 00c0 3B       		.uleb128 0x3b
 1908 00c1 0B       		.uleb128 0xb
 1909 00c2 01       		.uleb128 0x1
 1910 00c3 13       		.uleb128 0x13
 1911 00c4 00       		.byte	0x0
 1912 00c5 00       		.byte	0x0
 1913 00c6 11       		.uleb128 0x11
 1914 00c7 0D       		.uleb128 0xd
 1915 00c8 00       		.byte	0x0
 1916 00c9 03       		.uleb128 0x3
 1917 00ca 0E       		.uleb128 0xe
 1918 00cb 3A       		.uleb128 0x3a
 1919 00cc 0B       		.uleb128 0xb
 1920 00cd 3B       		.uleb128 0x3b
ARM GAS  /tmp/ccoEtZPz.s 			page 35


 1921 00ce 0B       		.uleb128 0xb
 1922 00cf 49       		.uleb128 0x49
 1923 00d0 13       		.uleb128 0x13
 1924 00d1 00       		.byte	0x0
 1925 00d2 00       		.byte	0x0
 1926 00d3 12       		.uleb128 0x12
 1927 00d4 17       		.uleb128 0x17
 1928 00d5 01       		.byte	0x1
 1929 00d6 03       		.uleb128 0x3
 1930 00d7 0E       		.uleb128 0xe
 1931 00d8 0B       		.uleb128 0xb
 1932 00d9 0B       		.uleb128 0xb
 1933 00da 3A       		.uleb128 0x3a
 1934 00db 0B       		.uleb128 0xb
 1935 00dc 3B       		.uleb128 0x3b
 1936 00dd 0B       		.uleb128 0xb
 1937 00de 01       		.uleb128 0x1
 1938 00df 13       		.uleb128 0x13
 1939 00e0 00       		.byte	0x0
 1940 00e1 00       		.byte	0x0
 1941 00e2 13       		.uleb128 0x13
 1942 00e3 0D       		.uleb128 0xd
 1943 00e4 00       		.byte	0x0
 1944 00e5 03       		.uleb128 0x3
 1945 00e6 08       		.uleb128 0x8
 1946 00e7 3A       		.uleb128 0x3a
 1947 00e8 0B       		.uleb128 0xb
 1948 00e9 3B       		.uleb128 0x3b
 1949 00ea 0B       		.uleb128 0xb
 1950 00eb 49       		.uleb128 0x49
 1951 00ec 13       		.uleb128 0x13
 1952 00ed 00       		.byte	0x0
 1953 00ee 00       		.byte	0x0
 1954 00ef 14       		.uleb128 0x14
 1955 00f0 26       		.uleb128 0x26
 1956 00f1 00       		.byte	0x0
 1957 00f2 49       		.uleb128 0x49
 1958 00f3 13       		.uleb128 0x13
 1959 00f4 00       		.byte	0x0
 1960 00f5 00       		.byte	0x0
 1961 00f6 15       		.uleb128 0x15
 1962 00f7 2E       		.uleb128 0x2e
 1963 00f8 01       		.byte	0x1
 1964 00f9 3F       		.uleb128 0x3f
 1965 00fa 0C       		.uleb128 0xc
 1966 00fb 03       		.uleb128 0x3
 1967 00fc 0E       		.uleb128 0xe
 1968 00fd 3A       		.uleb128 0x3a
 1969 00fe 0B       		.uleb128 0xb
 1970 00ff 3B       		.uleb128 0x3b
 1971 0100 0B       		.uleb128 0xb
 1972 0101 27       		.uleb128 0x27
 1973 0102 0C       		.uleb128 0xc
 1974 0103 49       		.uleb128 0x49
 1975 0104 13       		.uleb128 0x13
 1976 0105 11       		.uleb128 0x11
 1977 0106 01       		.uleb128 0x1
ARM GAS  /tmp/ccoEtZPz.s 			page 36


 1978 0107 12       		.uleb128 0x12
 1979 0108 01       		.uleb128 0x1
 1980 0109 40       		.uleb128 0x40
 1981 010a 06       		.uleb128 0x6
 1982 010b 01       		.uleb128 0x1
 1983 010c 13       		.uleb128 0x13
 1984 010d 00       		.byte	0x0
 1985 010e 00       		.byte	0x0
 1986 010f 16       		.uleb128 0x16
 1987 0110 05       		.uleb128 0x5
 1988 0111 00       		.byte	0x0
 1989 0112 03       		.uleb128 0x3
 1990 0113 08       		.uleb128 0x8
 1991 0114 3A       		.uleb128 0x3a
 1992 0115 0B       		.uleb128 0xb
 1993 0116 3B       		.uleb128 0x3b
 1994 0117 0B       		.uleb128 0xb
 1995 0118 49       		.uleb128 0x49
 1996 0119 13       		.uleb128 0x13
 1997 011a 02       		.uleb128 0x2
 1998 011b 06       		.uleb128 0x6
 1999 011c 00       		.byte	0x0
 2000 011d 00       		.byte	0x0
 2001 011e 17       		.uleb128 0x17
 2002 011f 0B       		.uleb128 0xb
 2003 0120 01       		.byte	0x1
 2004 0121 55       		.uleb128 0x55
 2005 0122 06       		.uleb128 0x6
 2006 0123 01       		.uleb128 0x1
 2007 0124 13       		.uleb128 0x13
 2008 0125 00       		.byte	0x0
 2009 0126 00       		.byte	0x0
 2010 0127 18       		.uleb128 0x18
 2011 0128 34       		.uleb128 0x34
 2012 0129 00       		.byte	0x0
 2013 012a 03       		.uleb128 0x3
 2014 012b 08       		.uleb128 0x8
 2015 012c 3A       		.uleb128 0x3a
 2016 012d 0B       		.uleb128 0xb
 2017 012e 3B       		.uleb128 0x3b
 2018 012f 0B       		.uleb128 0xb
 2019 0130 49       		.uleb128 0x49
 2020 0131 13       		.uleb128 0x13
 2021 0132 02       		.uleb128 0x2
 2022 0133 06       		.uleb128 0x6
 2023 0134 00       		.byte	0x0
 2024 0135 00       		.byte	0x0
 2025 0136 19       		.uleb128 0x19
 2026 0137 0B       		.uleb128 0xb
 2027 0138 01       		.byte	0x1
 2028 0139 55       		.uleb128 0x55
 2029 013a 06       		.uleb128 0x6
 2030 013b 00       		.byte	0x0
 2031 013c 00       		.byte	0x0
 2032 013d 1A       		.uleb128 0x1a
 2033 013e 2E       		.uleb128 0x2e
 2034 013f 01       		.byte	0x1
ARM GAS  /tmp/ccoEtZPz.s 			page 37


 2035 0140 3F       		.uleb128 0x3f
 2036 0141 0C       		.uleb128 0xc
 2037 0142 03       		.uleb128 0x3
 2038 0143 0E       		.uleb128 0xe
 2039 0144 3A       		.uleb128 0x3a
 2040 0145 0B       		.uleb128 0xb
 2041 0146 3B       		.uleb128 0x3b
 2042 0147 0B       		.uleb128 0xb
 2043 0148 27       		.uleb128 0x27
 2044 0149 0C       		.uleb128 0xc
 2045 014a 11       		.uleb128 0x11
 2046 014b 01       		.uleb128 0x1
 2047 014c 12       		.uleb128 0x12
 2048 014d 01       		.uleb128 0x1
 2049 014e 40       		.uleb128 0x40
 2050 014f 06       		.uleb128 0x6
 2051 0150 01       		.uleb128 0x1
 2052 0151 13       		.uleb128 0x13
 2053 0152 00       		.byte	0x0
 2054 0153 00       		.byte	0x0
 2055 0154 1B       		.uleb128 0x1b
 2056 0155 34       		.uleb128 0x34
 2057 0156 00       		.byte	0x0
 2058 0157 03       		.uleb128 0x3
 2059 0158 0E       		.uleb128 0xe
 2060 0159 3A       		.uleb128 0x3a
 2061 015a 0B       		.uleb128 0xb
 2062 015b 3B       		.uleb128 0x3b
 2063 015c 0B       		.uleb128 0xb
 2064 015d 49       		.uleb128 0x49
 2065 015e 13       		.uleb128 0x13
 2066 015f 02       		.uleb128 0x2
 2067 0160 06       		.uleb128 0x6
 2068 0161 00       		.byte	0x0
 2069 0162 00       		.byte	0x0
 2070 0163 1C       		.uleb128 0x1c
 2071 0164 0B       		.uleb128 0xb
 2072 0165 01       		.byte	0x1
 2073 0166 11       		.uleb128 0x11
 2074 0167 01       		.uleb128 0x1
 2075 0168 12       		.uleb128 0x12
 2076 0169 01       		.uleb128 0x1
 2077 016a 00       		.byte	0x0
 2078 016b 00       		.byte	0x0
 2079 016c 1D       		.uleb128 0x1d
 2080 016d 05       		.uleb128 0x5
 2081 016e 00       		.byte	0x0
 2082 016f 03       		.uleb128 0x3
 2083 0170 0E       		.uleb128 0xe
 2084 0171 3A       		.uleb128 0x3a
 2085 0172 0B       		.uleb128 0xb
 2086 0173 3B       		.uleb128 0x3b
 2087 0174 0B       		.uleb128 0xb
 2088 0175 49       		.uleb128 0x49
 2089 0176 13       		.uleb128 0x13
 2090 0177 02       		.uleb128 0x2
 2091 0178 06       		.uleb128 0x6
ARM GAS  /tmp/ccoEtZPz.s 			page 38


 2092 0179 00       		.byte	0x0
 2093 017a 00       		.byte	0x0
 2094 017b 1E       		.uleb128 0x1e
 2095 017c 05       		.uleb128 0x5
 2096 017d 00       		.byte	0x0
 2097 017e 03       		.uleb128 0x3
 2098 017f 08       		.uleb128 0x8
 2099 0180 3A       		.uleb128 0x3a
 2100 0181 0B       		.uleb128 0xb
 2101 0182 3B       		.uleb128 0x3b
 2102 0183 0B       		.uleb128 0xb
 2103 0184 49       		.uleb128 0x49
 2104 0185 13       		.uleb128 0x13
 2105 0186 02       		.uleb128 0x2
 2106 0187 0A       		.uleb128 0xa
 2107 0188 00       		.byte	0x0
 2108 0189 00       		.byte	0x0
 2109 018a 1F       		.uleb128 0x1f
 2110 018b 0B       		.uleb128 0xb
 2111 018c 01       		.byte	0x1
 2112 018d 11       		.uleb128 0x11
 2113 018e 01       		.uleb128 0x1
 2114 018f 12       		.uleb128 0x12
 2115 0190 01       		.uleb128 0x1
 2116 0191 01       		.uleb128 0x1
 2117 0192 13       		.uleb128 0x13
 2118 0193 00       		.byte	0x0
 2119 0194 00       		.byte	0x0
 2120 0195 00       		.byte	0x0
 2121              		.section	.debug_pubnames,"",%progbits
 2122 0000 65000000 		.4byte	0x65
 2123 0004 0200     		.2byte	0x2
 2124 0006 00000000 		.4byte	.Ldebug_info0
 2125 000a 64070000 		.4byte	0x764
 2126 000e 35050000 		.4byte	0x535
 2127 0012 63685468 		.ascii	"chThdAddRef\000"
 2127      64416464 
 2127      52656600 
 2128 001e 8F050000 		.4byte	0x58f
 2129 0022 63685468 		.ascii	"chThdRelease\000"
 2129      6452656C 
 2129      65617365 
 2129      00
 2130 002f F8050000 		.4byte	0x5f8
 2131 0033 63685468 		.ascii	"chThdCreateFromHeap\000"
 2131      64437265 
 2131      61746546 
 2131      726F6D48 
 2131      65617000 
 2132 0047 B2060000 		.4byte	0x6b2
 2133 004b 63685468 		.ascii	"chThdCreateFromMemoryPool\000"
 2133      64437265 
 2133      61746546 
 2133      726F6D4D 
 2133      656D6F72 
 2134 0065 00000000 		.4byte	0x0
 2135              		.section	.debug_pubtypes,"",%progbits
ARM GAS  /tmp/ccoEtZPz.s 			page 39


 2136 0000 8D010000 		.4byte	0x18d
 2137 0004 0200     		.2byte	0x2
 2138 0006 00000000 		.4byte	.Ldebug_info0
 2139 000a 64070000 		.4byte	0x764
 2140 000e 30000000 		.4byte	0x30
 2141 0012 73697A65 		.ascii	"size_t\000"
 2141      5F7400
 2142 0019 49000000 		.4byte	0x49
 2143 001d 75696E74 		.ascii	"uint8_t\000"
 2143      385F7400 
 2144 0025 69000000 		.4byte	0x69
 2145 0029 696E7433 		.ascii	"int32_t\000"
 2145      325F7400 
 2146 0031 7B000000 		.4byte	0x7b
 2147 0035 75696E74 		.ascii	"uint32_t\000"
 2147      33325F74 
 2147      00
 2148 003e 94000000 		.4byte	0x94
 2149 0042 75696E74 		.ascii	"uint64_t\000"
 2149      36345F74 
 2149      00
 2150 004b A6000000 		.4byte	0xa6
 2151 004f 746D6F64 		.ascii	"tmode_t\000"
 2151      655F7400 
 2152 0057 B1000000 		.4byte	0xb1
 2153 005b 74737461 		.ascii	"tstate_t\000"
 2153      74655F74 
 2153      00
 2154 0064 BC000000 		.4byte	0xbc
 2155 0068 74726566 		.ascii	"trefs_t\000"
 2155      735F7400 
 2156 0070 C7000000 		.4byte	0xc7
 2157 0074 74707269 		.ascii	"tprio_t\000"
 2157      6F5F7400 
 2158 007c D2000000 		.4byte	0xd2
 2159 0080 6D73675F 		.ascii	"msg_t\000"
 2159      7400
 2160 0086 DD000000 		.4byte	0xdd
 2161 008a 6576656E 		.ascii	"eventmask_t\000"
 2161      746D6173 
 2161      6B5F7400 
 2162 0096 E8000000 		.4byte	0xe8
 2163 009a 73797374 		.ascii	"systime_t\000"
 2163      696D655F 
 2163      7400
 2164 00a4 F3000000 		.4byte	0xf3
 2165 00a8 54687265 		.ascii	"Thread\000"
 2165      616400
 2166 00af 4E020000 		.4byte	0x24e
 2167 00b3 54687265 		.ascii	"ThreadsQueue\000"
 2167      61647351 
 2167      75657565 
 2167      00
 2168 00c0 70020000 		.4byte	0x270
 2169 00c4 54687265 		.ascii	"ThreadsList\000"
 2169      6164734C 
 2169      69737400 
ARM GAS  /tmp/ccoEtZPz.s 			page 40


 2170 00d0 7B020000 		.4byte	0x27b
 2171 00d4 72656761 		.ascii	"regarm_t\000"
 2171      726D5F74 
 2171      00
 2172 00dd 88020000 		.4byte	0x288
 2173 00e1 73746B61 		.ascii	"stkalign_t\000"
 2173      6C69676E 
 2173      5F7400
 2174 00ec 93020000 		.4byte	0x293
 2175 00f0 696E7463 		.ascii	"intctx\000"
 2175      747800
 2176 00f7 20030000 		.4byte	0x320
 2177 00fb 636F6E74 		.ascii	"context\000"
 2177      65787400 
 2178 0103 48030000 		.4byte	0x348
 2179 0107 4D757465 		.ascii	"Mutex\000"
 2179      7800
 2180 010d 85030000 		.4byte	0x385
 2181 0111 4D757465 		.ascii	"Mutex\000"
 2181      7800
 2182 0117 90030000 		.4byte	0x390
 2183 011b 6D656D67 		.ascii	"memgetfunc_t\000"
 2183      65746675 
 2183      6E635F74 
 2183      00
 2184 0128 B1030000 		.4byte	0x3b1
 2185 012c 4D656D6F 		.ascii	"MemoryHeap\000"
 2185      72794865 
 2185      617000
 2186 0137 12040000 		.4byte	0x412
 2187 013b 68656170 		.ascii	"heap_header\000"
 2187      5F686561 
 2187      64657200 
 2188 0147 BC030000 		.4byte	0x3bc
 2189 014b 6D656D6F 		.ascii	"memory_heap\000"
 2189      72795F68 
 2189      65617000 
 2190 0157 62040000 		.4byte	0x462
 2191 015b 706F6F6C 		.ascii	"pool_header\000"
 2191      5F686561 
 2191      64657200 
 2192 0167 B6040000 		.4byte	0x4b6
 2193 016b 4D656D6F 		.ascii	"MemoryPool\000"
 2193      7279506F 
 2193      6F6C00
 2194 0176 FE000000 		.4byte	0xfe
 2195 017a 54687265 		.ascii	"Thread\000"
 2195      616400
 2196 0181 14050000 		.4byte	0x514
 2197 0185 7466756E 		.ascii	"tfunc_t\000"
 2197      635F7400 
 2198 018d 00000000 		.4byte	0x0
 2199              		.section	.debug_aranges,"",%progbits
 2200 0000 34000000 		.4byte	0x34
 2201 0004 0200     		.2byte	0x2
 2202 0006 00000000 		.4byte	.Ldebug_info0
 2203 000a 04       		.byte	0x4
ARM GAS  /tmp/ccoEtZPz.s 			page 41


 2204 000b 00       		.byte	0x0
 2205 000c 0000     		.2byte	0x0
 2206 000e 0000     		.2byte	0x0
 2207 0010 00000000 		.4byte	.LFB7
 2208 0014 4C000000 		.4byte	.LFE7-.LFB7
 2209 0018 00000000 		.4byte	.LFB8
 2210 001c 80000000 		.4byte	.LFE8-.LFB8
 2211 0020 00000000 		.4byte	.LFB9
 2212 0024 64000000 		.4byte	.LFE9-.LFB9
 2213 0028 00000000 		.4byte	.LFB10
 2214 002c 7C000000 		.4byte	.LFE10-.LFB10
 2215 0030 00000000 		.4byte	0x0
 2216 0034 00000000 		.4byte	0x0
 2217              		.section	.debug_ranges,"",%progbits
 2218              	.Ldebug_ranges0:
 2219 0000 02000000 		.4byte	.LBB2
 2220 0004 04000000 		.4byte	.LBE2
 2221 0008 06000000 		.4byte	.LBB3
 2222 000c 0A000000 		.4byte	.LBE3
 2223 0010 00000000 		.4byte	0x0
 2224 0014 00000000 		.4byte	0x0
 2225 0018 20000000 		.4byte	.LBB4
 2226 001c 26000000 		.4byte	.LBE4
 2227 0020 3E000000 		.4byte	.LBB5
 2228 0024 44000000 		.4byte	.LBE5
 2229 0028 00000000 		.4byte	0x0
 2230 002c 00000000 		.4byte	0x0
 2231 0030 02000000 		.4byte	.LBB6
 2232 0034 04000000 		.4byte	.LBE6
 2233 0038 06000000 		.4byte	.LBB7
 2234 003c 0A000000 		.4byte	.LBE7
 2235 0040 00000000 		.4byte	0x0
 2236 0044 00000000 		.4byte	0x0
 2237 0048 00000000 		.4byte	.LFB7
 2238 004c 4C000000 		.4byte	.LFE7
 2239 0050 00000000 		.4byte	.LFB8
 2240 0054 80000000 		.4byte	.LFE8
 2241 0058 00000000 		.4byte	.LFB9
 2242 005c 64000000 		.4byte	.LFE9
 2243 0060 00000000 		.4byte	.LFB10
 2244 0064 7C000000 		.4byte	.LFE10
 2245 0068 00000000 		.4byte	0x0
 2246 006c 00000000 		.4byte	0x0
 2247              		.section	.debug_str,"MS",%progbits,1
 2248              	.LASF72:
 2249 0000 7466756E 		.ascii	"tfunc_t\000"
 2249      635F7400 
 2250              	.LASF36:
 2251 0008 705F6D73 		.ascii	"p_msg\000"
 2251      6700
 2252              	.LASF80:
 2253 000e 2E2E2F63 		.ascii	"../chibios_2.4.x/os/kernel/src/chdynamic.c\000"
 2253      68696269 
 2253      6F735F32 
 2253      2E342E78 
 2253      2F6F732F 
 2254              	.LASF2:
ARM GAS  /tmp/ccoEtZPz.s 			page 42


 2255 0039 73697A65 		.ascii	"size_t\000"
 2255      5F7400
 2256              	.LASF67:
 2257 0040 7264796D 		.ascii	"rdymsg\000"
 2257      736700
 2258              	.LASF12:
 2259 0047 75696E74 		.ascii	"uint64_t\000"
 2259      36345F74 
 2259      00
 2260              	.LASF66:
 2261 0050 4D656D6F 		.ascii	"MemoryPool\000"
 2261      7279506F 
 2261      6F6C00
 2262              	.LASF51:
 2263 005b 6D656D67 		.ascii	"memgetfunc_t\000"
 2263      65746675 
 2263      6E635F74 
 2263      00
 2264              	.LASF13:
 2265 0068 6C6F6E67 		.ascii	"long long unsigned int\000"
 2265      206C6F6E 
 2265      6720756E 
 2265      7369676E 
 2265      65642069 
 2266              	.LASF68:
 2267 007f 65786974 		.ascii	"exitcode\000"
 2267      636F6465 
 2267      00
 2268              	.LASF55:
 2269 0088 685F6672 		.ascii	"h_free\000"
 2269      656500
 2270              	.LASF76:
 2271 008f 68656170 		.ascii	"heapp\000"
 2271      7000
 2272              	.LASF57:
 2273 0095 6E657874 		.ascii	"next\000"
 2273      00
 2274              	.LASF24:
 2275 009a 705F7072 		.ascii	"p_prio\000"
 2275      696F00
 2276              	.LASF11:
 2277 00a1 6C6F6E67 		.ascii	"long long int\000"
 2277      206C6F6E 
 2277      6720696E 
 2277      7400
 2278              	.LASF1:
 2279 00af 7369676E 		.ascii	"signed char\000"
 2279      65642063 
 2279      68617200 
 2280              	.LASF56:
 2281 00bb 685F6D74 		.ascii	"h_mtx\000"
 2281      7800
 2282              	.LASF40:
 2283 00c1 705F6D70 		.ascii	"p_mpool\000"
 2283      6F6F6C00 
 2284              	.LASF48:
 2285 00c9 6D5F7175 		.ascii	"m_queue\000"
ARM GAS  /tmp/ccoEtZPz.s 			page 43


 2285      65756500 
 2286              	.LASF8:
 2287 00d1 6C6F6E67 		.ascii	"long int\000"
 2287      20696E74 
 2287      00
 2288              	.LASF75:
 2289 00da 63685468 		.ascii	"chThdCreateFromHeap\000"
 2289      64437265 
 2289      61746546 
 2289      726F6D48 
 2289      65617000 
 2290              	.LASF15:
 2291 00ee 74737461 		.ascii	"tstate_t\000"
 2291      74655F74 
 2291      00
 2292              	.LASF63:
 2293 00f7 6D705F6E 		.ascii	"mp_next\000"
 2293      65787400 
 2294              	.LASF26:
 2295 00ff 705F6E65 		.ascii	"p_newer\000"
 2295      77657200 
 2296              	.LASF78:
 2297 0107 63685468 		.ascii	"chThdCreateFromMemoryPool\000"
 2297      64437265 
 2297      61746546 
 2297      726F6D4D 
 2297      656D6F72 
 2298              	.LASF65:
 2299 0121 6D705F70 		.ascii	"mp_provider\000"
 2299      726F7669 
 2299      64657200 
 2300              	.LASF43:
 2301 012d 72656761 		.ascii	"regarm_t\000"
 2301      726D5F74 
 2301      00
 2302              	.LASF59:
 2303 0136 616C6967 		.ascii	"align\000"
 2303      6E00
 2304              	.LASF29:
 2305 013c 705F7374 		.ascii	"p_stklimit\000"
 2305      6B6C696D 
 2305      697400
 2306              	.LASF0:
 2307 0147 756E7369 		.ascii	"unsigned int\000"
 2307      676E6564 
 2307      20696E74 
 2307      00
 2308              	.LASF10:
 2309 0154 6C6F6E67 		.ascii	"long unsigned int\000"
 2309      20756E73 
 2309      69676E65 
 2309      6420696E 
 2309      7400
 2310              	.LASF46:
 2311 0166 636F6E74 		.ascii	"context\000"
 2311      65787400 
 2312              	.LASF60:
ARM GAS  /tmp/ccoEtZPz.s 			page 44


 2313 016e 73697A65 		.ascii	"size\000"
 2313      00
 2314              	.LASF6:
 2315 0173 73686F72 		.ascii	"short unsigned int\000"
 2315      7420756E 
 2315      7369676E 
 2315      65642069 
 2315      6E7400
 2316              	.LASF18:
 2317 0186 6D73675F 		.ascii	"msg_t\000"
 2317      7400
 2318              	.LASF81:
 2319 018c 2F686F6D 		.ascii	"/home/z80/projects/ipm.git/soft/firmware/valve\000"
 2319      652F7A38 
 2319      302F7072 
 2319      6F6A6563 
 2319      74732F69 
 2320              	.LASF14:
 2321 01bb 746D6F64 		.ascii	"tmode_t\000"
 2321      655F7400 
 2322              	.LASF42:
 2323 01c3 54687265 		.ascii	"ThreadsList\000"
 2323      6164734C 
 2323      69737400 
 2324              	.LASF19:
 2325 01cf 6576656E 		.ascii	"eventmask_t\000"
 2325      746D6173 
 2325      6B5F7400 
 2326              	.LASF47:
 2327 01db 4D757465 		.ascii	"Mutex\000"
 2327      7800
 2328              	.LASF74:
 2329 01e1 63685468 		.ascii	"chThdAddRef\000"
 2329      64416464 
 2329      52656600 
 2330              	.LASF44:
 2331 01ed 73746B61 		.ascii	"stkalign_t\000"
 2331      6C69676E 
 2331      5F7400
 2332              	.LASF27:
 2333 01f8 705F6F6C 		.ascii	"p_older\000"
 2333      64657200 
 2334              	.LASF41:
 2335 0200 54687265 		.ascii	"ThreadsQueue\000"
 2335      61647351 
 2335      75657565 
 2335      00
 2336              	.LASF64:
 2337 020d 6D705F6F 		.ascii	"mp_object_size\000"
 2337      626A6563 
 2337      745F7369 
 2337      7A6500
 2338              	.LASF77:
 2339 021c 7072696F 		.ascii	"prio\000"
 2339      00
 2340              	.LASF52:
 2341 0221 4D656D6F 		.ascii	"MemoryHeap\000"
ARM GAS  /tmp/ccoEtZPz.s 			page 45


 2341      72794865 
 2341      617000
 2342              	.LASF62:
 2343 022c 70685F6E 		.ascii	"ph_next\000"
 2343      65787400 
 2344              	.LASF16:
 2345 0234 74726566 		.ascii	"trefs_t\000"
 2345      735F7400 
 2346              	.LASF73:
 2347 023c 72656673 		.ascii	"refs\000"
 2347      00
 2348              	.LASF23:
 2349 0241 705F7072 		.ascii	"p_prev\000"
 2349      657600
 2350              	.LASF17:
 2351 0248 74707269 		.ascii	"tprio_t\000"
 2351      6F5F7400 
 2352              	.LASF7:
 2353 0250 696E7433 		.ascii	"int32_t\000"
 2353      325F7400 
 2354              	.LASF4:
 2355 0258 756E7369 		.ascii	"unsigned char\000"
 2355      676E6564 
 2355      20636861 
 2355      7200
 2356              	.LASF54:
 2357 0266 685F7072 		.ascii	"h_provider\000"
 2357      6F766964 
 2357      657200
 2358              	.LASF38:
 2359 0271 705F6D74 		.ascii	"p_mtxlist\000"
 2359      786C6973 
 2359      7400
 2360              	.LASF5:
 2361 027b 73686F72 		.ascii	"short int\000"
 2361      7420696E 
 2361      7400
 2362              	.LASF30:
 2363 0285 705F7374 		.ascii	"p_state\000"
 2363      61746500 
 2364              	.LASF82:
 2365 028d 68656170 		.ascii	"heap_header\000"
 2365      5F686561 
 2365      64657200 
 2366              	.LASF70:
 2367 0299 65776D61 		.ascii	"ewmask\000"
 2367      736B00
 2368              	.LASF22:
 2369 02a0 705F6E65 		.ascii	"p_next\000"
 2369      787400
 2370              	.LASF31:
 2371 02a7 705F666C 		.ascii	"p_flags\000"
 2371      61677300 
 2372              	.LASF83:
 2373 02af 63685468 		.ascii	"chThdRelease\000"
 2373      6452656C 
 2373      65617365 
ARM GAS  /tmp/ccoEtZPz.s 			page 46


 2373      00
 2374              	.LASF21:
 2375 02bc 54687265 		.ascii	"Thread\000"
 2375      616400
 2376              	.LASF37:
 2377 02c3 705F6570 		.ascii	"p_epending\000"
 2377      656E6469 
 2377      6E6700
 2378              	.LASF9:
 2379 02ce 75696E74 		.ascii	"uint32_t\000"
 2379      33325F74 
 2379      00
 2380              	.LASF58:
 2381 02d7 68656170 		.ascii	"heap\000"
 2381      00
 2382              	.LASF71:
 2383 02dc 63686172 		.ascii	"char\000"
 2383      00
 2384              	.LASF50:
 2385 02e1 6D5F6E65 		.ascii	"m_next\000"
 2385      787400
 2386              	.LASF20:
 2387 02e8 73797374 		.ascii	"systime_t\000"
 2387      696D655F 
 2387      7400
 2388              	.LASF39:
 2389 02f2 705F7265 		.ascii	"p_realprio\000"
 2389      616C7072 
 2389      696F00
 2390              	.LASF33:
 2391 02fd 705F7469 		.ascii	"p_time\000"
 2391      6D6500
 2392              	.LASF45:
 2393 0304 696E7463 		.ascii	"intctx\000"
 2393      747800
 2394              	.LASF35:
 2395 030b 705F6D73 		.ascii	"p_msgqueue\000"
 2395      67717565 
 2395      756500
 2396              	.LASF61:
 2397 0316 706F6F6C 		.ascii	"pool_header\000"
 2397      5F686561 
 2397      64657200 
 2398              	.LASF32:
 2399 0322 705F7265 		.ascii	"p_refs\000"
 2399      667300
 2400              	.LASF3:
 2401 0329 75696E74 		.ascii	"uint8_t\000"
 2401      385F7400 
 2402              	.LASF69:
 2403 0331 77746F62 		.ascii	"wtobjp\000"
 2403      6A7000
 2404              	.LASF79:
 2405 0338 474E5520 		.ascii	"GNU C 4.5.2\000"
 2405      4320342E 
 2405      352E3200 
 2406              	.LASF28:
ARM GAS  /tmp/ccoEtZPz.s 			page 47


 2407 0344 705F6E61 		.ascii	"p_name\000"
 2407      6D6500
 2408              	.LASF49:
 2409 034b 6D5F6F77 		.ascii	"m_owner\000"
 2409      6E657200 
 2410              	.LASF25:
 2411 0353 705F6374 		.ascii	"p_ctx\000"
 2411      7800
 2412              	.LASF34:
 2413 0359 705F7761 		.ascii	"p_waiting\000"
 2413      6974696E 
 2413      6700
 2414              	.LASF53:
 2415 0363 6D656D6F 		.ascii	"memory_heap\000"
 2415      72795F68 
 2415      65617000 
 2416              		.ident	"GCC: (Sourcery G++ Lite 2011.03-42) 4.5.2"
ARM GAS  /tmp/ccoEtZPz.s 			page 48


DEFINED SYMBOLS
                            *ABS*:00000000 chdynamic.c
     /tmp/ccoEtZPz.s:24     .text.chThdAddRef:00000000 $t
     /tmp/ccoEtZPz.s:30     .text.chThdAddRef:00000000 chThdAddRef
     /tmp/ccoEtZPz.s:106    .text.chThdAddRef:00000048 $d
     /tmp/ccoEtZPz.s:111    .text.chThdRelease:00000000 $t
     /tmp/ccoEtZPz.s:117    .text.chThdRelease:00000000 chThdRelease
     /tmp/ccoEtZPz.s:229    .text.chThdRelease:0000007c $d
     /tmp/ccoEtZPz.s:234    .text.chThdCreateFromHeap:00000000 $t
     /tmp/ccoEtZPz.s:240    .text.chThdCreateFromHeap:00000000 chThdCreateFromHeap
     /tmp/ccoEtZPz.s:333    .text.chThdCreateFromMemoryPool:00000000 $t
     /tmp/ccoEtZPz.s:339    .text.chThdCreateFromMemoryPool:00000000 chThdCreateFromMemoryPool
     /tmp/ccoEtZPz.s:447    .text.chThdCreateFromMemoryPool:00000078 $d
     /tmp/ccoEtZPz.s:452    .rodata.str1.4:00000000 $d
                     .debug_frame:00000010 $d
     /tmp/ccoEtZPz.s:110    .text.chThdAddRef:0000004c $t
     /tmp/ccoEtZPz.s:451    .text.chThdCreateFromMemoryPool:0000007c $t

UNDEFINED SYMBOLS
dbg_check_lock
dbg_check_unlock
chDbgPanic
chPoolFree
chHeapFree
chHeapAlloc
_thread_memfill
chThdCreateI
chSchWakeupS
chPoolAlloc
