ARM GAS  C:\Users\z80\AppData\Local\Temp\ccLtEX65.s 			page 1


   1              		.syntax unified
   2              		.cpu cortex-m3
   3              		.fpu softvfp
   4              		.eabi_attribute 20, 1
   5              		.eabi_attribute 21, 1
   6              		.eabi_attribute 23, 3
   7              		.eabi_attribute 24, 1
   8              		.eabi_attribute 25, 1
   9              		.eabi_attribute 26, 1
  10              		.eabi_attribute 30, 2
  11              		.eabi_attribute 18, 4
  12              		.thumb
  13              		.file	"chheap.c"
  14              		.section	.debug_abbrev,"",%progbits
  15              	.Ldebug_abbrev0:
  16              		.section	.debug_info,"",%progbits
  17              	.Ldebug_info0:
  18              		.section	.debug_line,"",%progbits
  19              	.Ldebug_line0:
  20 0000 19000000 		.text
  20      02001300 
  20      00000201 
  20      FB0E0D00 
  20      01010101 
  21              	.Ltext0:
  22              		.cfi_sections	.debug_frame
  23              	.Letext0:
  24              		.section	.debug_info
  25 0000 72000000 		.4byte	0x72
  26 0004 0200     		.2byte	0x2
  27 0006 00000000 		.4byte	.Ldebug_abbrev0
  28 000a 04       		.byte	0x4
  29 000b 01       		.uleb128 0x1
  30 000c 69000000 		.4byte	.LASF10
  31 0010 01       		.byte	0x1
  32 0011 AD000000 		.4byte	.LASF11
  33 0015 00000000 		.4byte	.LASF12
  34 0019 00000000 		.4byte	.Ltext0
  35 001d 00000000 		.4byte	.Letext0
  36 0021 00000000 		.4byte	.Ldebug_line0
  37 0025 02       		.uleb128 0x2
  38 0026 04       		.byte	0x4
  39 0027 05       		.byte	0x5
  40 0028 696E7400 		.ascii	"int\000"
  41 002c 03       		.uleb128 0x3
  42 002d 04       		.byte	0x4
  43 002e 07       		.byte	0x7
  44 002f 2B000000 		.4byte	.LASF0
  45 0033 03       		.uleb128 0x3
  46 0034 01       		.byte	0x1
  47 0035 06       		.byte	0x6
  48 0036 4A000000 		.4byte	.LASF1
  49 003a 03       		.uleb128 0x3
  50 003b 01       		.byte	0x1
  51 003c 08       		.byte	0x8
  52 003d 96000000 		.4byte	.LASF2
  53 0041 03       		.uleb128 0x3
ARM GAS  C:\Users\z80\AppData\Local\Temp\ccLtEX65.s 			page 2


  54 0042 02       		.byte	0x2
  55 0043 05       		.byte	0x5
  56 0044 75000000 		.4byte	.LASF3
  57 0048 03       		.uleb128 0x3
  58 0049 02       		.byte	0x2
  59 004a 07       		.byte	0x7
  60 004b 56000000 		.4byte	.LASF4
  61 004f 03       		.uleb128 0x3
  62 0050 04       		.byte	0x4
  63 0051 05       		.byte	0x5
  64 0052 A4000000 		.4byte	.LASF5
  65 0056 03       		.uleb128 0x3
  66 0057 04       		.byte	0x4
  67 0058 07       		.byte	0x7
  68 0059 38000000 		.4byte	.LASF6
  69 005d 03       		.uleb128 0x3
  70 005e 08       		.byte	0x8
  71 005f 05       		.byte	0x5
  72 0060 DA000000 		.4byte	.LASF7
  73 0064 03       		.uleb128 0x3
  74 0065 08       		.byte	0x8
  75 0066 07       		.byte	0x7
  76 0067 7F000000 		.4byte	.LASF8
  77 006b 04       		.uleb128 0x4
  78 006c 04       		.byte	0x4
  79 006d 07       		.byte	0x7
  80 006e 03       		.uleb128 0x3
  81 006f 01       		.byte	0x1
  82 0070 08       		.byte	0x8
  83 0071 D5000000 		.4byte	.LASF9
  84 0075 00       		.byte	0x0
  85              		.section	.debug_abbrev
  86 0000 01       		.uleb128 0x1
  87 0001 11       		.uleb128 0x11
  88 0002 01       		.byte	0x1
  89 0003 25       		.uleb128 0x25
  90 0004 0E       		.uleb128 0xe
  91 0005 13       		.uleb128 0x13
  92 0006 0B       		.uleb128 0xb
  93 0007 03       		.uleb128 0x3
  94 0008 0E       		.uleb128 0xe
  95 0009 1B       		.uleb128 0x1b
  96 000a 0E       		.uleb128 0xe
  97 000b 11       		.uleb128 0x11
  98 000c 01       		.uleb128 0x1
  99 000d 12       		.uleb128 0x12
 100 000e 01       		.uleb128 0x1
 101 000f 10       		.uleb128 0x10
 102 0010 06       		.uleb128 0x6
 103 0011 00       		.byte	0x0
 104 0012 00       		.byte	0x0
 105 0013 02       		.uleb128 0x2
 106 0014 24       		.uleb128 0x24
 107 0015 00       		.byte	0x0
 108 0016 0B       		.uleb128 0xb
 109 0017 0B       		.uleb128 0xb
 110 0018 3E       		.uleb128 0x3e
ARM GAS  C:\Users\z80\AppData\Local\Temp\ccLtEX65.s 			page 3


 111 0019 0B       		.uleb128 0xb
 112 001a 03       		.uleb128 0x3
 113 001b 08       		.uleb128 0x8
 114 001c 00       		.byte	0x0
 115 001d 00       		.byte	0x0
 116 001e 03       		.uleb128 0x3
 117 001f 24       		.uleb128 0x24
 118 0020 00       		.byte	0x0
 119 0021 0B       		.uleb128 0xb
 120 0022 0B       		.uleb128 0xb
 121 0023 3E       		.uleb128 0x3e
 122 0024 0B       		.uleb128 0xb
 123 0025 03       		.uleb128 0x3
 124 0026 0E       		.uleb128 0xe
 125 0027 00       		.byte	0x0
 126 0028 00       		.byte	0x0
 127 0029 04       		.uleb128 0x4
 128 002a 24       		.uleb128 0x24
 129 002b 00       		.byte	0x0
 130 002c 0B       		.uleb128 0xb
 131 002d 0B       		.uleb128 0xb
 132 002e 3E       		.uleb128 0x3e
 133 002f 0B       		.uleb128 0xb
 134 0030 00       		.byte	0x0
 135 0031 00       		.byte	0x0
 136 0032 00       		.byte	0x0
 137              		.section	.debug_pubtypes,"",%progbits
 138 0000 0E000000 		.4byte	0xe
 139 0004 0200     		.2byte	0x2
 140 0006 00000000 		.4byte	.Ldebug_info0
 141 000a 76000000 		.4byte	0x76
 142 000e 00000000 		.4byte	0x0
 143              		.section	.debug_str,"MS",%progbits,1
 144              	.LASF12:
 145 0000 433A5C70 		.ascii	"C:\\projects\\voltamper.git\\firmware\\voltamp\000"
 145      726F6A65 
 145      6374735C 
 145      766F6C74 
 145      616D7065 
 146              	.LASF0:
 147 002b 756E7369 		.ascii	"unsigned int\000"
 147      676E6564 
 147      20696E74 
 147      00
 148              	.LASF6:
 149 0038 6C6F6E67 		.ascii	"long unsigned int\000"
 149      20756E73 
 149      69676E65 
 149      6420696E 
 149      7400
 150              	.LASF1:
 151 004a 7369676E 		.ascii	"signed char\000"
 151      65642063 
 151      68617200 
 152              	.LASF4:
 153 0056 73686F72 		.ascii	"short unsigned int\000"
 153      7420756E 
ARM GAS  C:\Users\z80\AppData\Local\Temp\ccLtEX65.s 			page 4


 153      7369676E 
 153      65642069 
 153      6E7400
 154              	.LASF10:
 155 0069 474E5520 		.ascii	"GNU C 4.5.0\000"
 155      4320342E 
 155      352E3000 
 156              	.LASF3:
 157 0075 73686F72 		.ascii	"short int\000"
 157      7420696E 
 157      7400
 158              	.LASF8:
 159 007f 6C6F6E67 		.ascii	"long long unsigned int\000"
 159      206C6F6E 
 159      6720756E 
 159      7369676E 
 159      65642069 
 160              	.LASF2:
 161 0096 756E7369 		.ascii	"unsigned char\000"
 161      676E6564 
 161      20636861 
 161      7200
 162              	.LASF5:
 163 00a4 6C6F6E67 		.ascii	"long int\000"
 163      20696E74 
 163      00
 164              	.LASF11:
 165 00ad 2E2E2F63 		.ascii	"../chibios_2.4.x/os/kernel/src/chheap.c\000"
 165      68696269 
 165      6F735F32 
 165      2E342E78 
 165      2F6F732F 
 166              	.LASF9:
 167 00d5 63686172 		.ascii	"char\000"
 167      00
 168              	.LASF7:
 169 00da 6C6F6E67 		.ascii	"long long int\000"
 169      206C6F6E 
 169      6720696E 
 169      7400
 170              		.ident	"GCC: (GNU) 4.5.0"
ARM GAS  C:\Users\z80\AppData\Local\Temp\ccLtEX65.s 			page 5


DEFINED SYMBOLS
                            *ABS*:00000000 chheap.c

NO UNDEFINED SYMBOLS
