ARM GAS  /tmp/cc3RiSDH.s 			page 1


   1              		.syntax unified
   2              		.cpu cortex-m3
   3              		.fpu softvfp
   4              		.eabi_attribute 20, 1
   5              		.eabi_attribute 21, 1
   6              		.eabi_attribute 23, 3
   7              		.eabi_attribute 24, 1
   8              		.eabi_attribute 25, 1
   9              		.eabi_attribute 26, 1
  10              		.eabi_attribute 30, 6
  11              		.eabi_attribute 18, 4
  12              		.thumb
  13              		.file	"chmemcore.c"
  14              		.section	.debug_abbrev,"",%progbits
  15              	.Ldebug_abbrev0:
  16              		.section	.debug_info,"",%progbits
  17              	.Ldebug_info0:
  18              		.section	.debug_line,"",%progbits
  19              	.Ldebug_line0:
  20 0000 79010000 		.text
  20      02002101 
  20      00000201 
  20      FB0E0D00 
  20      01010101 
  21              	.Ltext0:
  22              		.cfi_sections	.debug_frame
  23              		.section	.bss.nextmem,"aw",%nobits
  24              		.align	2
  25              		.type	nextmem, %object
  26              		.size	nextmem, 4
  27              	nextmem:
  28 0000 00000000 		.space	4
  29              		.section	.bss.endmem,"aw",%nobits
  30              		.align	2
  31              		.type	endmem, %object
  32              		.size	endmem, 4
  33              	endmem:
  34 0000 00000000 		.space	4
  35              		.section	.text._core_init,"ax",%progbits
  36              		.align	2
  37              		.p2align 4,,15
  38              		.global	_core_init
  39              		.thumb
  40              		.thumb_func
  41              		.type	_core_init, %function
  42              	_core_init:
  43              	.LFB7:
  44              		.file 1 "../chibios_2.4.x/os/kernel/src/chmemcore.c"
  45              		.loc 1 66 0
  46              		.cfi_startproc
  47              		@ args = 0, pretend = 0, frame = 0
  48              		@ frame_needed = 0, uses_anonymous_args = 0
  49              		@ link register save eliminated.
  50              		.loc 1 70 0
  51 0000 074B     		ldr	r3, .L2
  52 0002 03F10703 		add	r3, r3, #7
  53 0006 23F00703 		bic	r3, r3, #7
ARM GAS  /tmp/cc3RiSDH.s 			page 2


  54 000a 1A46     		mov	r2, r3
  55 000c 054B     		ldr	r3, .L2+4
  56 000e 1A60     		str	r2, [r3, #0]
  57              		.loc 1 71 0
  58 0010 054B     		ldr	r3, .L2+8
  59 0012 23F00703 		bic	r3, r3, #7
  60 0016 1A46     		mov	r2, r3
  61 0018 044B     		ldr	r3, .L2+12
  62 001a 1A60     		str	r2, [r3, #0]
  63              		.loc 1 77 0
  64 001c 7047     		bx	lr
  65              	.L3:
  66 001e 00BF     		.align	2
  67              	.L2:
  68 0020 00000000 		.word	__heap_base__
  69 0024 00000000 		.word	nextmem
  70 0028 00000000 		.word	__heap_end__
  71 002c 00000000 		.word	endmem
  72              		.cfi_endproc
  73              	.LFE7:
  74              		.size	_core_init, .-_core_init
  75              		.section	.text.chCoreAlloc,"ax",%progbits
  76              		.align	2
  77              		.p2align 4,,15
  78              		.global	chCoreAlloc
  79              		.thumb
  80              		.thumb_func
  81              		.type	chCoreAlloc, %function
  82              	chCoreAlloc:
  83              	.LFB8:
  84              		.loc 1 91 0
  85              		.cfi_startproc
  86              		@ args = 0, pretend = 0, frame = 16
  87              		@ frame_needed = 0, uses_anonymous_args = 0
  88 0000 00B5     		push	{lr}
  89              	.LCFI0:
  90              		.cfi_def_cfa_offset 4
  91 0002 85B0     		sub	sp, sp, #20
  92              	.LCFI1:
  93              		.cfi_def_cfa_offset 24
  94 0004 0190     		str	r0, [sp, #4]
  95              	.LBB2:
  96              		.loc 1 94 0
  97 0006 4FF02003 		mov	r3, #32
  98              	@ 94 "../chibios_2.4.x/os/kernel/src/chmemcore.c" 1
  99 000a 83F31188 		msr     BASEPRI, r3
 100              	@ 0 "" 2
 101              		.thumb
 102              	.LBE2:
 103              		.cfi_offset 14, -4
 104 000e FFF7FEFF 		bl	dbg_check_lock
 105              		.loc 1 95 0
 106 0012 0198     		ldr	r0, [sp, #4]
 107 0014 FFF7FEFF 		bl	chCoreAllocI
 108 0018 0390     		str	r0, [sp, #12]
 109              		.loc 1 96 0
 110 001a FFF7FEFF 		bl	dbg_check_unlock
ARM GAS  /tmp/cc3RiSDH.s 			page 3


 111              	.LBB3:
 112 001e 4FF00003 		mov	r3, #0
 113              	@ 96 "../chibios_2.4.x/os/kernel/src/chmemcore.c" 1
 114 0022 83F31188 		msr     BASEPRI, r3
 115              	@ 0 "" 2
 116              		.thumb
 117              	.LBE3:
 118              		.loc 1 97 0
 119 0026 039B     		ldr	r3, [sp, #12]
 120              		.loc 1 98 0
 121 0028 1846     		mov	r0, r3
 122 002a 05B0     		add	sp, sp, #20
 123 002c 00BD     		pop	{pc}
 124              		.cfi_endproc
 125              	.LFE8:
 126              		.size	chCoreAlloc, .-chCoreAlloc
 127 002e 00BF     		.section	.text.chCoreAllocI,"ax",%progbits
 128              		.align	2
 129              		.p2align 4,,15
 130              		.global	chCoreAllocI
 131              		.thumb
 132              		.thumb_func
 133              		.type	chCoreAllocI, %function
 134              	chCoreAllocI:
 135              	.LFB9:
 136              		.loc 1 112 0
 137              		.cfi_startproc
 138              		@ args = 0, pretend = 0, frame = 16
 139              		@ frame_needed = 0, uses_anonymous_args = 0
 140 0000 00B5     		push	{lr}
 141              	.LCFI2:
 142              		.cfi_def_cfa_offset 4
 143 0002 85B0     		sub	sp, sp, #20
 144              	.LCFI3:
 145              		.cfi_def_cfa_offset 24
 146 0004 0190     		str	r0, [sp, #4]
 147              		.loc 1 115 0
 148              		.cfi_offset 14, -4
 149 0006 FFF7FEFF 		bl	chDbgCheckClassI
 150              		.loc 1 117 0
 151 000a 019B     		ldr	r3, [sp, #4]
 152 000c 03F10703 		add	r3, r3, #7
 153 0010 23F00703 		bic	r3, r3, #7
 154 0014 0193     		str	r3, [sp, #4]
 155              		.loc 1 118 0
 156 0016 0D4B     		ldr	r3, .L8
 157 0018 1B68     		ldr	r3, [r3, #0]
 158 001a 1A46     		mov	r2, r3
 159 001c 0C4B     		ldr	r3, .L8+4
 160 001e 1B68     		ldr	r3, [r3, #0]
 161 0020 D31A     		subs	r3, r2, r3
 162 0022 1A46     		mov	r2, r3
 163 0024 019B     		ldr	r3, [sp, #4]
 164 0026 9A42     		cmp	r2, r3
 165 0028 02D2     		bcs	.L6
 166              		.loc 1 119 0
 167 002a 4FF00003 		mov	r3, #0
ARM GAS  /tmp/cc3RiSDH.s 			page 4


 168 002e 09E0     		b	.L7
 169              	.L6:
 170              		.loc 1 120 0
 171 0030 074B     		ldr	r3, .L8+4
 172 0032 1B68     		ldr	r3, [r3, #0]
 173 0034 0393     		str	r3, [sp, #12]
 174              		.loc 1 121 0
 175 0036 064B     		ldr	r3, .L8+4
 176 0038 1A68     		ldr	r2, [r3, #0]
 177 003a 019B     		ldr	r3, [sp, #4]
 178 003c D218     		adds	r2, r2, r3
 179 003e 044B     		ldr	r3, .L8+4
 180 0040 1A60     		str	r2, [r3, #0]
 181              		.loc 1 122 0
 182 0042 039B     		ldr	r3, [sp, #12]
 183              	.L7:
 184              		.loc 1 123 0
 185 0044 1846     		mov	r0, r3
 186 0046 05B0     		add	sp, sp, #20
 187 0048 00BD     		pop	{pc}
 188              	.L9:
 189 004a 00BF     		.align	2
 190              	.L8:
 191 004c 00000000 		.word	endmem
 192 0050 00000000 		.word	nextmem
 193              		.cfi_endproc
 194              	.LFE9:
 195              		.size	chCoreAllocI, .-chCoreAllocI
 196 0054 AFF30080 		.section	.text.chCoreStatus,"ax",%progbits
 196      AFF30080 
 196      AFF30080 
 197              		.align	2
 198              		.p2align 4,,15
 199              		.global	chCoreStatus
 200              		.thumb
 201              		.thumb_func
 202              		.type	chCoreStatus, %function
 203              	chCoreStatus:
 204              	.LFB10:
 205              		.loc 1 132 0
 206              		.cfi_startproc
 207              		@ args = 0, pretend = 0, frame = 0
 208              		@ frame_needed = 0, uses_anonymous_args = 0
 209              		@ link register save eliminated.
 210              		.loc 1 134 0
 211 0000 034B     		ldr	r3, .L11
 212 0002 1B68     		ldr	r3, [r3, #0]
 213 0004 1A46     		mov	r2, r3
 214 0006 034B     		ldr	r3, .L11+4
 215 0008 1B68     		ldr	r3, [r3, #0]
 216 000a D31A     		subs	r3, r2, r3
 217              		.loc 1 135 0
 218 000c 1846     		mov	r0, r3
 219 000e 7047     		bx	lr
 220              	.L12:
 221              		.align	2
 222              	.L11:
ARM GAS  /tmp/cc3RiSDH.s 			page 5


 223 0010 00000000 		.word	endmem
 224 0014 00000000 		.word	nextmem
 225              		.cfi_endproc
 226              	.LFE10:
 227              		.size	chCoreStatus, .-chCoreStatus
 228 0018 AFF30080 		.text
 228      AFF30080 
 229              	.Letext0:
 230              		.section	.debug_loc,"",%progbits
 231              	.Ldebug_loc0:
 232              	.LLST0:
 233 0000 00000000 		.4byte	.LFB8
 234 0004 02000000 		.4byte	.LCFI0
 235 0008 0200     		.2byte	0x2
 236 000a 7D       		.byte	0x7d
 237 000b 00       		.sleb128 0
 238 000c 02000000 		.4byte	.LCFI0
 239 0010 04000000 		.4byte	.LCFI1
 240 0014 0200     		.2byte	0x2
 241 0016 7D       		.byte	0x7d
 242 0017 04       		.sleb128 4
 243 0018 04000000 		.4byte	.LCFI1
 244 001c 2E000000 		.4byte	.LFE8
 245 0020 0200     		.2byte	0x2
 246 0022 7D       		.byte	0x7d
 247 0023 18       		.sleb128 24
 248 0024 00000000 		.4byte	0x0
 249 0028 00000000 		.4byte	0x0
 250              	.LLST1:
 251 002c 00000000 		.4byte	.LFB9
 252 0030 02000000 		.4byte	.LCFI2
 253 0034 0200     		.2byte	0x2
 254 0036 7D       		.byte	0x7d
 255 0037 00       		.sleb128 0
 256 0038 02000000 		.4byte	.LCFI2
 257 003c 04000000 		.4byte	.LCFI3
 258 0040 0200     		.2byte	0x2
 259 0042 7D       		.byte	0x7d
 260 0043 04       		.sleb128 4
 261 0044 04000000 		.4byte	.LCFI3
 262 0048 54000000 		.4byte	.LFE9
 263 004c 0200     		.2byte	0x2
 264 004e 7D       		.byte	0x7d
 265 004f 18       		.sleb128 24
 266 0050 00000000 		.4byte	0x0
 267 0054 00000000 		.4byte	0x0
 268              		.file 2 "/home/z80/programs/code-sourcery/2011.03-42/bin/../lib/gcc/arm-none-eabi/4.5.2/include/st
 269              		.file 3 "/home/z80/programs/code-sourcery/2011.03-42/bin/../lib/gcc/arm-none-eabi/4.5.2/../../../.
 270              		.section	.debug_info
 271 0000 D0010000 		.4byte	0x1d0
 272 0004 0200     		.2byte	0x2
 273 0006 00000000 		.4byte	.Ldebug_abbrev0
 274 000a 04       		.byte	0x4
 275 000b 01       		.uleb128 0x1
 276 000c 21000000 		.4byte	.LASF20
 277 0010 01       		.byte	0x1
 278 0011 80000000 		.4byte	.LASF21
ARM GAS  /tmp/cc3RiSDH.s 			page 6


 279 0015 09010000 		.4byte	.LASF22
 280 0019 00000000 		.4byte	0x0
 281 001d 00000000 		.4byte	0x0
 282 0021 00000000 		.4byte	.Ldebug_ranges0+0x0
 283 0025 00000000 		.4byte	.Ldebug_line0
 284 0029 02       		.uleb128 0x2
 285 002a 04       		.byte	0x4
 286 002b 05       		.byte	0x5
 287 002c 696E7400 		.ascii	"int\000"
 288 0030 03       		.uleb128 0x3
 289 0031 2D000000 		.4byte	.LASF2
 290 0035 02       		.byte	0x2
 291 0036 D3       		.byte	0xd3
 292 0037 3B000000 		.4byte	0x3b
 293 003b 04       		.uleb128 0x4
 294 003c 04       		.byte	0x4
 295 003d 07       		.byte	0x7
 296 003e 50010000 		.4byte	.LASF0
 297 0042 04       		.uleb128 0x4
 298 0043 01       		.byte	0x1
 299 0044 06       		.byte	0x6
 300 0045 F8000000 		.4byte	.LASF1
 301 0049 03       		.uleb128 0x3
 302 004a AB000000 		.4byte	.LASF3
 303 004e 03       		.byte	0x3
 304 004f 2A       		.byte	0x2a
 305 0050 54000000 		.4byte	0x54
 306 0054 04       		.uleb128 0x4
 307 0055 01       		.byte	0x1
 308 0056 08       		.byte	0x8
 309 0057 B3000000 		.4byte	.LASF4
 310 005b 04       		.uleb128 0x4
 311 005c 02       		.byte	0x2
 312 005d 05       		.byte	0x5
 313 005e 46010000 		.4byte	.LASF5
 314 0062 04       		.uleb128 0x4
 315 0063 02       		.byte	0x2
 316 0064 07       		.byte	0x7
 317 0065 0E000000 		.4byte	.LASF6
 318 0069 04       		.uleb128 0x4
 319 006a 04       		.byte	0x4
 320 006b 05       		.byte	0x5
 321 006c DB000000 		.4byte	.LASF7
 322 0070 03       		.uleb128 0x3
 323 0071 D2000000 		.4byte	.LASF8
 324 0075 03       		.byte	0x3
 325 0076 50       		.byte	0x50
 326 0077 7B000000 		.4byte	0x7b
 327 007b 04       		.uleb128 0x4
 328 007c 04       		.byte	0x4
 329 007d 07       		.byte	0x7
 330 007e 57000000 		.4byte	.LASF9
 331 0082 04       		.uleb128 0x4
 332 0083 08       		.byte	0x8
 333 0084 05       		.byte	0x5
 334 0085 00000000 		.4byte	.LASF10
 335 0089 04       		.uleb128 0x4
ARM GAS  /tmp/cc3RiSDH.s 			page 7


 336 008a 08       		.byte	0x8
 337 008b 07       		.byte	0x7
 338 008c 69000000 		.4byte	.LASF11
 339 0090 05       		.uleb128 0x5
 340 0091 04       		.byte	0x4
 341 0092 04       		.uleb128 0x4
 342 0093 01       		.byte	0x1
 343 0094 08       		.byte	0x8
 344 0095 C1000000 		.4byte	.LASF12
 345 0099 06       		.uleb128 0x6
 346 009a 04       		.byte	0x4
 347 009b 49000000 		.4byte	0x49
 348 009f 07       		.uleb128 0x7
 349 00a0 01       		.byte	0x1
 350 00a1 3B010000 		.4byte	.LASF23
 351 00a5 01       		.byte	0x1
 352 00a6 42       		.byte	0x42
 353 00a7 01       		.byte	0x1
 354 00a8 00000000 		.4byte	.LFB7
 355 00ac 30000000 		.4byte	.LFE7
 356 00b0 02       		.byte	0x2
 357 00b1 7D       		.byte	0x7d
 358 00b2 00       		.sleb128 0
 359 00b3 D2000000 		.4byte	0xd2
 360 00b7 08       		.uleb128 0x8
 361 00b8 49000000 		.4byte	.LASF13
 362 00bc 01       		.byte	0x1
 363 00bd 44       		.byte	0x44
 364 00be D2000000 		.4byte	0xd2
 365 00c2 01       		.byte	0x1
 366 00c3 01       		.byte	0x1
 367 00c4 08       		.uleb128 0x8
 368 00c5 3C000000 		.4byte	.LASF14
 369 00c9 01       		.byte	0x1
 370 00ca 45       		.byte	0x45
 371 00cb D2000000 		.4byte	0xd2
 372 00cf 01       		.byte	0x1
 373 00d0 01       		.byte	0x1
 374 00d1 00       		.byte	0x0
 375 00d2 09       		.uleb128 0x9
 376 00d3 49000000 		.4byte	0x49
 377 00d7 DD000000 		.4byte	0xdd
 378 00db 0A       		.uleb128 0xa
 379 00dc 00       		.byte	0x0
 380 00dd 0B       		.uleb128 0xb
 381 00de 01       		.byte	0x1
 382 00df C6000000 		.4byte	.LASF15
 383 00e3 01       		.byte	0x1
 384 00e4 5B       		.byte	0x5b
 385 00e5 01       		.byte	0x1
 386 00e6 90000000 		.4byte	0x90
 387 00ea 00000000 		.4byte	.LFB8
 388 00ee 2E000000 		.4byte	.LFE8
 389 00f2 00000000 		.4byte	.LLST0
 390 00f6 47010000 		.4byte	0x147
 391 00fa 0C       		.uleb128 0xc
 392 00fb 04010000 		.4byte	.LASF17
ARM GAS  /tmp/cc3RiSDH.s 			page 8


 393 00ff 01       		.byte	0x1
 394 0100 5B       		.byte	0x5b
 395 0101 30000000 		.4byte	0x30
 396 0105 02       		.byte	0x2
 397 0106 91       		.byte	0x91
 398 0107 6C       		.sleb128 -20
 399 0108 0D       		.uleb128 0xd
 400 0109 7000     		.ascii	"p\000"
 401 010b 01       		.byte	0x1
 402 010c 5C       		.byte	0x5c
 403 010d 90000000 		.4byte	0x90
 404 0111 02       		.byte	0x2
 405 0112 91       		.byte	0x91
 406 0113 74       		.sleb128 -12
 407 0114 0E       		.uleb128 0xe
 408 0115 06000000 		.4byte	.LBB2
 409 0119 0E000000 		.4byte	.LBE2
 410 011d 2F010000 		.4byte	0x12f
 411 0121 0D       		.uleb128 0xd
 412 0122 746D7000 		.ascii	"tmp\000"
 413 0126 01       		.byte	0x1
 414 0127 5E       		.byte	0x5e
 415 0128 70000000 		.4byte	0x70
 416 012c 01       		.byte	0x1
 417 012d 53       		.byte	0x53
 418 012e 00       		.byte	0x0
 419 012f 0F       		.uleb128 0xf
 420 0130 1E000000 		.4byte	.LBB3
 421 0134 26000000 		.4byte	.LBE3
 422 0138 0D       		.uleb128 0xd
 423 0139 746D7000 		.ascii	"tmp\000"
 424 013d 01       		.byte	0x1
 425 013e 60       		.byte	0x60
 426 013f 70000000 		.4byte	0x70
 427 0143 01       		.byte	0x1
 428 0144 53       		.byte	0x53
 429 0145 00       		.byte	0x0
 430 0146 00       		.byte	0x0
 431 0147 0B       		.uleb128 0xb
 432 0148 01       		.byte	0x1
 433 0149 EB000000 		.4byte	.LASF16
 434 014d 01       		.byte	0x1
 435 014e 70       		.byte	0x70
 436 014f 01       		.byte	0x1
 437 0150 90000000 		.4byte	0x90
 438 0154 00000000 		.4byte	.LFB9
 439 0158 54000000 		.4byte	.LFE9
 440 015c 2C000000 		.4byte	.LLST1
 441 0160 7F010000 		.4byte	0x17f
 442 0164 0C       		.uleb128 0xc
 443 0165 04010000 		.4byte	.LASF17
 444 0169 01       		.byte	0x1
 445 016a 70       		.byte	0x70
 446 016b 30000000 		.4byte	0x30
 447 016f 02       		.byte	0x2
 448 0170 91       		.byte	0x91
 449 0171 6C       		.sleb128 -20
ARM GAS  /tmp/cc3RiSDH.s 			page 9


 450 0172 0D       		.uleb128 0xd
 451 0173 7000     		.ascii	"p\000"
 452 0175 01       		.byte	0x1
 453 0176 71       		.byte	0x71
 454 0177 90000000 		.4byte	0x90
 455 017b 02       		.byte	0x2
 456 017c 91       		.byte	0x91
 457 017d 74       		.sleb128 -12
 458 017e 00       		.byte	0x0
 459 017f 10       		.uleb128 0x10
 460 0180 01       		.byte	0x1
 461 0181 5D010000 		.4byte	.LASF24
 462 0185 01       		.byte	0x1
 463 0186 84       		.byte	0x84
 464 0187 01       		.byte	0x1
 465 0188 30000000 		.4byte	0x30
 466 018c 00000000 		.4byte	.LFB10
 467 0190 18000000 		.4byte	.LFE10
 468 0194 02       		.byte	0x2
 469 0195 7D       		.byte	0x7d
 470 0196 00       		.sleb128 0
 471 0197 11       		.uleb128 0x11
 472 0198 34000000 		.4byte	.LASF18
 473 019c 01       		.byte	0x1
 474 019d 3A       		.byte	0x3a
 475 019e 99000000 		.4byte	0x99
 476 01a2 05       		.byte	0x5
 477 01a3 03       		.byte	0x3
 478 01a4 00000000 		.4byte	nextmem
 479 01a8 11       		.uleb128 0x11
 480 01a9 E4000000 		.4byte	.LASF19
 481 01ad 01       		.byte	0x1
 482 01ae 3B       		.byte	0x3b
 483 01af 99000000 		.4byte	0x99
 484 01b3 05       		.byte	0x5
 485 01b4 03       		.byte	0x3
 486 01b5 00000000 		.4byte	endmem
 487 01b9 08       		.uleb128 0x8
 488 01ba 49000000 		.4byte	.LASF13
 489 01be 01       		.byte	0x1
 490 01bf 44       		.byte	0x44
 491 01c0 D2000000 		.4byte	0xd2
 492 01c4 01       		.byte	0x1
 493 01c5 01       		.byte	0x1
 494 01c6 08       		.uleb128 0x8
 495 01c7 3C000000 		.4byte	.LASF14
 496 01cb 01       		.byte	0x1
 497 01cc 45       		.byte	0x45
 498 01cd D2000000 		.4byte	0xd2
 499 01d1 01       		.byte	0x1
 500 01d2 01       		.byte	0x1
 501 01d3 00       		.byte	0x0
 502              		.section	.debug_abbrev
 503 0000 01       		.uleb128 0x1
 504 0001 11       		.uleb128 0x11
 505 0002 01       		.byte	0x1
 506 0003 25       		.uleb128 0x25
ARM GAS  /tmp/cc3RiSDH.s 			page 10


 507 0004 0E       		.uleb128 0xe
 508 0005 13       		.uleb128 0x13
 509 0006 0B       		.uleb128 0xb
 510 0007 03       		.uleb128 0x3
 511 0008 0E       		.uleb128 0xe
 512 0009 1B       		.uleb128 0x1b
 513 000a 0E       		.uleb128 0xe
 514 000b 11       		.uleb128 0x11
 515 000c 01       		.uleb128 0x1
 516 000d 52       		.uleb128 0x52
 517 000e 01       		.uleb128 0x1
 518 000f 55       		.uleb128 0x55
 519 0010 06       		.uleb128 0x6
 520 0011 10       		.uleb128 0x10
 521 0012 06       		.uleb128 0x6
 522 0013 00       		.byte	0x0
 523 0014 00       		.byte	0x0
 524 0015 02       		.uleb128 0x2
 525 0016 24       		.uleb128 0x24
 526 0017 00       		.byte	0x0
 527 0018 0B       		.uleb128 0xb
 528 0019 0B       		.uleb128 0xb
 529 001a 3E       		.uleb128 0x3e
 530 001b 0B       		.uleb128 0xb
 531 001c 03       		.uleb128 0x3
 532 001d 08       		.uleb128 0x8
 533 001e 00       		.byte	0x0
 534 001f 00       		.byte	0x0
 535 0020 03       		.uleb128 0x3
 536 0021 16       		.uleb128 0x16
 537 0022 00       		.byte	0x0
 538 0023 03       		.uleb128 0x3
 539 0024 0E       		.uleb128 0xe
 540 0025 3A       		.uleb128 0x3a
 541 0026 0B       		.uleb128 0xb
 542 0027 3B       		.uleb128 0x3b
 543 0028 0B       		.uleb128 0xb
 544 0029 49       		.uleb128 0x49
 545 002a 13       		.uleb128 0x13
 546 002b 00       		.byte	0x0
 547 002c 00       		.byte	0x0
 548 002d 04       		.uleb128 0x4
 549 002e 24       		.uleb128 0x24
 550 002f 00       		.byte	0x0
 551 0030 0B       		.uleb128 0xb
 552 0031 0B       		.uleb128 0xb
 553 0032 3E       		.uleb128 0x3e
 554 0033 0B       		.uleb128 0xb
 555 0034 03       		.uleb128 0x3
 556 0035 0E       		.uleb128 0xe
 557 0036 00       		.byte	0x0
 558 0037 00       		.byte	0x0
 559 0038 05       		.uleb128 0x5
 560 0039 0F       		.uleb128 0xf
 561 003a 00       		.byte	0x0
 562 003b 0B       		.uleb128 0xb
 563 003c 0B       		.uleb128 0xb
ARM GAS  /tmp/cc3RiSDH.s 			page 11


 564 003d 00       		.byte	0x0
 565 003e 00       		.byte	0x0
 566 003f 06       		.uleb128 0x6
 567 0040 0F       		.uleb128 0xf
 568 0041 00       		.byte	0x0
 569 0042 0B       		.uleb128 0xb
 570 0043 0B       		.uleb128 0xb
 571 0044 49       		.uleb128 0x49
 572 0045 13       		.uleb128 0x13
 573 0046 00       		.byte	0x0
 574 0047 00       		.byte	0x0
 575 0048 07       		.uleb128 0x7
 576 0049 2E       		.uleb128 0x2e
 577 004a 01       		.byte	0x1
 578 004b 3F       		.uleb128 0x3f
 579 004c 0C       		.uleb128 0xc
 580 004d 03       		.uleb128 0x3
 581 004e 0E       		.uleb128 0xe
 582 004f 3A       		.uleb128 0x3a
 583 0050 0B       		.uleb128 0xb
 584 0051 3B       		.uleb128 0x3b
 585 0052 0B       		.uleb128 0xb
 586 0053 27       		.uleb128 0x27
 587 0054 0C       		.uleb128 0xc
 588 0055 11       		.uleb128 0x11
 589 0056 01       		.uleb128 0x1
 590 0057 12       		.uleb128 0x12
 591 0058 01       		.uleb128 0x1
 592 0059 40       		.uleb128 0x40
 593 005a 0A       		.uleb128 0xa
 594 005b 01       		.uleb128 0x1
 595 005c 13       		.uleb128 0x13
 596 005d 00       		.byte	0x0
 597 005e 00       		.byte	0x0
 598 005f 08       		.uleb128 0x8
 599 0060 34       		.uleb128 0x34
 600 0061 00       		.byte	0x0
 601 0062 03       		.uleb128 0x3
 602 0063 0E       		.uleb128 0xe
 603 0064 3A       		.uleb128 0x3a
 604 0065 0B       		.uleb128 0xb
 605 0066 3B       		.uleb128 0x3b
 606 0067 0B       		.uleb128 0xb
 607 0068 49       		.uleb128 0x49
 608 0069 13       		.uleb128 0x13
 609 006a 3F       		.uleb128 0x3f
 610 006b 0C       		.uleb128 0xc
 611 006c 3C       		.uleb128 0x3c
 612 006d 0C       		.uleb128 0xc
 613 006e 00       		.byte	0x0
 614 006f 00       		.byte	0x0
 615 0070 09       		.uleb128 0x9
 616 0071 01       		.uleb128 0x1
 617 0072 01       		.byte	0x1
 618 0073 49       		.uleb128 0x49
 619 0074 13       		.uleb128 0x13
 620 0075 01       		.uleb128 0x1
ARM GAS  /tmp/cc3RiSDH.s 			page 12


 621 0076 13       		.uleb128 0x13
 622 0077 00       		.byte	0x0
 623 0078 00       		.byte	0x0
 624 0079 0A       		.uleb128 0xa
 625 007a 21       		.uleb128 0x21
 626 007b 00       		.byte	0x0
 627 007c 00       		.byte	0x0
 628 007d 00       		.byte	0x0
 629 007e 0B       		.uleb128 0xb
 630 007f 2E       		.uleb128 0x2e
 631 0080 01       		.byte	0x1
 632 0081 3F       		.uleb128 0x3f
 633 0082 0C       		.uleb128 0xc
 634 0083 03       		.uleb128 0x3
 635 0084 0E       		.uleb128 0xe
 636 0085 3A       		.uleb128 0x3a
 637 0086 0B       		.uleb128 0xb
 638 0087 3B       		.uleb128 0x3b
 639 0088 0B       		.uleb128 0xb
 640 0089 27       		.uleb128 0x27
 641 008a 0C       		.uleb128 0xc
 642 008b 49       		.uleb128 0x49
 643 008c 13       		.uleb128 0x13
 644 008d 11       		.uleb128 0x11
 645 008e 01       		.uleb128 0x1
 646 008f 12       		.uleb128 0x12
 647 0090 01       		.uleb128 0x1
 648 0091 40       		.uleb128 0x40
 649 0092 06       		.uleb128 0x6
 650 0093 01       		.uleb128 0x1
 651 0094 13       		.uleb128 0x13
 652 0095 00       		.byte	0x0
 653 0096 00       		.byte	0x0
 654 0097 0C       		.uleb128 0xc
 655 0098 05       		.uleb128 0x5
 656 0099 00       		.byte	0x0
 657 009a 03       		.uleb128 0x3
 658 009b 0E       		.uleb128 0xe
 659 009c 3A       		.uleb128 0x3a
 660 009d 0B       		.uleb128 0xb
 661 009e 3B       		.uleb128 0x3b
 662 009f 0B       		.uleb128 0xb
 663 00a0 49       		.uleb128 0x49
 664 00a1 13       		.uleb128 0x13
 665 00a2 02       		.uleb128 0x2
 666 00a3 0A       		.uleb128 0xa
 667 00a4 00       		.byte	0x0
 668 00a5 00       		.byte	0x0
 669 00a6 0D       		.uleb128 0xd
 670 00a7 34       		.uleb128 0x34
 671 00a8 00       		.byte	0x0
 672 00a9 03       		.uleb128 0x3
 673 00aa 08       		.uleb128 0x8
 674 00ab 3A       		.uleb128 0x3a
 675 00ac 0B       		.uleb128 0xb
 676 00ad 3B       		.uleb128 0x3b
 677 00ae 0B       		.uleb128 0xb
ARM GAS  /tmp/cc3RiSDH.s 			page 13


 678 00af 49       		.uleb128 0x49
 679 00b0 13       		.uleb128 0x13
 680 00b1 02       		.uleb128 0x2
 681 00b2 0A       		.uleb128 0xa
 682 00b3 00       		.byte	0x0
 683 00b4 00       		.byte	0x0
 684 00b5 0E       		.uleb128 0xe
 685 00b6 0B       		.uleb128 0xb
 686 00b7 01       		.byte	0x1
 687 00b8 11       		.uleb128 0x11
 688 00b9 01       		.uleb128 0x1
 689 00ba 12       		.uleb128 0x12
 690 00bb 01       		.uleb128 0x1
 691 00bc 01       		.uleb128 0x1
 692 00bd 13       		.uleb128 0x13
 693 00be 00       		.byte	0x0
 694 00bf 00       		.byte	0x0
 695 00c0 0F       		.uleb128 0xf
 696 00c1 0B       		.uleb128 0xb
 697 00c2 01       		.byte	0x1
 698 00c3 11       		.uleb128 0x11
 699 00c4 01       		.uleb128 0x1
 700 00c5 12       		.uleb128 0x12
 701 00c6 01       		.uleb128 0x1
 702 00c7 00       		.byte	0x0
 703 00c8 00       		.byte	0x0
 704 00c9 10       		.uleb128 0x10
 705 00ca 2E       		.uleb128 0x2e
 706 00cb 00       		.byte	0x0
 707 00cc 3F       		.uleb128 0x3f
 708 00cd 0C       		.uleb128 0xc
 709 00ce 03       		.uleb128 0x3
 710 00cf 0E       		.uleb128 0xe
 711 00d0 3A       		.uleb128 0x3a
 712 00d1 0B       		.uleb128 0xb
 713 00d2 3B       		.uleb128 0x3b
 714 00d3 0B       		.uleb128 0xb
 715 00d4 27       		.uleb128 0x27
 716 00d5 0C       		.uleb128 0xc
 717 00d6 49       		.uleb128 0x49
 718 00d7 13       		.uleb128 0x13
 719 00d8 11       		.uleb128 0x11
 720 00d9 01       		.uleb128 0x1
 721 00da 12       		.uleb128 0x12
 722 00db 01       		.uleb128 0x1
 723 00dc 40       		.uleb128 0x40
 724 00dd 0A       		.uleb128 0xa
 725 00de 00       		.byte	0x0
 726 00df 00       		.byte	0x0
 727 00e0 11       		.uleb128 0x11
 728 00e1 34       		.uleb128 0x34
 729 00e2 00       		.byte	0x0
 730 00e3 03       		.uleb128 0x3
 731 00e4 0E       		.uleb128 0xe
 732 00e5 3A       		.uleb128 0x3a
 733 00e6 0B       		.uleb128 0xb
 734 00e7 3B       		.uleb128 0x3b
ARM GAS  /tmp/cc3RiSDH.s 			page 14


 735 00e8 0B       		.uleb128 0xb
 736 00e9 49       		.uleb128 0x49
 737 00ea 13       		.uleb128 0x13
 738 00eb 02       		.uleb128 0x2
 739 00ec 0A       		.uleb128 0xa
 740 00ed 00       		.byte	0x0
 741 00ee 00       		.byte	0x0
 742 00ef 00       		.byte	0x0
 743              		.section	.debug_pubnames,"",%progbits
 744 0000 4F000000 		.4byte	0x4f
 745 0004 0200     		.2byte	0x2
 746 0006 00000000 		.4byte	.Ldebug_info0
 747 000a D4010000 		.4byte	0x1d4
 748 000e 9F000000 		.4byte	0x9f
 749 0012 5F636F72 		.ascii	"_core_init\000"
 749      655F696E 
 749      697400
 750 001d DD000000 		.4byte	0xdd
 751 0021 6368436F 		.ascii	"chCoreAlloc\000"
 751      7265416C 
 751      6C6F6300 
 752 002d 47010000 		.4byte	0x147
 753 0031 6368436F 		.ascii	"chCoreAllocI\000"
 753      7265416C 
 753      6C6F6349 
 753      00
 754 003e 7F010000 		.4byte	0x17f
 755 0042 6368436F 		.ascii	"chCoreStatus\000"
 755      72655374 
 755      61747573 
 755      00
 756 004f 00000000 		.4byte	0x0
 757              		.section	.debug_pubtypes,"",%progbits
 758 0000 32000000 		.4byte	0x32
 759 0004 0200     		.2byte	0x2
 760 0006 00000000 		.4byte	.Ldebug_info0
 761 000a D4010000 		.4byte	0x1d4
 762 000e 30000000 		.4byte	0x30
 763 0012 73697A65 		.ascii	"size_t\000"
 763      5F7400
 764 0019 49000000 		.4byte	0x49
 765 001d 75696E74 		.ascii	"uint8_t\000"
 765      385F7400 
 766 0025 70000000 		.4byte	0x70
 767 0029 75696E74 		.ascii	"uint32_t\000"
 767      33325F74 
 767      00
 768 0032 00000000 		.4byte	0x0
 769              		.section	.debug_aranges,"",%progbits
 770 0000 34000000 		.4byte	0x34
 771 0004 0200     		.2byte	0x2
 772 0006 00000000 		.4byte	.Ldebug_info0
 773 000a 04       		.byte	0x4
 774 000b 00       		.byte	0x0
 775 000c 0000     		.2byte	0x0
 776 000e 0000     		.2byte	0x0
 777 0010 00000000 		.4byte	.LFB7
ARM GAS  /tmp/cc3RiSDH.s 			page 15


 778 0014 30000000 		.4byte	.LFE7-.LFB7
 779 0018 00000000 		.4byte	.LFB8
 780 001c 2E000000 		.4byte	.LFE8-.LFB8
 781 0020 00000000 		.4byte	.LFB9
 782 0024 54000000 		.4byte	.LFE9-.LFB9
 783 0028 00000000 		.4byte	.LFB10
 784 002c 18000000 		.4byte	.LFE10-.LFB10
 785 0030 00000000 		.4byte	0x0
 786 0034 00000000 		.4byte	0x0
 787              		.section	.debug_ranges,"",%progbits
 788              	.Ldebug_ranges0:
 789 0000 00000000 		.4byte	.LFB7
 790 0004 30000000 		.4byte	.LFE7
 791 0008 00000000 		.4byte	.LFB8
 792 000c 2E000000 		.4byte	.LFE8
 793 0010 00000000 		.4byte	.LFB9
 794 0014 54000000 		.4byte	.LFE9
 795 0018 00000000 		.4byte	.LFB10
 796 001c 18000000 		.4byte	.LFE10
 797 0020 00000000 		.4byte	0x0
 798 0024 00000000 		.4byte	0x0
 799              		.section	.debug_str,"MS",%progbits,1
 800              	.LASF10:
 801 0000 6C6F6E67 		.ascii	"long long int\000"
 801      206C6F6E 
 801      6720696E 
 801      7400
 802              	.LASF6:
 803 000e 73686F72 		.ascii	"short unsigned int\000"
 803      7420756E 
 803      7369676E 
 803      65642069 
 803      6E7400
 804              	.LASF20:
 805 0021 474E5520 		.ascii	"GNU C 4.5.2\000"
 805      4320342E 
 805      352E3200 
 806              	.LASF2:
 807 002d 73697A65 		.ascii	"size_t\000"
 807      5F7400
 808              	.LASF18:
 809 0034 6E657874 		.ascii	"nextmem\000"
 809      6D656D00 
 810              	.LASF14:
 811 003c 5F5F6865 		.ascii	"__heap_end__\000"
 811      61705F65 
 811      6E645F5F 
 811      00
 812              	.LASF13:
 813 0049 5F5F6865 		.ascii	"__heap_base__\000"
 813      61705F62 
 813      6173655F 
 813      5F00
 814              	.LASF9:
 815 0057 6C6F6E67 		.ascii	"long unsigned int\000"
 815      20756E73 
 815      69676E65 
ARM GAS  /tmp/cc3RiSDH.s 			page 16


 815      6420696E 
 815      7400
 816              	.LASF11:
 817 0069 6C6F6E67 		.ascii	"long long unsigned int\000"
 817      206C6F6E 
 817      6720756E 
 817      7369676E 
 817      65642069 
 818              	.LASF21:
 819 0080 2E2E2F63 		.ascii	"../chibios_2.4.x/os/kernel/src/chmemcore.c\000"
 819      68696269 
 819      6F735F32 
 819      2E342E78 
 819      2F6F732F 
 820              	.LASF3:
 821 00ab 75696E74 		.ascii	"uint8_t\000"
 821      385F7400 
 822              	.LASF4:
 823 00b3 756E7369 		.ascii	"unsigned char\000"
 823      676E6564 
 823      20636861 
 823      7200
 824              	.LASF12:
 825 00c1 63686172 		.ascii	"char\000"
 825      00
 826              	.LASF15:
 827 00c6 6368436F 		.ascii	"chCoreAlloc\000"
 827      7265416C 
 827      6C6F6300 
 828              	.LASF8:
 829 00d2 75696E74 		.ascii	"uint32_t\000"
 829      33325F74 
 829      00
 830              	.LASF7:
 831 00db 6C6F6E67 		.ascii	"long int\000"
 831      20696E74 
 831      00
 832              	.LASF19:
 833 00e4 656E646D 		.ascii	"endmem\000"
 833      656D00
 834              	.LASF16:
 835 00eb 6368436F 		.ascii	"chCoreAllocI\000"
 835      7265416C 
 835      6C6F6349 
 835      00
 836              	.LASF1:
 837 00f8 7369676E 		.ascii	"signed char\000"
 837      65642063 
 837      68617200 
 838              	.LASF17:
 839 0104 73697A65 		.ascii	"size\000"
 839      00
 840              	.LASF22:
 841 0109 2F686F6D 		.ascii	"/home/z80/projects/voltamper.git/firmware/voltamp\000"
 841      652F7A38 
 841      302F7072 
 841      6F6A6563 
ARM GAS  /tmp/cc3RiSDH.s 			page 17


 841      74732F76 
 842              	.LASF23:
 843 013b 5F636F72 		.ascii	"_core_init\000"
 843      655F696E 
 843      697400
 844              	.LASF5:
 845 0146 73686F72 		.ascii	"short int\000"
 845      7420696E 
 845      7400
 846              	.LASF0:
 847 0150 756E7369 		.ascii	"unsigned int\000"
 847      676E6564 
 847      20696E74 
 847      00
 848              	.LASF24:
 849 015d 6368436F 		.ascii	"chCoreStatus\000"
 849      72655374 
 849      61747573 
 849      00
 850              		.ident	"GCC: (Sourcery G++ Lite 2011.03-42) 4.5.2"
ARM GAS  /tmp/cc3RiSDH.s 			page 18


DEFINED SYMBOLS
                            *ABS*:00000000 chmemcore.c
     /tmp/cc3RiSDH.s:24     .bss.nextmem:00000000 $d
     /tmp/cc3RiSDH.s:27     .bss.nextmem:00000000 nextmem
     /tmp/cc3RiSDH.s:30     .bss.endmem:00000000 $d
     /tmp/cc3RiSDH.s:33     .bss.endmem:00000000 endmem
     /tmp/cc3RiSDH.s:36     .text._core_init:00000000 $t
     /tmp/cc3RiSDH.s:42     .text._core_init:00000000 _core_init
     /tmp/cc3RiSDH.s:68     .text._core_init:00000020 $d
     /tmp/cc3RiSDH.s:76     .text.chCoreAlloc:00000000 $t
     /tmp/cc3RiSDH.s:82     .text.chCoreAlloc:00000000 chCoreAlloc
     /tmp/cc3RiSDH.s:134    .text.chCoreAllocI:00000000 chCoreAllocI
     /tmp/cc3RiSDH.s:128    .text.chCoreAllocI:00000000 $t
     /tmp/cc3RiSDH.s:191    .text.chCoreAllocI:0000004c $d
     /tmp/cc3RiSDH.s:197    .text.chCoreStatus:00000000 $t
     /tmp/cc3RiSDH.s:203    .text.chCoreStatus:00000000 chCoreStatus
     /tmp/cc3RiSDH.s:223    .text.chCoreStatus:00000010 $d
                     .debug_frame:00000010 $d
     /tmp/cc3RiSDH.s:196    .text.chCoreAllocI:00000054 $t
     /tmp/cc3RiSDH.s:228    .text.chCoreStatus:00000018 $t

UNDEFINED SYMBOLS
__heap_base__
__heap_end__
dbg_check_lock
dbg_check_unlock
chDbgCheckClassI
