ARM GAS  /tmp/ccGsaQgO.s 			page 1


   1              		.syntax unified
   2              		.cpu cortex-m3
   3              		.fpu softvfp
   4              		.eabi_attribute 20, 1
   5              		.eabi_attribute 21, 1
   6              		.eabi_attribute 23, 3
   7              		.eabi_attribute 24, 1
   8              		.eabi_attribute 25, 1
   9              		.eabi_attribute 26, 1
  10              		.eabi_attribute 30, 6
  11              		.eabi_attribute 18, 4
  12              		.thumb
  13              		.file	"chprintf.c"
  14              		.section	.debug_abbrev,"",%progbits
  15              	.Ldebug_abbrev0:
  16              		.section	.debug_info,"",%progbits
  17              	.Ldebug_info0:
  18              		.section	.debug_line,"",%progbits
  19              	.Ldebug_line0:
  20 0000 8B020000 		.text
  20      02009801 
  20      00000201 
  20      FB0E0D00 
  20      01010101 
  21              	.Ltext0:
  22              		.cfi_sections	.debug_frame
  23              		.section	.text.ltoa,"ax",%progbits
  24              		.align	2
  25              		.p2align 4,,15
  26              		.thumb
  27              		.thumb_func
  28              		.type	ltoa, %function
  29              	ltoa:
  30              	.LFB7:
  31              		.file 1 "../chibios_2.4.x/os/various/chprintf.c"
  32              		.loc 1 42 0
  33              		.cfi_startproc
  34              		@ args = 0, pretend = 0, frame = 24
  35              		@ frame_needed = 0, uses_anonymous_args = 0
  36              		@ link register save eliminated.
  37 0000 86B0     		sub	sp, sp, #24
  38              	.LCFI0:
  39              		.cfi_def_cfa_offset 24
  40 0002 0390     		str	r0, [sp, #12]
  41 0004 0291     		str	r1, [sp, #8]
  42 0006 0192     		str	r2, [sp, #4]
  43              		.loc 1 46 0
  44 0008 039B     		ldr	r3, [sp, #12]
  45 000a 03F10B03 		add	r3, r3, #11
  46 000e 0493     		str	r3, [sp, #16]
  47              	.L3:
  48              		.loc 1 48 0
  49 0010 029B     		ldr	r3, [sp, #8]
  50 0012 019A     		ldr	r2, [sp, #4]
  51 0014 B3FBF2F2 		udiv	r2, r3, r2
  52 0018 0199     		ldr	r1, [sp, #4]
  53 001a 01FB02F2 		mul	r2, r1, r2
ARM GAS  /tmp/ccGsaQgO.s 			page 2


  54 001e 9B1A     		subs	r3, r3, r2
  55 0020 0593     		str	r3, [sp, #20]
  56              		.loc 1 49 0
  57 0022 059B     		ldr	r3, [sp, #20]
  58 0024 03F13003 		add	r3, r3, #48
  59 0028 0593     		str	r3, [sp, #20]
  60              		.loc 1 50 0
  61 002a 059B     		ldr	r3, [sp, #20]
  62 002c 392B     		cmp	r3, #57
  63 002e 03DD     		ble	.L2
  64              		.loc 1 51 0
  65 0030 059B     		ldr	r3, [sp, #20]
  66 0032 03F10703 		add	r3, r3, #7
  67 0036 0593     		str	r3, [sp, #20]
  68              	.L2:
  69              		.loc 1 52 0
  70 0038 049B     		ldr	r3, [sp, #16]
  71 003a 03F1FF33 		add	r3, r3, #-1
  72 003e 0493     		str	r3, [sp, #16]
  73 0040 059B     		ldr	r3, [sp, #20]
  74 0042 DAB2     		uxtb	r2, r3
  75 0044 049B     		ldr	r3, [sp, #16]
  76 0046 1A70     		strb	r2, [r3, #0]
  77              		.loc 1 53 0
  78 0048 029A     		ldr	r2, [sp, #8]
  79 004a 019B     		ldr	r3, [sp, #4]
  80 004c B2FBF3F3 		udiv	r3, r2, r3
  81 0050 0293     		str	r3, [sp, #8]
  82 0052 029B     		ldr	r3, [sp, #8]
  83 0054 002B     		cmp	r3, #0
  84 0056 DBD1     		bne	.L3
  85              		.loc 1 55 0
  86 0058 039B     		ldr	r3, [sp, #12]
  87 005a 03F10B03 		add	r3, r3, #11
  88 005e 1A46     		mov	r2, r3
  89 0060 049B     		ldr	r3, [sp, #16]
  90 0062 D31A     		subs	r3, r2, r3
  91 0064 0593     		str	r3, [sp, #20]
  92              	.L4:
  93              		.loc 1 57 0 discriminator 1
  94 0066 049B     		ldr	r3, [sp, #16]
  95 0068 1A78     		ldrb	r2, [r3, #0]	@ zero_extendqisi2
  96 006a 039B     		ldr	r3, [sp, #12]
  97 006c 1A70     		strb	r2, [r3, #0]
  98 006e 039B     		ldr	r3, [sp, #12]
  99 0070 03F10103 		add	r3, r3, #1
 100 0074 0393     		str	r3, [sp, #12]
 101 0076 049B     		ldr	r3, [sp, #16]
 102 0078 03F10103 		add	r3, r3, #1
 103 007c 0493     		str	r3, [sp, #16]
 104              		.loc 1 58 0 discriminator 1
 105 007e 059B     		ldr	r3, [sp, #20]
 106 0080 03F1FF33 		add	r3, r3, #-1
 107 0084 0593     		str	r3, [sp, #20]
 108 0086 059B     		ldr	r3, [sp, #20]
 109 0088 002B     		cmp	r3, #0
 110 008a ECD1     		bne	.L4
ARM GAS  /tmp/ccGsaQgO.s 			page 3


 111              		.loc 1 60 0
 112 008c 039B     		ldr	r3, [sp, #12]
 113              		.loc 1 61 0
 114 008e 1846     		mov	r0, r3
 115 0090 06B0     		add	sp, sp, #24
 116 0092 7047     		bx	lr
 117              		.cfi_endproc
 118              	.LFE7:
 119              		.size	ltoa, .-ltoa
 120 0094 AFF30080 		.section	.rodata
 120      AFF30080 
 120      AFF30080 
 121              		.align	2
 122              	.LC0:
 123 0000 286E756C 		.ascii	"(null)\000"
 123      6C2900
 124 0007 00       		.section	.text.chprintf,"ax",%progbits
 125              		.align	2
 126              		.p2align 4,,15
 127              		.global	chprintf
 128              		.thumb
 129              		.thumb_func
 130              		.type	chprintf, %function
 131              	chprintf:
 132              	.LFB8:
 133              		.loc 1 86 0
 134              		.cfi_startproc
 135              		@ args = 4, pretend = 12, frame = 64
 136              		@ frame_needed = 0, uses_anonymous_args = 1
 137 0000 0EB4     		push	{r1, r2, r3}
 138              	.LCFI1:
 139              		.cfi_def_cfa_offset 12
 140 0002 00B5     		push	{lr}
 141              	.LCFI2:
 142              		.cfi_def_cfa_offset 16
 143 0004 90B0     		sub	sp, sp, #64
 144              	.LCFI3:
 145              		.cfi_def_cfa_offset 80
 146 0006 0190     		str	r0, [sp, #4]
 147              		.loc 1 94 0
 148 0008 12AB     		add	r3, sp, #72
 149              		.cfi_offset 14, -16
 150              		.cfi_offset 3, -4
 151              		.cfi_offset 2, -8
 152              		.cfi_offset 1, -12
 153 000a 0693     		str	r3, [sp, #24]
 154              	.L54:
 155              		.loc 1 96 0
 156 000c 119B     		ldr	r3, [sp, #68]
 157 000e 1B78     		ldrb	r3, [r3, #0]
 158 0010 8DF83730 		strb	r3, [sp, #55]
 159 0014 119B     		ldr	r3, [sp, #68]
 160 0016 03F10103 		add	r3, r3, #1
 161 001a 1193     		str	r3, [sp, #68]
 162              		.loc 1 97 0
 163 001c 9DF83730 		ldrb	r3, [sp, #55]	@ zero_extendqisi2
 164 0020 002B     		cmp	r3, #0
ARM GAS  /tmp/ccGsaQgO.s 			page 4


 165 0022 00F03682 		beq	.L56
 166              	.L6:
 167              		.loc 1 101 0
 168 0026 9DF83730 		ldrb	r3, [sp, #55]	@ zero_extendqisi2
 169 002a 252B     		cmp	r3, #37
 170 002c 0BD0     		beq	.L7
 171              		.loc 1 102 0
 172 002e 019B     		ldr	r3, [sp, #4]
 173 0030 1B68     		ldr	r3, [r3, #0]
 174 0032 1B69     		ldr	r3, [r3, #16]
 175 0034 9DF83720 		ldrb	r2, [sp, #55]	@ zero_extendqisi2
 176 0038 0198     		ldr	r0, [sp, #4]
 177 003a 1146     		mov	r1, r2
 178 003c 4FF0FF32 		mov	r2, #-1
 179 0040 9847     		blx	r3
 180              		.loc 1 103 0
 181 0042 00BF     		nop
 182              		.loc 1 221 0
 183 0044 E2E7     		b	.L54
 184              	.L7:
 185              		.loc 1 105 0
 186 0046 03AB     		add	r3, sp, #12
 187 0048 0F93     		str	r3, [sp, #60]
 188              		.loc 1 106 0
 189 004a 03AB     		add	r3, sp, #12
 190 004c 0E93     		str	r3, [sp, #56]
 191              		.loc 1 107 0
 192 004e 4FF00003 		mov	r3, #0
 193 0052 0893     		str	r3, [sp, #32]
 194              		.loc 1 108 0
 195 0054 119B     		ldr	r3, [sp, #68]
 196 0056 1B78     		ldrb	r3, [r3, #0]	@ zero_extendqisi2
 197 0058 2D2B     		cmp	r3, #45
 198 005a 06D1     		bne	.L9
 199              		.loc 1 109 0
 200 005c 119B     		ldr	r3, [sp, #68]
 201 005e 03F10103 		add	r3, r3, #1
 202 0062 1193     		str	r3, [sp, #68]
 203              		.loc 1 110 0
 204 0064 4FF00103 		mov	r3, #1
 205 0068 0893     		str	r3, [sp, #32]
 206              	.L9:
 207              		.loc 1 112 0
 208 006a 4FF02003 		mov	r3, #32
 209 006e 8DF83630 		strb	r3, [sp, #54]
 210              		.loc 1 113 0
 211 0072 119B     		ldr	r3, [sp, #68]
 212 0074 1B78     		ldrb	r3, [r3, #0]	@ zero_extendqisi2
 213 0076 2E2B     		cmp	r3, #46
 214 0078 07D1     		bne	.L10
 215              		.loc 1 114 0
 216 007a 119B     		ldr	r3, [sp, #68]
 217 007c 03F10103 		add	r3, r3, #1
 218 0080 1193     		str	r3, [sp, #68]
 219              		.loc 1 115 0
 220 0082 4FF03003 		mov	r3, #48
 221 0086 8DF83630 		strb	r3, [sp, #54]
ARM GAS  /tmp/ccGsaQgO.s 			page 5


 222              	.L10:
 223              		.loc 1 117 0
 224 008a 4FF00003 		mov	r3, #0
 225 008e 0A93     		str	r3, [sp, #40]
 226              	.L16:
 227              		.loc 1 119 0
 228 0090 119B     		ldr	r3, [sp, #68]
 229 0092 1B78     		ldrb	r3, [r3, #0]
 230 0094 8DF83730 		strb	r3, [sp, #55]
 231 0098 119B     		ldr	r3, [sp, #68]
 232 009a 03F10103 		add	r3, r3, #1
 233 009e 1193     		str	r3, [sp, #68]
 234              		.loc 1 120 0
 235 00a0 9DF83730 		ldrb	r3, [sp, #55]	@ zero_extendqisi2
 236 00a4 2F2B     		cmp	r3, #47
 237 00a6 0AD9     		bls	.L11
 238              		.loc 1 120 0 is_stmt 0 discriminator 1
 239 00a8 9DF83730 		ldrb	r3, [sp, #55]	@ zero_extendqisi2
 240 00ac 392B     		cmp	r3, #57
 241 00ae 06D8     		bhi	.L11
 242              		.loc 1 121 0 is_stmt 1
 243 00b0 9DF83730 		ldrb	r3, [sp, #55]
 244 00b4 A3F13003 		sub	r3, r3, #48
 245 00b8 8DF83730 		strb	r3, [sp, #55]
 246 00bc 13E0     		b	.L12
 247              	.L11:
 248              		.loc 1 122 0
 249 00be 9DF83730 		ldrb	r3, [sp, #55]	@ zero_extendqisi2
 250 00c2 2A2B     		cmp	r3, #42
 251 00c4 07D1     		bne	.L13
 252              		.loc 1 123 0
 253 00c6 069B     		ldr	r3, [sp, #24]
 254 00c8 03F10402 		add	r2, r3, #4
 255 00cc 0692     		str	r2, [sp, #24]
 256 00ce 1B68     		ldr	r3, [r3, #0]
 257 00d0 8DF83730 		strb	r3, [sp, #55]
 258 00d4 07E0     		b	.L12
 259              	.L13:
 260              		.loc 1 128 0
 261 00d6 4FF00003 		mov	r3, #0
 262 00da 0B93     		str	r3, [sp, #44]
 263              		.loc 1 129 0
 264 00dc 9DF83730 		ldrb	r3, [sp, #55]	@ zero_extendqisi2
 265 00e0 2E2B     		cmp	r3, #46
 266 00e2 0DD0     		beq	.L14
 267 00e4 3DE0     		b	.L15
 268              	.L12:
 269              		.loc 1 126 0
 270 00e6 0A9A     		ldr	r2, [sp, #40]
 271 00e8 1346     		mov	r3, r2
 272 00ea 4FEA8303 		lsl	r3, r3, #2
 273 00ee 9B18     		adds	r3, r3, r2
 274 00f0 4FEA4303 		lsl	r3, r3, #1
 275 00f4 1A46     		mov	r2, r3
 276 00f6 9DF83730 		ldrb	r3, [sp, #55]	@ zero_extendqisi2
 277 00fa D318     		adds	r3, r2, r3
 278 00fc 0A93     		str	r3, [sp, #40]
ARM GAS  /tmp/ccGsaQgO.s 			page 6


 279              		.loc 1 127 0
 280 00fe C7E7     		b	.L16
 281              	.L14:
 282              		.loc 1 131 0
 283 0100 119B     		ldr	r3, [sp, #68]
 284 0102 1B78     		ldrb	r3, [r3, #0]
 285 0104 8DF83730 		strb	r3, [sp, #55]
 286 0108 119B     		ldr	r3, [sp, #68]
 287 010a 03F10103 		add	r3, r3, #1
 288 010e 1193     		str	r3, [sp, #68]
 289              		.loc 1 132 0
 290 0110 9DF83730 		ldrb	r3, [sp, #55]	@ zero_extendqisi2
 291 0114 2F2B     		cmp	r3, #47
 292 0116 0AD9     		bls	.L17
 293              		.loc 1 132 0 is_stmt 0 discriminator 1
 294 0118 9DF83730 		ldrb	r3, [sp, #55]	@ zero_extendqisi2
 295 011c 392B     		cmp	r3, #57
 296 011e 06D8     		bhi	.L17
 297              		.loc 1 133 0 is_stmt 1
 298 0120 9DF83730 		ldrb	r3, [sp, #55]
 299 0124 A3F13003 		sub	r3, r3, #48
 300 0128 8DF83730 		strb	r3, [sp, #55]
 301 012c 0AE0     		b	.L18
 302              	.L17:
 303              		.loc 1 134 0
 304 012e 9DF83730 		ldrb	r3, [sp, #55]	@ zero_extendqisi2
 305 0132 2A2B     		cmp	r3, #42
 306 0134 14D1     		bne	.L57
 307              		.loc 1 135 0
 308 0136 069B     		ldr	r3, [sp, #24]
 309 0138 03F10402 		add	r2, r3, #4
 310 013c 0692     		str	r2, [sp, #24]
 311 013e 1B68     		ldr	r3, [r3, #0]
 312 0140 8DF83730 		strb	r3, [sp, #55]
 313              	.L18:
 314              		.loc 1 138 0
 315 0144 0B9A     		ldr	r2, [sp, #44]
 316 0146 1346     		mov	r3, r2
 317 0148 4FEA8303 		lsl	r3, r3, #2
 318 014c 9B18     		adds	r3, r3, r2
 319 014e 4FEA4303 		lsl	r3, r3, #1
 320 0152 0B93     		str	r3, [sp, #44]
 321              		.loc 1 139 0
 322 0154 9DF83730 		ldrb	r3, [sp, #55]	@ zero_extendqisi2
 323 0158 0B9A     		ldr	r2, [sp, #44]
 324 015a D318     		adds	r3, r2, r3
 325 015c 0B93     		str	r3, [sp, #44]
 326              		.loc 1 140 0
 327 015e CFE7     		b	.L14
 328              	.L57:
 329              		.loc 1 137 0
 330 0160 00BF     		nop
 331              	.L15:
 332              		.loc 1 143 0
 333 0162 9DF83730 		ldrb	r3, [sp, #55]	@ zero_extendqisi2
 334 0166 6C2B     		cmp	r3, #108
 335 0168 03D0     		beq	.L20
ARM GAS  /tmp/ccGsaQgO.s 			page 7


 336              		.loc 1 143 0 is_stmt 0 discriminator 1
 337 016a 9DF83730 		ldrb	r3, [sp, #55]	@ zero_extendqisi2
 338 016e 4C2B     		cmp	r3, #76
 339 0170 0FD1     		bne	.L21
 340              	.L20:
 341              		.loc 1 144 0 is_stmt 1
 342 0172 4FF00103 		mov	r3, #1
 343 0176 0993     		str	r3, [sp, #36]
 344              		.loc 1 145 0
 345 0178 119B     		ldr	r3, [sp, #68]
 346 017a 1B78     		ldrb	r3, [r3, #0]	@ zero_extendqisi2
 347 017c 002B     		cmp	r3, #0
 348 017e 16D0     		beq	.L23
 349              		.loc 1 146 0
 350 0180 119B     		ldr	r3, [sp, #68]
 351 0182 1B78     		ldrb	r3, [r3, #0]
 352 0184 8DF83730 		strb	r3, [sp, #55]
 353 0188 119B     		ldr	r3, [sp, #68]
 354 018a 03F10103 		add	r3, r3, #1
 355 018e 1193     		str	r3, [sp, #68]
 356              		.loc 1 145 0
 357 0190 0DE0     		b	.L23
 358              	.L21:
 359              		.loc 1 149 0
 360 0192 9DF83730 		ldrb	r3, [sp, #55]	@ zero_extendqisi2
 361 0196 402B     		cmp	r3, #64
 362 0198 06D9     		bls	.L24
 363              		.loc 1 149 0 is_stmt 0 discriminator 1
 364 019a 9DF83730 		ldrb	r3, [sp, #55]	@ zero_extendqisi2
 365 019e 5A2B     		cmp	r3, #90
 366 01a0 02D8     		bhi	.L24
 367 01a2 4FF00103 		mov	r3, #1
 368 01a6 01E0     		b	.L25
 369              	.L24:
 370              		.loc 1 149 0 discriminator 2
 371 01a8 4FF00003 		mov	r3, #0
 372              	.L25:
 373              		.loc 1 149 0 discriminator 3
 374 01ac 0993     		str	r3, [sp, #36]
 375              	.L23:
 376              		.loc 1 152 0 is_stmt 1
 377 01ae 9DF83730 		ldrb	r3, [sp, #55]	@ zero_extendqisi2
 378 01b2 A3F14403 		sub	r3, r3, #68
 379 01b6 342B     		cmp	r3, #52
 380 01b8 00F2F580 		bhi	.L26
 381 01bc 01A2     		adr	r2, .L33
 382 01be 52F823F0 		ldr	pc, [r2, r3, lsl #2]
 383 01c2 00BF     		.align	2
 384              	.L33:
 385 01c4 0B030000 		.word	.L27+1
 386 01c8 A7030000 		.word	.L26+1
 387 01cc A7030000 		.word	.L26+1
 388 01d0 A7030000 		.word	.L26+1
 389 01d4 A7030000 		.word	.L26+1
 390 01d8 A7030000 		.word	.L26+1
 391 01dc A7030000 		.word	.L26+1
 392 01e0 A7030000 		.word	.L26+1
ARM GAS  /tmp/ccGsaQgO.s 			page 8


 393 01e4 A7030000 		.word	.L26+1
 394 01e8 A7030000 		.word	.L26+1
 395 01ec A7030000 		.word	.L26+1
 396 01f0 6D030000 		.word	.L28+1
 397 01f4 A7030000 		.word	.L26+1
 398 01f8 A7030000 		.word	.L26+1
 399 01fc A7030000 		.word	.L26+1
 400 0200 A7030000 		.word	.L26+1
 401 0204 A7030000 		.word	.L26+1
 402 0208 63030000 		.word	.L29+1
 403 020c A7030000 		.word	.L26+1
 404 0210 A7030000 		.word	.L26+1
 405 0214 59030000 		.word	.L30+1
 406 0218 A7030000 		.word	.L26+1
 407 021c A7030000 		.word	.L26+1
 408 0220 A7030000 		.word	.L26+1
 409 0224 A7030000 		.word	.L26+1
 410 0228 A7030000 		.word	.L26+1
 411 022c A7030000 		.word	.L26+1
 412 0230 A7030000 		.word	.L26+1
 413 0234 A7030000 		.word	.L26+1
 414 0238 A7030000 		.word	.L26+1
 415 023c A7030000 		.word	.L26+1
 416 0240 99020000 		.word	.L31+1
 417 0244 0B030000 		.word	.L27+1
 418 0248 A7030000 		.word	.L26+1
 419 024c A7030000 		.word	.L26+1
 420 0250 A7030000 		.word	.L26+1
 421 0254 A7030000 		.word	.L26+1
 422 0258 A7030000 		.word	.L26+1
 423 025c A7030000 		.word	.L26+1
 424 0260 A7030000 		.word	.L26+1
 425 0264 A7030000 		.word	.L26+1
 426 0268 A7030000 		.word	.L26+1
 427 026c A7030000 		.word	.L26+1
 428 0270 6D030000 		.word	.L28+1
 429 0274 A7030000 		.word	.L26+1
 430 0278 A7030000 		.word	.L26+1
 431 027c A7030000 		.word	.L26+1
 432 0280 BB020000 		.word	.L32+1
 433 0284 A7030000 		.word	.L26+1
 434 0288 63030000 		.word	.L29+1
 435 028c A7030000 		.word	.L26+1
 436 0290 A7030000 		.word	.L26+1
 437 0294 59030000 		.word	.L30+1
 438              	.L31:
 439              		.loc 1 154 0
 440 0298 4FF02003 		mov	r3, #32
 441 029c 8DF83630 		strb	r3, [sp, #54]
 442              		.loc 1 155 0
 443 02a0 069B     		ldr	r3, [sp, #24]
 444 02a2 03F10402 		add	r2, r3, #4
 445 02a6 0692     		str	r2, [sp, #24]
 446 02a8 1B68     		ldr	r3, [r3, #0]
 447 02aa DAB2     		uxtb	r2, r3
 448 02ac 0F9B     		ldr	r3, [sp, #60]
 449 02ae 1A70     		strb	r2, [r3, #0]
ARM GAS  /tmp/ccGsaQgO.s 			page 9


 450 02b0 0F9B     		ldr	r3, [sp, #60]
 451 02b2 03F10103 		add	r3, r3, #1
 452 02b6 0F93     		str	r3, [sp, #60]
 453              		.loc 1 156 0
 454 02b8 7FE0     		b	.L34
 455              	.L32:
 456              		.loc 1 158 0
 457 02ba 4FF02003 		mov	r3, #32
 458 02be 8DF83630 		strb	r3, [sp, #54]
 459              		.loc 1 159 0
 460 02c2 069B     		ldr	r3, [sp, #24]
 461 02c4 03F10402 		add	r2, r3, #4
 462 02c8 0692     		str	r2, [sp, #24]
 463 02ca 1B68     		ldr	r3, [r3, #0]
 464 02cc 0E93     		str	r3, [sp, #56]
 465 02ce 0E9B     		ldr	r3, [sp, #56]
 466 02d0 002B     		cmp	r3, #0
 467 02d2 01D1     		bne	.L35
 468              		.loc 1 160 0
 469 02d4 724B     		ldr	r3, .L59
 470 02d6 0E93     		str	r3, [sp, #56]
 471              	.L35:
 472              		.loc 1 161 0
 473 02d8 0B9B     		ldr	r3, [sp, #44]
 474 02da 002B     		cmp	r3, #0
 475 02dc 02D1     		bne	.L36
 476              		.loc 1 162 0
 477 02de 47F6FF73 		movw	r3, #32767
 478 02e2 0B93     		str	r3, [sp, #44]
 479              	.L36:
 480              		.loc 1 163 0
 481 02e4 0E9B     		ldr	r3, [sp, #56]
 482 02e6 0F93     		str	r3, [sp, #60]
 483 02e8 03E0     		b	.L37
 484              	.L39:
 485              		.loc 1 163 0 is_stmt 0 discriminator 1
 486 02ea 0F9B     		ldr	r3, [sp, #60]
 487 02ec 03F10103 		add	r3, r3, #1
 488 02f0 0F93     		str	r3, [sp, #60]
 489              	.L37:
 490 02f2 0F9B     		ldr	r3, [sp, #60]
 491 02f4 1B78     		ldrb	r3, [r3, #0]	@ zero_extendqisi2
 492 02f6 002B     		cmp	r3, #0
 493 02f8 5ED0     		beq	.L58
 494              		.loc 1 163 0 discriminator 2
 495 02fa 0B9B     		ldr	r3, [sp, #44]
 496 02fc 03F1FF33 		add	r3, r3, #-1
 497 0300 0B93     		str	r3, [sp, #44]
 498 0302 0B9B     		ldr	r3, [sp, #44]
 499 0304 002B     		cmp	r3, #0
 500 0306 F0DA     		bge	.L39
 501              		.loc 1 165 0 is_stmt 1
 502 0308 57E0     		b	.L34
 503              	.L27:
 504              		.loc 1 168 0
 505 030a 099B     		ldr	r3, [sp, #36]
 506 030c 002B     		cmp	r3, #0
ARM GAS  /tmp/ccGsaQgO.s 			page 10


 507 030e 06D0     		beq	.L40
 508              		.loc 1 169 0
 509 0310 069B     		ldr	r3, [sp, #24]
 510 0312 03F10402 		add	r2, r3, #4
 511 0316 0692     		str	r2, [sp, #24]
 512 0318 1B68     		ldr	r3, [r3, #0]
 513 031a 0793     		str	r3, [sp, #28]
 514 031c 05E0     		b	.L41
 515              	.L40:
 516              		.loc 1 171 0
 517 031e 069B     		ldr	r3, [sp, #24]
 518 0320 03F10402 		add	r2, r3, #4
 519 0324 0692     		str	r2, [sp, #24]
 520 0326 1B68     		ldr	r3, [r3, #0]
 521 0328 0793     		str	r3, [sp, #28]
 522              	.L41:
 523              		.loc 1 172 0
 524 032a 079B     		ldr	r3, [sp, #28]
 525 032c 002B     		cmp	r3, #0
 526 032e 0BDA     		bge	.L42
 527              		.loc 1 173 0
 528 0330 0F9B     		ldr	r3, [sp, #60]
 529 0332 4FF02D02 		mov	r2, #45
 530 0336 1A70     		strb	r2, [r3, #0]
 531 0338 0F9B     		ldr	r3, [sp, #60]
 532 033a 03F10103 		add	r3, r3, #1
 533 033e 0F93     		str	r3, [sp, #60]
 534              		.loc 1 174 0
 535 0340 079B     		ldr	r3, [sp, #28]
 536 0342 C3F10003 		rsb	r3, r3, #0
 537 0346 0793     		str	r3, [sp, #28]
 538              	.L42:
 539              		.loc 1 176 0
 540 0348 0F98     		ldr	r0, [sp, #60]
 541 034a 0799     		ldr	r1, [sp, #28]
 542 034c 4FF00A02 		mov	r2, #10
 543 0350 FFF7FEFF 		bl	ltoa
 544 0354 0F90     		str	r0, [sp, #60]
 545              		.loc 1 177 0
 546 0356 30E0     		b	.L34
 547              	.L30:
 548              		.loc 1 180 0
 549 0358 4FF01003 		mov	r3, #16
 550 035c 8DF83730 		strb	r3, [sp, #55]
 551              		.loc 1 181 0
 552 0360 08E0     		b	.L43
 553              	.L29:
 554              		.loc 1 184 0
 555 0362 4FF00A03 		mov	r3, #10
 556 0366 8DF83730 		strb	r3, [sp, #55]
 557              		.loc 1 185 0
 558 036a 03E0     		b	.L43
 559              	.L28:
 560              		.loc 1 188 0
 561 036c 4FF00803 		mov	r3, #8
 562 0370 8DF83730 		strb	r3, [sp, #55]
 563              	.L43:
ARM GAS  /tmp/ccGsaQgO.s 			page 11


 564              		.loc 1 190 0
 565 0374 099B     		ldr	r3, [sp, #36]
 566 0376 002B     		cmp	r3, #0
 567 0378 06D0     		beq	.L44
 568              		.loc 1 191 0
 569 037a 069B     		ldr	r3, [sp, #24]
 570 037c 03F10402 		add	r2, r3, #4
 571 0380 0692     		str	r2, [sp, #24]
 572 0382 1B68     		ldr	r3, [r3, #0]
 573 0384 0793     		str	r3, [sp, #28]
 574 0386 05E0     		b	.L45
 575              	.L44:
 576              		.loc 1 193 0
 577 0388 069B     		ldr	r3, [sp, #24]
 578 038a 03F10402 		add	r2, r3, #4
 579 038e 0692     		str	r2, [sp, #24]
 580 0390 1B68     		ldr	r3, [r3, #0]
 581 0392 0793     		str	r3, [sp, #28]
 582              	.L45:
 583              		.loc 1 194 0
 584 0394 9DF83730 		ldrb	r3, [sp, #55]	@ zero_extendqisi2
 585 0398 0F98     		ldr	r0, [sp, #60]
 586 039a 0799     		ldr	r1, [sp, #28]
 587 039c 1A46     		mov	r2, r3
 588 039e FFF7FEFF 		bl	ltoa
 589 03a2 0F90     		str	r0, [sp, #60]
 590              		.loc 1 195 0
 591 03a4 09E0     		b	.L34
 592              	.L26:
 593              		.loc 1 197 0
 594 03a6 0F9B     		ldr	r3, [sp, #60]
 595 03a8 9DF83720 		ldrb	r2, [sp, #55]
 596 03ac 1A70     		strb	r2, [r3, #0]
 597 03ae 0F9B     		ldr	r3, [sp, #60]
 598 03b0 03F10103 		add	r3, r3, #1
 599 03b4 0F93     		str	r3, [sp, #60]
 600              		.loc 1 198 0
 601 03b6 00E0     		b	.L34
 602              	.L58:
 603              		.loc 1 165 0
 604 03b8 00BF     		nop
 605              	.L34:
 606              		.loc 1 200 0
 607 03ba 0F9A     		ldr	r2, [sp, #60]
 608 03bc 0E9B     		ldr	r3, [sp, #56]
 609 03be D31A     		subs	r3, r2, r3
 610 03c0 0C93     		str	r3, [sp, #48]
 611              		.loc 1 201 0
 612 03c2 0A9A     		ldr	r2, [sp, #40]
 613 03c4 0C9B     		ldr	r3, [sp, #48]
 614 03c6 D31A     		subs	r3, r2, r3
 615 03c8 0A93     		str	r3, [sp, #40]
 616 03ca 0A9B     		ldr	r3, [sp, #40]
 617 03cc 002B     		cmp	r3, #0
 618 03ce 02DA     		bge	.L46
 619              		.loc 1 202 0
 620 03d0 4FF00003 		mov	r3, #0
ARM GAS  /tmp/ccGsaQgO.s 			page 12


 621 03d4 0A93     		str	r3, [sp, #40]
 622              	.L46:
 623              		.loc 1 203 0
 624 03d6 089B     		ldr	r3, [sp, #32]
 625 03d8 002B     		cmp	r3, #0
 626 03da 03D1     		bne	.L47
 627              		.loc 1 204 0
 628 03dc 0A9B     		ldr	r3, [sp, #40]
 629 03de C3F10003 		rsb	r3, r3, #0
 630 03e2 0A93     		str	r3, [sp, #40]
 631              	.L47:
 632              		.loc 1 205 0
 633 03e4 0A9B     		ldr	r3, [sp, #40]
 634 03e6 002B     		cmp	r3, #0
 635 03e8 39DA     		bge	.L50
 636              		.loc 1 206 0
 637 03ea 0E9B     		ldr	r3, [sp, #56]
 638 03ec 1B78     		ldrb	r3, [r3, #0]	@ zero_extendqisi2
 639 03ee 2D2B     		cmp	r3, #45
 640 03f0 15D1     		bne	.L49
 641              		.loc 1 206 0 is_stmt 0 discriminator 1
 642 03f2 9DF83630 		ldrb	r3, [sp, #54]	@ zero_extendqisi2
 643 03f6 302B     		cmp	r3, #48
 644 03f8 11D1     		bne	.L49
 645              		.loc 1 207 0 is_stmt 1
 646 03fa 019B     		ldr	r3, [sp, #4]
 647 03fc 1B68     		ldr	r3, [r3, #0]
 648 03fe 1B69     		ldr	r3, [r3, #16]
 649 0400 0E9A     		ldr	r2, [sp, #56]
 650 0402 1278     		ldrb	r2, [r2, #0]	@ zero_extendqisi2
 651 0404 0E99     		ldr	r1, [sp, #56]
 652 0406 01F10101 		add	r1, r1, #1
 653 040a 0E91     		str	r1, [sp, #56]
 654 040c 0198     		ldr	r0, [sp, #4]
 655 040e 1146     		mov	r1, r2
 656 0410 4FF0FF32 		mov	r2, #-1
 657 0414 9847     		blx	r3
 658              		.loc 1 208 0
 659 0416 0C9B     		ldr	r3, [sp, #48]
 660 0418 03F1FF33 		add	r3, r3, #-1
 661 041c 0C93     		str	r3, [sp, #48]
 662              	.L49:
 663              		.loc 1 211 0 discriminator 1
 664 041e 019B     		ldr	r3, [sp, #4]
 665 0420 1B68     		ldr	r3, [r3, #0]
 666 0422 1B69     		ldr	r3, [r3, #16]
 667 0424 9DF83620 		ldrb	r2, [sp, #54]	@ zero_extendqisi2
 668 0428 0198     		ldr	r0, [sp, #4]
 669 042a 1146     		mov	r1, r2
 670 042c 4FF0FF32 		mov	r2, #-1
 671 0430 9847     		blx	r3
 672              		.loc 1 212 0 discriminator 1
 673 0432 0A9B     		ldr	r3, [sp, #40]
 674 0434 03F10103 		add	r3, r3, #1
 675 0438 0A93     		str	r3, [sp, #40]
 676 043a 0A9B     		ldr	r3, [sp, #40]
 677 043c 002B     		cmp	r3, #0
ARM GAS  /tmp/ccGsaQgO.s 			page 13


 678 043e EED1     		bne	.L49
 679              		.loc 1 214 0
 680 0440 0DE0     		b	.L50
 681              	.L51:
 682              		.loc 1 215 0
 683 0442 019B     		ldr	r3, [sp, #4]
 684 0444 1B68     		ldr	r3, [r3, #0]
 685 0446 1B69     		ldr	r3, [r3, #16]
 686 0448 0E9A     		ldr	r2, [sp, #56]
 687 044a 1278     		ldrb	r2, [r2, #0]	@ zero_extendqisi2
 688 044c 0E99     		ldr	r1, [sp, #56]
 689 044e 01F10101 		add	r1, r1, #1
 690 0452 0E91     		str	r1, [sp, #56]
 691 0454 0198     		ldr	r0, [sp, #4]
 692 0456 1146     		mov	r1, r2
 693 0458 4FF0FF32 		mov	r2, #-1
 694 045c 9847     		blx	r3
 695              	.L50:
 696              		.loc 1 214 0 discriminator 1
 697 045e 0C9B     		ldr	r3, [sp, #48]
 698 0460 03F1FF33 		add	r3, r3, #-1
 699 0464 0C93     		str	r3, [sp, #48]
 700 0466 0C9B     		ldr	r3, [sp, #48]
 701 0468 002B     		cmp	r3, #0
 702 046a EADA     		bge	.L51
 703              		.loc 1 217 0
 704 046c 0DE0     		b	.L52
 705              	.L53:
 706              		.loc 1 218 0
 707 046e 019B     		ldr	r3, [sp, #4]
 708 0470 1B68     		ldr	r3, [r3, #0]
 709 0472 1B69     		ldr	r3, [r3, #16]
 710 0474 9DF83620 		ldrb	r2, [sp, #54]	@ zero_extendqisi2
 711 0478 0198     		ldr	r0, [sp, #4]
 712 047a 1146     		mov	r1, r2
 713 047c 4FF0FF32 		mov	r2, #-1
 714 0480 9847     		blx	r3
 715              		.loc 1 219 0
 716 0482 0A9B     		ldr	r3, [sp, #40]
 717 0484 03F1FF33 		add	r3, r3, #-1
 718 0488 0A93     		str	r3, [sp, #40]
 719              	.L52:
 720              		.loc 1 217 0 discriminator 1
 721 048a 0A9B     		ldr	r3, [sp, #40]
 722 048c 002B     		cmp	r3, #0
 723 048e EED1     		bne	.L53
 724              		.loc 1 221 0
 725 0490 BCE5     		b	.L54
 726              	.L56:
 727              		.loc 1 98 0
 728 0492 00BF     		nop
 729              	.L55:
 730              		.loc 1 222 0
 731 0494 10B0     		add	sp, sp, #64
 732 0496 5DF804EB 		pop	{lr}
 733 049a 03B0     		add	sp, sp, #12
 734 049c 7047     		bx	lr
ARM GAS  /tmp/ccGsaQgO.s 			page 14


 735              	.L60:
 736 049e 00BF     		.align	2
 737              	.L59:
 738 04a0 00000000 		.word	.LC0
 739              		.cfi_endproc
 740              	.LFE8:
 741              		.size	chprintf, .-chprintf
 742 04a4 AFF30080 		.text
 742      AFF30080 
 742      AFF30080 
 743              	.Letext0:
 744              		.section	.debug_loc,"",%progbits
 745              	.Ldebug_loc0:
 746              	.LLST0:
 747 0000 00000000 		.4byte	.LFB7
 748 0004 02000000 		.4byte	.LCFI0
 749 0008 0200     		.2byte	0x2
 750 000a 7D       		.byte	0x7d
 751 000b 00       		.sleb128 0
 752 000c 02000000 		.4byte	.LCFI0
 753 0010 94000000 		.4byte	.LFE7
 754 0014 0200     		.2byte	0x2
 755 0016 7D       		.byte	0x7d
 756 0017 18       		.sleb128 24
 757 0018 00000000 		.4byte	0x0
 758 001c 00000000 		.4byte	0x0
 759              	.LLST1:
 760 0020 00000000 		.4byte	.LFB8
 761 0024 02000000 		.4byte	.LCFI1
 762 0028 0200     		.2byte	0x2
 763 002a 7D       		.byte	0x7d
 764 002b 00       		.sleb128 0
 765 002c 02000000 		.4byte	.LCFI1
 766 0030 04000000 		.4byte	.LCFI2
 767 0034 0200     		.2byte	0x2
 768 0036 7D       		.byte	0x7d
 769 0037 0C       		.sleb128 12
 770 0038 04000000 		.4byte	.LCFI2
 771 003c 06000000 		.4byte	.LCFI3
 772 0040 0200     		.2byte	0x2
 773 0042 7D       		.byte	0x7d
 774 0043 10       		.sleb128 16
 775 0044 06000000 		.4byte	.LCFI3
 776 0048 A4040000 		.4byte	.LFE8
 777 004c 0300     		.2byte	0x3
 778 004e 7D       		.byte	0x7d
 779 004f D000     		.sleb128 80
 780 0051 00000000 		.4byte	0x0
 781 0055 00000000 		.4byte	0x0
 782              		.file 2 "/home/z80/programs/code-sourcery/2011.03-42/bin/../lib/gcc/arm-none-eabi/4.5.2/include/st
 783              		.file 3 "/home/z80/programs/code-sourcery/2011.03-42/bin/../lib/gcc/arm-none-eabi/4.5.2/include/st
 784              		.file 4 "/home/z80/programs/code-sourcery/2011.03-42/bin/../lib/gcc/arm-none-eabi/4.5.2/../../../.
 785              		.file 5 "../chibios_2.4.x/os/ports/GCC/ARMCMx/chtypes.h"
 786              		.file 6 "<built-in>"
 787              		.file 7 "../chibios_2.4.x/os/kernel/include/chioch.h"
 788              		.section	.debug_info
 789 0000 E9030000 		.4byte	0x3e9
ARM GAS  /tmp/ccGsaQgO.s 			page 15


 790 0004 0200     		.2byte	0x2
 791 0006 00000000 		.4byte	.Ldebug_abbrev0
 792 000a 04       		.byte	0x4
 793 000b 01       		.uleb128 0x1
 794 000c 07000000 		.4byte	.LASF35
 795 0010 01       		.byte	0x1
 796 0011 0E010000 		.4byte	.LASF36
 797 0015 32000000 		.4byte	.LASF37
 798 0019 00000000 		.4byte	0x0
 799 001d 00000000 		.4byte	0x0
 800 0021 00000000 		.4byte	.Ldebug_ranges0+0x0
 801 0025 00000000 		.4byte	.Ldebug_line0
 802 0029 02       		.uleb128 0x2
 803 002a CF000000 		.4byte	.LASF0
 804 002e 02       		.byte	0x2
 805 002f 28       		.byte	0x28
 806 0030 34000000 		.4byte	0x34
 807 0034 03       		.uleb128 0x3
 808 0035 6C010000 		.4byte	.LASF19
 809 0039 04       		.byte	0x4
 810 003a 06       		.byte	0x6
 811 003b 00       		.byte	0x0
 812 003c 4E000000 		.4byte	0x4e
 813 0040 04       		.uleb128 0x4
 814 0041 35010000 		.4byte	.LASF38
 815 0045 4E000000 		.4byte	0x4e
 816 0049 02       		.byte	0x2
 817 004a 23       		.byte	0x23
 818 004b 00       		.uleb128 0x0
 819 004c 01       		.byte	0x1
 820 004d 00       		.byte	0x0
 821 004e 05       		.uleb128 0x5
 822 004f 04       		.byte	0x4
 823 0050 02       		.uleb128 0x2
 824 0051 6B000000 		.4byte	.LASF1
 825 0055 02       		.byte	0x2
 826 0056 66       		.byte	0x66
 827 0057 29000000 		.4byte	0x29
 828 005b 06       		.uleb128 0x6
 829 005c 04       		.byte	0x4
 830 005d 05       		.byte	0x5
 831 005e 696E7400 		.ascii	"int\000"
 832 0062 02       		.uleb128 0x2
 833 0063 00000000 		.4byte	.LASF2
 834 0067 03       		.byte	0x3
 835 0068 D3       		.byte	0xd3
 836 0069 6D000000 		.4byte	0x6d
 837 006d 07       		.uleb128 0x7
 838 006e 04       		.byte	0x4
 839 006f 07       		.byte	0x7
 840 0070 EA000000 		.4byte	.LASF3
 841 0074 07       		.uleb128 0x7
 842 0075 01       		.byte	0x1
 843 0076 06       		.byte	0x6
 844 0077 D2010000 		.4byte	.LASF4
 845 007b 02       		.uleb128 0x2
 846 007c A8010000 		.4byte	.LASF5
ARM GAS  /tmp/ccGsaQgO.s 			page 16


 847 0080 04       		.byte	0x4
 848 0081 2A       		.byte	0x2a
 849 0082 86000000 		.4byte	0x86
 850 0086 07       		.uleb128 0x7
 851 0087 01       		.byte	0x1
 852 0088 08       		.byte	0x8
 853 0089 73000000 		.4byte	.LASF6
 854 008d 07       		.uleb128 0x7
 855 008e 02       		.byte	0x2
 856 008f 05       		.byte	0x5
 857 0090 9E010000 		.4byte	.LASF7
 858 0094 07       		.uleb128 0x7
 859 0095 02       		.byte	0x2
 860 0096 07       		.byte	0x7
 861 0097 99000000 		.4byte	.LASF8
 862 009b 02       		.uleb128 0x2
 863 009c 5D010000 		.4byte	.LASF9
 864 00a0 04       		.byte	0x4
 865 00a1 4F       		.byte	0x4f
 866 00a2 A6000000 		.4byte	0xa6
 867 00a6 07       		.uleb128 0x7
 868 00a7 04       		.byte	0x4
 869 00a8 05       		.byte	0x5
 870 00a9 C9010000 		.4byte	.LASF10
 871 00ad 02       		.uleb128 0x2
 872 00ae C0010000 		.4byte	.LASF11
 873 00b2 04       		.byte	0x4
 874 00b3 50       		.byte	0x50
 875 00b4 B8000000 		.4byte	0xb8
 876 00b8 07       		.uleb128 0x7
 877 00b9 04       		.byte	0x4
 878 00ba 07       		.byte	0x7
 879 00bb 87000000 		.4byte	.LASF12
 880 00bf 07       		.uleb128 0x7
 881 00c0 08       		.byte	0x8
 882 00c1 05       		.byte	0x5
 883 00c2 76010000 		.4byte	.LASF13
 884 00c6 07       		.uleb128 0x7
 885 00c7 08       		.byte	0x8
 886 00c8 07       		.byte	0x7
 887 00c9 F7000000 		.4byte	.LASF14
 888 00cd 02       		.uleb128 0x2
 889 00ce 2B000000 		.4byte	.LASF15
 890 00d2 05       		.byte	0x5
 891 00d3 2E       		.byte	0x2e
 892 00d4 9B000000 		.4byte	0x9b
 893 00d8 02       		.uleb128 0x2
 894 00d9 48010000 		.4byte	.LASF16
 895 00dd 05       		.byte	0x5
 896 00de 33       		.byte	0x33
 897 00df 9B000000 		.4byte	0x9b
 898 00e3 02       		.uleb128 0x2
 899 00e4 13000000 		.4byte	.LASF17
 900 00e8 05       		.byte	0x5
 901 00e9 36       		.byte	0x36
 902 00ea AD000000 		.4byte	0xad
 903 00ee 08       		.uleb128 0x8
ARM GAS  /tmp/ccGsaQgO.s 			page 17


 904 00ef 04       		.byte	0x4
 905 00f0 F4000000 		.4byte	0xf4
 906 00f4 09       		.uleb128 0x9
 907 00f5 F9000000 		.4byte	0xf9
 908 00f9 07       		.uleb128 0x7
 909 00fa 01       		.byte	0x1
 910 00fb 08       		.byte	0x8
 911 00fc 8E010000 		.4byte	.LASF18
 912 0100 08       		.uleb128 0x8
 913 0101 04       		.byte	0x4
 914 0102 7B000000 		.4byte	0x7b
 915 0106 0A       		.uleb128 0xa
 916 0107 01       		.byte	0x1
 917 0108 62000000 		.4byte	0x62
 918 010c 20010000 		.4byte	0x120
 919 0110 0B       		.uleb128 0xb
 920 0111 4E000000 		.4byte	0x4e
 921 0115 0B       		.uleb128 0xb
 922 0116 20010000 		.4byte	0x120
 923 011a 0B       		.uleb128 0xb
 924 011b 62000000 		.4byte	0x62
 925 011f 00       		.byte	0x0
 926 0120 08       		.uleb128 0x8
 927 0121 04       		.byte	0x4
 928 0122 26010000 		.4byte	0x126
 929 0126 09       		.uleb128 0x9
 930 0127 7B000000 		.4byte	0x7b
 931 012b 08       		.uleb128 0x8
 932 012c 04       		.byte	0x4
 933 012d 06010000 		.4byte	0x106
 934 0131 0A       		.uleb128 0xa
 935 0132 01       		.byte	0x1
 936 0133 62000000 		.4byte	0x62
 937 0137 4B010000 		.4byte	0x14b
 938 013b 0B       		.uleb128 0xb
 939 013c 4E000000 		.4byte	0x4e
 940 0140 0B       		.uleb128 0xb
 941 0141 00010000 		.4byte	0x100
 942 0145 0B       		.uleb128 0xb
 943 0146 62000000 		.4byte	0x62
 944 014a 00       		.byte	0x0
 945 014b 08       		.uleb128 0x8
 946 014c 04       		.byte	0x4
 947 014d 31010000 		.4byte	0x131
 948 0151 03       		.uleb128 0x3
 949 0152 4E010000 		.4byte	.LASF20
 950 0156 20       		.byte	0x20
 951 0157 07       		.byte	0x7
 952 0158 51       		.byte	0x51
 953 0159 CE010000 		.4byte	0x1ce
 954 015d 0C       		.uleb128 0xc
 955 015e AC000000 		.4byte	.LASF21
 956 0162 07       		.byte	0x7
 957 0163 52       		.byte	0x52
 958 0164 2B010000 		.4byte	0x12b
 959 0168 02       		.byte	0x2
 960 0169 23       		.byte	0x23
ARM GAS  /tmp/ccGsaQgO.s 			page 18


 961 016a 00       		.uleb128 0x0
 962 016b 0C       		.uleb128 0xc
 963 016c DE000000 		.4byte	.LASF22
 964 0170 07       		.byte	0x7
 965 0171 52       		.byte	0x52
 966 0172 4B010000 		.4byte	0x14b
 967 0176 02       		.byte	0x2
 968 0177 23       		.byte	0x23
 969 0178 04       		.uleb128 0x4
 970 0179 0C       		.uleb128 0xc
 971 017a C1000000 		.4byte	.LASF23
 972 017e 07       		.byte	0x7
 973 017f 52       		.byte	0x52
 974 0180 DE010000 		.4byte	0x1de
 975 0184 02       		.byte	0x2
 976 0185 23       		.byte	0x23
 977 0186 08       		.uleb128 0x8
 978 0187 0C       		.uleb128 0xc
 979 0188 3A010000 		.4byte	.LASF24
 980 018c 07       		.byte	0x7
 981 018d 52       		.byte	0x52
 982 018e DE010000 		.4byte	0x1de
 983 0192 02       		.byte	0x2
 984 0193 23       		.byte	0x23
 985 0194 0C       		.uleb128 0xc
 986 0195 0D       		.uleb128 0xd
 987 0196 70757400 		.ascii	"put\000"
 988 019a 07       		.byte	0x7
 989 019b 52       		.byte	0x52
 990 019c FE010000 		.4byte	0x1fe
 991 01a0 02       		.byte	0x2
 992 01a1 23       		.byte	0x23
 993 01a2 10       		.uleb128 0x10
 994 01a3 0D       		.uleb128 0xd
 995 01a4 67657400 		.ascii	"get\000"
 996 01a8 07       		.byte	0x7
 997 01a9 52       		.byte	0x52
 998 01aa 19020000 		.4byte	0x219
 999 01ae 02       		.byte	0x2
 1000 01af 23       		.byte	0x23
 1001 01b0 14       		.uleb128 0x14
 1002 01b1 0C       		.uleb128 0xc
 1003 01b2 64000000 		.4byte	.LASF25
 1004 01b6 07       		.byte	0x7
 1005 01b7 52       		.byte	0x52
 1006 01b8 3E020000 		.4byte	0x23e
 1007 01bc 02       		.byte	0x2
 1008 01bd 23       		.byte	0x23
 1009 01be 18       		.uleb128 0x18
 1010 01bf 0C       		.uleb128 0xc
 1011 01c0 81000000 		.4byte	.LASF26
 1012 01c4 07       		.byte	0x7
 1013 01c5 52       		.byte	0x52
 1014 01c6 63020000 		.4byte	0x263
 1015 01ca 02       		.byte	0x2
 1016 01cb 23       		.byte	0x23
 1017 01cc 1C       		.uleb128 0x1c
ARM GAS  /tmp/ccGsaQgO.s 			page 19


 1018 01cd 00       		.byte	0x0
 1019 01ce 0A       		.uleb128 0xa
 1020 01cf 01       		.byte	0x1
 1021 01d0 CD000000 		.4byte	0xcd
 1022 01d4 DE010000 		.4byte	0x1de
 1023 01d8 0B       		.uleb128 0xb
 1024 01d9 4E000000 		.4byte	0x4e
 1025 01dd 00       		.byte	0x0
 1026 01de 08       		.uleb128 0x8
 1027 01df 04       		.byte	0x4
 1028 01e0 CE010000 		.4byte	0x1ce
 1029 01e4 0A       		.uleb128 0xa
 1030 01e5 01       		.byte	0x1
 1031 01e6 D8000000 		.4byte	0xd8
 1032 01ea FE010000 		.4byte	0x1fe
 1033 01ee 0B       		.uleb128 0xb
 1034 01ef 4E000000 		.4byte	0x4e
 1035 01f3 0B       		.uleb128 0xb
 1036 01f4 7B000000 		.4byte	0x7b
 1037 01f8 0B       		.uleb128 0xb
 1038 01f9 E3000000 		.4byte	0xe3
 1039 01fd 00       		.byte	0x0
 1040 01fe 08       		.uleb128 0x8
 1041 01ff 04       		.byte	0x4
 1042 0200 E4010000 		.4byte	0x1e4
 1043 0204 0A       		.uleb128 0xa
 1044 0205 01       		.byte	0x1
 1045 0206 D8000000 		.4byte	0xd8
 1046 020a 19020000 		.4byte	0x219
 1047 020e 0B       		.uleb128 0xb
 1048 020f 4E000000 		.4byte	0x4e
 1049 0213 0B       		.uleb128 0xb
 1050 0214 E3000000 		.4byte	0xe3
 1051 0218 00       		.byte	0x0
 1052 0219 08       		.uleb128 0x8
 1053 021a 04       		.byte	0x4
 1054 021b 04020000 		.4byte	0x204
 1055 021f 0A       		.uleb128 0xa
 1056 0220 01       		.byte	0x1
 1057 0221 62000000 		.4byte	0x62
 1058 0225 3E020000 		.4byte	0x23e
 1059 0229 0B       		.uleb128 0xb
 1060 022a 4E000000 		.4byte	0x4e
 1061 022e 0B       		.uleb128 0xb
 1062 022f 20010000 		.4byte	0x120
 1063 0233 0B       		.uleb128 0xb
 1064 0234 62000000 		.4byte	0x62
 1065 0238 0B       		.uleb128 0xb
 1066 0239 E3000000 		.4byte	0xe3
 1067 023d 00       		.byte	0x0
 1068 023e 08       		.uleb128 0x8
 1069 023f 04       		.byte	0x4
 1070 0240 1F020000 		.4byte	0x21f
 1071 0244 0A       		.uleb128 0xa
 1072 0245 01       		.byte	0x1
 1073 0246 62000000 		.4byte	0x62
 1074 024a 63020000 		.4byte	0x263
ARM GAS  /tmp/ccGsaQgO.s 			page 20


 1075 024e 0B       		.uleb128 0xb
 1076 024f 4E000000 		.4byte	0x4e
 1077 0253 0B       		.uleb128 0xb
 1078 0254 00010000 		.4byte	0x100
 1079 0258 0B       		.uleb128 0xb
 1080 0259 62000000 		.4byte	0x62
 1081 025d 0B       		.uleb128 0xb
 1082 025e E3000000 		.4byte	0xe3
 1083 0262 00       		.byte	0x0
 1084 0263 08       		.uleb128 0x8
 1085 0264 04       		.byte	0x4
 1086 0265 44020000 		.4byte	0x244
 1087 0269 0E       		.uleb128 0xe
 1088 026a 04       		.byte	0x4
 1089 026b 07       		.byte	0x7
 1090 026c 5C       		.byte	0x5c
 1091 026d 80020000 		.4byte	0x280
 1092 0271 0D       		.uleb128 0xd
 1093 0272 766D7400 		.ascii	"vmt\000"
 1094 0276 07       		.byte	0x7
 1095 0277 5E       		.byte	0x5e
 1096 0278 80020000 		.4byte	0x280
 1097 027c 02       		.byte	0x2
 1098 027d 23       		.byte	0x23
 1099 027e 00       		.uleb128 0x0
 1100 027f 00       		.byte	0x0
 1101 0280 08       		.uleb128 0x8
 1102 0281 04       		.byte	0x4
 1103 0282 86020000 		.4byte	0x286
 1104 0286 09       		.uleb128 0x9
 1105 0287 51010000 		.4byte	0x151
 1106 028b 02       		.uleb128 0x2
 1107 028c E3010000 		.4byte	.LASF27
 1108 0290 07       		.byte	0x7
 1109 0291 60       		.byte	0x60
 1110 0292 69020000 		.4byte	0x269
 1111 0296 0F       		.uleb128 0xf
 1112 0297 DE010000 		.4byte	.LASF39
 1113 029b 01       		.byte	0x1
 1114 029c 2A       		.byte	0x2a
 1115 029d 01       		.byte	0x1
 1116 029e F3020000 		.4byte	0x2f3
 1117 02a2 00000000 		.4byte	.LFB7
 1118 02a6 94000000 		.4byte	.LFE7
 1119 02aa 00000000 		.4byte	.LLST0
 1120 02ae F3020000 		.4byte	0x2f3
 1121 02b2 10       		.uleb128 0x10
 1122 02b3 7000     		.ascii	"p\000"
 1123 02b5 01       		.byte	0x1
 1124 02b6 2A       		.byte	0x2a
 1125 02b7 F3020000 		.4byte	0x2f3
 1126 02bb 02       		.byte	0x2
 1127 02bc 91       		.byte	0x91
 1128 02bd 74       		.sleb128 -12
 1129 02be 10       		.uleb128 0x10
 1130 02bf 6E756D00 		.ascii	"num\000"
 1131 02c3 01       		.byte	0x1
ARM GAS  /tmp/ccGsaQgO.s 			page 21


 1132 02c4 2A       		.byte	0x2a
 1133 02c5 A6000000 		.4byte	0xa6
 1134 02c9 02       		.byte	0x2
 1135 02ca 91       		.byte	0x91
 1136 02cb 70       		.sleb128 -16
 1137 02cc 11       		.uleb128 0x11
 1138 02cd 25000000 		.4byte	.LASF28
 1139 02d1 01       		.byte	0x1
 1140 02d2 2A       		.byte	0x2a
 1141 02d3 6D000000 		.4byte	0x6d
 1142 02d7 02       		.byte	0x2
 1143 02d8 91       		.byte	0x91
 1144 02d9 6C       		.sleb128 -20
 1145 02da 12       		.uleb128 0x12
 1146 02db 6900     		.ascii	"i\000"
 1147 02dd 01       		.byte	0x1
 1148 02de 2B       		.byte	0x2b
 1149 02df 5B000000 		.4byte	0x5b
 1150 02e3 02       		.byte	0x2
 1151 02e4 91       		.byte	0x91
 1152 02e5 7C       		.sleb128 -4
 1153 02e6 12       		.uleb128 0x12
 1154 02e7 7100     		.ascii	"q\000"
 1155 02e9 01       		.byte	0x1
 1156 02ea 2C       		.byte	0x2c
 1157 02eb F3020000 		.4byte	0x2f3
 1158 02ef 02       		.byte	0x2
 1159 02f0 91       		.byte	0x91
 1160 02f1 78       		.sleb128 -8
 1161 02f2 00       		.byte	0x0
 1162 02f3 08       		.uleb128 0x8
 1163 02f4 04       		.byte	0x4
 1164 02f5 F9000000 		.4byte	0xf9
 1165 02f9 13       		.uleb128 0x13
 1166 02fa 01       		.byte	0x1
 1167 02fb B8000000 		.4byte	.LASF40
 1168 02ff 01       		.byte	0x1
 1169 0300 56       		.byte	0x56
 1170 0301 01       		.byte	0x1
 1171 0302 00000000 		.4byte	.LFB8
 1172 0306 A4040000 		.4byte	.LFE8
 1173 030a 20000000 		.4byte	.LLST1
 1174 030e DA030000 		.4byte	0x3da
 1175 0312 10       		.uleb128 0x10
 1176 0313 63687000 		.ascii	"chp\000"
 1177 0317 01       		.byte	0x1
 1178 0318 56       		.byte	0x56
 1179 0319 DA030000 		.4byte	0x3da
 1180 031d 03       		.byte	0x3
 1181 031e 91       		.byte	0x91
 1182 031f B47F     		.sleb128 -76
 1183 0321 10       		.uleb128 0x10
 1184 0322 666D7400 		.ascii	"fmt\000"
 1185 0326 01       		.byte	0x1
 1186 0327 56       		.byte	0x56
 1187 0328 EE000000 		.4byte	0xee
 1188 032c 02       		.byte	0x2
ARM GAS  /tmp/ccGsaQgO.s 			page 22


 1189 032d 91       		.byte	0x91
 1190 032e 74       		.sleb128 -12
 1191 032f 14       		.uleb128 0x14
 1192 0330 12       		.uleb128 0x12
 1193 0331 617000   		.ascii	"ap\000"
 1194 0334 01       		.byte	0x1
 1195 0335 57       		.byte	0x57
 1196 0336 50000000 		.4byte	0x50
 1197 033a 02       		.byte	0x2
 1198 033b 91       		.byte	0x91
 1199 033c 48       		.sleb128 -56
 1200 033d 15       		.uleb128 0x15
 1201 033e 65010000 		.4byte	.LASF29
 1202 0342 01       		.byte	0x1
 1203 0343 58       		.byte	0x58
 1204 0344 E0030000 		.4byte	0x3e0
 1205 0348 03       		.byte	0x3
 1206 0349 91       		.byte	0x91
 1207 034a BC7F     		.sleb128 -68
 1208 034c 12       		.uleb128 0x12
 1209 034d 7000     		.ascii	"p\000"
 1210 034f 01       		.byte	0x1
 1211 0350 59       		.byte	0x59
 1212 0351 F3020000 		.4byte	0x2f3
 1213 0355 02       		.byte	0x2
 1214 0356 91       		.byte	0x91
 1215 0357 6C       		.sleb128 -20
 1216 0358 12       		.uleb128 0x12
 1217 0359 7300     		.ascii	"s\000"
 1218 035b 01       		.byte	0x1
 1219 035c 59       		.byte	0x59
 1220 035d F3020000 		.4byte	0x2f3
 1221 0361 02       		.byte	0x2
 1222 0362 91       		.byte	0x91
 1223 0363 68       		.sleb128 -24
 1224 0364 12       		.uleb128 0x12
 1225 0365 6300     		.ascii	"c\000"
 1226 0367 01       		.byte	0x1
 1227 0368 59       		.byte	0x59
 1228 0369 F9000000 		.4byte	0xf9
 1229 036d 02       		.byte	0x2
 1230 036e 91       		.byte	0x91
 1231 036f 67       		.sleb128 -25
 1232 0370 15       		.uleb128 0x15
 1233 0371 E3000000 		.4byte	.LASF30
 1234 0375 01       		.byte	0x1
 1235 0376 59       		.byte	0x59
 1236 0377 F9000000 		.4byte	0xf9
 1237 037b 02       		.byte	0x2
 1238 037c 91       		.byte	0x91
 1239 037d 66       		.sleb128 -26
 1240 037e 12       		.uleb128 0x12
 1241 037f 6900     		.ascii	"i\000"
 1242 0381 01       		.byte	0x1
 1243 0382 5A       		.byte	0x5a
 1244 0383 5B000000 		.4byte	0x5b
 1245 0387 02       		.byte	0x2
ARM GAS  /tmp/ccGsaQgO.s 			page 23


 1246 0388 91       		.byte	0x91
 1247 0389 60       		.sleb128 -32
 1248 038a 15       		.uleb128 0x15
 1249 038b 84010000 		.4byte	.LASF31
 1250 038f 01       		.byte	0x1
 1251 0390 5A       		.byte	0x5a
 1252 0391 5B000000 		.4byte	0x5b
 1253 0395 02       		.byte	0x2
 1254 0396 91       		.byte	0x91
 1255 0397 5C       		.sleb128 -36
 1256 0398 15       		.uleb128 0x15
 1257 0399 B2000000 		.4byte	.LASF32
 1258 039d 01       		.byte	0x1
 1259 039e 5A       		.byte	0x5a
 1260 039f 5B000000 		.4byte	0x5b
 1261 03a3 02       		.byte	0x2
 1262 03a4 91       		.byte	0x91
 1263 03a5 58       		.sleb128 -40
 1264 03a6 15       		.uleb128 0x15
 1265 03a7 1D000000 		.4byte	.LASF33
 1266 03ab 01       		.byte	0x1
 1267 03ac 5B       		.byte	0x5b
 1268 03ad CD000000 		.4byte	0xcd
 1269 03b1 02       		.byte	0x2
 1270 03b2 91       		.byte	0x91
 1271 03b3 54       		.sleb128 -44
 1272 03b4 15       		.uleb128 0x15
 1273 03b5 93010000 		.4byte	.LASF34
 1274 03b9 01       		.byte	0x1
 1275 03ba 5B       		.byte	0x5b
 1276 03bb CD000000 		.4byte	0xcd
 1277 03bf 02       		.byte	0x2
 1278 03c0 91       		.byte	0x91
 1279 03c1 50       		.sleb128 -48
 1280 03c2 12       		.uleb128 0x12
 1281 03c3 6C00     		.ascii	"l\000"
 1282 03c5 01       		.byte	0x1
 1283 03c6 5C       		.byte	0x5c
 1284 03c7 A6000000 		.4byte	0xa6
 1285 03cb 02       		.byte	0x2
 1286 03cc 91       		.byte	0x91
 1287 03cd 4C       		.sleb128 -52
 1288 03ce 16       		.uleb128 0x16
 1289 03cf B0010000 		.4byte	.LASF41
 1290 03d3 01       		.byte	0x1
 1291 03d4 BD       		.byte	0xbd
 1292 03d5 74030000 		.4byte	.L43
 1293 03d9 00       		.byte	0x0
 1294 03da 08       		.uleb128 0x8
 1295 03db 04       		.byte	0x4
 1296 03dc 8B020000 		.4byte	0x28b
 1297 03e0 17       		.uleb128 0x17
 1298 03e1 F9000000 		.4byte	0xf9
 1299 03e5 18       		.uleb128 0x18
 1300 03e6 6D000000 		.4byte	0x6d
 1301 03ea 0B       		.byte	0xb
 1302 03eb 00       		.byte	0x0
ARM GAS  /tmp/ccGsaQgO.s 			page 24


 1303 03ec 00       		.byte	0x0
 1304              		.section	.debug_abbrev
 1305 0000 01       		.uleb128 0x1
 1306 0001 11       		.uleb128 0x11
 1307 0002 01       		.byte	0x1
 1308 0003 25       		.uleb128 0x25
 1309 0004 0E       		.uleb128 0xe
 1310 0005 13       		.uleb128 0x13
 1311 0006 0B       		.uleb128 0xb
 1312 0007 03       		.uleb128 0x3
 1313 0008 0E       		.uleb128 0xe
 1314 0009 1B       		.uleb128 0x1b
 1315 000a 0E       		.uleb128 0xe
 1316 000b 11       		.uleb128 0x11
 1317 000c 01       		.uleb128 0x1
 1318 000d 52       		.uleb128 0x52
 1319 000e 01       		.uleb128 0x1
 1320 000f 55       		.uleb128 0x55
 1321 0010 06       		.uleb128 0x6
 1322 0011 10       		.uleb128 0x10
 1323 0012 06       		.uleb128 0x6
 1324 0013 00       		.byte	0x0
 1325 0014 00       		.byte	0x0
 1326 0015 02       		.uleb128 0x2
 1327 0016 16       		.uleb128 0x16
 1328 0017 00       		.byte	0x0
 1329 0018 03       		.uleb128 0x3
 1330 0019 0E       		.uleb128 0xe
 1331 001a 3A       		.uleb128 0x3a
 1332 001b 0B       		.uleb128 0xb
 1333 001c 3B       		.uleb128 0x3b
 1334 001d 0B       		.uleb128 0xb
 1335 001e 49       		.uleb128 0x49
 1336 001f 13       		.uleb128 0x13
 1337 0020 00       		.byte	0x0
 1338 0021 00       		.byte	0x0
 1339 0022 03       		.uleb128 0x3
 1340 0023 13       		.uleb128 0x13
 1341 0024 01       		.byte	0x1
 1342 0025 03       		.uleb128 0x3
 1343 0026 0E       		.uleb128 0xe
 1344 0027 0B       		.uleb128 0xb
 1345 0028 0B       		.uleb128 0xb
 1346 0029 3A       		.uleb128 0x3a
 1347 002a 0B       		.uleb128 0xb
 1348 002b 3B       		.uleb128 0x3b
 1349 002c 0B       		.uleb128 0xb
 1350 002d 01       		.uleb128 0x1
 1351 002e 13       		.uleb128 0x13
 1352 002f 00       		.byte	0x0
 1353 0030 00       		.byte	0x0
 1354 0031 04       		.uleb128 0x4
 1355 0032 0D       		.uleb128 0xd
 1356 0033 00       		.byte	0x0
 1357 0034 03       		.uleb128 0x3
 1358 0035 0E       		.uleb128 0xe
 1359 0036 49       		.uleb128 0x49
ARM GAS  /tmp/ccGsaQgO.s 			page 25


 1360 0037 13       		.uleb128 0x13
 1361 0038 38       		.uleb128 0x38
 1362 0039 0A       		.uleb128 0xa
 1363 003a 34       		.uleb128 0x34
 1364 003b 0C       		.uleb128 0xc
 1365 003c 00       		.byte	0x0
 1366 003d 00       		.byte	0x0
 1367 003e 05       		.uleb128 0x5
 1368 003f 0F       		.uleb128 0xf
 1369 0040 00       		.byte	0x0
 1370 0041 0B       		.uleb128 0xb
 1371 0042 0B       		.uleb128 0xb
 1372 0043 00       		.byte	0x0
 1373 0044 00       		.byte	0x0
 1374 0045 06       		.uleb128 0x6
 1375 0046 24       		.uleb128 0x24
 1376 0047 00       		.byte	0x0
 1377 0048 0B       		.uleb128 0xb
 1378 0049 0B       		.uleb128 0xb
 1379 004a 3E       		.uleb128 0x3e
 1380 004b 0B       		.uleb128 0xb
 1381 004c 03       		.uleb128 0x3
 1382 004d 08       		.uleb128 0x8
 1383 004e 00       		.byte	0x0
 1384 004f 00       		.byte	0x0
 1385 0050 07       		.uleb128 0x7
 1386 0051 24       		.uleb128 0x24
 1387 0052 00       		.byte	0x0
 1388 0053 0B       		.uleb128 0xb
 1389 0054 0B       		.uleb128 0xb
 1390 0055 3E       		.uleb128 0x3e
 1391 0056 0B       		.uleb128 0xb
 1392 0057 03       		.uleb128 0x3
 1393 0058 0E       		.uleb128 0xe
 1394 0059 00       		.byte	0x0
 1395 005a 00       		.byte	0x0
 1396 005b 08       		.uleb128 0x8
 1397 005c 0F       		.uleb128 0xf
 1398 005d 00       		.byte	0x0
 1399 005e 0B       		.uleb128 0xb
 1400 005f 0B       		.uleb128 0xb
 1401 0060 49       		.uleb128 0x49
 1402 0061 13       		.uleb128 0x13
 1403 0062 00       		.byte	0x0
 1404 0063 00       		.byte	0x0
 1405 0064 09       		.uleb128 0x9
 1406 0065 26       		.uleb128 0x26
 1407 0066 00       		.byte	0x0
 1408 0067 49       		.uleb128 0x49
 1409 0068 13       		.uleb128 0x13
 1410 0069 00       		.byte	0x0
 1411 006a 00       		.byte	0x0
 1412 006b 0A       		.uleb128 0xa
 1413 006c 15       		.uleb128 0x15
 1414 006d 01       		.byte	0x1
 1415 006e 27       		.uleb128 0x27
 1416 006f 0C       		.uleb128 0xc
ARM GAS  /tmp/ccGsaQgO.s 			page 26


 1417 0070 49       		.uleb128 0x49
 1418 0071 13       		.uleb128 0x13
 1419 0072 01       		.uleb128 0x1
 1420 0073 13       		.uleb128 0x13
 1421 0074 00       		.byte	0x0
 1422 0075 00       		.byte	0x0
 1423 0076 0B       		.uleb128 0xb
 1424 0077 05       		.uleb128 0x5
 1425 0078 00       		.byte	0x0
 1426 0079 49       		.uleb128 0x49
 1427 007a 13       		.uleb128 0x13
 1428 007b 00       		.byte	0x0
 1429 007c 00       		.byte	0x0
 1430 007d 0C       		.uleb128 0xc
 1431 007e 0D       		.uleb128 0xd
 1432 007f 00       		.byte	0x0
 1433 0080 03       		.uleb128 0x3
 1434 0081 0E       		.uleb128 0xe
 1435 0082 3A       		.uleb128 0x3a
 1436 0083 0B       		.uleb128 0xb
 1437 0084 3B       		.uleb128 0x3b
 1438 0085 0B       		.uleb128 0xb
 1439 0086 49       		.uleb128 0x49
 1440 0087 13       		.uleb128 0x13
 1441 0088 38       		.uleb128 0x38
 1442 0089 0A       		.uleb128 0xa
 1443 008a 00       		.byte	0x0
 1444 008b 00       		.byte	0x0
 1445 008c 0D       		.uleb128 0xd
 1446 008d 0D       		.uleb128 0xd
 1447 008e 00       		.byte	0x0
 1448 008f 03       		.uleb128 0x3
 1449 0090 08       		.uleb128 0x8
 1450 0091 3A       		.uleb128 0x3a
 1451 0092 0B       		.uleb128 0xb
 1452 0093 3B       		.uleb128 0x3b
 1453 0094 0B       		.uleb128 0xb
 1454 0095 49       		.uleb128 0x49
 1455 0096 13       		.uleb128 0x13
 1456 0097 38       		.uleb128 0x38
 1457 0098 0A       		.uleb128 0xa
 1458 0099 00       		.byte	0x0
 1459 009a 00       		.byte	0x0
 1460 009b 0E       		.uleb128 0xe
 1461 009c 13       		.uleb128 0x13
 1462 009d 01       		.byte	0x1
 1463 009e 0B       		.uleb128 0xb
 1464 009f 0B       		.uleb128 0xb
 1465 00a0 3A       		.uleb128 0x3a
 1466 00a1 0B       		.uleb128 0xb
 1467 00a2 3B       		.uleb128 0x3b
 1468 00a3 0B       		.uleb128 0xb
 1469 00a4 01       		.uleb128 0x1
 1470 00a5 13       		.uleb128 0x13
 1471 00a6 00       		.byte	0x0
 1472 00a7 00       		.byte	0x0
 1473 00a8 0F       		.uleb128 0xf
ARM GAS  /tmp/ccGsaQgO.s 			page 27


 1474 00a9 2E       		.uleb128 0x2e
 1475 00aa 01       		.byte	0x1
 1476 00ab 03       		.uleb128 0x3
 1477 00ac 0E       		.uleb128 0xe
 1478 00ad 3A       		.uleb128 0x3a
 1479 00ae 0B       		.uleb128 0xb
 1480 00af 3B       		.uleb128 0x3b
 1481 00b0 0B       		.uleb128 0xb
 1482 00b1 27       		.uleb128 0x27
 1483 00b2 0C       		.uleb128 0xc
 1484 00b3 49       		.uleb128 0x49
 1485 00b4 13       		.uleb128 0x13
 1486 00b5 11       		.uleb128 0x11
 1487 00b6 01       		.uleb128 0x1
 1488 00b7 12       		.uleb128 0x12
 1489 00b8 01       		.uleb128 0x1
 1490 00b9 40       		.uleb128 0x40
 1491 00ba 06       		.uleb128 0x6
 1492 00bb 01       		.uleb128 0x1
 1493 00bc 13       		.uleb128 0x13
 1494 00bd 00       		.byte	0x0
 1495 00be 00       		.byte	0x0
 1496 00bf 10       		.uleb128 0x10
 1497 00c0 05       		.uleb128 0x5
 1498 00c1 00       		.byte	0x0
 1499 00c2 03       		.uleb128 0x3
 1500 00c3 08       		.uleb128 0x8
 1501 00c4 3A       		.uleb128 0x3a
 1502 00c5 0B       		.uleb128 0xb
 1503 00c6 3B       		.uleb128 0x3b
 1504 00c7 0B       		.uleb128 0xb
 1505 00c8 49       		.uleb128 0x49
 1506 00c9 13       		.uleb128 0x13
 1507 00ca 02       		.uleb128 0x2
 1508 00cb 0A       		.uleb128 0xa
 1509 00cc 00       		.byte	0x0
 1510 00cd 00       		.byte	0x0
 1511 00ce 11       		.uleb128 0x11
 1512 00cf 05       		.uleb128 0x5
 1513 00d0 00       		.byte	0x0
 1514 00d1 03       		.uleb128 0x3
 1515 00d2 0E       		.uleb128 0xe
 1516 00d3 3A       		.uleb128 0x3a
 1517 00d4 0B       		.uleb128 0xb
 1518 00d5 3B       		.uleb128 0x3b
 1519 00d6 0B       		.uleb128 0xb
 1520 00d7 49       		.uleb128 0x49
 1521 00d8 13       		.uleb128 0x13
 1522 00d9 02       		.uleb128 0x2
 1523 00da 0A       		.uleb128 0xa
 1524 00db 00       		.byte	0x0
 1525 00dc 00       		.byte	0x0
 1526 00dd 12       		.uleb128 0x12
 1527 00de 34       		.uleb128 0x34
 1528 00df 00       		.byte	0x0
 1529 00e0 03       		.uleb128 0x3
 1530 00e1 08       		.uleb128 0x8
ARM GAS  /tmp/ccGsaQgO.s 			page 28


 1531 00e2 3A       		.uleb128 0x3a
 1532 00e3 0B       		.uleb128 0xb
 1533 00e4 3B       		.uleb128 0x3b
 1534 00e5 0B       		.uleb128 0xb
 1535 00e6 49       		.uleb128 0x49
 1536 00e7 13       		.uleb128 0x13
 1537 00e8 02       		.uleb128 0x2
 1538 00e9 0A       		.uleb128 0xa
 1539 00ea 00       		.byte	0x0
 1540 00eb 00       		.byte	0x0
 1541 00ec 13       		.uleb128 0x13
 1542 00ed 2E       		.uleb128 0x2e
 1543 00ee 01       		.byte	0x1
 1544 00ef 3F       		.uleb128 0x3f
 1545 00f0 0C       		.uleb128 0xc
 1546 00f1 03       		.uleb128 0x3
 1547 00f2 0E       		.uleb128 0xe
 1548 00f3 3A       		.uleb128 0x3a
 1549 00f4 0B       		.uleb128 0xb
 1550 00f5 3B       		.uleb128 0x3b
 1551 00f6 0B       		.uleb128 0xb
 1552 00f7 27       		.uleb128 0x27
 1553 00f8 0C       		.uleb128 0xc
 1554 00f9 11       		.uleb128 0x11
 1555 00fa 01       		.uleb128 0x1
 1556 00fb 12       		.uleb128 0x12
 1557 00fc 01       		.uleb128 0x1
 1558 00fd 40       		.uleb128 0x40
 1559 00fe 06       		.uleb128 0x6
 1560 00ff 01       		.uleb128 0x1
 1561 0100 13       		.uleb128 0x13
 1562 0101 00       		.byte	0x0
 1563 0102 00       		.byte	0x0
 1564 0103 14       		.uleb128 0x14
 1565 0104 18       		.uleb128 0x18
 1566 0105 00       		.byte	0x0
 1567 0106 00       		.byte	0x0
 1568 0107 00       		.byte	0x0
 1569 0108 15       		.uleb128 0x15
 1570 0109 34       		.uleb128 0x34
 1571 010a 00       		.byte	0x0
 1572 010b 03       		.uleb128 0x3
 1573 010c 0E       		.uleb128 0xe
 1574 010d 3A       		.uleb128 0x3a
 1575 010e 0B       		.uleb128 0xb
 1576 010f 3B       		.uleb128 0x3b
 1577 0110 0B       		.uleb128 0xb
 1578 0111 49       		.uleb128 0x49
 1579 0112 13       		.uleb128 0x13
 1580 0113 02       		.uleb128 0x2
 1581 0114 0A       		.uleb128 0xa
 1582 0115 00       		.byte	0x0
 1583 0116 00       		.byte	0x0
 1584 0117 16       		.uleb128 0x16
 1585 0118 0A       		.uleb128 0xa
 1586 0119 00       		.byte	0x0
 1587 011a 03       		.uleb128 0x3
ARM GAS  /tmp/ccGsaQgO.s 			page 29


 1588 011b 0E       		.uleb128 0xe
 1589 011c 3A       		.uleb128 0x3a
 1590 011d 0B       		.uleb128 0xb
 1591 011e 3B       		.uleb128 0x3b
 1592 011f 0B       		.uleb128 0xb
 1593 0120 11       		.uleb128 0x11
 1594 0121 01       		.uleb128 0x1
 1595 0122 00       		.byte	0x0
 1596 0123 00       		.byte	0x0
 1597 0124 17       		.uleb128 0x17
 1598 0125 01       		.uleb128 0x1
 1599 0126 01       		.byte	0x1
 1600 0127 49       		.uleb128 0x49
 1601 0128 13       		.uleb128 0x13
 1602 0129 00       		.byte	0x0
 1603 012a 00       		.byte	0x0
 1604 012b 18       		.uleb128 0x18
 1605 012c 21       		.uleb128 0x21
 1606 012d 00       		.byte	0x0
 1607 012e 49       		.uleb128 0x49
 1608 012f 13       		.uleb128 0x13
 1609 0130 2F       		.uleb128 0x2f
 1610 0131 0B       		.uleb128 0xb
 1611 0132 00       		.byte	0x0
 1612 0133 00       		.byte	0x0
 1613 0134 00       		.byte	0x0
 1614              		.section	.debug_pubnames,"",%progbits
 1615 0000 1B000000 		.4byte	0x1b
 1616 0004 0200     		.2byte	0x2
 1617 0006 00000000 		.4byte	.Ldebug_info0
 1618 000a ED030000 		.4byte	0x3ed
 1619 000e F9020000 		.4byte	0x2f9
 1620 0012 63687072 		.ascii	"chprintf\000"
 1620      696E7466 
 1620      00
 1621 001b 00000000 		.4byte	0x0
 1622              		.section	.debug_pubtypes,"",%progbits
 1623 0000 B1000000 		.4byte	0xb1
 1624 0004 0200     		.2byte	0x2
 1625 0006 00000000 		.4byte	.Ldebug_info0
 1626 000a ED030000 		.4byte	0x3ed
 1627 000e 34000000 		.4byte	0x34
 1628 0012 5F5F7661 		.ascii	"__va_list\000"
 1628      5F6C6973 
 1628      7400
 1629 001c 29000000 		.4byte	0x29
 1630 0020 5F5F676E 		.ascii	"__gnuc_va_list\000"
 1630      75635F76 
 1630      615F6C69 
 1630      737400
 1631 002f 50000000 		.4byte	0x50
 1632 0033 76615F6C 		.ascii	"va_list\000"
 1632      69737400 
 1633 003b 62000000 		.4byte	0x62
 1634 003f 73697A65 		.ascii	"size_t\000"
 1634      5F7400
 1635 0046 7B000000 		.4byte	0x7b
ARM GAS  /tmp/ccGsaQgO.s 			page 30


 1636 004a 75696E74 		.ascii	"uint8_t\000"
 1636      385F7400 
 1637 0052 9B000000 		.4byte	0x9b
 1638 0056 696E7433 		.ascii	"int32_t\000"
 1638      325F7400 
 1639 005e AD000000 		.4byte	0xad
 1640 0062 75696E74 		.ascii	"uint32_t\000"
 1640      33325F74 
 1640      00
 1641 006b CD000000 		.4byte	0xcd
 1642 006f 626F6F6C 		.ascii	"bool_t\000"
 1642      5F7400
 1643 0076 D8000000 		.4byte	0xd8
 1644 007a 6D73675F 		.ascii	"msg_t\000"
 1644      7400
 1645 0080 E3000000 		.4byte	0xe3
 1646 0084 73797374 		.ascii	"systime_t\000"
 1646      696D655F 
 1646      7400
 1647 008e 51010000 		.4byte	0x151
 1648 0092 42617365 		.ascii	"BaseChannelVMT\000"
 1648      4368616E 
 1648      6E656C56 
 1648      4D5400
 1649 00a1 8B020000 		.4byte	0x28b
 1650 00a5 42617365 		.ascii	"BaseChannel\000"
 1650      4368616E 
 1650      6E656C00 
 1651 00b1 00000000 		.4byte	0x0
 1652              		.section	.debug_aranges,"",%progbits
 1653 0000 24000000 		.4byte	0x24
 1654 0004 0200     		.2byte	0x2
 1655 0006 00000000 		.4byte	.Ldebug_info0
 1656 000a 04       		.byte	0x4
 1657 000b 00       		.byte	0x0
 1658 000c 0000     		.2byte	0x0
 1659 000e 0000     		.2byte	0x0
 1660 0010 00000000 		.4byte	.LFB7
 1661 0014 94000000 		.4byte	.LFE7-.LFB7
 1662 0018 00000000 		.4byte	.LFB8
 1663 001c A4040000 		.4byte	.LFE8-.LFB8
 1664 0020 00000000 		.4byte	0x0
 1665 0024 00000000 		.4byte	0x0
 1666              		.section	.debug_ranges,"",%progbits
 1667              	.Ldebug_ranges0:
 1668 0000 00000000 		.4byte	.LFB7
 1669 0004 94000000 		.4byte	.LFE7
 1670 0008 00000000 		.4byte	.LFB8
 1671 000c A4040000 		.4byte	.LFE8
 1672 0010 00000000 		.4byte	0x0
 1673 0014 00000000 		.4byte	0x0
 1674              		.section	.debug_str,"MS",%progbits,1
 1675              	.LASF2:
 1676 0000 73697A65 		.ascii	"size_t\000"
 1676      5F7400
 1677              	.LASF35:
 1678 0007 474E5520 		.ascii	"GNU C 4.5.2\000"
ARM GAS  /tmp/ccGsaQgO.s 			page 31


 1678      4320342E 
 1678      352E3200 
 1679              	.LASF17:
 1680 0013 73797374 		.ascii	"systime_t\000"
 1680      696D655F 
 1680      7400
 1681              	.LASF33:
 1682 001d 69735F6C 		.ascii	"is_long\000"
 1682      6F6E6700 
 1683              	.LASF28:
 1684 0025 72616469 		.ascii	"radix\000"
 1684      7800
 1685              	.LASF15:
 1686 002b 626F6F6C 		.ascii	"bool_t\000"
 1686      5F7400
 1687              	.LASF37:
 1688 0032 2F686F6D 		.ascii	"/home/z80/projects/voltamper.git/firmware/voltamp\000"
 1688      652F7A38 
 1688      302F7072 
 1688      6F6A6563 
 1688      74732F76 
 1689              	.LASF25:
 1690 0064 77726974 		.ascii	"writet\000"
 1690      657400
 1691              	.LASF1:
 1692 006b 76615F6C 		.ascii	"va_list\000"
 1692      69737400 
 1693              	.LASF6:
 1694 0073 756E7369 		.ascii	"unsigned char\000"
 1694      676E6564 
 1694      20636861 
 1694      7200
 1695              	.LASF26:
 1696 0081 72656164 		.ascii	"readt\000"
 1696      7400
 1697              	.LASF12:
 1698 0087 6C6F6E67 		.ascii	"long unsigned int\000"
 1698      20756E73 
 1698      69676E65 
 1698      6420696E 
 1698      7400
 1699              	.LASF8:
 1700 0099 73686F72 		.ascii	"short unsigned int\000"
 1700      7420756E 
 1700      7369676E 
 1700      65642069 
 1700      6E7400
 1701              	.LASF21:
 1702 00ac 77726974 		.ascii	"write\000"
 1702      6500
 1703              	.LASF32:
 1704 00b2 77696474 		.ascii	"width\000"
 1704      6800
 1705              	.LASF40:
 1706 00b8 63687072 		.ascii	"chprintf\000"
 1706      696E7466 
 1706      00
ARM GAS  /tmp/ccGsaQgO.s 			page 32


 1707              	.LASF23:
 1708 00c1 70757477 		.ascii	"putwouldblock\000"
 1708      6F756C64 
 1708      626C6F63 
 1708      6B00
 1709              	.LASF0:
 1710 00cf 5F5F676E 		.ascii	"__gnuc_va_list\000"
 1710      75635F76 
 1710      615F6C69 
 1710      737400
 1711              	.LASF22:
 1712 00de 72656164 		.ascii	"read\000"
 1712      00
 1713              	.LASF30:
 1714 00e3 66696C6C 		.ascii	"filler\000"
 1714      657200
 1715              	.LASF3:
 1716 00ea 756E7369 		.ascii	"unsigned int\000"
 1716      676E6564 
 1716      20696E74 
 1716      00
 1717              	.LASF14:
 1718 00f7 6C6F6E67 		.ascii	"long long unsigned int\000"
 1718      206C6F6E 
 1718      6720756E 
 1718      7369676E 
 1718      65642069 
 1719              	.LASF36:
 1720 010e 2E2E2F63 		.ascii	"../chibios_2.4.x/os/various/chprintf.c\000"
 1720      68696269 
 1720      6F735F32 
 1720      2E342E78 
 1720      2F6F732F 
 1721              	.LASF38:
 1722 0135 5F5F6170 		.ascii	"__ap\000"
 1722      00
 1723              	.LASF24:
 1724 013a 67657477 		.ascii	"getwouldblock\000"
 1724      6F756C64 
 1724      626C6F63 
 1724      6B00
 1725              	.LASF16:
 1726 0148 6D73675F 		.ascii	"msg_t\000"
 1726      7400
 1727              	.LASF20:
 1728 014e 42617365 		.ascii	"BaseChannelVMT\000"
 1728      4368616E 
 1728      6E656C56 
 1728      4D5400
 1729              	.LASF9:
 1730 015d 696E7433 		.ascii	"int32_t\000"
 1730      325F7400 
 1731              	.LASF29:
 1732 0165 746D7062 		.ascii	"tmpbuf\000"
 1732      756600
 1733              	.LASF19:
 1734 016c 5F5F7661 		.ascii	"__va_list\000"
ARM GAS  /tmp/ccGsaQgO.s 			page 33


 1734      5F6C6973 
 1734      7400
 1735              	.LASF13:
 1736 0176 6C6F6E67 		.ascii	"long long int\000"
 1736      206C6F6E 
 1736      6720696E 
 1736      7400
 1737              	.LASF31:
 1738 0184 70726563 		.ascii	"precision\000"
 1738      6973696F 
 1738      6E00
 1739              	.LASF18:
 1740 018e 63686172 		.ascii	"char\000"
 1740      00
 1741              	.LASF34:
 1742 0193 6C656674 		.ascii	"left_align\000"
 1742      5F616C69 
 1742      676E00
 1743              	.LASF7:
 1744 019e 73686F72 		.ascii	"short int\000"
 1744      7420696E 
 1744      7400
 1745              	.LASF5:
 1746 01a8 75696E74 		.ascii	"uint8_t\000"
 1746      385F7400 
 1747              	.LASF41:
 1748 01b0 756E7369 		.ascii	"unsigned_common\000"
 1748      676E6564 
 1748      5F636F6D 
 1748      6D6F6E00 
 1749              	.LASF11:
 1750 01c0 75696E74 		.ascii	"uint32_t\000"
 1750      33325F74 
 1750      00
 1751              	.LASF10:
 1752 01c9 6C6F6E67 		.ascii	"long int\000"
 1752      20696E74 
 1752      00
 1753              	.LASF4:
 1754 01d2 7369676E 		.ascii	"signed char\000"
 1754      65642063 
 1754      68617200 
 1755              	.LASF39:
 1756 01de 6C746F61 		.ascii	"ltoa\000"
 1756      00
 1757              	.LASF27:
 1758 01e3 42617365 		.ascii	"BaseChannel\000"
 1758      4368616E 
 1758      6E656C00 
 1759              		.ident	"GCC: (Sourcery G++ Lite 2011.03-42) 4.5.2"
ARM GAS  /tmp/ccGsaQgO.s 			page 34


DEFINED SYMBOLS
                            *ABS*:00000000 chprintf.c
     /tmp/ccGsaQgO.s:24     .text.ltoa:00000000 $t
     /tmp/ccGsaQgO.s:29     .text.ltoa:00000000 ltoa
     /tmp/ccGsaQgO.s:121    .rodata:00000000 $d
     /tmp/ccGsaQgO.s:125    .text.chprintf:00000000 $t
     /tmp/ccGsaQgO.s:131    .text.chprintf:00000000 chprintf
     /tmp/ccGsaQgO.s:385    .text.chprintf:000001c4 $d
     /tmp/ccGsaQgO.s:440    .text.chprintf:00000298 $t
     /tmp/ccGsaQgO.s:738    .text.chprintf:000004a0 $d
                     .debug_frame:00000010 $d
     /tmp/ccGsaQgO.s:742    .text.chprintf:000004a4 $t

NO UNDEFINED SYMBOLS
