ARM GAS  /tmp/cc81EpM6.s 			page 1


   1              		.syntax unified
   2              		.cpu cortex-m3
   3              		.fpu softvfp
   4              		.eabi_attribute 20, 1
   5              		.eabi_attribute 21, 1
   6              		.eabi_attribute 23, 3
   7              		.eabi_attribute 24, 1
   8              		.eabi_attribute 25, 1
   9              		.eabi_attribute 26, 1
  10              		.eabi_attribute 30, 6
  11              		.eabi_attribute 18, 4
  12              		.thumb
  13              		.file	"chregistry.c"
  14              		.section	.debug_abbrev,"",%progbits
  15              	.Ldebug_abbrev0:
  16              		.section	.debug_info,"",%progbits
  17              	.Ldebug_info0:
  18              		.section	.debug_line,"",%progbits
  19              	.Ldebug_line0:
  20 0000 89010000 		.text
  20      02005701 
  20      00000201 
  20      FB0E0D00 
  20      01010101 
  21              	.Ltext0:
  22              		.cfi_sections	.debug_frame
  23              		.section	.text.chRegFirstThread,"ax",%progbits
  24              		.align	2
  25              		.p2align 4,,15
  26              		.global	chRegFirstThread
  27              		.thumb
  28              		.thumb_func
  29              		.type	chRegFirstThread, %function
  30              	chRegFirstThread:
  31              	.LFB7:
  32              		.file 1 "../chibios_2.4.x/os/kernel/src/chregistry.c"
  33              		.loc 1 72 0
  34              		.cfi_startproc
  35              		@ args = 0, pretend = 0, frame = 8
  36              		@ frame_needed = 0, uses_anonymous_args = 0
  37 0000 00B5     		push	{lr}
  38              	.LCFI0:
  39              		.cfi_def_cfa_offset 4
  40 0002 83B0     		sub	sp, sp, #12
  41              	.LCFI1:
  42              		.cfi_def_cfa_offset 16
  43              	.LBB2:
  44              		.loc 1 75 0
  45 0004 4FF02003 		mov	r3, #32
  46              	@ 75 "../chibios_2.4.x/os/kernel/src/chregistry.c" 1
  47 0008 83F31188 		msr     BASEPRI, r3
  48              	@ 0 "" 2
  49              		.thumb
  50              	.LBE2:
  51              		.cfi_offset 14, -4
  52 000c FFF7FEFF 		bl	dbg_check_lock
  53              		.loc 1 76 0
ARM GAS  /tmp/cc81EpM6.s 			page 2


  54 0010 064B     		ldr	r3, .L2
  55 0012 1B69     		ldr	r3, [r3, #16]
  56 0014 0193     		str	r3, [sp, #4]
  57              		.loc 1 80 0
  58 0016 FFF7FEFF 		bl	dbg_check_unlock
  59              	.LBB3:
  60 001a 4FF00003 		mov	r3, #0
  61              	@ 80 "../chibios_2.4.x/os/kernel/src/chregistry.c" 1
  62 001e 83F31188 		msr     BASEPRI, r3
  63              	@ 0 "" 2
  64              		.thumb
  65              	.LBE3:
  66              		.loc 1 81 0
  67 0022 019B     		ldr	r3, [sp, #4]
  68              		.loc 1 82 0
  69 0024 1846     		mov	r0, r3
  70 0026 03B0     		add	sp, sp, #12
  71 0028 00BD     		pop	{pc}
  72              	.L3:
  73 002a 00BF     		.align	2
  74              	.L2:
  75 002c 00000000 		.word	rlist
  76              		.cfi_endproc
  77              	.LFE7:
  78              		.size	chRegFirstThread, .-chRegFirstThread
  79              		.section	.text.chRegNextThread,"ax",%progbits
  80              		.align	2
  81              		.p2align 4,,15
  82              		.global	chRegNextThread
  83              		.thumb
  84              		.thumb_func
  85              		.type	chRegNextThread, %function
  86              	chRegNextThread:
  87              	.LFB8:
  88              		.loc 1 95 0
  89              		.cfi_startproc
  90              		@ args = 0, pretend = 0, frame = 16
  91              		@ frame_needed = 0, uses_anonymous_args = 0
  92 0000 00B5     		push	{lr}
  93              	.LCFI2:
  94              		.cfi_def_cfa_offset 4
  95 0002 85B0     		sub	sp, sp, #20
  96              	.LCFI3:
  97              		.cfi_def_cfa_offset 24
  98 0004 0190     		str	r0, [sp, #4]
  99              	.LBB4:
 100              		.loc 1 98 0
 101 0006 4FF02003 		mov	r3, #32
 102              	@ 98 "../chibios_2.4.x/os/kernel/src/chregistry.c" 1
 103 000a 83F31188 		msr     BASEPRI, r3
 104              	@ 0 "" 2
 105              		.thumb
 106              	.LBE4:
 107              		.cfi_offset 14, -4
 108 000e FFF7FEFF 		bl	dbg_check_lock
 109              		.loc 1 99 0
 110 0012 019B     		ldr	r3, [sp, #4]
ARM GAS  /tmp/cc81EpM6.s 			page 3


 111 0014 1B69     		ldr	r3, [r3, #16]
 112 0016 0393     		str	r3, [sp, #12]
 113              		.loc 1 100 0
 114 0018 084B     		ldr	r3, .L6
 115 001a 039A     		ldr	r2, [sp, #12]
 116 001c 9A42     		cmp	r2, r3
 117 001e 02D1     		bne	.L5
 118              		.loc 1 101 0
 119 0020 4FF00003 		mov	r3, #0
 120 0024 0393     		str	r3, [sp, #12]
 121              	.L5:
 122              		.loc 1 109 0
 123 0026 FFF7FEFF 		bl	dbg_check_unlock
 124              	.LBB5:
 125 002a 4FF00003 		mov	r3, #0
 126              	@ 109 "../chibios_2.4.x/os/kernel/src/chregistry.c" 1
 127 002e 83F31188 		msr     BASEPRI, r3
 128              	@ 0 "" 2
 129              		.thumb
 130              	.LBE5:
 131              		.loc 1 113 0
 132 0032 039B     		ldr	r3, [sp, #12]
 133              		.loc 1 114 0
 134 0034 1846     		mov	r0, r3
 135 0036 05B0     		add	sp, sp, #20
 136 0038 00BD     		pop	{pc}
 137              	.L7:
 138 003a 00BF     		.align	2
 139              	.L6:
 140 003c 00000000 		.word	rlist
 141              		.cfi_endproc
 142              	.LFE8:
 143              		.size	chRegNextThread, .-chRegNextThread
 144              		.text
 145              	.Letext0:
 146              		.section	.debug_loc,"",%progbits
 147              	.Ldebug_loc0:
 148              	.LLST0:
 149 0000 00000000 		.4byte	.LFB7
 150 0004 02000000 		.4byte	.LCFI0
 151 0008 0200     		.2byte	0x2
 152 000a 7D       		.byte	0x7d
 153 000b 00       		.sleb128 0
 154 000c 02000000 		.4byte	.LCFI0
 155 0010 04000000 		.4byte	.LCFI1
 156 0014 0200     		.2byte	0x2
 157 0016 7D       		.byte	0x7d
 158 0017 04       		.sleb128 4
 159 0018 04000000 		.4byte	.LCFI1
 160 001c 30000000 		.4byte	.LFE7
 161 0020 0200     		.2byte	0x2
 162 0022 7D       		.byte	0x7d
 163 0023 10       		.sleb128 16
 164 0024 00000000 		.4byte	0x0
 165 0028 00000000 		.4byte	0x0
 166              	.LLST1:
 167 002c 00000000 		.4byte	.LFB8
ARM GAS  /tmp/cc81EpM6.s 			page 4


 168 0030 02000000 		.4byte	.LCFI2
 169 0034 0200     		.2byte	0x2
 170 0036 7D       		.byte	0x7d
 171 0037 00       		.sleb128 0
 172 0038 02000000 		.4byte	.LCFI2
 173 003c 04000000 		.4byte	.LCFI3
 174 0040 0200     		.2byte	0x2
 175 0042 7D       		.byte	0x7d
 176 0043 04       		.sleb128 4
 177 0044 04000000 		.4byte	.LCFI3
 178 0048 40000000 		.4byte	.LFE8
 179 004c 0200     		.2byte	0x2
 180 004e 7D       		.byte	0x7d
 181 004f 18       		.sleb128 24
 182 0050 00000000 		.4byte	0x0
 183 0054 00000000 		.4byte	0x0
 184              		.file 2 "/home/z80/programs/code-sourcery/2011.03-42/bin/../lib/gcc/arm-none-eabi/4.5.2/../../../.
 185              		.file 3 "../chibios_2.4.x/os/ports/GCC/ARMCMx/chtypes.h"
 186              		.file 4 "../chibios_2.4.x/os/kernel/include/chlists.h"
 187              		.file 5 "../chibios_2.4.x/os/kernel/include/chthreads.h"
 188              		.file 6 "../chibios_2.4.x/os/ports/GCC/ARMCMx/chcore_v7m.h"
 189              		.file 7 "../chibios_2.4.x/os/kernel/include/chschd.h"
 190              		.file 8 "../chibios_2.4.x/os/kernel/include/chmtx.h"
 191              		.section	.debug_info
 192 0000 11050000 		.4byte	0x511
 193 0004 0200     		.2byte	0x2
 194 0006 00000000 		.4byte	.Ldebug_abbrev0
 195 000a 04       		.byte	0x4
 196 000b 01       		.uleb128 0x1
 197 000c 92020000 		.4byte	.LASF64
 198 0010 01       		.byte	0x1
 199 0011 4A010000 		.4byte	.LASF65
 200 0015 4B020000 		.4byte	.LASF66
 201 0019 00000000 		.4byte	0x0
 202 001d 00000000 		.4byte	0x0
 203 0021 00000000 		.4byte	.Ldebug_ranges0+0x0
 204 0025 00000000 		.4byte	.Ldebug_line0
 205 0029 02       		.uleb128 0x2
 206 002a 04       		.byte	0x4
 207 002b 05       		.byte	0x5
 208 002c 696E7400 		.ascii	"int\000"
 209 0030 03       		.uleb128 0x3
 210 0031 04       		.byte	0x4
 211 0032 07       		.byte	0x7
 212 0033 AC000000 		.4byte	.LASF0
 213 0037 03       		.uleb128 0x3
 214 0038 01       		.byte	0x1
 215 0039 06       		.byte	0x6
 216 003a 5C000000 		.4byte	.LASF1
 217 003e 04       		.uleb128 0x4
 218 003f 83020000 		.4byte	.LASF5
 219 0043 02       		.byte	0x2
 220 0044 2A       		.byte	0x2a
 221 0045 49000000 		.4byte	0x49
 222 0049 03       		.uleb128 0x3
 223 004a 01       		.byte	0x1
 224 004b 08       		.byte	0x8
ARM GAS  /tmp/cc81EpM6.s 			page 5


 225 004c 8D010000 		.4byte	.LASF2
 226 0050 03       		.uleb128 0x3
 227 0051 02       		.byte	0x2
 228 0052 05       		.byte	0x5
 229 0053 A5010000 		.4byte	.LASF3
 230 0057 03       		.uleb128 0x3
 231 0058 02       		.byte	0x2
 232 0059 07       		.byte	0x7
 233 005a D3000000 		.4byte	.LASF4
 234 005e 04       		.uleb128 0x4
 235 005f 85010000 		.4byte	.LASF6
 236 0063 02       		.byte	0x2
 237 0064 4F       		.byte	0x4f
 238 0065 69000000 		.4byte	0x69
 239 0069 03       		.uleb128 0x3
 240 006a 04       		.byte	0x4
 241 006b 05       		.byte	0x5
 242 006c 70000000 		.4byte	.LASF7
 243 0070 04       		.uleb128 0x4
 244 0071 E6010000 		.4byte	.LASF8
 245 0075 02       		.byte	0x2
 246 0076 50       		.byte	0x50
 247 0077 7B000000 		.4byte	0x7b
 248 007b 03       		.uleb128 0x3
 249 007c 04       		.byte	0x4
 250 007d 07       		.byte	0x7
 251 007e B9000000 		.4byte	.LASF9
 252 0082 03       		.uleb128 0x3
 253 0083 08       		.byte	0x8
 254 0084 05       		.byte	0x5
 255 0085 4E000000 		.4byte	.LASF10
 256 0089 04       		.uleb128 0x4
 257 008a 0D000000 		.4byte	.LASF11
 258 008e 02       		.byte	0x2
 259 008f 78       		.byte	0x78
 260 0090 94000000 		.4byte	0x94
 261 0094 03       		.uleb128 0x3
 262 0095 08       		.byte	0x8
 263 0096 07       		.byte	0x7
 264 0097 16000000 		.4byte	.LASF12
 265 009b 04       		.uleb128 0x4
 266 009c EC000000 		.4byte	.LASF13
 267 00a0 03       		.byte	0x3
 268 00a1 2F       		.byte	0x2f
 269 00a2 3E000000 		.4byte	0x3e
 270 00a6 04       		.uleb128 0x4
 271 00a7 79000000 		.4byte	.LASF14
 272 00ab 03       		.byte	0x3
 273 00ac 30       		.byte	0x30
 274 00ad 3E000000 		.4byte	0x3e
 275 00b1 04       		.uleb128 0x4
 276 00b2 7D010000 		.4byte	.LASF15
 277 00b6 03       		.byte	0x3
 278 00b7 32       		.byte	0x32
 279 00b8 70000000 		.4byte	0x70
 280 00bc 04       		.uleb128 0x4
 281 00bd E6000000 		.4byte	.LASF16
ARM GAS  /tmp/cc81EpM6.s 			page 6


 282 00c1 03       		.byte	0x3
 283 00c2 33       		.byte	0x33
 284 00c3 5E000000 		.4byte	0x5e
 285 00c7 04       		.uleb128 0x4
 286 00c8 00010000 		.4byte	.LASF17
 287 00cc 03       		.byte	0x3
 288 00cd 35       		.byte	0x35
 289 00ce 70000000 		.4byte	0x70
 290 00d2 04       		.uleb128 0x4
 291 00d3 13020000 		.4byte	.LASF18
 292 00d7 03       		.byte	0x3
 293 00d8 36       		.byte	0x36
 294 00d9 70000000 		.4byte	0x70
 295 00dd 04       		.uleb128 0x4
 296 00de 9B000000 		.4byte	.LASF19
 297 00e2 03       		.byte	0x3
 298 00e3 37       		.byte	0x37
 299 00e4 5E000000 		.4byte	0x5e
 300 00e8 04       		.uleb128 0x4
 301 00e9 D4010000 		.4byte	.LASF20
 302 00ed 04       		.byte	0x4
 303 00ee 2A       		.byte	0x2a
 304 00ef F3000000 		.4byte	0xf3
 305 00f3 05       		.uleb128 0x5
 306 00f4 D4010000 		.4byte	.LASF20
 307 00f8 48       		.byte	0x48
 308 00f9 05       		.byte	0x5
 309 00fa 5E       		.byte	0x5e
 310 00fb FC010000 		.4byte	0x1fc
 311 00ff 06       		.uleb128 0x6
 312 0100 C5010000 		.4byte	.LASF21
 313 0104 05       		.byte	0x5
 314 0105 5F       		.byte	0x5f
 315 0106 21020000 		.4byte	0x221
 316 010a 02       		.byte	0x2
 317 010b 23       		.byte	0x23
 318 010c 00       		.uleb128 0x0
 319 010d 06       		.uleb128 0x6
 320 010e 76010000 		.4byte	.LASF22
 321 0112 05       		.byte	0x5
 322 0113 61       		.byte	0x61
 323 0114 21020000 		.4byte	0x221
 324 0118 02       		.byte	0x2
 325 0119 23       		.byte	0x23
 326 011a 04       		.uleb128 0x4
 327 011b 06       		.uleb128 0x6
 328 011c 47000000 		.4byte	.LASF23
 329 0120 05       		.byte	0x5
 330 0121 63       		.byte	0x63
 331 0122 B1000000 		.4byte	0xb1
 332 0126 02       		.byte	0x2
 333 0127 23       		.byte	0x23
 334 0128 08       		.uleb128 0x8
 335 0129 06       		.uleb128 0x6
 336 012a B7020000 		.4byte	.LASF24
 337 012e 05       		.byte	0x5
 338 012f 64       		.byte	0x64
ARM GAS  /tmp/cc81EpM6.s 			page 7


 339 0130 F9020000 		.4byte	0x2f9
 340 0134 02       		.byte	0x2
 341 0135 23       		.byte	0x23
 342 0136 0C       		.uleb128 0xc
 343 0137 06       		.uleb128 0x6
 344 0138 82000000 		.4byte	.LASF25
 345 013c 05       		.byte	0x5
 346 013d 66       		.byte	0x66
 347 013e 21020000 		.4byte	0x221
 348 0142 02       		.byte	0x2
 349 0143 23       		.byte	0x23
 350 0144 10       		.uleb128 0x10
 351 0145 06       		.uleb128 0x6
 352 0146 1D010000 		.4byte	.LASF26
 353 014a 05       		.byte	0x5
 354 014b 67       		.byte	0x67
 355 014c 21020000 		.4byte	0x221
 356 0150 02       		.byte	0x2
 357 0151 23       		.byte	0x23
 358 0152 14       		.uleb128 0x14
 359 0153 06       		.uleb128 0x6
 360 0154 9E020000 		.4byte	.LASF27
 361 0158 05       		.byte	0x5
 362 0159 6E       		.byte	0x6e
 363 015a 14040000 		.4byte	0x414
 364 015e 02       		.byte	0x2
 365 015f 23       		.byte	0x23
 366 0160 18       		.uleb128 0x18
 367 0161 06       		.uleb128 0x6
 368 0162 A1000000 		.4byte	.LASF28
 369 0166 05       		.byte	0x5
 370 0167 74       		.byte	0x74
 371 0168 26040000 		.4byte	0x426
 372 016c 02       		.byte	0x2
 373 016d 23       		.byte	0x23
 374 016e 1C       		.uleb128 0x1c
 375 016f 06       		.uleb128 0x6
 376 0170 AF010000 		.4byte	.LASF29
 377 0174 05       		.byte	0x5
 378 0175 79       		.byte	0x79
 379 0176 A6000000 		.4byte	0xa6
 380 017a 02       		.byte	0x2
 381 017b 23       		.byte	0x23
 382 017c 20       		.uleb128 0x20
 383 017d 06       		.uleb128 0x6
 384 017e CC010000 		.4byte	.LASF30
 385 0182 05       		.byte	0x5
 386 0183 7D       		.byte	0x7d
 387 0184 9B000000 		.4byte	0x9b
 388 0188 02       		.byte	0x2
 389 0189 23       		.byte	0x23
 390 018a 21       		.uleb128 0x21
 391 018b 06       		.uleb128 0x6
 392 018c 28020000 		.4byte	.LASF31
 393 0190 05       		.byte	0x5
 394 0191 89       		.byte	0x89
 395 0192 1C030000 		.4byte	0x31c
ARM GAS  /tmp/cc81EpM6.s 			page 8


 396 0196 02       		.byte	0x2
 397 0197 23       		.byte	0x23
 398 0198 24       		.uleb128 0x24
 399 0199 07       		.uleb128 0x7
 400 019a 705F7500 		.ascii	"p_u\000"
 401 019e 05       		.byte	0x5
 402 019f AE       		.byte	0xae
 403 01a0 DF030000 		.4byte	0x3df
 404 01a4 02       		.byte	0x2
 405 01a5 23       		.byte	0x23
 406 01a6 28       		.uleb128 0x28
 407 01a7 06       		.uleb128 0x6
 408 01a8 BD020000 		.4byte	.LASF32
 409 01ac 05       		.byte	0x5
 410 01ad B3       		.byte	0xb3
 411 01ae 49020000 		.4byte	0x249
 412 01b2 02       		.byte	0x2
 413 01b3 23       		.byte	0x23
 414 01b4 2C       		.uleb128 0x2c
 415 01b5 06       		.uleb128 0x6
 416 01b6 36020000 		.4byte	.LASF33
 417 01ba 05       		.byte	0x5
 418 01bb B9       		.byte	0xb9
 419 01bc 27020000 		.4byte	0x227
 420 01c0 02       		.byte	0x2
 421 01c1 23       		.byte	0x23
 422 01c2 30       		.uleb128 0x30
 423 01c3 06       		.uleb128 0x6
 424 01c4 00000000 		.4byte	.LASF34
 425 01c8 05       		.byte	0x5
 426 01c9 BD       		.byte	0xbd
 427 01ca BC000000 		.4byte	0xbc
 428 01ce 02       		.byte	0x2
 429 01cf 23       		.byte	0x23
 430 01d0 38       		.uleb128 0x38
 431 01d1 06       		.uleb128 0x6
 432 01d2 DB010000 		.4byte	.LASF35
 433 01d6 05       		.byte	0x5
 434 01d7 C3       		.byte	0xc3
 435 01d8 C7000000 		.4byte	0xc7
 436 01dc 02       		.byte	0x2
 437 01dd 23       		.byte	0x23
 438 01de 3C       		.uleb128 0x3c
 439 01df 06       		.uleb128 0x6
 440 01e0 9B010000 		.4byte	.LASF36
 441 01e4 05       		.byte	0x5
 442 01e5 CA       		.byte	0xca
 443 01e6 2C040000 		.4byte	0x42c
 444 01ea 02       		.byte	0x2
 445 01eb 23       		.byte	0x23
 446 01ec 40       		.uleb128 0x40
 447 01ed 06       		.uleb128 0x6
 448 01ee 1D020000 		.4byte	.LASF37
 449 01f2 05       		.byte	0x5
 450 01f3 CE       		.byte	0xce
 451 01f4 B1000000 		.4byte	0xb1
 452 01f8 02       		.byte	0x2
ARM GAS  /tmp/cc81EpM6.s 			page 9


 453 01f9 23       		.byte	0x23
 454 01fa 44       		.uleb128 0x44
 455 01fb 00       		.byte	0x0
 456 01fc 08       		.uleb128 0x8
 457 01fd 08       		.byte	0x8
 458 01fe 04       		.byte	0x4
 459 01ff 61       		.byte	0x61
 460 0200 21020000 		.4byte	0x221
 461 0204 06       		.uleb128 0x6
 462 0205 C5010000 		.4byte	.LASF21
 463 0209 04       		.byte	0x4
 464 020a 62       		.byte	0x62
 465 020b 21020000 		.4byte	0x221
 466 020f 02       		.byte	0x2
 467 0210 23       		.byte	0x23
 468 0211 00       		.uleb128 0x0
 469 0212 06       		.uleb128 0x6
 470 0213 76010000 		.4byte	.LASF22
 471 0217 04       		.byte	0x4
 472 0218 64       		.byte	0x64
 473 0219 21020000 		.4byte	0x221
 474 021d 02       		.byte	0x2
 475 021e 23       		.byte	0x23
 476 021f 04       		.uleb128 0x4
 477 0220 00       		.byte	0x0
 478 0221 09       		.uleb128 0x9
 479 0222 04       		.byte	0x4
 480 0223 E8000000 		.4byte	0xe8
 481 0227 04       		.uleb128 0x4
 482 0228 2B010000 		.4byte	.LASF38
 483 022c 04       		.byte	0x4
 484 022d 66       		.byte	0x66
 485 022e FC010000 		.4byte	0x1fc
 486 0232 08       		.uleb128 0x8
 487 0233 04       		.byte	0x4
 488 0234 04       		.byte	0x4
 489 0235 6B       		.byte	0x6b
 490 0236 49020000 		.4byte	0x249
 491 023a 06       		.uleb128 0x6
 492 023b C5010000 		.4byte	.LASF21
 493 023f 04       		.byte	0x4
 494 0240 6D       		.byte	0x6d
 495 0241 21020000 		.4byte	0x221
 496 0245 02       		.byte	0x2
 497 0246 23       		.byte	0x23
 498 0247 00       		.uleb128 0x0
 499 0248 00       		.byte	0x0
 500 0249 04       		.uleb128 0x4
 501 024a F4000000 		.4byte	.LASF39
 502 024e 04       		.byte	0x4
 503 024f 70       		.byte	0x70
 504 0250 32020000 		.4byte	0x232
 505 0254 04       		.uleb128 0x4
 506 0255 92000000 		.4byte	.LASF40
 507 0259 06       		.byte	0x6
 508 025a D7       		.byte	0xd7
 509 025b 5F020000 		.4byte	0x25f
ARM GAS  /tmp/cc81EpM6.s 			page 10


 510 025f 0A       		.uleb128 0xa
 511 0260 04       		.byte	0x4
 512 0261 04       		.uleb128 0x4
 513 0262 12010000 		.4byte	.LASF41
 514 0266 06       		.byte	0x6
 515 0267 DD       		.byte	0xdd
 516 0268 89000000 		.4byte	0x89
 517 026c 05       		.uleb128 0x5
 518 026d 2F020000 		.4byte	.LASF42
 519 0271 24       		.byte	0x24
 520 0272 06       		.byte	0x6
 521 0273 FE       		.byte	0xfe
 522 0274 F9020000 		.4byte	0x2f9
 523 0278 0B       		.uleb128 0xb
 524 0279 723400   		.ascii	"r4\000"
 525 027c 06       		.byte	0x6
 526 027d 1101     		.2byte	0x111
 527 027f 54020000 		.4byte	0x254
 528 0283 02       		.byte	0x2
 529 0284 23       		.byte	0x23
 530 0285 00       		.uleb128 0x0
 531 0286 0B       		.uleb128 0xb
 532 0287 723500   		.ascii	"r5\000"
 533 028a 06       		.byte	0x6
 534 028b 1201     		.2byte	0x112
 535 028d 54020000 		.4byte	0x254
 536 0291 02       		.byte	0x2
 537 0292 23       		.byte	0x23
 538 0293 04       		.uleb128 0x4
 539 0294 0B       		.uleb128 0xb
 540 0295 723600   		.ascii	"r6\000"
 541 0298 06       		.byte	0x6
 542 0299 1301     		.2byte	0x113
 543 029b 54020000 		.4byte	0x254
 544 029f 02       		.byte	0x2
 545 02a0 23       		.byte	0x23
 546 02a1 08       		.uleb128 0x8
 547 02a2 0B       		.uleb128 0xb
 548 02a3 723700   		.ascii	"r7\000"
 549 02a6 06       		.byte	0x6
 550 02a7 1401     		.2byte	0x114
 551 02a9 54020000 		.4byte	0x254
 552 02ad 02       		.byte	0x2
 553 02ae 23       		.byte	0x23
 554 02af 0C       		.uleb128 0xc
 555 02b0 0B       		.uleb128 0xb
 556 02b1 723800   		.ascii	"r8\000"
 557 02b4 06       		.byte	0x6
 558 02b5 1501     		.2byte	0x115
 559 02b7 54020000 		.4byte	0x254
 560 02bb 02       		.byte	0x2
 561 02bc 23       		.byte	0x23
 562 02bd 10       		.uleb128 0x10
 563 02be 0B       		.uleb128 0xb
 564 02bf 723900   		.ascii	"r9\000"
 565 02c2 06       		.byte	0x6
 566 02c3 1601     		.2byte	0x116
ARM GAS  /tmp/cc81EpM6.s 			page 11


 567 02c5 54020000 		.4byte	0x254
 568 02c9 02       		.byte	0x2
 569 02ca 23       		.byte	0x23
 570 02cb 14       		.uleb128 0x14
 571 02cc 0B       		.uleb128 0xb
 572 02cd 72313000 		.ascii	"r10\000"
 573 02d1 06       		.byte	0x6
 574 02d2 1701     		.2byte	0x117
 575 02d4 54020000 		.4byte	0x254
 576 02d8 02       		.byte	0x2
 577 02d9 23       		.byte	0x23
 578 02da 18       		.uleb128 0x18
 579 02db 0B       		.uleb128 0xb
 580 02dc 72313100 		.ascii	"r11\000"
 581 02e0 06       		.byte	0x6
 582 02e1 1801     		.2byte	0x118
 583 02e3 54020000 		.4byte	0x254
 584 02e7 02       		.byte	0x2
 585 02e8 23       		.byte	0x23
 586 02e9 1C       		.uleb128 0x1c
 587 02ea 0B       		.uleb128 0xb
 588 02eb 6C7200   		.ascii	"lr\000"
 589 02ee 06       		.byte	0x6
 590 02ef 1901     		.2byte	0x119
 591 02f1 54020000 		.4byte	0x254
 592 02f5 02       		.byte	0x2
 593 02f6 23       		.byte	0x23
 594 02f7 20       		.uleb128 0x20
 595 02f8 00       		.byte	0x0
 596 02f9 0C       		.uleb128 0xc
 597 02fa CB000000 		.4byte	.LASF43
 598 02fe 04       		.byte	0x4
 599 02ff 06       		.byte	0x6
 600 0300 2301     		.2byte	0x123
 601 0302 16030000 		.4byte	0x316
 602 0306 0B       		.uleb128 0xb
 603 0307 72313300 		.ascii	"r13\000"
 604 030b 06       		.byte	0x6
 605 030c 2401     		.2byte	0x124
 606 030e 16030000 		.4byte	0x316
 607 0312 02       		.byte	0x2
 608 0313 23       		.byte	0x23
 609 0314 00       		.uleb128 0x0
 610 0315 00       		.byte	0x0
 611 0316 09       		.uleb128 0x9
 612 0317 04       		.byte	0x4
 613 0318 6C020000 		.4byte	0x26c
 614 031c 0D       		.uleb128 0xd
 615 031d D2000000 		.4byte	0xd2
 616 0321 08       		.uleb128 0x8
 617 0322 20       		.byte	0x20
 618 0323 07       		.byte	0x7
 619 0324 5E       		.byte	0x5e
 620 0325 8C030000 		.4byte	0x38c
 621 0329 06       		.uleb128 0x6
 622 032a EF010000 		.4byte	.LASF44
 623 032e 07       		.byte	0x7
ARM GAS  /tmp/cc81EpM6.s 			page 12


 624 032f 5F       		.byte	0x5f
 625 0330 27020000 		.4byte	0x227
 626 0334 02       		.byte	0x2
 627 0335 23       		.byte	0x23
 628 0336 00       		.uleb128 0x0
 629 0337 06       		.uleb128 0x6
 630 0338 B7010000 		.4byte	.LASF45
 631 033c 07       		.byte	0x7
 632 033d 60       		.byte	0x60
 633 033e B1000000 		.4byte	0xb1
 634 0342 02       		.byte	0x2
 635 0343 23       		.byte	0x23
 636 0344 08       		.uleb128 0x8
 637 0345 06       		.uleb128 0x6
 638 0346 25010000 		.4byte	.LASF46
 639 034a 07       		.byte	0x7
 640 034b 62       		.byte	0x62
 641 034c F9020000 		.4byte	0x2f9
 642 0350 02       		.byte	0x2
 643 0351 23       		.byte	0x23
 644 0352 0C       		.uleb128 0xc
 645 0353 06       		.uleb128 0x6
 646 0354 8A000000 		.4byte	.LASF47
 647 0358 07       		.byte	0x7
 648 0359 65       		.byte	0x65
 649 035a 21020000 		.4byte	0x221
 650 035e 02       		.byte	0x2
 651 035f 23       		.byte	0x23
 652 0360 10       		.uleb128 0x10
 653 0361 06       		.uleb128 0x6
 654 0362 42010000 		.4byte	.LASF48
 655 0366 07       		.byte	0x7
 656 0367 66       		.byte	0x66
 657 0368 21020000 		.4byte	0x221
 658 036c 02       		.byte	0x2
 659 036d 23       		.byte	0x23
 660 036e 14       		.uleb128 0x14
 661 036f 06       		.uleb128 0x6
 662 0370 A5020000 		.4byte	.LASF49
 663 0374 07       		.byte	0x7
 664 0375 6A       		.byte	0x6a
 665 0376 DD000000 		.4byte	0xdd
 666 037a 02       		.byte	0x2
 667 037b 23       		.byte	0x23
 668 037c 18       		.uleb128 0x18
 669 037d 06       		.uleb128 0x6
 670 037e 38010000 		.4byte	.LASF50
 671 0382 07       		.byte	0x7
 672 0383 6C       		.byte	0x6c
 673 0384 21020000 		.4byte	0x221
 674 0388 02       		.byte	0x2
 675 0389 23       		.byte	0x23
 676 038a 1C       		.uleb128 0x1c
 677 038b 00       		.byte	0x0
 678 038c 04       		.uleb128 0x4
 679 038d 41020000 		.4byte	.LASF51
 680 0391 07       		.byte	0x7
ARM GAS  /tmp/cc81EpM6.s 			page 13


 681 0392 6E       		.byte	0x6e
 682 0393 21030000 		.4byte	0x321
 683 0397 05       		.uleb128 0x5
 684 0398 0C010000 		.4byte	.LASF52
 685 039c 10       		.byte	0x10
 686 039d 08       		.byte	0x8
 687 039e 2C       		.byte	0x2c
 688 039f CE030000 		.4byte	0x3ce
 689 03a3 06       		.uleb128 0x6
 690 03a4 68000000 		.4byte	.LASF53
 691 03a8 08       		.byte	0x8
 692 03a9 2D       		.byte	0x2d
 693 03aa 27020000 		.4byte	0x227
 694 03ae 02       		.byte	0x2
 695 03af 23       		.byte	0x23
 696 03b0 00       		.uleb128 0x0
 697 03b1 06       		.uleb128 0x6
 698 03b2 AF020000 		.4byte	.LASF54
 699 03b6 08       		.byte	0x8
 700 03b7 2F       		.byte	0x2f
 701 03b8 21020000 		.4byte	0x221
 702 03bc 02       		.byte	0x2
 703 03bd 23       		.byte	0x23
 704 03be 08       		.uleb128 0x8
 705 03bf 06       		.uleb128 0x6
 706 03c0 0C020000 		.4byte	.LASF55
 707 03c4 08       		.byte	0x8
 708 03c5 31       		.byte	0x31
 709 03c6 CE030000 		.4byte	0x3ce
 710 03ca 02       		.byte	0x2
 711 03cb 23       		.byte	0x23
 712 03cc 0C       		.uleb128 0xc
 713 03cd 00       		.byte	0x0
 714 03ce 09       		.uleb128 0x9
 715 03cf 04       		.byte	0x4
 716 03d0 97030000 		.4byte	0x397
 717 03d4 04       		.uleb128 0x4
 718 03d5 0C010000 		.4byte	.LASF52
 719 03d9 08       		.byte	0x8
 720 03da 33       		.byte	0x33
 721 03db 97030000 		.4byte	0x397
 722 03df 0E       		.uleb128 0xe
 723 03e0 04       		.byte	0x4
 724 03e1 05       		.byte	0x5
 725 03e2 90       		.byte	0x90
 726 03e3 14040000 		.4byte	0x414
 727 03e7 0F       		.uleb128 0xf
 728 03e8 06000000 		.4byte	.LASF56
 729 03ec 05       		.byte	0x5
 730 03ed 97       		.byte	0x97
 731 03ee BC000000 		.4byte	0xbc
 732 03f2 0F       		.uleb128 0xf
 733 03f3 2D000000 		.4byte	.LASF57
 734 03f7 05       		.byte	0x5
 735 03f8 9E       		.byte	0x9e
 736 03f9 BC000000 		.4byte	0xbc
 737 03fd 0F       		.uleb128 0xf
ARM GAS  /tmp/cc81EpM6.s 			page 14


 738 03fe 8B020000 		.4byte	.LASF58
 739 0402 05       		.byte	0x5
 740 0403 A5       		.byte	0xa5
 741 0404 5F020000 		.4byte	0x25f
 742 0408 0F       		.uleb128 0xf
 743 0409 BE010000 		.4byte	.LASF59
 744 040d 05       		.byte	0x5
 745 040e AC       		.byte	0xac
 746 040f C7000000 		.4byte	0xc7
 747 0413 00       		.byte	0x0
 748 0414 09       		.uleb128 0x9
 749 0415 04       		.byte	0x4
 750 0416 1A040000 		.4byte	0x41a
 751 041a 10       		.uleb128 0x10
 752 041b 1F040000 		.4byte	0x41f
 753 041f 03       		.uleb128 0x3
 754 0420 01       		.byte	0x1
 755 0421 08       		.byte	0x8
 756 0422 F7010000 		.4byte	.LASF60
 757 0426 09       		.uleb128 0x9
 758 0427 04       		.byte	0x4
 759 0428 61020000 		.4byte	0x261
 760 042c 09       		.uleb128 0x9
 761 042d 04       		.byte	0x4
 762 042e D4030000 		.4byte	0x3d4
 763 0432 11       		.uleb128 0x11
 764 0433 01       		.byte	0x1
 765 0434 36000000 		.4byte	.LASF61
 766 0438 01       		.byte	0x1
 767 0439 48       		.byte	0x48
 768 043a 01       		.byte	0x1
 769 043b 21020000 		.4byte	0x221
 770 043f 00000000 		.4byte	.LFB7
 771 0443 30000000 		.4byte	.LFE7
 772 0447 00000000 		.4byte	.LLST0
 773 044b 8F040000 		.4byte	0x48f
 774 044f 12       		.uleb128 0x12
 775 0450 747000   		.ascii	"tp\000"
 776 0453 01       		.byte	0x1
 777 0454 49       		.byte	0x49
 778 0455 21020000 		.4byte	0x221
 779 0459 02       		.byte	0x2
 780 045a 91       		.byte	0x91
 781 045b 74       		.sleb128 -12
 782 045c 13       		.uleb128 0x13
 783 045d 04000000 		.4byte	.LBB2
 784 0461 0C000000 		.4byte	.LBE2
 785 0465 77040000 		.4byte	0x477
 786 0469 12       		.uleb128 0x12
 787 046a 746D7000 		.ascii	"tmp\000"
 788 046e 01       		.byte	0x1
 789 046f 4B       		.byte	0x4b
 790 0470 70000000 		.4byte	0x70
 791 0474 01       		.byte	0x1
 792 0475 53       		.byte	0x53
 793 0476 00       		.byte	0x0
 794 0477 14       		.uleb128 0x14
ARM GAS  /tmp/cc81EpM6.s 			page 15


 795 0478 1A000000 		.4byte	.LBB3
 796 047c 22000000 		.4byte	.LBE3
 797 0480 12       		.uleb128 0x12
 798 0481 746D7000 		.ascii	"tmp\000"
 799 0485 01       		.byte	0x1
 800 0486 50       		.byte	0x50
 801 0487 70000000 		.4byte	0x70
 802 048b 01       		.byte	0x1
 803 048c 53       		.byte	0x53
 804 048d 00       		.byte	0x0
 805 048e 00       		.byte	0x0
 806 048f 11       		.uleb128 0x11
 807 0490 01       		.byte	0x1
 808 0491 FC010000 		.4byte	.LASF62
 809 0495 01       		.byte	0x1
 810 0496 5F       		.byte	0x5f
 811 0497 01       		.byte	0x1
 812 0498 21020000 		.4byte	0x221
 813 049c 00000000 		.4byte	.LFB8
 814 04a0 40000000 		.4byte	.LFE8
 815 04a4 2C000000 		.4byte	.LLST1
 816 04a8 FA040000 		.4byte	0x4fa
 817 04ac 15       		.uleb128 0x15
 818 04ad 747000   		.ascii	"tp\000"
 819 04b0 01       		.byte	0x1
 820 04b1 5F       		.byte	0x5f
 821 04b2 21020000 		.4byte	0x221
 822 04b6 02       		.byte	0x2
 823 04b7 91       		.byte	0x91
 824 04b8 6C       		.sleb128 -20
 825 04b9 12       		.uleb128 0x12
 826 04ba 6E747000 		.ascii	"ntp\000"
 827 04be 01       		.byte	0x1
 828 04bf 60       		.byte	0x60
 829 04c0 21020000 		.4byte	0x221
 830 04c4 02       		.byte	0x2
 831 04c5 91       		.byte	0x91
 832 04c6 74       		.sleb128 -12
 833 04c7 13       		.uleb128 0x13
 834 04c8 06000000 		.4byte	.LBB4
 835 04cc 0E000000 		.4byte	.LBE4
 836 04d0 E2040000 		.4byte	0x4e2
 837 04d4 12       		.uleb128 0x12
 838 04d5 746D7000 		.ascii	"tmp\000"
 839 04d9 01       		.byte	0x1
 840 04da 62       		.byte	0x62
 841 04db 70000000 		.4byte	0x70
 842 04df 01       		.byte	0x1
 843 04e0 53       		.byte	0x53
 844 04e1 00       		.byte	0x0
 845 04e2 14       		.uleb128 0x14
 846 04e3 2A000000 		.4byte	.LBB5
 847 04e7 32000000 		.4byte	.LBE5
 848 04eb 12       		.uleb128 0x12
 849 04ec 746D7000 		.ascii	"tmp\000"
 850 04f0 01       		.byte	0x1
 851 04f1 6D       		.byte	0x6d
ARM GAS  /tmp/cc81EpM6.s 			page 16


 852 04f2 70000000 		.4byte	0x70
 853 04f6 01       		.byte	0x1
 854 04f7 53       		.byte	0x53
 855 04f8 00       		.byte	0x0
 856 04f9 00       		.byte	0x0
 857 04fa 16       		.uleb128 0x16
 858 04fb 7D020000 		.4byte	.LASF63
 859 04ff 07       		.byte	0x7
 860 0500 72       		.byte	0x72
 861 0501 8C030000 		.4byte	0x38c
 862 0505 01       		.byte	0x1
 863 0506 01       		.byte	0x1
 864 0507 16       		.uleb128 0x16
 865 0508 7D020000 		.4byte	.LASF63
 866 050c 07       		.byte	0x7
 867 050d 72       		.byte	0x72
 868 050e 8C030000 		.4byte	0x38c
 869 0512 01       		.byte	0x1
 870 0513 01       		.byte	0x1
 871 0514 00       		.byte	0x0
 872              		.section	.debug_abbrev
 873 0000 01       		.uleb128 0x1
 874 0001 11       		.uleb128 0x11
 875 0002 01       		.byte	0x1
 876 0003 25       		.uleb128 0x25
 877 0004 0E       		.uleb128 0xe
 878 0005 13       		.uleb128 0x13
 879 0006 0B       		.uleb128 0xb
 880 0007 03       		.uleb128 0x3
 881 0008 0E       		.uleb128 0xe
 882 0009 1B       		.uleb128 0x1b
 883 000a 0E       		.uleb128 0xe
 884 000b 11       		.uleb128 0x11
 885 000c 01       		.uleb128 0x1
 886 000d 52       		.uleb128 0x52
 887 000e 01       		.uleb128 0x1
 888 000f 55       		.uleb128 0x55
 889 0010 06       		.uleb128 0x6
 890 0011 10       		.uleb128 0x10
 891 0012 06       		.uleb128 0x6
 892 0013 00       		.byte	0x0
 893 0014 00       		.byte	0x0
 894 0015 02       		.uleb128 0x2
 895 0016 24       		.uleb128 0x24
 896 0017 00       		.byte	0x0
 897 0018 0B       		.uleb128 0xb
 898 0019 0B       		.uleb128 0xb
 899 001a 3E       		.uleb128 0x3e
 900 001b 0B       		.uleb128 0xb
 901 001c 03       		.uleb128 0x3
 902 001d 08       		.uleb128 0x8
 903 001e 00       		.byte	0x0
 904 001f 00       		.byte	0x0
 905 0020 03       		.uleb128 0x3
 906 0021 24       		.uleb128 0x24
 907 0022 00       		.byte	0x0
 908 0023 0B       		.uleb128 0xb
ARM GAS  /tmp/cc81EpM6.s 			page 17


 909 0024 0B       		.uleb128 0xb
 910 0025 3E       		.uleb128 0x3e
 911 0026 0B       		.uleb128 0xb
 912 0027 03       		.uleb128 0x3
 913 0028 0E       		.uleb128 0xe
 914 0029 00       		.byte	0x0
 915 002a 00       		.byte	0x0
 916 002b 04       		.uleb128 0x4
 917 002c 16       		.uleb128 0x16
 918 002d 00       		.byte	0x0
 919 002e 03       		.uleb128 0x3
 920 002f 0E       		.uleb128 0xe
 921 0030 3A       		.uleb128 0x3a
 922 0031 0B       		.uleb128 0xb
 923 0032 3B       		.uleb128 0x3b
 924 0033 0B       		.uleb128 0xb
 925 0034 49       		.uleb128 0x49
 926 0035 13       		.uleb128 0x13
 927 0036 00       		.byte	0x0
 928 0037 00       		.byte	0x0
 929 0038 05       		.uleb128 0x5
 930 0039 13       		.uleb128 0x13
 931 003a 01       		.byte	0x1
 932 003b 03       		.uleb128 0x3
 933 003c 0E       		.uleb128 0xe
 934 003d 0B       		.uleb128 0xb
 935 003e 0B       		.uleb128 0xb
 936 003f 3A       		.uleb128 0x3a
 937 0040 0B       		.uleb128 0xb
 938 0041 3B       		.uleb128 0x3b
 939 0042 0B       		.uleb128 0xb
 940 0043 01       		.uleb128 0x1
 941 0044 13       		.uleb128 0x13
 942 0045 00       		.byte	0x0
 943 0046 00       		.byte	0x0
 944 0047 06       		.uleb128 0x6
 945 0048 0D       		.uleb128 0xd
 946 0049 00       		.byte	0x0
 947 004a 03       		.uleb128 0x3
 948 004b 0E       		.uleb128 0xe
 949 004c 3A       		.uleb128 0x3a
 950 004d 0B       		.uleb128 0xb
 951 004e 3B       		.uleb128 0x3b
 952 004f 0B       		.uleb128 0xb
 953 0050 49       		.uleb128 0x49
 954 0051 13       		.uleb128 0x13
 955 0052 38       		.uleb128 0x38
 956 0053 0A       		.uleb128 0xa
 957 0054 00       		.byte	0x0
 958 0055 00       		.byte	0x0
 959 0056 07       		.uleb128 0x7
 960 0057 0D       		.uleb128 0xd
 961 0058 00       		.byte	0x0
 962 0059 03       		.uleb128 0x3
 963 005a 08       		.uleb128 0x8
 964 005b 3A       		.uleb128 0x3a
 965 005c 0B       		.uleb128 0xb
ARM GAS  /tmp/cc81EpM6.s 			page 18


 966 005d 3B       		.uleb128 0x3b
 967 005e 0B       		.uleb128 0xb
 968 005f 49       		.uleb128 0x49
 969 0060 13       		.uleb128 0x13
 970 0061 38       		.uleb128 0x38
 971 0062 0A       		.uleb128 0xa
 972 0063 00       		.byte	0x0
 973 0064 00       		.byte	0x0
 974 0065 08       		.uleb128 0x8
 975 0066 13       		.uleb128 0x13
 976 0067 01       		.byte	0x1
 977 0068 0B       		.uleb128 0xb
 978 0069 0B       		.uleb128 0xb
 979 006a 3A       		.uleb128 0x3a
 980 006b 0B       		.uleb128 0xb
 981 006c 3B       		.uleb128 0x3b
 982 006d 0B       		.uleb128 0xb
 983 006e 01       		.uleb128 0x1
 984 006f 13       		.uleb128 0x13
 985 0070 00       		.byte	0x0
 986 0071 00       		.byte	0x0
 987 0072 09       		.uleb128 0x9
 988 0073 0F       		.uleb128 0xf
 989 0074 00       		.byte	0x0
 990 0075 0B       		.uleb128 0xb
 991 0076 0B       		.uleb128 0xb
 992 0077 49       		.uleb128 0x49
 993 0078 13       		.uleb128 0x13
 994 0079 00       		.byte	0x0
 995 007a 00       		.byte	0x0
 996 007b 0A       		.uleb128 0xa
 997 007c 0F       		.uleb128 0xf
 998 007d 00       		.byte	0x0
 999 007e 0B       		.uleb128 0xb
 1000 007f 0B       		.uleb128 0xb
 1001 0080 00       		.byte	0x0
 1002 0081 00       		.byte	0x0
 1003 0082 0B       		.uleb128 0xb
 1004 0083 0D       		.uleb128 0xd
 1005 0084 00       		.byte	0x0
 1006 0085 03       		.uleb128 0x3
 1007 0086 08       		.uleb128 0x8
 1008 0087 3A       		.uleb128 0x3a
 1009 0088 0B       		.uleb128 0xb
 1010 0089 3B       		.uleb128 0x3b
 1011 008a 05       		.uleb128 0x5
 1012 008b 49       		.uleb128 0x49
 1013 008c 13       		.uleb128 0x13
 1014 008d 38       		.uleb128 0x38
 1015 008e 0A       		.uleb128 0xa
 1016 008f 00       		.byte	0x0
 1017 0090 00       		.byte	0x0
 1018 0091 0C       		.uleb128 0xc
 1019 0092 13       		.uleb128 0x13
 1020 0093 01       		.byte	0x1
 1021 0094 03       		.uleb128 0x3
 1022 0095 0E       		.uleb128 0xe
ARM GAS  /tmp/cc81EpM6.s 			page 19


 1023 0096 0B       		.uleb128 0xb
 1024 0097 0B       		.uleb128 0xb
 1025 0098 3A       		.uleb128 0x3a
 1026 0099 0B       		.uleb128 0xb
 1027 009a 3B       		.uleb128 0x3b
 1028 009b 05       		.uleb128 0x5
 1029 009c 01       		.uleb128 0x1
 1030 009d 13       		.uleb128 0x13
 1031 009e 00       		.byte	0x0
 1032 009f 00       		.byte	0x0
 1033 00a0 0D       		.uleb128 0xd
 1034 00a1 35       		.uleb128 0x35
 1035 00a2 00       		.byte	0x0
 1036 00a3 49       		.uleb128 0x49
 1037 00a4 13       		.uleb128 0x13
 1038 00a5 00       		.byte	0x0
 1039 00a6 00       		.byte	0x0
 1040 00a7 0E       		.uleb128 0xe
 1041 00a8 17       		.uleb128 0x17
 1042 00a9 01       		.byte	0x1
 1043 00aa 0B       		.uleb128 0xb
 1044 00ab 0B       		.uleb128 0xb
 1045 00ac 3A       		.uleb128 0x3a
 1046 00ad 0B       		.uleb128 0xb
 1047 00ae 3B       		.uleb128 0x3b
 1048 00af 0B       		.uleb128 0xb
 1049 00b0 01       		.uleb128 0x1
 1050 00b1 13       		.uleb128 0x13
 1051 00b2 00       		.byte	0x0
 1052 00b3 00       		.byte	0x0
 1053 00b4 0F       		.uleb128 0xf
 1054 00b5 0D       		.uleb128 0xd
 1055 00b6 00       		.byte	0x0
 1056 00b7 03       		.uleb128 0x3
 1057 00b8 0E       		.uleb128 0xe
 1058 00b9 3A       		.uleb128 0x3a
 1059 00ba 0B       		.uleb128 0xb
 1060 00bb 3B       		.uleb128 0x3b
 1061 00bc 0B       		.uleb128 0xb
 1062 00bd 49       		.uleb128 0x49
 1063 00be 13       		.uleb128 0x13
 1064 00bf 00       		.byte	0x0
 1065 00c0 00       		.byte	0x0
 1066 00c1 10       		.uleb128 0x10
 1067 00c2 26       		.uleb128 0x26
 1068 00c3 00       		.byte	0x0
 1069 00c4 49       		.uleb128 0x49
 1070 00c5 13       		.uleb128 0x13
 1071 00c6 00       		.byte	0x0
 1072 00c7 00       		.byte	0x0
 1073 00c8 11       		.uleb128 0x11
 1074 00c9 2E       		.uleb128 0x2e
 1075 00ca 01       		.byte	0x1
 1076 00cb 3F       		.uleb128 0x3f
 1077 00cc 0C       		.uleb128 0xc
 1078 00cd 03       		.uleb128 0x3
 1079 00ce 0E       		.uleb128 0xe
ARM GAS  /tmp/cc81EpM6.s 			page 20


 1080 00cf 3A       		.uleb128 0x3a
 1081 00d0 0B       		.uleb128 0xb
 1082 00d1 3B       		.uleb128 0x3b
 1083 00d2 0B       		.uleb128 0xb
 1084 00d3 27       		.uleb128 0x27
 1085 00d4 0C       		.uleb128 0xc
 1086 00d5 49       		.uleb128 0x49
 1087 00d6 13       		.uleb128 0x13
 1088 00d7 11       		.uleb128 0x11
 1089 00d8 01       		.uleb128 0x1
 1090 00d9 12       		.uleb128 0x12
 1091 00da 01       		.uleb128 0x1
 1092 00db 40       		.uleb128 0x40
 1093 00dc 06       		.uleb128 0x6
 1094 00dd 01       		.uleb128 0x1
 1095 00de 13       		.uleb128 0x13
 1096 00df 00       		.byte	0x0
 1097 00e0 00       		.byte	0x0
 1098 00e1 12       		.uleb128 0x12
 1099 00e2 34       		.uleb128 0x34
 1100 00e3 00       		.byte	0x0
 1101 00e4 03       		.uleb128 0x3
 1102 00e5 08       		.uleb128 0x8
 1103 00e6 3A       		.uleb128 0x3a
 1104 00e7 0B       		.uleb128 0xb
 1105 00e8 3B       		.uleb128 0x3b
 1106 00e9 0B       		.uleb128 0xb
 1107 00ea 49       		.uleb128 0x49
 1108 00eb 13       		.uleb128 0x13
 1109 00ec 02       		.uleb128 0x2
 1110 00ed 0A       		.uleb128 0xa
 1111 00ee 00       		.byte	0x0
 1112 00ef 00       		.byte	0x0
 1113 00f0 13       		.uleb128 0x13
 1114 00f1 0B       		.uleb128 0xb
 1115 00f2 01       		.byte	0x1
 1116 00f3 11       		.uleb128 0x11
 1117 00f4 01       		.uleb128 0x1
 1118 00f5 12       		.uleb128 0x12
 1119 00f6 01       		.uleb128 0x1
 1120 00f7 01       		.uleb128 0x1
 1121 00f8 13       		.uleb128 0x13
 1122 00f9 00       		.byte	0x0
 1123 00fa 00       		.byte	0x0
 1124 00fb 14       		.uleb128 0x14
 1125 00fc 0B       		.uleb128 0xb
 1126 00fd 01       		.byte	0x1
 1127 00fe 11       		.uleb128 0x11
 1128 00ff 01       		.uleb128 0x1
 1129 0100 12       		.uleb128 0x12
 1130 0101 01       		.uleb128 0x1
 1131 0102 00       		.byte	0x0
 1132 0103 00       		.byte	0x0
 1133 0104 15       		.uleb128 0x15
 1134 0105 05       		.uleb128 0x5
 1135 0106 00       		.byte	0x0
 1136 0107 03       		.uleb128 0x3
ARM GAS  /tmp/cc81EpM6.s 			page 21


 1137 0108 08       		.uleb128 0x8
 1138 0109 3A       		.uleb128 0x3a
 1139 010a 0B       		.uleb128 0xb
 1140 010b 3B       		.uleb128 0x3b
 1141 010c 0B       		.uleb128 0xb
 1142 010d 49       		.uleb128 0x49
 1143 010e 13       		.uleb128 0x13
 1144 010f 02       		.uleb128 0x2
 1145 0110 0A       		.uleb128 0xa
 1146 0111 00       		.byte	0x0
 1147 0112 00       		.byte	0x0
 1148 0113 16       		.uleb128 0x16
 1149 0114 34       		.uleb128 0x34
 1150 0115 00       		.byte	0x0
 1151 0116 03       		.uleb128 0x3
 1152 0117 0E       		.uleb128 0xe
 1153 0118 3A       		.uleb128 0x3a
 1154 0119 0B       		.uleb128 0xb
 1155 011a 3B       		.uleb128 0x3b
 1156 011b 0B       		.uleb128 0xb
 1157 011c 49       		.uleb128 0x49
 1158 011d 13       		.uleb128 0x13
 1159 011e 3F       		.uleb128 0x3f
 1160 011f 0C       		.uleb128 0xc
 1161 0120 3C       		.uleb128 0x3c
 1162 0121 0C       		.uleb128 0xc
 1163 0122 00       		.byte	0x0
 1164 0123 00       		.byte	0x0
 1165 0124 00       		.byte	0x0
 1166              		.section	.debug_pubnames,"",%progbits
 1167 0000 37000000 		.4byte	0x37
 1168 0004 0200     		.2byte	0x2
 1169 0006 00000000 		.4byte	.Ldebug_info0
 1170 000a 15050000 		.4byte	0x515
 1171 000e 32040000 		.4byte	0x432
 1172 0012 63685265 		.ascii	"chRegFirstThread\000"
 1172      67466972 
 1172      73745468 
 1172      72656164 
 1172      00
 1173 0023 8F040000 		.4byte	0x48f
 1174 0027 63685265 		.ascii	"chRegNextThread\000"
 1174      674E6578 
 1174      74546872 
 1174      65616400 
 1175 0037 00000000 		.4byte	0x0
 1176              		.section	.debug_pubtypes,"",%progbits
 1177 0000 23010000 		.4byte	0x123
 1178 0004 0200     		.2byte	0x2
 1179 0006 00000000 		.4byte	.Ldebug_info0
 1180 000a 15050000 		.4byte	0x515
 1181 000e 3E000000 		.4byte	0x3e
 1182 0012 75696E74 		.ascii	"uint8_t\000"
 1182      385F7400 
 1183 001a 5E000000 		.4byte	0x5e
 1184 001e 696E7433 		.ascii	"int32_t\000"
 1184      325F7400 
ARM GAS  /tmp/cc81EpM6.s 			page 22


 1185 0026 70000000 		.4byte	0x70
 1186 002a 75696E74 		.ascii	"uint32_t\000"
 1186      33325F74 
 1186      00
 1187 0033 89000000 		.4byte	0x89
 1188 0037 75696E74 		.ascii	"uint64_t\000"
 1188      36345F74 
 1188      00
 1189 0040 9B000000 		.4byte	0x9b
 1190 0044 746D6F64 		.ascii	"tmode_t\000"
 1190      655F7400 
 1191 004c A6000000 		.4byte	0xa6
 1192 0050 74737461 		.ascii	"tstate_t\000"
 1192      74655F74 
 1192      00
 1193 0059 B1000000 		.4byte	0xb1
 1194 005d 74707269 		.ascii	"tprio_t\000"
 1194      6F5F7400 
 1195 0065 BC000000 		.4byte	0xbc
 1196 0069 6D73675F 		.ascii	"msg_t\000"
 1196      7400
 1197 006f C7000000 		.4byte	0xc7
 1198 0073 6576656E 		.ascii	"eventmask_t\000"
 1198      746D6173 
 1198      6B5F7400 
 1199 007f D2000000 		.4byte	0xd2
 1200 0083 73797374 		.ascii	"systime_t\000"
 1200      696D655F 
 1200      7400
 1201 008d DD000000 		.4byte	0xdd
 1202 0091 636E745F 		.ascii	"cnt_t\000"
 1202      7400
 1203 0097 E8000000 		.4byte	0xe8
 1204 009b 54687265 		.ascii	"Thread\000"
 1204      616400
 1205 00a2 27020000 		.4byte	0x227
 1206 00a6 54687265 		.ascii	"ThreadsQueue\000"
 1206      61647351 
 1206      75657565 
 1206      00
 1207 00b3 49020000 		.4byte	0x249
 1208 00b7 54687265 		.ascii	"ThreadsList\000"
 1208      6164734C 
 1208      69737400 
 1209 00c3 54020000 		.4byte	0x254
 1210 00c7 72656761 		.ascii	"regarm_t\000"
 1210      726D5F74 
 1210      00
 1211 00d0 61020000 		.4byte	0x261
 1212 00d4 73746B61 		.ascii	"stkalign_t\000"
 1212      6C69676E 
 1212      5F7400
 1213 00df 6C020000 		.4byte	0x26c
 1214 00e3 696E7463 		.ascii	"intctx\000"
 1214      747800
 1215 00ea F9020000 		.4byte	0x2f9
 1216 00ee 636F6E74 		.ascii	"context\000"
ARM GAS  /tmp/cc81EpM6.s 			page 23


 1216      65787400 
 1217 00f6 8C030000 		.4byte	0x38c
 1218 00fa 52656164 		.ascii	"ReadyList\000"
 1218      794C6973 
 1218      7400
 1219 0104 97030000 		.4byte	0x397
 1220 0108 4D757465 		.ascii	"Mutex\000"
 1220      7800
 1221 010e D4030000 		.4byte	0x3d4
 1222 0112 4D757465 		.ascii	"Mutex\000"
 1222      7800
 1223 0118 F3000000 		.4byte	0xf3
 1224 011c 54687265 		.ascii	"Thread\000"
 1224      616400
 1225 0123 00000000 		.4byte	0x0
 1226              		.section	.debug_aranges,"",%progbits
 1227 0000 24000000 		.4byte	0x24
 1228 0004 0200     		.2byte	0x2
 1229 0006 00000000 		.4byte	.Ldebug_info0
 1230 000a 04       		.byte	0x4
 1231 000b 00       		.byte	0x0
 1232 000c 0000     		.2byte	0x0
 1233 000e 0000     		.2byte	0x0
 1234 0010 00000000 		.4byte	.LFB7
 1235 0014 30000000 		.4byte	.LFE7-.LFB7
 1236 0018 00000000 		.4byte	.LFB8
 1237 001c 40000000 		.4byte	.LFE8-.LFB8
 1238 0020 00000000 		.4byte	0x0
 1239 0024 00000000 		.4byte	0x0
 1240              		.section	.debug_ranges,"",%progbits
 1241              	.Ldebug_ranges0:
 1242 0000 00000000 		.4byte	.LFB7
 1243 0004 30000000 		.4byte	.LFE7
 1244 0008 00000000 		.4byte	.LFB8
 1245 000c 40000000 		.4byte	.LFE8
 1246 0010 00000000 		.4byte	0x0
 1247 0014 00000000 		.4byte	0x0
 1248              		.section	.debug_str,"MS",%progbits,1
 1249              	.LASF34:
 1250 0000 705F6D73 		.ascii	"p_msg\000"
 1250      6700
 1251              	.LASF56:
 1252 0006 7264796D 		.ascii	"rdymsg\000"
 1252      736700
 1253              	.LASF11:
 1254 000d 75696E74 		.ascii	"uint64_t\000"
 1254      36345F74 
 1254      00
 1255              	.LASF12:
 1256 0016 6C6F6E67 		.ascii	"long long unsigned int\000"
 1256      206C6F6E 
 1256      6720756E 
 1256      7369676E 
 1256      65642069 
 1257              	.LASF57:
 1258 002d 65786974 		.ascii	"exitcode\000"
 1258      636F6465 
ARM GAS  /tmp/cc81EpM6.s 			page 24


 1258      00
 1259              	.LASF61:
 1260 0036 63685265 		.ascii	"chRegFirstThread\000"
 1260      67466972 
 1260      73745468 
 1260      72656164 
 1260      00
 1261              	.LASF23:
 1262 0047 705F7072 		.ascii	"p_prio\000"
 1262      696F00
 1263              	.LASF10:
 1264 004e 6C6F6E67 		.ascii	"long long int\000"
 1264      206C6F6E 
 1264      6720696E 
 1264      7400
 1265              	.LASF1:
 1266 005c 7369676E 		.ascii	"signed char\000"
 1266      65642063 
 1266      68617200 
 1267              	.LASF53:
 1268 0068 6D5F7175 		.ascii	"m_queue\000"
 1268      65756500 
 1269              	.LASF7:
 1270 0070 6C6F6E67 		.ascii	"long int\000"
 1270      20696E74 
 1270      00
 1271              	.LASF14:
 1272 0079 74737461 		.ascii	"tstate_t\000"
 1272      74655F74 
 1272      00
 1273              	.LASF25:
 1274 0082 705F6E65 		.ascii	"p_newer\000"
 1274      77657200 
 1275              	.LASF47:
 1276 008a 725F6E65 		.ascii	"r_newer\000"
 1276      77657200 
 1277              	.LASF40:
 1278 0092 72656761 		.ascii	"regarm_t\000"
 1278      726D5F74 
 1278      00
 1279              	.LASF19:
 1280 009b 636E745F 		.ascii	"cnt_t\000"
 1280      7400
 1281              	.LASF28:
 1282 00a1 705F7374 		.ascii	"p_stklimit\000"
 1282      6B6C696D 
 1282      697400
 1283              	.LASF0:
 1284 00ac 756E7369 		.ascii	"unsigned int\000"
 1284      676E6564 
 1284      20696E74 
 1284      00
 1285              	.LASF9:
 1286 00b9 6C6F6E67 		.ascii	"long unsigned int\000"
 1286      20756E73 
 1286      69676E65 
 1286      6420696E 
ARM GAS  /tmp/cc81EpM6.s 			page 25


 1286      7400
 1287              	.LASF43:
 1288 00cb 636F6E74 		.ascii	"context\000"
 1288      65787400 
 1289              	.LASF4:
 1290 00d3 73686F72 		.ascii	"short unsigned int\000"
 1290      7420756E 
 1290      7369676E 
 1290      65642069 
 1290      6E7400
 1291              	.LASF16:
 1292 00e6 6D73675F 		.ascii	"msg_t\000"
 1292      7400
 1293              	.LASF13:
 1294 00ec 746D6F64 		.ascii	"tmode_t\000"
 1294      655F7400 
 1295              	.LASF39:
 1296 00f4 54687265 		.ascii	"ThreadsList\000"
 1296      6164734C 
 1296      69737400 
 1297              	.LASF17:
 1298 0100 6576656E 		.ascii	"eventmask_t\000"
 1298      746D6173 
 1298      6B5F7400 
 1299              	.LASF52:
 1300 010c 4D757465 		.ascii	"Mutex\000"
 1300      7800
 1301              	.LASF41:
 1302 0112 73746B61 		.ascii	"stkalign_t\000"
 1302      6C69676E 
 1302      5F7400
 1303              	.LASF26:
 1304 011d 705F6F6C 		.ascii	"p_older\000"
 1304      64657200 
 1305              	.LASF46:
 1306 0125 725F6374 		.ascii	"r_ctx\000"
 1306      7800
 1307              	.LASF38:
 1308 012b 54687265 		.ascii	"ThreadsQueue\000"
 1308      61647351 
 1308      75657565 
 1308      00
 1309              	.LASF50:
 1310 0138 725F6375 		.ascii	"r_current\000"
 1310      7272656E 
 1310      7400
 1311              	.LASF48:
 1312 0142 725F6F6C 		.ascii	"r_older\000"
 1312      64657200 
 1313              	.LASF65:
 1314 014a 2E2E2F63 		.ascii	"../chibios_2.4.x/os/kernel/src/chregistry.c\000"
 1314      68696269 
 1314      6F735F32 
 1314      2E342E78 
 1314      2F6F732F 
 1315              	.LASF22:
 1316 0176 705F7072 		.ascii	"p_prev\000"
ARM GAS  /tmp/cc81EpM6.s 			page 26


 1316      657600
 1317              	.LASF15:
 1318 017d 74707269 		.ascii	"tprio_t\000"
 1318      6F5F7400 
 1319              	.LASF6:
 1320 0185 696E7433 		.ascii	"int32_t\000"
 1320      325F7400 
 1321              	.LASF2:
 1322 018d 756E7369 		.ascii	"unsigned char\000"
 1322      676E6564 
 1322      20636861 
 1322      7200
 1323              	.LASF36:
 1324 019b 705F6D74 		.ascii	"p_mtxlist\000"
 1324      786C6973 
 1324      7400
 1325              	.LASF3:
 1326 01a5 73686F72 		.ascii	"short int\000"
 1326      7420696E 
 1326      7400
 1327              	.LASF29:
 1328 01af 705F7374 		.ascii	"p_state\000"
 1328      61746500 
 1329              	.LASF45:
 1330 01b7 725F7072 		.ascii	"r_prio\000"
 1330      696F00
 1331              	.LASF59:
 1332 01be 65776D61 		.ascii	"ewmask\000"
 1332      736B00
 1333              	.LASF21:
 1334 01c5 705F6E65 		.ascii	"p_next\000"
 1334      787400
 1335              	.LASF30:
 1336 01cc 705F666C 		.ascii	"p_flags\000"
 1336      61677300 
 1337              	.LASF20:
 1338 01d4 54687265 		.ascii	"Thread\000"
 1338      616400
 1339              	.LASF35:
 1340 01db 705F6570 		.ascii	"p_epending\000"
 1340      656E6469 
 1340      6E6700
 1341              	.LASF8:
 1342 01e6 75696E74 		.ascii	"uint32_t\000"
 1342      33325F74 
 1342      00
 1343              	.LASF44:
 1344 01ef 725F7175 		.ascii	"r_queue\000"
 1344      65756500 
 1345              	.LASF60:
 1346 01f7 63686172 		.ascii	"char\000"
 1346      00
 1347              	.LASF62:
 1348 01fc 63685265 		.ascii	"chRegNextThread\000"
 1348      674E6578 
 1348      74546872 
 1348      65616400 
ARM GAS  /tmp/cc81EpM6.s 			page 27


 1349              	.LASF55:
 1350 020c 6D5F6E65 		.ascii	"m_next\000"
 1350      787400
 1351              	.LASF18:
 1352 0213 73797374 		.ascii	"systime_t\000"
 1352      696D655F 
 1352      7400
 1353              	.LASF37:
 1354 021d 705F7265 		.ascii	"p_realprio\000"
 1354      616C7072 
 1354      696F00
 1355              	.LASF31:
 1356 0228 705F7469 		.ascii	"p_time\000"
 1356      6D6500
 1357              	.LASF42:
 1358 022f 696E7463 		.ascii	"intctx\000"
 1358      747800
 1359              	.LASF33:
 1360 0236 705F6D73 		.ascii	"p_msgqueue\000"
 1360      67717565 
 1360      756500
 1361              	.LASF51:
 1362 0241 52656164 		.ascii	"ReadyList\000"
 1362      794C6973 
 1362      7400
 1363              	.LASF66:
 1364 024b 2F686F6D 		.ascii	"/home/z80/projects/voltamper.git/firmware/voltamp\000"
 1364      652F7A38 
 1364      302F7072 
 1364      6F6A6563 
 1364      74732F76 
 1365              	.LASF63:
 1366 027d 726C6973 		.ascii	"rlist\000"
 1366      7400
 1367              	.LASF5:
 1368 0283 75696E74 		.ascii	"uint8_t\000"
 1368      385F7400 
 1369              	.LASF58:
 1370 028b 77746F62 		.ascii	"wtobjp\000"
 1370      6A7000
 1371              	.LASF64:
 1372 0292 474E5520 		.ascii	"GNU C 4.5.2\000"
 1372      4320342E 
 1372      352E3200 
 1373              	.LASF27:
 1374 029e 705F6E61 		.ascii	"p_name\000"
 1374      6D6500
 1375              	.LASF49:
 1376 02a5 725F7072 		.ascii	"r_preempt\000"
 1376      65656D70 
 1376      7400
 1377              	.LASF54:
 1378 02af 6D5F6F77 		.ascii	"m_owner\000"
 1378      6E657200 
 1379              	.LASF24:
 1380 02b7 705F6374 		.ascii	"p_ctx\000"
 1380      7800
ARM GAS  /tmp/cc81EpM6.s 			page 28


 1381              	.LASF32:
 1382 02bd 705F7761 		.ascii	"p_waiting\000"
 1382      6974696E 
 1382      6700
 1383              		.ident	"GCC: (Sourcery G++ Lite 2011.03-42) 4.5.2"
ARM GAS  /tmp/cc81EpM6.s 			page 29


DEFINED SYMBOLS
                            *ABS*:00000000 chregistry.c
     /tmp/cc81EpM6.s:24     .text.chRegFirstThread:00000000 $t
     /tmp/cc81EpM6.s:30     .text.chRegFirstThread:00000000 chRegFirstThread
     /tmp/cc81EpM6.s:75     .text.chRegFirstThread:0000002c $d
     /tmp/cc81EpM6.s:80     .text.chRegNextThread:00000000 $t
     /tmp/cc81EpM6.s:86     .text.chRegNextThread:00000000 chRegNextThread
     /tmp/cc81EpM6.s:140    .text.chRegNextThread:0000003c $d
                     .debug_frame:00000010 $d

UNDEFINED SYMBOLS
dbg_check_lock
dbg_check_unlock
rlist
