ARM GAS  /tmp/ccwKgRYt.s 			page 1


   1              		.syntax unified
   2              		.cpu cortex-m3
   3              		.fpu softvfp
   4              		.eabi_attribute 20, 1
   5              		.eabi_attribute 21, 1
   6              		.eabi_attribute 23, 3
   7              		.eabi_attribute 24, 1
   8              		.eabi_attribute 25, 1
   9              		.eabi_attribute 26, 1
  10              		.eabi_attribute 30, 6
  11              		.eabi_attribute 18, 4
  12              		.thumb
  13              		.file	"chsys.c"
  14              		.section	.debug_abbrev,"",%progbits
  15              	.Ldebug_abbrev0:
  16              		.section	.debug_info,"",%progbits
  17              	.Ldebug_info0:
  18              		.section	.debug_line,"",%progbits
  19              	.Ldebug_line0:
  20 0000 C3010000 		.text
  20      02006401 
  20      00000201 
  20      FB0E0D00 
  20      01010101 
  21              	.Ltext0:
  22              		.cfi_sections	.debug_frame
  23              		.global	_idle_thread_wa
  24              		.section	.bss._idle_thread_wa,"aw",%nobits
  25              		.align	3
  26              		.type	_idle_thread_wa, %object
  27              		.size	_idle_thread_wa, 192
  28              	_idle_thread_wa:
  29 0000 00000000 		.space	192
  29      00000000 
  29      00000000 
  29      00000000 
  29      00000000 
  30              		.section	.rodata
  31              		.align	2
  32              	.LC0:
  33 0000 69646C65 		.ascii	"idle\000"
  33      00
  34              		.section	.text._idle_thread,"ax",%progbits
  35              		.align	2
  36              		.p2align 4,,15
  37              		.global	_idle_thread
  38              		.thumb
  39              		.thumb_func
  40              		.type	_idle_thread, %function
  41              	_idle_thread:
  42              	.LFB7:
  43              		.file 1 "../chibios_2.4.x/os/kernel/src/chsys.c"
  44              		.loc 1 59 0
  45              		.cfi_startproc
  46              		@ args = 0, pretend = 0, frame = 8
  47              		@ frame_needed = 0, uses_anonymous_args = 0
  48              		@ link register save eliminated.
ARM GAS  /tmp/ccwKgRYt.s 			page 2


  49 0000 82B0     		sub	sp, sp, #8
  50              	.LCFI0:
  51              		.cfi_def_cfa_offset 8
  52 0002 0190     		str	r0, [sp, #4]
  53              		.loc 1 62 0
  54 0004 024B     		ldr	r3, .L3
  55 0006 DB69     		ldr	r3, [r3, #28]
  56 0008 024A     		ldr	r2, .L3+4
  57 000a 9A61     		str	r2, [r3, #24]
  58              	.L2:
  59              		.loc 1 66 0 discriminator 1
  60 000c FEE7     		b	.L2
  61              	.L4:
  62 000e 00BF     		.align	2
  63              	.L3:
  64 0010 00000000 		.word	rlist
  65 0014 00000000 		.word	.LC0
  66              		.cfi_endproc
  67              	.LFE7:
  68              		.size	_idle_thread, .-_idle_thread
  69 0018 AFF30080 		.section	.rodata
  69      AFF30080 
  70 0005 000000   		.align	2
  71              	.LC1:
  72 0008 6D61696E 		.ascii	"main\000"
  72      00
  73 000d 000000   		.section	.text.chSysInit,"ax",%progbits
  74              		.align	2
  75              		.p2align 4,,15
  76              		.global	chSysInit
  77              		.thumb
  78              		.thumb_func
  79              		.type	chSysInit, %function
  80              	chSysInit:
  81              	.LFB8:
  82              		.loc 1 82 0
  83              		.cfi_startproc
  84              		@ args = 0, pretend = 0, frame = 0
  85              		@ frame_needed = 0, uses_anonymous_args = 0
  86 0000 00B5     		push	{lr}
  87              	.LCFI1:
  88              		.cfi_def_cfa_offset 4
  89 0002 83B0     		sub	sp, sp, #12
  90              	.LCFI2:
  91              		.cfi_def_cfa_offset 16
  92              		.loc 1 88 0
  93              		.cfi_offset 14, -4
  94 0004 FFF7FEFF 		bl	_port_init
  95              		.loc 1 89 0
  96 0008 FFF7FEFF 		bl	_scheduler_init
  97              		.loc 1 90 0
  98 000c FFF7FEFF 		bl	_vt_init
  99              		.loc 1 92 0
 100 0010 FFF7FEFF 		bl	_core_init
 101              		.loc 1 98 0
 102 0014 FFF7FEFF 		bl	_trace_init
 103              		.loc 1 102 0
ARM GAS  /tmp/ccwKgRYt.s 			page 3


 104 0018 1448     		ldr	r0, .L6
 105 001a 4FF04001 		mov	r1, #64
 106 001e FFF7FEFF 		bl	_thread_init
 107 0022 0246     		mov	r2, r0
 108 0024 124B     		ldr	r3, .L6+4
 109 0026 DA61     		str	r2, [r3, #28]
 110              		.loc 1 103 0
 111 0028 114B     		ldr	r3, .L6+4
 112 002a DB69     		ldr	r3, [r3, #28]
 113 002c 4FF00102 		mov	r2, #1
 114 0030 83F82020 		strb	r2, [r3, #32]
 115              		.loc 1 107 0
 116 0034 0E4B     		ldr	r3, .L6+4
 117 0036 DB69     		ldr	r3, [r3, #28]
 118 0038 0E4A     		ldr	r2, .L6+8
 119 003a DA61     		str	r2, [r3, #28]
 120              		.loc 1 109 0
 121 003c FFF7FEFF 		bl	dbg_check_enable
 122              	.LBB2:
 123 0040 4FF00003 		mov	r3, #0
 124              	@ 109 "../chibios_2.4.x/os/kernel/src/chsys.c" 1
 125 0044 83F31188 		msr     BASEPRI, r3                    
 126 0048 62B6     		cpsie   i
 127              	@ 0 "" 2
 128              		.thumb
 129              	.LBE2:
 130              		.loc 1 111 0
 131 004a 094B     		ldr	r3, .L6+4
 132 004c DB69     		ldr	r3, [r3, #28]
 133 004e 0A4A     		ldr	r2, .L6+12
 134 0050 9A61     		str	r2, [r3, #24]
 135              		.loc 1 117 0
 136 0052 0A4B     		ldr	r3, .L6+16
 137 0054 4FF00002 		mov	r2, #0
 138 0058 0092     		str	r2, [sp, #0]
 139 005a 0948     		ldr	r0, .L6+20
 140 005c 4FF0C001 		mov	r1, #192
 141 0060 4FF00102 		mov	r2, #1
 142 0064 FFF7FEFF 		bl	chThdCreateStatic
 143              		.loc 1 120 0
 144 0068 03B0     		add	sp, sp, #12
 145 006a 00BD     		pop	{pc}
 146              	.L7:
 147              		.align	2
 148              	.L6:
 149 006c 00000000 		.word	mainthread.4646
 150 0070 00000000 		.word	rlist
 151 0074 00000000 		.word	__main_thread_stack_base__
 152 0078 08000000 		.word	.LC1
 153 007c 00000000 		.word	_idle_thread
 154 0080 00000000 		.word	_idle_thread_wa
 155              		.cfi_endproc
 156              	.LFE8:
 157              		.size	chSysInit, .-chSysInit
 158 0084 AFF30080 		.section	.text.chSysTimerHandlerI,"ax",%progbits
 158      AFF30080 
 158      AFF30080 
ARM GAS  /tmp/ccwKgRYt.s 			page 4


 159              		.align	2
 160              		.p2align 4,,15
 161              		.global	chSysTimerHandlerI
 162              		.thumb
 163              		.thumb_func
 164              		.type	chSysTimerHandlerI, %function
 165              	chSysTimerHandlerI:
 166              	.LFB9:
 167              		.loc 1 133 0
 168              		.cfi_startproc
 169              		@ args = 0, pretend = 0, frame = 8
 170              		@ frame_needed = 0, uses_anonymous_args = 0
 171 0000 00B5     		push	{lr}
 172              	.LCFI3:
 173              		.cfi_def_cfa_offset 4
 174 0002 83B0     		sub	sp, sp, #12
 175              	.LCFI4:
 176              		.cfi_def_cfa_offset 16
 177              		.loc 1 135 0
 178              		.cfi_offset 14, -4
 179 0004 FFF7FEFF 		bl	chDbgCheckClassI
 180              		.loc 1 139 0
 181 0008 1F4B     		ldr	r3, .L13
 182 000a 9B69     		ldr	r3, [r3, #24]
 183 000c 002B     		cmp	r3, #0
 184 000e 05DD     		ble	.L9
 185              		.loc 1 141 0
 186 0010 1D4B     		ldr	r3, .L13
 187 0012 9B69     		ldr	r3, [r3, #24]
 188 0014 03F1FF32 		add	r2, r3, #-1
 189 0018 1B4B     		ldr	r3, .L13
 190 001a 9A61     		str	r2, [r3, #24]
 191              	.L9:
 192              		.loc 1 144 0
 193 001c 1A4B     		ldr	r3, .L13
 194 001e DB69     		ldr	r3, [r3, #28]
 195 0020 5A6A     		ldr	r2, [r3, #36]
 196 0022 02F10102 		add	r2, r2, #1
 197 0026 5A62     		str	r2, [r3, #36]
 198              		.loc 1 146 0
 199 0028 184B     		ldr	r3, .L13+4
 200 002a DB68     		ldr	r3, [r3, #12]
 201 002c 03F10102 		add	r2, r3, #1
 202 0030 164B     		ldr	r3, .L13+4
 203 0032 DA60     		str	r2, [r3, #12]
 204 0034 154B     		ldr	r3, .L13+4
 205 0036 1B68     		ldr	r3, [r3, #0]
 206 0038 1A46     		mov	r2, r3
 207 003a 144B     		ldr	r3, .L13+4
 208 003c 9A42     		cmp	r2, r3
 209 003e 21D0     		beq	.L8
 210              	.LBB3:
 211              		.loc 1 146 0 is_stmt 0 discriminator 1
 212 0040 124B     		ldr	r3, .L13+4
 213 0042 1B68     		ldr	r3, [r3, #0]
 214 0044 9A68     		ldr	r2, [r3, #8]
 215 0046 02F1FF32 		add	r2, r2, #-1
ARM GAS  /tmp/ccwKgRYt.s 			page 5


 216 004a 9A60     		str	r2, [r3, #8]
 217 004c 13E0     		b	.L11
 218              	.L12:
 219              	.LBB4:
 220              		.loc 1 146 0 discriminator 3
 221 004e 019B     		ldr	r3, [sp, #4]
 222 0050 DB68     		ldr	r3, [r3, #12]
 223 0052 0093     		str	r3, [sp, #0]
 224 0054 019B     		ldr	r3, [sp, #4]
 225 0056 4FF00002 		mov	r2, #0
 226 005a DA60     		str	r2, [r3, #12]
 227 005c 019B     		ldr	r3, [sp, #4]
 228 005e 1B68     		ldr	r3, [r3, #0]
 229 0060 0A4A     		ldr	r2, .L13+4
 230 0062 5A60     		str	r2, [r3, #4]
 231 0064 019B     		ldr	r3, [sp, #4]
 232 0066 1A68     		ldr	r2, [r3, #0]
 233 0068 084B     		ldr	r3, .L13+4
 234 006a 1A60     		str	r2, [r3, #0]
 235 006c 019B     		ldr	r3, [sp, #4]
 236 006e 1A69     		ldr	r2, [r3, #16]
 237 0070 009B     		ldr	r3, [sp, #0]
 238 0072 1046     		mov	r0, r2
 239 0074 9847     		blx	r3
 240              	.L11:
 241              	.LBE4:
 242              		.loc 1 146 0 discriminator 2
 243 0076 054B     		ldr	r3, .L13+4
 244 0078 1B68     		ldr	r3, [r3, #0]
 245 007a 0193     		str	r3, [sp, #4]
 246 007c 019B     		ldr	r3, [sp, #4]
 247 007e 9B68     		ldr	r3, [r3, #8]
 248 0080 002B     		cmp	r3, #0
 249 0082 E4D0     		beq	.L12
 250              	.L8:
 251              	.LBE3:
 252              		.loc 1 150 0 is_stmt 1
 253 0084 03B0     		add	sp, sp, #12
 254 0086 00BD     		pop	{pc}
 255              	.L14:
 256              		.align	2
 257              	.L13:
 258 0088 00000000 		.word	rlist
 259 008c 00000000 		.word	vtlist
 260              		.cfi_endproc
 261              	.LFE9:
 262              		.size	chSysTimerHandlerI, .-chSysTimerHandlerI
 263              		.section	.bss.mainthread.4646,"aw",%nobits
 264              		.align	2
 265              		.type	mainthread.4646, %object
 266              		.size	mainthread.4646, 72
 267              	mainthread.4646:
 268 0000 00000000 		.space	72
 268      00000000 
 268      00000000 
 268      00000000 
 268      00000000 
ARM GAS  /tmp/ccwKgRYt.s 			page 6


 269              		.text
 270              	.Letext0:
 271              		.section	.debug_loc,"",%progbits
 272              	.Ldebug_loc0:
 273              	.LLST0:
 274 0000 00000000 		.4byte	.LFB7
 275 0004 02000000 		.4byte	.LCFI0
 276 0008 0200     		.2byte	0x2
 277 000a 7D       		.byte	0x7d
 278 000b 00       		.sleb128 0
 279 000c 02000000 		.4byte	.LCFI0
 280 0010 18000000 		.4byte	.LFE7
 281 0014 0200     		.2byte	0x2
 282 0016 7D       		.byte	0x7d
 283 0017 08       		.sleb128 8
 284 0018 00000000 		.4byte	0x0
 285 001c 00000000 		.4byte	0x0
 286              	.LLST1:
 287 0020 00000000 		.4byte	.LFB8
 288 0024 02000000 		.4byte	.LCFI1
 289 0028 0200     		.2byte	0x2
 290 002a 7D       		.byte	0x7d
 291 002b 00       		.sleb128 0
 292 002c 02000000 		.4byte	.LCFI1
 293 0030 04000000 		.4byte	.LCFI2
 294 0034 0200     		.2byte	0x2
 295 0036 7D       		.byte	0x7d
 296 0037 04       		.sleb128 4
 297 0038 04000000 		.4byte	.LCFI2
 298 003c 84000000 		.4byte	.LFE8
 299 0040 0200     		.2byte	0x2
 300 0042 7D       		.byte	0x7d
 301 0043 10       		.sleb128 16
 302 0044 00000000 		.4byte	0x0
 303 0048 00000000 		.4byte	0x0
 304              	.LLST2:
 305 004c 00000000 		.4byte	.LFB9
 306 0050 02000000 		.4byte	.LCFI3
 307 0054 0200     		.2byte	0x2
 308 0056 7D       		.byte	0x7d
 309 0057 00       		.sleb128 0
 310 0058 02000000 		.4byte	.LCFI3
 311 005c 04000000 		.4byte	.LCFI4
 312 0060 0200     		.2byte	0x2
 313 0062 7D       		.byte	0x7d
 314 0063 04       		.sleb128 4
 315 0064 04000000 		.4byte	.LCFI4
 316 0068 90000000 		.4byte	.LFE9
 317 006c 0200     		.2byte	0x2
 318 006e 7D       		.byte	0x7d
 319 006f 10       		.sleb128 16
 320 0070 00000000 		.4byte	0x0
 321 0074 00000000 		.4byte	0x0
 322              		.file 2 "/home/z80/programs/code-sourcery/2011.03-42/bin/../lib/gcc/arm-none-eabi/4.5.2/../../../.
 323              		.file 3 "../chibios_2.4.x/os/ports/GCC/ARMCMx/chtypes.h"
 324              		.file 4 "../chibios_2.4.x/os/kernel/include/chlists.h"
 325              		.file 5 "../chibios_2.4.x/os/kernel/include/chthreads.h"
ARM GAS  /tmp/ccwKgRYt.s 			page 7


 326              		.file 6 "../chibios_2.4.x/os/ports/GCC/ARMCMx/chcore_v7m.h"
 327              		.file 7 "../chibios_2.4.x/os/kernel/include/chvt.h"
 328              		.file 8 "../chibios_2.4.x/os/kernel/include/chschd.h"
 329              		.file 9 "../chibios_2.4.x/os/kernel/include/chmtx.h"
 330              		.file 10 "../chibios_2.4.x/os/kernel/include/ch.h"
 331              		.section	.debug_info
 332 0000 4B060000 		.4byte	0x64b
 333 0004 0200     		.2byte	0x2
 334 0006 00000000 		.4byte	.Ldebug_abbrev0
 335 000a 04       		.byte	0x4
 336 000b 01       		.uleb128 0x1
 337 000c 18030000 		.4byte	.LASF79
 338 0010 01       		.byte	0x1
 339 0011 80020000 		.4byte	.LASF80
 340 0015 D1020000 		.4byte	.LASF81
 341 0019 00000000 		.4byte	0x0
 342 001d 00000000 		.4byte	0x0
 343 0021 00000000 		.4byte	.Ldebug_ranges0+0x0
 344 0025 00000000 		.4byte	.Ldebug_line0
 345 0029 02       		.uleb128 0x2
 346 002a 04       		.byte	0x4
 347 002b 05       		.byte	0x5
 348 002c 696E7400 		.ascii	"int\000"
 349 0030 03       		.uleb128 0x3
 350 0031 04       		.byte	0x4
 351 0032 07       		.byte	0x7
 352 0033 EA000000 		.4byte	.LASF0
 353 0037 03       		.uleb128 0x3
 354 0038 01       		.byte	0x1
 355 0039 06       		.byte	0x6
 356 003a 78000000 		.4byte	.LASF1
 357 003e 04       		.uleb128 0x4
 358 003f 09030000 		.4byte	.LASF5
 359 0043 02       		.byte	0x2
 360 0044 2A       		.byte	0x2a
 361 0045 49000000 		.4byte	0x49
 362 0049 03       		.uleb128 0x3
 363 004a 01       		.byte	0x1
 364 004b 08       		.byte	0x8
 365 004c C4010000 		.4byte	.LASF2
 366 0050 03       		.uleb128 0x3
 367 0051 02       		.byte	0x2
 368 0052 05       		.byte	0x5
 369 0053 DC010000 		.4byte	.LASF3
 370 0057 03       		.uleb128 0x3
 371 0058 02       		.byte	0x2
 372 0059 07       		.byte	0x7
 373 005a 19010000 		.4byte	.LASF4
 374 005e 04       		.uleb128 0x4
 375 005f BC010000 		.4byte	.LASF6
 376 0063 02       		.byte	0x2
 377 0064 4F       		.byte	0x4f
 378 0065 69000000 		.4byte	0x69
 379 0069 03       		.uleb128 0x3
 380 006a 04       		.byte	0x4
 381 006b 05       		.byte	0x5
 382 006c 96000000 		.4byte	.LASF7
ARM GAS  /tmp/ccwKgRYt.s 			page 8


 383 0070 04       		.uleb128 0x4
 384 0071 1D020000 		.4byte	.LASF8
 385 0075 02       		.byte	0x2
 386 0076 50       		.byte	0x50
 387 0077 7B000000 		.4byte	0x7b
 388 007b 03       		.uleb128 0x3
 389 007c 04       		.byte	0x4
 390 007d 07       		.byte	0x7
 391 007e FF000000 		.4byte	.LASF9
 392 0082 03       		.uleb128 0x3
 393 0083 08       		.byte	0x8
 394 0084 05       		.byte	0x5
 395 0085 6A000000 		.4byte	.LASF10
 396 0089 04       		.uleb128 0x4
 397 008a 15000000 		.4byte	.LASF11
 398 008e 02       		.byte	0x2
 399 008f 78       		.byte	0x78
 400 0090 94000000 		.4byte	0x94
 401 0094 03       		.uleb128 0x3
 402 0095 08       		.byte	0x8
 403 0096 07       		.byte	0x7
 404 0097 38000000 		.4byte	.LASF12
 405 009b 04       		.uleb128 0x4
 406 009c 32010000 		.4byte	.LASF13
 407 00a0 03       		.byte	0x3
 408 00a1 2F       		.byte	0x2f
 409 00a2 3E000000 		.4byte	0x3e
 410 00a6 04       		.uleb128 0x4
 411 00a7 9F000000 		.4byte	.LASF14
 412 00ab 03       		.byte	0x3
 413 00ac 30       		.byte	0x30
 414 00ad 3E000000 		.4byte	0x3e
 415 00b1 04       		.uleb128 0x4
 416 00b2 B4010000 		.4byte	.LASF15
 417 00b6 03       		.byte	0x3
 418 00b7 32       		.byte	0x32
 419 00b8 70000000 		.4byte	0x70
 420 00bc 04       		.uleb128 0x4
 421 00bd 2C010000 		.4byte	.LASF16
 422 00c1 03       		.byte	0x3
 423 00c2 33       		.byte	0x33
 424 00c3 5E000000 		.4byte	0x5e
 425 00c7 04       		.uleb128 0x4
 426 00c8 46010000 		.4byte	.LASF17
 427 00cc 03       		.byte	0x3
 428 00cd 35       		.byte	0x35
 429 00ce 70000000 		.4byte	0x70
 430 00d2 04       		.uleb128 0x4
 431 00d3 62020000 		.4byte	.LASF18
 432 00d7 03       		.byte	0x3
 433 00d8 36       		.byte	0x36
 434 00d9 70000000 		.4byte	0x70
 435 00dd 04       		.uleb128 0x4
 436 00de D9000000 		.4byte	.LASF19
 437 00e2 03       		.byte	0x3
 438 00e3 37       		.byte	0x37
 439 00e4 5E000000 		.4byte	0x5e
ARM GAS  /tmp/ccwKgRYt.s 			page 9


 440 00e8 04       		.uleb128 0x4
 441 00e9 0B020000 		.4byte	.LASF20
 442 00ed 04       		.byte	0x4
 443 00ee 2A       		.byte	0x2a
 444 00ef F3000000 		.4byte	0xf3
 445 00f3 05       		.uleb128 0x5
 446 00f4 0B020000 		.4byte	.LASF20
 447 00f8 48       		.byte	0x48
 448 00f9 05       		.byte	0x5
 449 00fa 5E       		.byte	0x5e
 450 00fb FC010000 		.4byte	0x1fc
 451 00ff 06       		.uleb128 0x6
 452 0100 FC010000 		.4byte	.LASF21
 453 0104 05       		.byte	0x5
 454 0105 5F       		.byte	0x5f
 455 0106 21020000 		.4byte	0x221
 456 010a 02       		.byte	0x2
 457 010b 23       		.byte	0x23
 458 010c 00       		.uleb128 0x0
 459 010d 06       		.uleb128 0x6
 460 010e AD010000 		.4byte	.LASF22
 461 0112 05       		.byte	0x5
 462 0113 61       		.byte	0x61
 463 0114 21020000 		.4byte	0x221
 464 0118 02       		.byte	0x2
 465 0119 23       		.byte	0x23
 466 011a 04       		.uleb128 0x4
 467 011b 06       		.uleb128 0x6
 468 011c 63000000 		.4byte	.LASF23
 469 0120 05       		.byte	0x5
 470 0121 63       		.byte	0x63
 471 0122 B1000000 		.4byte	0xb1
 472 0126 02       		.byte	0x2
 473 0127 23       		.byte	0x23
 474 0128 08       		.uleb128 0x8
 475 0129 06       		.uleb128 0x6
 476 012a 4F030000 		.4byte	.LASF24
 477 012e 05       		.byte	0x5
 478 012f 64       		.byte	0x64
 479 0130 F9020000 		.4byte	0x2f9
 480 0134 02       		.byte	0x2
 481 0135 23       		.byte	0x23
 482 0136 0C       		.uleb128 0xc
 483 0137 06       		.uleb128 0x6
 484 0138 A8000000 		.4byte	.LASF25
 485 013c 05       		.byte	0x5
 486 013d 66       		.byte	0x66
 487 013e 21020000 		.4byte	0x221
 488 0142 02       		.byte	0x2
 489 0143 23       		.byte	0x23
 490 0144 10       		.uleb128 0x10
 491 0145 06       		.uleb128 0x6
 492 0146 73010000 		.4byte	.LASF26
 493 014a 05       		.byte	0x5
 494 014b 67       		.byte	0x67
 495 014c 21020000 		.4byte	0x221
 496 0150 02       		.byte	0x2
ARM GAS  /tmp/ccwKgRYt.s 			page 10


 497 0151 23       		.byte	0x23
 498 0152 14       		.uleb128 0x14
 499 0153 06       		.uleb128 0x6
 500 0154 24030000 		.4byte	.LASF27
 501 0158 05       		.byte	0x5
 502 0159 6E       		.byte	0x6e
 503 015a E1040000 		.4byte	0x4e1
 504 015e 02       		.byte	0x2
 505 015f 23       		.byte	0x23
 506 0160 18       		.uleb128 0x18
 507 0161 06       		.uleb128 0x6
 508 0162 DF000000 		.4byte	.LASF28
 509 0166 05       		.byte	0x5
 510 0167 74       		.byte	0x74
 511 0168 F3040000 		.4byte	0x4f3
 512 016c 02       		.byte	0x2
 513 016d 23       		.byte	0x23
 514 016e 1C       		.uleb128 0x1c
 515 016f 06       		.uleb128 0x6
 516 0170 E6010000 		.4byte	.LASF29
 517 0174 05       		.byte	0x5
 518 0175 79       		.byte	0x79
 519 0176 A6000000 		.4byte	0xa6
 520 017a 02       		.byte	0x2
 521 017b 23       		.byte	0x23
 522 017c 20       		.uleb128 0x20
 523 017d 06       		.uleb128 0x6
 524 017e 03020000 		.4byte	.LASF30
 525 0182 05       		.byte	0x5
 526 0183 7D       		.byte	0x7d
 527 0184 9B000000 		.4byte	0x9b
 528 0188 02       		.byte	0x2
 529 0189 23       		.byte	0x23
 530 018a 21       		.uleb128 0x21
 531 018b 06       		.uleb128 0x6
 532 018c A7020000 		.4byte	.LASF31
 533 0190 05       		.byte	0x5
 534 0191 89       		.byte	0x89
 535 0192 DE030000 		.4byte	0x3de
 536 0196 02       		.byte	0x2
 537 0197 23       		.byte	0x23
 538 0198 24       		.uleb128 0x24
 539 0199 07       		.uleb128 0x7
 540 019a 705F7500 		.ascii	"p_u\000"
 541 019e 05       		.byte	0x5
 542 019f AE       		.byte	0xae
 543 01a0 AC040000 		.4byte	0x4ac
 544 01a4 02       		.byte	0x2
 545 01a5 23       		.byte	0x23
 546 01a6 28       		.uleb128 0x28
 547 01a7 06       		.uleb128 0x6
 548 01a8 55030000 		.4byte	.LASF32
 549 01ac 05       		.byte	0x5
 550 01ad B3       		.byte	0xb3
 551 01ae 49020000 		.4byte	0x249
 552 01b2 02       		.byte	0x2
 553 01b3 23       		.byte	0x23
ARM GAS  /tmp/ccwKgRYt.s 			page 11


 554 01b4 2C       		.uleb128 0x2c
 555 01b5 06       		.uleb128 0x6
 556 01b6 B5020000 		.4byte	.LASF33
 557 01ba 05       		.byte	0x5
 558 01bb B9       		.byte	0xb9
 559 01bc 27020000 		.4byte	0x227
 560 01c0 02       		.byte	0x2
 561 01c1 23       		.byte	0x23
 562 01c2 30       		.uleb128 0x30
 563 01c3 06       		.uleb128 0x6
 564 01c4 08000000 		.4byte	.LASF34
 565 01c8 05       		.byte	0x5
 566 01c9 BD       		.byte	0xbd
 567 01ca BC000000 		.4byte	0xbc
 568 01ce 02       		.byte	0x2
 569 01cf 23       		.byte	0x23
 570 01d0 38       		.uleb128 0x38
 571 01d1 06       		.uleb128 0x6
 572 01d2 12020000 		.4byte	.LASF35
 573 01d6 05       		.byte	0x5
 574 01d7 C3       		.byte	0xc3
 575 01d8 C7000000 		.4byte	0xc7
 576 01dc 02       		.byte	0x2
 577 01dd 23       		.byte	0x23
 578 01de 3C       		.uleb128 0x3c
 579 01df 06       		.uleb128 0x6
 580 01e0 D2010000 		.4byte	.LASF36
 581 01e4 05       		.byte	0x5
 582 01e5 CA       		.byte	0xca
 583 01e6 F9040000 		.4byte	0x4f9
 584 01ea 02       		.byte	0x2
 585 01eb 23       		.byte	0x23
 586 01ec 40       		.uleb128 0x40
 587 01ed 06       		.uleb128 0x6
 588 01ee 6C020000 		.4byte	.LASF37
 589 01f2 05       		.byte	0x5
 590 01f3 CE       		.byte	0xce
 591 01f4 B1000000 		.4byte	0xb1
 592 01f8 02       		.byte	0x2
 593 01f9 23       		.byte	0x23
 594 01fa 44       		.uleb128 0x44
 595 01fb 00       		.byte	0x0
 596 01fc 08       		.uleb128 0x8
 597 01fd 08       		.byte	0x8
 598 01fe 04       		.byte	0x4
 599 01ff 61       		.byte	0x61
 600 0200 21020000 		.4byte	0x221
 601 0204 06       		.uleb128 0x6
 602 0205 FC010000 		.4byte	.LASF21
 603 0209 04       		.byte	0x4
 604 020a 62       		.byte	0x62
 605 020b 21020000 		.4byte	0x221
 606 020f 02       		.byte	0x2
 607 0210 23       		.byte	0x23
 608 0211 00       		.uleb128 0x0
 609 0212 06       		.uleb128 0x6
 610 0213 AD010000 		.4byte	.LASF22
ARM GAS  /tmp/ccwKgRYt.s 			page 12


 611 0217 04       		.byte	0x4
 612 0218 64       		.byte	0x64
 613 0219 21020000 		.4byte	0x221
 614 021d 02       		.byte	0x2
 615 021e 23       		.byte	0x23
 616 021f 04       		.uleb128 0x4
 617 0220 00       		.byte	0x0
 618 0221 09       		.uleb128 0x9
 619 0222 04       		.byte	0x4
 620 0223 E8000000 		.4byte	0xe8
 621 0227 04       		.uleb128 0x4
 622 0228 81010000 		.4byte	.LASF38
 623 022c 04       		.byte	0x4
 624 022d 66       		.byte	0x66
 625 022e FC010000 		.4byte	0x1fc
 626 0232 08       		.uleb128 0x8
 627 0233 04       		.byte	0x4
 628 0234 04       		.byte	0x4
 629 0235 6B       		.byte	0x6b
 630 0236 49020000 		.4byte	0x249
 631 023a 06       		.uleb128 0x6
 632 023b FC010000 		.4byte	.LASF21
 633 023f 04       		.byte	0x4
 634 0240 6D       		.byte	0x6d
 635 0241 21020000 		.4byte	0x221
 636 0245 02       		.byte	0x2
 637 0246 23       		.byte	0x23
 638 0247 00       		.uleb128 0x0
 639 0248 00       		.byte	0x0
 640 0249 04       		.uleb128 0x4
 641 024a 3A010000 		.4byte	.LASF39
 642 024e 04       		.byte	0x4
 643 024f 70       		.byte	0x70
 644 0250 32020000 		.4byte	0x232
 645 0254 04       		.uleb128 0x4
 646 0255 C8000000 		.4byte	.LASF40
 647 0259 06       		.byte	0x6
 648 025a D7       		.byte	0xd7
 649 025b 5F020000 		.4byte	0x25f
 650 025f 0A       		.uleb128 0xa
 651 0260 04       		.byte	0x4
 652 0261 04       		.uleb128 0x4
 653 0262 58010000 		.4byte	.LASF41
 654 0266 06       		.byte	0x6
 655 0267 DD       		.byte	0xdd
 656 0268 89000000 		.4byte	0x89
 657 026c 05       		.uleb128 0x5
 658 026d AE020000 		.4byte	.LASF42
 659 0271 24       		.byte	0x24
 660 0272 06       		.byte	0x6
 661 0273 FE       		.byte	0xfe
 662 0274 F9020000 		.4byte	0x2f9
 663 0278 0B       		.uleb128 0xb
 664 0279 723400   		.ascii	"r4\000"
 665 027c 06       		.byte	0x6
 666 027d 1101     		.2byte	0x111
 667 027f 54020000 		.4byte	0x254
ARM GAS  /tmp/ccwKgRYt.s 			page 13


 668 0283 02       		.byte	0x2
 669 0284 23       		.byte	0x23
 670 0285 00       		.uleb128 0x0
 671 0286 0B       		.uleb128 0xb
 672 0287 723500   		.ascii	"r5\000"
 673 028a 06       		.byte	0x6
 674 028b 1201     		.2byte	0x112
 675 028d 54020000 		.4byte	0x254
 676 0291 02       		.byte	0x2
 677 0292 23       		.byte	0x23
 678 0293 04       		.uleb128 0x4
 679 0294 0B       		.uleb128 0xb
 680 0295 723600   		.ascii	"r6\000"
 681 0298 06       		.byte	0x6
 682 0299 1301     		.2byte	0x113
 683 029b 54020000 		.4byte	0x254
 684 029f 02       		.byte	0x2
 685 02a0 23       		.byte	0x23
 686 02a1 08       		.uleb128 0x8
 687 02a2 0B       		.uleb128 0xb
 688 02a3 723700   		.ascii	"r7\000"
 689 02a6 06       		.byte	0x6
 690 02a7 1401     		.2byte	0x114
 691 02a9 54020000 		.4byte	0x254
 692 02ad 02       		.byte	0x2
 693 02ae 23       		.byte	0x23
 694 02af 0C       		.uleb128 0xc
 695 02b0 0B       		.uleb128 0xb
 696 02b1 723800   		.ascii	"r8\000"
 697 02b4 06       		.byte	0x6
 698 02b5 1501     		.2byte	0x115
 699 02b7 54020000 		.4byte	0x254
 700 02bb 02       		.byte	0x2
 701 02bc 23       		.byte	0x23
 702 02bd 10       		.uleb128 0x10
 703 02be 0B       		.uleb128 0xb
 704 02bf 723900   		.ascii	"r9\000"
 705 02c2 06       		.byte	0x6
 706 02c3 1601     		.2byte	0x116
 707 02c5 54020000 		.4byte	0x254
 708 02c9 02       		.byte	0x2
 709 02ca 23       		.byte	0x23
 710 02cb 14       		.uleb128 0x14
 711 02cc 0B       		.uleb128 0xb
 712 02cd 72313000 		.ascii	"r10\000"
 713 02d1 06       		.byte	0x6
 714 02d2 1701     		.2byte	0x117
 715 02d4 54020000 		.4byte	0x254
 716 02d8 02       		.byte	0x2
 717 02d9 23       		.byte	0x23
 718 02da 18       		.uleb128 0x18
 719 02db 0B       		.uleb128 0xb
 720 02dc 72313100 		.ascii	"r11\000"
 721 02e0 06       		.byte	0x6
 722 02e1 1801     		.2byte	0x118
 723 02e3 54020000 		.4byte	0x254
 724 02e7 02       		.byte	0x2
ARM GAS  /tmp/ccwKgRYt.s 			page 14


 725 02e8 23       		.byte	0x23
 726 02e9 1C       		.uleb128 0x1c
 727 02ea 0B       		.uleb128 0xb
 728 02eb 6C7200   		.ascii	"lr\000"
 729 02ee 06       		.byte	0x6
 730 02ef 1901     		.2byte	0x119
 731 02f1 54020000 		.4byte	0x254
 732 02f5 02       		.byte	0x2
 733 02f6 23       		.byte	0x23
 734 02f7 20       		.uleb128 0x20
 735 02f8 00       		.byte	0x0
 736 02f9 0C       		.uleb128 0xc
 737 02fa 11010000 		.4byte	.LASF43
 738 02fe 04       		.byte	0x4
 739 02ff 06       		.byte	0x6
 740 0300 2301     		.2byte	0x123
 741 0302 16030000 		.4byte	0x316
 742 0306 0B       		.uleb128 0xb
 743 0307 72313300 		.ascii	"r13\000"
 744 030b 06       		.byte	0x6
 745 030c 2401     		.2byte	0x124
 746 030e 16030000 		.4byte	0x316
 747 0312 02       		.byte	0x2
 748 0313 23       		.byte	0x23
 749 0314 00       		.uleb128 0x0
 750 0315 00       		.byte	0x0
 751 0316 09       		.uleb128 0x9
 752 0317 04       		.byte	0x4
 753 0318 6C020000 		.4byte	0x26c
 754 031c 04       		.uleb128 0x4
 755 031d 77020000 		.4byte	.LASF44
 756 0321 07       		.byte	0x7
 757 0322 53       		.byte	0x53
 758 0323 27030000 		.4byte	0x327
 759 0327 09       		.uleb128 0x9
 760 0328 04       		.byte	0x4
 761 0329 2D030000 		.4byte	0x32d
 762 032d 0D       		.uleb128 0xd
 763 032e 01       		.byte	0x1
 764 032f 39030000 		.4byte	0x339
 765 0333 0E       		.uleb128 0xe
 766 0334 5F020000 		.4byte	0x25f
 767 0338 00       		.byte	0x0
 768 0339 04       		.uleb128 0x4
 769 033a 2E020000 		.4byte	.LASF45
 770 033e 07       		.byte	0x7
 771 033f 58       		.byte	0x58
 772 0340 44030000 		.4byte	0x344
 773 0344 05       		.uleb128 0x5
 774 0345 2E020000 		.4byte	.LASF45
 775 0349 14       		.byte	0x14
 776 034a 07       		.byte	0x7
 777 034b 5F       		.byte	0x5f
 778 034c 97030000 		.4byte	0x397
 779 0350 06       		.uleb128 0x6
 780 0351 F7000000 		.4byte	.LASF46
 781 0355 07       		.byte	0x7
ARM GAS  /tmp/ccwKgRYt.s 			page 15


 782 0356 60       		.byte	0x60
 783 0357 97030000 		.4byte	0x397
 784 035b 02       		.byte	0x2
 785 035c 23       		.byte	0x23
 786 035d 00       		.uleb128 0x0
 787 035e 06       		.uleb128 0x6
 788 035f D1000000 		.4byte	.LASF47
 789 0363 07       		.byte	0x7
 790 0364 62       		.byte	0x62
 791 0365 97030000 		.4byte	0x397
 792 0369 02       		.byte	0x2
 793 036a 23       		.byte	0x23
 794 036b 04       		.uleb128 0x4
 795 036c 06       		.uleb128 0x6
 796 036d 63010000 		.4byte	.LASF48
 797 0371 07       		.byte	0x7
 798 0372 64       		.byte	0x64
 799 0373 D2000000 		.4byte	0xd2
 800 0377 02       		.byte	0x2
 801 0378 23       		.byte	0x23
 802 0379 08       		.uleb128 0x8
 803 037a 06       		.uleb128 0x6
 804 037b 6B010000 		.4byte	.LASF49
 805 037f 07       		.byte	0x7
 806 0380 65       		.byte	0x65
 807 0381 1C030000 		.4byte	0x31c
 808 0385 02       		.byte	0x2
 809 0386 23       		.byte	0x23
 810 0387 0C       		.uleb128 0xc
 811 0388 06       		.uleb128 0x6
 812 0389 C0020000 		.4byte	.LASF50
 813 038d 07       		.byte	0x7
 814 038e 67       		.byte	0x67
 815 038f 5F020000 		.4byte	0x25f
 816 0393 02       		.byte	0x2
 817 0394 23       		.byte	0x23
 818 0395 10       		.uleb128 0x10
 819 0396 00       		.byte	0x0
 820 0397 09       		.uleb128 0x9
 821 0398 04       		.byte	0x4
 822 0399 39030000 		.4byte	0x339
 823 039d 08       		.uleb128 0x8
 824 039e 10       		.byte	0x10
 825 039f 07       		.byte	0x7
 826 03a0 71       		.byte	0x71
 827 03a1 DE030000 		.4byte	0x3de
 828 03a5 06       		.uleb128 0x6
 829 03a6 F7000000 		.4byte	.LASF46
 830 03aa 07       		.byte	0x7
 831 03ab 72       		.byte	0x72
 832 03ac 97030000 		.4byte	0x397
 833 03b0 02       		.byte	0x2
 834 03b1 23       		.byte	0x23
 835 03b2 00       		.uleb128 0x0
 836 03b3 06       		.uleb128 0x6
 837 03b4 D1000000 		.4byte	.LASF47
 838 03b8 07       		.byte	0x7
ARM GAS  /tmp/ccwKgRYt.s 			page 16


 839 03b9 74       		.byte	0x74
 840 03ba 97030000 		.4byte	0x397
 841 03be 02       		.byte	0x2
 842 03bf 23       		.byte	0x23
 843 03c0 04       		.uleb128 0x4
 844 03c1 06       		.uleb128 0x6
 845 03c2 63010000 		.4byte	.LASF48
 846 03c6 07       		.byte	0x7
 847 03c7 76       		.byte	0x76
 848 03c8 D2000000 		.4byte	0xd2
 849 03cc 02       		.byte	0x2
 850 03cd 23       		.byte	0x23
 851 03ce 08       		.uleb128 0x8
 852 03cf 06       		.uleb128 0x6
 853 03d0 2B030000 		.4byte	.LASF51
 854 03d4 07       		.byte	0x7
 855 03d5 77       		.byte	0x77
 856 03d6 DE030000 		.4byte	0x3de
 857 03da 02       		.byte	0x2
 858 03db 23       		.byte	0x23
 859 03dc 0C       		.uleb128 0xc
 860 03dd 00       		.byte	0x0
 861 03de 0F       		.uleb128 0xf
 862 03df D2000000 		.4byte	0xd2
 863 03e3 04       		.uleb128 0x4
 864 03e4 36030000 		.4byte	.LASF52
 865 03e8 07       		.byte	0x7
 866 03e9 78       		.byte	0x78
 867 03ea 9D030000 		.4byte	0x39d
 868 03ee 08       		.uleb128 0x8
 869 03ef 20       		.byte	0x20
 870 03f0 08       		.byte	0x8
 871 03f1 5E       		.byte	0x5e
 872 03f2 59040000 		.4byte	0x459
 873 03f6 06       		.uleb128 0x6
 874 03f7 26020000 		.4byte	.LASF53
 875 03fb 08       		.byte	0x8
 876 03fc 5F       		.byte	0x5f
 877 03fd 27020000 		.4byte	0x227
 878 0401 02       		.byte	0x2
 879 0402 23       		.byte	0x23
 880 0403 00       		.uleb128 0x0
 881 0404 06       		.uleb128 0x6
 882 0405 EE010000 		.4byte	.LASF54
 883 0409 08       		.byte	0x8
 884 040a 60       		.byte	0x60
 885 040b B1000000 		.4byte	0xb1
 886 040f 02       		.byte	0x2
 887 0410 23       		.byte	0x23
 888 0411 08       		.uleb128 0x8
 889 0412 06       		.uleb128 0x6
 890 0413 7B010000 		.4byte	.LASF55
 891 0417 08       		.byte	0x8
 892 0418 62       		.byte	0x62
 893 0419 F9020000 		.4byte	0x2f9
 894 041d 02       		.byte	0x2
 895 041e 23       		.byte	0x23
ARM GAS  /tmp/ccwKgRYt.s 			page 17


 896 041f 0C       		.uleb128 0xc
 897 0420 06       		.uleb128 0x6
 898 0421 C0000000 		.4byte	.LASF56
 899 0425 08       		.byte	0x8
 900 0426 65       		.byte	0x65
 901 0427 21020000 		.4byte	0x221
 902 042b 02       		.byte	0x2
 903 042c 23       		.byte	0x23
 904 042d 10       		.uleb128 0x10
 905 042e 06       		.uleb128 0x6
 906 042f 98010000 		.4byte	.LASF57
 907 0433 08       		.byte	0x8
 908 0434 66       		.byte	0x66
 909 0435 21020000 		.4byte	0x221
 910 0439 02       		.byte	0x2
 911 043a 23       		.byte	0x23
 912 043b 14       		.uleb128 0x14
 913 043c 06       		.uleb128 0x6
 914 043d 3D030000 		.4byte	.LASF58
 915 0441 08       		.byte	0x8
 916 0442 6A       		.byte	0x6a
 917 0443 DD000000 		.4byte	0xdd
 918 0447 02       		.byte	0x2
 919 0448 23       		.byte	0x23
 920 0449 18       		.uleb128 0x18
 921 044a 06       		.uleb128 0x6
 922 044b 8E010000 		.4byte	.LASF59
 923 044f 08       		.byte	0x8
 924 0450 6C       		.byte	0x6c
 925 0451 21020000 		.4byte	0x221
 926 0455 02       		.byte	0x2
 927 0456 23       		.byte	0x23
 928 0457 1C       		.uleb128 0x1c
 929 0458 00       		.byte	0x0
 930 0459 04       		.uleb128 0x4
 931 045a C7020000 		.4byte	.LASF60
 932 045e 08       		.byte	0x8
 933 045f 6E       		.byte	0x6e
 934 0460 EE030000 		.4byte	0x3ee
 935 0464 05       		.uleb128 0x5
 936 0465 52010000 		.4byte	.LASF61
 937 0469 10       		.byte	0x10
 938 046a 09       		.byte	0x9
 939 046b 2C       		.byte	0x2c
 940 046c 9B040000 		.4byte	0x49b
 941 0470 06       		.uleb128 0x6
 942 0471 8E000000 		.4byte	.LASF62
 943 0475 09       		.byte	0x9
 944 0476 2D       		.byte	0x2d
 945 0477 27020000 		.4byte	0x227
 946 047b 02       		.byte	0x2
 947 047c 23       		.byte	0x23
 948 047d 00       		.uleb128 0x0
 949 047e 06       		.uleb128 0x6
 950 047f 47030000 		.4byte	.LASF63
 951 0483 09       		.byte	0x9
 952 0484 2F       		.byte	0x2f
ARM GAS  /tmp/ccwKgRYt.s 			page 18


 953 0485 21020000 		.4byte	0x221
 954 0489 02       		.byte	0x2
 955 048a 23       		.byte	0x23
 956 048b 08       		.uleb128 0x8
 957 048c 06       		.uleb128 0x6
 958 048d 5B020000 		.4byte	.LASF64
 959 0491 09       		.byte	0x9
 960 0492 31       		.byte	0x31
 961 0493 9B040000 		.4byte	0x49b
 962 0497 02       		.byte	0x2
 963 0498 23       		.byte	0x23
 964 0499 0C       		.uleb128 0xc
 965 049a 00       		.byte	0x0
 966 049b 09       		.uleb128 0x9
 967 049c 04       		.byte	0x4
 968 049d 64040000 		.4byte	0x464
 969 04a1 04       		.uleb128 0x4
 970 04a2 52010000 		.4byte	.LASF61
 971 04a6 09       		.byte	0x9
 972 04a7 33       		.byte	0x33
 973 04a8 64040000 		.4byte	0x464
 974 04ac 10       		.uleb128 0x10
 975 04ad 04       		.byte	0x4
 976 04ae 05       		.byte	0x5
 977 04af 90       		.byte	0x90
 978 04b0 E1040000 		.4byte	0x4e1
 979 04b4 11       		.uleb128 0x11
 980 04b5 0E000000 		.4byte	.LASF65
 981 04b9 05       		.byte	0x5
 982 04ba 97       		.byte	0x97
 983 04bb BC000000 		.4byte	0xbc
 984 04bf 11       		.uleb128 0x11
 985 04c0 4F000000 		.4byte	.LASF66
 986 04c4 05       		.byte	0x5
 987 04c5 9E       		.byte	0x9e
 988 04c6 BC000000 		.4byte	0xbc
 989 04ca 11       		.uleb128 0x11
 990 04cb 11030000 		.4byte	.LASF67
 991 04cf 05       		.byte	0x5
 992 04d0 A5       		.byte	0xa5
 993 04d1 5F020000 		.4byte	0x25f
 994 04d5 11       		.uleb128 0x11
 995 04d6 F5010000 		.4byte	.LASF68
 996 04da 05       		.byte	0x5
 997 04db AC       		.byte	0xac
 998 04dc C7000000 		.4byte	0xc7
 999 04e0 00       		.byte	0x0
 1000 04e1 09       		.uleb128 0x9
 1001 04e2 04       		.byte	0x4
 1002 04e3 E7040000 		.4byte	0x4e7
 1003 04e7 12       		.uleb128 0x12
 1004 04e8 EC040000 		.4byte	0x4ec
 1005 04ec 03       		.uleb128 0x3
 1006 04ed 01       		.byte	0x1
 1007 04ee 08       		.byte	0x8
 1008 04ef 3B020000 		.4byte	.LASF69
 1009 04f3 09       		.uleb128 0x9
ARM GAS  /tmp/ccwKgRYt.s 			page 19


 1010 04f4 04       		.byte	0x4
 1011 04f5 61020000 		.4byte	0x261
 1012 04f9 09       		.uleb128 0x9
 1013 04fa 04       		.byte	0x4
 1014 04fb A1040000 		.4byte	0x4a1
 1015 04ff 04       		.uleb128 0x4
 1016 0500 00000000 		.4byte	.LASF70
 1017 0504 05       		.byte	0x5
 1018 0505 DF       		.byte	0xdf
 1019 0506 0A050000 		.4byte	0x50a
 1020 050a 09       		.uleb128 0x9
 1021 050b 04       		.byte	0x4
 1022 050c 10050000 		.4byte	0x510
 1023 0510 13       		.uleb128 0x13
 1024 0511 01       		.byte	0x1
 1025 0512 BC000000 		.4byte	0xbc
 1026 0516 20050000 		.4byte	0x520
 1027 051a 0E       		.uleb128 0xe
 1028 051b 5F020000 		.4byte	0x25f
 1029 051f 00       		.byte	0x0
 1030 0520 14       		.uleb128 0x14
 1031 0521 01       		.byte	0x1
 1032 0522 A0010000 		.4byte	.LASF71
 1033 0526 01       		.byte	0x1
 1034 0527 3B       		.byte	0x3b
 1035 0528 01       		.byte	0x1
 1036 0529 00000000 		.4byte	.LFB7
 1037 052d 18000000 		.4byte	.LFE7
 1038 0531 00000000 		.4byte	.LLST0
 1039 0535 46050000 		.4byte	0x546
 1040 0539 15       		.uleb128 0x15
 1041 053a 7000     		.ascii	"p\000"
 1042 053c 01       		.byte	0x1
 1043 053d 3B       		.byte	0x3b
 1044 053e 5F020000 		.4byte	0x25f
 1045 0542 02       		.byte	0x2
 1046 0543 91       		.byte	0x91
 1047 0544 7C       		.sleb128 -4
 1048 0545 00       		.byte	0x0
 1049 0546 14       		.uleb128 0x14
 1050 0547 01       		.byte	0x1
 1051 0548 84000000 		.4byte	.LASF72
 1052 054c 01       		.byte	0x1
 1053 054d 52       		.byte	0x52
 1054 054e 01       		.byte	0x1
 1055 054f 00000000 		.4byte	.LFB8
 1056 0553 84000000 		.4byte	.LFE8
 1057 0557 20000000 		.4byte	.LLST1
 1058 055b 95050000 		.4byte	0x595
 1059 055f 16       		.uleb128 0x16
 1060 0560 58000000 		.4byte	.LASF73
 1061 0564 01       		.byte	0x1
 1062 0565 53       		.byte	0x53
 1063 0566 E8000000 		.4byte	0xe8
 1064 056a 05       		.byte	0x5
 1065 056b 03       		.byte	0x3
 1066 056c 00000000 		.4byte	mainthread.4646
ARM GAS  /tmp/ccwKgRYt.s 			page 20


 1067 0570 17       		.uleb128 0x17
 1068 0571 40020000 		.4byte	.LASF75
 1069 0575 01       		.byte	0x1
 1070 0576 55       		.byte	0x55
 1071 0577 61020000 		.4byte	0x261
 1072 057b 01       		.byte	0x1
 1073 057c 01       		.byte	0x1
 1074 057d 18       		.uleb128 0x18
 1075 057e 40000000 		.4byte	.LBB2
 1076 0582 4A000000 		.4byte	.LBE2
 1077 0586 19       		.uleb128 0x19
 1078 0587 746D7000 		.ascii	"tmp\000"
 1079 058b 01       		.byte	0x1
 1080 058c 6D       		.byte	0x6d
 1081 058d 70000000 		.4byte	0x70
 1082 0591 01       		.byte	0x1
 1083 0592 53       		.byte	0x53
 1084 0593 00       		.byte	0x0
 1085 0594 00       		.byte	0x0
 1086 0595 14       		.uleb128 0x14
 1087 0596 01       		.byte	0x1
 1088 0597 25000000 		.4byte	.LASF74
 1089 059b 01       		.byte	0x1
 1090 059c 85       		.byte	0x85
 1091 059d 01       		.byte	0x1
 1092 059e 00000000 		.4byte	.LFB9
 1093 05a2 90000000 		.4byte	.LFE9
 1094 05a6 4C000000 		.4byte	.LLST2
 1095 05aa DE050000 		.4byte	0x5de
 1096 05ae 18       		.uleb128 0x18
 1097 05af 40000000 		.4byte	.LBB3
 1098 05b3 84000000 		.4byte	.LBE3
 1099 05b7 19       		.uleb128 0x19
 1100 05b8 76747000 		.ascii	"vtp\000"
 1101 05bc 01       		.byte	0x1
 1102 05bd 92       		.byte	0x92
 1103 05be 97030000 		.4byte	0x397
 1104 05c2 02       		.byte	0x2
 1105 05c3 91       		.byte	0x91
 1106 05c4 74       		.sleb128 -12
 1107 05c5 18       		.uleb128 0x18
 1108 05c6 4E000000 		.4byte	.LBB4
 1109 05ca 76000000 		.4byte	.LBE4
 1110 05ce 19       		.uleb128 0x19
 1111 05cf 666E00   		.ascii	"fn\000"
 1112 05d2 01       		.byte	0x1
 1113 05d3 92       		.byte	0x92
 1114 05d4 1C030000 		.4byte	0x31c
 1115 05d8 02       		.byte	0x2
 1116 05d9 91       		.byte	0x91
 1117 05da 70       		.sleb128 -16
 1118 05db 00       		.byte	0x0
 1119 05dc 00       		.byte	0x0
 1120 05dd 00       		.byte	0x0
 1121 05de 17       		.uleb128 0x17
 1122 05df 1E000000 		.4byte	.LASF76
 1123 05e3 07       		.byte	0x7
ARM GAS  /tmp/ccwKgRYt.s 			page 21


 1124 05e4 7A       		.byte	0x7a
 1125 05e5 E3030000 		.4byte	0x3e3
 1126 05e9 01       		.byte	0x1
 1127 05ea 01       		.byte	0x1
 1128 05eb 17       		.uleb128 0x17
 1129 05ec 03030000 		.4byte	.LASF77
 1130 05f0 08       		.byte	0x8
 1131 05f1 72       		.byte	0x72
 1132 05f2 59040000 		.4byte	0x459
 1133 05f6 01       		.byte	0x1
 1134 05f7 01       		.byte	0x1
 1135 05f8 1A       		.uleb128 0x1a
 1136 05f9 61020000 		.4byte	0x261
 1137 05fd 08060000 		.4byte	0x608
 1138 0601 1B       		.uleb128 0x1b
 1139 0602 30000000 		.4byte	0x30
 1140 0606 17       		.byte	0x17
 1141 0607 00       		.byte	0x0
 1142 0608 17       		.uleb128 0x17
 1143 0609 B0000000 		.4byte	.LASF78
 1144 060d 0A       		.byte	0xa
 1145 060e 6E       		.byte	0x6e
 1146 060f F8050000 		.4byte	0x5f8
 1147 0613 01       		.byte	0x1
 1148 0614 01       		.byte	0x1
 1149 0615 17       		.uleb128 0x17
 1150 0616 1E000000 		.4byte	.LASF76
 1151 061a 07       		.byte	0x7
 1152 061b 7A       		.byte	0x7a
 1153 061c E3030000 		.4byte	0x3e3
 1154 0620 01       		.byte	0x1
 1155 0621 01       		.byte	0x1
 1156 0622 17       		.uleb128 0x17
 1157 0623 03030000 		.4byte	.LASF77
 1158 0627 08       		.byte	0x8
 1159 0628 72       		.byte	0x72
 1160 0629 59040000 		.4byte	0x459
 1161 062d 01       		.byte	0x1
 1162 062e 01       		.byte	0x1
 1163 062f 1C       		.uleb128 0x1c
 1164 0630 B0000000 		.4byte	.LASF78
 1165 0634 01       		.byte	0x1
 1166 0635 2F       		.byte	0x2f
 1167 0636 F8050000 		.4byte	0x5f8
 1168 063a 01       		.byte	0x1
 1169 063b 05       		.byte	0x5
 1170 063c 03       		.byte	0x3
 1171 063d 00000000 		.4byte	_idle_thread_wa
 1172 0641 17       		.uleb128 0x17
 1173 0642 40020000 		.4byte	.LASF75
 1174 0646 01       		.byte	0x1
 1175 0647 55       		.byte	0x55
 1176 0648 61020000 		.4byte	0x261
 1177 064c 01       		.byte	0x1
 1178 064d 01       		.byte	0x1
 1179 064e 00       		.byte	0x0
 1180              		.section	.debug_abbrev
ARM GAS  /tmp/ccwKgRYt.s 			page 22


 1181 0000 01       		.uleb128 0x1
 1182 0001 11       		.uleb128 0x11
 1183 0002 01       		.byte	0x1
 1184 0003 25       		.uleb128 0x25
 1185 0004 0E       		.uleb128 0xe
 1186 0005 13       		.uleb128 0x13
 1187 0006 0B       		.uleb128 0xb
 1188 0007 03       		.uleb128 0x3
 1189 0008 0E       		.uleb128 0xe
 1190 0009 1B       		.uleb128 0x1b
 1191 000a 0E       		.uleb128 0xe
 1192 000b 11       		.uleb128 0x11
 1193 000c 01       		.uleb128 0x1
 1194 000d 52       		.uleb128 0x52
 1195 000e 01       		.uleb128 0x1
 1196 000f 55       		.uleb128 0x55
 1197 0010 06       		.uleb128 0x6
 1198 0011 10       		.uleb128 0x10
 1199 0012 06       		.uleb128 0x6
 1200 0013 00       		.byte	0x0
 1201 0014 00       		.byte	0x0
 1202 0015 02       		.uleb128 0x2
 1203 0016 24       		.uleb128 0x24
 1204 0017 00       		.byte	0x0
 1205 0018 0B       		.uleb128 0xb
 1206 0019 0B       		.uleb128 0xb
 1207 001a 3E       		.uleb128 0x3e
 1208 001b 0B       		.uleb128 0xb
 1209 001c 03       		.uleb128 0x3
 1210 001d 08       		.uleb128 0x8
 1211 001e 00       		.byte	0x0
 1212 001f 00       		.byte	0x0
 1213 0020 03       		.uleb128 0x3
 1214 0021 24       		.uleb128 0x24
 1215 0022 00       		.byte	0x0
 1216 0023 0B       		.uleb128 0xb
 1217 0024 0B       		.uleb128 0xb
 1218 0025 3E       		.uleb128 0x3e
 1219 0026 0B       		.uleb128 0xb
 1220 0027 03       		.uleb128 0x3
 1221 0028 0E       		.uleb128 0xe
 1222 0029 00       		.byte	0x0
 1223 002a 00       		.byte	0x0
 1224 002b 04       		.uleb128 0x4
 1225 002c 16       		.uleb128 0x16
 1226 002d 00       		.byte	0x0
 1227 002e 03       		.uleb128 0x3
 1228 002f 0E       		.uleb128 0xe
 1229 0030 3A       		.uleb128 0x3a
 1230 0031 0B       		.uleb128 0xb
 1231 0032 3B       		.uleb128 0x3b
 1232 0033 0B       		.uleb128 0xb
 1233 0034 49       		.uleb128 0x49
 1234 0035 13       		.uleb128 0x13
 1235 0036 00       		.byte	0x0
 1236 0037 00       		.byte	0x0
 1237 0038 05       		.uleb128 0x5
ARM GAS  /tmp/ccwKgRYt.s 			page 23


 1238 0039 13       		.uleb128 0x13
 1239 003a 01       		.byte	0x1
 1240 003b 03       		.uleb128 0x3
 1241 003c 0E       		.uleb128 0xe
 1242 003d 0B       		.uleb128 0xb
 1243 003e 0B       		.uleb128 0xb
 1244 003f 3A       		.uleb128 0x3a
 1245 0040 0B       		.uleb128 0xb
 1246 0041 3B       		.uleb128 0x3b
 1247 0042 0B       		.uleb128 0xb
 1248 0043 01       		.uleb128 0x1
 1249 0044 13       		.uleb128 0x13
 1250 0045 00       		.byte	0x0
 1251 0046 00       		.byte	0x0
 1252 0047 06       		.uleb128 0x6
 1253 0048 0D       		.uleb128 0xd
 1254 0049 00       		.byte	0x0
 1255 004a 03       		.uleb128 0x3
 1256 004b 0E       		.uleb128 0xe
 1257 004c 3A       		.uleb128 0x3a
 1258 004d 0B       		.uleb128 0xb
 1259 004e 3B       		.uleb128 0x3b
 1260 004f 0B       		.uleb128 0xb
 1261 0050 49       		.uleb128 0x49
 1262 0051 13       		.uleb128 0x13
 1263 0052 38       		.uleb128 0x38
 1264 0053 0A       		.uleb128 0xa
 1265 0054 00       		.byte	0x0
 1266 0055 00       		.byte	0x0
 1267 0056 07       		.uleb128 0x7
 1268 0057 0D       		.uleb128 0xd
 1269 0058 00       		.byte	0x0
 1270 0059 03       		.uleb128 0x3
 1271 005a 08       		.uleb128 0x8
 1272 005b 3A       		.uleb128 0x3a
 1273 005c 0B       		.uleb128 0xb
 1274 005d 3B       		.uleb128 0x3b
 1275 005e 0B       		.uleb128 0xb
 1276 005f 49       		.uleb128 0x49
 1277 0060 13       		.uleb128 0x13
 1278 0061 38       		.uleb128 0x38
 1279 0062 0A       		.uleb128 0xa
 1280 0063 00       		.byte	0x0
 1281 0064 00       		.byte	0x0
 1282 0065 08       		.uleb128 0x8
 1283 0066 13       		.uleb128 0x13
 1284 0067 01       		.byte	0x1
 1285 0068 0B       		.uleb128 0xb
 1286 0069 0B       		.uleb128 0xb
 1287 006a 3A       		.uleb128 0x3a
 1288 006b 0B       		.uleb128 0xb
 1289 006c 3B       		.uleb128 0x3b
 1290 006d 0B       		.uleb128 0xb
 1291 006e 01       		.uleb128 0x1
 1292 006f 13       		.uleb128 0x13
 1293 0070 00       		.byte	0x0
 1294 0071 00       		.byte	0x0
ARM GAS  /tmp/ccwKgRYt.s 			page 24


 1295 0072 09       		.uleb128 0x9
 1296 0073 0F       		.uleb128 0xf
 1297 0074 00       		.byte	0x0
 1298 0075 0B       		.uleb128 0xb
 1299 0076 0B       		.uleb128 0xb
 1300 0077 49       		.uleb128 0x49
 1301 0078 13       		.uleb128 0x13
 1302 0079 00       		.byte	0x0
 1303 007a 00       		.byte	0x0
 1304 007b 0A       		.uleb128 0xa
 1305 007c 0F       		.uleb128 0xf
 1306 007d 00       		.byte	0x0
 1307 007e 0B       		.uleb128 0xb
 1308 007f 0B       		.uleb128 0xb
 1309 0080 00       		.byte	0x0
 1310 0081 00       		.byte	0x0
 1311 0082 0B       		.uleb128 0xb
 1312 0083 0D       		.uleb128 0xd
 1313 0084 00       		.byte	0x0
 1314 0085 03       		.uleb128 0x3
 1315 0086 08       		.uleb128 0x8
 1316 0087 3A       		.uleb128 0x3a
 1317 0088 0B       		.uleb128 0xb
 1318 0089 3B       		.uleb128 0x3b
 1319 008a 05       		.uleb128 0x5
 1320 008b 49       		.uleb128 0x49
 1321 008c 13       		.uleb128 0x13
 1322 008d 38       		.uleb128 0x38
 1323 008e 0A       		.uleb128 0xa
 1324 008f 00       		.byte	0x0
 1325 0090 00       		.byte	0x0
 1326 0091 0C       		.uleb128 0xc
 1327 0092 13       		.uleb128 0x13
 1328 0093 01       		.byte	0x1
 1329 0094 03       		.uleb128 0x3
 1330 0095 0E       		.uleb128 0xe
 1331 0096 0B       		.uleb128 0xb
 1332 0097 0B       		.uleb128 0xb
 1333 0098 3A       		.uleb128 0x3a
 1334 0099 0B       		.uleb128 0xb
 1335 009a 3B       		.uleb128 0x3b
 1336 009b 05       		.uleb128 0x5
 1337 009c 01       		.uleb128 0x1
 1338 009d 13       		.uleb128 0x13
 1339 009e 00       		.byte	0x0
 1340 009f 00       		.byte	0x0
 1341 00a0 0D       		.uleb128 0xd
 1342 00a1 15       		.uleb128 0x15
 1343 00a2 01       		.byte	0x1
 1344 00a3 27       		.uleb128 0x27
 1345 00a4 0C       		.uleb128 0xc
 1346 00a5 01       		.uleb128 0x1
 1347 00a6 13       		.uleb128 0x13
 1348 00a7 00       		.byte	0x0
 1349 00a8 00       		.byte	0x0
 1350 00a9 0E       		.uleb128 0xe
 1351 00aa 05       		.uleb128 0x5
ARM GAS  /tmp/ccwKgRYt.s 			page 25


 1352 00ab 00       		.byte	0x0
 1353 00ac 49       		.uleb128 0x49
 1354 00ad 13       		.uleb128 0x13
 1355 00ae 00       		.byte	0x0
 1356 00af 00       		.byte	0x0
 1357 00b0 0F       		.uleb128 0xf
 1358 00b1 35       		.uleb128 0x35
 1359 00b2 00       		.byte	0x0
 1360 00b3 49       		.uleb128 0x49
 1361 00b4 13       		.uleb128 0x13
 1362 00b5 00       		.byte	0x0
 1363 00b6 00       		.byte	0x0
 1364 00b7 10       		.uleb128 0x10
 1365 00b8 17       		.uleb128 0x17
 1366 00b9 01       		.byte	0x1
 1367 00ba 0B       		.uleb128 0xb
 1368 00bb 0B       		.uleb128 0xb
 1369 00bc 3A       		.uleb128 0x3a
 1370 00bd 0B       		.uleb128 0xb
 1371 00be 3B       		.uleb128 0x3b
 1372 00bf 0B       		.uleb128 0xb
 1373 00c0 01       		.uleb128 0x1
 1374 00c1 13       		.uleb128 0x13
 1375 00c2 00       		.byte	0x0
 1376 00c3 00       		.byte	0x0
 1377 00c4 11       		.uleb128 0x11
 1378 00c5 0D       		.uleb128 0xd
 1379 00c6 00       		.byte	0x0
 1380 00c7 03       		.uleb128 0x3
 1381 00c8 0E       		.uleb128 0xe
 1382 00c9 3A       		.uleb128 0x3a
 1383 00ca 0B       		.uleb128 0xb
 1384 00cb 3B       		.uleb128 0x3b
 1385 00cc 0B       		.uleb128 0xb
 1386 00cd 49       		.uleb128 0x49
 1387 00ce 13       		.uleb128 0x13
 1388 00cf 00       		.byte	0x0
 1389 00d0 00       		.byte	0x0
 1390 00d1 12       		.uleb128 0x12
 1391 00d2 26       		.uleb128 0x26
 1392 00d3 00       		.byte	0x0
 1393 00d4 49       		.uleb128 0x49
 1394 00d5 13       		.uleb128 0x13
 1395 00d6 00       		.byte	0x0
 1396 00d7 00       		.byte	0x0
 1397 00d8 13       		.uleb128 0x13
 1398 00d9 15       		.uleb128 0x15
 1399 00da 01       		.byte	0x1
 1400 00db 27       		.uleb128 0x27
 1401 00dc 0C       		.uleb128 0xc
 1402 00dd 49       		.uleb128 0x49
 1403 00de 13       		.uleb128 0x13
 1404 00df 01       		.uleb128 0x1
 1405 00e0 13       		.uleb128 0x13
 1406 00e1 00       		.byte	0x0
 1407 00e2 00       		.byte	0x0
 1408 00e3 14       		.uleb128 0x14
ARM GAS  /tmp/ccwKgRYt.s 			page 26


 1409 00e4 2E       		.uleb128 0x2e
 1410 00e5 01       		.byte	0x1
 1411 00e6 3F       		.uleb128 0x3f
 1412 00e7 0C       		.uleb128 0xc
 1413 00e8 03       		.uleb128 0x3
 1414 00e9 0E       		.uleb128 0xe
 1415 00ea 3A       		.uleb128 0x3a
 1416 00eb 0B       		.uleb128 0xb
 1417 00ec 3B       		.uleb128 0x3b
 1418 00ed 0B       		.uleb128 0xb
 1419 00ee 27       		.uleb128 0x27
 1420 00ef 0C       		.uleb128 0xc
 1421 00f0 11       		.uleb128 0x11
 1422 00f1 01       		.uleb128 0x1
 1423 00f2 12       		.uleb128 0x12
 1424 00f3 01       		.uleb128 0x1
 1425 00f4 40       		.uleb128 0x40
 1426 00f5 06       		.uleb128 0x6
 1427 00f6 01       		.uleb128 0x1
 1428 00f7 13       		.uleb128 0x13
 1429 00f8 00       		.byte	0x0
 1430 00f9 00       		.byte	0x0
 1431 00fa 15       		.uleb128 0x15
 1432 00fb 05       		.uleb128 0x5
 1433 00fc 00       		.byte	0x0
 1434 00fd 03       		.uleb128 0x3
 1435 00fe 08       		.uleb128 0x8
 1436 00ff 3A       		.uleb128 0x3a
 1437 0100 0B       		.uleb128 0xb
 1438 0101 3B       		.uleb128 0x3b
 1439 0102 0B       		.uleb128 0xb
 1440 0103 49       		.uleb128 0x49
 1441 0104 13       		.uleb128 0x13
 1442 0105 02       		.uleb128 0x2
 1443 0106 0A       		.uleb128 0xa
 1444 0107 00       		.byte	0x0
 1445 0108 00       		.byte	0x0
 1446 0109 16       		.uleb128 0x16
 1447 010a 34       		.uleb128 0x34
 1448 010b 00       		.byte	0x0
 1449 010c 03       		.uleb128 0x3
 1450 010d 0E       		.uleb128 0xe
 1451 010e 3A       		.uleb128 0x3a
 1452 010f 0B       		.uleb128 0xb
 1453 0110 3B       		.uleb128 0x3b
 1454 0111 0B       		.uleb128 0xb
 1455 0112 49       		.uleb128 0x49
 1456 0113 13       		.uleb128 0x13
 1457 0114 02       		.uleb128 0x2
 1458 0115 0A       		.uleb128 0xa
 1459 0116 00       		.byte	0x0
 1460 0117 00       		.byte	0x0
 1461 0118 17       		.uleb128 0x17
 1462 0119 34       		.uleb128 0x34
 1463 011a 00       		.byte	0x0
 1464 011b 03       		.uleb128 0x3
 1465 011c 0E       		.uleb128 0xe
ARM GAS  /tmp/ccwKgRYt.s 			page 27


 1466 011d 3A       		.uleb128 0x3a
 1467 011e 0B       		.uleb128 0xb
 1468 011f 3B       		.uleb128 0x3b
 1469 0120 0B       		.uleb128 0xb
 1470 0121 49       		.uleb128 0x49
 1471 0122 13       		.uleb128 0x13
 1472 0123 3F       		.uleb128 0x3f
 1473 0124 0C       		.uleb128 0xc
 1474 0125 3C       		.uleb128 0x3c
 1475 0126 0C       		.uleb128 0xc
 1476 0127 00       		.byte	0x0
 1477 0128 00       		.byte	0x0
 1478 0129 18       		.uleb128 0x18
 1479 012a 0B       		.uleb128 0xb
 1480 012b 01       		.byte	0x1
 1481 012c 11       		.uleb128 0x11
 1482 012d 01       		.uleb128 0x1
 1483 012e 12       		.uleb128 0x12
 1484 012f 01       		.uleb128 0x1
 1485 0130 00       		.byte	0x0
 1486 0131 00       		.byte	0x0
 1487 0132 19       		.uleb128 0x19
 1488 0133 34       		.uleb128 0x34
 1489 0134 00       		.byte	0x0
 1490 0135 03       		.uleb128 0x3
 1491 0136 08       		.uleb128 0x8
 1492 0137 3A       		.uleb128 0x3a
 1493 0138 0B       		.uleb128 0xb
 1494 0139 3B       		.uleb128 0x3b
 1495 013a 0B       		.uleb128 0xb
 1496 013b 49       		.uleb128 0x49
 1497 013c 13       		.uleb128 0x13
 1498 013d 02       		.uleb128 0x2
 1499 013e 0A       		.uleb128 0xa
 1500 013f 00       		.byte	0x0
 1501 0140 00       		.byte	0x0
 1502 0141 1A       		.uleb128 0x1a
 1503 0142 01       		.uleb128 0x1
 1504 0143 01       		.byte	0x1
 1505 0144 49       		.uleb128 0x49
 1506 0145 13       		.uleb128 0x13
 1507 0146 01       		.uleb128 0x1
 1508 0147 13       		.uleb128 0x13
 1509 0148 00       		.byte	0x0
 1510 0149 00       		.byte	0x0
 1511 014a 1B       		.uleb128 0x1b
 1512 014b 21       		.uleb128 0x21
 1513 014c 00       		.byte	0x0
 1514 014d 49       		.uleb128 0x49
 1515 014e 13       		.uleb128 0x13
 1516 014f 2F       		.uleb128 0x2f
 1517 0150 0B       		.uleb128 0xb
 1518 0151 00       		.byte	0x0
 1519 0152 00       		.byte	0x0
 1520 0153 1C       		.uleb128 0x1c
 1521 0154 34       		.uleb128 0x34
 1522 0155 00       		.byte	0x0
ARM GAS  /tmp/ccwKgRYt.s 			page 28


 1523 0156 03       		.uleb128 0x3
 1524 0157 0E       		.uleb128 0xe
 1525 0158 3A       		.uleb128 0x3a
 1526 0159 0B       		.uleb128 0xb
 1527 015a 3B       		.uleb128 0x3b
 1528 015b 0B       		.uleb128 0xb
 1529 015c 49       		.uleb128 0x49
 1530 015d 13       		.uleb128 0x13
 1531 015e 3F       		.uleb128 0x3f
 1532 015f 0C       		.uleb128 0xc
 1533 0160 02       		.uleb128 0x2
 1534 0161 0A       		.uleb128 0xa
 1535 0162 00       		.byte	0x0
 1536 0163 00       		.byte	0x0
 1537 0164 00       		.byte	0x0
 1538              		.section	.debug_pubnames,"",%progbits
 1539 0000 58000000 		.4byte	0x58
 1540 0004 0200     		.2byte	0x2
 1541 0006 00000000 		.4byte	.Ldebug_info0
 1542 000a 4F060000 		.4byte	0x64f
 1543 000e 20050000 		.4byte	0x520
 1544 0012 5F69646C 		.ascii	"_idle_thread\000"
 1544      655F7468 
 1544      72656164 
 1544      00
 1545 001f 46050000 		.4byte	0x546
 1546 0023 63685379 		.ascii	"chSysInit\000"
 1546      73496E69 
 1546      7400
 1547 002d 95050000 		.4byte	0x595
 1548 0031 63685379 		.ascii	"chSysTimerHandlerI\000"
 1548      7354696D 
 1548      65724861 
 1548      6E646C65 
 1548      724900
 1549 0044 2F060000 		.4byte	0x62f
 1550 0048 5F69646C 		.ascii	"_idle_thread_wa\000"
 1550      655F7468 
 1550      72656164 
 1550      5F776100 
 1551 0058 00000000 		.4byte	0x0
 1552              		.section	.debug_pubtypes,"",%progbits
 1553 0000 69010000 		.4byte	0x169
 1554 0004 0200     		.2byte	0x2
 1555 0006 00000000 		.4byte	.Ldebug_info0
 1556 000a 4F060000 		.4byte	0x64f
 1557 000e 3E000000 		.4byte	0x3e
 1558 0012 75696E74 		.ascii	"uint8_t\000"
 1558      385F7400 
 1559 001a 5E000000 		.4byte	0x5e
 1560 001e 696E7433 		.ascii	"int32_t\000"
 1560      325F7400 
 1561 0026 70000000 		.4byte	0x70
 1562 002a 75696E74 		.ascii	"uint32_t\000"
 1562      33325F74 
 1562      00
 1563 0033 89000000 		.4byte	0x89
ARM GAS  /tmp/ccwKgRYt.s 			page 29


 1564 0037 75696E74 		.ascii	"uint64_t\000"
 1564      36345F74 
 1564      00
 1565 0040 9B000000 		.4byte	0x9b
 1566 0044 746D6F64 		.ascii	"tmode_t\000"
 1566      655F7400 
 1567 004c A6000000 		.4byte	0xa6
 1568 0050 74737461 		.ascii	"tstate_t\000"
 1568      74655F74 
 1568      00
 1569 0059 B1000000 		.4byte	0xb1
 1570 005d 74707269 		.ascii	"tprio_t\000"
 1570      6F5F7400 
 1571 0065 BC000000 		.4byte	0xbc
 1572 0069 6D73675F 		.ascii	"msg_t\000"
 1572      7400
 1573 006f C7000000 		.4byte	0xc7
 1574 0073 6576656E 		.ascii	"eventmask_t\000"
 1574      746D6173 
 1574      6B5F7400 
 1575 007f D2000000 		.4byte	0xd2
 1576 0083 73797374 		.ascii	"systime_t\000"
 1576      696D655F 
 1576      7400
 1577 008d DD000000 		.4byte	0xdd
 1578 0091 636E745F 		.ascii	"cnt_t\000"
 1578      7400
 1579 0097 E8000000 		.4byte	0xe8
 1580 009b 54687265 		.ascii	"Thread\000"
 1580      616400
 1581 00a2 27020000 		.4byte	0x227
 1582 00a6 54687265 		.ascii	"ThreadsQueue\000"
 1582      61647351 
 1582      75657565 
 1582      00
 1583 00b3 49020000 		.4byte	0x249
 1584 00b7 54687265 		.ascii	"ThreadsList\000"
 1584      6164734C 
 1584      69737400 
 1585 00c3 54020000 		.4byte	0x254
 1586 00c7 72656761 		.ascii	"regarm_t\000"
 1586      726D5F74 
 1586      00
 1587 00d0 61020000 		.4byte	0x261
 1588 00d4 73746B61 		.ascii	"stkalign_t\000"
 1588      6C69676E 
 1588      5F7400
 1589 00df 6C020000 		.4byte	0x26c
 1590 00e3 696E7463 		.ascii	"intctx\000"
 1590      747800
 1591 00ea F9020000 		.4byte	0x2f9
 1592 00ee 636F6E74 		.ascii	"context\000"
 1592      65787400 
 1593 00f6 1C030000 		.4byte	0x31c
 1594 00fa 76746675 		.ascii	"vtfunc_t\000"
 1594      6E635F74 
 1594      00
ARM GAS  /tmp/ccwKgRYt.s 			page 30


 1595 0103 39030000 		.4byte	0x339
 1596 0107 56697274 		.ascii	"VirtualTimer\000"
 1596      75616C54 
 1596      696D6572 
 1596      00
 1597 0114 44030000 		.4byte	0x344
 1598 0118 56697274 		.ascii	"VirtualTimer\000"
 1598      75616C54 
 1598      696D6572 
 1598      00
 1599 0125 E3030000 		.4byte	0x3e3
 1600 0129 56544C69 		.ascii	"VTList\000"
 1600      737400
 1601 0130 59040000 		.4byte	0x459
 1602 0134 52656164 		.ascii	"ReadyList\000"
 1602      794C6973 
 1602      7400
 1603 013e 64040000 		.4byte	0x464
 1604 0142 4D757465 		.ascii	"Mutex\000"
 1604      7800
 1605 0148 A1040000 		.4byte	0x4a1
 1606 014c 4D757465 		.ascii	"Mutex\000"
 1606      7800
 1607 0152 F3000000 		.4byte	0xf3
 1608 0156 54687265 		.ascii	"Thread\000"
 1608      616400
 1609 015d FF040000 		.4byte	0x4ff
 1610 0161 7466756E 		.ascii	"tfunc_t\000"
 1610      635F7400 
 1611 0169 00000000 		.4byte	0x0
 1612              		.section	.debug_aranges,"",%progbits
 1613 0000 2C000000 		.4byte	0x2c
 1614 0004 0200     		.2byte	0x2
 1615 0006 00000000 		.4byte	.Ldebug_info0
 1616 000a 04       		.byte	0x4
 1617 000b 00       		.byte	0x0
 1618 000c 0000     		.2byte	0x0
 1619 000e 0000     		.2byte	0x0
 1620 0010 00000000 		.4byte	.LFB7
 1621 0014 18000000 		.4byte	.LFE7-.LFB7
 1622 0018 00000000 		.4byte	.LFB8
 1623 001c 84000000 		.4byte	.LFE8-.LFB8
 1624 0020 00000000 		.4byte	.LFB9
 1625 0024 90000000 		.4byte	.LFE9-.LFB9
 1626 0028 00000000 		.4byte	0x0
 1627 002c 00000000 		.4byte	0x0
 1628              		.section	.debug_ranges,"",%progbits
 1629              	.Ldebug_ranges0:
 1630 0000 00000000 		.4byte	.LFB7
 1631 0004 18000000 		.4byte	.LFE7
 1632 0008 00000000 		.4byte	.LFB8
 1633 000c 84000000 		.4byte	.LFE8
 1634 0010 00000000 		.4byte	.LFB9
 1635 0014 90000000 		.4byte	.LFE9
 1636 0018 00000000 		.4byte	0x0
 1637 001c 00000000 		.4byte	0x0
 1638              		.section	.debug_str,"MS",%progbits,1
ARM GAS  /tmp/ccwKgRYt.s 			page 31


 1639              	.LASF70:
 1640 0000 7466756E 		.ascii	"tfunc_t\000"
 1640      635F7400 
 1641              	.LASF34:
 1642 0008 705F6D73 		.ascii	"p_msg\000"
 1642      6700
 1643              	.LASF65:
 1644 000e 7264796D 		.ascii	"rdymsg\000"
 1644      736700
 1645              	.LASF11:
 1646 0015 75696E74 		.ascii	"uint64_t\000"
 1646      36345F74 
 1646      00
 1647              	.LASF76:
 1648 001e 76746C69 		.ascii	"vtlist\000"
 1648      737400
 1649              	.LASF74:
 1650 0025 63685379 		.ascii	"chSysTimerHandlerI\000"
 1650      7354696D 
 1650      65724861 
 1650      6E646C65 
 1650      724900
 1651              	.LASF12:
 1652 0038 6C6F6E67 		.ascii	"long long unsigned int\000"
 1652      206C6F6E 
 1652      6720756E 
 1652      7369676E 
 1652      65642069 
 1653              	.LASF66:
 1654 004f 65786974 		.ascii	"exitcode\000"
 1654      636F6465 
 1654      00
 1655              	.LASF73:
 1656 0058 6D61696E 		.ascii	"mainthread\000"
 1656      74687265 
 1656      616400
 1657              	.LASF23:
 1658 0063 705F7072 		.ascii	"p_prio\000"
 1658      696F00
 1659              	.LASF10:
 1660 006a 6C6F6E67 		.ascii	"long long int\000"
 1660      206C6F6E 
 1660      6720696E 
 1660      7400
 1661              	.LASF1:
 1662 0078 7369676E 		.ascii	"signed char\000"
 1662      65642063 
 1662      68617200 
 1663              	.LASF72:
 1664 0084 63685379 		.ascii	"chSysInit\000"
 1664      73496E69 
 1664      7400
 1665              	.LASF62:
 1666 008e 6D5F7175 		.ascii	"m_queue\000"
 1666      65756500 
 1667              	.LASF7:
 1668 0096 6C6F6E67 		.ascii	"long int\000"
ARM GAS  /tmp/ccwKgRYt.s 			page 32


 1668      20696E74 
 1668      00
 1669              	.LASF14:
 1670 009f 74737461 		.ascii	"tstate_t\000"
 1670      74655F74 
 1670      00
 1671              	.LASF25:
 1672 00a8 705F6E65 		.ascii	"p_newer\000"
 1672      77657200 
 1673              	.LASF78:
 1674 00b0 5F69646C 		.ascii	"_idle_thread_wa\000"
 1674      655F7468 
 1674      72656164 
 1674      5F776100 
 1675              	.LASF56:
 1676 00c0 725F6E65 		.ascii	"r_newer\000"
 1676      77657200 
 1677              	.LASF40:
 1678 00c8 72656761 		.ascii	"regarm_t\000"
 1678      726D5F74 
 1678      00
 1679              	.LASF47:
 1680 00d1 76745F70 		.ascii	"vt_prev\000"
 1680      72657600 
 1681              	.LASF19:
 1682 00d9 636E745F 		.ascii	"cnt_t\000"
 1682      7400
 1683              	.LASF28:
 1684 00df 705F7374 		.ascii	"p_stklimit\000"
 1684      6B6C696D 
 1684      697400
 1685              	.LASF0:
 1686 00ea 756E7369 		.ascii	"unsigned int\000"
 1686      676E6564 
 1686      20696E74 
 1686      00
 1687              	.LASF46:
 1688 00f7 76745F6E 		.ascii	"vt_next\000"
 1688      65787400 
 1689              	.LASF9:
 1690 00ff 6C6F6E67 		.ascii	"long unsigned int\000"
 1690      20756E73 
 1690      69676E65 
 1690      6420696E 
 1690      7400
 1691              	.LASF43:
 1692 0111 636F6E74 		.ascii	"context\000"
 1692      65787400 
 1693              	.LASF4:
 1694 0119 73686F72 		.ascii	"short unsigned int\000"
 1694      7420756E 
 1694      7369676E 
 1694      65642069 
 1694      6E7400
 1695              	.LASF16:
 1696 012c 6D73675F 		.ascii	"msg_t\000"
 1696      7400
ARM GAS  /tmp/ccwKgRYt.s 			page 33


 1697              	.LASF13:
 1698 0132 746D6F64 		.ascii	"tmode_t\000"
 1698      655F7400 
 1699              	.LASF39:
 1700 013a 54687265 		.ascii	"ThreadsList\000"
 1700      6164734C 
 1700      69737400 
 1701              	.LASF17:
 1702 0146 6576656E 		.ascii	"eventmask_t\000"
 1702      746D6173 
 1702      6B5F7400 
 1703              	.LASF61:
 1704 0152 4D757465 		.ascii	"Mutex\000"
 1704      7800
 1705              	.LASF41:
 1706 0158 73746B61 		.ascii	"stkalign_t\000"
 1706      6C69676E 
 1706      5F7400
 1707              	.LASF48:
 1708 0163 76745F74 		.ascii	"vt_time\000"
 1708      696D6500 
 1709              	.LASF49:
 1710 016b 76745F66 		.ascii	"vt_func\000"
 1710      756E6300 
 1711              	.LASF26:
 1712 0173 705F6F6C 		.ascii	"p_older\000"
 1712      64657200 
 1713              	.LASF55:
 1714 017b 725F6374 		.ascii	"r_ctx\000"
 1714      7800
 1715              	.LASF38:
 1716 0181 54687265 		.ascii	"ThreadsQueue\000"
 1716      61647351 
 1716      75657565 
 1716      00
 1717              	.LASF59:
 1718 018e 725F6375 		.ascii	"r_current\000"
 1718      7272656E 
 1718      7400
 1719              	.LASF57:
 1720 0198 725F6F6C 		.ascii	"r_older\000"
 1720      64657200 
 1721              	.LASF71:
 1722 01a0 5F69646C 		.ascii	"_idle_thread\000"
 1722      655F7468 
 1722      72656164 
 1722      00
 1723              	.LASF22:
 1724 01ad 705F7072 		.ascii	"p_prev\000"
 1724      657600
 1725              	.LASF15:
 1726 01b4 74707269 		.ascii	"tprio_t\000"
 1726      6F5F7400 
 1727              	.LASF6:
 1728 01bc 696E7433 		.ascii	"int32_t\000"
 1728      325F7400 
 1729              	.LASF2:
ARM GAS  /tmp/ccwKgRYt.s 			page 34


 1730 01c4 756E7369 		.ascii	"unsigned char\000"
 1730      676E6564 
 1730      20636861 
 1730      7200
 1731              	.LASF36:
 1732 01d2 705F6D74 		.ascii	"p_mtxlist\000"
 1732      786C6973 
 1732      7400
 1733              	.LASF3:
 1734 01dc 73686F72 		.ascii	"short int\000"
 1734      7420696E 
 1734      7400
 1735              	.LASF29:
 1736 01e6 705F7374 		.ascii	"p_state\000"
 1736      61746500 
 1737              	.LASF54:
 1738 01ee 725F7072 		.ascii	"r_prio\000"
 1738      696F00
 1739              	.LASF68:
 1740 01f5 65776D61 		.ascii	"ewmask\000"
 1740      736B00
 1741              	.LASF21:
 1742 01fc 705F6E65 		.ascii	"p_next\000"
 1742      787400
 1743              	.LASF30:
 1744 0203 705F666C 		.ascii	"p_flags\000"
 1744      61677300 
 1745              	.LASF20:
 1746 020b 54687265 		.ascii	"Thread\000"
 1746      616400
 1747              	.LASF35:
 1748 0212 705F6570 		.ascii	"p_epending\000"
 1748      656E6469 
 1748      6E6700
 1749              	.LASF8:
 1750 021d 75696E74 		.ascii	"uint32_t\000"
 1750      33325F74 
 1750      00
 1751              	.LASF53:
 1752 0226 725F7175 		.ascii	"r_queue\000"
 1752      65756500 
 1753              	.LASF45:
 1754 022e 56697274 		.ascii	"VirtualTimer\000"
 1754      75616C54 
 1754      696D6572 
 1754      00
 1755              	.LASF69:
 1756 023b 63686172 		.ascii	"char\000"
 1756      00
 1757              	.LASF75:
 1758 0240 5F5F6D61 		.ascii	"__main_thread_stack_base__\000"
 1758      696E5F74 
 1758      68726561 
 1758      645F7374 
 1758      61636B5F 
 1759              	.LASF64:
 1760 025b 6D5F6E65 		.ascii	"m_next\000"
ARM GAS  /tmp/ccwKgRYt.s 			page 35


 1760      787400
 1761              	.LASF18:
 1762 0262 73797374 		.ascii	"systime_t\000"
 1762      696D655F 
 1762      7400
 1763              	.LASF37:
 1764 026c 705F7265 		.ascii	"p_realprio\000"
 1764      616C7072 
 1764      696F00
 1765              	.LASF44:
 1766 0277 76746675 		.ascii	"vtfunc_t\000"
 1766      6E635F74 
 1766      00
 1767              	.LASF80:
 1768 0280 2E2E2F63 		.ascii	"../chibios_2.4.x/os/kernel/src/chsys.c\000"
 1768      68696269 
 1768      6F735F32 
 1768      2E342E78 
 1768      2F6F732F 
 1769              	.LASF31:
 1770 02a7 705F7469 		.ascii	"p_time\000"
 1770      6D6500
 1771              	.LASF42:
 1772 02ae 696E7463 		.ascii	"intctx\000"
 1772      747800
 1773              	.LASF33:
 1774 02b5 705F6D73 		.ascii	"p_msgqueue\000"
 1774      67717565 
 1774      756500
 1775              	.LASF50:
 1776 02c0 76745F70 		.ascii	"vt_par\000"
 1776      617200
 1777              	.LASF60:
 1778 02c7 52656164 		.ascii	"ReadyList\000"
 1778      794C6973 
 1778      7400
 1779              	.LASF81:
 1780 02d1 2F686F6D 		.ascii	"/home/z80/projects/voltamper.git/firmware/voltamp\000"
 1780      652F7A38 
 1780      302F7072 
 1780      6F6A6563 
 1780      74732F76 
 1781              	.LASF77:
 1782 0303 726C6973 		.ascii	"rlist\000"
 1782      7400
 1783              	.LASF5:
 1784 0309 75696E74 		.ascii	"uint8_t\000"
 1784      385F7400 
 1785              	.LASF67:
 1786 0311 77746F62 		.ascii	"wtobjp\000"
 1786      6A7000
 1787              	.LASF79:
 1788 0318 474E5520 		.ascii	"GNU C 4.5.2\000"
 1788      4320342E 
 1788      352E3200 
 1789              	.LASF27:
 1790 0324 705F6E61 		.ascii	"p_name\000"
ARM GAS  /tmp/ccwKgRYt.s 			page 36


 1790      6D6500
 1791              	.LASF51:
 1792 032b 76745F73 		.ascii	"vt_systime\000"
 1792      79737469 
 1792      6D6500
 1793              	.LASF52:
 1794 0336 56544C69 		.ascii	"VTList\000"
 1794      737400
 1795              	.LASF58:
 1796 033d 725F7072 		.ascii	"r_preempt\000"
 1796      65656D70 
 1796      7400
 1797              	.LASF63:
 1798 0347 6D5F6F77 		.ascii	"m_owner\000"
 1798      6E657200 
 1799              	.LASF24:
 1800 034f 705F6374 		.ascii	"p_ctx\000"
 1800      7800
 1801              	.LASF32:
 1802 0355 705F7761 		.ascii	"p_waiting\000"
 1802      6974696E 
 1802      6700
 1803              		.ident	"GCC: (Sourcery G++ Lite 2011.03-42) 4.5.2"
ARM GAS  /tmp/ccwKgRYt.s 			page 37


DEFINED SYMBOLS
                            *ABS*:00000000 chsys.c
     /tmp/ccwKgRYt.s:28     .bss._idle_thread_wa:00000000 _idle_thread_wa
     /tmp/ccwKgRYt.s:25     .bss._idle_thread_wa:00000000 $d
     /tmp/ccwKgRYt.s:31     .rodata:00000000 $d
     /tmp/ccwKgRYt.s:35     .text._idle_thread:00000000 $t
     /tmp/ccwKgRYt.s:41     .text._idle_thread:00000000 _idle_thread
     /tmp/ccwKgRYt.s:64     .text._idle_thread:00000010 $d
     /tmp/ccwKgRYt.s:74     .text.chSysInit:00000000 $t
     /tmp/ccwKgRYt.s:80     .text.chSysInit:00000000 chSysInit
     /tmp/ccwKgRYt.s:149    .text.chSysInit:0000006c $d
     /tmp/ccwKgRYt.s:267    .bss.mainthread.4646:00000000 mainthread.4646
     /tmp/ccwKgRYt.s:159    .text.chSysTimerHandlerI:00000000 $t
     /tmp/ccwKgRYt.s:165    .text.chSysTimerHandlerI:00000000 chSysTimerHandlerI
     /tmp/ccwKgRYt.s:258    .text.chSysTimerHandlerI:00000088 $d
     /tmp/ccwKgRYt.s:264    .bss.mainthread.4646:00000000 $d
                     .debug_frame:00000010 $d
     /tmp/ccwKgRYt.s:69     .text._idle_thread:00000018 $t
     /tmp/ccwKgRYt.s:158    .text.chSysInit:00000084 $t

UNDEFINED SYMBOLS
rlist
_port_init
_scheduler_init
_vt_init
_core_init
_trace_init
_thread_init
dbg_check_enable
chThdCreateStatic
__main_thread_stack_base__
chDbgCheckClassI
vtlist
