ARM GAS  C:\Users\z80\AppData\Local\Temp\cc4lFidq.s 			page 1


   1              		.syntax unified
   2              		.cpu cortex-m3
   3              		.fpu softvfp
   4              		.eabi_attribute 20, 1
   5              		.eabi_attribute 21, 1
   6              		.eabi_attribute 23, 3
   7              		.eabi_attribute 24, 1
   8              		.eabi_attribute 25, 1
   9              		.eabi_attribute 26, 1
  10              		.eabi_attribute 30, 6
  11              		.eabi_attribute 18, 4
  12              		.thumb
  13              		.file	"chvt.c"
  14              		.section	.debug_abbrev,"",%progbits
  15              	.Ldebug_abbrev0:
  16              		.section	.debug_info,"",%progbits
  17              	.Ldebug_info0:
  18              		.section	.debug_line,"",%progbits
  19              	.Ldebug_line0:
  20 0000 93010000 		.text
  20      0200E300 
  20      00000201 
  20      FB0E0D00 
  20      01010101 
  21              	.Ltext0:
  22              		.cfi_sections	.debug_frame
  23              		.global	vtlist
  24              		.section	.bss.vtlist,"aw",%nobits
  25              		.align	2
  26              		.type	vtlist, %object
  27              		.size	vtlist, 16
  28              	vtlist:
  29 0000 00000000 		.space	16
  29      00000000 
  29      00000000 
  29      00000000 
  30              		.section	.text._vt_init,"ax",%progbits
  31              		.align	2
  32              		.p2align 4,,15
  33              		.global	_vt_init
  34              		.thumb
  35              		.thumb_func
  36              		.type	_vt_init, %function
  37              	_vt_init:
  38              	.LFB7:
  39              		.file 1 "../chibios_2.4.x/os/kernel/src/chvt.c"
  40              		.loc 1 50 0
  41              		.cfi_startproc
  42              		@ args = 0, pretend = 0, frame = 0
  43              		@ frame_needed = 0, uses_anonymous_args = 0
  44              		@ link register save eliminated.
  45              		.loc 1 52 0
  46 0000 40F20002 		movw	r2, #:lower16:vtlist
  47 0004 C0F20002 		movt	r2, #:upper16:vtlist
  48 0008 40F20003 		movw	r3, #:lower16:vtlist
  49 000c C0F20003 		movt	r3, #:upper16:vtlist
  50 0010 5A60     		str	r2, [r3, #4]
ARM GAS  C:\Users\z80\AppData\Local\Temp\cc4lFidq.s 			page 2


  51 0012 40F20003 		movw	r3, #:lower16:vtlist
  52 0016 C0F20003 		movt	r3, #:upper16:vtlist
  53 001a 5A68     		ldr	r2, [r3, #4]
  54 001c 40F20003 		movw	r3, #:lower16:vtlist
  55 0020 C0F20003 		movt	r3, #:upper16:vtlist
  56 0024 1A60     		str	r2, [r3, #0]
  57              		.loc 1 53 0
  58 0026 40F20003 		movw	r3, #:lower16:vtlist
  59 002a C0F20003 		movt	r3, #:upper16:vtlist
  60 002e 4FF0FF32 		mov	r2, #-1
  61 0032 9A60     		str	r2, [r3, #8]
  62              		.loc 1 54 0
  63 0034 40F20003 		movw	r3, #:lower16:vtlist
  64 0038 C0F20003 		movt	r3, #:upper16:vtlist
  65 003c 4FF00002 		mov	r2, #0
  66 0040 DA60     		str	r2, [r3, #12]
  67              		.loc 1 55 0
  68 0042 7047     		bx	lr
  69              		.cfi_endproc
  70              	.LFE7:
  71              		.size	_vt_init, .-_vt_init
  72 0044 AFF30080 		.section	.rodata
  72      AFF30080 
  72      AFF30080 
  73              		.align	2
  74              	.LC0:
  75 0000 22636856 		.ascii	"\"chVTSetI\"()\000"
  75      54536574 
  75      49222829 
  75      00
  76              		.section	.text.chVTSetI,"ax",%progbits
  77              		.align	2
  78              		.p2align 4,,15
  79              		.global	chVTSetI
  80              		.thumb
  81              		.thumb_func
  82              		.type	chVTSetI, %function
  83              	chVTSetI:
  84              	.LFB8:
  85              		.loc 1 77 0
  86              		.cfi_startproc
  87              		@ args = 0, pretend = 0, frame = 24
  88              		@ frame_needed = 0, uses_anonymous_args = 0
  89 0000 00B5     		push	{lr}
  90              	.LCFI0:
  91              		.cfi_def_cfa_offset 4
  92 0002 87B0     		sub	sp, sp, #28
  93              	.LCFI1:
  94              		.cfi_def_cfa_offset 32
  95 0004 0390     		str	r0, [sp, #12]
  96 0006 0291     		str	r1, [sp, #8]
  97 0008 0192     		str	r2, [sp, #4]
  98 000a 0093     		str	r3, [sp, #0]
  99              		.loc 1 80 0
 100              		.cfi_offset 14, -4
 101 000c FFF7FEFF 		bl	chDbgCheckClassI
 102              		.loc 1 81 0
ARM GAS  C:\Users\z80\AppData\Local\Temp\cc4lFidq.s 			page 3


 103 0010 039B     		ldr	r3, [sp, #12]
 104 0012 002B     		cmp	r3, #0
 105 0014 05D0     		beq	.L3
 106              		.loc 1 81 0 is_stmt 0 discriminator 2
 107 0016 019B     		ldr	r3, [sp, #4]
 108 0018 002B     		cmp	r3, #0
 109 001a 02D0     		beq	.L3
 110              		.loc 1 81 0 discriminator 3
 111 001c 029B     		ldr	r3, [sp, #8]
 112 001e 002B     		cmp	r3, #0
 113 0020 05D1     		bne	.L4
 114              	.L3:
 115              		.loc 1 81 0 discriminator 1
 116 0022 40F20000 		movw	r0, #:lower16:.LC0
 117 0026 C0F20000 		movt	r0, #:upper16:.LC0
 118 002a FFF7FEFF 		bl	chDbgPanic
 119              	.L4:
 120              		.loc 1 84 0 is_stmt 1
 121 002e 039B     		ldr	r3, [sp, #12]
 122 0030 009A     		ldr	r2, [sp, #0]
 123 0032 1A61     		str	r2, [r3, #16]
 124              		.loc 1 85 0
 125 0034 039B     		ldr	r3, [sp, #12]
 126 0036 019A     		ldr	r2, [sp, #4]
 127 0038 DA60     		str	r2, [r3, #12]
 128              		.loc 1 86 0
 129 003a 40F20003 		movw	r3, #:lower16:vtlist
 130 003e C0F20003 		movt	r3, #:upper16:vtlist
 131 0042 1B68     		ldr	r3, [r3, #0]
 132 0044 0593     		str	r3, [sp, #20]
 133              		.loc 1 87 0
 134 0046 08E0     		b	.L5
 135              	.L6:
 136              		.loc 1 88 0
 137 0048 059B     		ldr	r3, [sp, #20]
 138 004a 9B68     		ldr	r3, [r3, #8]
 139 004c 029A     		ldr	r2, [sp, #8]
 140 004e C3EB0203 		rsb	r3, r3, r2
 141 0052 0293     		str	r3, [sp, #8]
 142              		.loc 1 89 0
 143 0054 059B     		ldr	r3, [sp, #20]
 144 0056 1B68     		ldr	r3, [r3, #0]
 145 0058 0593     		str	r3, [sp, #20]
 146              	.L5:
 147              		.loc 1 87 0 discriminator 1
 148 005a 059B     		ldr	r3, [sp, #20]
 149 005c 9A68     		ldr	r2, [r3, #8]
 150 005e 029B     		ldr	r3, [sp, #8]
 151 0060 9A42     		cmp	r2, r3
 152 0062 F1D3     		bcc	.L6
 153              		.loc 1 92 0
 154 0064 039B     		ldr	r3, [sp, #12]
 155 0066 059A     		ldr	r2, [sp, #20]
 156 0068 1A60     		str	r2, [r3, #0]
 157 006a 039B     		ldr	r3, [sp, #12]
 158 006c 1B68     		ldr	r3, [r3, #0]
 159 006e 5A68     		ldr	r2, [r3, #4]
ARM GAS  C:\Users\z80\AppData\Local\Temp\cc4lFidq.s 			page 4


 160 0070 039B     		ldr	r3, [sp, #12]
 161 0072 5A60     		str	r2, [r3, #4]
 162              		.loc 1 93 0
 163 0074 039B     		ldr	r3, [sp, #12]
 164 0076 5B68     		ldr	r3, [r3, #4]
 165 0078 059A     		ldr	r2, [sp, #20]
 166 007a 0399     		ldr	r1, [sp, #12]
 167 007c 5160     		str	r1, [r2, #4]
 168 007e 059A     		ldr	r2, [sp, #20]
 169 0080 5268     		ldr	r2, [r2, #4]
 170 0082 1A60     		str	r2, [r3, #0]
 171              		.loc 1 94 0
 172 0084 039B     		ldr	r3, [sp, #12]
 173 0086 029A     		ldr	r2, [sp, #8]
 174 0088 9A60     		str	r2, [r3, #8]
 175              		.loc 1 95 0
 176 008a 059A     		ldr	r2, [sp, #20]
 177 008c 40F20003 		movw	r3, #:lower16:vtlist
 178 0090 C0F20003 		movt	r3, #:upper16:vtlist
 179 0094 9A42     		cmp	r2, r3
 180 0096 06D0     		beq	.L2
 181              		.loc 1 96 0
 182 0098 059B     		ldr	r3, [sp, #20]
 183 009a 9A68     		ldr	r2, [r3, #8]
 184 009c 029B     		ldr	r3, [sp, #8]
 185 009e C3EB0202 		rsb	r2, r3, r2
 186 00a2 059B     		ldr	r3, [sp, #20]
 187 00a4 9A60     		str	r2, [r3, #8]
 188              	.L2:
 189              		.loc 1 97 0
 190 00a6 07B0     		add	sp, sp, #28
 191 00a8 00BD     		pop	{pc}
 192              		.cfi_endproc
 193              	.LFE8:
 194              		.size	chVTSetI, .-chVTSetI
 195 00aa 00BFAFF3 		.section	.rodata
 195      0080
 196 000d 000000   		.align	2
 197              	.LC1:
 198 0010 22636856 		.ascii	"\"chVTResetI\"()\000"
 198      54526573 
 198      65744922 
 198      282900
 199 001f 00       		.align	2
 200              	.LC2:
 201 0020 63685654 		.ascii	"chVTResetI(), #1\000"
 201      52657365 
 201      74492829 
 201      2C202331 
 201      00
 202 0031 000000   		.section	.text.chVTResetI,"ax",%progbits
 203              		.align	2
 204              		.p2align 4,,15
 205              		.global	chVTResetI
 206              		.thumb
 207              		.thumb_func
 208              		.type	chVTResetI, %function
ARM GAS  C:\Users\z80\AppData\Local\Temp\cc4lFidq.s 			page 5


 209              	chVTResetI:
 210              	.LFB9:
 211              		.loc 1 107 0
 212              		.cfi_startproc
 213              		@ args = 0, pretend = 0, frame = 8
 214              		@ frame_needed = 0, uses_anonymous_args = 0
 215 0000 00B5     		push	{lr}
 216              	.LCFI2:
 217              		.cfi_def_cfa_offset 4
 218 0002 83B0     		sub	sp, sp, #12
 219              	.LCFI3:
 220              		.cfi_def_cfa_offset 16
 221 0004 0190     		str	r0, [sp, #4]
 222              		.loc 1 109 0
 223              		.cfi_offset 14, -4
 224 0006 FFF7FEFF 		bl	chDbgCheckClassI
 225              		.loc 1 110 0
 226 000a 019B     		ldr	r3, [sp, #4]
 227 000c 002B     		cmp	r3, #0
 228 000e 05D1     		bne	.L9
 229              		.loc 1 110 0 is_stmt 0 discriminator 1
 230 0010 40F20000 		movw	r0, #:lower16:.LC1
 231 0014 C0F20000 		movt	r0, #:upper16:.LC1
 232 0018 FFF7FEFF 		bl	chDbgPanic
 233              	.L9:
 234              		.loc 1 111 0 is_stmt 1
 235 001c 019B     		ldr	r3, [sp, #4]
 236 001e DB68     		ldr	r3, [r3, #12]
 237 0020 002B     		cmp	r3, #0
 238 0022 05D1     		bne	.L10
 239              		.loc 1 111 0 is_stmt 0 discriminator 1
 240 0024 40F20000 		movw	r0, #:lower16:.LC2
 241 0028 C0F20000 		movt	r0, #:upper16:.LC2
 242 002c FFF7FEFF 		bl	chDbgPanic
 243              	.L10:
 244              		.loc 1 115 0 is_stmt 1
 245 0030 019B     		ldr	r3, [sp, #4]
 246 0032 1A68     		ldr	r2, [r3, #0]
 247 0034 40F20003 		movw	r3, #:lower16:vtlist
 248 0038 C0F20003 		movt	r3, #:upper16:vtlist
 249 003c 9A42     		cmp	r2, r3
 250 003e 08D0     		beq	.L11
 251              		.loc 1 116 0
 252 0040 019B     		ldr	r3, [sp, #4]
 253 0042 1B68     		ldr	r3, [r3, #0]
 254 0044 019A     		ldr	r2, [sp, #4]
 255 0046 1268     		ldr	r2, [r2, #0]
 256 0048 9168     		ldr	r1, [r2, #8]
 257 004a 019A     		ldr	r2, [sp, #4]
 258 004c 9268     		ldr	r2, [r2, #8]
 259 004e 0A44     		add	r2, r1, r2
 260 0050 9A60     		str	r2, [r3, #8]
 261              	.L11:
 262              		.loc 1 117 0
 263 0052 019B     		ldr	r3, [sp, #4]
 264 0054 5B68     		ldr	r3, [r3, #4]
 265 0056 019A     		ldr	r2, [sp, #4]
ARM GAS  C:\Users\z80\AppData\Local\Temp\cc4lFidq.s 			page 6


 266 0058 1268     		ldr	r2, [r2, #0]
 267 005a 1A60     		str	r2, [r3, #0]
 268              		.loc 1 118 0
 269 005c 019B     		ldr	r3, [sp, #4]
 270 005e 1B68     		ldr	r3, [r3, #0]
 271 0060 019A     		ldr	r2, [sp, #4]
 272 0062 5268     		ldr	r2, [r2, #4]
 273 0064 5A60     		str	r2, [r3, #4]
 274              		.loc 1 119 0
 275 0066 019B     		ldr	r3, [sp, #4]
 276 0068 4FF00002 		mov	r2, #0
 277 006c DA60     		str	r2, [r3, #12]
 278              		.loc 1 120 0
 279 006e 03B0     		add	sp, sp, #12
 280 0070 00BD     		pop	{pc}
 281              		.cfi_endproc
 282              	.LFE9:
 283              		.size	chVTResetI, .-chVTResetI
 284 0072 00BFAFF3 		.section	.text.chTimeIsWithin,"ax",%progbits
 284      0080AFF3 
 284      0080AFF3 
 284      0080
 285              		.align	2
 286              		.p2align 4,,15
 287              		.global	chTimeIsWithin
 288              		.thumb
 289              		.thumb_func
 290              		.type	chTimeIsWithin, %function
 291              	chTimeIsWithin:
 292              	.LFB10:
 293              		.loc 1 135 0
 294              		.cfi_startproc
 295              		@ args = 0, pretend = 0, frame = 16
 296              		@ frame_needed = 0, uses_anonymous_args = 0
 297              		@ link register save eliminated.
 298 0000 84B0     		sub	sp, sp, #16
 299              	.LCFI4:
 300              		.cfi_def_cfa_offset 16
 301 0002 0190     		str	r0, [sp, #4]
 302 0004 0091     		str	r1, [sp, #0]
 303              		.loc 1 137 0
 304 0006 40F20003 		movw	r3, #:lower16:vtlist
 305 000a C0F20003 		movt	r3, #:upper16:vtlist
 306 000e DB68     		ldr	r3, [r3, #12]
 307 0010 0393     		str	r3, [sp, #12]
 308              		.loc 1 138 0
 309 0012 009A     		ldr	r2, [sp, #0]
 310 0014 019B     		ldr	r3, [sp, #4]
 311 0016 9A42     		cmp	r2, r3
 312 0018 0DD9     		bls	.L13
 313              		.loc 1 138 0 is_stmt 0 discriminator 1
 314 001a 039A     		ldr	r2, [sp, #12]
 315 001c 019B     		ldr	r3, [sp, #4]
 316 001e 9A42     		cmp	r2, r3
 317 0020 06D3     		bcc	.L14
 318              		.loc 1 138 0 discriminator 3
 319 0022 039A     		ldr	r2, [sp, #12]
ARM GAS  C:\Users\z80\AppData\Local\Temp\cc4lFidq.s 			page 7


 320 0024 009B     		ldr	r3, [sp, #0]
 321 0026 9A42     		cmp	r2, r3
 322 0028 02D2     		bcs	.L14
 323              		.loc 1 138 0 discriminator 1
 324 002a 4FF00103 		mov	r3, #1
 325 002e 01E0     		b	.L15
 326              	.L14:
 327              		.loc 1 138 0 discriminator 4
 328 0030 4FF00003 		mov	r3, #0
 329              	.L15:
 330 0034 0CE0     		b	.L16
 331              	.L13:
 332              		.loc 1 138 0 discriminator 2
 333 0036 039A     		ldr	r2, [sp, #12]
 334 0038 019B     		ldr	r3, [sp, #4]
 335 003a 9A42     		cmp	r2, r3
 336 003c 03D2     		bcs	.L17
 337              		.loc 1 139 0 is_stmt 1
 338 003e 039A     		ldr	r2, [sp, #12]
 339 0040 009B     		ldr	r3, [sp, #0]
 340 0042 9A42     		cmp	r2, r3
 341 0044 02D2     		bcs	.L18
 342              	.L17:
 343              		.loc 1 138 0 discriminator 6
 344 0046 4FF00103 		mov	r3, #1
 345 004a 01E0     		b	.L19
 346              	.L18:
 347              		.loc 1 138 0 is_stmt 0
 348 004c 4FF00003 		mov	r3, #0
 349              	.L19:
 350              	.L16:
 351              		.loc 1 140 0 is_stmt 1 discriminator 8
 352 0050 1846     		mov	r0, r3
 353 0052 04B0     		add	sp, sp, #16
 354 0054 7047     		bx	lr
 355              		.cfi_endproc
 356              	.LFE10:
 357              		.size	chTimeIsWithin, .-chTimeIsWithin
 358 0056 00BFAFF3 		.text
 358      0080AFF3 
 358      0080
 359              	.Letext0:
 360              		.section	.debug_loc,"",%progbits
 361              	.Ldebug_loc0:
 362              	.LLST0:
 363 0000 00000000 		.4byte	.LFB8
 364 0004 02000000 		.4byte	.LCFI0
 365 0008 0200     		.2byte	0x2
 366 000a 7D       		.byte	0x7d
 367 000b 00       		.sleb128 0
 368 000c 02000000 		.4byte	.LCFI0
 369 0010 04000000 		.4byte	.LCFI1
 370 0014 0200     		.2byte	0x2
 371 0016 7D       		.byte	0x7d
 372 0017 04       		.sleb128 4
 373 0018 04000000 		.4byte	.LCFI1
 374 001c AA000000 		.4byte	.LFE8
ARM GAS  C:\Users\z80\AppData\Local\Temp\cc4lFidq.s 			page 8


 375 0020 0200     		.2byte	0x2
 376 0022 7D       		.byte	0x7d
 377 0023 20       		.sleb128 32
 378 0024 00000000 		.4byte	0x0
 379 0028 00000000 		.4byte	0x0
 380              	.LLST1:
 381 002c 00000000 		.4byte	.LFB9
 382 0030 02000000 		.4byte	.LCFI2
 383 0034 0200     		.2byte	0x2
 384 0036 7D       		.byte	0x7d
 385 0037 00       		.sleb128 0
 386 0038 02000000 		.4byte	.LCFI2
 387 003c 04000000 		.4byte	.LCFI3
 388 0040 0200     		.2byte	0x2
 389 0042 7D       		.byte	0x7d
 390 0043 04       		.sleb128 4
 391 0044 04000000 		.4byte	.LCFI3
 392 0048 72000000 		.4byte	.LFE9
 393 004c 0200     		.2byte	0x2
 394 004e 7D       		.byte	0x7d
 395 004f 10       		.sleb128 16
 396 0050 00000000 		.4byte	0x0
 397 0054 00000000 		.4byte	0x0
 398              	.LLST2:
 399 0058 00000000 		.4byte	.LFB10
 400 005c 02000000 		.4byte	.LCFI4
 401 0060 0200     		.2byte	0x2
 402 0062 7D       		.byte	0x7d
 403 0063 00       		.sleb128 0
 404 0064 02000000 		.4byte	.LCFI4
 405 0068 56000000 		.4byte	.LFE10
 406 006c 0200     		.2byte	0x2
 407 006e 7D       		.byte	0x7d
 408 006f 10       		.sleb128 16
 409 0070 00000000 		.4byte	0x0
 410 0074 00000000 		.4byte	0x0
 411              		.file 2 "c:/programs/yagarto/lib/gcc/../../arm-none-eabi/sys-include/stdint.h"
 412              		.file 3 "../chibios_2.4.x/os/ports/GCC/ARMCMx/chtypes.h"
 413              		.file 4 "../chibios_2.4.x/os/kernel/include/chvt.h"
 414              		.section	.debug_info
 415 0000 77020000 		.4byte	0x277
 416 0004 0200     		.2byte	0x2
 417 0006 00000000 		.4byte	.Ldebug_abbrev0
 418 000a 04       		.byte	0x4
 419 000b 01       		.uleb128 0x1
 420 000c 09000000 		.4byte	.LASF29
 421 0010 01       		.byte	0x1
 422 0011 2C000000 		.4byte	.LASF30
 423 0015 31010000 		.4byte	.LASF31
 424 0019 00000000 		.4byte	0x0
 425 001d 00000000 		.4byte	0x0
 426 0021 00000000 		.4byte	.Ldebug_ranges0+0x0
 427 0025 00000000 		.4byte	.Ldebug_line0
 428 0029 02       		.uleb128 0x2
 429 002a 04       		.byte	0x4
 430 002b 05       		.byte	0x5
 431 002c 696E7400 		.ascii	"int\000"
ARM GAS  C:\Users\z80\AppData\Local\Temp\cc4lFidq.s 			page 9


 432 0030 03       		.uleb128 0x3
 433 0031 04       		.byte	0x4
 434 0032 07       		.byte	0x7
 435 0033 A4000000 		.4byte	.LASF0
 436 0037 03       		.uleb128 0x3
 437 0038 01       		.byte	0x1
 438 0039 06       		.byte	0x6
 439 003a 76010000 		.4byte	.LASF1
 440 003e 03       		.uleb128 0x3
 441 003f 01       		.byte	0x1
 442 0040 08       		.byte	0x8
 443 0041 8D000000 		.4byte	.LASF2
 444 0045 03       		.uleb128 0x3
 445 0046 02       		.byte	0x2
 446 0047 05       		.byte	0x5
 447 0048 18010000 		.4byte	.LASF3
 448 004c 03       		.uleb128 0x3
 449 004d 02       		.byte	0x2
 450 004e 07       		.byte	0x7
 451 004f 6D000000 		.4byte	.LASF4
 452 0053 04       		.uleb128 0x4
 453 0054 DC000000 		.4byte	.LASF6
 454 0058 02       		.byte	0x2
 455 0059 4F       		.byte	0x4f
 456 005a 5E000000 		.4byte	0x5e
 457 005e 03       		.uleb128 0x3
 458 005f 04       		.byte	0x4
 459 0060 05       		.byte	0x5
 460 0061 6D010000 		.4byte	.LASF5
 461 0065 04       		.uleb128 0x4
 462 0066 64010000 		.4byte	.LASF7
 463 006a 02       		.byte	0x2
 464 006b 50       		.byte	0x50
 465 006c 70000000 		.4byte	0x70
 466 0070 03       		.uleb128 0x3
 467 0071 04       		.byte	0x4
 468 0072 07       		.byte	0x7
 469 0073 5B000000 		.4byte	.LASF8
 470 0077 03       		.uleb128 0x3
 471 0078 08       		.byte	0x8
 472 0079 05       		.byte	0x5
 473 007a EF000000 		.4byte	.LASF9
 474 007e 03       		.uleb128 0x3
 475 007f 08       		.byte	0x8
 476 0080 07       		.byte	0x7
 477 0081 B1000000 		.4byte	.LASF10
 478 0085 04       		.uleb128 0x4
 479 0086 25000000 		.4byte	.LASF11
 480 008a 03       		.byte	0x3
 481 008b 2E       		.byte	0x2e
 482 008c 53000000 		.4byte	0x53
 483 0090 04       		.uleb128 0x4
 484 0091 15000000 		.4byte	.LASF12
 485 0095 03       		.byte	0x3
 486 0096 36       		.byte	0x36
 487 0097 65000000 		.4byte	0x65
 488 009b 05       		.uleb128 0x5
ARM GAS  C:\Users\z80\AppData\Local\Temp\cc4lFidq.s 			page 10


 489 009c 04       		.byte	0x4
 490 009d 06       		.uleb128 0x6
 491 009e 04       		.byte	0x4
 492 009f 07       		.byte	0x7
 493 00a0 04       		.uleb128 0x4
 494 00a1 52000000 		.4byte	.LASF13
 495 00a5 04       		.byte	0x4
 496 00a6 53       		.byte	0x53
 497 00a7 AB000000 		.4byte	0xab
 498 00ab 07       		.uleb128 0x7
 499 00ac 04       		.byte	0x4
 500 00ad B1000000 		.4byte	0xb1
 501 00b1 08       		.uleb128 0x8
 502 00b2 01       		.byte	0x1
 503 00b3 BD000000 		.4byte	0xbd
 504 00b7 09       		.uleb128 0x9
 505 00b8 9B000000 		.4byte	0x9b
 506 00bc 00       		.byte	0x0
 507 00bd 04       		.uleb128 0x4
 508 00be 80000000 		.4byte	.LASF14
 509 00c2 04       		.byte	0x4
 510 00c3 58       		.byte	0x58
 511 00c4 C8000000 		.4byte	0xc8
 512 00c8 0A       		.uleb128 0xa
 513 00c9 80000000 		.4byte	.LASF14
 514 00cd 14       		.byte	0x14
 515 00ce 04       		.byte	0x4
 516 00cf 5F       		.byte	0x5f
 517 00d0 1B010000 		.4byte	0x11b
 518 00d4 0B       		.uleb128 0xb
 519 00d5 89010000 		.4byte	.LASF15
 520 00d9 04       		.byte	0x4
 521 00da 60       		.byte	0x60
 522 00db 1B010000 		.4byte	0x11b
 523 00df 02       		.byte	0x2
 524 00e0 23       		.byte	0x23
 525 00e1 00       		.uleb128 0x0
 526 00e2 0B       		.uleb128 0xb
 527 00e3 5C010000 		.4byte	.LASF16
 528 00e7 04       		.byte	0x4
 529 00e8 62       		.byte	0x62
 530 00e9 1B010000 		.4byte	0x11b
 531 00ed 02       		.byte	0x2
 532 00ee 23       		.byte	0x23
 533 00ef 04       		.uleb128 0x4
 534 00f0 0B       		.uleb128 0xb
 535 00f1 D4000000 		.4byte	.LASF17
 536 00f5 04       		.byte	0x4
 537 00f6 64       		.byte	0x64
 538 00f7 90000000 		.4byte	0x90
 539 00fb 02       		.byte	0x2
 540 00fc 23       		.byte	0x23
 541 00fd 08       		.uleb128 0x8
 542 00fe 0B       		.uleb128 0xb
 543 00ff FD000000 		.4byte	.LASF18
 544 0103 04       		.byte	0x4
 545 0104 65       		.byte	0x65
ARM GAS  C:\Users\z80\AppData\Local\Temp\cc4lFidq.s 			page 11


 546 0105 A0000000 		.4byte	0xa0
 547 0109 02       		.byte	0x2
 548 010a 23       		.byte	0x23
 549 010b 0C       		.uleb128 0xc
 550 010c 0B       		.uleb128 0xb
 551 010d 11010000 		.4byte	.LASF19
 552 0111 04       		.byte	0x4
 553 0112 67       		.byte	0x67
 554 0113 9B000000 		.4byte	0x9b
 555 0117 02       		.byte	0x2
 556 0118 23       		.byte	0x23
 557 0119 10       		.uleb128 0x10
 558 011a 00       		.byte	0x0
 559 011b 07       		.uleb128 0x7
 560 011c 04       		.byte	0x4
 561 011d BD000000 		.4byte	0xbd
 562 0121 0C       		.uleb128 0xc
 563 0122 10       		.byte	0x10
 564 0123 04       		.byte	0x4
 565 0124 71       		.byte	0x71
 566 0125 62010000 		.4byte	0x162
 567 0129 0B       		.uleb128 0xb
 568 012a 89010000 		.4byte	.LASF15
 569 012e 04       		.byte	0x4
 570 012f 72       		.byte	0x72
 571 0130 1B010000 		.4byte	0x11b
 572 0134 02       		.byte	0x2
 573 0135 23       		.byte	0x23
 574 0136 00       		.uleb128 0x0
 575 0137 0B       		.uleb128 0xb
 576 0138 5C010000 		.4byte	.LASF16
 577 013c 04       		.byte	0x4
 578 013d 74       		.byte	0x74
 579 013e 1B010000 		.4byte	0x11b
 580 0142 02       		.byte	0x2
 581 0143 23       		.byte	0x23
 582 0144 04       		.uleb128 0x4
 583 0145 0B       		.uleb128 0xb
 584 0146 D4000000 		.4byte	.LASF17
 585 014a 04       		.byte	0x4
 586 014b 76       		.byte	0x76
 587 014c 90000000 		.4byte	0x90
 588 0150 02       		.byte	0x2
 589 0151 23       		.byte	0x23
 590 0152 08       		.uleb128 0x8
 591 0153 0B       		.uleb128 0xb
 592 0154 E4000000 		.4byte	.LASF20
 593 0158 04       		.byte	0x4
 594 0159 77       		.byte	0x77
 595 015a 62010000 		.4byte	0x162
 596 015e 02       		.byte	0x2
 597 015f 23       		.byte	0x23
 598 0160 0C       		.uleb128 0xc
 599 0161 00       		.byte	0x0
 600 0162 0D       		.uleb128 0xd
 601 0163 90000000 		.4byte	0x90
 602 0167 04       		.uleb128 0x4
ARM GAS  C:\Users\z80\AppData\Local\Temp\cc4lFidq.s 			page 12


 603 0168 82010000 		.4byte	.LASF21
 604 016c 04       		.byte	0x4
 605 016d 78       		.byte	0x78
 606 016e 21010000 		.4byte	0x121
 607 0172 03       		.uleb128 0x3
 608 0173 01       		.byte	0x1
 609 0174 08       		.byte	0x8
 610 0175 0C010000 		.4byte	.LASF22
 611 0179 0E       		.uleb128 0xe
 612 017a 01       		.byte	0x1
 613 017b 9B000000 		.4byte	.LASF32
 614 017f 01       		.byte	0x1
 615 0180 32       		.byte	0x32
 616 0181 01       		.byte	0x1
 617 0182 00000000 		.4byte	.LFB7
 618 0186 44000000 		.4byte	.LFE7
 619 018a 02       		.byte	0x2
 620 018b 7D       		.byte	0x7d
 621 018c 00       		.sleb128 0
 622 018d 0F       		.uleb128 0xf
 623 018e 01       		.byte	0x1
 624 018f 00000000 		.4byte	.LASF25
 625 0193 01       		.byte	0x1
 626 0194 4D       		.byte	0x4d
 627 0195 01       		.byte	0x1
 628 0196 00000000 		.4byte	.LFB8
 629 019a AA000000 		.4byte	.LFE8
 630 019e 00000000 		.4byte	.LLST0
 631 01a2 EB010000 		.4byte	0x1eb
 632 01a6 10       		.uleb128 0x10
 633 01a7 76747000 		.ascii	"vtp\000"
 634 01ab 01       		.byte	0x1
 635 01ac 4D       		.byte	0x4d
 636 01ad 1B010000 		.4byte	0x11b
 637 01b1 02       		.byte	0x2
 638 01b2 91       		.byte	0x91
 639 01b3 6C       		.sleb128 -20
 640 01b4 11       		.uleb128 0x11
 641 01b5 CF000000 		.4byte	.LASF23
 642 01b9 01       		.byte	0x1
 643 01ba 4D       		.byte	0x4d
 644 01bb 90000000 		.4byte	0x90
 645 01bf 02       		.byte	0x2
 646 01c0 91       		.byte	0x91
 647 01c1 68       		.sleb128 -24
 648 01c2 11       		.uleb128 0x11
 649 01c3 05010000 		.4byte	.LASF24
 650 01c7 01       		.byte	0x1
 651 01c8 4D       		.byte	0x4d
 652 01c9 A0000000 		.4byte	0xa0
 653 01cd 02       		.byte	0x2
 654 01ce 91       		.byte	0x91
 655 01cf 64       		.sleb128 -28
 656 01d0 10       		.uleb128 0x10
 657 01d1 70617200 		.ascii	"par\000"
 658 01d5 01       		.byte	0x1
 659 01d6 4D       		.byte	0x4d
ARM GAS  C:\Users\z80\AppData\Local\Temp\cc4lFidq.s 			page 13


 660 01d7 9B000000 		.4byte	0x9b
 661 01db 02       		.byte	0x2
 662 01dc 91       		.byte	0x91
 663 01dd 60       		.sleb128 -32
 664 01de 12       		.uleb128 0x12
 665 01df 7000     		.ascii	"p\000"
 666 01e1 01       		.byte	0x1
 667 01e2 4E       		.byte	0x4e
 668 01e3 1B010000 		.4byte	0x11b
 669 01e7 02       		.byte	0x2
 670 01e8 91       		.byte	0x91
 671 01e9 74       		.sleb128 -12
 672 01ea 00       		.byte	0x0
 673 01eb 0F       		.uleb128 0xf
 674 01ec 01       		.byte	0x1
 675 01ed 91010000 		.4byte	.LASF26
 676 01f1 01       		.byte	0x1
 677 01f2 6B       		.byte	0x6b
 678 01f3 01       		.byte	0x1
 679 01f4 00000000 		.4byte	.LFB9
 680 01f8 72000000 		.4byte	.LFE9
 681 01fc 2C000000 		.4byte	.LLST1
 682 0200 13020000 		.4byte	0x213
 683 0204 10       		.uleb128 0x10
 684 0205 76747000 		.ascii	"vtp\000"
 685 0209 01       		.byte	0x1
 686 020a 6B       		.byte	0x6b
 687 020b 1B010000 		.4byte	0x11b
 688 020f 02       		.byte	0x2
 689 0210 91       		.byte	0x91
 690 0211 74       		.sleb128 -12
 691 0212 00       		.byte	0x0
 692 0213 13       		.uleb128 0x13
 693 0214 01       		.byte	0x1
 694 0215 22010000 		.4byte	.LASF33
 695 0219 01       		.byte	0x1
 696 021a 87       		.byte	0x87
 697 021b 01       		.byte	0x1
 698 021c 85000000 		.4byte	0x85
 699 0220 00000000 		.4byte	.LFB10
 700 0224 56000000 		.4byte	.LFE10
 701 0228 58000000 		.4byte	.LLST2
 702 022c 5B020000 		.4byte	0x25b
 703 0230 11       		.uleb128 0x11
 704 0231 1F000000 		.4byte	.LASF27
 705 0235 01       		.byte	0x1
 706 0236 87       		.byte	0x87
 707 0237 90000000 		.4byte	0x90
 708 023b 02       		.byte	0x2
 709 023c 91       		.byte	0x91
 710 023d 74       		.sleb128 -12
 711 023e 10       		.uleb128 0x10
 712 023f 656E6400 		.ascii	"end\000"
 713 0243 01       		.byte	0x1
 714 0244 87       		.byte	0x87
 715 0245 90000000 		.4byte	0x90
 716 0249 02       		.byte	0x2
ARM GAS  C:\Users\z80\AppData\Local\Temp\cc4lFidq.s 			page 14


 717 024a 91       		.byte	0x91
 718 024b 70       		.sleb128 -16
 719 024c 14       		.uleb128 0x14
 720 024d CF000000 		.4byte	.LASF23
 721 0251 01       		.byte	0x1
 722 0252 89       		.byte	0x89
 723 0253 90000000 		.4byte	0x90
 724 0257 02       		.byte	0x2
 725 0258 91       		.byte	0x91
 726 0259 7C       		.sleb128 -4
 727 025a 00       		.byte	0x0
 728 025b 15       		.uleb128 0x15
 729 025c C8000000 		.4byte	.LASF28
 730 0260 04       		.byte	0x4
 731 0261 7A       		.byte	0x7a
 732 0262 67010000 		.4byte	0x167
 733 0266 01       		.byte	0x1
 734 0267 01       		.byte	0x1
 735 0268 16       		.uleb128 0x16
 736 0269 C8000000 		.4byte	.LASF28
 737 026d 01       		.byte	0x1
 738 026e 2A       		.byte	0x2a
 739 026f 67010000 		.4byte	0x167
 740 0273 01       		.byte	0x1
 741 0274 05       		.byte	0x5
 742 0275 03       		.byte	0x3
 743 0276 00000000 		.4byte	vtlist
 744 027a 00       		.byte	0x0
 745              		.section	.debug_abbrev
 746 0000 01       		.uleb128 0x1
 747 0001 11       		.uleb128 0x11
 748 0002 01       		.byte	0x1
 749 0003 25       		.uleb128 0x25
 750 0004 0E       		.uleb128 0xe
 751 0005 13       		.uleb128 0x13
 752 0006 0B       		.uleb128 0xb
 753 0007 03       		.uleb128 0x3
 754 0008 0E       		.uleb128 0xe
 755 0009 1B       		.uleb128 0x1b
 756 000a 0E       		.uleb128 0xe
 757 000b 11       		.uleb128 0x11
 758 000c 01       		.uleb128 0x1
 759 000d 52       		.uleb128 0x52
 760 000e 01       		.uleb128 0x1
 761 000f 55       		.uleb128 0x55
 762 0010 06       		.uleb128 0x6
 763 0011 10       		.uleb128 0x10
 764 0012 06       		.uleb128 0x6
 765 0013 00       		.byte	0x0
 766 0014 00       		.byte	0x0
 767 0015 02       		.uleb128 0x2
 768 0016 24       		.uleb128 0x24
 769 0017 00       		.byte	0x0
 770 0018 0B       		.uleb128 0xb
 771 0019 0B       		.uleb128 0xb
 772 001a 3E       		.uleb128 0x3e
 773 001b 0B       		.uleb128 0xb
ARM GAS  C:\Users\z80\AppData\Local\Temp\cc4lFidq.s 			page 15


 774 001c 03       		.uleb128 0x3
 775 001d 08       		.uleb128 0x8
 776 001e 00       		.byte	0x0
 777 001f 00       		.byte	0x0
 778 0020 03       		.uleb128 0x3
 779 0021 24       		.uleb128 0x24
 780 0022 00       		.byte	0x0
 781 0023 0B       		.uleb128 0xb
 782 0024 0B       		.uleb128 0xb
 783 0025 3E       		.uleb128 0x3e
 784 0026 0B       		.uleb128 0xb
 785 0027 03       		.uleb128 0x3
 786 0028 0E       		.uleb128 0xe
 787 0029 00       		.byte	0x0
 788 002a 00       		.byte	0x0
 789 002b 04       		.uleb128 0x4
 790 002c 16       		.uleb128 0x16
 791 002d 00       		.byte	0x0
 792 002e 03       		.uleb128 0x3
 793 002f 0E       		.uleb128 0xe
 794 0030 3A       		.uleb128 0x3a
 795 0031 0B       		.uleb128 0xb
 796 0032 3B       		.uleb128 0x3b
 797 0033 0B       		.uleb128 0xb
 798 0034 49       		.uleb128 0x49
 799 0035 13       		.uleb128 0x13
 800 0036 00       		.byte	0x0
 801 0037 00       		.byte	0x0
 802 0038 05       		.uleb128 0x5
 803 0039 0F       		.uleb128 0xf
 804 003a 00       		.byte	0x0
 805 003b 0B       		.uleb128 0xb
 806 003c 0B       		.uleb128 0xb
 807 003d 00       		.byte	0x0
 808 003e 00       		.byte	0x0
 809 003f 06       		.uleb128 0x6
 810 0040 24       		.uleb128 0x24
 811 0041 00       		.byte	0x0
 812 0042 0B       		.uleb128 0xb
 813 0043 0B       		.uleb128 0xb
 814 0044 3E       		.uleb128 0x3e
 815 0045 0B       		.uleb128 0xb
 816 0046 00       		.byte	0x0
 817 0047 00       		.byte	0x0
 818 0048 07       		.uleb128 0x7
 819 0049 0F       		.uleb128 0xf
 820 004a 00       		.byte	0x0
 821 004b 0B       		.uleb128 0xb
 822 004c 0B       		.uleb128 0xb
 823 004d 49       		.uleb128 0x49
 824 004e 13       		.uleb128 0x13
 825 004f 00       		.byte	0x0
 826 0050 00       		.byte	0x0
 827 0051 08       		.uleb128 0x8
 828 0052 15       		.uleb128 0x15
 829 0053 01       		.byte	0x1
 830 0054 27       		.uleb128 0x27
ARM GAS  C:\Users\z80\AppData\Local\Temp\cc4lFidq.s 			page 16


 831 0055 0C       		.uleb128 0xc
 832 0056 01       		.uleb128 0x1
 833 0057 13       		.uleb128 0x13
 834 0058 00       		.byte	0x0
 835 0059 00       		.byte	0x0
 836 005a 09       		.uleb128 0x9
 837 005b 05       		.uleb128 0x5
 838 005c 00       		.byte	0x0
 839 005d 49       		.uleb128 0x49
 840 005e 13       		.uleb128 0x13
 841 005f 00       		.byte	0x0
 842 0060 00       		.byte	0x0
 843 0061 0A       		.uleb128 0xa
 844 0062 13       		.uleb128 0x13
 845 0063 01       		.byte	0x1
 846 0064 03       		.uleb128 0x3
 847 0065 0E       		.uleb128 0xe
 848 0066 0B       		.uleb128 0xb
 849 0067 0B       		.uleb128 0xb
 850 0068 3A       		.uleb128 0x3a
 851 0069 0B       		.uleb128 0xb
 852 006a 3B       		.uleb128 0x3b
 853 006b 0B       		.uleb128 0xb
 854 006c 01       		.uleb128 0x1
 855 006d 13       		.uleb128 0x13
 856 006e 00       		.byte	0x0
 857 006f 00       		.byte	0x0
 858 0070 0B       		.uleb128 0xb
 859 0071 0D       		.uleb128 0xd
 860 0072 00       		.byte	0x0
 861 0073 03       		.uleb128 0x3
 862 0074 0E       		.uleb128 0xe
 863 0075 3A       		.uleb128 0x3a
 864 0076 0B       		.uleb128 0xb
 865 0077 3B       		.uleb128 0x3b
 866 0078 0B       		.uleb128 0xb
 867 0079 49       		.uleb128 0x49
 868 007a 13       		.uleb128 0x13
 869 007b 38       		.uleb128 0x38
 870 007c 0A       		.uleb128 0xa
 871 007d 00       		.byte	0x0
 872 007e 00       		.byte	0x0
 873 007f 0C       		.uleb128 0xc
 874 0080 13       		.uleb128 0x13
 875 0081 01       		.byte	0x1
 876 0082 0B       		.uleb128 0xb
 877 0083 0B       		.uleb128 0xb
 878 0084 3A       		.uleb128 0x3a
 879 0085 0B       		.uleb128 0xb
 880 0086 3B       		.uleb128 0x3b
 881 0087 0B       		.uleb128 0xb
 882 0088 01       		.uleb128 0x1
 883 0089 13       		.uleb128 0x13
 884 008a 00       		.byte	0x0
 885 008b 00       		.byte	0x0
 886 008c 0D       		.uleb128 0xd
 887 008d 35       		.uleb128 0x35
ARM GAS  C:\Users\z80\AppData\Local\Temp\cc4lFidq.s 			page 17


 888 008e 00       		.byte	0x0
 889 008f 49       		.uleb128 0x49
 890 0090 13       		.uleb128 0x13
 891 0091 00       		.byte	0x0
 892 0092 00       		.byte	0x0
 893 0093 0E       		.uleb128 0xe
 894 0094 2E       		.uleb128 0x2e
 895 0095 00       		.byte	0x0
 896 0096 3F       		.uleb128 0x3f
 897 0097 0C       		.uleb128 0xc
 898 0098 03       		.uleb128 0x3
 899 0099 0E       		.uleb128 0xe
 900 009a 3A       		.uleb128 0x3a
 901 009b 0B       		.uleb128 0xb
 902 009c 3B       		.uleb128 0x3b
 903 009d 0B       		.uleb128 0xb
 904 009e 27       		.uleb128 0x27
 905 009f 0C       		.uleb128 0xc
 906 00a0 11       		.uleb128 0x11
 907 00a1 01       		.uleb128 0x1
 908 00a2 12       		.uleb128 0x12
 909 00a3 01       		.uleb128 0x1
 910 00a4 40       		.uleb128 0x40
 911 00a5 0A       		.uleb128 0xa
 912 00a6 00       		.byte	0x0
 913 00a7 00       		.byte	0x0
 914 00a8 0F       		.uleb128 0xf
 915 00a9 2E       		.uleb128 0x2e
 916 00aa 01       		.byte	0x1
 917 00ab 3F       		.uleb128 0x3f
 918 00ac 0C       		.uleb128 0xc
 919 00ad 03       		.uleb128 0x3
 920 00ae 0E       		.uleb128 0xe
 921 00af 3A       		.uleb128 0x3a
 922 00b0 0B       		.uleb128 0xb
 923 00b1 3B       		.uleb128 0x3b
 924 00b2 0B       		.uleb128 0xb
 925 00b3 27       		.uleb128 0x27
 926 00b4 0C       		.uleb128 0xc
 927 00b5 11       		.uleb128 0x11
 928 00b6 01       		.uleb128 0x1
 929 00b7 12       		.uleb128 0x12
 930 00b8 01       		.uleb128 0x1
 931 00b9 40       		.uleb128 0x40
 932 00ba 06       		.uleb128 0x6
 933 00bb 01       		.uleb128 0x1
 934 00bc 13       		.uleb128 0x13
 935 00bd 00       		.byte	0x0
 936 00be 00       		.byte	0x0
 937 00bf 10       		.uleb128 0x10
 938 00c0 05       		.uleb128 0x5
 939 00c1 00       		.byte	0x0
 940 00c2 03       		.uleb128 0x3
 941 00c3 08       		.uleb128 0x8
 942 00c4 3A       		.uleb128 0x3a
 943 00c5 0B       		.uleb128 0xb
 944 00c6 3B       		.uleb128 0x3b
ARM GAS  C:\Users\z80\AppData\Local\Temp\cc4lFidq.s 			page 18


 945 00c7 0B       		.uleb128 0xb
 946 00c8 49       		.uleb128 0x49
 947 00c9 13       		.uleb128 0x13
 948 00ca 02       		.uleb128 0x2
 949 00cb 0A       		.uleb128 0xa
 950 00cc 00       		.byte	0x0
 951 00cd 00       		.byte	0x0
 952 00ce 11       		.uleb128 0x11
 953 00cf 05       		.uleb128 0x5
 954 00d0 00       		.byte	0x0
 955 00d1 03       		.uleb128 0x3
 956 00d2 0E       		.uleb128 0xe
 957 00d3 3A       		.uleb128 0x3a
 958 00d4 0B       		.uleb128 0xb
 959 00d5 3B       		.uleb128 0x3b
 960 00d6 0B       		.uleb128 0xb
 961 00d7 49       		.uleb128 0x49
 962 00d8 13       		.uleb128 0x13
 963 00d9 02       		.uleb128 0x2
 964 00da 0A       		.uleb128 0xa
 965 00db 00       		.byte	0x0
 966 00dc 00       		.byte	0x0
 967 00dd 12       		.uleb128 0x12
 968 00de 34       		.uleb128 0x34
 969 00df 00       		.byte	0x0
 970 00e0 03       		.uleb128 0x3
 971 00e1 08       		.uleb128 0x8
 972 00e2 3A       		.uleb128 0x3a
 973 00e3 0B       		.uleb128 0xb
 974 00e4 3B       		.uleb128 0x3b
 975 00e5 0B       		.uleb128 0xb
 976 00e6 49       		.uleb128 0x49
 977 00e7 13       		.uleb128 0x13
 978 00e8 02       		.uleb128 0x2
 979 00e9 0A       		.uleb128 0xa
 980 00ea 00       		.byte	0x0
 981 00eb 00       		.byte	0x0
 982 00ec 13       		.uleb128 0x13
 983 00ed 2E       		.uleb128 0x2e
 984 00ee 01       		.byte	0x1
 985 00ef 3F       		.uleb128 0x3f
 986 00f0 0C       		.uleb128 0xc
 987 00f1 03       		.uleb128 0x3
 988 00f2 0E       		.uleb128 0xe
 989 00f3 3A       		.uleb128 0x3a
 990 00f4 0B       		.uleb128 0xb
 991 00f5 3B       		.uleb128 0x3b
 992 00f6 0B       		.uleb128 0xb
 993 00f7 27       		.uleb128 0x27
 994 00f8 0C       		.uleb128 0xc
 995 00f9 49       		.uleb128 0x49
 996 00fa 13       		.uleb128 0x13
 997 00fb 11       		.uleb128 0x11
 998 00fc 01       		.uleb128 0x1
 999 00fd 12       		.uleb128 0x12
 1000 00fe 01       		.uleb128 0x1
 1001 00ff 40       		.uleb128 0x40
ARM GAS  C:\Users\z80\AppData\Local\Temp\cc4lFidq.s 			page 19


 1002 0100 06       		.uleb128 0x6
 1003 0101 01       		.uleb128 0x1
 1004 0102 13       		.uleb128 0x13
 1005 0103 00       		.byte	0x0
 1006 0104 00       		.byte	0x0
 1007 0105 14       		.uleb128 0x14
 1008 0106 34       		.uleb128 0x34
 1009 0107 00       		.byte	0x0
 1010 0108 03       		.uleb128 0x3
 1011 0109 0E       		.uleb128 0xe
 1012 010a 3A       		.uleb128 0x3a
 1013 010b 0B       		.uleb128 0xb
 1014 010c 3B       		.uleb128 0x3b
 1015 010d 0B       		.uleb128 0xb
 1016 010e 49       		.uleb128 0x49
 1017 010f 13       		.uleb128 0x13
 1018 0110 02       		.uleb128 0x2
 1019 0111 0A       		.uleb128 0xa
 1020 0112 00       		.byte	0x0
 1021 0113 00       		.byte	0x0
 1022 0114 15       		.uleb128 0x15
 1023 0115 34       		.uleb128 0x34
 1024 0116 00       		.byte	0x0
 1025 0117 03       		.uleb128 0x3
 1026 0118 0E       		.uleb128 0xe
 1027 0119 3A       		.uleb128 0x3a
 1028 011a 0B       		.uleb128 0xb
 1029 011b 3B       		.uleb128 0x3b
 1030 011c 0B       		.uleb128 0xb
 1031 011d 49       		.uleb128 0x49
 1032 011e 13       		.uleb128 0x13
 1033 011f 3F       		.uleb128 0x3f
 1034 0120 0C       		.uleb128 0xc
 1035 0121 3C       		.uleb128 0x3c
 1036 0122 0C       		.uleb128 0xc
 1037 0123 00       		.byte	0x0
 1038 0124 00       		.byte	0x0
 1039 0125 16       		.uleb128 0x16
 1040 0126 34       		.uleb128 0x34
 1041 0127 00       		.byte	0x0
 1042 0128 03       		.uleb128 0x3
 1043 0129 0E       		.uleb128 0xe
 1044 012a 3A       		.uleb128 0x3a
 1045 012b 0B       		.uleb128 0xb
 1046 012c 3B       		.uleb128 0x3b
 1047 012d 0B       		.uleb128 0xb
 1048 012e 49       		.uleb128 0x49
 1049 012f 13       		.uleb128 0x13
 1050 0130 3F       		.uleb128 0x3f
 1051 0131 0C       		.uleb128 0xc
 1052 0132 02       		.uleb128 0x2
 1053 0133 0A       		.uleb128 0xa
 1054 0134 00       		.byte	0x0
 1055 0135 00       		.byte	0x0
 1056 0136 00       		.byte	0x0
 1057              		.section	.debug_pubnames,"",%progbits
 1058 0000 55000000 		.4byte	0x55
ARM GAS  C:\Users\z80\AppData\Local\Temp\cc4lFidq.s 			page 20


 1059 0004 0200     		.2byte	0x2
 1060 0006 00000000 		.4byte	.Ldebug_info0
 1061 000a 7B020000 		.4byte	0x27b
 1062 000e 79010000 		.4byte	0x179
 1063 0012 5F76745F 		.ascii	"_vt_init\000"
 1063      696E6974 
 1063      00
 1064 001b 8D010000 		.4byte	0x18d
 1065 001f 63685654 		.ascii	"chVTSetI\000"
 1065      53657449 
 1065      00
 1066 0028 EB010000 		.4byte	0x1eb
 1067 002c 63685654 		.ascii	"chVTResetI\000"
 1067      52657365 
 1067      744900
 1068 0037 13020000 		.4byte	0x213
 1069 003b 63685469 		.ascii	"chTimeIsWithin\000"
 1069      6D654973 
 1069      57697468 
 1069      696E00
 1070 004a 68020000 		.4byte	0x268
 1071 004e 76746C69 		.ascii	"vtlist\000"
 1071      737400
 1072 0055 00000000 		.4byte	0x0
 1073              		.section	.debug_pubtypes,"",%progbits
 1074 0000 7A000000 		.4byte	0x7a
 1075 0004 0200     		.2byte	0x2
 1076 0006 00000000 		.4byte	.Ldebug_info0
 1077 000a 7B020000 		.4byte	0x27b
 1078 000e 53000000 		.4byte	0x53
 1079 0012 696E7433 		.ascii	"int32_t\000"
 1079      325F7400 
 1080 001a 65000000 		.4byte	0x65
 1081 001e 75696E74 		.ascii	"uint32_t\000"
 1081      33325F74 
 1081      00
 1082 0027 85000000 		.4byte	0x85
 1083 002b 626F6F6C 		.ascii	"bool_t\000"
 1083      5F7400
 1084 0032 90000000 		.4byte	0x90
 1085 0036 73797374 		.ascii	"systime_t\000"
 1085      696D655F 
 1085      7400
 1086 0040 A0000000 		.4byte	0xa0
 1087 0044 76746675 		.ascii	"vtfunc_t\000"
 1087      6E635F74 
 1087      00
 1088 004d BD000000 		.4byte	0xbd
 1089 0051 56697274 		.ascii	"VirtualTimer\000"
 1089      75616C54 
 1089      696D6572 
 1089      00
 1090 005e C8000000 		.4byte	0xc8
 1091 0062 56697274 		.ascii	"VirtualTimer\000"
 1091      75616C54 
 1091      696D6572 
 1091      00
ARM GAS  C:\Users\z80\AppData\Local\Temp\cc4lFidq.s 			page 21


 1092 006f 67010000 		.4byte	0x167
 1093 0073 56544C69 		.ascii	"VTList\000"
 1093      737400
 1094 007a 00000000 		.4byte	0x0
 1095              		.section	.debug_aranges,"",%progbits
 1096 0000 34000000 		.4byte	0x34
 1097 0004 0200     		.2byte	0x2
 1098 0006 00000000 		.4byte	.Ldebug_info0
 1099 000a 04       		.byte	0x4
 1100 000b 00       		.byte	0x0
 1101 000c 0000     		.2byte	0x0
 1102 000e 0000     		.2byte	0x0
 1103 0010 00000000 		.4byte	.LFB7
 1104 0014 44000000 		.4byte	.LFE7-.LFB7
 1105 0018 00000000 		.4byte	.LFB8
 1106 001c AA000000 		.4byte	.LFE8-.LFB8
 1107 0020 00000000 		.4byte	.LFB9
 1108 0024 72000000 		.4byte	.LFE9-.LFB9
 1109 0028 00000000 		.4byte	.LFB10
 1110 002c 56000000 		.4byte	.LFE10-.LFB10
 1111 0030 00000000 		.4byte	0x0
 1112 0034 00000000 		.4byte	0x0
 1113              		.section	.debug_ranges,"",%progbits
 1114              	.Ldebug_ranges0:
 1115 0000 00000000 		.4byte	.LFB7
 1116 0004 44000000 		.4byte	.LFE7
 1117 0008 00000000 		.4byte	.LFB8
 1118 000c AA000000 		.4byte	.LFE8
 1119 0010 00000000 		.4byte	.LFB9
 1120 0014 72000000 		.4byte	.LFE9
 1121 0018 00000000 		.4byte	.LFB10
 1122 001c 56000000 		.4byte	.LFE10
 1123 0020 00000000 		.4byte	0x0
 1124 0024 00000000 		.4byte	0x0
 1125              		.section	.debug_str,"MS",%progbits,1
 1126              	.LASF25:
 1127 0000 63685654 		.ascii	"chVTSetI\000"
 1127      53657449 
 1127      00
 1128              	.LASF29:
 1129 0009 474E5520 		.ascii	"GNU C 4.5.0\000"
 1129      4320342E 
 1129      352E3000 
 1130              	.LASF12:
 1131 0015 73797374 		.ascii	"systime_t\000"
 1131      696D655F 
 1131      7400
 1132              	.LASF27:
 1133 001f 73746172 		.ascii	"start\000"
 1133      7400
 1134              	.LASF11:
 1135 0025 626F6F6C 		.ascii	"bool_t\000"
 1135      5F7400
 1136              	.LASF30:
 1137 002c 2E2E2F63 		.ascii	"../chibios_2.4.x/os/kernel/src/chvt.c\000"
 1137      68696269 
 1137      6F735F32 
ARM GAS  C:\Users\z80\AppData\Local\Temp\cc4lFidq.s 			page 22


 1137      2E342E78 
 1137      2F6F732F 
 1138              	.LASF13:
 1139 0052 76746675 		.ascii	"vtfunc_t\000"
 1139      6E635F74 
 1139      00
 1140              	.LASF8:
 1141 005b 6C6F6E67 		.ascii	"long unsigned int\000"
 1141      20756E73 
 1141      69676E65 
 1141      6420696E 
 1141      7400
 1142              	.LASF4:
 1143 006d 73686F72 		.ascii	"short unsigned int\000"
 1143      7420756E 
 1143      7369676E 
 1143      65642069 
 1143      6E7400
 1144              	.LASF14:
 1145 0080 56697274 		.ascii	"VirtualTimer\000"
 1145      75616C54 
 1145      696D6572 
 1145      00
 1146              	.LASF2:
 1147 008d 756E7369 		.ascii	"unsigned char\000"
 1147      676E6564 
 1147      20636861 
 1147      7200
 1148              	.LASF32:
 1149 009b 5F76745F 		.ascii	"_vt_init\000"
 1149      696E6974 
 1149      00
 1150              	.LASF0:
 1151 00a4 756E7369 		.ascii	"unsigned int\000"
 1151      676E6564 
 1151      20696E74 
 1151      00
 1152              	.LASF10:
 1153 00b1 6C6F6E67 		.ascii	"long long unsigned int\000"
 1153      206C6F6E 
 1153      6720756E 
 1153      7369676E 
 1153      65642069 
 1154              	.LASF28:
 1155 00c8 76746C69 		.ascii	"vtlist\000"
 1155      737400
 1156              	.LASF23:
 1157 00cf 74696D65 		.ascii	"time\000"
 1157      00
 1158              	.LASF17:
 1159 00d4 76745F74 		.ascii	"vt_time\000"
 1159      696D6500 
 1160              	.LASF6:
 1161 00dc 696E7433 		.ascii	"int32_t\000"
 1161      325F7400 
 1162              	.LASF20:
 1163 00e4 76745F73 		.ascii	"vt_systime\000"
ARM GAS  C:\Users\z80\AppData\Local\Temp\cc4lFidq.s 			page 23


 1163      79737469 
 1163      6D6500
 1164              	.LASF9:
 1165 00ef 6C6F6E67 		.ascii	"long long int\000"
 1165      206C6F6E 
 1165      6720696E 
 1165      7400
 1166              	.LASF18:
 1167 00fd 76745F66 		.ascii	"vt_func\000"
 1167      756E6300 
 1168              	.LASF24:
 1169 0105 76746675 		.ascii	"vtfunc\000"
 1169      6E6300
 1170              	.LASF22:
 1171 010c 63686172 		.ascii	"char\000"
 1171      00
 1172              	.LASF19:
 1173 0111 76745F70 		.ascii	"vt_par\000"
 1173      617200
 1174              	.LASF3:
 1175 0118 73686F72 		.ascii	"short int\000"
 1175      7420696E 
 1175      7400
 1176              	.LASF33:
 1177 0122 63685469 		.ascii	"chTimeIsWithin\000"
 1177      6D654973 
 1177      57697468 
 1177      696E00
 1178              	.LASF31:
 1179 0131 433A5C70 		.ascii	"C:\\projects\\voltamper.git\\firmware\\voltamp\000"
 1179      726F6A65 
 1179      6374735C 
 1179      766F6C74 
 1179      616D7065 
 1180              	.LASF16:
 1181 015c 76745F70 		.ascii	"vt_prev\000"
 1181      72657600 
 1182              	.LASF7:
 1183 0164 75696E74 		.ascii	"uint32_t\000"
 1183      33325F74 
 1183      00
 1184              	.LASF5:
 1185 016d 6C6F6E67 		.ascii	"long int\000"
 1185      20696E74 
 1185      00
 1186              	.LASF1:
 1187 0176 7369676E 		.ascii	"signed char\000"
 1187      65642063 
 1187      68617200 
 1188              	.LASF21:
 1189 0182 56544C69 		.ascii	"VTList\000"
 1189      737400
 1190              	.LASF15:
 1191 0189 76745F6E 		.ascii	"vt_next\000"
 1191      65787400 
 1192              	.LASF26:
 1193 0191 63685654 		.ascii	"chVTResetI\000"
ARM GAS  C:\Users\z80\AppData\Local\Temp\cc4lFidq.s 			page 24


 1193      52657365 
 1193      744900
 1194              		.ident	"GCC: (GNU) 4.5.0"
ARM GAS  C:\Users\z80\AppData\Local\Temp\cc4lFidq.s 			page 25


DEFINED SYMBOLS
                            *ABS*:00000000 chvt.c
C:\Users\z80\AppData\Local\Temp\cc4lFidq.s:28     .bss.vtlist:00000000 vtlist
C:\Users\z80\AppData\Local\Temp\cc4lFidq.s:25     .bss.vtlist:00000000 $d
C:\Users\z80\AppData\Local\Temp\cc4lFidq.s:31     .text._vt_init:00000000 $t
C:\Users\z80\AppData\Local\Temp\cc4lFidq.s:37     .text._vt_init:00000000 _vt_init
C:\Users\z80\AppData\Local\Temp\cc4lFidq.s:73     .rodata:00000000 $d
C:\Users\z80\AppData\Local\Temp\cc4lFidq.s:74     .rodata:00000000 .LC0
C:\Users\z80\AppData\Local\Temp\cc4lFidq.s:77     .text.chVTSetI:00000000 $t
C:\Users\z80\AppData\Local\Temp\cc4lFidq.s:83     .text.chVTSetI:00000000 chVTSetI
C:\Users\z80\AppData\Local\Temp\cc4lFidq.s:197    .rodata:00000010 .LC1
C:\Users\z80\AppData\Local\Temp\cc4lFidq.s:200    .rodata:00000020 .LC2
C:\Users\z80\AppData\Local\Temp\cc4lFidq.s:203    .text.chVTResetI:00000000 $t
C:\Users\z80\AppData\Local\Temp\cc4lFidq.s:209    .text.chVTResetI:00000000 chVTResetI
C:\Users\z80\AppData\Local\Temp\cc4lFidq.s:285    .text.chTimeIsWithin:00000000 $t
C:\Users\z80\AppData\Local\Temp\cc4lFidq.s:291    .text.chTimeIsWithin:00000000 chTimeIsWithin
                     .debug_frame:00000010 $d

UNDEFINED SYMBOLS
chDbgCheckClassI
chDbgPanic
