ARM GAS  /tmp/ccYggLei.s 			page 1


   1              		.syntax unified
   2              		.cpu cortex-m3
   3              		.fpu softvfp
   4              		.eabi_attribute 20, 1
   5              		.eabi_attribute 21, 1
   6              		.eabi_attribute 23, 3
   7              		.eabi_attribute 24, 1
   8              		.eabi_attribute 25, 1
   9              		.eabi_attribute 26, 1
  10              		.eabi_attribute 30, 2
  11              		.eabi_attribute 18, 4
  12              		.thumb
  13              		.file	"cpu_io.c"
  14              		.section	.debug_abbrev,"",%progbits
  15              	.Ldebug_abbrev0:
  16              		.section	.debug_info,"",%progbits
  17              	.Ldebug_info0:
  18              		.section	.debug_line,"",%progbits
  19              	.Ldebug_line0:
  20 0000 EC020000 		.text
  20      0200A802 
  20      00000201 
  20      FB0E0D00 
  20      01010101 
  21              	.Ltext0:
  22              		.cfi_sections	.debug_frame
  23              		.section	.text.cpu_io_init,"ax",%progbits
  24              		.align	2
  25              		.p2align 4,,15
  26              		.global	cpu_io_init
  27              		.thumb
  28              		.thumb_func
  29              		.type	cpu_io_init, %function
  30              	cpu_io_init:
  31              	.LFB62:
  32              		.file 1 "./src/cpu_io.c"
  33              		.loc 1 24 0
  34              		.cfi_startproc
  35              		@ args = 0, pretend = 0, frame = 0
  36              		@ frame_needed = 0, uses_anonymous_args = 0
  37 0000 10B5     		push	{r4, lr}
  38              	.LCFI0:
  39              		.cfi_def_cfa_offset 8
  40              		.loc 1 25 0
  41              		.cfi_offset 14, -4
  42              		.cfi_offset 4, -8
  43 0002 FFF7FEFF 		bl	serial_pipe_init
  44              		.loc 1 27 0
  45 0006 0348     		ldr	r0, .L2
  46 0008 0021     		movs	r1, #0
  47              		.loc 1 28 0
  48 000a BDE81040 		pop	{r4, lr}
  49              		.loc 1 27 0
  50 000e FFF7FEBF 		b	sdStart
  51              	.L3:
  52 0012 00BF     		.align	2
  53              	.L2:
ARM GAS  /tmp/ccYggLei.s 			page 2


  54 0014 00000000 		.word	SD1
  55              		.cfi_endproc
  56              	.LFE62:
  57              		.size	cpu_io_init, .-cpu_io_init
  58 0018 AFF30080 		.section	.text.cpu_io_process,"ax",%progbits
  58      AFF30080 
  59              		.align	2
  60              		.p2align 4,,15
  61              		.global	cpu_io_process
  62              		.thumb
  63              		.thumb_func
  64              		.type	cpu_io_process, %function
  65              	cpu_io_process:
  66              	.LFB63:
  67              		.loc 1 31 0
  68              		.cfi_startproc
  69              		@ args = 0, pretend = 0, frame = 8
  70              		@ frame_needed = 0, uses_anonymous_args = 0
  71 0000 2DE9F043 		push	{r4, r5, r6, r7, r8, r9, lr}
  72              	.LCFI1:
  73              		.cfi_def_cfa_offset 28
  74 0004 2E4C     		ldr	r4, .L18
  75              		.cfi_offset 14, -4
  76              		.cfi_offset 9, -8
  77              		.cfi_offset 8, -12
  78              		.cfi_offset 7, -16
  79              		.cfi_offset 6, -20
  80              		.cfi_offset 5, -24
  81              		.cfi_offset 4, -28
  82              	.LBB2:
  83              		.loc 1 36 0
  84 0006 2F4D     		ldr	r5, .L18+4
  85              	.LBE2:
  86              		.loc 1 31 0
  87 0008 83B0     		sub	sp, sp, #12
  88              	.LCFI2:
  89              		.cfi_def_cfa_offset 40
  90              	.L15:
  91              	.LBB4:
  92              		.loc 1 36 0
  93 000a 2022     		movs	r2, #32
  94 000c 0023     		movs	r3, #0
  95 000e 2E48     		ldr	r0, .L18+8
  96 0010 2C49     		ldr	r1, .L18+4
  97 0012 FFF7FEFF 		bl	chIQReadTimeout
  98              	.LVL0:
  99              		.loc 1 37 0
 100 0016 0028     		cmp	r0, #0
 101 0018 4DDD     		ble	.L17
 102              	.L6:
 103              		.loc 1 30 0
 104 001a 05EB0009 		add	r9, r5, r0
 105 001e E843     		mvns	r0, r5
 106              	.LVL1:
 107 0020 00EB0907 		add	r7, r0, r9
 108              	.LBB3:
 109              		.loc 1 47 0
ARM GAS  /tmp/ccYggLei.s 			page 3


 110 0024 2649     		ldr	r1, .L18
 111 0026 2878     		ldrb	r0, [r5, #0]	@ zero_extendqisi2
 112 0028 0DF10702 		add	r2, sp, #7
 113 002c FFF7FEFF 		bl	serial_decode_byte
 114              	.LVL2:
 115 0030 264E     		ldr	r6, .L18+12
 116              		.loc 1 50 0
 117 0032 2028     		cmp	r0, #32
 118 0034 B4BF     		ite	lt
 119 0036 8046     		movlt	r8, r0
 120 0038 4FF02008 		movge	r8, #32
 121              	.LVL3:
 122              		.loc 1 45 0
 123 003c 4E45     		cmp	r6, r9
 124 003e 07F00107 		and	r7, r7, #1
 125 0042 E2D0     		beq	.L15
 126 0044 7FB1     		cbz	r7, .L8
 127              		.loc 1 47 0
 128 0046 04EB0801 		add	r1, r4, r8
 129 004a 16F8010B 		ldrb	r0, [r6], #1	@ zero_extendqisi2
 130              	.LVL4:
 131 004e 0DF10702 		add	r2, sp, #7
 132 0052 FFF7FEFF 		bl	serial_decode_byte
 133              		.loc 1 48 0
 134 0056 8044     		add	r8, r0, r8
 135              		.loc 1 50 0
 136 0058 B8F1200F 		cmp	r8, #32
 137 005c A8BF     		it	ge
 138 005e 4FF02008 		movge	r8, #32
 139              	.LVL5:
 140              		.loc 1 45 0
 141 0062 4E45     		cmp	r6, r9
 142 0064 D1D0     		beq	.L15
 143              	.L8:
 144              		.loc 1 47 0
 145 0066 3746     		mov	r7, r6
 146 0068 04EB0801 		add	r1, r4, r8
 147 006c 17F8010B 		ldrb	r0, [r7], #1	@ zero_extendqisi2
 148 0070 0DF10702 		add	r2, sp, #7
 149 0074 FFF7FEFF 		bl	serial_decode_byte
 150 0078 7378     		ldrb	r3, [r6, #1]	@ zero_extendqisi2
 151              		.loc 1 48 0
 152 007a 8044     		add	r8, r0, r8
 153              		.loc 1 50 0
 154 007c B8F1200F 		cmp	r8, #32
 155 0080 A8BF     		it	ge
 156 0082 4FF02008 		movge	r8, #32
 157              		.loc 1 47 0
 158 0086 04EB0801 		add	r1, r4, r8
 159 008a 1846     		mov	r0, r3
 160 008c 0DF10702 		add	r2, sp, #7
 161 0090 FFF7FEFF 		bl	serial_decode_byte
 162 0094 7E1C     		adds	r6, r7, #1
 163              		.loc 1 48 0
 164 0096 8044     		add	r8, r0, r8
 165              		.loc 1 50 0
 166 0098 B8F1200F 		cmp	r8, #32
ARM GAS  /tmp/ccYggLei.s 			page 4


 167 009c A8BF     		it	ge
 168 009e 4FF02008 		movge	r8, #32
 169              		.loc 1 45 0
 170 00a2 4E45     		cmp	r6, r9
 171 00a4 DFD1     		bne	.L8
 172              	.LBE3:
 173              		.loc 1 36 0
 174 00a6 2022     		movs	r2, #32
 175 00a8 0023     		movs	r3, #0
 176 00aa 0748     		ldr	r0, .L18+8
 177 00ac 0549     		ldr	r1, .L18+4
 178 00ae FFF7FEFF 		bl	chIQReadTimeout
 179              	.LVL6:
 180              		.loc 1 37 0
 181 00b2 0028     		cmp	r0, #0
 182 00b4 B1DC     		bgt	.L6
 183              	.L17:
 184              		.loc 1 38 0
 185 00b6 0120     		movs	r0, #1
 186              	.LVL7:
 187 00b8 FFF7FEFF 		bl	chThdSleep
 188 00bc A5E7     		b	.L15
 189              	.L19:
 190 00be 00BF     		.align	2
 191              	.L18:
 192 00c0 00000000 		.word	.LANCHOR1
 193 00c4 00000000 		.word	.LANCHOR0
 194 00c8 10000000 		.word	SD1+16
 195 00cc 01000000 		.word	.LANCHOR0+1
 196              	.LBE4:
 197              		.cfi_endproc
 198              	.LFE63:
 199              		.size	cpu_io_process, .-cpu_io_process
 200              		.section	.bss.buffer_raw,"aw",%nobits
 201              		.align	2
 202              		.set	.LANCHOR0,. + 0
 203              		.type	buffer_raw, %object
 204              		.size	buffer_raw, 32
 205              	buffer_raw:
 206 0000 00000000 		.space	32
 206      00000000 
 206      00000000 
 206      00000000 
 206      00000000 
 207              		.section	.bss.buffer,"aw",%nobits
 208              		.align	2
 209              		.set	.LANCHOR1,. + 0
 210              		.type	buffer, %object
 211              		.size	buffer, 32
 212              	buffer:
 213 0000 00000000 		.space	32
 213      00000000 
 213      00000000 
 213      00000000 
 213      00000000 
 214              		.text
 215              	.Letext0:
ARM GAS  /tmp/ccYggLei.s 			page 5


 216              		.section	.debug_loc,"",%progbits
 217              	.Ldebug_loc0:
 218              	.LLST0:
 219 0000 00000000 		.4byte	.LFB62
 220 0004 02000000 		.4byte	.LCFI0
 221 0008 0200     		.2byte	0x2
 222 000a 7D       		.byte	0x7d
 223 000b 00       		.sleb128 0
 224 000c 02000000 		.4byte	.LCFI0
 225 0010 18000000 		.4byte	.LFE62
 226 0014 0200     		.2byte	0x2
 227 0016 7D       		.byte	0x7d
 228 0017 08       		.sleb128 8
 229 0018 00000000 		.4byte	0x0
 230 001c 00000000 		.4byte	0x0
 231              	.LLST1:
 232 0020 00000000 		.4byte	.LFB63
 233 0024 04000000 		.4byte	.LCFI1
 234 0028 0200     		.2byte	0x2
 235 002a 7D       		.byte	0x7d
 236 002b 00       		.sleb128 0
 237 002c 04000000 		.4byte	.LCFI1
 238 0030 0A000000 		.4byte	.LCFI2
 239 0034 0200     		.2byte	0x2
 240 0036 7D       		.byte	0x7d
 241 0037 1C       		.sleb128 28
 242 0038 0A000000 		.4byte	.LCFI2
 243 003c D0000000 		.4byte	.LFE63
 244 0040 0200     		.2byte	0x2
 245 0042 7D       		.byte	0x7d
 246 0043 28       		.sleb128 40
 247 0044 00000000 		.4byte	0x0
 248 0048 00000000 		.4byte	0x0
 249              	.LLST2:
 250 004c 16000000 		.4byte	.LVL0
 251 0050 20000000 		.4byte	.LVL1
 252 0054 0100     		.2byte	0x1
 253 0056 50       		.byte	0x50
 254 0057 B2000000 		.4byte	.LVL6
 255 005b B8000000 		.4byte	.LVL7
 256 005f 0100     		.2byte	0x1
 257 0061 50       		.byte	0x50
 258 0062 00000000 		.4byte	0x0
 259 0066 00000000 		.4byte	0x0
 260              	.LLST3:
 261 006a 30000000 		.4byte	.LVL2
 262 006e 4E000000 		.4byte	.LVL4
 263 0072 0100     		.2byte	0x1
 264 0074 50       		.byte	0x50
 265 0075 00000000 		.4byte	0x0
 266 0079 00000000 		.4byte	0x0
 267              	.LLST4:
 268 007d 30000000 		.4byte	.LVL2
 269 0081 3C000000 		.4byte	.LVL3
 270 0085 0100     		.2byte	0x1
 271 0087 50       		.byte	0x50
 272 0088 00000000 		.4byte	0x0
ARM GAS  /tmp/ccYggLei.s 			page 6


 273 008c 00000000 		.4byte	0x0
 274              		.file 2 "/home/z80/programs/code-sourcery/2011.03-42/bin/../lib/gcc/arm-none-eabi/4.5.2/include/st
 275              		.file 3 "/home/z80/programs/code-sourcery/2011.03-42/bin/../lib/gcc/arm-none-eabi/4.5.2/../../../.
 276              		.file 4 "../chibios_2.4.x/os/ports/GCC/ARMCMx/chtypes.h"
 277              		.file 5 "../chibios_2.4.x/os/kernel/include/chlists.h"
 278              		.file 6 "../chibios_2.4.x/os/kernel/include/chthreads.h"
 279              		.file 7 "../chibios_2.4.x/os/ports/GCC/ARMCMx/chcore_v7m.h"
 280              		.file 8 "../chibios_2.4.x/os/kernel/include/chmtx.h"
 281              		.file 9 "../chibios_2.4.x/os/kernel/include/chevents.h"
 282              		.file 10 "../chibios_2.4.x/os/kernel/include/chqueues.h"
 283              		.file 11 "../chibios_2.4.x/os/kernel/include/chioch.h"
 284              		.file 12 "./src/cpu_io.h"
 285              		.file 13 "../chibios_2.4.x/os/hal/platforms/STM32F1xx/stm32f10x.h"
 286              		.file 14 "../chibios_2.4.x/os/hal/include/serial.h"
 287              		.file 15 "../chibios_2.4.x/os/ports/common/ARMCMx/CMSIS/include/core_cm3.h"
 288              		.file 16 "../chibios_2.4.x/os/hal/platforms/STM32/serial_lld.h"
 289              		.section	.debug_info
 290 0000 98090000 		.4byte	0x998
 291 0004 0200     		.2byte	0x2
 292 0006 00000000 		.4byte	.Ldebug_abbrev0
 293 000a 04       		.byte	0x4
 294 000b 01       		.uleb128 0x1
 295 000c 42040000 		.4byte	.LASF112
 296 0010 01       		.byte	0x1
 297 0011 D3010000 		.4byte	.LASF113
 298 0015 DE030000 		.4byte	.LASF114
 299 0019 00000000 		.4byte	0x0
 300 001d 00000000 		.4byte	0x0
 301 0021 18000000 		.4byte	.Ldebug_ranges0+0x18
 302 0025 00000000 		.4byte	.Ldebug_line0
 303 0029 02       		.uleb128 0x2
 304 002a 04       		.byte	0x4
 305 002b 05       		.byte	0x5
 306 002c 696E7400 		.ascii	"int\000"
 307 0030 03       		.uleb128 0x3
 308 0031 09000000 		.4byte	.LASF2
 309 0035 02       		.byte	0x2
 310 0036 D3       		.byte	0xd3
 311 0037 3B000000 		.4byte	0x3b
 312 003b 04       		.uleb128 0x4
 313 003c 04       		.byte	0x4
 314 003d 07       		.byte	0x7
 315 003e 24010000 		.4byte	.LASF0
 316 0042 04       		.uleb128 0x4
 317 0043 01       		.byte	0x1
 318 0044 06       		.byte	0x6
 319 0045 A2000000 		.4byte	.LASF1
 320 0049 03       		.uleb128 0x3
 321 004a 1F040000 		.4byte	.LASF3
 322 004e 03       		.byte	0x3
 323 004f 2A       		.byte	0x2a
 324 0050 54000000 		.4byte	0x54
 325 0054 04       		.uleb128 0x4
 326 0055 01       		.byte	0x1
 327 0056 08       		.byte	0x8
 328 0057 C3020000 		.4byte	.LASF4
 329 005b 04       		.uleb128 0x4
ARM GAS  /tmp/ccYggLei.s 			page 7


 330 005c 02       		.byte	0x2
 331 005d 05       		.byte	0x5
 332 005e E7020000 		.4byte	.LASF5
 333 0062 03       		.uleb128 0x3
 334 0063 31010000 		.4byte	.LASF6
 335 0067 03       		.byte	0x3
 336 0068 36       		.byte	0x36
 337 0069 6D000000 		.4byte	0x6d
 338 006d 04       		.uleb128 0x4
 339 006e 02       		.byte	0x2
 340 006f 07       		.byte	0x7
 341 0070 69010000 		.4byte	.LASF7
 342 0074 03       		.uleb128 0x3
 343 0075 BB020000 		.4byte	.LASF8
 344 0079 03       		.byte	0x3
 345 007a 4F       		.byte	0x4f
 346 007b 7F000000 		.4byte	0x7f
 347 007f 04       		.uleb128 0x4
 348 0080 04       		.byte	0x4
 349 0081 05       		.byte	0x5
 350 0082 D0000000 		.4byte	.LASF9
 351 0086 03       		.uleb128 0x3
 352 0087 3D030000 		.4byte	.LASF10
 353 008b 03       		.byte	0x3
 354 008c 50       		.byte	0x50
 355 008d 91000000 		.4byte	0x91
 356 0091 04       		.uleb128 0x4
 357 0092 04       		.byte	0x4
 358 0093 07       		.byte	0x7
 359 0094 5D030000 		.4byte	.LASF11
 360 0098 04       		.uleb128 0x4
 361 0099 08       		.byte	0x8
 362 009a 05       		.byte	0x5
 363 009b 94000000 		.4byte	.LASF12
 364 009f 03       		.uleb128 0x3
 365 00a0 17000000 		.4byte	.LASF13
 366 00a4 03       		.byte	0x3
 367 00a5 78       		.byte	0x78
 368 00a6 AA000000 		.4byte	0xaa
 369 00aa 04       		.uleb128 0x4
 370 00ab 08       		.byte	0x8
 371 00ac 07       		.byte	0x7
 372 00ad 46000000 		.4byte	.LASF14
 373 00b1 03       		.uleb128 0x3
 374 00b2 38000000 		.4byte	.LASF15
 375 00b6 03       		.byte	0x3
 376 00b7 A6       		.byte	0xa6
 377 00b8 3B000000 		.4byte	0x3b
 378 00bc 03       		.uleb128 0x3
 379 00bd BB000000 		.4byte	.LASF16
 380 00c1 04       		.byte	0x4
 381 00c2 2E       		.byte	0x2e
 382 00c3 74000000 		.4byte	0x74
 383 00c7 03       		.uleb128 0x3
 384 00c8 9E010000 		.4byte	.LASF17
 385 00cc 04       		.byte	0x4
 386 00cd 2F       		.byte	0x2f
ARM GAS  /tmp/ccYggLei.s 			page 8


 387 00ce 49000000 		.4byte	0x49
 388 00d2 03       		.uleb128 0x3
 389 00d3 D9000000 		.4byte	.LASF18
 390 00d7 04       		.byte	0x4
 391 00d8 30       		.byte	0x30
 392 00d9 49000000 		.4byte	0x49
 393 00dd 03       		.uleb128 0x3
 394 00de AB020000 		.4byte	.LASF19
 395 00e2 04       		.byte	0x4
 396 00e3 32       		.byte	0x32
 397 00e4 86000000 		.4byte	0x86
 398 00e8 03       		.uleb128 0x3
 399 00e9 7C010000 		.4byte	.LASF20
 400 00ed 04       		.byte	0x4
 401 00ee 33       		.byte	0x33
 402 00ef 74000000 		.4byte	0x74
 403 00f3 03       		.uleb128 0x3
 404 00f4 B2010000 		.4byte	.LASF21
 405 00f8 04       		.byte	0x4
 406 00f9 35       		.byte	0x35
 407 00fa 86000000 		.4byte	0x86
 408 00fe 03       		.uleb128 0x3
 409 00ff 8C030000 		.4byte	.LASF22
 410 0103 04       		.byte	0x4
 411 0104 36       		.byte	0x36
 412 0105 86000000 		.4byte	0x86
 413 0109 03       		.uleb128 0x3
 414 010a 17030000 		.4byte	.LASF23
 415 010e 05       		.byte	0x5
 416 010f 2A       		.byte	0x2a
 417 0110 14010000 		.4byte	0x114
 418 0114 05       		.uleb128 0x5
 419 0115 17030000 		.4byte	.LASF23
 420 0119 48       		.byte	0x48
 421 011a 06       		.byte	0x6
 422 011b 5E       		.byte	0x5e
 423 011c 1D020000 		.4byte	0x21d
 424 0120 06       		.uleb128 0x6
 425 0121 00030000 		.4byte	.LASF24
 426 0125 06       		.byte	0x6
 427 0126 5F       		.byte	0x5f
 428 0127 42020000 		.4byte	0x242
 429 012b 02       		.byte	0x2
 430 012c 23       		.byte	0x23
 431 012d 00       		.uleb128 0x0
 432 012e 06       		.uleb128 0x6
 433 012f 9A020000 		.4byte	.LASF25
 434 0133 06       		.byte	0x6
 435 0134 61       		.byte	0x61
 436 0135 42020000 		.4byte	0x242
 437 0139 02       		.byte	0x2
 438 013a 23       		.byte	0x23
 439 013b 04       		.uleb128 0x4
 440 013c 06       		.uleb128 0x6
 441 013d 7D000000 		.4byte	.LASF26
 442 0141 06       		.byte	0x6
 443 0142 63       		.byte	0x63
ARM GAS  /tmp/ccYggLei.s 			page 9


 444 0143 DD000000 		.4byte	0xdd
 445 0147 02       		.byte	0x2
 446 0148 23       		.byte	0x23
 447 0149 08       		.uleb128 0x8
 448 014a 06       		.uleb128 0x6
 449 014b 69040000 		.4byte	.LASF27
 450 014f 06       		.byte	0x6
 451 0150 64       		.byte	0x64
 452 0151 1A030000 		.4byte	0x31a
 453 0155 02       		.byte	0x2
 454 0156 23       		.byte	0x23
 455 0157 0C       		.uleb128 0xc
 456 0158 06       		.uleb128 0x6
 457 0159 F3000000 		.4byte	.LASF28
 458 015d 06       		.byte	0x6
 459 015e 66       		.byte	0x66
 460 015f 42020000 		.4byte	0x242
 461 0163 02       		.byte	0x2
 462 0164 23       		.byte	0x23
 463 0165 10       		.uleb128 0x10
 464 0166 06       		.uleb128 0x6
 465 0167 16020000 		.4byte	.LASF29
 466 016b 06       		.byte	0x6
 467 016c 67       		.byte	0x67
 468 016d 42020000 		.4byte	0x242
 469 0171 02       		.byte	0x2
 470 0172 23       		.byte	0x23
 471 0173 14       		.uleb128 0x14
 472 0174 06       		.uleb128 0x6
 473 0175 CF030000 		.4byte	.LASF30
 474 0179 06       		.byte	0x6
 475 017a 6E       		.byte	0x6e
 476 017b 2D040000 		.4byte	0x42d
 477 017f 02       		.byte	0x2
 478 0180 23       		.byte	0x23
 479 0181 18       		.uleb128 0x18
 480 0182 06       		.uleb128 0x6
 481 0183 44020000 		.4byte	.LASF31
 482 0187 06       		.byte	0x6
 483 0188 74       		.byte	0x74
 484 0189 3F040000 		.4byte	0x43f
 485 018d 02       		.byte	0x2
 486 018e 23       		.byte	0x23
 487 018f 1C       		.uleb128 0x1c
 488 0190 06       		.uleb128 0x6
 489 0191 F1020000 		.4byte	.LASF32
 490 0195 06       		.byte	0x6
 491 0196 79       		.byte	0x79
 492 0197 D2000000 		.4byte	0xd2
 493 019b 02       		.byte	0x2
 494 019c 23       		.byte	0x23
 495 019d 20       		.uleb128 0x20
 496 019e 06       		.uleb128 0x6
 497 019f 07030000 		.4byte	.LASF33
 498 01a3 06       		.byte	0x6
 499 01a4 7D       		.byte	0x7d
 500 01a5 C7000000 		.4byte	0xc7
ARM GAS  /tmp/ccYggLei.s 			page 10


 501 01a9 02       		.byte	0x2
 502 01aa 23       		.byte	0x23
 503 01ab 21       		.uleb128 0x21
 504 01ac 06       		.uleb128 0x6
 505 01ad 4A010000 		.4byte	.LASF34
 506 01b1 06       		.byte	0x6
 507 01b2 89       		.byte	0x89
 508 01b3 3D030000 		.4byte	0x33d
 509 01b7 02       		.byte	0x2
 510 01b8 23       		.byte	0x23
 511 01b9 24       		.uleb128 0x24
 512 01ba 07       		.uleb128 0x7
 513 01bb 705F7500 		.ascii	"p_u\000"
 514 01bf 06       		.byte	0x6
 515 01c0 AE       		.byte	0xae
 516 01c1 F8030000 		.4byte	0x3f8
 517 01c5 02       		.byte	0x2
 518 01c6 23       		.byte	0x23
 519 01c7 28       		.uleb128 0x28
 520 01c8 06       		.uleb128 0x6
 521 01c9 6F040000 		.4byte	.LASF35
 522 01cd 06       		.byte	0x6
 523 01ce B3       		.byte	0xb3
 524 01cf 6A020000 		.4byte	0x26a
 525 01d3 02       		.byte	0x2
 526 01d4 23       		.byte	0x23
 527 01d5 2C       		.uleb128 0x2c
 528 01d6 06       		.uleb128 0x6
 529 01d7 58010000 		.4byte	.LASF36
 530 01db 06       		.byte	0x6
 531 01dc B9       		.byte	0xb9
 532 01dd 48020000 		.4byte	0x248
 533 01e1 02       		.byte	0x2
 534 01e2 23       		.byte	0x23
 535 01e3 30       		.uleb128 0x30
 536 01e4 06       		.uleb128 0x6
 537 01e5 19040000 		.4byte	.LASF37
 538 01e9 06       		.byte	0x6
 539 01ea BD       		.byte	0xbd
 540 01eb E8000000 		.4byte	0xe8
 541 01ef 02       		.byte	0x2
 542 01f0 23       		.byte	0x23
 543 01f1 38       		.uleb128 0x38
 544 01f2 06       		.uleb128 0x6
 545 01f3 1E030000 		.4byte	.LASF38
 546 01f7 06       		.byte	0x6
 547 01f8 C3       		.byte	0xc3
 548 01f9 F3000000 		.4byte	0xf3
 549 01fd 02       		.byte	0x2
 550 01fe 23       		.byte	0x23
 551 01ff 3C       		.uleb128 0x3c
 552 0200 06       		.uleb128 0x6
 553 0201 DD020000 		.4byte	.LASF39
 554 0205 06       		.byte	0x6
 555 0206 CA       		.byte	0xca
 556 0207 45040000 		.4byte	0x445
 557 020b 02       		.byte	0x2
ARM GAS  /tmp/ccYggLei.s 			page 11


 558 020c 23       		.byte	0x23
 559 020d 40       		.uleb128 0x40
 560 020e 06       		.uleb128 0x6
 561 020f 96030000 		.4byte	.LASF40
 562 0213 06       		.byte	0x6
 563 0214 CE       		.byte	0xce
 564 0215 DD000000 		.4byte	0xdd
 565 0219 02       		.byte	0x2
 566 021a 23       		.byte	0x23
 567 021b 44       		.uleb128 0x44
 568 021c 00       		.byte	0x0
 569 021d 08       		.uleb128 0x8
 570 021e 08       		.byte	0x8
 571 021f 05       		.byte	0x5
 572 0220 61       		.byte	0x61
 573 0221 42020000 		.4byte	0x242
 574 0225 06       		.uleb128 0x6
 575 0226 00030000 		.4byte	.LASF24
 576 022a 05       		.byte	0x5
 577 022b 62       		.byte	0x62
 578 022c 42020000 		.4byte	0x242
 579 0230 02       		.byte	0x2
 580 0231 23       		.byte	0x23
 581 0232 00       		.uleb128 0x0
 582 0233 06       		.uleb128 0x6
 583 0234 9A020000 		.4byte	.LASF25
 584 0238 05       		.byte	0x5
 585 0239 64       		.byte	0x64
 586 023a 42020000 		.4byte	0x242
 587 023e 02       		.byte	0x2
 588 023f 23       		.byte	0x23
 589 0240 04       		.uleb128 0x4
 590 0241 00       		.byte	0x0
 591 0242 09       		.uleb128 0x9
 592 0243 04       		.byte	0x4
 593 0244 09010000 		.4byte	0x109
 594 0248 03       		.uleb128 0x3
 595 0249 37020000 		.4byte	.LASF41
 596 024d 05       		.byte	0x5
 597 024e 66       		.byte	0x66
 598 024f 1D020000 		.4byte	0x21d
 599 0253 08       		.uleb128 0x8
 600 0254 04       		.byte	0x4
 601 0255 05       		.byte	0x5
 602 0256 6B       		.byte	0x6b
 603 0257 6A020000 		.4byte	0x26a
 604 025b 06       		.uleb128 0x6
 605 025c 00030000 		.4byte	.LASF24
 606 0260 05       		.byte	0x5
 607 0261 6D       		.byte	0x6d
 608 0262 42020000 		.4byte	0x242
 609 0266 02       		.byte	0x2
 610 0267 23       		.byte	0x23
 611 0268 00       		.uleb128 0x0
 612 0269 00       		.byte	0x0
 613 026a 03       		.uleb128 0x3
 614 026b A6010000 		.4byte	.LASF42
ARM GAS  /tmp/ccYggLei.s 			page 12


 615 026f 05       		.byte	0x5
 616 0270 70       		.byte	0x70
 617 0271 53020000 		.4byte	0x253
 618 0275 03       		.uleb128 0x3
 619 0276 09010000 		.4byte	.LASF43
 620 027a 07       		.byte	0x7
 621 027b D7       		.byte	0xd7
 622 027c 80020000 		.4byte	0x280
 623 0280 0A       		.uleb128 0xa
 624 0281 04       		.byte	0x4
 625 0282 03       		.uleb128 0x3
 626 0283 EF010000 		.4byte	.LASF44
 627 0287 07       		.byte	0x7
 628 0288 DD       		.byte	0xdd
 629 0289 9F000000 		.4byte	0x9f
 630 028d 05       		.uleb128 0x5
 631 028e B9030000 		.4byte	.LASF45
 632 0292 24       		.byte	0x24
 633 0293 07       		.byte	0x7
 634 0294 FE       		.byte	0xfe
 635 0295 1A030000 		.4byte	0x31a
 636 0299 0B       		.uleb128 0xb
 637 029a 723400   		.ascii	"r4\000"
 638 029d 07       		.byte	0x7
 639 029e 1101     		.2byte	0x111
 640 02a0 75020000 		.4byte	0x275
 641 02a4 02       		.byte	0x2
 642 02a5 23       		.byte	0x23
 643 02a6 00       		.uleb128 0x0
 644 02a7 0B       		.uleb128 0xb
 645 02a8 723500   		.ascii	"r5\000"
 646 02ab 07       		.byte	0x7
 647 02ac 1201     		.2byte	0x112
 648 02ae 75020000 		.4byte	0x275
 649 02b2 02       		.byte	0x2
 650 02b3 23       		.byte	0x23
 651 02b4 04       		.uleb128 0x4
 652 02b5 0B       		.uleb128 0xb
 653 02b6 723600   		.ascii	"r6\000"
 654 02b9 07       		.byte	0x7
 655 02ba 1301     		.2byte	0x113
 656 02bc 75020000 		.4byte	0x275
 657 02c0 02       		.byte	0x2
 658 02c1 23       		.byte	0x23
 659 02c2 08       		.uleb128 0x8
 660 02c3 0B       		.uleb128 0xb
 661 02c4 723700   		.ascii	"r7\000"
 662 02c7 07       		.byte	0x7
 663 02c8 1401     		.2byte	0x114
 664 02ca 75020000 		.4byte	0x275
 665 02ce 02       		.byte	0x2
 666 02cf 23       		.byte	0x23
 667 02d0 0C       		.uleb128 0xc
 668 02d1 0B       		.uleb128 0xb
 669 02d2 723800   		.ascii	"r8\000"
 670 02d5 07       		.byte	0x7
 671 02d6 1501     		.2byte	0x115
ARM GAS  /tmp/ccYggLei.s 			page 13


 672 02d8 75020000 		.4byte	0x275
 673 02dc 02       		.byte	0x2
 674 02dd 23       		.byte	0x23
 675 02de 10       		.uleb128 0x10
 676 02df 0B       		.uleb128 0xb
 677 02e0 723900   		.ascii	"r9\000"
 678 02e3 07       		.byte	0x7
 679 02e4 1601     		.2byte	0x116
 680 02e6 75020000 		.4byte	0x275
 681 02ea 02       		.byte	0x2
 682 02eb 23       		.byte	0x23
 683 02ec 14       		.uleb128 0x14
 684 02ed 0B       		.uleb128 0xb
 685 02ee 72313000 		.ascii	"r10\000"
 686 02f2 07       		.byte	0x7
 687 02f3 1701     		.2byte	0x117
 688 02f5 75020000 		.4byte	0x275
 689 02f9 02       		.byte	0x2
 690 02fa 23       		.byte	0x23
 691 02fb 18       		.uleb128 0x18
 692 02fc 0B       		.uleb128 0xb
 693 02fd 72313100 		.ascii	"r11\000"
 694 0301 07       		.byte	0x7
 695 0302 1801     		.2byte	0x118
 696 0304 75020000 		.4byte	0x275
 697 0308 02       		.byte	0x2
 698 0309 23       		.byte	0x23
 699 030a 1C       		.uleb128 0x1c
 700 030b 0B       		.uleb128 0xb
 701 030c 6C7200   		.ascii	"lr\000"
 702 030f 07       		.byte	0x7
 703 0310 1901     		.2byte	0x119
 704 0312 75020000 		.4byte	0x275
 705 0316 02       		.byte	0x2
 706 0317 23       		.byte	0x23
 707 0318 20       		.uleb128 0x20
 708 0319 00       		.byte	0x0
 709 031a 0C       		.uleb128 0xc
 710 031b B1030000 		.4byte	.LASF46
 711 031f 04       		.byte	0x4
 712 0320 07       		.byte	0x7
 713 0321 2301     		.2byte	0x123
 714 0323 37030000 		.4byte	0x337
 715 0327 0B       		.uleb128 0xb
 716 0328 72313300 		.ascii	"r13\000"
 717 032c 07       		.byte	0x7
 718 032d 2401     		.2byte	0x124
 719 032f 37030000 		.4byte	0x337
 720 0333 02       		.byte	0x2
 721 0334 23       		.byte	0x23
 722 0335 00       		.uleb128 0x0
 723 0336 00       		.byte	0x0
 724 0337 09       		.uleb128 0x9
 725 0338 04       		.byte	0x4
 726 0339 8D020000 		.4byte	0x28d
 727 033d 0D       		.uleb128 0xd
 728 033e FE000000 		.4byte	0xfe
ARM GAS  /tmp/ccYggLei.s 			page 14


 729 0342 05       		.uleb128 0x5
 730 0343 0A020000 		.4byte	.LASF47
 731 0347 10       		.byte	0x10
 732 0348 08       		.byte	0x8
 733 0349 2C       		.byte	0x2c
 734 034a 79030000 		.4byte	0x379
 735 034e 06       		.uleb128 0x6
 736 034f C2000000 		.4byte	.LASF48
 737 0353 08       		.byte	0x8
 738 0354 2D       		.byte	0x2d
 739 0355 48020000 		.4byte	0x248
 740 0359 02       		.byte	0x2
 741 035a 23       		.byte	0x23
 742 035b 00       		.uleb128 0x0
 743 035c 06       		.uleb128 0x6
 744 035d 61040000 		.4byte	.LASF49
 745 0361 08       		.byte	0x8
 746 0362 2F       		.byte	0x2f
 747 0363 42020000 		.4byte	0x242
 748 0367 02       		.byte	0x2
 749 0368 23       		.byte	0x23
 750 0369 08       		.uleb128 0x8
 751 036a 06       		.uleb128 0x6
 752 036b 85030000 		.4byte	.LASF50
 753 036f 08       		.byte	0x8
 754 0370 31       		.byte	0x31
 755 0371 79030000 		.4byte	0x379
 756 0375 02       		.byte	0x2
 757 0376 23       		.byte	0x23
 758 0377 0C       		.uleb128 0xc
 759 0378 00       		.byte	0x0
 760 0379 09       		.uleb128 0x9
 761 037a 04       		.byte	0x4
 762 037b 42030000 		.4byte	0x342
 763 037f 03       		.uleb128 0x3
 764 0380 0A020000 		.4byte	.LASF47
 765 0384 08       		.byte	0x8
 766 0385 33       		.byte	0x33
 767 0386 42030000 		.4byte	0x342
 768 038a 03       		.uleb128 0x3
 769 038b 2D040000 		.4byte	.LASF51
 770 038f 09       		.byte	0x9
 771 0390 29       		.byte	0x29
 772 0391 95030000 		.4byte	0x395
 773 0395 05       		.uleb128 0x5
 774 0396 2D040000 		.4byte	.LASF51
 775 039a 0C       		.byte	0xc
 776 039b 09       		.byte	0x9
 777 039c 2E       		.byte	0x2e
 778 039d CC030000 		.4byte	0x3cc
 779 03a1 06       		.uleb128 0x6
 780 03a2 0F030000 		.4byte	.LASF52
 781 03a6 09       		.byte	0x9
 782 03a7 2F       		.byte	0x2f
 783 03a8 CC030000 		.4byte	0x3cc
 784 03ac 02       		.byte	0x2
 785 03ad 23       		.byte	0x23
ARM GAS  /tmp/ccYggLei.s 			page 15


 786 03ae 00       		.uleb128 0x0
 787 03af 06       		.uleb128 0x6
 788 03b0 D1020000 		.4byte	.LASF53
 789 03b4 09       		.byte	0x9
 790 03b5 32       		.byte	0x32
 791 03b6 42020000 		.4byte	0x242
 792 03ba 02       		.byte	0x2
 793 03bb 23       		.byte	0x23
 794 03bc 04       		.uleb128 0x4
 795 03bd 06       		.uleb128 0x6
 796 03be 5A020000 		.4byte	.LASF54
 797 03c2 09       		.byte	0x9
 798 03c3 34       		.byte	0x34
 799 03c4 F3000000 		.4byte	0xf3
 800 03c8 02       		.byte	0x2
 801 03c9 23       		.byte	0x23
 802 03ca 08       		.uleb128 0x8
 803 03cb 00       		.byte	0x0
 804 03cc 09       		.uleb128 0x9
 805 03cd 04       		.byte	0x4
 806 03ce 8A030000 		.4byte	0x38a
 807 03d2 05       		.uleb128 0x5
 808 03d3 12010000 		.4byte	.LASF55
 809 03d7 04       		.byte	0x4
 810 03d8 09       		.byte	0x9
 811 03d9 3C       		.byte	0x3c
 812 03da ED030000 		.4byte	0x3ed
 813 03de 06       		.uleb128 0x6
 814 03df D6030000 		.4byte	.LASF56
 815 03e3 09       		.byte	0x9
 816 03e4 3D       		.byte	0x3d
 817 03e5 CC030000 		.4byte	0x3cc
 818 03e9 02       		.byte	0x2
 819 03ea 23       		.byte	0x23
 820 03eb 00       		.uleb128 0x0
 821 03ec 00       		.byte	0x0
 822 03ed 03       		.uleb128 0x3
 823 03ee 12010000 		.4byte	.LASF55
 824 03f2 09       		.byte	0x9
 825 03f3 40       		.byte	0x40
 826 03f4 D2030000 		.4byte	0x3d2
 827 03f8 0E       		.uleb128 0xe
 828 03f9 04       		.byte	0x4
 829 03fa 06       		.byte	0x6
 830 03fb 90       		.byte	0x90
 831 03fc 2D040000 		.4byte	0x42d
 832 0400 0F       		.uleb128 0xf
 833 0401 10000000 		.4byte	.LASF57
 834 0405 06       		.byte	0x6
 835 0406 97       		.byte	0x97
 836 0407 E8000000 		.4byte	0xe8
 837 040b 0F       		.uleb128 0xf
 838 040c 5D000000 		.4byte	.LASF58
 839 0410 06       		.byte	0x6
 840 0411 9E       		.byte	0x9e
 841 0412 E8000000 		.4byte	0xe8
 842 0416 0F       		.uleb128 0xf
ARM GAS  /tmp/ccYggLei.s 			page 16


 843 0417 3B040000 		.4byte	.LASF59
 844 041b 06       		.byte	0x6
 845 041c A5       		.byte	0xa5
 846 041d 80020000 		.4byte	0x280
 847 0421 0F       		.uleb128 0xf
 848 0422 F9020000 		.4byte	.LASF60
 849 0426 06       		.byte	0x6
 850 0427 AC       		.byte	0xac
 851 0428 F3000000 		.4byte	0xf3
 852 042c 00       		.byte	0x0
 853 042d 09       		.uleb128 0x9
 854 042e 04       		.byte	0x4
 855 042f 33040000 		.4byte	0x433
 856 0433 10       		.uleb128 0x10
 857 0434 38040000 		.4byte	0x438
 858 0438 04       		.uleb128 0x4
 859 0439 01       		.byte	0x1
 860 043a 08       		.byte	0x8
 861 043b 74030000 		.4byte	.LASF61
 862 043f 09       		.uleb128 0x9
 863 0440 04       		.byte	0x4
 864 0441 82020000 		.4byte	0x282
 865 0445 09       		.uleb128 0x9
 866 0446 04       		.byte	0x4
 867 0447 7F030000 		.4byte	0x37f
 868 044b 03       		.uleb128 0x3
 869 044c E2010000 		.4byte	.LASF62
 870 0450 0A       		.byte	0xa
 871 0451 37       		.byte	0x37
 872 0452 56040000 		.4byte	0x456
 873 0456 05       		.uleb128 0x5
 874 0457 E2010000 		.4byte	.LASF62
 875 045b 20       		.byte	0x20
 876 045c 0A       		.byte	0xa
 877 045d 45       		.byte	0x45
 878 045e C5040000 		.4byte	0x4c5
 879 0462 06       		.uleb128 0x6
 880 0463 8A000000 		.4byte	.LASF63
 881 0467 0A       		.byte	0xa
 882 0468 46       		.byte	0x46
 883 0469 48020000 		.4byte	0x248
 884 046d 02       		.byte	0x2
 885 046e 23       		.byte	0x23
 886 046f 00       		.uleb128 0x0
 887 0470 06       		.uleb128 0x6
 888 0471 00020000 		.4byte	.LASF64
 889 0475 0A       		.byte	0xa
 890 0476 47       		.byte	0x47
 891 0477 30000000 		.4byte	0x30
 892 047b 02       		.byte	0x2
 893 047c 23       		.byte	0x23
 894 047d 08       		.uleb128 0x8
 895 047e 06       		.uleb128 0x6
 896 047f E2000000 		.4byte	.LASF65
 897 0483 0A       		.byte	0xa
 898 0484 48       		.byte	0x48
 899 0485 E8040000 		.4byte	0x4e8
ARM GAS  /tmp/ccYggLei.s 			page 17


 900 0489 02       		.byte	0x2
 901 048a 23       		.byte	0x23
 902 048b 0C       		.uleb128 0xc
 903 048c 06       		.uleb128 0x6
 904 048d C9030000 		.4byte	.LASF66
 905 0491 0A       		.byte	0xa
 906 0492 49       		.byte	0x49
 907 0493 E8040000 		.4byte	0x4e8
 908 0497 02       		.byte	0x2
 909 0498 23       		.byte	0x23
 910 0499 10       		.uleb128 0x10
 911 049a 06       		.uleb128 0x6
 912 049b EB000000 		.4byte	.LASF67
 913 049f 0A       		.byte	0xa
 914 04a0 4B       		.byte	0x4b
 915 04a1 E8040000 		.4byte	0x4e8
 916 04a5 02       		.byte	0x2
 917 04a6 23       		.byte	0x23
 918 04a7 14       		.uleb128 0x14
 919 04a8 06       		.uleb128 0x6
 920 04a9 B3020000 		.4byte	.LASF68
 921 04ad 0A       		.byte	0xa
 922 04ae 4C       		.byte	0x4c
 923 04af E8040000 		.4byte	0x4e8
 924 04b3 02       		.byte	0x2
 925 04b4 23       		.byte	0x23
 926 04b5 18       		.uleb128 0x18
 927 04b6 06       		.uleb128 0x6
 928 04b7 10040000 		.4byte	.LASF69
 929 04bb 0A       		.byte	0xa
 930 04bc 4D       		.byte	0x4d
 931 04bd C5040000 		.4byte	0x4c5
 932 04c1 02       		.byte	0x2
 933 04c2 23       		.byte	0x23
 934 04c3 1C       		.uleb128 0x1c
 935 04c4 00       		.byte	0x0
 936 04c5 03       		.uleb128 0x3
 937 04c6 C9010000 		.4byte	.LASF70
 938 04ca 0A       		.byte	0xa
 939 04cb 3A       		.byte	0x3a
 940 04cc D0040000 		.4byte	0x4d0
 941 04d0 09       		.uleb128 0x9
 942 04d1 04       		.byte	0x4
 943 04d2 D6040000 		.4byte	0x4d6
 944 04d6 11       		.uleb128 0x11
 945 04d7 01       		.byte	0x1
 946 04d8 E2040000 		.4byte	0x4e2
 947 04dc 12       		.uleb128 0x12
 948 04dd E2040000 		.4byte	0x4e2
 949 04e1 00       		.byte	0x0
 950 04e2 09       		.uleb128 0x9
 951 04e3 04       		.byte	0x4
 952 04e4 4B040000 		.4byte	0x44b
 953 04e8 09       		.uleb128 0x9
 954 04e9 04       		.byte	0x4
 955 04ea 49000000 		.4byte	0x49
 956 04ee 03       		.uleb128 0x3
ARM GAS  /tmp/ccYggLei.s 			page 18


 957 04ef BE010000 		.4byte	.LASF71
 958 04f3 0A       		.byte	0xa
 959 04f4 76       		.byte	0x76
 960 04f5 4B040000 		.4byte	0x44b
 961 04f9 03       		.uleb128 0x3
 962 04fa 26000000 		.4byte	.LASF72
 963 04fe 0A       		.byte	0xa
 964 04ff E6       		.byte	0xe6
 965 0500 4B040000 		.4byte	0x44b
 966 0504 13       		.uleb128 0x13
 967 0505 01       		.byte	0x1
 968 0506 30000000 		.4byte	0x30
 969 050a 1E050000 		.4byte	0x51e
 970 050e 12       		.uleb128 0x12
 971 050f 80020000 		.4byte	0x280
 972 0513 12       		.uleb128 0x12
 973 0514 1E050000 		.4byte	0x51e
 974 0518 12       		.uleb128 0x12
 975 0519 30000000 		.4byte	0x30
 976 051d 00       		.byte	0x0
 977 051e 09       		.uleb128 0x9
 978 051f 04       		.byte	0x4
 979 0520 24050000 		.4byte	0x524
 980 0524 10       		.uleb128 0x10
 981 0525 49000000 		.4byte	0x49
 982 0529 09       		.uleb128 0x9
 983 052a 04       		.byte	0x4
 984 052b 04050000 		.4byte	0x504
 985 052f 13       		.uleb128 0x13
 986 0530 01       		.byte	0x1
 987 0531 30000000 		.4byte	0x30
 988 0535 49050000 		.4byte	0x549
 989 0539 12       		.uleb128 0x12
 990 053a 80020000 		.4byte	0x280
 991 053e 12       		.uleb128 0x12
 992 053f E8040000 		.4byte	0x4e8
 993 0543 12       		.uleb128 0x12
 994 0544 30000000 		.4byte	0x30
 995 0548 00       		.byte	0x0
 996 0549 09       		.uleb128 0x9
 997 054a 04       		.byte	0x4
 998 054b 2F050000 		.4byte	0x52f
 999 054f 13       		.uleb128 0x13
 1000 0550 01       		.byte	0x1
 1001 0551 BC000000 		.4byte	0xbc
 1002 0555 5F050000 		.4byte	0x55f
 1003 0559 12       		.uleb128 0x12
 1004 055a 80020000 		.4byte	0x280
 1005 055e 00       		.byte	0x0
 1006 055f 09       		.uleb128 0x9
 1007 0560 04       		.byte	0x4
 1008 0561 4F050000 		.4byte	0x54f
 1009 0565 13       		.uleb128 0x13
 1010 0566 01       		.byte	0x1
 1011 0567 E8000000 		.4byte	0xe8
 1012 056b 7F050000 		.4byte	0x57f
 1013 056f 12       		.uleb128 0x12
ARM GAS  /tmp/ccYggLei.s 			page 19


 1014 0570 80020000 		.4byte	0x280
 1015 0574 12       		.uleb128 0x12
 1016 0575 49000000 		.4byte	0x49
 1017 0579 12       		.uleb128 0x12
 1018 057a FE000000 		.4byte	0xfe
 1019 057e 00       		.byte	0x0
 1020 057f 09       		.uleb128 0x9
 1021 0580 04       		.byte	0x4
 1022 0581 65050000 		.4byte	0x565
 1023 0585 13       		.uleb128 0x13
 1024 0586 01       		.byte	0x1
 1025 0587 E8000000 		.4byte	0xe8
 1026 058b 9A050000 		.4byte	0x59a
 1027 058f 12       		.uleb128 0x12
 1028 0590 80020000 		.4byte	0x280
 1029 0594 12       		.uleb128 0x12
 1030 0595 FE000000 		.4byte	0xfe
 1031 0599 00       		.byte	0x0
 1032 059a 09       		.uleb128 0x9
 1033 059b 04       		.byte	0x4
 1034 059c 85050000 		.4byte	0x585
 1035 05a0 13       		.uleb128 0x13
 1036 05a1 01       		.byte	0x1
 1037 05a2 30000000 		.4byte	0x30
 1038 05a6 BF050000 		.4byte	0x5bf
 1039 05aa 12       		.uleb128 0x12
 1040 05ab 80020000 		.4byte	0x280
 1041 05af 12       		.uleb128 0x12
 1042 05b0 1E050000 		.4byte	0x51e
 1043 05b4 12       		.uleb128 0x12
 1044 05b5 30000000 		.4byte	0x30
 1045 05b9 12       		.uleb128 0x12
 1046 05ba FE000000 		.4byte	0xfe
 1047 05be 00       		.byte	0x0
 1048 05bf 09       		.uleb128 0x9
 1049 05c0 04       		.byte	0x4
 1050 05c1 A0050000 		.4byte	0x5a0
 1051 05c5 13       		.uleb128 0x13
 1052 05c6 01       		.byte	0x1
 1053 05c7 30000000 		.4byte	0x30
 1054 05cb E4050000 		.4byte	0x5e4
 1055 05cf 12       		.uleb128 0x12
 1056 05d0 80020000 		.4byte	0x280
 1057 05d4 12       		.uleb128 0x12
 1058 05d5 E8040000 		.4byte	0x4e8
 1059 05d9 12       		.uleb128 0x12
 1060 05da 30000000 		.4byte	0x30
 1061 05de 12       		.uleb128 0x12
 1062 05df FE000000 		.4byte	0xfe
 1063 05e3 00       		.byte	0x0
 1064 05e4 09       		.uleb128 0x9
 1065 05e5 04       		.byte	0x4
 1066 05e6 C5050000 		.4byte	0x5c5
 1067 05ea 14       		.uleb128 0x14
 1068 05eb 2D020000 		.4byte	.LASF73
 1069 05ef 0B       		.byte	0xb
 1070 05f0 0B01     		.2byte	0x10b
ARM GAS  /tmp/ccYggLei.s 			page 20


 1071 05f2 B1000000 		.4byte	0xb1
 1072 05f6 13       		.uleb128 0x13
 1073 05f7 01       		.byte	0x1
 1074 05f8 EA050000 		.4byte	0x5ea
 1075 05fc 06060000 		.4byte	0x606
 1076 0600 12       		.uleb128 0x12
 1077 0601 80020000 		.4byte	0x280
 1078 0605 00       		.byte	0x0
 1079 0606 09       		.uleb128 0x9
 1080 0607 04       		.byte	0x4
 1081 0608 F6050000 		.4byte	0x5f6
 1082 060c 03       		.uleb128 0x3
 1083 060d 32000000 		.4byte	.LASF74
 1084 0611 0C       		.byte	0xc
 1085 0612 0A       		.byte	0xa
 1086 0613 17060000 		.4byte	0x617
 1087 0617 09       		.uleb128 0x9
 1088 0618 04       		.byte	0x4
 1089 0619 1D060000 		.4byte	0x61d
 1090 061d 11       		.uleb128 0x11
 1091 061e 01       		.byte	0x1
 1092 061f 29060000 		.4byte	0x629
 1093 0623 12       		.uleb128 0x12
 1094 0624 E8040000 		.4byte	0x4e8
 1095 0628 00       		.byte	0x0
 1096 0629 0D       		.uleb128 0xd
 1097 062a 62000000 		.4byte	0x62
 1098 062e 0D       		.uleb128 0xd
 1099 062f 74000000 		.4byte	0x74
 1100 0633 15       		.uleb128 0x15
 1101 0634 1C       		.byte	0x1c
 1102 0635 0D       		.byte	0xd
 1103 0636 E104     		.2byte	0x4e1
 1104 0638 0D070000 		.4byte	0x70d
 1105 063c 0B       		.uleb128 0xb
 1106 063d 535200   		.ascii	"SR\000"
 1107 0640 0D       		.byte	0xd
 1108 0641 E304     		.2byte	0x4e3
 1109 0643 29060000 		.4byte	0x629
 1110 0647 02       		.byte	0x2
 1111 0648 23       		.byte	0x23
 1112 0649 00       		.uleb128 0x0
 1113 064a 16       		.uleb128 0x16
 1114 064b 68020000 		.4byte	.LASF75
 1115 064f 0D       		.byte	0xd
 1116 0650 E404     		.2byte	0x4e4
 1117 0652 62000000 		.4byte	0x62
 1118 0656 02       		.byte	0x2
 1119 0657 23       		.byte	0x23
 1120 0658 02       		.uleb128 0x2
 1121 0659 0B       		.uleb128 0xb
 1122 065a 445200   		.ascii	"DR\000"
 1123 065d 0D       		.byte	0xd
 1124 065e E504     		.2byte	0x4e5
 1125 0660 29060000 		.4byte	0x629
 1126 0664 02       		.byte	0x2
 1127 0665 23       		.byte	0x23
ARM GAS  /tmp/ccYggLei.s 			page 21


 1128 0666 04       		.uleb128 0x4
 1129 0667 16       		.uleb128 0x16
 1130 0668 72020000 		.4byte	.LASF76
 1131 066c 0D       		.byte	0xd
 1132 066d E604     		.2byte	0x4e6
 1133 066f 62000000 		.4byte	0x62
 1134 0673 02       		.byte	0x2
 1135 0674 23       		.byte	0x23
 1136 0675 06       		.uleb128 0x6
 1137 0676 0B       		.uleb128 0xb
 1138 0677 42525200 		.ascii	"BRR\000"
 1139 067b 0D       		.byte	0xd
 1140 067c E704     		.2byte	0x4e7
 1141 067e 29060000 		.4byte	0x629
 1142 0682 02       		.byte	0x2
 1143 0683 23       		.byte	0x23
 1144 0684 08       		.uleb128 0x8
 1145 0685 16       		.uleb128 0x16
 1146 0686 7C020000 		.4byte	.LASF77
 1147 068a 0D       		.byte	0xd
 1148 068b E804     		.2byte	0x4e8
 1149 068d 62000000 		.4byte	0x62
 1150 0691 02       		.byte	0x2
 1151 0692 23       		.byte	0x23
 1152 0693 0A       		.uleb128 0xa
 1153 0694 0B       		.uleb128 0xb
 1154 0695 43523100 		.ascii	"CR1\000"
 1155 0699 0D       		.byte	0xd
 1156 069a E904     		.2byte	0x4e9
 1157 069c 29060000 		.4byte	0x629
 1158 06a0 02       		.byte	0x2
 1159 06a1 23       		.byte	0x23
 1160 06a2 0C       		.uleb128 0xc
 1161 06a3 16       		.uleb128 0x16
 1162 06a4 86020000 		.4byte	.LASF78
 1163 06a8 0D       		.byte	0xd
 1164 06a9 EA04     		.2byte	0x4ea
 1165 06ab 62000000 		.4byte	0x62
 1166 06af 02       		.byte	0x2
 1167 06b0 23       		.byte	0x23
 1168 06b1 0E       		.uleb128 0xe
 1169 06b2 0B       		.uleb128 0xb
 1170 06b3 43523200 		.ascii	"CR2\000"
 1171 06b7 0D       		.byte	0xd
 1172 06b8 EB04     		.2byte	0x4eb
 1173 06ba 29060000 		.4byte	0x629
 1174 06be 02       		.byte	0x2
 1175 06bf 23       		.byte	0x23
 1176 06c0 10       		.uleb128 0x10
 1177 06c1 16       		.uleb128 0x16
 1178 06c2 90020000 		.4byte	.LASF79
 1179 06c6 0D       		.byte	0xd
 1180 06c7 EC04     		.2byte	0x4ec
 1181 06c9 62000000 		.4byte	0x62
 1182 06cd 02       		.byte	0x2
 1183 06ce 23       		.byte	0x23
 1184 06cf 12       		.uleb128 0x12
ARM GAS  /tmp/ccYggLei.s 			page 22


 1185 06d0 0B       		.uleb128 0xb
 1186 06d1 43523300 		.ascii	"CR3\000"
 1187 06d5 0D       		.byte	0xd
 1188 06d6 ED04     		.2byte	0x4ed
 1189 06d8 29060000 		.4byte	0x629
 1190 06dc 02       		.byte	0x2
 1191 06dd 23       		.byte	0x23
 1192 06de 14       		.uleb128 0x14
 1193 06df 16       		.uleb128 0x16
 1194 06e0 33030000 		.4byte	.LASF80
 1195 06e4 0D       		.byte	0xd
 1196 06e5 EE04     		.2byte	0x4ee
 1197 06e7 62000000 		.4byte	0x62
 1198 06eb 02       		.byte	0x2
 1199 06ec 23       		.byte	0x23
 1200 06ed 16       		.uleb128 0x16
 1201 06ee 16       		.uleb128 0x16
 1202 06ef AE000000 		.4byte	.LASF81
 1203 06f3 0D       		.byte	0xd
 1204 06f4 EF04     		.2byte	0x4ef
 1205 06f6 29060000 		.4byte	0x629
 1206 06fa 02       		.byte	0x2
 1207 06fb 23       		.byte	0x23
 1208 06fc 18       		.uleb128 0x18
 1209 06fd 16       		.uleb128 0x16
 1210 06fe A1020000 		.4byte	.LASF82
 1211 0702 0D       		.byte	0xd
 1212 0703 F004     		.2byte	0x4f0
 1213 0705 62000000 		.4byte	0x62
 1214 0709 02       		.byte	0x2
 1215 070a 23       		.byte	0x23
 1216 070b 1A       		.uleb128 0x1a
 1217 070c 00       		.byte	0x0
 1218 070d 14       		.uleb128 0x14
 1219 070e 89010000 		.4byte	.LASF83
 1220 0712 0D       		.byte	0xd
 1221 0713 F104     		.2byte	0x4f1
 1222 0715 33060000 		.4byte	0x633
 1223 0719 17       		.uleb128 0x17
 1224 071a 01       		.byte	0x1
 1225 071b 0E       		.byte	0xe
 1226 071c 64       		.byte	0x64
 1227 071d 34070000 		.4byte	0x734
 1228 0721 18       		.uleb128 0x18
 1229 0722 29030000 		.4byte	.LASF84
 1230 0726 00       		.sleb128 0
 1231 0727 18       		.uleb128 0x18
 1232 0728 B3000000 		.4byte	.LASF85
 1233 072c 01       		.sleb128 1
 1234 072d 18       		.uleb128 0x18
 1235 072e C0030000 		.4byte	.LASF86
 1236 0732 02       		.sleb128 2
 1237 0733 00       		.byte	0x0
 1238 0734 03       		.uleb128 0x3
 1239 0735 46030000 		.4byte	.LASF87
 1240 0739 0E       		.byte	0xe
 1241 073a 68       		.byte	0x68
ARM GAS  /tmp/ccYggLei.s 			page 23


 1242 073b 19070000 		.4byte	0x719
 1243 073f 03       		.uleb128 0x3
 1244 0740 50030000 		.4byte	.LASF88
 1245 0744 0E       		.byte	0xe
 1246 0745 6D       		.byte	0x6d
 1247 0746 4A070000 		.4byte	0x74a
 1248 074a 05       		.uleb128 0x5
 1249 074b 50030000 		.4byte	.LASF88
 1250 074f 74       		.byte	0x74
 1251 0750 0E       		.byte	0xe
 1252 0751 87       		.byte	0x87
 1253 0752 D3070000 		.4byte	0x7d3
 1254 0756 07       		.uleb128 0x7
 1255 0757 766D7400 		.ascii	"vmt\000"
 1256 075b 0E       		.byte	0xe
 1257 075c 89       		.byte	0x89
 1258 075d 5E080000 		.4byte	0x85e
 1259 0761 02       		.byte	0x2
 1260 0762 23       		.byte	0x23
 1261 0763 00       		.uleb128 0x0
 1262 0764 06       		.uleb128 0x6
 1263 0765 63010000 		.4byte	.LASF89
 1264 0769 0E       		.byte	0xe
 1265 076a 8A       		.byte	0x8a
 1266 076b ED030000 		.4byte	0x3ed
 1267 076f 02       		.byte	0x2
 1268 0770 23       		.byte	0x23
 1269 0771 04       		.uleb128 0x4
 1270 0772 06       		.uleb128 0x6
 1271 0773 27040000 		.4byte	.LASF90
 1272 0777 0E       		.byte	0xe
 1273 0778 8A       		.byte	0x8a
 1274 0779 EA050000 		.4byte	0x5ea
 1275 077d 02       		.byte	0x2
 1276 077e 23       		.byte	0x23
 1277 077f 08       		.uleb128 0x8
 1278 0780 06       		.uleb128 0x6
 1279 0781 CA000000 		.4byte	.LASF91
 1280 0785 0E       		.byte	0xe
 1281 0786 8A       		.byte	0x8a
 1282 0787 34070000 		.4byte	0x734
 1283 078b 02       		.byte	0x2
 1284 078c 23       		.byte	0x23
 1285 078d 0C       		.uleb128 0xc
 1286 078e 06       		.uleb128 0x6
 1287 078f 51010000 		.4byte	.LASF92
 1288 0793 0E       		.byte	0xe
 1289 0794 8A       		.byte	0x8a
 1290 0795 EE040000 		.4byte	0x4ee
 1291 0799 02       		.byte	0x2
 1292 079a 23       		.byte	0x23
 1293 079b 10       		.uleb128 0x10
 1294 079c 06       		.uleb128 0x6
 1295 079d 82010000 		.4byte	.LASF93
 1296 07a1 0E       		.byte	0xe
 1297 07a2 8A       		.byte	0x8a
 1298 07a3 F9040000 		.4byte	0x4f9
ARM GAS  /tmp/ccYggLei.s 			page 24


 1299 07a7 02       		.byte	0x2
 1300 07a8 23       		.byte	0x23
 1301 07a9 30       		.uleb128 0x30
 1302 07aa 07       		.uleb128 0x7
 1303 07ab 696200   		.ascii	"ib\000"
 1304 07ae 0E       		.byte	0xe
 1305 07af 8A       		.byte	0x8a
 1306 07b0 69080000 		.4byte	0x869
 1307 07b4 02       		.byte	0x2
 1308 07b5 23       		.byte	0x23
 1309 07b6 50       		.uleb128 0x50
 1310 07b7 07       		.uleb128 0x7
 1311 07b8 6F6200   		.ascii	"ob\000"
 1312 07bb 0E       		.byte	0xe
 1313 07bc 8A       		.byte	0x8a
 1314 07bd 69080000 		.4byte	0x869
 1315 07c1 02       		.byte	0x2
 1316 07c2 23       		.byte	0x23
 1317 07c3 60       		.uleb128 0x60
 1318 07c4 06       		.uleb128 0x6
 1319 07c5 1E010000 		.4byte	.LASF94
 1320 07c9 0E       		.byte	0xe
 1321 07ca 8A       		.byte	0x8a
 1322 07cb 79080000 		.4byte	0x879
 1323 07cf 02       		.byte	0x2
 1324 07d0 23       		.byte	0x23
 1325 07d1 70       		.uleb128 0x70
 1326 07d2 00       		.byte	0x0
 1327 07d3 05       		.uleb128 0x5
 1328 07d4 3A010000 		.4byte	.LASF95
 1329 07d8 24       		.byte	0x24
 1330 07d9 0E       		.byte	0xe
 1331 07da 7C       		.byte	0x7c
 1332 07db 5E080000 		.4byte	0x85e
 1333 07df 06       		.uleb128 0x6
 1334 07e0 FA010000 		.4byte	.LASF96
 1335 07e4 0E       		.byte	0xe
 1336 07e5 7D       		.byte	0x7d
 1337 07e6 29050000 		.4byte	0x529
 1338 07ea 02       		.byte	0x2
 1339 07eb 23       		.byte	0x23
 1340 07ec 00       		.uleb128 0x0
 1341 07ed 06       		.uleb128 0x6
 1342 07ee 6F030000 		.4byte	.LASF97
 1343 07f2 0E       		.byte	0xe
 1344 07f3 7D       		.byte	0x7d
 1345 07f4 49050000 		.4byte	0x549
 1346 07f8 02       		.byte	0x2
 1347 07f9 23       		.byte	0x23
 1348 07fa 04       		.uleb128 0x4
 1349 07fb 06       		.uleb128 0x6
 1350 07fc FB000000 		.4byte	.LASF98
 1351 0800 0E       		.byte	0xe
 1352 0801 7D       		.byte	0x7d
 1353 0802 5F050000 		.4byte	0x55f
 1354 0806 02       		.byte	0x2
 1355 0807 23       		.byte	0x23
ARM GAS  /tmp/ccYggLei.s 			page 25


 1356 0808 08       		.uleb128 0x8
 1357 0809 06       		.uleb128 0x6
 1358 080a 4E040000 		.4byte	.LASF99
 1359 080e 0E       		.byte	0xe
 1360 080f 7D       		.byte	0x7d
 1361 0810 5F050000 		.4byte	0x55f
 1362 0814 02       		.byte	0x2
 1363 0815 23       		.byte	0x23
 1364 0816 0C       		.uleb128 0xc
 1365 0817 07       		.uleb128 0x7
 1366 0818 70757400 		.ascii	"put\000"
 1367 081c 0E       		.byte	0xe
 1368 081d 7D       		.byte	0x7d
 1369 081e 7F050000 		.4byte	0x57f
 1370 0822 02       		.byte	0x2
 1371 0823 23       		.byte	0x23
 1372 0824 10       		.uleb128 0x10
 1373 0825 07       		.uleb128 0x7
 1374 0826 67657400 		.ascii	"get\000"
 1375 082a 0E       		.byte	0xe
 1376 082b 7D       		.byte	0x7d
 1377 082c 9A050000 		.4byte	0x59a
 1378 0830 02       		.byte	0x2
 1379 0831 23       		.byte	0x23
 1380 0832 14       		.uleb128 0x14
 1381 0833 06       		.uleb128 0x6
 1382 0834 97010000 		.4byte	.LASF100
 1383 0838 0E       		.byte	0xe
 1384 0839 7D       		.byte	0x7d
 1385 083a BF050000 		.4byte	0x5bf
 1386 083e 02       		.byte	0x2
 1387 083f 23       		.byte	0x23
 1388 0840 18       		.uleb128 0x18
 1389 0841 06       		.uleb128 0x6
 1390 0842 84000000 		.4byte	.LASF101
 1391 0846 0E       		.byte	0xe
 1392 0847 7D       		.byte	0x7d
 1393 0848 E4050000 		.4byte	0x5e4
 1394 084c 02       		.byte	0x2
 1395 084d 23       		.byte	0x23
 1396 084e 1C       		.uleb128 0x1c
 1397 084f 06       		.uleb128 0x6
 1398 0850 A8030000 		.4byte	.LASF102
 1399 0854 0E       		.byte	0xe
 1400 0855 7D       		.byte	0x7d
 1401 0856 06060000 		.4byte	0x606
 1402 085a 02       		.byte	0x2
 1403 085b 23       		.byte	0x23
 1404 085c 20       		.uleb128 0x20
 1405 085d 00       		.byte	0x0
 1406 085e 09       		.uleb128 0x9
 1407 085f 04       		.byte	0x4
 1408 0860 64080000 		.4byte	0x864
 1409 0864 10       		.uleb128 0x10
 1410 0865 D3070000 		.4byte	0x7d3
 1411 0869 19       		.uleb128 0x19
 1412 086a 49000000 		.4byte	0x49
ARM GAS  /tmp/ccYggLei.s 			page 26


 1413 086e 79080000 		.4byte	0x879
 1414 0872 1A       		.uleb128 0x1a
 1415 0873 3B000000 		.4byte	0x3b
 1416 0877 0F       		.byte	0xf
 1417 0878 00       		.byte	0x0
 1418 0879 09       		.uleb128 0x9
 1419 087a 04       		.byte	0x4
 1420 087b 0D070000 		.4byte	0x70d
 1421 087f 1B       		.uleb128 0x1b
 1422 0880 01       		.byte	0x1
 1423 0881 79030000 		.4byte	.LASF115
 1424 0885 01       		.byte	0x1
 1425 0886 17       		.byte	0x17
 1426 0887 01       		.byte	0x1
 1427 0888 00000000 		.4byte	.LFB62
 1428 088c 18000000 		.4byte	.LFE62
 1429 0890 00000000 		.4byte	.LLST0
 1430 0894 1C       		.uleb128 0x1c
 1431 0895 01       		.byte	0x1
 1432 0896 1E020000 		.4byte	.LASF116
 1433 089a 01       		.byte	0x1
 1434 089b 1E       		.byte	0x1e
 1435 089c 01       		.byte	0x1
 1436 089d 00000000 		.4byte	.LFB63
 1437 08a1 D0000000 		.4byte	.LFE63
 1438 08a5 20000000 		.4byte	.LLST1
 1439 08a9 02090000 		.4byte	0x902
 1440 08ad 1D       		.uleb128 0x1d
 1441 08ae 00000000 		.4byte	.Ldebug_ranges0+0x0
 1442 08b2 1E       		.uleb128 0x1e
 1443 08b3 10020000 		.4byte	.LASF103
 1444 08b7 01       		.byte	0x1
 1445 08b8 23       		.byte	0x23
 1446 08b9 29000000 		.4byte	0x29
 1447 08bd 4C000000 		.4byte	.LLST2
 1448 08c1 1F       		.uleb128 0x1f
 1449 08c2 24000000 		.4byte	.LBB3
 1450 08c6 A6000000 		.4byte	.LBE3
 1451 08ca 20       		.uleb128 0x20
 1452 08cb 656F6D00 		.ascii	"eom\000"
 1453 08cf 01       		.byte	0x1
 1454 08d0 29       		.byte	0x29
 1455 08d1 49000000 		.4byte	0x49
 1456 08d5 02       		.byte	0x2
 1457 08d6 91       		.byte	0x91
 1458 08d7 5F       		.sleb128 -33
 1459 08d8 1E       		.uleb128 0x1e
 1460 08d9 62020000 		.4byte	.LASF104
 1461 08dd 01       		.byte	0x1
 1462 08de 2A       		.byte	0x2a
 1463 08df 49000000 		.4byte	0x49
 1464 08e3 6A000000 		.4byte	.LLST3
 1465 08e7 1E       		.uleb128 0x1e
 1466 08e8 66000000 		.4byte	.LASF105
 1467 08ec 01       		.byte	0x1
 1468 08ed 2B       		.byte	0x2b
 1469 08ee 29000000 		.4byte	0x29
ARM GAS  /tmp/ccYggLei.s 			page 27


 1470 08f2 7D000000 		.4byte	.LLST4
 1471 08f6 21       		.uleb128 0x21
 1472 08f7 6900     		.ascii	"i\000"
 1473 08f9 01       		.byte	0x1
 1474 08fa 2B       		.byte	0x2b
 1475 08fb 29000000 		.4byte	0x29
 1476 08ff 00       		.byte	0x0
 1477 0900 00       		.byte	0x0
 1478 0901 00       		.byte	0x0
 1479 0902 22       		.uleb128 0x22
 1480 0903 70000000 		.4byte	.LASF106
 1481 0907 0F       		.byte	0xf
 1482 0908 9404     		.2byte	0x494
 1483 090a 2E060000 		.4byte	0x62e
 1484 090e 01       		.byte	0x1
 1485 090f 01       		.byte	0x1
 1486 0910 23       		.uleb128 0x23
 1487 0911 53443100 		.ascii	"SD1\000"
 1488 0915 10       		.byte	0x10
 1489 0916 FB       		.byte	0xfb
 1490 0917 3F070000 		.4byte	0x73f
 1491 091b 01       		.byte	0x1
 1492 091c 01       		.byte	0x1
 1493 091d 19       		.uleb128 0x19
 1494 091e 49000000 		.4byte	0x49
 1495 0922 2D090000 		.4byte	0x92d
 1496 0926 1A       		.uleb128 0x1a
 1497 0927 3B000000 		.4byte	0x3b
 1498 092b 1F       		.byte	0x1f
 1499 092c 00       		.byte	0x0
 1500 092d 24       		.uleb128 0x24
 1501 092e 4F020000 		.4byte	.LASF107
 1502 0932 01       		.byte	0x1
 1503 0933 10       		.byte	0x10
 1504 0934 1D090000 		.4byte	0x91d
 1505 0938 05       		.byte	0x5
 1506 0939 03       		.byte	0x3
 1507 093a 00000000 		.4byte	buffer_raw
 1508 093e 24       		.uleb128 0x24
 1509 093f A1030000 		.4byte	.LASF108
 1510 0943 01       		.byte	0x1
 1511 0944 11       		.byte	0x11
 1512 0945 1D090000 		.4byte	0x91d
 1513 0949 05       		.byte	0x5
 1514 094a 03       		.byte	0x3
 1515 094b 00000000 		.4byte	buffer
 1516 094f 25       		.uleb128 0x25
 1517 0950 5C040000 		.4byte	.LASF109
 1518 0954 01       		.byte	0x1
 1519 0955 12       		.byte	0x12
 1520 0956 1D090000 		.4byte	0x91d
 1521 095a 25       		.uleb128 0x25
 1522 095b 00000000 		.4byte	.LASF110
 1523 095f 01       		.byte	0x1
 1524 0960 13       		.byte	0x13
 1525 0961 29000000 		.4byte	0x29
 1526 0965 19       		.uleb128 0x19
ARM GAS  /tmp/ccYggLei.s 			page 28


 1527 0966 0C060000 		.4byte	0x60c
 1528 096a 75090000 		.4byte	0x975
 1529 096e 1A       		.uleb128 0x1a
 1530 096f 3B000000 		.4byte	0x3b
 1531 0973 03       		.byte	0x3
 1532 0974 00       		.byte	0x0
 1533 0975 25       		.uleb128 0x25
 1534 0976 20000000 		.4byte	.LASF111
 1535 097a 01       		.byte	0x1
 1536 097b 69       		.byte	0x69
 1537 097c 65090000 		.4byte	0x965
 1538 0980 22       		.uleb128 0x22
 1539 0981 70000000 		.4byte	.LASF106
 1540 0985 0F       		.byte	0xf
 1541 0986 9404     		.2byte	0x494
 1542 0988 2E060000 		.4byte	0x62e
 1543 098c 01       		.byte	0x1
 1544 098d 01       		.byte	0x1
 1545 098e 23       		.uleb128 0x23
 1546 098f 53443100 		.ascii	"SD1\000"
 1547 0993 10       		.byte	0x10
 1548 0994 FB       		.byte	0xfb
 1549 0995 3F070000 		.4byte	0x73f
 1550 0999 01       		.byte	0x1
 1551 099a 01       		.byte	0x1
 1552 099b 00       		.byte	0x0
 1553              		.section	.debug_abbrev
 1554 0000 01       		.uleb128 0x1
 1555 0001 11       		.uleb128 0x11
 1556 0002 01       		.byte	0x1
 1557 0003 25       		.uleb128 0x25
 1558 0004 0E       		.uleb128 0xe
 1559 0005 13       		.uleb128 0x13
 1560 0006 0B       		.uleb128 0xb
 1561 0007 03       		.uleb128 0x3
 1562 0008 0E       		.uleb128 0xe
 1563 0009 1B       		.uleb128 0x1b
 1564 000a 0E       		.uleb128 0xe
 1565 000b 11       		.uleb128 0x11
 1566 000c 01       		.uleb128 0x1
 1567 000d 52       		.uleb128 0x52
 1568 000e 01       		.uleb128 0x1
 1569 000f 55       		.uleb128 0x55
 1570 0010 06       		.uleb128 0x6
 1571 0011 10       		.uleb128 0x10
 1572 0012 06       		.uleb128 0x6
 1573 0013 00       		.byte	0x0
 1574 0014 00       		.byte	0x0
 1575 0015 02       		.uleb128 0x2
 1576 0016 24       		.uleb128 0x24
 1577 0017 00       		.byte	0x0
 1578 0018 0B       		.uleb128 0xb
 1579 0019 0B       		.uleb128 0xb
 1580 001a 3E       		.uleb128 0x3e
 1581 001b 0B       		.uleb128 0xb
 1582 001c 03       		.uleb128 0x3
 1583 001d 08       		.uleb128 0x8
ARM GAS  /tmp/ccYggLei.s 			page 29


 1584 001e 00       		.byte	0x0
 1585 001f 00       		.byte	0x0
 1586 0020 03       		.uleb128 0x3
 1587 0021 16       		.uleb128 0x16
 1588 0022 00       		.byte	0x0
 1589 0023 03       		.uleb128 0x3
 1590 0024 0E       		.uleb128 0xe
 1591 0025 3A       		.uleb128 0x3a
 1592 0026 0B       		.uleb128 0xb
 1593 0027 3B       		.uleb128 0x3b
 1594 0028 0B       		.uleb128 0xb
 1595 0029 49       		.uleb128 0x49
 1596 002a 13       		.uleb128 0x13
 1597 002b 00       		.byte	0x0
 1598 002c 00       		.byte	0x0
 1599 002d 04       		.uleb128 0x4
 1600 002e 24       		.uleb128 0x24
 1601 002f 00       		.byte	0x0
 1602 0030 0B       		.uleb128 0xb
 1603 0031 0B       		.uleb128 0xb
 1604 0032 3E       		.uleb128 0x3e
 1605 0033 0B       		.uleb128 0xb
 1606 0034 03       		.uleb128 0x3
 1607 0035 0E       		.uleb128 0xe
 1608 0036 00       		.byte	0x0
 1609 0037 00       		.byte	0x0
 1610 0038 05       		.uleb128 0x5
 1611 0039 13       		.uleb128 0x13
 1612 003a 01       		.byte	0x1
 1613 003b 03       		.uleb128 0x3
 1614 003c 0E       		.uleb128 0xe
 1615 003d 0B       		.uleb128 0xb
 1616 003e 0B       		.uleb128 0xb
 1617 003f 3A       		.uleb128 0x3a
 1618 0040 0B       		.uleb128 0xb
 1619 0041 3B       		.uleb128 0x3b
 1620 0042 0B       		.uleb128 0xb
 1621 0043 01       		.uleb128 0x1
 1622 0044 13       		.uleb128 0x13
 1623 0045 00       		.byte	0x0
 1624 0046 00       		.byte	0x0
 1625 0047 06       		.uleb128 0x6
 1626 0048 0D       		.uleb128 0xd
 1627 0049 00       		.byte	0x0
 1628 004a 03       		.uleb128 0x3
 1629 004b 0E       		.uleb128 0xe
 1630 004c 3A       		.uleb128 0x3a
 1631 004d 0B       		.uleb128 0xb
 1632 004e 3B       		.uleb128 0x3b
 1633 004f 0B       		.uleb128 0xb
 1634 0050 49       		.uleb128 0x49
 1635 0051 13       		.uleb128 0x13
 1636 0052 38       		.uleb128 0x38
 1637 0053 0A       		.uleb128 0xa
 1638 0054 00       		.byte	0x0
 1639 0055 00       		.byte	0x0
 1640 0056 07       		.uleb128 0x7
ARM GAS  /tmp/ccYggLei.s 			page 30


 1641 0057 0D       		.uleb128 0xd
 1642 0058 00       		.byte	0x0
 1643 0059 03       		.uleb128 0x3
 1644 005a 08       		.uleb128 0x8
 1645 005b 3A       		.uleb128 0x3a
 1646 005c 0B       		.uleb128 0xb
 1647 005d 3B       		.uleb128 0x3b
 1648 005e 0B       		.uleb128 0xb
 1649 005f 49       		.uleb128 0x49
 1650 0060 13       		.uleb128 0x13
 1651 0061 38       		.uleb128 0x38
 1652 0062 0A       		.uleb128 0xa
 1653 0063 00       		.byte	0x0
 1654 0064 00       		.byte	0x0
 1655 0065 08       		.uleb128 0x8
 1656 0066 13       		.uleb128 0x13
 1657 0067 01       		.byte	0x1
 1658 0068 0B       		.uleb128 0xb
 1659 0069 0B       		.uleb128 0xb
 1660 006a 3A       		.uleb128 0x3a
 1661 006b 0B       		.uleb128 0xb
 1662 006c 3B       		.uleb128 0x3b
 1663 006d 0B       		.uleb128 0xb
 1664 006e 01       		.uleb128 0x1
 1665 006f 13       		.uleb128 0x13
 1666 0070 00       		.byte	0x0
 1667 0071 00       		.byte	0x0
 1668 0072 09       		.uleb128 0x9
 1669 0073 0F       		.uleb128 0xf
 1670 0074 00       		.byte	0x0
 1671 0075 0B       		.uleb128 0xb
 1672 0076 0B       		.uleb128 0xb
 1673 0077 49       		.uleb128 0x49
 1674 0078 13       		.uleb128 0x13
 1675 0079 00       		.byte	0x0
 1676 007a 00       		.byte	0x0
 1677 007b 0A       		.uleb128 0xa
 1678 007c 0F       		.uleb128 0xf
 1679 007d 00       		.byte	0x0
 1680 007e 0B       		.uleb128 0xb
 1681 007f 0B       		.uleb128 0xb
 1682 0080 00       		.byte	0x0
 1683 0081 00       		.byte	0x0
 1684 0082 0B       		.uleb128 0xb
 1685 0083 0D       		.uleb128 0xd
 1686 0084 00       		.byte	0x0
 1687 0085 03       		.uleb128 0x3
 1688 0086 08       		.uleb128 0x8
 1689 0087 3A       		.uleb128 0x3a
 1690 0088 0B       		.uleb128 0xb
 1691 0089 3B       		.uleb128 0x3b
 1692 008a 05       		.uleb128 0x5
 1693 008b 49       		.uleb128 0x49
 1694 008c 13       		.uleb128 0x13
 1695 008d 38       		.uleb128 0x38
 1696 008e 0A       		.uleb128 0xa
 1697 008f 00       		.byte	0x0
ARM GAS  /tmp/ccYggLei.s 			page 31


 1698 0090 00       		.byte	0x0
 1699 0091 0C       		.uleb128 0xc
 1700 0092 13       		.uleb128 0x13
 1701 0093 01       		.byte	0x1
 1702 0094 03       		.uleb128 0x3
 1703 0095 0E       		.uleb128 0xe
 1704 0096 0B       		.uleb128 0xb
 1705 0097 0B       		.uleb128 0xb
 1706 0098 3A       		.uleb128 0x3a
 1707 0099 0B       		.uleb128 0xb
 1708 009a 3B       		.uleb128 0x3b
 1709 009b 05       		.uleb128 0x5
 1710 009c 01       		.uleb128 0x1
 1711 009d 13       		.uleb128 0x13
 1712 009e 00       		.byte	0x0
 1713 009f 00       		.byte	0x0
 1714 00a0 0D       		.uleb128 0xd
 1715 00a1 35       		.uleb128 0x35
 1716 00a2 00       		.byte	0x0
 1717 00a3 49       		.uleb128 0x49
 1718 00a4 13       		.uleb128 0x13
 1719 00a5 00       		.byte	0x0
 1720 00a6 00       		.byte	0x0
 1721 00a7 0E       		.uleb128 0xe
 1722 00a8 17       		.uleb128 0x17
 1723 00a9 01       		.byte	0x1
 1724 00aa 0B       		.uleb128 0xb
 1725 00ab 0B       		.uleb128 0xb
 1726 00ac 3A       		.uleb128 0x3a
 1727 00ad 0B       		.uleb128 0xb
 1728 00ae 3B       		.uleb128 0x3b
 1729 00af 0B       		.uleb128 0xb
 1730 00b0 01       		.uleb128 0x1
 1731 00b1 13       		.uleb128 0x13
 1732 00b2 00       		.byte	0x0
 1733 00b3 00       		.byte	0x0
 1734 00b4 0F       		.uleb128 0xf
 1735 00b5 0D       		.uleb128 0xd
 1736 00b6 00       		.byte	0x0
 1737 00b7 03       		.uleb128 0x3
 1738 00b8 0E       		.uleb128 0xe
 1739 00b9 3A       		.uleb128 0x3a
 1740 00ba 0B       		.uleb128 0xb
 1741 00bb 3B       		.uleb128 0x3b
 1742 00bc 0B       		.uleb128 0xb
 1743 00bd 49       		.uleb128 0x49
 1744 00be 13       		.uleb128 0x13
 1745 00bf 00       		.byte	0x0
 1746 00c0 00       		.byte	0x0
 1747 00c1 10       		.uleb128 0x10
 1748 00c2 26       		.uleb128 0x26
 1749 00c3 00       		.byte	0x0
 1750 00c4 49       		.uleb128 0x49
 1751 00c5 13       		.uleb128 0x13
 1752 00c6 00       		.byte	0x0
 1753 00c7 00       		.byte	0x0
 1754 00c8 11       		.uleb128 0x11
ARM GAS  /tmp/ccYggLei.s 			page 32


 1755 00c9 15       		.uleb128 0x15
 1756 00ca 01       		.byte	0x1
 1757 00cb 27       		.uleb128 0x27
 1758 00cc 0C       		.uleb128 0xc
 1759 00cd 01       		.uleb128 0x1
 1760 00ce 13       		.uleb128 0x13
 1761 00cf 00       		.byte	0x0
 1762 00d0 00       		.byte	0x0
 1763 00d1 12       		.uleb128 0x12
 1764 00d2 05       		.uleb128 0x5
 1765 00d3 00       		.byte	0x0
 1766 00d4 49       		.uleb128 0x49
 1767 00d5 13       		.uleb128 0x13
 1768 00d6 00       		.byte	0x0
 1769 00d7 00       		.byte	0x0
 1770 00d8 13       		.uleb128 0x13
 1771 00d9 15       		.uleb128 0x15
 1772 00da 01       		.byte	0x1
 1773 00db 27       		.uleb128 0x27
 1774 00dc 0C       		.uleb128 0xc
 1775 00dd 49       		.uleb128 0x49
 1776 00de 13       		.uleb128 0x13
 1777 00df 01       		.uleb128 0x1
 1778 00e0 13       		.uleb128 0x13
 1779 00e1 00       		.byte	0x0
 1780 00e2 00       		.byte	0x0
 1781 00e3 14       		.uleb128 0x14
 1782 00e4 16       		.uleb128 0x16
 1783 00e5 00       		.byte	0x0
 1784 00e6 03       		.uleb128 0x3
 1785 00e7 0E       		.uleb128 0xe
 1786 00e8 3A       		.uleb128 0x3a
 1787 00e9 0B       		.uleb128 0xb
 1788 00ea 3B       		.uleb128 0x3b
 1789 00eb 05       		.uleb128 0x5
 1790 00ec 49       		.uleb128 0x49
 1791 00ed 13       		.uleb128 0x13
 1792 00ee 00       		.byte	0x0
 1793 00ef 00       		.byte	0x0
 1794 00f0 15       		.uleb128 0x15
 1795 00f1 13       		.uleb128 0x13
 1796 00f2 01       		.byte	0x1
 1797 00f3 0B       		.uleb128 0xb
 1798 00f4 0B       		.uleb128 0xb
 1799 00f5 3A       		.uleb128 0x3a
 1800 00f6 0B       		.uleb128 0xb
 1801 00f7 3B       		.uleb128 0x3b
 1802 00f8 05       		.uleb128 0x5
 1803 00f9 01       		.uleb128 0x1
 1804 00fa 13       		.uleb128 0x13
 1805 00fb 00       		.byte	0x0
 1806 00fc 00       		.byte	0x0
 1807 00fd 16       		.uleb128 0x16
 1808 00fe 0D       		.uleb128 0xd
 1809 00ff 00       		.byte	0x0
 1810 0100 03       		.uleb128 0x3
 1811 0101 0E       		.uleb128 0xe
ARM GAS  /tmp/ccYggLei.s 			page 33


 1812 0102 3A       		.uleb128 0x3a
 1813 0103 0B       		.uleb128 0xb
 1814 0104 3B       		.uleb128 0x3b
 1815 0105 05       		.uleb128 0x5
 1816 0106 49       		.uleb128 0x49
 1817 0107 13       		.uleb128 0x13
 1818 0108 38       		.uleb128 0x38
 1819 0109 0A       		.uleb128 0xa
 1820 010a 00       		.byte	0x0
 1821 010b 00       		.byte	0x0
 1822 010c 17       		.uleb128 0x17
 1823 010d 04       		.uleb128 0x4
 1824 010e 01       		.byte	0x1
 1825 010f 0B       		.uleb128 0xb
 1826 0110 0B       		.uleb128 0xb
 1827 0111 3A       		.uleb128 0x3a
 1828 0112 0B       		.uleb128 0xb
 1829 0113 3B       		.uleb128 0x3b
 1830 0114 0B       		.uleb128 0xb
 1831 0115 01       		.uleb128 0x1
 1832 0116 13       		.uleb128 0x13
 1833 0117 00       		.byte	0x0
 1834 0118 00       		.byte	0x0
 1835 0119 18       		.uleb128 0x18
 1836 011a 28       		.uleb128 0x28
 1837 011b 00       		.byte	0x0
 1838 011c 03       		.uleb128 0x3
 1839 011d 0E       		.uleb128 0xe
 1840 011e 1C       		.uleb128 0x1c
 1841 011f 0D       		.uleb128 0xd
 1842 0120 00       		.byte	0x0
 1843 0121 00       		.byte	0x0
 1844 0122 19       		.uleb128 0x19
 1845 0123 01       		.uleb128 0x1
 1846 0124 01       		.byte	0x1
 1847 0125 49       		.uleb128 0x49
 1848 0126 13       		.uleb128 0x13
 1849 0127 01       		.uleb128 0x1
 1850 0128 13       		.uleb128 0x13
 1851 0129 00       		.byte	0x0
 1852 012a 00       		.byte	0x0
 1853 012b 1A       		.uleb128 0x1a
 1854 012c 21       		.uleb128 0x21
 1855 012d 00       		.byte	0x0
 1856 012e 49       		.uleb128 0x49
 1857 012f 13       		.uleb128 0x13
 1858 0130 2F       		.uleb128 0x2f
 1859 0131 0B       		.uleb128 0xb
 1860 0132 00       		.byte	0x0
 1861 0133 00       		.byte	0x0
 1862 0134 1B       		.uleb128 0x1b
 1863 0135 2E       		.uleb128 0x2e
 1864 0136 00       		.byte	0x0
 1865 0137 3F       		.uleb128 0x3f
 1866 0138 0C       		.uleb128 0xc
 1867 0139 03       		.uleb128 0x3
 1868 013a 0E       		.uleb128 0xe
ARM GAS  /tmp/ccYggLei.s 			page 34


 1869 013b 3A       		.uleb128 0x3a
 1870 013c 0B       		.uleb128 0xb
 1871 013d 3B       		.uleb128 0x3b
 1872 013e 0B       		.uleb128 0xb
 1873 013f 27       		.uleb128 0x27
 1874 0140 0C       		.uleb128 0xc
 1875 0141 11       		.uleb128 0x11
 1876 0142 01       		.uleb128 0x1
 1877 0143 12       		.uleb128 0x12
 1878 0144 01       		.uleb128 0x1
 1879 0145 40       		.uleb128 0x40
 1880 0146 06       		.uleb128 0x6
 1881 0147 00       		.byte	0x0
 1882 0148 00       		.byte	0x0
 1883 0149 1C       		.uleb128 0x1c
 1884 014a 2E       		.uleb128 0x2e
 1885 014b 01       		.byte	0x1
 1886 014c 3F       		.uleb128 0x3f
 1887 014d 0C       		.uleb128 0xc
 1888 014e 03       		.uleb128 0x3
 1889 014f 0E       		.uleb128 0xe
 1890 0150 3A       		.uleb128 0x3a
 1891 0151 0B       		.uleb128 0xb
 1892 0152 3B       		.uleb128 0x3b
 1893 0153 0B       		.uleb128 0xb
 1894 0154 27       		.uleb128 0x27
 1895 0155 0C       		.uleb128 0xc
 1896 0156 11       		.uleb128 0x11
 1897 0157 01       		.uleb128 0x1
 1898 0158 12       		.uleb128 0x12
 1899 0159 01       		.uleb128 0x1
 1900 015a 40       		.uleb128 0x40
 1901 015b 06       		.uleb128 0x6
 1902 015c 01       		.uleb128 0x1
 1903 015d 13       		.uleb128 0x13
 1904 015e 00       		.byte	0x0
 1905 015f 00       		.byte	0x0
 1906 0160 1D       		.uleb128 0x1d
 1907 0161 0B       		.uleb128 0xb
 1908 0162 01       		.byte	0x1
 1909 0163 55       		.uleb128 0x55
 1910 0164 06       		.uleb128 0x6
 1911 0165 00       		.byte	0x0
 1912 0166 00       		.byte	0x0
 1913 0167 1E       		.uleb128 0x1e
 1914 0168 34       		.uleb128 0x34
 1915 0169 00       		.byte	0x0
 1916 016a 03       		.uleb128 0x3
 1917 016b 0E       		.uleb128 0xe
 1918 016c 3A       		.uleb128 0x3a
 1919 016d 0B       		.uleb128 0xb
 1920 016e 3B       		.uleb128 0x3b
 1921 016f 0B       		.uleb128 0xb
 1922 0170 49       		.uleb128 0x49
 1923 0171 13       		.uleb128 0x13
 1924 0172 02       		.uleb128 0x2
 1925 0173 06       		.uleb128 0x6
ARM GAS  /tmp/ccYggLei.s 			page 35


 1926 0174 00       		.byte	0x0
 1927 0175 00       		.byte	0x0
 1928 0176 1F       		.uleb128 0x1f
 1929 0177 0B       		.uleb128 0xb
 1930 0178 01       		.byte	0x1
 1931 0179 11       		.uleb128 0x11
 1932 017a 01       		.uleb128 0x1
 1933 017b 12       		.uleb128 0x12
 1934 017c 01       		.uleb128 0x1
 1935 017d 00       		.byte	0x0
 1936 017e 00       		.byte	0x0
 1937 017f 20       		.uleb128 0x20
 1938 0180 34       		.uleb128 0x34
 1939 0181 00       		.byte	0x0
 1940 0182 03       		.uleb128 0x3
 1941 0183 08       		.uleb128 0x8
 1942 0184 3A       		.uleb128 0x3a
 1943 0185 0B       		.uleb128 0xb
 1944 0186 3B       		.uleb128 0x3b
 1945 0187 0B       		.uleb128 0xb
 1946 0188 49       		.uleb128 0x49
 1947 0189 13       		.uleb128 0x13
 1948 018a 02       		.uleb128 0x2
 1949 018b 0A       		.uleb128 0xa
 1950 018c 00       		.byte	0x0
 1951 018d 00       		.byte	0x0
 1952 018e 21       		.uleb128 0x21
 1953 018f 34       		.uleb128 0x34
 1954 0190 00       		.byte	0x0
 1955 0191 03       		.uleb128 0x3
 1956 0192 08       		.uleb128 0x8
 1957 0193 3A       		.uleb128 0x3a
 1958 0194 0B       		.uleb128 0xb
 1959 0195 3B       		.uleb128 0x3b
 1960 0196 0B       		.uleb128 0xb
 1961 0197 49       		.uleb128 0x49
 1962 0198 13       		.uleb128 0x13
 1963 0199 00       		.byte	0x0
 1964 019a 00       		.byte	0x0
 1965 019b 22       		.uleb128 0x22
 1966 019c 34       		.uleb128 0x34
 1967 019d 00       		.byte	0x0
 1968 019e 03       		.uleb128 0x3
 1969 019f 0E       		.uleb128 0xe
 1970 01a0 3A       		.uleb128 0x3a
 1971 01a1 0B       		.uleb128 0xb
 1972 01a2 3B       		.uleb128 0x3b
 1973 01a3 05       		.uleb128 0x5
 1974 01a4 49       		.uleb128 0x49
 1975 01a5 13       		.uleb128 0x13
 1976 01a6 3F       		.uleb128 0x3f
 1977 01a7 0C       		.uleb128 0xc
 1978 01a8 3C       		.uleb128 0x3c
 1979 01a9 0C       		.uleb128 0xc
 1980 01aa 00       		.byte	0x0
 1981 01ab 00       		.byte	0x0
 1982 01ac 23       		.uleb128 0x23
ARM GAS  /tmp/ccYggLei.s 			page 36


 1983 01ad 34       		.uleb128 0x34
 1984 01ae 00       		.byte	0x0
 1985 01af 03       		.uleb128 0x3
 1986 01b0 08       		.uleb128 0x8
 1987 01b1 3A       		.uleb128 0x3a
 1988 01b2 0B       		.uleb128 0xb
 1989 01b3 3B       		.uleb128 0x3b
 1990 01b4 0B       		.uleb128 0xb
 1991 01b5 49       		.uleb128 0x49
 1992 01b6 13       		.uleb128 0x13
 1993 01b7 3F       		.uleb128 0x3f
 1994 01b8 0C       		.uleb128 0xc
 1995 01b9 3C       		.uleb128 0x3c
 1996 01ba 0C       		.uleb128 0xc
 1997 01bb 00       		.byte	0x0
 1998 01bc 00       		.byte	0x0
 1999 01bd 24       		.uleb128 0x24
 2000 01be 34       		.uleb128 0x34
 2001 01bf 00       		.byte	0x0
 2002 01c0 03       		.uleb128 0x3
 2003 01c1 0E       		.uleb128 0xe
 2004 01c2 3A       		.uleb128 0x3a
 2005 01c3 0B       		.uleb128 0xb
 2006 01c4 3B       		.uleb128 0x3b
 2007 01c5 0B       		.uleb128 0xb
 2008 01c6 49       		.uleb128 0x49
 2009 01c7 13       		.uleb128 0x13
 2010 01c8 02       		.uleb128 0x2
 2011 01c9 0A       		.uleb128 0xa
 2012 01ca 00       		.byte	0x0
 2013 01cb 00       		.byte	0x0
 2014 01cc 25       		.uleb128 0x25
 2015 01cd 34       		.uleb128 0x34
 2016 01ce 00       		.byte	0x0
 2017 01cf 03       		.uleb128 0x3
 2018 01d0 0E       		.uleb128 0xe
 2019 01d1 3A       		.uleb128 0x3a
 2020 01d2 0B       		.uleb128 0xb
 2021 01d3 3B       		.uleb128 0x3b
 2022 01d4 0B       		.uleb128 0xb
 2023 01d5 49       		.uleb128 0x49
 2024 01d6 13       		.uleb128 0x13
 2025 01d7 00       		.byte	0x0
 2026 01d8 00       		.byte	0x0
 2027 01d9 00       		.byte	0x0
 2028              		.section	.debug_pubnames,"",%progbits
 2029 0000 31000000 		.4byte	0x31
 2030 0004 0200     		.2byte	0x2
 2031 0006 00000000 		.4byte	.Ldebug_info0
 2032 000a 9C090000 		.4byte	0x99c
 2033 000e 7F080000 		.4byte	0x87f
 2034 0012 6370755F 		.ascii	"cpu_io_init\000"
 2034      696F5F69 
 2034      6E697400 
 2035 001e 94080000 		.4byte	0x894
 2036 0022 6370755F 		.ascii	"cpu_io_process\000"
 2036      696F5F70 
ARM GAS  /tmp/ccYggLei.s 			page 37


 2036      726F6365 
 2036      737300
 2037 0031 00000000 		.4byte	0x0
 2038              		.section	.debug_pubtypes,"",%progbits
 2039 0000 41020000 		.4byte	0x241
 2040 0004 0200     		.2byte	0x2
 2041 0006 00000000 		.4byte	.Ldebug_info0
 2042 000a 9C090000 		.4byte	0x99c
 2043 000e 30000000 		.4byte	0x30
 2044 0012 73697A65 		.ascii	"size_t\000"
 2044      5F7400
 2045 0019 49000000 		.4byte	0x49
 2046 001d 75696E74 		.ascii	"uint8_t\000"
 2046      385F7400 
 2047 0025 62000000 		.4byte	0x62
 2048 0029 75696E74 		.ascii	"uint16_t\000"
 2048      31365F74 
 2048      00
 2049 0032 74000000 		.4byte	0x74
 2050 0036 696E7433 		.ascii	"int32_t\000"
 2050      325F7400 
 2051 003e 86000000 		.4byte	0x86
 2052 0042 75696E74 		.ascii	"uint32_t\000"
 2052      33325F74 
 2052      00
 2053 004b 9F000000 		.4byte	0x9f
 2054 004f 75696E74 		.ascii	"uint64_t\000"
 2054      36345F74 
 2054      00
 2055 0058 B1000000 		.4byte	0xb1
 2056 005c 75696E74 		.ascii	"uint_fast16_t\000"
 2056      5F666173 
 2056      7431365F 
 2056      7400
 2057 006a BC000000 		.4byte	0xbc
 2058 006e 626F6F6C 		.ascii	"bool_t\000"
 2058      5F7400
 2059 0075 C7000000 		.4byte	0xc7
 2060 0079 746D6F64 		.ascii	"tmode_t\000"
 2060      655F7400 
 2061 0081 D2000000 		.4byte	0xd2
 2062 0085 74737461 		.ascii	"tstate_t\000"
 2062      74655F74 
 2062      00
 2063 008e DD000000 		.4byte	0xdd
 2064 0092 74707269 		.ascii	"tprio_t\000"
 2064      6F5F7400 
 2065 009a E8000000 		.4byte	0xe8
 2066 009e 6D73675F 		.ascii	"msg_t\000"
 2066      7400
 2067 00a4 F3000000 		.4byte	0xf3
 2068 00a8 6576656E 		.ascii	"eventmask_t\000"
 2068      746D6173 
 2068      6B5F7400 
 2069 00b4 FE000000 		.4byte	0xfe
 2070 00b8 73797374 		.ascii	"systime_t\000"
 2070      696D655F 
ARM GAS  /tmp/ccYggLei.s 			page 38


 2070      7400
 2071 00c2 09010000 		.4byte	0x109
 2072 00c6 54687265 		.ascii	"Thread\000"
 2072      616400
 2073 00cd 48020000 		.4byte	0x248
 2074 00d1 54687265 		.ascii	"ThreadsQueue\000"
 2074      61647351 
 2074      75657565 
 2074      00
 2075 00de 6A020000 		.4byte	0x26a
 2076 00e2 54687265 		.ascii	"ThreadsList\000"
 2076      6164734C 
 2076      69737400 
 2077 00ee 75020000 		.4byte	0x275
 2078 00f2 72656761 		.ascii	"regarm_t\000"
 2078      726D5F74 
 2078      00
 2079 00fb 82020000 		.4byte	0x282
 2080 00ff 73746B61 		.ascii	"stkalign_t\000"
 2080      6C69676E 
 2080      5F7400
 2081 010a 8D020000 		.4byte	0x28d
 2082 010e 696E7463 		.ascii	"intctx\000"
 2082      747800
 2083 0115 1A030000 		.4byte	0x31a
 2084 0119 636F6E74 		.ascii	"context\000"
 2084      65787400 
 2085 0121 42030000 		.4byte	0x342
 2086 0125 4D757465 		.ascii	"Mutex\000"
 2086      7800
 2087 012b 7F030000 		.4byte	0x37f
 2088 012f 4D757465 		.ascii	"Mutex\000"
 2088      7800
 2089 0135 8A030000 		.4byte	0x38a
 2090 0139 4576656E 		.ascii	"EventListener\000"
 2090      744C6973 
 2090      74656E65 
 2090      7200
 2091 0147 95030000 		.4byte	0x395
 2092 014b 4576656E 		.ascii	"EventListener\000"
 2092      744C6973 
 2092      74656E65 
 2092      7200
 2093 0159 D2030000 		.4byte	0x3d2
 2094 015d 4576656E 		.ascii	"EventSource\000"
 2094      74536F75 
 2094      72636500 
 2095 0169 ED030000 		.4byte	0x3ed
 2096 016d 4576656E 		.ascii	"EventSource\000"
 2096      74536F75 
 2096      72636500 
 2097 0179 14010000 		.4byte	0x114
 2098 017d 54687265 		.ascii	"Thread\000"
 2098      616400
 2099 0184 4B040000 		.4byte	0x44b
 2100 0188 47656E65 		.ascii	"GenericQueue\000"
 2100      72696351 
ARM GAS  /tmp/ccYggLei.s 			page 39


 2100      75657565 
 2100      00
 2101 0195 C5040000 		.4byte	0x4c5
 2102 0199 716E6F74 		.ascii	"qnotify_t\000"
 2102      6966795F 
 2102      7400
 2103 01a3 56040000 		.4byte	0x456
 2104 01a7 47656E65 		.ascii	"GenericQueue\000"
 2104      72696351 
 2104      75657565 
 2104      00
 2105 01b4 EE040000 		.4byte	0x4ee
 2106 01b8 496E7075 		.ascii	"InputQueue\000"
 2106      74517565 
 2106      756500
 2107 01c3 F9040000 		.4byte	0x4f9
 2108 01c7 4F757470 		.ascii	"OutputQueue\000"
 2108      75745175 
 2108      65756500 
 2109 01d3 EA050000 		.4byte	0x5ea
 2110 01d7 696F666C 		.ascii	"ioflags_t\000"
 2110      6167735F 
 2110      7400
 2111 01e1 0C060000 		.4byte	0x60c
 2112 01e5 5446756E 		.ascii	"TFunc\000"
 2112      6300
 2113 01eb 0D070000 		.4byte	0x70d
 2114 01ef 55534152 		.ascii	"USART_TypeDef\000"
 2114      545F5479 
 2114      70654465 
 2114      6600
 2115 01fd 34070000 		.4byte	0x734
 2116 0201 73647374 		.ascii	"sdstate_t\000"
 2116      6174655F 
 2116      7400
 2117 020b 3F070000 		.4byte	0x73f
 2118 020f 53657269 		.ascii	"SerialDriver\000"
 2118      616C4472 
 2118      69766572 
 2118      00
 2119 021c D3070000 		.4byte	0x7d3
 2120 0220 53657269 		.ascii	"SerialDriverVMT\000"
 2120      616C4472 
 2120      69766572 
 2120      564D5400 
 2121 0230 4A070000 		.4byte	0x74a
 2122 0234 53657269 		.ascii	"SerialDriver\000"
 2122      616C4472 
 2122      69766572 
 2122      00
 2123 0241 00000000 		.4byte	0x0
 2124              		.section	.debug_aranges,"",%progbits
 2125 0000 24000000 		.4byte	0x24
 2126 0004 0200     		.2byte	0x2
 2127 0006 00000000 		.4byte	.Ldebug_info0
 2128 000a 04       		.byte	0x4
 2129 000b 00       		.byte	0x0
ARM GAS  /tmp/ccYggLei.s 			page 40


 2130 000c 0000     		.2byte	0x0
 2131 000e 0000     		.2byte	0x0
 2132 0010 00000000 		.4byte	.LFB62
 2133 0014 18000000 		.4byte	.LFE62-.LFB62
 2134 0018 00000000 		.4byte	.LFB63
 2135 001c D0000000 		.4byte	.LFE63-.LFB63
 2136 0020 00000000 		.4byte	0x0
 2137 0024 00000000 		.4byte	0x0
 2138              		.section	.debug_ranges,"",%progbits
 2139              	.Ldebug_ranges0:
 2140 0000 06000000 		.4byte	.LBB2
 2141 0004 08000000 		.4byte	.LBE2
 2142 0008 0A000000 		.4byte	.LBB4
 2143 000c D0000000 		.4byte	.LBE4
 2144 0010 00000000 		.4byte	0x0
 2145 0014 00000000 		.4byte	0x0
 2146 0018 00000000 		.4byte	.LFB62
 2147 001c 18000000 		.4byte	.LFE62
 2148 0020 00000000 		.4byte	.LFB63
 2149 0024 D0000000 		.4byte	.LFE63
 2150 0028 00000000 		.4byte	0x0
 2151 002c 00000000 		.4byte	0x0
 2152              		.section	.debug_str,"MS",%progbits,1
 2153              	.LASF110:
 2154 0000 61726773 		.ascii	"args_cnt\000"
 2154      5F636E74 
 2154      00
 2155              	.LASF2:
 2156 0009 73697A65 		.ascii	"size_t\000"
 2156      5F7400
 2157              	.LASF57:
 2158 0010 7264796D 		.ascii	"rdymsg\000"
 2158      736700
 2159              	.LASF13:
 2160 0017 75696E74 		.ascii	"uint64_t\000"
 2160      36345F74 
 2160      00
 2161              	.LASF111:
 2162 0020 66756E63 		.ascii	"funcs\000"
 2162      7300
 2163              	.LASF72:
 2164 0026 4F757470 		.ascii	"OutputQueue\000"
 2164      75745175 
 2164      65756500 
 2165              	.LASF74:
 2166 0032 5446756E 		.ascii	"TFunc\000"
 2166      6300
 2167              	.LASF15:
 2168 0038 75696E74 		.ascii	"uint_fast16_t\000"
 2168      5F666173 
 2168      7431365F 
 2168      7400
 2169              	.LASF14:
 2170 0046 6C6F6E67 		.ascii	"long long unsigned int\000"
 2170      206C6F6E 
 2170      6720756E 
 2170      7369676E 
ARM GAS  /tmp/ccYggLei.s 			page 41


 2170      65642069 
 2171              	.LASF58:
 2172 005d 65786974 		.ascii	"exitcode\000"
 2172      636F6465 
 2172      00
 2173              	.LASF105:
 2174 0066 6F75745F 		.ascii	"out_index\000"
 2174      696E6465 
 2174      7800
 2175              	.LASF106:
 2176 0070 49544D5F 		.ascii	"ITM_RxBuffer\000"
 2176      52784275 
 2176      66666572 
 2176      00
 2177              	.LASF26:
 2178 007d 705F7072 		.ascii	"p_prio\000"
 2178      696F00
 2179              	.LASF101:
 2180 0084 72656164 		.ascii	"readt\000"
 2180      7400
 2181              	.LASF63:
 2182 008a 715F7761 		.ascii	"q_waiting\000"
 2182      6974696E 
 2182      6700
 2183              	.LASF12:
 2184 0094 6C6F6E67 		.ascii	"long long int\000"
 2184      206C6F6E 
 2184      6720696E 
 2184      7400
 2185              	.LASF1:
 2186 00a2 7369676E 		.ascii	"signed char\000"
 2186      65642063 
 2186      68617200 
 2187              	.LASF81:
 2188 00ae 47545052 		.ascii	"GTPR\000"
 2188      00
 2189              	.LASF85:
 2190 00b3 53445F53 		.ascii	"SD_STOP\000"
 2190      544F5000 
 2191              	.LASF16:
 2192 00bb 626F6F6C 		.ascii	"bool_t\000"
 2192      5F7400
 2193              	.LASF48:
 2194 00c2 6D5F7175 		.ascii	"m_queue\000"
 2194      65756500 
 2195              	.LASF91:
 2196 00ca 73746174 		.ascii	"state\000"
 2196      6500
 2197              	.LASF9:
 2198 00d0 6C6F6E67 		.ascii	"long int\000"
 2198      20696E74 
 2198      00
 2199              	.LASF18:
 2200 00d9 74737461 		.ascii	"tstate_t\000"
 2200      74655F74 
 2200      00
 2201              	.LASF65:
ARM GAS  /tmp/ccYggLei.s 			page 42


 2202 00e2 715F6275 		.ascii	"q_buffer\000"
 2202      66666572 
 2202      00
 2203              	.LASF67:
 2204 00eb 715F7772 		.ascii	"q_wrptr\000"
 2204      70747200 
 2205              	.LASF28:
 2206 00f3 705F6E65 		.ascii	"p_newer\000"
 2206      77657200 
 2207              	.LASF98:
 2208 00fb 70757477 		.ascii	"putwouldblock\000"
 2208      6F756C64 
 2208      626C6F63 
 2208      6B00
 2209              	.LASF43:
 2210 0109 72656761 		.ascii	"regarm_t\000"
 2210      726D5F74 
 2210      00
 2211              	.LASF55:
 2212 0112 4576656E 		.ascii	"EventSource\000"
 2212      74536F75 
 2212      72636500 
 2213              	.LASF94:
 2214 011e 75736172 		.ascii	"usart\000"
 2214      7400
 2215              	.LASF0:
 2216 0124 756E7369 		.ascii	"unsigned int\000"
 2216      676E6564 
 2216      20696E74 
 2216      00
 2217              	.LASF6:
 2218 0131 75696E74 		.ascii	"uint16_t\000"
 2218      31365F74 
 2218      00
 2219              	.LASF95:
 2220 013a 53657269 		.ascii	"SerialDriverVMT\000"
 2220      616C4472 
 2220      69766572 
 2220      564D5400 
 2221              	.LASF34:
 2222 014a 705F7469 		.ascii	"p_time\000"
 2222      6D6500
 2223              	.LASF92:
 2224 0151 69717565 		.ascii	"iqueue\000"
 2224      756500
 2225              	.LASF36:
 2226 0158 705F6D73 		.ascii	"p_msgqueue\000"
 2226      67717565 
 2226      756500
 2227              	.LASF89:
 2228 0163 6576656E 		.ascii	"event\000"
 2228      7400
 2229              	.LASF7:
 2230 0169 73686F72 		.ascii	"short unsigned int\000"
 2230      7420756E 
 2230      7369676E 
 2230      65642069 
ARM GAS  /tmp/ccYggLei.s 			page 43


 2230      6E7400
 2231              	.LASF20:
 2232 017c 6D73675F 		.ascii	"msg_t\000"
 2232      7400
 2233              	.LASF93:
 2234 0182 6F717565 		.ascii	"oqueue\000"
 2234      756500
 2235              	.LASF83:
 2236 0189 55534152 		.ascii	"USART_TypeDef\000"
 2236      545F5479 
 2236      70654465 
 2236      6600
 2237              	.LASF100:
 2238 0197 77726974 		.ascii	"writet\000"
 2238      657400
 2239              	.LASF17:
 2240 019e 746D6F64 		.ascii	"tmode_t\000"
 2240      655F7400 
 2241              	.LASF42:
 2242 01a6 54687265 		.ascii	"ThreadsList\000"
 2242      6164734C 
 2242      69737400 
 2243              	.LASF21:
 2244 01b2 6576656E 		.ascii	"eventmask_t\000"
 2244      746D6173 
 2244      6B5F7400 
 2245              	.LASF71:
 2246 01be 496E7075 		.ascii	"InputQueue\000"
 2246      74517565 
 2246      756500
 2247              	.LASF70:
 2248 01c9 716E6F74 		.ascii	"qnotify_t\000"
 2248      6966795F 
 2248      7400
 2249              	.LASF113:
 2250 01d3 2E2F7372 		.ascii	"./src/cpu_io.c\000"
 2250      632F6370 
 2250      755F696F 
 2250      2E6300
 2251              	.LASF62:
 2252 01e2 47656E65 		.ascii	"GenericQueue\000"
 2252      72696351 
 2252      75657565 
 2252      00
 2253              	.LASF44:
 2254 01ef 73746B61 		.ascii	"stkalign_t\000"
 2254      6C69676E 
 2254      5F7400
 2255              	.LASF96:
 2256 01fa 77726974 		.ascii	"write\000"
 2256      6500
 2257              	.LASF64:
 2258 0200 715F636F 		.ascii	"q_counter\000"
 2258      756E7465 
 2258      7200
 2259              	.LASF47:
 2260 020a 4D757465 		.ascii	"Mutex\000"
ARM GAS  /tmp/ccYggLei.s 			page 44


 2260      7800
 2261              	.LASF103:
 2262 0210 696E5F73 		.ascii	"in_sz\000"
 2262      7A00
 2263              	.LASF29:
 2264 0216 705F6F6C 		.ascii	"p_older\000"
 2264      64657200 
 2265              	.LASF116:
 2266 021e 6370755F 		.ascii	"cpu_io_process\000"
 2266      696F5F70 
 2266      726F6365 
 2266      737300
 2267              	.LASF73:
 2268 022d 696F666C 		.ascii	"ioflags_t\000"
 2268      6167735F 
 2268      7400
 2269              	.LASF41:
 2270 0237 54687265 		.ascii	"ThreadsQueue\000"
 2270      61647351 
 2270      75657565 
 2270      00
 2271              	.LASF31:
 2272 0244 705F7374 		.ascii	"p_stklimit\000"
 2272      6B6C696D 
 2272      697400
 2273              	.LASF107:
 2274 024f 62756666 		.ascii	"buffer_raw\000"
 2274      65725F72 
 2274      617700
 2275              	.LASF54:
 2276 025a 656C5F6D 		.ascii	"el_mask\000"
 2276      61736B00 
 2277              	.LASF104:
 2278 0262 73686966 		.ascii	"shift\000"
 2278      7400
 2279              	.LASF75:
 2280 0268 52455345 		.ascii	"RESERVED0\000"
 2280      52564544 
 2280      3000
 2281              	.LASF76:
 2282 0272 52455345 		.ascii	"RESERVED1\000"
 2282      52564544 
 2282      3100
 2283              	.LASF77:
 2284 027c 52455345 		.ascii	"RESERVED2\000"
 2284      52564544 
 2284      3200
 2285              	.LASF78:
 2286 0286 52455345 		.ascii	"RESERVED3\000"
 2286      52564544 
 2286      3300
 2287              	.LASF79:
 2288 0290 52455345 		.ascii	"RESERVED4\000"
 2288      52564544 
 2288      3400
 2289              	.LASF25:
 2290 029a 705F7072 		.ascii	"p_prev\000"
ARM GAS  /tmp/ccYggLei.s 			page 45


 2290      657600
 2291              	.LASF82:
 2292 02a1 52455345 		.ascii	"RESERVED6\000"
 2292      52564544 
 2292      3600
 2293              	.LASF19:
 2294 02ab 74707269 		.ascii	"tprio_t\000"
 2294      6F5F7400 
 2295              	.LASF68:
 2296 02b3 715F7264 		.ascii	"q_rdptr\000"
 2296      70747200 
 2297              	.LASF8:
 2298 02bb 696E7433 		.ascii	"int32_t\000"
 2298      325F7400 
 2299              	.LASF4:
 2300 02c3 756E7369 		.ascii	"unsigned char\000"
 2300      676E6564 
 2300      20636861 
 2300      7200
 2301              	.LASF53:
 2302 02d1 656C5F6C 		.ascii	"el_listener\000"
 2302      69737465 
 2302      6E657200 
 2303              	.LASF39:
 2304 02dd 705F6D74 		.ascii	"p_mtxlist\000"
 2304      786C6973 
 2304      7400
 2305              	.LASF5:
 2306 02e7 73686F72 		.ascii	"short int\000"
 2306      7420696E 
 2306      7400
 2307              	.LASF32:
 2308 02f1 705F7374 		.ascii	"p_state\000"
 2308      61746500 
 2309              	.LASF60:
 2310 02f9 65776D61 		.ascii	"ewmask\000"
 2310      736B00
 2311              	.LASF24:
 2312 0300 705F6E65 		.ascii	"p_next\000"
 2312      787400
 2313              	.LASF33:
 2314 0307 705F666C 		.ascii	"p_flags\000"
 2314      61677300 
 2315              	.LASF52:
 2316 030f 656C5F6E 		.ascii	"el_next\000"
 2316      65787400 
 2317              	.LASF23:
 2318 0317 54687265 		.ascii	"Thread\000"
 2318      616400
 2319              	.LASF38:
 2320 031e 705F6570 		.ascii	"p_epending\000"
 2320      656E6469 
 2320      6E6700
 2321              	.LASF84:
 2322 0329 53445F55 		.ascii	"SD_UNINIT\000"
 2322      4E494E49 
 2322      5400
ARM GAS  /tmp/ccYggLei.s 			page 46


 2323              	.LASF80:
 2324 0333 52455345 		.ascii	"RESERVED5\000"
 2324      52564544 
 2324      3500
 2325              	.LASF10:
 2326 033d 75696E74 		.ascii	"uint32_t\000"
 2326      33325F74 
 2326      00
 2327              	.LASF87:
 2328 0346 73647374 		.ascii	"sdstate_t\000"
 2328      6174655F 
 2328      7400
 2329              	.LASF88:
 2330 0350 53657269 		.ascii	"SerialDriver\000"
 2330      616C4472 
 2330      69766572 
 2330      00
 2331              	.LASF11:
 2332 035d 6C6F6E67 		.ascii	"long unsigned int\000"
 2332      20756E73 
 2332      69676E65 
 2332      6420696E 
 2332      7400
 2333              	.LASF97:
 2334 036f 72656164 		.ascii	"read\000"
 2334      00
 2335              	.LASF61:
 2336 0374 63686172 		.ascii	"char\000"
 2336      00
 2337              	.LASF115:
 2338 0379 6370755F 		.ascii	"cpu_io_init\000"
 2338      696F5F69 
 2338      6E697400 
 2339              	.LASF50:
 2340 0385 6D5F6E65 		.ascii	"m_next\000"
 2340      787400
 2341              	.LASF22:
 2342 038c 73797374 		.ascii	"systime_t\000"
 2342      696D655F 
 2342      7400
 2343              	.LASF40:
 2344 0396 705F7265 		.ascii	"p_realprio\000"
 2344      616C7072 
 2344      696F00
 2345              	.LASF108:
 2346 03a1 62756666 		.ascii	"buffer\000"
 2346      657200
 2347              	.LASF102:
 2348 03a8 67657466 		.ascii	"getflags\000"
 2348      6C616773 
 2348      00
 2349              	.LASF46:
 2350 03b1 636F6E74 		.ascii	"context\000"
 2350      65787400 
 2351              	.LASF45:
 2352 03b9 696E7463 		.ascii	"intctx\000"
 2352      747800
ARM GAS  /tmp/ccYggLei.s 			page 47


 2353              	.LASF86:
 2354 03c0 53445F52 		.ascii	"SD_READY\000"
 2354      45414459 
 2354      00
 2355              	.LASF66:
 2356 03c9 715F746F 		.ascii	"q_top\000"
 2356      7000
 2357              	.LASF30:
 2358 03cf 705F6E61 		.ascii	"p_name\000"
 2358      6D6500
 2359              	.LASF56:
 2360 03d6 65735F6E 		.ascii	"es_next\000"
 2360      65787400 
 2361              	.LASF114:
 2362 03de 2F686F6D 		.ascii	"/home/z80/projects/voltamper.git/firmware/voltamp\000"
 2362      652F7A38 
 2362      302F7072 
 2362      6F6A6563 
 2362      74732F76 
 2363              	.LASF69:
 2364 0410 715F6E6F 		.ascii	"q_notify\000"
 2364      74696679 
 2364      00
 2365              	.LASF37:
 2366 0419 705F6D73 		.ascii	"p_msg\000"
 2366      6700
 2367              	.LASF3:
 2368 041f 75696E74 		.ascii	"uint8_t\000"
 2368      385F7400 
 2369              	.LASF90:
 2370 0427 666C6167 		.ascii	"flags\000"
 2370      7300
 2371              	.LASF51:
 2372 042d 4576656E 		.ascii	"EventListener\000"
 2372      744C6973 
 2372      74656E65 
 2372      7200
 2373              	.LASF59:
 2374 043b 77746F62 		.ascii	"wtobjp\000"
 2374      6A7000
 2375              	.LASF112:
 2376 0442 474E5520 		.ascii	"GNU C 4.5.2\000"
 2376      4320342E 
 2376      352E3200 
 2377              	.LASF99:
 2378 044e 67657477 		.ascii	"getwouldblock\000"
 2378      6F756C64 
 2378      626C6F63 
 2378      6B00
 2379              	.LASF109:
 2380 045c 61726773 		.ascii	"args\000"
 2380      00
 2381              	.LASF49:
 2382 0461 6D5F6F77 		.ascii	"m_owner\000"
 2382      6E657200 
 2383              	.LASF27:
 2384 0469 705F6374 		.ascii	"p_ctx\000"
ARM GAS  /tmp/ccYggLei.s 			page 48


 2384      7800
 2385              	.LASF35:
 2386 046f 705F7761 		.ascii	"p_waiting\000"
 2386      6974696E 
 2386      6700
 2387              		.ident	"GCC: (Sourcery G++ Lite 2011.03-42) 4.5.2"
ARM GAS  /tmp/ccYggLei.s 			page 49


DEFINED SYMBOLS
                            *ABS*:00000000 cpu_io.c
     /tmp/ccYggLei.s:24     .text.cpu_io_init:00000000 $t
     /tmp/ccYggLei.s:30     .text.cpu_io_init:00000000 cpu_io_init
     /tmp/ccYggLei.s:54     .text.cpu_io_init:00000014 $d
     /tmp/ccYggLei.s:59     .text.cpu_io_process:00000000 $t
     /tmp/ccYggLei.s:65     .text.cpu_io_process:00000000 cpu_io_process
     /tmp/ccYggLei.s:192    .text.cpu_io_process:000000c0 $d
     /tmp/ccYggLei.s:201    .bss.buffer_raw:00000000 $d
     /tmp/ccYggLei.s:205    .bss.buffer_raw:00000000 buffer_raw
     /tmp/ccYggLei.s:208    .bss.buffer:00000000 $d
     /tmp/ccYggLei.s:212    .bss.buffer:00000000 buffer
                     .debug_frame:00000010 $d
     /tmp/ccYggLei.s:58     .text.cpu_io_init:00000018 $t

UNDEFINED SYMBOLS
serial_pipe_init
sdStart
SD1
chIQReadTimeout
serial_decode_byte
chThdSleep
