ARM GAS  C:\Users\z80\AppData\Local\Temp\ccycYiJN.s 			page 1


   1              		.syntax unified
   2              		.cpu cortex-m3
   3              		.fpu softvfp
   4              		.eabi_attribute 20, 1
   5              		.eabi_attribute 21, 1
   6              		.eabi_attribute 23, 3
   7              		.eabi_attribute 24, 1
   8              		.eabi_attribute 25, 1
   9              		.eabi_attribute 26, 1
  10              		.eabi_attribute 30, 6
  11              		.eabi_attribute 18, 4
  12              		.thumb
  13              		.file	"crt0.c"
  14              		.section	.debug_abbrev,"",%progbits
  15              	.Ldebug_abbrev0:
  16              		.section	.debug_info,"",%progbits
  17              	.Ldebug_info0:
  18              		.section	.debug_line,"",%progbits
  19              	.Ldebug_line0:
  20 0000 25010000 		.text
  20      02008A00 
  20      00000201 
  20      FB0E0D00 
  20      01010101 
  21              	.Ltext0:
  22              		.cfi_sections	.debug_frame
  23              		.section	.text.__early_init,"ax",%progbits
  24              		.align	2
  25              		.p2align 4,,15
  26              		.weak	__early_init
  27              		.thumb
  28              		.thumb_func
  29              		.type	__early_init, %function
  30              	__early_init:
  31              	.LFB7:
  32              		.file 1 "../chibios_2.4.x/os/ports/GCC/ARMCMx/crt0.c"
  33              		.loc 1 220 0
  34              		.cfi_startproc
  35              		@ args = 0, pretend = 0, frame = 0
  36              		@ frame_needed = 0, uses_anonymous_args = 0
  37              		@ link register save eliminated.
  38              		.loc 1 220 0
  39 0000 7047     		bx	lr
  40              		.cfi_endproc
  41              	.LFE7:
  42              		.size	__early_init, .-__early_init
  43 0002 00BFAFF3 		.section	.text.__late_init,"ax",%progbits
  43      0080AFF3 
  43      0080AFF3 
  43      0080
  44              		.align	2
  45              		.p2align 4,,15
  46              		.weak	__late_init
  47              		.thumb
  48              		.thumb_func
  49              		.type	__late_init, %function
  50              	__late_init:
ARM GAS  C:\Users\z80\AppData\Local\Temp\ccycYiJN.s 			page 2


  51              	.LFB8:
  52              		.loc 1 232 0
  53              		.cfi_startproc
  54              		@ args = 0, pretend = 0, frame = 0
  55              		@ frame_needed = 0, uses_anonymous_args = 0
  56              		@ link register save eliminated.
  57              		.loc 1 232 0
  58 0000 7047     		bx	lr
  59              		.cfi_endproc
  60              	.LFE8:
  61              		.size	__late_init, .-__late_init
  62 0002 00BFAFF3 		.section	.text._default_exit,"ax",%progbits
  62      0080AFF3 
  62      0080AFF3 
  62      0080
  63              		.align	2
  64              		.p2align 4,,15
  65              		.weak	_default_exit
  66              		.thumb
  67              		.thumb_func
  68              		.type	_default_exit, %function
  69              	_default_exit:
  70              	.LFB9:
  71              		.loc 1 243 0
  72              		.cfi_startproc
  73              		@ Naked Function: prologue and epilogue provided by programmer.
  74              		@ args = 0, pretend = 0, frame = 0
  75              		@ frame_needed = 0, uses_anonymous_args = 0
  76              	.L4:
  77              		.loc 1 245 0 discriminator 1
  78 0000 FEE7     		b	.L4
  79              		.cfi_endproc
  80              	.LFE9:
  81              		.size	_default_exit, .-_default_exit
  82 0002 00BFAFF3 		.section	.text.ResetHandler,"ax",%progbits
  82      0080AFF3 
  82      0080AFF3 
  82      0080
  83              		.align	2
  84              		.p2align 4,,15
  85              		.global	ResetHandler
  86              		.thumb
  87              		.thumb_func
  88              		.type	ResetHandler, %function
  89              	ResetHandler:
  90              	.LFB10:
  91              		.loc 1 254 0
  92              		.cfi_startproc
  93              		@ Naked Function: prologue and epilogue provided by programmer.
  94              		@ args = 0, pretend = 0, frame = 0
  95              		@ frame_needed = 0, uses_anonymous_args = 0
  96              		.loc 1 260 0
  97              	@ 260 "../chibios_2.4.x/os/ports/GCC/ARMCMx/crt0.c" 1
  98 0000 72B6     		cpsid   i
  99              	@ 0 "" 2
 100              		.loc 1 261 0
 101              		.thumb
ARM GAS  C:\Users\z80\AppData\Local\Temp\ccycYiJN.s 			page 3


 102 0002 40F20004 		movw	r4, #:lower16:__process_stack_end__
 103 0006 C0F20004 		movt	r4, #:upper16:__process_stack_end__
 104              		.loc 1 262 0
 105              	@ 262 "../chibios_2.4.x/os/ports/GCC/ARMCMx/crt0.c" 1
 106 000a 84F30988 		msr     PSP, r4
 107              	@ 0 "" 2
 108              		.loc 1 280 0
 109              		.thumb
 110 000e 4FF00204 		mov	r4, #2
 111              		.loc 1 282 0
 112              	@ 282 "../chibios_2.4.x/os/ports/GCC/ARMCMx/crt0.c" 1
 113 0012 84F31488 		msr     CONTROL, r4
 114              	@ 0 "" 2
 115              		.loc 1 283 0
 116              	@ 283 "../chibios_2.4.x/os/ports/GCC/ARMCMx/crt0.c" 1
 117 0016 BFF36F8F 		isb
 118              	@ 0 "" 2
 119              		.thumb
 120              	.LBB2:
 121              		.loc 1 287 0
 122 001a 40F20004 		movw	r4, #:lower16:__main_stack_base__
 123 001e C0F20004 		movt	r4, #:upper16:__main_stack_base__
 124 0022 40F20005 		movw	r5, #:lower16:__main_stack_end__
 125 0026 C0F20005 		movt	r5, #:upper16:__main_stack_end__
 126 002a 04E0     		b	.L6
 127              	.L7:
 128              		.loc 1 287 0 is_stmt 0 discriminator 2
 129 002c 4FF05533 		mov	r3, #1431655765
 130 0030 2360     		str	r3, [r4, #0]
 131 0032 04F10404 		add	r4, r4, #4
 132              	.L6:
 133              		.loc 1 287 0 discriminator 1
 134 0036 AC42     		cmp	r4, r5
 135 0038 F8D3     		bcc	.L7
 136              	.LBE2:
 137              	.LBB3:
 138              		.loc 1 290 0 is_stmt 1
 139 003a 40F20004 		movw	r4, #:lower16:__process_stack_base__
 140 003e C0F20004 		movt	r4, #:upper16:__process_stack_base__
 141 0042 40F20005 		movw	r5, #:lower16:__process_stack_end__
 142 0046 C0F20005 		movt	r5, #:upper16:__process_stack_end__
 143 004a 04E0     		b	.L8
 144              	.L9:
 145              		.loc 1 290 0 is_stmt 0 discriminator 2
 146 004c 4FF05533 		mov	r3, #1431655765
 147 0050 2360     		str	r3, [r4, #0]
 148 0052 04F10404 		add	r4, r4, #4
 149              	.L8:
 150              		.loc 1 290 0 discriminator 1
 151 0056 AC42     		cmp	r4, r5
 152 0058 F8D3     		bcc	.L9
 153              	.LBE3:
 154              		.loc 1 296 0 is_stmt 1
 155 005a FFF7FEFF 		bl	__early_init
 156              	.LBB4:
 157              		.loc 1 303 0
 158 005e 40F20005 		movw	r5, #:lower16:_textdata
ARM GAS  C:\Users\z80\AppData\Local\Temp\ccycYiJN.s 			page 4


 159 0062 C0F20005 		movt	r5, #:upper16:_textdata
 160              		.loc 1 304 0
 161 0066 40F20004 		movw	r4, #:lower16:_data
 162 006a C0F20004 		movt	r4, #:upper16:_data
 163              		.loc 1 305 0
 164 006e 05E0     		b	.L10
 165              	.L11:
 166              		.loc 1 306 0
 167 0070 2B68     		ldr	r3, [r5, #0]
 168 0072 2360     		str	r3, [r4, #0]
 169 0074 04F10404 		add	r4, r4, #4
 170 0078 05F10405 		add	r5, r5, #4
 171              	.L10:
 172              		.loc 1 305 0 discriminator 1
 173 007c 40F20003 		movw	r3, #:lower16:_edata
 174 0080 C0F20003 		movt	r3, #:upper16:_edata
 175 0084 9C42     		cmp	r4, r3
 176 0086 F3D3     		bcc	.L11
 177              	.LBE4:
 178              	.LBB5:
 179              		.loc 1 312 0
 180 0088 40F20004 		movw	r4, #:lower16:_bss_start
 181 008c C0F20004 		movt	r4, #:upper16:_bss_start
 182 0090 40F20005 		movw	r5, #:lower16:_bss_end
 183 0094 C0F20005 		movt	r5, #:upper16:_bss_end
 184 0098 04E0     		b	.L12
 185              	.L13:
 186              		.loc 1 312 0 is_stmt 0 discriminator 2
 187 009a 4FF00003 		mov	r3, #0
 188 009e 2360     		str	r3, [r4, #0]
 189 00a0 04F10404 		add	r4, r4, #4
 190              	.L12:
 191              		.loc 1 312 0 discriminator 1
 192 00a4 AC42     		cmp	r4, r5
 193 00a6 F8D3     		bcc	.L13
 194              	.LBE5:
 195              		.loc 1 316 0 is_stmt 1
 196 00a8 FFF7FEFF 		bl	__late_init
 197              	.LBB6:
 198              		.loc 1 321 0
 199 00ac 40F20004 		movw	r4, #:lower16:__init_array_start
 200 00b0 C0F20004 		movt	r4, #:upper16:__init_array_start
 201              		.loc 1 322 0
 202 00b4 03E0     		b	.L14
 203              	.L15:
 204              		.loc 1 323 0
 205 00b6 2368     		ldr	r3, [r4, #0]
 206 00b8 9847     		blx	r3
 207              		.loc 1 324 0
 208 00ba 04F10404 		add	r4, r4, #4
 209              	.L14:
 210              		.loc 1 322 0 discriminator 1
 211 00be 40F20003 		movw	r3, #:lower16:__init_array_end
 212 00c2 C0F20003 		movt	r3, #:upper16:__init_array_end
 213 00c6 9C42     		cmp	r4, r3
 214 00c8 F5D3     		bcc	.L15
 215              	.LBE6:
ARM GAS  C:\Users\z80\AppData\Local\Temp\ccycYiJN.s 			page 5


 216              		.loc 1 330 0
 217 00ca FFF7FEFF 		bl	main
 218              	.LBB7:
 219              		.loc 1 335 0
 220 00ce 40F20004 		movw	r4, #:lower16:__fini_array_start
 221 00d2 C0F20004 		movt	r4, #:upper16:__fini_array_start
 222              		.loc 1 336 0
 223 00d6 03E0     		b	.L16
 224              	.L17:
 225              		.loc 1 337 0
 226 00d8 2368     		ldr	r3, [r4, #0]
 227 00da 9847     		blx	r3
 228              		.loc 1 338 0
 229 00dc 04F10404 		add	r4, r4, #4
 230              	.L16:
 231              		.loc 1 336 0 discriminator 1
 232 00e0 40F20003 		movw	r3, #:lower16:__fini_array_end
 233 00e4 C0F20003 		movt	r3, #:upper16:__fini_array_end
 234 00e8 9C42     		cmp	r4, r3
 235 00ea F5D3     		bcc	.L17
 236              	.LBE7:
 237              		.loc 1 344 0
 238 00ec FFF7FEFF 		bl	_default_exit
 239              		.loc 1 345 0
 240              		.cfi_endproc
 241              	.LFE10:
 242              		.size	ResetHandler, .-ResetHandler
 243              		.text
 244              	.Letext0:
 245              		.file 2 "c:/programs/yagarto/lib/gcc/../../arm-none-eabi/sys-include/stdint.h"
 246              		.section	.debug_info
 247 0000 4B030000 		.4byte	0x34b
 248 0004 0200     		.2byte	0x2
 249 0006 00000000 		.4byte	.Ldebug_abbrev0
 250 000a 04       		.byte	0x4
 251 000b 01       		.uleb128 0x1
 252 000c C1000000 		.4byte	.LASF30
 253 0010 01       		.byte	0x1
 254 0011 11010000 		.4byte	.LASF31
 255 0015 76010000 		.4byte	.LASF32
 256 0019 00000000 		.4byte	0x0
 257 001d 00000000 		.4byte	0x0
 258 0021 00000000 		.4byte	.Ldebug_ranges0+0x0
 259 0025 00000000 		.4byte	.Ldebug_line0
 260 0029 02       		.uleb128 0x2
 261 002a 04       		.byte	0x4
 262 002b 05       		.byte	0x5
 263 002c 696E7400 		.ascii	"int\000"
 264 0030 03       		.uleb128 0x3
 265 0031 04       		.byte	0x4
 266 0032 07       		.byte	0x7
 267 0033 CD000000 		.4byte	.LASF0
 268 0037 03       		.uleb128 0x3
 269 0038 01       		.byte	0x1
 270 0039 06       		.byte	0x6
 271 003a C1010000 		.4byte	.LASF1
 272 003e 04       		.uleb128 0x4
ARM GAS  C:\Users\z80\AppData\Local\Temp\ccycYiJN.s 			page 6


 273 003f 3D010000 		.4byte	.LASF6
 274 0043 02       		.byte	0x2
 275 0044 2A       		.byte	0x2a
 276 0045 49000000 		.4byte	0x49
 277 0049 03       		.uleb128 0x3
 278 004a 01       		.byte	0x1
 279 004b 08       		.byte	0x8
 280 004c 51000000 		.4byte	.LASF2
 281 0050 03       		.uleb128 0x3
 282 0051 02       		.byte	0x2
 283 0052 05       		.byte	0x5
 284 0053 6C010000 		.4byte	.LASF3
 285 0057 03       		.uleb128 0x3
 286 0058 02       		.byte	0x2
 287 0059 07       		.byte	0x7
 288 005a 8A000000 		.4byte	.LASF4
 289 005e 03       		.uleb128 0x3
 290 005f 04       		.byte	0x4
 291 0060 05       		.byte	0x5
 292 0061 B2010000 		.4byte	.LASF5
 293 0065 04       		.uleb128 0x4
 294 0066 A9010000 		.4byte	.LASF7
 295 006a 02       		.byte	0x2
 296 006b 50       		.byte	0x50
 297 006c 70000000 		.4byte	0x70
 298 0070 03       		.uleb128 0x3
 299 0071 04       		.byte	0x4
 300 0072 07       		.byte	0x7
 301 0073 6B000000 		.4byte	.LASF8
 302 0077 03       		.uleb128 0x3
 303 0078 08       		.byte	0x8
 304 0079 05       		.byte	0x5
 305 007a 45010000 		.4byte	.LASF9
 306 007e 03       		.uleb128 0x3
 307 007f 08       		.byte	0x8
 308 0080 07       		.byte	0x7
 309 0081 DA000000 		.4byte	.LASF10
 310 0085 05       		.uleb128 0x5
 311 0086 04       		.byte	0x4
 312 0087 07       		.byte	0x7
 313 0088 03       		.uleb128 0x3
 314 0089 01       		.byte	0x1
 315 008a 08       		.byte	0x8
 316 008b 53010000 		.4byte	.LASF11
 317 008f 04       		.uleb128 0x4
 318 0090 A1010000 		.4byte	.LASF12
 319 0094 01       		.byte	0x1
 320 0095 26       		.byte	0x26
 321 0096 9A000000 		.4byte	0x9a
 322 009a 06       		.uleb128 0x6
 323 009b 04       		.byte	0x4
 324 009c A0000000 		.4byte	0xa0
 325 00a0 07       		.uleb128 0x7
 326 00a1 01       		.byte	0x1
 327 00a2 04       		.uleb128 0x4
 328 00a3 3A000000 		.4byte	.LASF13
 329 00a7 01       		.byte	0x1
ARM GAS  C:\Users\z80\AppData\Local\Temp\ccycYiJN.s 			page 7


 330 00a8 27       		.byte	0x27
 331 00a9 AD000000 		.4byte	0xad
 332 00ad 06       		.uleb128 0x6
 333 00ae 04       		.byte	0x4
 334 00af 8F000000 		.4byte	0x8f
 335 00b3 08       		.uleb128 0x8
 336 00b4 01       		.byte	0x1
 337 00b5 04010000 		.4byte	.LASF14
 338 00b9 01       		.byte	0x1
 339 00ba DC       		.byte	0xdc
 340 00bb 01       		.byte	0x1
 341 00bc 00000000 		.4byte	.LFB7
 342 00c0 02000000 		.4byte	.LFE7
 343 00c4 02       		.byte	0x2
 344 00c5 7D       		.byte	0x7d
 345 00c6 00       		.sleb128 0
 346 00c7 08       		.uleb128 0x8
 347 00c8 01       		.byte	0x1
 348 00c9 5F000000 		.4byte	.LASF15
 349 00cd 01       		.byte	0x1
 350 00ce E8       		.byte	0xe8
 351 00cf 01       		.byte	0x1
 352 00d0 00000000 		.4byte	.LFB8
 353 00d4 02000000 		.4byte	.LFE8
 354 00d8 02       		.byte	0x2
 355 00d9 7D       		.byte	0x7d
 356 00da 00       		.sleb128 0
 357 00db 08       		.uleb128 0x8
 358 00dc 01       		.byte	0x1
 359 00dd 43000000 		.4byte	.LASF16
 360 00e1 01       		.byte	0x1
 361 00e2 F3       		.byte	0xf3
 362 00e3 01       		.byte	0x1
 363 00e4 00000000 		.4byte	.LFB9
 364 00e8 02000000 		.4byte	.LFE9
 365 00ec 02       		.byte	0x2
 366 00ed 7D       		.byte	0x7d
 367 00ee 00       		.sleb128 0
 368 00ef 09       		.uleb128 0x9
 369 00f0 01       		.byte	0x1
 370 00f1 7D000000 		.4byte	.LASF33
 371 00f5 01       		.byte	0x1
 372 00f6 FE       		.byte	0xfe
 373 00f7 01       		.byte	0x1
 374 00f8 00000000 		.4byte	.LFB10
 375 00fc F0000000 		.4byte	.LFE10
 376 0100 02       		.byte	0x2
 377 0101 7D       		.byte	0x7d
 378 0102 00       		.sleb128 0
 379 0103 F6010000 		.4byte	0x1f6
 380 0107 0A       		.uleb128 0xa
 381 0108 70737000 		.ascii	"psp\000"
 382 010c 01       		.byte	0x1
 383 010d FF       		.byte	0xff
 384 010e 65000000 		.4byte	0x65
 385 0112 01       		.byte	0x1
 386 0113 54       		.byte	0x54
ARM GAS  C:\Users\z80\AppData\Local\Temp\ccycYiJN.s 			page 8


 387 0114 0A       		.uleb128 0xa
 388 0115 72656700 		.ascii	"reg\000"
 389 0119 01       		.byte	0x1
 390 011a FF       		.byte	0xff
 391 011b 65000000 		.4byte	0x65
 392 011f 01       		.byte	0x1
 393 0120 54       		.byte	0x54
 394 0121 0B       		.uleb128 0xb
 395 0122 1A000000 		.4byte	.LBB2
 396 0126 3A000000 		.4byte	.LBE2
 397 012a 49010000 		.4byte	0x149
 398 012e 0C       		.uleb128 0xc
 399 012f 703100   		.ascii	"p1\000"
 400 0132 01       		.byte	0x1
 401 0133 1F01     		.2byte	0x11f
 402 0135 F6010000 		.4byte	0x1f6
 403 0139 01       		.byte	0x1
 404 013a 54       		.byte	0x54
 405 013b 0C       		.uleb128 0xc
 406 013c 703200   		.ascii	"p2\000"
 407 013f 01       		.byte	0x1
 408 0140 1F01     		.2byte	0x11f
 409 0142 F6010000 		.4byte	0x1f6
 410 0146 01       		.byte	0x1
 411 0147 55       		.byte	0x55
 412 0148 00       		.byte	0x0
 413 0149 0B       		.uleb128 0xb
 414 014a 3A000000 		.4byte	.LBB3
 415 014e 5A000000 		.4byte	.LBE3
 416 0152 71010000 		.4byte	0x171
 417 0156 0C       		.uleb128 0xc
 418 0157 703100   		.ascii	"p1\000"
 419 015a 01       		.byte	0x1
 420 015b 2201     		.2byte	0x122
 421 015d F6010000 		.4byte	0x1f6
 422 0161 01       		.byte	0x1
 423 0162 54       		.byte	0x54
 424 0163 0C       		.uleb128 0xc
 425 0164 703200   		.ascii	"p2\000"
 426 0167 01       		.byte	0x1
 427 0168 2201     		.2byte	0x122
 428 016a F6010000 		.4byte	0x1f6
 429 016e 01       		.byte	0x1
 430 016f 55       		.byte	0x55
 431 0170 00       		.byte	0x0
 432 0171 0B       		.uleb128 0xb
 433 0172 5E000000 		.4byte	.LBB4
 434 0176 88000000 		.4byte	.LBE4
 435 017a 99010000 		.4byte	0x199
 436 017e 0C       		.uleb128 0xc
 437 017f 747000   		.ascii	"tp\000"
 438 0182 01       		.byte	0x1
 439 0183 2D01     		.2byte	0x12d
 440 0185 F6010000 		.4byte	0x1f6
 441 0189 01       		.byte	0x1
 442 018a 55       		.byte	0x55
 443 018b 0C       		.uleb128 0xc
ARM GAS  C:\Users\z80\AppData\Local\Temp\ccycYiJN.s 			page 9


 444 018c 647000   		.ascii	"dp\000"
 445 018f 01       		.byte	0x1
 446 0190 2D01     		.2byte	0x12d
 447 0192 F6010000 		.4byte	0x1f6
 448 0196 01       		.byte	0x1
 449 0197 54       		.byte	0x54
 450 0198 00       		.byte	0x0
 451 0199 0B       		.uleb128 0xb
 452 019a 88000000 		.4byte	.LBB5
 453 019e A8000000 		.4byte	.LBE5
 454 01a2 C1010000 		.4byte	0x1c1
 455 01a6 0C       		.uleb128 0xc
 456 01a7 703100   		.ascii	"p1\000"
 457 01aa 01       		.byte	0x1
 458 01ab 3801     		.2byte	0x138
 459 01ad F6010000 		.4byte	0x1f6
 460 01b1 01       		.byte	0x1
 461 01b2 54       		.byte	0x54
 462 01b3 0C       		.uleb128 0xc
 463 01b4 703200   		.ascii	"p2\000"
 464 01b7 01       		.byte	0x1
 465 01b8 3801     		.2byte	0x138
 466 01ba F6010000 		.4byte	0x1f6
 467 01be 01       		.byte	0x1
 468 01bf 55       		.byte	0x55
 469 01c0 00       		.byte	0x0
 470 01c1 0B       		.uleb128 0xb
 471 01c2 AC000000 		.4byte	.LBB6
 472 01c6 CA000000 		.4byte	.LBE6
 473 01ca DD010000 		.4byte	0x1dd
 474 01ce 0C       		.uleb128 0xc
 475 01cf 66707000 		.ascii	"fpp\000"
 476 01d3 01       		.byte	0x1
 477 01d4 4101     		.2byte	0x141
 478 01d6 A2000000 		.4byte	0xa2
 479 01da 01       		.byte	0x1
 480 01db 54       		.byte	0x54
 481 01dc 00       		.byte	0x0
 482 01dd 0D       		.uleb128 0xd
 483 01de CE000000 		.4byte	.LBB7
 484 01e2 EC000000 		.4byte	.LBE7
 485 01e6 0C       		.uleb128 0xc
 486 01e7 66707000 		.ascii	"fpp\000"
 487 01eb 01       		.byte	0x1
 488 01ec 4F01     		.2byte	0x14f
 489 01ee A2000000 		.4byte	0xa2
 490 01f2 01       		.byte	0x1
 491 01f3 54       		.byte	0x54
 492 01f4 00       		.byte	0x0
 493 01f5 00       		.byte	0x0
 494 01f6 06       		.uleb128 0x6
 495 01f7 04       		.byte	0x4
 496 01f8 65000000 		.4byte	0x65
 497 01fc 0E       		.uleb128 0xe
 498 01fd 58010000 		.4byte	.LASF17
 499 0201 01       		.byte	0x1
 500 0202 7D       		.byte	0x7d
ARM GAS  C:\Users\z80\AppData\Local\Temp\ccycYiJN.s 			page 10


 501 0203 65000000 		.4byte	0x65
 502 0207 01       		.byte	0x1
 503 0208 01       		.byte	0x1
 504 0209 0E       		.uleb128 0xe
 505 020a F6010000 		.4byte	.LASF18
 506 020e 01       		.byte	0x1
 507 020f 85       		.byte	0x85
 508 0210 65000000 		.4byte	0x65
 509 0214 01       		.byte	0x1
 510 0215 01       		.byte	0x1
 511 0216 0E       		.uleb128 0xe
 512 0217 23000000 		.4byte	.LASF19
 513 021b 01       		.byte	0x1
 514 021c 8C       		.byte	0x8c
 515 021d 65000000 		.4byte	0x65
 516 0221 01       		.byte	0x1
 517 0222 01       		.byte	0x1
 518 0223 0E       		.uleb128 0xe
 519 0224 CD010000 		.4byte	.LASF20
 520 0228 01       		.byte	0x1
 521 0229 93       		.byte	0x93
 522 022a 65000000 		.4byte	0x65
 523 022e 01       		.byte	0x1
 524 022f 01       		.byte	0x1
 525 0230 0E       		.uleb128 0xe
 526 0231 FA000000 		.4byte	.LASF21
 527 0235 01       		.byte	0x1
 528 0236 99       		.byte	0x99
 529 0237 65000000 		.4byte	0x65
 530 023b 01       		.byte	0x1
 531 023c 01       		.byte	0x1
 532 023d 0E       		.uleb128 0xe
 533 023e BB010000 		.4byte	.LASF22
 534 0242 01       		.byte	0x1
 535 0243 9F       		.byte	0x9f
 536 0244 65000000 		.4byte	0x65
 537 0248 01       		.byte	0x1
 538 0249 01       		.byte	0x1
 539 024a 0E       		.uleb128 0xe
 540 024b 0B000000 		.4byte	.LASF23
 541 024f 01       		.byte	0x1
 542 0250 A5       		.byte	0xa5
 543 0251 65000000 		.4byte	0x65
 544 0255 01       		.byte	0x1
 545 0256 01       		.byte	0x1
 546 0257 0E       		.uleb128 0xe
 547 0258 00000000 		.4byte	.LASF24
 548 025c 01       		.byte	0x1
 549 025d AB       		.byte	0xab
 550 025e 65000000 		.4byte	0x65
 551 0262 01       		.byte	0x1
 552 0263 01       		.byte	0x1
 553 0264 0E       		.uleb128 0xe
 554 0265 F1000000 		.4byte	.LASF25
 555 0269 01       		.byte	0x1
 556 026a B1       		.byte	0xb1
 557 026b 65000000 		.4byte	0x65
ARM GAS  C:\Users\z80\AppData\Local\Temp\ccycYiJN.s 			page 11


 558 026f 01       		.byte	0x1
 559 0270 01       		.byte	0x1
 560 0271 0E       		.uleb128 0xe
 561 0272 E3010000 		.4byte	.LASF26
 562 0276 01       		.byte	0x1
 563 0277 B7       		.byte	0xb7
 564 0278 8F000000 		.4byte	0x8f
 565 027c 01       		.byte	0x1
 566 027d 01       		.byte	0x1
 567 027e 0E       		.uleb128 0xe
 568 027f B0000000 		.4byte	.LASF27
 569 0283 01       		.byte	0x1
 570 0284 BD       		.byte	0xbd
 571 0285 8F000000 		.4byte	0x8f
 572 0289 01       		.byte	0x1
 573 028a 01       		.byte	0x1
 574 028b 0E       		.uleb128 0xe
 575 028c 9D000000 		.4byte	.LASF28
 576 0290 01       		.byte	0x1
 577 0291 C3       		.byte	0xc3
 578 0292 8F000000 		.4byte	0x8f
 579 0296 01       		.byte	0x1
 580 0297 01       		.byte	0x1
 581 0298 0E       		.uleb128 0xe
 582 0299 12000000 		.4byte	.LASF29
 583 029d 01       		.byte	0x1
 584 029e C9       		.byte	0xc9
 585 029f 8F000000 		.4byte	0x8f
 586 02a3 01       		.byte	0x1
 587 02a4 01       		.byte	0x1
 588 02a5 0E       		.uleb128 0xe
 589 02a6 58010000 		.4byte	.LASF17
 590 02aa 01       		.byte	0x1
 591 02ab 7D       		.byte	0x7d
 592 02ac 65000000 		.4byte	0x65
 593 02b0 01       		.byte	0x1
 594 02b1 01       		.byte	0x1
 595 02b2 0E       		.uleb128 0xe
 596 02b3 F6010000 		.4byte	.LASF18
 597 02b7 01       		.byte	0x1
 598 02b8 85       		.byte	0x85
 599 02b9 65000000 		.4byte	0x65
 600 02bd 01       		.byte	0x1
 601 02be 01       		.byte	0x1
 602 02bf 0E       		.uleb128 0xe
 603 02c0 23000000 		.4byte	.LASF19
 604 02c4 01       		.byte	0x1
 605 02c5 8C       		.byte	0x8c
 606 02c6 65000000 		.4byte	0x65
 607 02ca 01       		.byte	0x1
 608 02cb 01       		.byte	0x1
 609 02cc 0E       		.uleb128 0xe
 610 02cd CD010000 		.4byte	.LASF20
 611 02d1 01       		.byte	0x1
 612 02d2 93       		.byte	0x93
 613 02d3 65000000 		.4byte	0x65
 614 02d7 01       		.byte	0x1
ARM GAS  C:\Users\z80\AppData\Local\Temp\ccycYiJN.s 			page 12


 615 02d8 01       		.byte	0x1
 616 02d9 0E       		.uleb128 0xe
 617 02da FA000000 		.4byte	.LASF21
 618 02de 01       		.byte	0x1
 619 02df 99       		.byte	0x99
 620 02e0 65000000 		.4byte	0x65
 621 02e4 01       		.byte	0x1
 622 02e5 01       		.byte	0x1
 623 02e6 0E       		.uleb128 0xe
 624 02e7 BB010000 		.4byte	.LASF22
 625 02eb 01       		.byte	0x1
 626 02ec 9F       		.byte	0x9f
 627 02ed 65000000 		.4byte	0x65
 628 02f1 01       		.byte	0x1
 629 02f2 01       		.byte	0x1
 630 02f3 0E       		.uleb128 0xe
 631 02f4 0B000000 		.4byte	.LASF23
 632 02f8 01       		.byte	0x1
 633 02f9 A5       		.byte	0xa5
 634 02fa 65000000 		.4byte	0x65
 635 02fe 01       		.byte	0x1
 636 02ff 01       		.byte	0x1
 637 0300 0E       		.uleb128 0xe
 638 0301 00000000 		.4byte	.LASF24
 639 0305 01       		.byte	0x1
 640 0306 AB       		.byte	0xab
 641 0307 65000000 		.4byte	0x65
 642 030b 01       		.byte	0x1
 643 030c 01       		.byte	0x1
 644 030d 0E       		.uleb128 0xe
 645 030e F1000000 		.4byte	.LASF25
 646 0312 01       		.byte	0x1
 647 0313 B1       		.byte	0xb1
 648 0314 65000000 		.4byte	0x65
 649 0318 01       		.byte	0x1
 650 0319 01       		.byte	0x1
 651 031a 0E       		.uleb128 0xe
 652 031b E3010000 		.4byte	.LASF26
 653 031f 01       		.byte	0x1
 654 0320 B7       		.byte	0xb7
 655 0321 8F000000 		.4byte	0x8f
 656 0325 01       		.byte	0x1
 657 0326 01       		.byte	0x1
 658 0327 0E       		.uleb128 0xe
 659 0328 B0000000 		.4byte	.LASF27
 660 032c 01       		.byte	0x1
 661 032d BD       		.byte	0xbd
 662 032e 8F000000 		.4byte	0x8f
 663 0332 01       		.byte	0x1
 664 0333 01       		.byte	0x1
 665 0334 0E       		.uleb128 0xe
 666 0335 9D000000 		.4byte	.LASF28
 667 0339 01       		.byte	0x1
 668 033a C3       		.byte	0xc3
 669 033b 8F000000 		.4byte	0x8f
 670 033f 01       		.byte	0x1
 671 0340 01       		.byte	0x1
ARM GAS  C:\Users\z80\AppData\Local\Temp\ccycYiJN.s 			page 13


 672 0341 0E       		.uleb128 0xe
 673 0342 12000000 		.4byte	.LASF29
 674 0346 01       		.byte	0x1
 675 0347 C9       		.byte	0xc9
 676 0348 8F000000 		.4byte	0x8f
 677 034c 01       		.byte	0x1
 678 034d 01       		.byte	0x1
 679 034e 00       		.byte	0x0
 680              		.section	.debug_abbrev
 681 0000 01       		.uleb128 0x1
 682 0001 11       		.uleb128 0x11
 683 0002 01       		.byte	0x1
 684 0003 25       		.uleb128 0x25
 685 0004 0E       		.uleb128 0xe
 686 0005 13       		.uleb128 0x13
 687 0006 0B       		.uleb128 0xb
 688 0007 03       		.uleb128 0x3
 689 0008 0E       		.uleb128 0xe
 690 0009 1B       		.uleb128 0x1b
 691 000a 0E       		.uleb128 0xe
 692 000b 11       		.uleb128 0x11
 693 000c 01       		.uleb128 0x1
 694 000d 52       		.uleb128 0x52
 695 000e 01       		.uleb128 0x1
 696 000f 55       		.uleb128 0x55
 697 0010 06       		.uleb128 0x6
 698 0011 10       		.uleb128 0x10
 699 0012 06       		.uleb128 0x6
 700 0013 00       		.byte	0x0
 701 0014 00       		.byte	0x0
 702 0015 02       		.uleb128 0x2
 703 0016 24       		.uleb128 0x24
 704 0017 00       		.byte	0x0
 705 0018 0B       		.uleb128 0xb
 706 0019 0B       		.uleb128 0xb
 707 001a 3E       		.uleb128 0x3e
 708 001b 0B       		.uleb128 0xb
 709 001c 03       		.uleb128 0x3
 710 001d 08       		.uleb128 0x8
 711 001e 00       		.byte	0x0
 712 001f 00       		.byte	0x0
 713 0020 03       		.uleb128 0x3
 714 0021 24       		.uleb128 0x24
 715 0022 00       		.byte	0x0
 716 0023 0B       		.uleb128 0xb
 717 0024 0B       		.uleb128 0xb
 718 0025 3E       		.uleb128 0x3e
 719 0026 0B       		.uleb128 0xb
 720 0027 03       		.uleb128 0x3
 721 0028 0E       		.uleb128 0xe
 722 0029 00       		.byte	0x0
 723 002a 00       		.byte	0x0
 724 002b 04       		.uleb128 0x4
 725 002c 16       		.uleb128 0x16
 726 002d 00       		.byte	0x0
 727 002e 03       		.uleb128 0x3
 728 002f 0E       		.uleb128 0xe
ARM GAS  C:\Users\z80\AppData\Local\Temp\ccycYiJN.s 			page 14


 729 0030 3A       		.uleb128 0x3a
 730 0031 0B       		.uleb128 0xb
 731 0032 3B       		.uleb128 0x3b
 732 0033 0B       		.uleb128 0xb
 733 0034 49       		.uleb128 0x49
 734 0035 13       		.uleb128 0x13
 735 0036 00       		.byte	0x0
 736 0037 00       		.byte	0x0
 737 0038 05       		.uleb128 0x5
 738 0039 24       		.uleb128 0x24
 739 003a 00       		.byte	0x0
 740 003b 0B       		.uleb128 0xb
 741 003c 0B       		.uleb128 0xb
 742 003d 3E       		.uleb128 0x3e
 743 003e 0B       		.uleb128 0xb
 744 003f 00       		.byte	0x0
 745 0040 00       		.byte	0x0
 746 0041 06       		.uleb128 0x6
 747 0042 0F       		.uleb128 0xf
 748 0043 00       		.byte	0x0
 749 0044 0B       		.uleb128 0xb
 750 0045 0B       		.uleb128 0xb
 751 0046 49       		.uleb128 0x49
 752 0047 13       		.uleb128 0x13
 753 0048 00       		.byte	0x0
 754 0049 00       		.byte	0x0
 755 004a 07       		.uleb128 0x7
 756 004b 15       		.uleb128 0x15
 757 004c 00       		.byte	0x0
 758 004d 27       		.uleb128 0x27
 759 004e 0C       		.uleb128 0xc
 760 004f 00       		.byte	0x0
 761 0050 00       		.byte	0x0
 762 0051 08       		.uleb128 0x8
 763 0052 2E       		.uleb128 0x2e
 764 0053 00       		.byte	0x0
 765 0054 3F       		.uleb128 0x3f
 766 0055 0C       		.uleb128 0xc
 767 0056 03       		.uleb128 0x3
 768 0057 0E       		.uleb128 0xe
 769 0058 3A       		.uleb128 0x3a
 770 0059 0B       		.uleb128 0xb
 771 005a 3B       		.uleb128 0x3b
 772 005b 0B       		.uleb128 0xb
 773 005c 27       		.uleb128 0x27
 774 005d 0C       		.uleb128 0xc
 775 005e 11       		.uleb128 0x11
 776 005f 01       		.uleb128 0x1
 777 0060 12       		.uleb128 0x12
 778 0061 01       		.uleb128 0x1
 779 0062 40       		.uleb128 0x40
 780 0063 0A       		.uleb128 0xa
 781 0064 00       		.byte	0x0
 782 0065 00       		.byte	0x0
 783 0066 09       		.uleb128 0x9
 784 0067 2E       		.uleb128 0x2e
 785 0068 01       		.byte	0x1
ARM GAS  C:\Users\z80\AppData\Local\Temp\ccycYiJN.s 			page 15


 786 0069 3F       		.uleb128 0x3f
 787 006a 0C       		.uleb128 0xc
 788 006b 03       		.uleb128 0x3
 789 006c 0E       		.uleb128 0xe
 790 006d 3A       		.uleb128 0x3a
 791 006e 0B       		.uleb128 0xb
 792 006f 3B       		.uleb128 0x3b
 793 0070 0B       		.uleb128 0xb
 794 0071 27       		.uleb128 0x27
 795 0072 0C       		.uleb128 0xc
 796 0073 11       		.uleb128 0x11
 797 0074 01       		.uleb128 0x1
 798 0075 12       		.uleb128 0x12
 799 0076 01       		.uleb128 0x1
 800 0077 40       		.uleb128 0x40
 801 0078 0A       		.uleb128 0xa
 802 0079 01       		.uleb128 0x1
 803 007a 13       		.uleb128 0x13
 804 007b 00       		.byte	0x0
 805 007c 00       		.byte	0x0
 806 007d 0A       		.uleb128 0xa
 807 007e 34       		.uleb128 0x34
 808 007f 00       		.byte	0x0
 809 0080 03       		.uleb128 0x3
 810 0081 08       		.uleb128 0x8
 811 0082 3A       		.uleb128 0x3a
 812 0083 0B       		.uleb128 0xb
 813 0084 3B       		.uleb128 0x3b
 814 0085 0B       		.uleb128 0xb
 815 0086 49       		.uleb128 0x49
 816 0087 13       		.uleb128 0x13
 817 0088 02       		.uleb128 0x2
 818 0089 0A       		.uleb128 0xa
 819 008a 00       		.byte	0x0
 820 008b 00       		.byte	0x0
 821 008c 0B       		.uleb128 0xb
 822 008d 0B       		.uleb128 0xb
 823 008e 01       		.byte	0x1
 824 008f 11       		.uleb128 0x11
 825 0090 01       		.uleb128 0x1
 826 0091 12       		.uleb128 0x12
 827 0092 01       		.uleb128 0x1
 828 0093 01       		.uleb128 0x1
 829 0094 13       		.uleb128 0x13
 830 0095 00       		.byte	0x0
 831 0096 00       		.byte	0x0
 832 0097 0C       		.uleb128 0xc
 833 0098 34       		.uleb128 0x34
 834 0099 00       		.byte	0x0
 835 009a 03       		.uleb128 0x3
 836 009b 08       		.uleb128 0x8
 837 009c 3A       		.uleb128 0x3a
 838 009d 0B       		.uleb128 0xb
 839 009e 3B       		.uleb128 0x3b
 840 009f 05       		.uleb128 0x5
 841 00a0 49       		.uleb128 0x49
 842 00a1 13       		.uleb128 0x13
ARM GAS  C:\Users\z80\AppData\Local\Temp\ccycYiJN.s 			page 16


 843 00a2 02       		.uleb128 0x2
 844 00a3 0A       		.uleb128 0xa
 845 00a4 00       		.byte	0x0
 846 00a5 00       		.byte	0x0
 847 00a6 0D       		.uleb128 0xd
 848 00a7 0B       		.uleb128 0xb
 849 00a8 01       		.byte	0x1
 850 00a9 11       		.uleb128 0x11
 851 00aa 01       		.uleb128 0x1
 852 00ab 12       		.uleb128 0x12
 853 00ac 01       		.uleb128 0x1
 854 00ad 00       		.byte	0x0
 855 00ae 00       		.byte	0x0
 856 00af 0E       		.uleb128 0xe
 857 00b0 34       		.uleb128 0x34
 858 00b1 00       		.byte	0x0
 859 00b2 03       		.uleb128 0x3
 860 00b3 0E       		.uleb128 0xe
 861 00b4 3A       		.uleb128 0x3a
 862 00b5 0B       		.uleb128 0xb
 863 00b6 3B       		.uleb128 0x3b
 864 00b7 0B       		.uleb128 0xb
 865 00b8 49       		.uleb128 0x49
 866 00b9 13       		.uleb128 0x13
 867 00ba 3F       		.uleb128 0x3f
 868 00bb 0C       		.uleb128 0xc
 869 00bc 3C       		.uleb128 0x3c
 870 00bd 0C       		.uleb128 0xc
 871 00be 00       		.byte	0x0
 872 00bf 00       		.byte	0x0
 873 00c0 00       		.byte	0x0
 874              		.section	.debug_pubnames,"",%progbits
 875 0000 52000000 		.4byte	0x52
 876 0004 0200     		.2byte	0x2
 877 0006 00000000 		.4byte	.Ldebug_info0
 878 000a 4F030000 		.4byte	0x34f
 879 000e B3000000 		.4byte	0xb3
 880 0012 5F5F6561 		.ascii	"__early_init\000"
 880      726C795F 
 880      696E6974 
 880      00
 881 001f C7000000 		.4byte	0xc7
 882 0023 5F5F6C61 		.ascii	"__late_init\000"
 882      74655F69 
 882      6E697400 
 883 002f DB000000 		.4byte	0xdb
 884 0033 5F646566 		.ascii	"_default_exit\000"
 884      61756C74 
 884      5F657869 
 884      7400
 885 0041 EF000000 		.4byte	0xef
 886 0045 52657365 		.ascii	"ResetHandler\000"
 886      7448616E 
 886      646C6572 
 886      00
 887 0052 00000000 		.4byte	0x0
 888              		.section	.debug_pubtypes,"",%progbits
ARM GAS  C:\Users\z80\AppData\Local\Temp\ccycYiJN.s 			page 17


 889 0000 40000000 		.4byte	0x40
 890 0004 0200     		.2byte	0x2
 891 0006 00000000 		.4byte	.Ldebug_info0
 892 000a 4F030000 		.4byte	0x34f
 893 000e 3E000000 		.4byte	0x3e
 894 0012 75696E74 		.ascii	"uint8_t\000"
 894      385F7400 
 895 001a 65000000 		.4byte	0x65
 896 001e 75696E74 		.ascii	"uint32_t\000"
 896      33325F74 
 896      00
 897 0027 8F000000 		.4byte	0x8f
 898 002b 66756E63 		.ascii	"funcp_t\000"
 898      705F7400 
 899 0033 A2000000 		.4byte	0xa2
 900 0037 66756E63 		.ascii	"funcpp_t\000"
 900      70705F74 
 900      00
 901 0040 00000000 		.4byte	0x0
 902              		.section	.debug_aranges,"",%progbits
 903 0000 34000000 		.4byte	0x34
 904 0004 0200     		.2byte	0x2
 905 0006 00000000 		.4byte	.Ldebug_info0
 906 000a 04       		.byte	0x4
 907 000b 00       		.byte	0x0
 908 000c 0000     		.2byte	0x0
 909 000e 0000     		.2byte	0x0
 910 0010 00000000 		.4byte	.LFB7
 911 0014 02000000 		.4byte	.LFE7-.LFB7
 912 0018 00000000 		.4byte	.LFB8
 913 001c 02000000 		.4byte	.LFE8-.LFB8
 914 0020 00000000 		.4byte	.LFB9
 915 0024 02000000 		.4byte	.LFE9-.LFB9
 916 0028 00000000 		.4byte	.LFB10
 917 002c F0000000 		.4byte	.LFE10-.LFB10
 918 0030 00000000 		.4byte	0x0
 919 0034 00000000 		.4byte	0x0
 920              		.section	.debug_ranges,"",%progbits
 921              	.Ldebug_ranges0:
 922 0000 00000000 		.4byte	.LFB7
 923 0004 02000000 		.4byte	.LFE7
 924 0008 00000000 		.4byte	.LFB8
 925 000c 02000000 		.4byte	.LFE8
 926 0010 00000000 		.4byte	.LFB9
 927 0014 02000000 		.4byte	.LFE9
 928 0018 00000000 		.4byte	.LFB10
 929 001c F0000000 		.4byte	.LFE10
 930 0020 00000000 		.4byte	0x0
 931 0024 00000000 		.4byte	0x0
 932              		.section	.debug_str,"MS",%progbits,1
 933              	.LASF24:
 934 0000 5F627373 		.ascii	"_bss_start\000"
 934      5F737461 
 934      727400
 935              	.LASF23:
 936 000b 5F656461 		.ascii	"_edata\000"
 936      746100
ARM GAS  C:\Users\z80\AppData\Local\Temp\ccycYiJN.s 			page 18


 937              	.LASF29:
 938 0012 5F5F6669 		.ascii	"__fini_array_end\000"
 938      6E695F61 
 938      72726179 
 938      5F656E64 
 938      00
 939              	.LASF19:
 940 0023 5F5F7072 		.ascii	"__process_stack_base__\000"
 940      6F636573 
 940      735F7374 
 940      61636B5F 
 940      62617365 
 941              	.LASF13:
 942 003a 66756E63 		.ascii	"funcpp_t\000"
 942      70705F74 
 942      00
 943              	.LASF16:
 944 0043 5F646566 		.ascii	"_default_exit\000"
 944      61756C74 
 944      5F657869 
 944      7400
 945              	.LASF2:
 946 0051 756E7369 		.ascii	"unsigned char\000"
 946      676E6564 
 946      20636861 
 946      7200
 947              	.LASF15:
 948 005f 5F5F6C61 		.ascii	"__late_init\000"
 948      74655F69 
 948      6E697400 
 949              	.LASF8:
 950 006b 6C6F6E67 		.ascii	"long unsigned int\000"
 950      20756E73 
 950      69676E65 
 950      6420696E 
 950      7400
 951              	.LASF33:
 952 007d 52657365 		.ascii	"ResetHandler\000"
 952      7448616E 
 952      646C6572 
 952      00
 953              	.LASF4:
 954 008a 73686F72 		.ascii	"short unsigned int\000"
 954      7420756E 
 954      7369676E 
 954      65642069 
 954      6E7400
 955              	.LASF28:
 956 009d 5F5F6669 		.ascii	"__fini_array_start\000"
 956      6E695F61 
 956      72726179 
 956      5F737461 
 956      727400
 957              	.LASF27:
 958 00b0 5F5F696E 		.ascii	"__init_array_end\000"
 958      69745F61 
 958      72726179 
ARM GAS  C:\Users\z80\AppData\Local\Temp\ccycYiJN.s 			page 19


 958      5F656E64 
 958      00
 959              	.LASF30:
 960 00c1 474E5520 		.ascii	"GNU C 4.5.0\000"
 960      4320342E 
 960      352E3000 
 961              	.LASF0:
 962 00cd 756E7369 		.ascii	"unsigned int\000"
 962      676E6564 
 962      20696E74 
 962      00
 963              	.LASF10:
 964 00da 6C6F6E67 		.ascii	"long long unsigned int\000"
 964      206C6F6E 
 964      6720756E 
 964      7369676E 
 964      65642069 
 965              	.LASF25:
 966 00f1 5F627373 		.ascii	"_bss_end\000"
 966      5F656E64 
 966      00
 967              	.LASF21:
 968 00fa 5F746578 		.ascii	"_textdata\000"
 968      74646174 
 968      6100
 969              	.LASF14:
 970 0104 5F5F6561 		.ascii	"__early_init\000"
 970      726C795F 
 970      696E6974 
 970      00
 971              	.LASF31:
 972 0111 2E2E2F63 		.ascii	"../chibios_2.4.x/os/ports/GCC/ARMCMx/crt0.c\000"
 972      68696269 
 972      6F735F32 
 972      2E342E78 
 972      2F6F732F 
 973              	.LASF6:
 974 013d 75696E74 		.ascii	"uint8_t\000"
 974      385F7400 
 975              	.LASF9:
 976 0145 6C6F6E67 		.ascii	"long long int\000"
 976      206C6F6E 
 976      6720696E 
 976      7400
 977              	.LASF11:
 978 0153 63686172 		.ascii	"char\000"
 978      00
 979              	.LASF17:
 980 0158 5F5F6D61 		.ascii	"__main_stack_base__\000"
 980      696E5F73 
 980      7461636B 
 980      5F626173 
 980      655F5F00 
 981              	.LASF3:
 982 016c 73686F72 		.ascii	"short int\000"
 982      7420696E 
 982      7400
ARM GAS  C:\Users\z80\AppData\Local\Temp\ccycYiJN.s 			page 20


 983              	.LASF32:
 984 0176 433A5C70 		.ascii	"C:\\projects\\voltamper.git\\firmware\\voltamp\000"
 984      726F6A65 
 984      6374735C 
 984      766F6C74 
 984      616D7065 
 985              	.LASF12:
 986 01a1 66756E63 		.ascii	"funcp_t\000"
 986      705F7400 
 987              	.LASF7:
 988 01a9 75696E74 		.ascii	"uint32_t\000"
 988      33325F74 
 988      00
 989              	.LASF5:
 990 01b2 6C6F6E67 		.ascii	"long int\000"
 990      20696E74 
 990      00
 991              	.LASF22:
 992 01bb 5F646174 		.ascii	"_data\000"
 992      6100
 993              	.LASF1:
 994 01c1 7369676E 		.ascii	"signed char\000"
 994      65642063 
 994      68617200 
 995              	.LASF20:
 996 01cd 5F5F7072 		.ascii	"__process_stack_end__\000"
 996      6F636573 
 996      735F7374 
 996      61636B5F 
 996      656E645F 
 997              	.LASF26:
 998 01e3 5F5F696E 		.ascii	"__init_array_start\000"
 998      69745F61 
 998      72726179 
 998      5F737461 
 998      727400
 999              	.LASF18:
 1000 01f6 5F5F6D61 		.ascii	"__main_stack_end__\000"
 1000      696E5F73 
 1000      7461636B 
 1000      5F656E64 
 1000      5F5F00
 1001              		.ident	"GCC: (GNU) 4.5.0"
ARM GAS  C:\Users\z80\AppData\Local\Temp\ccycYiJN.s 			page 21


DEFINED SYMBOLS
                            *ABS*:00000000 crt0.c
C:\Users\z80\AppData\Local\Temp\ccycYiJN.s:24     .text.__early_init:00000000 $t
C:\Users\z80\AppData\Local\Temp\ccycYiJN.s:30     .text.__early_init:00000000 __early_init
C:\Users\z80\AppData\Local\Temp\ccycYiJN.s:44     .text.__late_init:00000000 $t
C:\Users\z80\AppData\Local\Temp\ccycYiJN.s:50     .text.__late_init:00000000 __late_init
C:\Users\z80\AppData\Local\Temp\ccycYiJN.s:63     .text._default_exit:00000000 $t
C:\Users\z80\AppData\Local\Temp\ccycYiJN.s:69     .text._default_exit:00000000 _default_exit
C:\Users\z80\AppData\Local\Temp\ccycYiJN.s:83     .text.ResetHandler:00000000 $t
C:\Users\z80\AppData\Local\Temp\ccycYiJN.s:89     .text.ResetHandler:00000000 ResetHandler
                     .debug_frame:00000010 $d

UNDEFINED SYMBOLS
__process_stack_end__
__main_stack_base__
__main_stack_end__
__process_stack_base__
_textdata
_data
_edata
_bss_start
_bss_end
__init_array_start
__init_array_end
main
__fini_array_start
__fini_array_end
