ARM GAS  /tmp/cc1711Ej.s 			page 1


   1              		.syntax unified
   2              		.cpu cortex-m3
   3              		.fpu softvfp
   4              		.eabi_attribute 20, 1
   5              		.eabi_attribute 21, 1
   6              		.eabi_attribute 23, 3
   7              		.eabi_attribute 24, 1
   8              		.eabi_attribute 25, 1
   9              		.eabi_attribute 26, 1
  10              		.eabi_attribute 30, 6
  11              		.eabi_attribute 18, 4
  12              		.thumb
  13              		.file	"evtimer.c"
  14              		.section	.debug_abbrev,"",%progbits
  15              	.Ldebug_abbrev0:
  16              		.section	.debug_info,"",%progbits
  17              	.Ldebug_info0:
  18              		.section	.debug_line,"",%progbits
  19              	.Ldebug_line0:
  20 0000 AC010000 		.text
  20      02006A01 
  20      00000201 
  20      FB0E0D00 
  20      01010101 
  21              	.Ltext0:
  22              		.cfi_sections	.debug_frame
  23              		.section	.text.tmrcb,"ax",%progbits
  24              		.align	2
  25              		.p2align 4,,15
  26              		.thumb
  27              		.thumb_func
  28              		.type	tmrcb, %function
  29              	tmrcb:
  30              	.LFB7:
  31              		.file 1 "../chibios_2.4.x/os/various/evtimer.c"
  32              		.loc 1 39 0
  33              		.cfi_startproc
  34              		@ args = 0, pretend = 0, frame = 16
  35              		@ frame_needed = 0, uses_anonymous_args = 0
  36 0000 00B5     		push	{lr}
  37              	.LCFI0:
  38              		.cfi_def_cfa_offset 4
  39 0002 85B0     		sub	sp, sp, #20
  40              	.LCFI1:
  41              		.cfi_def_cfa_offset 24
  42 0004 0190     		str	r0, [sp, #4]
  43              		.loc 1 40 0
  44 0006 019B     		ldr	r3, [sp, #4]
  45 0008 0393     		str	r3, [sp, #12]
  46              		.loc 1 42 0
  47 000a 039B     		ldr	r3, [sp, #12]
  48 000c 03F11403 		add	r3, r3, #20
  49 0010 1846     		mov	r0, r3
  50 0012 4FF00001 		mov	r1, #0
  51              		.cfi_offset 14, -4
  52 0016 FFF7FEFF 		bl	chEvtBroadcastFlagsI
  53              		.loc 1 43 0
ARM GAS  /tmp/cc1711Ej.s 			page 2


  54 001a 039A     		ldr	r2, [sp, #12]
  55 001c 039B     		ldr	r3, [sp, #12]
  56 001e 9B69     		ldr	r3, [r3, #24]
  57 0020 1046     		mov	r0, r2
  58 0022 1946     		mov	r1, r3
  59 0024 024A     		ldr	r2, .L2
  60 0026 039B     		ldr	r3, [sp, #12]
  61 0028 FFF7FEFF 		bl	chVTSetI
  62              		.loc 1 44 0
  63 002c 05B0     		add	sp, sp, #20
  64 002e 00BD     		pop	{pc}
  65              	.L3:
  66              		.align	2
  67              	.L2:
  68 0030 00000000 		.word	tmrcb
  69              		.cfi_endproc
  70              	.LFE7:
  71              		.size	tmrcb, .-tmrcb
  72 0034 AFF30080 		.section	.text.evtStart,"ax",%progbits
  72      AFF30080 
  72      AFF30080 
  73              		.align	2
  74              		.p2align 4,,15
  75              		.global	evtStart
  76              		.thumb
  77              		.thumb_func
  78              		.type	evtStart, %function
  79              	evtStart:
  80              	.LFB8:
  81              		.loc 1 52 0
  82              		.cfi_startproc
  83              		@ args = 0, pretend = 0, frame = 8
  84              		@ frame_needed = 0, uses_anonymous_args = 0
  85 0000 00B5     		push	{lr}
  86              	.LCFI2:
  87              		.cfi_def_cfa_offset 4
  88 0002 83B0     		sub	sp, sp, #12
  89              	.LCFI3:
  90              		.cfi_def_cfa_offset 16
  91 0004 0190     		str	r0, [sp, #4]
  92              	.LBB2:
  93              		.loc 1 54 0
  94 0006 4FF02003 		mov	r3, #32
  95              	@ 54 "../chibios_2.4.x/os/various/evtimer.c" 1
  96 000a 83F31188 		msr     BASEPRI, r3
  97              	@ 0 "" 2
  98              		.thumb
  99              	.LBE2:
 100              		.cfi_offset 14, -4
 101 000e FFF7FEFF 		bl	dbg_check_lock
 102              		.loc 1 56 0
 103 0012 019B     		ldr	r3, [sp, #4]
 104 0014 DB68     		ldr	r3, [r3, #12]
 105 0016 002B     		cmp	r3, #0
 106 0018 08D1     		bne	.L5
 107              		.loc 1 57 0
 108 001a 019A     		ldr	r2, [sp, #4]
ARM GAS  /tmp/cc1711Ej.s 			page 3


 109 001c 019B     		ldr	r3, [sp, #4]
 110 001e 9B69     		ldr	r3, [r3, #24]
 111 0020 1046     		mov	r0, r2
 112 0022 1946     		mov	r1, r3
 113 0024 054A     		ldr	r2, .L6
 114 0026 019B     		ldr	r3, [sp, #4]
 115 0028 FFF7FEFF 		bl	chVTSetI
 116              	.L5:
 117              		.loc 1 59 0
 118 002c FFF7FEFF 		bl	dbg_check_unlock
 119              	.LBB3:
 120 0030 4FF00003 		mov	r3, #0
 121              	@ 59 "../chibios_2.4.x/os/various/evtimer.c" 1
 122 0034 83F31188 		msr     BASEPRI, r3
 123              	@ 0 "" 2
 124              		.thumb
 125              	.LBE3:
 126              		.loc 1 60 0
 127 0038 03B0     		add	sp, sp, #12
 128 003a 00BD     		pop	{pc}
 129              	.L7:
 130              		.align	2
 131              	.L6:
 132 003c 00000000 		.word	tmrcb
 133              		.cfi_endproc
 134              	.LFE8:
 135              		.size	evtStart, .-evtStart
 136              		.section	.text.evtStop,"ax",%progbits
 137              		.align	2
 138              		.p2align 4,,15
 139              		.global	evtStop
 140              		.thumb
 141              		.thumb_func
 142              		.type	evtStop, %function
 143              	evtStop:
 144              	.LFB9:
 145              		.loc 1 68 0
 146              		.cfi_startproc
 147              		@ args = 0, pretend = 0, frame = 8
 148              		@ frame_needed = 0, uses_anonymous_args = 0
 149 0000 00B5     		push	{lr}
 150              	.LCFI4:
 151              		.cfi_def_cfa_offset 4
 152 0002 83B0     		sub	sp, sp, #12
 153              	.LCFI5:
 154              		.cfi_def_cfa_offset 16
 155 0004 0190     		str	r0, [sp, #4]
 156              	.LBB4:
 157              		.loc 1 70 0
 158 0006 4FF02003 		mov	r3, #32
 159              	@ 70 "../chibios_2.4.x/os/various/evtimer.c" 1
 160 000a 83F31188 		msr     BASEPRI, r3
 161              	@ 0 "" 2
 162              		.thumb
 163              	.LBE4:
 164              		.cfi_offset 14, -4
 165 000e FFF7FEFF 		bl	dbg_check_lock
ARM GAS  /tmp/cc1711Ej.s 			page 4


 166              		.loc 1 72 0
 167 0012 019B     		ldr	r3, [sp, #4]
 168 0014 DB68     		ldr	r3, [r3, #12]
 169 0016 002B     		cmp	r3, #0
 170 0018 03D0     		beq	.L9
 171              		.loc 1 73 0
 172 001a 019B     		ldr	r3, [sp, #4]
 173 001c 1846     		mov	r0, r3
 174 001e FFF7FEFF 		bl	chVTResetI
 175              	.L9:
 176              		.loc 1 75 0
 177 0022 FFF7FEFF 		bl	dbg_check_unlock
 178              	.LBB5:
 179 0026 4FF00003 		mov	r3, #0
 180              	@ 75 "../chibios_2.4.x/os/various/evtimer.c" 1
 181 002a 83F31188 		msr     BASEPRI, r3
 182              	@ 0 "" 2
 183              		.thumb
 184              	.LBE5:
 185              		.loc 1 76 0
 186 002e 03B0     		add	sp, sp, #12
 187 0030 00BD     		pop	{pc}
 188              		.cfi_endproc
 189              	.LFE9:
 190              		.size	evtStop, .-evtStop
 191 0032 00BFAFF3 		.text
 191      0080AFF3 
 191      0080AFF3 
 191      0080
 192              	.Letext0:
 193              		.section	.debug_loc,"",%progbits
 194              	.Ldebug_loc0:
 195              	.LLST0:
 196 0000 00000000 		.4byte	.LFB7
 197 0004 02000000 		.4byte	.LCFI0
 198 0008 0200     		.2byte	0x2
 199 000a 7D       		.byte	0x7d
 200 000b 00       		.sleb128 0
 201 000c 02000000 		.4byte	.LCFI0
 202 0010 04000000 		.4byte	.LCFI1
 203 0014 0200     		.2byte	0x2
 204 0016 7D       		.byte	0x7d
 205 0017 04       		.sleb128 4
 206 0018 04000000 		.4byte	.LCFI1
 207 001c 34000000 		.4byte	.LFE7
 208 0020 0200     		.2byte	0x2
 209 0022 7D       		.byte	0x7d
 210 0023 18       		.sleb128 24
 211 0024 00000000 		.4byte	0x0
 212 0028 00000000 		.4byte	0x0
 213              	.LLST1:
 214 002c 00000000 		.4byte	.LFB8
 215 0030 02000000 		.4byte	.LCFI2
 216 0034 0200     		.2byte	0x2
 217 0036 7D       		.byte	0x7d
 218 0037 00       		.sleb128 0
 219 0038 02000000 		.4byte	.LCFI2
ARM GAS  /tmp/cc1711Ej.s 			page 5


 220 003c 04000000 		.4byte	.LCFI3
 221 0040 0200     		.2byte	0x2
 222 0042 7D       		.byte	0x7d
 223 0043 04       		.sleb128 4
 224 0044 04000000 		.4byte	.LCFI3
 225 0048 40000000 		.4byte	.LFE8
 226 004c 0200     		.2byte	0x2
 227 004e 7D       		.byte	0x7d
 228 004f 10       		.sleb128 16
 229 0050 00000000 		.4byte	0x0
 230 0054 00000000 		.4byte	0x0
 231              	.LLST2:
 232 0058 00000000 		.4byte	.LFB9
 233 005c 02000000 		.4byte	.LCFI4
 234 0060 0200     		.2byte	0x2
 235 0062 7D       		.byte	0x7d
 236 0063 00       		.sleb128 0
 237 0064 02000000 		.4byte	.LCFI4
 238 0068 04000000 		.4byte	.LCFI5
 239 006c 0200     		.2byte	0x2
 240 006e 7D       		.byte	0x7d
 241 006f 04       		.sleb128 4
 242 0070 04000000 		.4byte	.LCFI5
 243 0074 32000000 		.4byte	.LFE9
 244 0078 0200     		.2byte	0x2
 245 007a 7D       		.byte	0x7d
 246 007b 10       		.sleb128 16
 247 007c 00000000 		.4byte	0x0
 248 0080 00000000 		.4byte	0x0
 249              		.file 2 "/home/z80/programs/code-sourcery/2011.03-42/bin/../lib/gcc/arm-none-eabi/4.5.2/../../../.
 250              		.file 3 "../chibios_2.4.x/os/ports/GCC/ARMCMx/chtypes.h"
 251              		.file 4 "../chibios_2.4.x/os/kernel/include/chlists.h"
 252              		.file 5 "../chibios_2.4.x/os/kernel/include/chthreads.h"
 253              		.file 6 "../chibios_2.4.x/os/ports/GCC/ARMCMx/chcore_v7m.h"
 254              		.file 7 "../chibios_2.4.x/os/kernel/include/chvt.h"
 255              		.file 8 "../chibios_2.4.x/os/kernel/include/chmtx.h"
 256              		.file 9 "../chibios_2.4.x/os/kernel/include/chevents.h"
 257              		.file 10 "../chibios_2.4.x/os/various/evtimer.h"
 258              		.section	.debug_info
 259 0000 C4050000 		.4byte	0x5c4
 260 0004 0200     		.2byte	0x2
 261 0006 00000000 		.4byte	.Ldebug_abbrev0
 262 000a 04       		.byte	0x4
 263 000b 01       		.uleb128 0x1
 264 000c D2020000 		.4byte	.LASF69
 265 0010 01       		.byte	0x1
 266 0011 72010000 		.4byte	.LASF70
 267 0015 83020000 		.4byte	.LASF71
 268 0019 00000000 		.4byte	0x0
 269 001d 00000000 		.4byte	0x0
 270 0021 00000000 		.4byte	.Ldebug_ranges0+0x0
 271 0025 00000000 		.4byte	.Ldebug_line0
 272 0029 02       		.uleb128 0x2
 273 002a 04       		.byte	0x4
 274 002b 05       		.byte	0x5
 275 002c 696E7400 		.ascii	"int\000"
 276 0030 03       		.uleb128 0x3
ARM GAS  /tmp/cc1711Ej.s 			page 6


 277 0031 04       		.byte	0x4
 278 0032 07       		.byte	0x7
 279 0033 BE000000 		.4byte	.LASF0
 280 0037 03       		.uleb128 0x3
 281 0038 01       		.byte	0x1
 282 0039 06       		.byte	0x6
 283 003a 60000000 		.4byte	.LASF1
 284 003e 04       		.uleb128 0x4
 285 003f B5020000 		.4byte	.LASF5
 286 0043 02       		.byte	0x2
 287 0044 2A       		.byte	0x2a
 288 0045 49000000 		.4byte	0x49
 289 0049 03       		.uleb128 0x3
 290 004a 01       		.byte	0x1
 291 004b 08       		.byte	0x8
 292 004c AF010000 		.4byte	.LASF2
 293 0050 03       		.uleb128 0x3
 294 0051 02       		.byte	0x2
 295 0052 05       		.byte	0x5
 296 0053 D3010000 		.4byte	.LASF3
 297 0057 03       		.uleb128 0x3
 298 0058 02       		.byte	0x2
 299 0059 07       		.byte	0x7
 300 005a ED000000 		.4byte	.LASF4
 301 005e 04       		.uleb128 0x4
 302 005f A7010000 		.4byte	.LASF6
 303 0063 02       		.byte	0x2
 304 0064 4F       		.byte	0x4f
 305 0065 69000000 		.4byte	0x69
 306 0069 03       		.uleb128 0x3
 307 006a 04       		.byte	0x4
 308 006b 05       		.byte	0x5
 309 006c 7C000000 		.4byte	.LASF7
 310 0070 04       		.uleb128 0x4
 311 0071 0D020000 		.4byte	.LASF8
 312 0075 02       		.byte	0x2
 313 0076 50       		.byte	0x50
 314 0077 7B000000 		.4byte	0x7b
 315 007b 03       		.uleb128 0x3
 316 007c 04       		.byte	0x4
 317 007d 07       		.byte	0x7
 318 007e D3000000 		.4byte	.LASF9
 319 0082 03       		.uleb128 0x3
 320 0083 08       		.byte	0x8
 321 0084 05       		.byte	0x5
 322 0085 52000000 		.4byte	.LASF10
 323 0089 04       		.uleb128 0x4
 324 008a 19000000 		.4byte	.LASF11
 325 008e 02       		.byte	0x2
 326 008f 78       		.byte	0x78
 327 0090 94000000 		.4byte	0x94
 328 0094 03       		.uleb128 0x3
 329 0095 08       		.byte	0x8
 330 0096 07       		.byte	0x7
 331 0097 22000000 		.4byte	.LASF12
 332 009b 04       		.uleb128 0x4
 333 009c 0E010000 		.4byte	.LASF13
ARM GAS  /tmp/cc1711Ej.s 			page 7


 334 00a0 03       		.byte	0x3
 335 00a1 2F       		.byte	0x2f
 336 00a2 3E000000 		.4byte	0x3e
 337 00a6 04       		.uleb128 0x4
 338 00a7 85000000 		.4byte	.LASF14
 339 00ab 03       		.byte	0x3
 340 00ac 30       		.byte	0x30
 341 00ad 3E000000 		.4byte	0x3e
 342 00b1 04       		.uleb128 0x4
 343 00b2 9F010000 		.4byte	.LASF15
 344 00b6 03       		.byte	0x3
 345 00b7 32       		.byte	0x32
 346 00b8 70000000 		.4byte	0x70
 347 00bc 04       		.uleb128 0x4
 348 00bd 00010000 		.4byte	.LASF16
 349 00c1 03       		.byte	0x3
 350 00c2 33       		.byte	0x33
 351 00c3 5E000000 		.4byte	0x5e
 352 00c7 04       		.uleb128 0x4
 353 00c8 22010000 		.4byte	.LASF17
 354 00cc 03       		.byte	0x3
 355 00cd 35       		.byte	0x35
 356 00ce 70000000 		.4byte	0x70
 357 00d2 04       		.uleb128 0x4
 358 00d3 35020000 		.4byte	.LASF18
 359 00d7 03       		.byte	0x3
 360 00d8 36       		.byte	0x36
 361 00d9 70000000 		.4byte	0x70
 362 00dd 04       		.uleb128 0x4
 363 00de FB010000 		.4byte	.LASF19
 364 00e2 04       		.byte	0x4
 365 00e3 2A       		.byte	0x2a
 366 00e4 E8000000 		.4byte	0xe8
 367 00e8 05       		.uleb128 0x5
 368 00e9 FB010000 		.4byte	.LASF19
 369 00ed 48       		.byte	0x48
 370 00ee 05       		.byte	0x5
 371 00ef 5E       		.byte	0x5e
 372 00f0 F1010000 		.4byte	0x1f1
 373 00f4 06       		.uleb128 0x6
 374 00f5 EC010000 		.4byte	.LASF20
 375 00f9 05       		.byte	0x5
 376 00fa 5F       		.byte	0x5f
 377 00fb 16020000 		.4byte	0x216
 378 00ff 02       		.byte	0x2
 379 0100 23       		.byte	0x23
 380 0101 00       		.uleb128 0x0
 381 0102 06       		.uleb128 0x6
 382 0103 98010000 		.4byte	.LASF21
 383 0107 05       		.byte	0x5
 384 0108 61       		.byte	0x61
 385 0109 16020000 		.4byte	0x216
 386 010d 02       		.byte	0x2
 387 010e 23       		.byte	0x23
 388 010f 04       		.uleb128 0x4
 389 0110 06       		.uleb128 0x6
 390 0111 4B000000 		.4byte	.LASF22
ARM GAS  /tmp/cc1711Ej.s 			page 8


 391 0115 05       		.byte	0x5
 392 0116 63       		.byte	0x63
 393 0117 B1000000 		.4byte	0xb1
 394 011b 02       		.byte	0x2
 395 011c 23       		.byte	0x23
 396 011d 08       		.uleb128 0x8
 397 011e 06       		.uleb128 0x6
 398 011f F3020000 		.4byte	.LASF23
 399 0123 05       		.byte	0x5
 400 0124 64       		.byte	0x64
 401 0125 EE020000 		.4byte	0x2ee
 402 0129 02       		.byte	0x2
 403 012a 23       		.byte	0x23
 404 012b 0C       		.uleb128 0xc
 405 012c 06       		.uleb128 0x6
 406 012d 8E000000 		.4byte	.LASF24
 407 0131 05       		.byte	0x5
 408 0132 66       		.byte	0x66
 409 0133 16020000 		.4byte	0x216
 410 0137 02       		.byte	0x2
 411 0138 23       		.byte	0x23
 412 0139 10       		.uleb128 0x10
 413 013a 06       		.uleb128 0x6
 414 013b 5D010000 		.4byte	.LASF25
 415 013f 05       		.byte	0x5
 416 0140 67       		.byte	0x67
 417 0141 16020000 		.4byte	0x216
 418 0145 02       		.byte	0x2
 419 0146 23       		.byte	0x23
 420 0147 14       		.uleb128 0x14
 421 0148 06       		.uleb128 0x6
 422 0149 DE020000 		.4byte	.LASF26
 423 014d 05       		.byte	0x5
 424 014e 6E       		.byte	0x6e
 425 014f 82040000 		.4byte	0x482
 426 0153 02       		.byte	0x2
 427 0154 23       		.byte	0x23
 428 0155 18       		.uleb128 0x18
 429 0156 06       		.uleb128 0x6
 430 0157 B3000000 		.4byte	.LASF27
 431 015b 05       		.byte	0x5
 432 015c 74       		.byte	0x74
 433 015d 94040000 		.4byte	0x494
 434 0161 02       		.byte	0x2
 435 0162 23       		.byte	0x23
 436 0163 1C       		.uleb128 0x1c
 437 0164 06       		.uleb128 0x6
 438 0165 DD010000 		.4byte	.LASF28
 439 0169 05       		.byte	0x5
 440 016a 79       		.byte	0x79
 441 016b A6000000 		.4byte	0xa6
 442 016f 02       		.byte	0x2
 443 0170 23       		.byte	0x23
 444 0171 20       		.uleb128 0x20
 445 0172 06       		.uleb128 0x6
 446 0173 F3010000 		.4byte	.LASF29
 447 0177 05       		.byte	0x5
ARM GAS  /tmp/cc1711Ej.s 			page 9


 448 0178 7D       		.byte	0x7d
 449 0179 9B000000 		.4byte	0x9b
 450 017d 02       		.byte	0x2
 451 017e 23       		.byte	0x23
 452 017f 21       		.uleb128 0x21
 453 0180 06       		.uleb128 0x6
 454 0181 5B020000 		.4byte	.LASF30
 455 0185 05       		.byte	0x5
 456 0186 89       		.byte	0x89
 457 0187 92030000 		.4byte	0x392
 458 018b 02       		.byte	0x2
 459 018c 23       		.byte	0x23
 460 018d 24       		.uleb128 0x24
 461 018e 07       		.uleb128 0x7
 462 018f 705F7500 		.ascii	"p_u\000"
 463 0193 05       		.byte	0x5
 464 0194 AE       		.byte	0xae
 465 0195 4D040000 		.4byte	0x44d
 466 0199 02       		.byte	0x2
 467 019a 23       		.byte	0x23
 468 019b 28       		.uleb128 0x28
 469 019c 06       		.uleb128 0x6
 470 019d F9020000 		.4byte	.LASF31
 471 01a1 05       		.byte	0x5
 472 01a2 B3       		.byte	0xb3
 473 01a3 3E020000 		.4byte	0x23e
 474 01a7 02       		.byte	0x2
 475 01a8 23       		.byte	0x23
 476 01a9 2C       		.uleb128 0x2c
 477 01aa 06       		.uleb128 0x6
 478 01ab 69020000 		.4byte	.LASF32
 479 01af 05       		.byte	0x5
 480 01b0 B9       		.byte	0xb9
 481 01b1 1C020000 		.4byte	0x21c
 482 01b5 02       		.byte	0x2
 483 01b6 23       		.byte	0x23
 484 01b7 30       		.uleb128 0x30
 485 01b8 06       		.uleb128 0x6
 486 01b9 0C000000 		.4byte	.LASF33
 487 01bd 05       		.byte	0x5
 488 01be BD       		.byte	0xbd
 489 01bf BC000000 		.4byte	0xbc
 490 01c3 02       		.byte	0x2
 491 01c4 23       		.byte	0x23
 492 01c5 38       		.uleb128 0x38
 493 01c6 06       		.uleb128 0x6
 494 01c7 02020000 		.4byte	.LASF34
 495 01cb 05       		.byte	0x5
 496 01cc C3       		.byte	0xc3
 497 01cd C7000000 		.4byte	0xc7
 498 01d1 02       		.byte	0x2
 499 01d2 23       		.byte	0x23
 500 01d3 3C       		.uleb128 0x3c
 501 01d4 06       		.uleb128 0x6
 502 01d5 C9010000 		.4byte	.LASF35
 503 01d9 05       		.byte	0x5
 504 01da CA       		.byte	0xca
ARM GAS  /tmp/cc1711Ej.s 			page 10


 505 01db 9A040000 		.4byte	0x49a
 506 01df 02       		.byte	0x2
 507 01e0 23       		.byte	0x23
 508 01e1 40       		.uleb128 0x40
 509 01e2 06       		.uleb128 0x6
 510 01e3 3F020000 		.4byte	.LASF36
 511 01e7 05       		.byte	0x5
 512 01e8 CE       		.byte	0xce
 513 01e9 B1000000 		.4byte	0xb1
 514 01ed 02       		.byte	0x2
 515 01ee 23       		.byte	0x23
 516 01ef 44       		.uleb128 0x44
 517 01f0 00       		.byte	0x0
 518 01f1 08       		.uleb128 0x8
 519 01f2 08       		.byte	0x8
 520 01f3 04       		.byte	0x4
 521 01f4 61       		.byte	0x61
 522 01f5 16020000 		.4byte	0x216
 523 01f9 06       		.uleb128 0x6
 524 01fa EC010000 		.4byte	.LASF20
 525 01fe 04       		.byte	0x4
 526 01ff 62       		.byte	0x62
 527 0200 16020000 		.4byte	0x216
 528 0204 02       		.byte	0x2
 529 0205 23       		.byte	0x23
 530 0206 00       		.uleb128 0x0
 531 0207 06       		.uleb128 0x6
 532 0208 98010000 		.4byte	.LASF21
 533 020c 04       		.byte	0x4
 534 020d 64       		.byte	0x64
 535 020e 16020000 		.4byte	0x216
 536 0212 02       		.byte	0x2
 537 0213 23       		.byte	0x23
 538 0214 04       		.uleb128 0x4
 539 0215 00       		.byte	0x0
 540 0216 09       		.uleb128 0x9
 541 0217 04       		.byte	0x4
 542 0218 DD000000 		.4byte	0xdd
 543 021c 04       		.uleb128 0x4
 544 021d 65010000 		.4byte	.LASF37
 545 0221 04       		.byte	0x4
 546 0222 66       		.byte	0x66
 547 0223 F1010000 		.4byte	0x1f1
 548 0227 08       		.uleb128 0x8
 549 0228 04       		.byte	0x4
 550 0229 04       		.byte	0x4
 551 022a 6B       		.byte	0x6b
 552 022b 3E020000 		.4byte	0x23e
 553 022f 06       		.uleb128 0x6
 554 0230 EC010000 		.4byte	.LASF20
 555 0234 04       		.byte	0x4
 556 0235 6D       		.byte	0x6d
 557 0236 16020000 		.4byte	0x216
 558 023a 02       		.byte	0x2
 559 023b 23       		.byte	0x23
 560 023c 00       		.uleb128 0x0
 561 023d 00       		.byte	0x0
ARM GAS  /tmp/cc1711Ej.s 			page 11


 562 023e 04       		.uleb128 0x4
 563 023f 16010000 		.4byte	.LASF38
 564 0243 04       		.byte	0x4
 565 0244 70       		.byte	0x70
 566 0245 27020000 		.4byte	0x227
 567 0249 04       		.uleb128 0x4
 568 024a 96000000 		.4byte	.LASF39
 569 024e 06       		.byte	0x6
 570 024f D7       		.byte	0xd7
 571 0250 54020000 		.4byte	0x254
 572 0254 0A       		.uleb128 0xa
 573 0255 04       		.byte	0x4
 574 0256 04       		.uleb128 0x4
 575 0257 34010000 		.4byte	.LASF40
 576 025b 06       		.byte	0x6
 577 025c DD       		.byte	0xdd
 578 025d 89000000 		.4byte	0x89
 579 0261 05       		.uleb128 0x5
 580 0262 62020000 		.4byte	.LASF41
 581 0266 24       		.byte	0x24
 582 0267 06       		.byte	0x6
 583 0268 FE       		.byte	0xfe
 584 0269 EE020000 		.4byte	0x2ee
 585 026d 0B       		.uleb128 0xb
 586 026e 723400   		.ascii	"r4\000"
 587 0271 06       		.byte	0x6
 588 0272 1101     		.2byte	0x111
 589 0274 49020000 		.4byte	0x249
 590 0278 02       		.byte	0x2
 591 0279 23       		.byte	0x23
 592 027a 00       		.uleb128 0x0
 593 027b 0B       		.uleb128 0xb
 594 027c 723500   		.ascii	"r5\000"
 595 027f 06       		.byte	0x6
 596 0280 1201     		.2byte	0x112
 597 0282 49020000 		.4byte	0x249
 598 0286 02       		.byte	0x2
 599 0287 23       		.byte	0x23
 600 0288 04       		.uleb128 0x4
 601 0289 0B       		.uleb128 0xb
 602 028a 723600   		.ascii	"r6\000"
 603 028d 06       		.byte	0x6
 604 028e 1301     		.2byte	0x113
 605 0290 49020000 		.4byte	0x249
 606 0294 02       		.byte	0x2
 607 0295 23       		.byte	0x23
 608 0296 08       		.uleb128 0x8
 609 0297 0B       		.uleb128 0xb
 610 0298 723700   		.ascii	"r7\000"
 611 029b 06       		.byte	0x6
 612 029c 1401     		.2byte	0x114
 613 029e 49020000 		.4byte	0x249
 614 02a2 02       		.byte	0x2
 615 02a3 23       		.byte	0x23
 616 02a4 0C       		.uleb128 0xc
 617 02a5 0B       		.uleb128 0xb
 618 02a6 723800   		.ascii	"r8\000"
ARM GAS  /tmp/cc1711Ej.s 			page 12


 619 02a9 06       		.byte	0x6
 620 02aa 1501     		.2byte	0x115
 621 02ac 49020000 		.4byte	0x249
 622 02b0 02       		.byte	0x2
 623 02b1 23       		.byte	0x23
 624 02b2 10       		.uleb128 0x10
 625 02b3 0B       		.uleb128 0xb
 626 02b4 723900   		.ascii	"r9\000"
 627 02b7 06       		.byte	0x6
 628 02b8 1601     		.2byte	0x116
 629 02ba 49020000 		.4byte	0x249
 630 02be 02       		.byte	0x2
 631 02bf 23       		.byte	0x23
 632 02c0 14       		.uleb128 0x14
 633 02c1 0B       		.uleb128 0xb
 634 02c2 72313000 		.ascii	"r10\000"
 635 02c6 06       		.byte	0x6
 636 02c7 1701     		.2byte	0x117
 637 02c9 49020000 		.4byte	0x249
 638 02cd 02       		.byte	0x2
 639 02ce 23       		.byte	0x23
 640 02cf 18       		.uleb128 0x18
 641 02d0 0B       		.uleb128 0xb
 642 02d1 72313100 		.ascii	"r11\000"
 643 02d5 06       		.byte	0x6
 644 02d6 1801     		.2byte	0x118
 645 02d8 49020000 		.4byte	0x249
 646 02dc 02       		.byte	0x2
 647 02dd 23       		.byte	0x23
 648 02de 1C       		.uleb128 0x1c
 649 02df 0B       		.uleb128 0xb
 650 02e0 6C7200   		.ascii	"lr\000"
 651 02e3 06       		.byte	0x6
 652 02e4 1901     		.2byte	0x119
 653 02e6 49020000 		.4byte	0x249
 654 02ea 02       		.byte	0x2
 655 02eb 23       		.byte	0x23
 656 02ec 20       		.uleb128 0x20
 657 02ed 00       		.byte	0x0
 658 02ee 0C       		.uleb128 0xc
 659 02ef E5000000 		.4byte	.LASF42
 660 02f3 04       		.byte	0x4
 661 02f4 06       		.byte	0x6
 662 02f5 2301     		.2byte	0x123
 663 02f7 0B030000 		.4byte	0x30b
 664 02fb 0B       		.uleb128 0xb
 665 02fc 72313300 		.ascii	"r13\000"
 666 0300 06       		.byte	0x6
 667 0301 2401     		.2byte	0x124
 668 0303 0B030000 		.4byte	0x30b
 669 0307 02       		.byte	0x2
 670 0308 23       		.byte	0x23
 671 0309 00       		.uleb128 0x0
 672 030a 00       		.byte	0x0
 673 030b 09       		.uleb128 0x9
 674 030c 04       		.byte	0x4
 675 030d 61020000 		.4byte	0x261
ARM GAS  /tmp/cc1711Ej.s 			page 13


 676 0311 04       		.uleb128 0x4
 677 0312 4A020000 		.4byte	.LASF43
 678 0316 07       		.byte	0x7
 679 0317 53       		.byte	0x53
 680 0318 1C030000 		.4byte	0x31c
 681 031c 09       		.uleb128 0x9
 682 031d 04       		.byte	0x4
 683 031e 22030000 		.4byte	0x322
 684 0322 0D       		.uleb128 0xd
 685 0323 01       		.byte	0x1
 686 0324 2E030000 		.4byte	0x32e
 687 0328 0E       		.uleb128 0xe
 688 0329 54020000 		.4byte	0x254
 689 032d 00       		.byte	0x0
 690 032e 04       		.uleb128 0x4
 691 032f 16020000 		.4byte	.LASF44
 692 0333 07       		.byte	0x7
 693 0334 58       		.byte	0x58
 694 0335 39030000 		.4byte	0x339
 695 0339 05       		.uleb128 0x5
 696 033a 16020000 		.4byte	.LASF44
 697 033e 14       		.byte	0x14
 698 033f 07       		.byte	0x7
 699 0340 5F       		.byte	0x5f
 700 0341 8C030000 		.4byte	0x38c
 701 0345 06       		.uleb128 0x6
 702 0346 CB000000 		.4byte	.LASF45
 703 034a 07       		.byte	0x7
 704 034b 60       		.byte	0x60
 705 034c 8C030000 		.4byte	0x38c
 706 0350 02       		.byte	0x2
 707 0351 23       		.byte	0x23
 708 0352 00       		.uleb128 0x0
 709 0353 06       		.uleb128 0x6
 710 0354 9F000000 		.4byte	.LASF46
 711 0358 07       		.byte	0x7
 712 0359 62       		.byte	0x62
 713 035a 8C030000 		.4byte	0x38c
 714 035e 02       		.byte	0x2
 715 035f 23       		.byte	0x23
 716 0360 04       		.uleb128 0x4
 717 0361 06       		.uleb128 0x6
 718 0362 3F010000 		.4byte	.LASF47
 719 0366 07       		.byte	0x7
 720 0367 64       		.byte	0x64
 721 0368 D2000000 		.4byte	0xd2
 722 036c 02       		.byte	0x2
 723 036d 23       		.byte	0x23
 724 036e 08       		.uleb128 0x8
 725 036f 06       		.uleb128 0x6
 726 0370 4D010000 		.4byte	.LASF48
 727 0374 07       		.byte	0x7
 728 0375 65       		.byte	0x65
 729 0376 11030000 		.4byte	0x311
 730 037a 02       		.byte	0x2
 731 037b 23       		.byte	0x23
 732 037c 0C       		.uleb128 0xc
ARM GAS  /tmp/ccAU6cyj.s 			page 14


 733 037d 06       		.uleb128 0x6
 734 037e 74020000 		.4byte	.LASF49
 735 0382 07       		.byte	0x7
 736 0383 67       		.byte	0x67
 737 0384 54020000 		.4byte	0x254
 738 0388 02       		.byte	0x2
 739 0389 23       		.byte	0x23
 740 038a 10       		.uleb128 0x10
 741 038b 00       		.byte	0x0
 742 038c 09       		.uleb128 0x9
 743 038d 04       		.byte	0x4
 744 038e 2E030000 		.4byte	0x32e
 745 0392 0F       		.uleb128 0xf
 746 0393 D2000000 		.4byte	0xd2
 747 0397 05       		.uleb128 0x5
 748 0398 2E010000 		.4byte	.LASF50
 749 039c 10       		.byte	0x10
 750 039d 08       		.byte	0x8
 751 039e 2C       		.byte	0x2c
 752 039f CE030000 		.4byte	0x3ce
 753 03a3 06       		.uleb128 0x6
 754 03a4 74000000 		.4byte	.LASF51
 755 03a8 08       		.byte	0x8
 756 03a9 2D       		.byte	0x2d
 757 03aa 1C020000 		.4byte	0x21c
 758 03ae 02       		.byte	0x2
 759 03af 23       		.byte	0x23
 760 03b0 00       		.uleb128 0x0
 761 03b1 06       		.uleb128 0x6
 762 03b2 EB020000 		.4byte	.LASF52
 763 03b6 08       		.byte	0x8
 764 03b7 2F       		.byte	0x2f
 765 03b8 16020000 		.4byte	0x216
 766 03bc 02       		.byte	0x2
 767 03bd 23       		.byte	0x23
 768 03be 08       		.uleb128 0x8
 769 03bf 06       		.uleb128 0x6
 770 03c0 2E020000 		.4byte	.LASF53
 771 03c4 08       		.byte	0x8
 772 03c5 31       		.byte	0x31
 773 03c6 CE030000 		.4byte	0x3ce
 774 03ca 02       		.byte	0x2
 775 03cb 23       		.byte	0x23
 776 03cc 0C       		.uleb128 0xc
 777 03cd 00       		.byte	0x0
 778 03ce 09       		.uleb128 0x9
 779 03cf 04       		.byte	0x4
 780 03d0 97030000 		.4byte	0x397
 781 03d4 04       		.uleb128 0x4
 782 03d5 2E010000 		.4byte	.LASF50
 783 03d9 08       		.byte	0x8
 784 03da 33       		.byte	0x33
 785 03db 97030000 		.4byte	0x397
 786 03df 04       		.uleb128 0x4
 787 03e0 BD020000 		.4byte	.LASF54
 788 03e4 09       		.byte	0x9
 789 03e5 29       		.byte	0x29
ARM GAS  /tmp/ccAU6cyj.s 			page 15


 790 03e6 EA030000 		.4byte	0x3ea
 791 03ea 05       		.uleb128 0x5
 792 03eb BD020000 		.4byte	.LASF54
 793 03ef 0C       		.byte	0xc
 794 03f0 09       		.byte	0x9
 795 03f1 2E       		.byte	0x2e
 796 03f2 21040000 		.4byte	0x421
 797 03f6 06       		.uleb128 0x6
 798 03f7 06010000 		.4byte	.LASF55
 799 03fb 09       		.byte	0x9
 800 03fc 2F       		.byte	0x2f
 801 03fd 21040000 		.4byte	0x421
 802 0401 02       		.byte	0x2
 803 0402 23       		.byte	0x23
 804 0403 00       		.uleb128 0x0
 805 0404 06       		.uleb128 0x6
 806 0405 BD010000 		.4byte	.LASF56
 807 0409 09       		.byte	0x9
 808 040a 32       		.byte	0x32
 809 040b 16020000 		.4byte	0x216
 810 040f 02       		.byte	0x2
 811 0410 23       		.byte	0x23
 812 0411 04       		.uleb128 0x4
 813 0412 06       		.uleb128 0x6
 814 0413 55010000 		.4byte	.LASF57
 815 0417 09       		.byte	0x9
 816 0418 34       		.byte	0x34
 817 0419 C7000000 		.4byte	0xc7
 818 041d 02       		.byte	0x2
 819 041e 23       		.byte	0x23
 820 041f 08       		.uleb128 0x8
 821 0420 00       		.byte	0x0
 822 0421 09       		.uleb128 0x9
 823 0422 04       		.byte	0x4
 824 0423 DF030000 		.4byte	0x3df
 825 0427 05       		.uleb128 0x5
 826 0428 A7000000 		.4byte	.LASF58
 827 042c 04       		.byte	0x4
 828 042d 09       		.byte	0x9
 829 042e 3C       		.byte	0x3c
 830 042f 42040000 		.4byte	0x442
 831 0433 06       		.uleb128 0x6
 832 0434 7B020000 		.4byte	.LASF59
 833 0438 09       		.byte	0x9
 834 0439 3D       		.byte	0x3d
 835 043a 21040000 		.4byte	0x421
 836 043e 02       		.byte	0x2
 837 043f 23       		.byte	0x23
 838 0440 00       		.uleb128 0x0
 839 0441 00       		.byte	0x0
 840 0442 04       		.uleb128 0x4
 841 0443 A7000000 		.4byte	.LASF58
 842 0447 09       		.byte	0x9
 843 0448 40       		.byte	0x40
 844 0449 27040000 		.4byte	0x427
 845 044d 10       		.uleb128 0x10
 846 044e 04       		.byte	0x4
ARM GAS  /tmp/ccAU6cyj.s 			page 16


 847 044f 05       		.byte	0x5
 848 0450 90       		.byte	0x90
 849 0451 82040000 		.4byte	0x482
 850 0455 11       		.uleb128 0x11
 851 0456 12000000 		.4byte	.LASF60
 852 045a 05       		.byte	0x5
 853 045b 97       		.byte	0x97
 854 045c BC000000 		.4byte	0xbc
 855 0460 11       		.uleb128 0x11
 856 0461 39000000 		.4byte	.LASF61
 857 0465 05       		.byte	0x5
 858 0466 9E       		.byte	0x9e
 859 0467 BC000000 		.4byte	0xbc
 860 046b 11       		.uleb128 0x11
 861 046c CB020000 		.4byte	.LASF62
 862 0470 05       		.byte	0x5
 863 0471 A5       		.byte	0xa5
 864 0472 54020000 		.4byte	0x254
 865 0476 11       		.uleb128 0x11
 866 0477 E5010000 		.4byte	.LASF63
 867 047b 05       		.byte	0x5
 868 047c AC       		.byte	0xac
 869 047d C7000000 		.4byte	0xc7
 870 0481 00       		.byte	0x0
 871 0482 09       		.uleb128 0x9
 872 0483 04       		.byte	0x4
 873 0484 88040000 		.4byte	0x488
 874 0488 12       		.uleb128 0x12
 875 0489 8D040000 		.4byte	0x48d
 876 048d 03       		.uleb128 0x3
 877 048e 01       		.byte	0x1
 878 048f 08       		.byte	0x8
 879 0490 23020000 		.4byte	.LASF64
 880 0494 09       		.uleb128 0x9
 881 0495 04       		.byte	0x4
 882 0496 56020000 		.4byte	0x256
 883 049a 09       		.uleb128 0x9
 884 049b 04       		.byte	0x4
 885 049c D4030000 		.4byte	0x3d4
 886 04a0 08       		.uleb128 0x8
 887 04a1 1C       		.byte	0x1c
 888 04a2 0A       		.byte	0xa
 889 04a3 2A       		.byte	0x2a
 890 04a4 D3040000 		.4byte	0x4d3
 891 04a8 06       		.uleb128 0x6
 892 04a9 E5020000 		.4byte	.LASF65
 893 04ad 0A       		.byte	0xa
 894 04ae 2B       		.byte	0x2b
 895 04af 2E030000 		.4byte	0x32e
 896 04b3 02       		.byte	0x2
 897 04b4 23       		.byte	0x23
 898 04b5 00       		.uleb128 0x0
 899 04b6 06       		.uleb128 0x6
 900 04b7 47010000 		.4byte	.LASF66
 901 04bb 0A       		.byte	0xa
 902 04bc 2C       		.byte	0x2c
 903 04bd 42040000 		.4byte	0x442
ARM GAS  /tmp/ccAU6cyj.s 			page 17


 904 04c1 02       		.byte	0x2
 905 04c2 23       		.byte	0x23
 906 04c3 14       		.uleb128 0x14
 907 04c4 06       		.uleb128 0x6
 908 04c5 00000000 		.4byte	.LASF67
 909 04c9 0A       		.byte	0xa
 910 04ca 2D       		.byte	0x2d
 911 04cb D2000000 		.4byte	0xd2
 912 04cf 02       		.byte	0x2
 913 04d0 23       		.byte	0x23
 914 04d1 18       		.uleb128 0x18
 915 04d2 00       		.byte	0x0
 916 04d3 04       		.uleb128 0x4
 917 04d4 6C000000 		.4byte	.LASF68
 918 04d8 0A       		.byte	0xa
 919 04d9 2E       		.byte	0x2e
 920 04da A0040000 		.4byte	0x4a0
 921 04de 13       		.uleb128 0x13
 922 04df 28020000 		.4byte	.LASF72
 923 04e3 01       		.byte	0x1
 924 04e4 27       		.byte	0x27
 925 04e5 01       		.byte	0x1
 926 04e6 00000000 		.4byte	.LFB7
 927 04ea 34000000 		.4byte	.LFE7
 928 04ee 00000000 		.4byte	.LLST0
 929 04f2 11050000 		.4byte	0x511
 930 04f6 14       		.uleb128 0x14
 931 04f7 7000     		.ascii	"p\000"
 932 04f9 01       		.byte	0x1
 933 04fa 27       		.byte	0x27
 934 04fb 54020000 		.4byte	0x254
 935 04ff 02       		.byte	0x2
 936 0500 91       		.byte	0x91
 937 0501 6C       		.sleb128 -20
 938 0502 15       		.uleb128 0x15
 939 0503 65747000 		.ascii	"etp\000"
 940 0507 01       		.byte	0x1
 941 0508 28       		.byte	0x28
 942 0509 11050000 		.4byte	0x511
 943 050d 02       		.byte	0x2
 944 050e 91       		.byte	0x91
 945 050f 74       		.sleb128 -12
 946 0510 00       		.byte	0x0
 947 0511 09       		.uleb128 0x9
 948 0512 04       		.byte	0x4
 949 0513 D3040000 		.4byte	0x4d3
 950 0517 16       		.uleb128 0x16
 951 0518 01       		.byte	0x1
 952 0519 42000000 		.4byte	.LASF73
 953 051d 01       		.byte	0x1
 954 051e 34       		.byte	0x34
 955 051f 01       		.byte	0x1
 956 0520 00000000 		.4byte	.LFB8
 957 0524 40000000 		.4byte	.LFE8
 958 0528 2C000000 		.4byte	.LLST1
 959 052c 71050000 		.4byte	0x571
 960 0530 14       		.uleb128 0x14
ARM GAS  /tmp/ccAU6cyj.s 			page 18


 961 0531 65747000 		.ascii	"etp\000"
 962 0535 01       		.byte	0x1
 963 0536 34       		.byte	0x34
 964 0537 11050000 		.4byte	0x511
 965 053b 02       		.byte	0x2
 966 053c 91       		.byte	0x91
 967 053d 74       		.sleb128 -12
 968 053e 17       		.uleb128 0x17
 969 053f 06000000 		.4byte	.LBB2
 970 0543 0E000000 		.4byte	.LBE2
 971 0547 59050000 		.4byte	0x559
 972 054b 15       		.uleb128 0x15
 973 054c 746D7000 		.ascii	"tmp\000"
 974 0550 01       		.byte	0x1
 975 0551 36       		.byte	0x36
 976 0552 70000000 		.4byte	0x70
 977 0556 01       		.byte	0x1
 978 0557 53       		.byte	0x53
 979 0558 00       		.byte	0x0
 980 0559 18       		.uleb128 0x18
 981 055a 30000000 		.4byte	.LBB3
 982 055e 38000000 		.4byte	.LBE3
 983 0562 15       		.uleb128 0x15
 984 0563 746D7000 		.ascii	"tmp\000"
 985 0567 01       		.byte	0x1
 986 0568 3B       		.byte	0x3b
 987 0569 70000000 		.4byte	0x70
 988 056d 01       		.byte	0x1
 989 056e 53       		.byte	0x53
 990 056f 00       		.byte	0x0
 991 0570 00       		.byte	0x0
 992 0571 19       		.uleb128 0x19
 993 0572 01       		.byte	0x1
 994 0573 53020000 		.4byte	.LASF74
 995 0577 01       		.byte	0x1
 996 0578 44       		.byte	0x44
 997 0579 01       		.byte	0x1
 998 057a 00000000 		.4byte	.LFB9
 999 057e 32000000 		.4byte	.LFE9
 1000 0582 58000000 		.4byte	.LLST2
 1001 0586 14       		.uleb128 0x14
 1002 0587 65747000 		.ascii	"etp\000"
 1003 058b 01       		.byte	0x1
 1004 058c 44       		.byte	0x44
 1005 058d 11050000 		.4byte	0x511
 1006 0591 02       		.byte	0x2
 1007 0592 91       		.byte	0x91
 1008 0593 74       		.sleb128 -12
 1009 0594 17       		.uleb128 0x17
 1010 0595 06000000 		.4byte	.LBB4
 1011 0599 0E000000 		.4byte	.LBE4
 1012 059d AF050000 		.4byte	0x5af
 1013 05a1 15       		.uleb128 0x15
 1014 05a2 746D7000 		.ascii	"tmp\000"
 1015 05a6 01       		.byte	0x1
 1016 05a7 46       		.byte	0x46
 1017 05a8 70000000 		.4byte	0x70
ARM GAS  /tmp/ccAU6cyj.s 			page 19


 1018 05ac 01       		.byte	0x1
 1019 05ad 53       		.byte	0x53
 1020 05ae 00       		.byte	0x0
 1021 05af 18       		.uleb128 0x18
 1022 05b0 26000000 		.4byte	.LBB5
 1023 05b4 2E000000 		.4byte	.LBE5
 1024 05b8 15       		.uleb128 0x15
 1025 05b9 746D7000 		.ascii	"tmp\000"
 1026 05bd 01       		.byte	0x1
 1027 05be 4B       		.byte	0x4b
 1028 05bf 70000000 		.4byte	0x70
 1029 05c3 01       		.byte	0x1
 1030 05c4 53       		.byte	0x53
 1031 05c5 00       		.byte	0x0
 1032 05c6 00       		.byte	0x0
 1033 05c7 00       		.byte	0x0
 1034              		.section	.debug_abbrev
 1035 0000 01       		.uleb128 0x1
 1036 0001 11       		.uleb128 0x11
 1037 0002 01       		.byte	0x1
 1038 0003 25       		.uleb128 0x25
 1039 0004 0E       		.uleb128 0xe
 1040 0005 13       		.uleb128 0x13
 1041 0006 0B       		.uleb128 0xb
 1042 0007 03       		.uleb128 0x3
 1043 0008 0E       		.uleb128 0xe
 1044 0009 1B       		.uleb128 0x1b
 1045 000a 0E       		.uleb128 0xe
 1046 000b 11       		.uleb128 0x11
 1047 000c 01       		.uleb128 0x1
 1048 000d 52       		.uleb128 0x52
 1049 000e 01       		.uleb128 0x1
 1050 000f 55       		.uleb128 0x55
 1051 0010 06       		.uleb128 0x6
 1052 0011 10       		.uleb128 0x10
 1053 0012 06       		.uleb128 0x6
 1054 0013 00       		.byte	0x0
 1055 0014 00       		.byte	0x0
 1056 0015 02       		.uleb128 0x2
 1057 0016 24       		.uleb128 0x24
 1058 0017 00       		.byte	0x0
 1059 0018 0B       		.uleb128 0xb
 1060 0019 0B       		.uleb128 0xb
 1061 001a 3E       		.uleb128 0x3e
 1062 001b 0B       		.uleb128 0xb
 1063 001c 03       		.uleb128 0x3
 1064 001d 08       		.uleb128 0x8
 1065 001e 00       		.byte	0x0
 1066 001f 00       		.byte	0x0
 1067 0020 03       		.uleb128 0x3
 1068 0021 24       		.uleb128 0x24
 1069 0022 00       		.byte	0x0
 1070 0023 0B       		.uleb128 0xb
 1071 0024 0B       		.uleb128 0xb
 1072 0025 3E       		.uleb128 0x3e
 1073 0026 0B       		.uleb128 0xb
 1074 0027 03       		.uleb128 0x3
ARM GAS  /tmp/ccAU6cyj.s 			page 20


 1075 0028 0E       		.uleb128 0xe
 1076 0029 00       		.byte	0x0
 1077 002a 00       		.byte	0x0
 1078 002b 04       		.uleb128 0x4
 1079 002c 16       		.uleb128 0x16
 1080 002d 00       		.byte	0x0
 1081 002e 03       		.uleb128 0x3
 1082 002f 0E       		.uleb128 0xe
 1083 0030 3A       		.uleb128 0x3a
 1084 0031 0B       		.uleb128 0xb
 1085 0032 3B       		.uleb128 0x3b
 1086 0033 0B       		.uleb128 0xb
 1087 0034 49       		.uleb128 0x49
 1088 0035 13       		.uleb128 0x13
 1089 0036 00       		.byte	0x0
 1090 0037 00       		.byte	0x0
 1091 0038 05       		.uleb128 0x5
 1092 0039 13       		.uleb128 0x13
 1093 003a 01       		.byte	0x1
 1094 003b 03       		.uleb128 0x3
 1095 003c 0E       		.uleb128 0xe
 1096 003d 0B       		.uleb128 0xb
 1097 003e 0B       		.uleb128 0xb
 1098 003f 3A       		.uleb128 0x3a
 1099 0040 0B       		.uleb128 0xb
 1100 0041 3B       		.uleb128 0x3b
 1101 0042 0B       		.uleb128 0xb
 1102 0043 01       		.uleb128 0x1
 1103 0044 13       		.uleb128 0x13
 1104 0045 00       		.byte	0x0
 1105 0046 00       		.byte	0x0
 1106 0047 06       		.uleb128 0x6
 1107 0048 0D       		.uleb128 0xd
 1108 0049 00       		.byte	0x0
 1109 004a 03       		.uleb128 0x3
 1110 004b 0E       		.uleb128 0xe
 1111 004c 3A       		.uleb128 0x3a
 1112 004d 0B       		.uleb128 0xb
 1113 004e 3B       		.uleb128 0x3b
 1114 004f 0B       		.uleb128 0xb
 1115 0050 49       		.uleb128 0x49
 1116 0051 13       		.uleb128 0x13
 1117 0052 38       		.uleb128 0x38
 1118 0053 0A       		.uleb128 0xa
 1119 0054 00       		.byte	0x0
 1120 0055 00       		.byte	0x0
 1121 0056 07       		.uleb128 0x7
 1122 0057 0D       		.uleb128 0xd
 1123 0058 00       		.byte	0x0
 1124 0059 03       		.uleb128 0x3
 1125 005a 08       		.uleb128 0x8
 1126 005b 3A       		.uleb128 0x3a
 1127 005c 0B       		.uleb128 0xb
 1128 005d 3B       		.uleb128 0x3b
 1129 005e 0B       		.uleb128 0xb
 1130 005f 49       		.uleb128 0x49
 1131 0060 13       		.uleb128 0x13
ARM GAS  /tmp/ccAU6cyj.s 			page 21


 1132 0061 38       		.uleb128 0x38
 1133 0062 0A       		.uleb128 0xa
 1134 0063 00       		.byte	0x0
 1135 0064 00       		.byte	0x0
 1136 0065 08       		.uleb128 0x8
 1137 0066 13       		.uleb128 0x13
 1138 0067 01       		.byte	0x1
 1139 0068 0B       		.uleb128 0xb
 1140 0069 0B       		.uleb128 0xb
 1141 006a 3A       		.uleb128 0x3a
 1142 006b 0B       		.uleb128 0xb
 1143 006c 3B       		.uleb128 0x3b
 1144 006d 0B       		.uleb128 0xb
 1145 006e 01       		.uleb128 0x1
 1146 006f 13       		.uleb128 0x13
 1147 0070 00       		.byte	0x0
 1148 0071 00       		.byte	0x0
 1149 0072 09       		.uleb128 0x9
 1150 0073 0F       		.uleb128 0xf
 1151 0074 00       		.byte	0x0
 1152 0075 0B       		.uleb128 0xb
 1153 0076 0B       		.uleb128 0xb
 1154 0077 49       		.uleb128 0x49
 1155 0078 13       		.uleb128 0x13
 1156 0079 00       		.byte	0x0
 1157 007a 00       		.byte	0x0
 1158 007b 0A       		.uleb128 0xa
 1159 007c 0F       		.uleb128 0xf
 1160 007d 00       		.byte	0x0
 1161 007e 0B       		.uleb128 0xb
 1162 007f 0B       		.uleb128 0xb
 1163 0080 00       		.byte	0x0
 1164 0081 00       		.byte	0x0
 1165 0082 0B       		.uleb128 0xb
 1166 0083 0D       		.uleb128 0xd
 1167 0084 00       		.byte	0x0
 1168 0085 03       		.uleb128 0x3
 1169 0086 08       		.uleb128 0x8
 1170 0087 3A       		.uleb128 0x3a
 1171 0088 0B       		.uleb128 0xb
 1172 0089 3B       		.uleb128 0x3b
 1173 008a 05       		.uleb128 0x5
 1174 008b 49       		.uleb128 0x49
 1175 008c 13       		.uleb128 0x13
 1176 008d 38       		.uleb128 0x38
 1177 008e 0A       		.uleb128 0xa
 1178 008f 00       		.byte	0x0
 1179 0090 00       		.byte	0x0
 1180 0091 0C       		.uleb128 0xc
 1181 0092 13       		.uleb128 0x13
 1182 0093 01       		.byte	0x1
 1183 0094 03       		.uleb128 0x3
 1184 0095 0E       		.uleb128 0xe
 1185 0096 0B       		.uleb128 0xb
 1186 0097 0B       		.uleb128 0xb
 1187 0098 3A       		.uleb128 0x3a
 1188 0099 0B       		.uleb128 0xb
ARM GAS  /tmp/ccAU6cyj.s 			page 22


 1189 009a 3B       		.uleb128 0x3b
 1190 009b 05       		.uleb128 0x5
 1191 009c 01       		.uleb128 0x1
 1192 009d 13       		.uleb128 0x13
 1193 009e 00       		.byte	0x0
 1194 009f 00       		.byte	0x0
 1195 00a0 0D       		.uleb128 0xd
 1196 00a1 15       		.uleb128 0x15
 1197 00a2 01       		.byte	0x1
 1198 00a3 27       		.uleb128 0x27
 1199 00a4 0C       		.uleb128 0xc
 1200 00a5 01       		.uleb128 0x1
 1201 00a6 13       		.uleb128 0x13
 1202 00a7 00       		.byte	0x0
 1203 00a8 00       		.byte	0x0
 1204 00a9 0E       		.uleb128 0xe
 1205 00aa 05       		.uleb128 0x5
 1206 00ab 00       		.byte	0x0
 1207 00ac 49       		.uleb128 0x49
 1208 00ad 13       		.uleb128 0x13
 1209 00ae 00       		.byte	0x0
 1210 00af 00       		.byte	0x0
 1211 00b0 0F       		.uleb128 0xf
 1212 00b1 35       		.uleb128 0x35
 1213 00b2 00       		.byte	0x0
 1214 00b3 49       		.uleb128 0x49
 1215 00b4 13       		.uleb128 0x13
 1216 00b5 00       		.byte	0x0
 1217 00b6 00       		.byte	0x0
 1218 00b7 10       		.uleb128 0x10
 1219 00b8 17       		.uleb128 0x17
 1220 00b9 01       		.byte	0x1
 1221 00ba 0B       		.uleb128 0xb
 1222 00bb 0B       		.uleb128 0xb
 1223 00bc 3A       		.uleb128 0x3a
 1224 00bd 0B       		.uleb128 0xb
 1225 00be 3B       		.uleb128 0x3b
 1226 00bf 0B       		.uleb128 0xb
 1227 00c0 01       		.uleb128 0x1
 1228 00c1 13       		.uleb128 0x13
 1229 00c2 00       		.byte	0x0
 1230 00c3 00       		.byte	0x0
 1231 00c4 11       		.uleb128 0x11
 1232 00c5 0D       		.uleb128 0xd
 1233 00c6 00       		.byte	0x0
 1234 00c7 03       		.uleb128 0x3
 1235 00c8 0E       		.uleb128 0xe
 1236 00c9 3A       		.uleb128 0x3a
 1237 00ca 0B       		.uleb128 0xb
 1238 00cb 3B       		.uleb128 0x3b
 1239 00cc 0B       		.uleb128 0xb
 1240 00cd 49       		.uleb128 0x49
 1241 00ce 13       		.uleb128 0x13
 1242 00cf 00       		.byte	0x0
 1243 00d0 00       		.byte	0x0
 1244 00d1 12       		.uleb128 0x12
 1245 00d2 26       		.uleb128 0x26
ARM GAS  /tmp/ccAU6cyj.s 			page 23


 1246 00d3 00       		.byte	0x0
 1247 00d4 49       		.uleb128 0x49
 1248 00d5 13       		.uleb128 0x13
 1249 00d6 00       		.byte	0x0
 1250 00d7 00       		.byte	0x0
 1251 00d8 13       		.uleb128 0x13
 1252 00d9 2E       		.uleb128 0x2e
 1253 00da 01       		.byte	0x1
 1254 00db 03       		.uleb128 0x3
 1255 00dc 0E       		.uleb128 0xe
 1256 00dd 3A       		.uleb128 0x3a
 1257 00de 0B       		.uleb128 0xb
 1258 00df 3B       		.uleb128 0x3b
 1259 00e0 0B       		.uleb128 0xb
 1260 00e1 27       		.uleb128 0x27
 1261 00e2 0C       		.uleb128 0xc
 1262 00e3 11       		.uleb128 0x11
 1263 00e4 01       		.uleb128 0x1
 1264 00e5 12       		.uleb128 0x12
 1265 00e6 01       		.uleb128 0x1
 1266 00e7 40       		.uleb128 0x40
 1267 00e8 06       		.uleb128 0x6
 1268 00e9 01       		.uleb128 0x1
 1269 00ea 13       		.uleb128 0x13
 1270 00eb 00       		.byte	0x0
 1271 00ec 00       		.byte	0x0
 1272 00ed 14       		.uleb128 0x14
 1273 00ee 05       		.uleb128 0x5
 1274 00ef 00       		.byte	0x0
 1275 00f0 03       		.uleb128 0x3
 1276 00f1 08       		.uleb128 0x8
 1277 00f2 3A       		.uleb128 0x3a
 1278 00f3 0B       		.uleb128 0xb
 1279 00f4 3B       		.uleb128 0x3b
 1280 00f5 0B       		.uleb128 0xb
 1281 00f6 49       		.uleb128 0x49
 1282 00f7 13       		.uleb128 0x13
 1283 00f8 02       		.uleb128 0x2
 1284 00f9 0A       		.uleb128 0xa
 1285 00fa 00       		.byte	0x0
 1286 00fb 00       		.byte	0x0
 1287 00fc 15       		.uleb128 0x15
 1288 00fd 34       		.uleb128 0x34
 1289 00fe 00       		.byte	0x0
 1290 00ff 03       		.uleb128 0x3
 1291 0100 08       		.uleb128 0x8
 1292 0101 3A       		.uleb128 0x3a
 1293 0102 0B       		.uleb128 0xb
 1294 0103 3B       		.uleb128 0x3b
 1295 0104 0B       		.uleb128 0xb
 1296 0105 49       		.uleb128 0x49
 1297 0106 13       		.uleb128 0x13
 1298 0107 02       		.uleb128 0x2
 1299 0108 0A       		.uleb128 0xa
 1300 0109 00       		.byte	0x0
 1301 010a 00       		.byte	0x0
 1302 010b 16       		.uleb128 0x16
ARM GAS  /tmp/ccAU6cyj.s 			page 24


 1303 010c 2E       		.uleb128 0x2e
 1304 010d 01       		.byte	0x1
 1305 010e 3F       		.uleb128 0x3f
 1306 010f 0C       		.uleb128 0xc
 1307 0110 03       		.uleb128 0x3
 1308 0111 0E       		.uleb128 0xe
 1309 0112 3A       		.uleb128 0x3a
 1310 0113 0B       		.uleb128 0xb
 1311 0114 3B       		.uleb128 0x3b
 1312 0115 0B       		.uleb128 0xb
 1313 0116 27       		.uleb128 0x27
 1314 0117 0C       		.uleb128 0xc
 1315 0118 11       		.uleb128 0x11
 1316 0119 01       		.uleb128 0x1
 1317 011a 12       		.uleb128 0x12
 1318 011b 01       		.uleb128 0x1
 1319 011c 40       		.uleb128 0x40
 1320 011d 06       		.uleb128 0x6
 1321 011e 01       		.uleb128 0x1
 1322 011f 13       		.uleb128 0x13
 1323 0120 00       		.byte	0x0
 1324 0121 00       		.byte	0x0
 1325 0122 17       		.uleb128 0x17
 1326 0123 0B       		.uleb128 0xb
 1327 0124 01       		.byte	0x1
 1328 0125 11       		.uleb128 0x11
 1329 0126 01       		.uleb128 0x1
 1330 0127 12       		.uleb128 0x12
 1331 0128 01       		.uleb128 0x1
 1332 0129 01       		.uleb128 0x1
 1333 012a 13       		.uleb128 0x13
 1334 012b 00       		.byte	0x0
 1335 012c 00       		.byte	0x0
 1336 012d 18       		.uleb128 0x18
 1337 012e 0B       		.uleb128 0xb
 1338 012f 01       		.byte	0x1
 1339 0130 11       		.uleb128 0x11
 1340 0131 01       		.uleb128 0x1
 1341 0132 12       		.uleb128 0x12
 1342 0133 01       		.uleb128 0x1
 1343 0134 00       		.byte	0x0
 1344 0135 00       		.byte	0x0
 1345 0136 19       		.uleb128 0x19
 1346 0137 2E       		.uleb128 0x2e
 1347 0138 01       		.byte	0x1
 1348 0139 3F       		.uleb128 0x3f
 1349 013a 0C       		.uleb128 0xc
 1350 013b 03       		.uleb128 0x3
 1351 013c 0E       		.uleb128 0xe
 1352 013d 3A       		.uleb128 0x3a
 1353 013e 0B       		.uleb128 0xb
 1354 013f 3B       		.uleb128 0x3b
 1355 0140 0B       		.uleb128 0xb
 1356 0141 27       		.uleb128 0x27
 1357 0142 0C       		.uleb128 0xc
 1358 0143 11       		.uleb128 0x11
 1359 0144 01       		.uleb128 0x1
ARM GAS  /tmp/ccAU6cyj.s 			page 25


 1360 0145 12       		.uleb128 0x12
 1361 0146 01       		.uleb128 0x1
 1362 0147 40       		.uleb128 0x40
 1363 0148 06       		.uleb128 0x6
 1364 0149 00       		.byte	0x0
 1365 014a 00       		.byte	0x0
 1366 014b 00       		.byte	0x0
 1367              		.section	.debug_pubnames,"",%progbits
 1368 0000 27000000 		.4byte	0x27
 1369 0004 0200     		.2byte	0x2
 1370 0006 00000000 		.4byte	.Ldebug_info0
 1371 000a C8050000 		.4byte	0x5c8
 1372 000e 17050000 		.4byte	0x517
 1373 0012 65767453 		.ascii	"evtStart\000"
 1373      74617274 
 1373      00
 1374 001b 71050000 		.4byte	0x571
 1375 001f 65767453 		.ascii	"evtStop\000"
 1375      746F7000 
 1376 0027 00000000 		.4byte	0x0
 1377              		.section	.debug_pubtypes,"",%progbits
 1378 0000 8A010000 		.4byte	0x18a
 1379 0004 0200     		.2byte	0x2
 1380 0006 00000000 		.4byte	.Ldebug_info0
 1381 000a C8050000 		.4byte	0x5c8
 1382 000e 3E000000 		.4byte	0x3e
 1383 0012 75696E74 		.ascii	"uint8_t\000"
 1383      385F7400 
 1384 001a 5E000000 		.4byte	0x5e
 1385 001e 696E7433 		.ascii	"int32_t\000"
 1385      325F7400 
 1386 0026 70000000 		.4byte	0x70
 1387 002a 75696E74 		.ascii	"uint32_t\000"
 1387      33325F74 
 1387      00
 1388 0033 89000000 		.4byte	0x89
 1389 0037 75696E74 		.ascii	"uint64_t\000"
 1389      36345F74 
 1389      00
 1390 0040 9B000000 		.4byte	0x9b
 1391 0044 746D6F64 		.ascii	"tmode_t\000"
 1391      655F7400 
 1392 004c A6000000 		.4byte	0xa6
 1393 0050 74737461 		.ascii	"tstate_t\000"
 1393      74655F74 
 1393      00
 1394 0059 B1000000 		.4byte	0xb1
 1395 005d 74707269 		.ascii	"tprio_t\000"
 1395      6F5F7400 
 1396 0065 BC000000 		.4byte	0xbc
 1397 0069 6D73675F 		.ascii	"msg_t\000"
 1397      7400
 1398 006f C7000000 		.4byte	0xc7
 1399 0073 6576656E 		.ascii	"eventmask_t\000"
 1399      746D6173 
 1399      6B5F7400 
 1400 007f D2000000 		.4byte	0xd2
ARM GAS  /tmp/ccAU6cyj.s 			page 26


 1401 0083 73797374 		.ascii	"systime_t\000"
 1401      696D655F 
 1401      7400
 1402 008d DD000000 		.4byte	0xdd
 1403 0091 54687265 		.ascii	"Thread\000"
 1403      616400
 1404 0098 1C020000 		.4byte	0x21c
 1405 009c 54687265 		.ascii	"ThreadsQueue\000"
 1405      61647351 
 1405      75657565 
 1405      00
 1406 00a9 3E020000 		.4byte	0x23e
 1407 00ad 54687265 		.ascii	"ThreadsList\000"
 1407      6164734C 
 1407      69737400 
 1408 00b9 49020000 		.4byte	0x249
 1409 00bd 72656761 		.ascii	"regarm_t\000"
 1409      726D5F74 
 1409      00
 1410 00c6 56020000 		.4byte	0x256
 1411 00ca 73746B61 		.ascii	"stkalign_t\000"
 1411      6C69676E 
 1411      5F7400
 1412 00d5 61020000 		.4byte	0x261
 1413 00d9 696E7463 		.ascii	"intctx\000"
 1413      747800
 1414 00e0 EE020000 		.4byte	0x2ee
 1415 00e4 636F6E74 		.ascii	"context\000"
 1415      65787400 
 1416 00ec 11030000 		.4byte	0x311
 1417 00f0 76746675 		.ascii	"vtfunc_t\000"
 1417      6E635F74 
 1417      00
 1418 00f9 2E030000 		.4byte	0x32e
 1419 00fd 56697274 		.ascii	"VirtualTimer\000"
 1419      75616C54 
 1419      696D6572 
 1419      00
 1420 010a 39030000 		.4byte	0x339
 1421 010e 56697274 		.ascii	"VirtualTimer\000"
 1421      75616C54 
 1421      696D6572 
 1421      00
 1422 011b 97030000 		.4byte	0x397
 1423 011f 4D757465 		.ascii	"Mutex\000"
 1423      7800
 1424 0125 D4030000 		.4byte	0x3d4
 1425 0129 4D757465 		.ascii	"Mutex\000"
 1425      7800
 1426 012f DF030000 		.4byte	0x3df
 1427 0133 4576656E 		.ascii	"EventListener\000"
 1427      744C6973 
 1427      74656E65 
 1427      7200
 1428 0141 EA030000 		.4byte	0x3ea
 1429 0145 4576656E 		.ascii	"EventListener\000"
 1429      744C6973 
ARM GAS  /tmp/ccAU6cyj.s 			page 27


 1429      74656E65 
 1429      7200
 1430 0153 27040000 		.4byte	0x427
 1431 0157 4576656E 		.ascii	"EventSource\000"
 1431      74536F75 
 1431      72636500 
 1432 0163 42040000 		.4byte	0x442
 1433 0167 4576656E 		.ascii	"EventSource\000"
 1433      74536F75 
 1433      72636500 
 1434 0173 E8000000 		.4byte	0xe8
 1435 0177 54687265 		.ascii	"Thread\000"
 1435      616400
 1436 017e D3040000 		.4byte	0x4d3
 1437 0182 45765469 		.ascii	"EvTimer\000"
 1437      6D657200 
 1438 018a 00000000 		.4byte	0x0
 1439              		.section	.debug_aranges,"",%progbits
 1440 0000 2C000000 		.4byte	0x2c
 1441 0004 0200     		.2byte	0x2
 1442 0006 00000000 		.4byte	.Ldebug_info0
 1443 000a 04       		.byte	0x4
 1444 000b 00       		.byte	0x0
 1445 000c 0000     		.2byte	0x0
 1446 000e 0000     		.2byte	0x0
 1447 0010 00000000 		.4byte	.LFB7
 1448 0014 34000000 		.4byte	.LFE7-.LFB7
 1449 0018 00000000 		.4byte	.LFB8
 1450 001c 40000000 		.4byte	.LFE8-.LFB8
 1451 0020 00000000 		.4byte	.LFB9
 1452 0024 32000000 		.4byte	.LFE9-.LFB9
 1453 0028 00000000 		.4byte	0x0
 1454 002c 00000000 		.4byte	0x0
 1455              		.section	.debug_ranges,"",%progbits
 1456              	.Ldebug_ranges0:
 1457 0000 00000000 		.4byte	.LFB7
 1458 0004 34000000 		.4byte	.LFE7
 1459 0008 00000000 		.4byte	.LFB8
 1460 000c 40000000 		.4byte	.LFE8
 1461 0010 00000000 		.4byte	.LFB9
 1462 0014 32000000 		.4byte	.LFE9
 1463 0018 00000000 		.4byte	0x0
 1464 001c 00000000 		.4byte	0x0
 1465              		.section	.debug_str,"MS",%progbits,1
 1466              	.LASF67:
 1467 0000 65745F69 		.ascii	"et_interval\000"
 1467      6E746572 
 1467      76616C00 
 1468              	.LASF33:
 1469 000c 705F6D73 		.ascii	"p_msg\000"
 1469      6700
 1470              	.LASF60:
 1471 0012 7264796D 		.ascii	"rdymsg\000"
 1471      736700
 1472              	.LASF11:
 1473 0019 75696E74 		.ascii	"uint64_t\000"
 1473      36345F74 
ARM GAS  /tmp/ccAU6cyj.s 			page 28


 1473      00
 1474              	.LASF12:
 1475 0022 6C6F6E67 		.ascii	"long long unsigned int\000"
 1475      206C6F6E 
 1475      6720756E 
 1475      7369676E 
 1475      65642069 
 1476              	.LASF61:
 1477 0039 65786974 		.ascii	"exitcode\000"
 1477      636F6465 
 1477      00
 1478              	.LASF73:
 1479 0042 65767453 		.ascii	"evtStart\000"
 1479      74617274 
 1479      00
 1480              	.LASF22:
 1481 004b 705F7072 		.ascii	"p_prio\000"
 1481      696F00
 1482              	.LASF10:
 1483 0052 6C6F6E67 		.ascii	"long long int\000"
 1483      206C6F6E 
 1483      6720696E 
 1483      7400
 1484              	.LASF1:
 1485 0060 7369676E 		.ascii	"signed char\000"
 1485      65642063 
 1485      68617200 
 1486              	.LASF68:
 1487 006c 45765469 		.ascii	"EvTimer\000"
 1487      6D657200 
 1488              	.LASF51:
 1489 0074 6D5F7175 		.ascii	"m_queue\000"
 1489      65756500 
 1490              	.LASF7:
 1491 007c 6C6F6E67 		.ascii	"long int\000"
 1491      20696E74 
 1491      00
 1492              	.LASF14:
 1493 0085 74737461 		.ascii	"tstate_t\000"
 1493      74655F74 
 1493      00
 1494              	.LASF24:
 1495 008e 705F6E65 		.ascii	"p_newer\000"
 1495      77657200 
 1496              	.LASF39:
 1497 0096 72656761 		.ascii	"regarm_t\000"
 1497      726D5F74 
 1497      00
 1498              	.LASF46:
 1499 009f 76745F70 		.ascii	"vt_prev\000"
 1499      72657600 
 1500              	.LASF58:
 1501 00a7 4576656E 		.ascii	"EventSource\000"
 1501      74536F75 
 1501      72636500 
 1502              	.LASF27:
 1503 00b3 705F7374 		.ascii	"p_stklimit\000"
ARM GAS  /tmp/ccAU6cyj.s 			page 29


 1503      6B6C696D 
 1503      697400
 1504              	.LASF0:
 1505 00be 756E7369 		.ascii	"unsigned int\000"
 1505      676E6564 
 1505      20696E74 
 1505      00
 1506              	.LASF45:
 1507 00cb 76745F6E 		.ascii	"vt_next\000"
 1507      65787400 
 1508              	.LASF9:
 1509 00d3 6C6F6E67 		.ascii	"long unsigned int\000"
 1509      20756E73 
 1509      69676E65 
 1509      6420696E 
 1509      7400
 1510              	.LASF42:
 1511 00e5 636F6E74 		.ascii	"context\000"
 1511      65787400 
 1512              	.LASF4:
 1513 00ed 73686F72 		.ascii	"short unsigned int\000"
 1513      7420756E 
 1513      7369676E 
 1513      65642069 
 1513      6E7400
 1514              	.LASF16:
 1515 0100 6D73675F 		.ascii	"msg_t\000"
 1515      7400
 1516              	.LASF55:
 1517 0106 656C5F6E 		.ascii	"el_next\000"
 1517      65787400 
 1518              	.LASF13:
 1519 010e 746D6F64 		.ascii	"tmode_t\000"
 1519      655F7400 
 1520              	.LASF38:
 1521 0116 54687265 		.ascii	"ThreadsList\000"
 1521      6164734C 
 1521      69737400 
 1522              	.LASF17:
 1523 0122 6576656E 		.ascii	"eventmask_t\000"
 1523      746D6173 
 1523      6B5F7400 
 1524              	.LASF50:
 1525 012e 4D757465 		.ascii	"Mutex\000"
 1525      7800
 1526              	.LASF40:
 1527 0134 73746B61 		.ascii	"stkalign_t\000"
 1527      6C69676E 
 1527      5F7400
 1528              	.LASF47:
 1529 013f 76745F74 		.ascii	"vt_time\000"
 1529      696D6500 
 1530              	.LASF66:
 1531 0147 65745F65 		.ascii	"et_es\000"
 1531      7300
 1532              	.LASF48:
 1533 014d 76745F66 		.ascii	"vt_func\000"
ARM GAS  /tmp/ccAU6cyj.s 			page 30


 1533      756E6300 
 1534              	.LASF57:
 1535 0155 656C5F6D 		.ascii	"el_mask\000"
 1535      61736B00 
 1536              	.LASF25:
 1537 015d 705F6F6C 		.ascii	"p_older\000"
 1537      64657200 
 1538              	.LASF37:
 1539 0165 54687265 		.ascii	"ThreadsQueue\000"
 1539      61647351 
 1539      75657565 
 1539      00
 1540              	.LASF70:
 1541 0172 2E2E2F63 		.ascii	"../chibios_2.4.x/os/various/evtimer.c\000"
 1541      68696269 
 1541      6F735F32 
 1541      2E342E78 
 1541      2F6F732F 
 1542              	.LASF21:
 1543 0198 705F7072 		.ascii	"p_prev\000"
 1543      657600
 1544              	.LASF15:
 1545 019f 74707269 		.ascii	"tprio_t\000"
 1545      6F5F7400 
 1546              	.LASF6:
 1547 01a7 696E7433 		.ascii	"int32_t\000"
 1547      325F7400 
 1548              	.LASF2:
 1549 01af 756E7369 		.ascii	"unsigned char\000"
 1549      676E6564 
 1549      20636861 
 1549      7200
 1550              	.LASF56:
 1551 01bd 656C5F6C 		.ascii	"el_listener\000"
 1551      69737465 
 1551      6E657200 
 1552              	.LASF35:
 1553 01c9 705F6D74 		.ascii	"p_mtxlist\000"
 1553      786C6973 
 1553      7400
 1554              	.LASF3:
 1555 01d3 73686F72 		.ascii	"short int\000"
 1555      7420696E 
 1555      7400
 1556              	.LASF28:
 1557 01dd 705F7374 		.ascii	"p_state\000"
 1557      61746500 
 1558              	.LASF63:
 1559 01e5 65776D61 		.ascii	"ewmask\000"
 1559      736B00
 1560              	.LASF20:
 1561 01ec 705F6E65 		.ascii	"p_next\000"
 1561      787400
 1562              	.LASF29:
 1563 01f3 705F666C 		.ascii	"p_flags\000"
 1563      61677300 
 1564              	.LASF19:
ARM GAS  /tmp/ccAU6cyj.s 			page 31


 1565 01fb 54687265 		.ascii	"Thread\000"
 1565      616400
 1566              	.LASF34:
 1567 0202 705F6570 		.ascii	"p_epending\000"
 1567      656E6469 
 1567      6E6700
 1568              	.LASF8:
 1569 020d 75696E74 		.ascii	"uint32_t\000"
 1569      33325F74 
 1569      00
 1570              	.LASF44:
 1571 0216 56697274 		.ascii	"VirtualTimer\000"
 1571      75616C54 
 1571      696D6572 
 1571      00
 1572              	.LASF64:
 1573 0223 63686172 		.ascii	"char\000"
 1573      00
 1574              	.LASF72:
 1575 0228 746D7263 		.ascii	"tmrcb\000"
 1575      6200
 1576              	.LASF53:
 1577 022e 6D5F6E65 		.ascii	"m_next\000"
 1577      787400
 1578              	.LASF18:
 1579 0235 73797374 		.ascii	"systime_t\000"
 1579      696D655F 
 1579      7400
 1580              	.LASF36:
 1581 023f 705F7265 		.ascii	"p_realprio\000"
 1581      616C7072 
 1581      696F00
 1582              	.LASF43:
 1583 024a 76746675 		.ascii	"vtfunc_t\000"
 1583      6E635F74 
 1583      00
 1584              	.LASF74:
 1585 0253 65767453 		.ascii	"evtStop\000"
 1585      746F7000 
 1586              	.LASF30:
 1587 025b 705F7469 		.ascii	"p_time\000"
 1587      6D6500
 1588              	.LASF41:
 1589 0262 696E7463 		.ascii	"intctx\000"
 1589      747800
 1590              	.LASF32:
 1591 0269 705F6D73 		.ascii	"p_msgqueue\000"
 1591      67717565 
 1591      756500
 1592              	.LASF49:
 1593 0274 76745F70 		.ascii	"vt_par\000"
 1593      617200
 1594              	.LASF59:
 1595 027b 65735F6E 		.ascii	"es_next\000"
 1595      65787400 
 1596              	.LASF71:
 1597 0283 2F686F6D 		.ascii	"/home/z80/projects/voltamper.git/firmware/voltamp\000"
ARM GAS  /tmp/ccAU6cyj.s 			page 32


 1597      652F7A38 
 1597      302F7072 
 1597      6F6A6563 
 1597      74732F76 
 1598              	.LASF5:
 1599 02b5 75696E74 		.ascii	"uint8_t\000"
 1599      385F7400 
 1600              	.LASF54:
 1601 02bd 4576656E 		.ascii	"EventListener\000"
 1601      744C6973 
 1601      74656E65 
 1601      7200
 1602              	.LASF62:
 1603 02cb 77746F62 		.ascii	"wtobjp\000"
 1603      6A7000
 1604              	.LASF69:
 1605 02d2 474E5520 		.ascii	"GNU C 4.5.2\000"
 1605      4320342E 
 1605      352E3200 
 1606              	.LASF26:
 1607 02de 705F6E61 		.ascii	"p_name\000"
 1607      6D6500
 1608              	.LASF65:
 1609 02e5 65745F76 		.ascii	"et_vt\000"
 1609      7400
 1610              	.LASF52:
 1611 02eb 6D5F6F77 		.ascii	"m_owner\000"
 1611      6E657200 
 1612              	.LASF23:
 1613 02f3 705F6374 		.ascii	"p_ctx\000"
 1613      7800
 1614              	.LASF31:
 1615 02f9 705F7761 		.ascii	"p_waiting\000"
 1615      6974696E 
 1615      6700
 1616              		.ident	"GCC: (Sourcery G++ Lite 2011.03-42) 4.5.2"
ARM GAS  /tmp/ccAU6cyj.s 			page 33


DEFINED SYMBOLS
                            *ABS*:00000000 evtimer.c
     /tmp/ccAU6cyj.s:24     .text.tmrcb:00000000 $t
     /tmp/ccAU6cyj.s:29     .text.tmrcb:00000000 tmrcb
     /tmp/ccAU6cyj.s:68     .text.tmrcb:00000030 $d
     /tmp/ccAU6cyj.s:73     .text.evtStart:00000000 $t
     /tmp/ccAU6cyj.s:79     .text.evtStart:00000000 evtStart
     /tmp/ccAU6cyj.s:132    .text.evtStart:0000003c $d
     /tmp/ccAU6cyj.s:137    .text.evtStop:00000000 $t
     /tmp/ccAU6cyj.s:143    .text.evtStop:00000000 evtStop
                     .debug_frame:00000010 $d
     /tmp/ccAU6cyj.s:72     .text.tmrcb:00000034 $t

UNDEFINED SYMBOLS
chEvtBroadcastFlagsI
chVTSetI
dbg_check_lock
dbg_check_unlock
chVTResetI
