ARM GAS  C:\Users\z80\AppData\Local\Temp\ccXtAmCp.s 			page 1


   1              		.syntax unified
   2              		.cpu cortex-m3
   3              		.fpu softvfp
   4              		.eabi_attribute 20, 1
   5              		.eabi_attribute 21, 1
   6              		.eabi_attribute 23, 3
   7              		.eabi_attribute 24, 1
   8              		.eabi_attribute 25, 1
   9              		.eabi_attribute 26, 1
  10              		.eabi_attribute 30, 6
  11              		.eabi_attribute 18, 4
  12              		.thumb
  13              		.file	"iwdg_lld.c"
  14              		.section	.debug_abbrev,"",%progbits
  15              	.Ldebug_abbrev0:
  16              		.section	.debug_info,"",%progbits
  17              	.Ldebug_info0:
  18              		.section	.debug_line,"",%progbits
  19              	.Ldebug_line0:
  20 0000 6A010000 		.text
  20      02000B01 
  20      00000201 
  20      FB0E0D00 
  20      01010101 
  21              	.Ltext0:
  22              		.cfi_sections	.debug_frame
  23              		.global	IWDGD
  24              		.section	.bss.IWDGD,"aw",%nobits
  25              		.align	2
  26              		.type	IWDGD, %object
  27              		.size	IWDGD, 8
  28              	IWDGD:
  29 0000 00000000 		.space	8
  29      00000000 
  30              		.section	.text.iwdg_lld_init,"ax",%progbits
  31              		.align	2
  32              		.p2align 4,,15
  33              		.global	iwdg_lld_init
  34              		.thumb
  35              		.thumb_func
  36              		.type	iwdg_lld_init, %function
  37              	iwdg_lld_init:
  38              	.LFB62:
  39              		.file 1 "./src/iwdg/iwdg_lld.c"
  40              		.loc 1 76 0
  41              		.cfi_startproc
  42              		@ args = 0, pretend = 0, frame = 0
  43              		@ frame_needed = 0, uses_anonymous_args = 0
  44              		@ link register save eliminated.
  45              		.loc 1 77 0
  46 0000 40F20003 		movw	r3, #:lower16:IWDGD
  47 0004 C0F20003 		movt	r3, #:upper16:IWDGD
  48 0008 4FF00102 		mov	r2, #1
  49 000c 1A70     		strb	r2, [r3, #0]
  50              		.loc 1 78 0
  51 000e 40F20003 		movw	r3, #:lower16:IWDGD
  52 0012 C0F20003 		movt	r3, #:upper16:IWDGD
ARM GAS  C:\Users\z80\AppData\Local\Temp\ccXtAmCp.s 			page 2


  53 0016 4FF44052 		mov	r2, #12288
  54 001a C4F20002 		movt	r2, 16384
  55 001e 5A60     		str	r2, [r3, #4]
  56              		.loc 1 79 0
  57 0020 7047     		bx	lr
  58              		.cfi_endproc
  59              	.LFE62:
  60              		.size	iwdg_lld_init, .-iwdg_lld_init
  61 0022 00BFAFF3 		.section	.text.iwdg_lld_start,"ax",%progbits
  61      0080AFF3 
  61      0080AFF3 
  61      0080
  62              		.align	2
  63              		.p2align 4,,15
  64              		.global	iwdg_lld_start
  65              		.thumb
  66              		.thumb_func
  67              		.type	iwdg_lld_start, %function
  68              	iwdg_lld_start:
  69              	.LFB63:
  70              		.loc 1 90 0
  71              		.cfi_startproc
  72              		@ args = 0, pretend = 0, frame = 16
  73              		@ frame_needed = 0, uses_anonymous_args = 0
  74              		@ link register save eliminated.
  75 0000 84B0     		sub	sp, sp, #16
  76              	.LCFI0:
  77              		.cfi_def_cfa_offset 16
  78 0002 0190     		str	r0, [sp, #4]
  79 0004 0091     		str	r1, [sp, #0]
  80              		.loc 1 94 0
  81 0006 019B     		ldr	r3, [sp, #4]
  82 0008 5B68     		ldr	r3, [r3, #4]
  83 000a 0393     		str	r3, [sp, #12]
  84              		.loc 1 95 0
  85 000c 039B     		ldr	r3, [sp, #12]
  86 000e 45F25552 		movw	r2, #21845
  87 0012 1A60     		str	r2, [r3, #0]
  88              		.loc 1 96 0
  89 0014 009B     		ldr	r3, [sp, #0]
  90 0016 9B78     		ldrb	r3, [r3, #2]	@ zero_extendqisi2
  91 0018 1A46     		mov	r2, r3
  92 001a 039B     		ldr	r3, [sp, #12]
  93 001c 5A60     		str	r2, [r3, #4]
  94              		.loc 1 97 0
  95 001e 009B     		ldr	r3, [sp, #0]
  96 0020 1A88     		ldrh	r2, [r3, #0]
  97 0022 40F6FF73 		movw	r3, #4095
  98 0026 9A42     		cmp	r2, r3
  99 0028 02D8     		bhi	.L3
 100              		.loc 1 97 0 is_stmt 0 discriminator 1
 101 002a 009B     		ldr	r3, [sp, #0]
 102 002c 1B88     		ldrh	r3, [r3, #0]
 103 002e 01E0     		b	.L4
 104              	.L3:
 105              		.loc 1 97 0 discriminator 2
 106 0030 40F6FF73 		movw	r3, #4095
ARM GAS  C:\Users\z80\AppData\Local\Temp\ccXtAmCp.s 			page 3


 107              	.L4:
 108              		.loc 1 97 0 discriminator 3
 109 0034 039A     		ldr	r2, [sp, #12]
 110 0036 9360     		str	r3, [r2, #8]
 111              		.loc 1 98 0 is_stmt 1 discriminator 3
 112 0038 039B     		ldr	r3, [sp, #12]
 113 003a 4AF6AA22 		movw	r2, #43690
 114 003e 1A60     		str	r2, [r3, #0]
 115              		.loc 1 99 0 discriminator 3
 116 0040 039B     		ldr	r3, [sp, #12]
 117 0042 4CF6CC42 		movw	r2, #52428
 118 0046 1A60     		str	r2, [r3, #0]
 119              		.loc 1 100 0 discriminator 3
 120 0048 04B0     		add	sp, sp, #16
 121 004a 7047     		bx	lr
 122              		.cfi_endproc
 123              	.LFE63:
 124              		.size	iwdg_lld_start, .-iwdg_lld_start
 125 004c AFF30080 		.section	.text.iwdg_lld_reset,"ax",%progbits
 126              		.align	2
 127              		.p2align 4,,15
 128              		.global	iwdg_lld_reset
 129              		.thumb
 130              		.thumb_func
 131              		.type	iwdg_lld_reset, %function
 132              	iwdg_lld_reset:
 133              	.LFB64:
 134              		.loc 1 110 0
 135              		.cfi_startproc
 136              		@ args = 0, pretend = 0, frame = 8
 137              		@ frame_needed = 0, uses_anonymous_args = 0
 138              		@ link register save eliminated.
 139 0000 82B0     		sub	sp, sp, #8
 140              	.LCFI1:
 141              		.cfi_def_cfa_offset 8
 142 0002 0190     		str	r0, [sp, #4]
 143              		.loc 1 111 0
 144 0004 019B     		ldr	r3, [sp, #4]
 145 0006 5B68     		ldr	r3, [r3, #4]
 146 0008 4AF6AA22 		movw	r2, #43690
 147 000c 1A60     		str	r2, [r3, #0]
 148              		.loc 1 112 0
 149 000e 02B0     		add	sp, sp, #8
 150 0010 7047     		bx	lr
 151              		.cfi_endproc
 152              	.LFE64:
 153              		.size	iwdg_lld_reset, .-iwdg_lld_reset
 154 0012 00BFAFF3 		.text
 154      0080AFF3 
 154      0080AFF3 
 154      0080
 155              	.Letext0:
 156              		.section	.debug_loc,"",%progbits
 157              	.Ldebug_loc0:
 158              	.LLST0:
 159 0000 00000000 		.4byte	.LFB63
 160 0004 02000000 		.4byte	.LCFI0
ARM GAS  C:\Users\z80\AppData\Local\Temp\ccXtAmCp.s 			page 4


 161 0008 0200     		.2byte	0x2
 162 000a 7D       		.byte	0x7d
 163 000b 00       		.sleb128 0
 164 000c 02000000 		.4byte	.LCFI0
 165 0010 4C000000 		.4byte	.LFE63
 166 0014 0200     		.2byte	0x2
 167 0016 7D       		.byte	0x7d
 168 0017 10       		.sleb128 16
 169 0018 00000000 		.4byte	0x0
 170 001c 00000000 		.4byte	0x0
 171              	.LLST1:
 172 0020 00000000 		.4byte	.LFB64
 173 0024 02000000 		.4byte	.LCFI1
 174 0028 0200     		.2byte	0x2
 175 002a 7D       		.byte	0x7d
 176 002b 00       		.sleb128 0
 177 002c 02000000 		.4byte	.LCFI1
 178 0030 12000000 		.4byte	.LFE64
 179 0034 0200     		.2byte	0x2
 180 0036 7D       		.byte	0x7d
 181 0037 08       		.sleb128 8
 182 0038 00000000 		.4byte	0x0
 183 003c 00000000 		.4byte	0x0
 184              		.file 2 "c:/programs/yagarto/lib/gcc/../../arm-none-eabi/sys-include/stdint.h"
 185              		.file 3 "../chibios_2.4.x/os/hal/platforms/STM32F1xx/stm32f10x.h"
 186              		.file 4 "./src/iwdg/iwdg.h"
 187              		.file 5 "./src/iwdg/iwdg_lld.h"
 188              		.file 6 "../chibios_2.4.x/os/ports/common/ARMCMx/CMSIS/include/core_cm3.h"
 189              		.section	.debug_info
 190 0000 55020000 		.4byte	0x255
 191 0004 0200     		.2byte	0x2
 192 0006 00000000 		.4byte	.Ldebug_abbrev0
 193 000a 04       		.byte	0x4
 194 000b 01       		.uleb128 0x1
 195 000c C2000000 		.4byte	.LASF29
 196 0010 01       		.byte	0x1
 197 0011 00000000 		.4byte	.LASF30
 198 0015 24010000 		.4byte	.LASF31
 199 0019 00000000 		.4byte	0x0
 200 001d 00000000 		.4byte	0x0
 201 0021 00000000 		.4byte	.Ldebug_ranges0+0x0
 202 0025 00000000 		.4byte	.Ldebug_line0
 203 0029 02       		.uleb128 0x2
 204 002a 04       		.byte	0x4
 205 002b 05       		.byte	0x5
 206 002c 696E7400 		.ascii	"int\000"
 207 0030 03       		.uleb128 0x3
 208 0031 04       		.byte	0x4
 209 0032 07       		.byte	0x7
 210 0033 D3000000 		.4byte	.LASF0
 211 0037 03       		.uleb128 0x3
 212 0038 01       		.byte	0x1
 213 0039 06       		.byte	0x6
 214 003a 6D010000 		.4byte	.LASF1
 215 003e 04       		.uleb128 0x4
 216 003f E5000000 		.4byte	.LASF4
 217 0043 02       		.byte	0x2
ARM GAS  C:\Users\z80\AppData\Local\Temp\ccXtAmCp.s 			page 5


 218 0044 2A       		.byte	0x2a
 219 0045 49000000 		.4byte	0x49
 220 0049 03       		.uleb128 0x3
 221 004a 01       		.byte	0x1
 222 004b 08       		.byte	0x8
 223 004c 7A000000 		.4byte	.LASF2
 224 0050 03       		.uleb128 0x3
 225 0051 02       		.byte	0x2
 226 0052 05       		.byte	0x5
 227 0053 1A010000 		.4byte	.LASF3
 228 0057 04       		.uleb128 0x4
 229 0058 4F010000 		.4byte	.LASF5
 230 005c 02       		.byte	0x2
 231 005d 36       		.byte	0x36
 232 005e 62000000 		.4byte	0x62
 233 0062 03       		.uleb128 0x3
 234 0063 02       		.byte	0x2
 235 0064 07       		.byte	0x7
 236 0065 9A000000 		.4byte	.LASF6
 237 0069 04       		.uleb128 0x4
 238 006a FE000000 		.4byte	.LASF7
 239 006e 02       		.byte	0x2
 240 006f 4F       		.byte	0x4f
 241 0070 74000000 		.4byte	0x74
 242 0074 03       		.uleb128 0x3
 243 0075 04       		.byte	0x4
 244 0076 05       		.byte	0x5
 245 0077 2B000000 		.4byte	.LASF8
 246 007b 04       		.uleb128 0x4
 247 007c 58010000 		.4byte	.LASF9
 248 0080 02       		.byte	0x2
 249 0081 50       		.byte	0x50
 250 0082 86000000 		.4byte	0x86
 251 0086 03       		.uleb128 0x3
 252 0087 04       		.byte	0x4
 253 0088 07       		.byte	0x7
 254 0089 88000000 		.4byte	.LASF10
 255 008d 03       		.uleb128 0x3
 256 008e 08       		.byte	0x8
 257 008f 05       		.byte	0x5
 258 0090 06010000 		.4byte	.LASF11
 259 0094 03       		.uleb128 0x3
 260 0095 08       		.byte	0x8
 261 0096 07       		.byte	0x7
 262 0097 63000000 		.4byte	.LASF12
 263 009b 05       		.uleb128 0x5
 264 009c 7B000000 		.4byte	0x7b
 265 00a0 06       		.uleb128 0x6
 266 00a1 04       		.byte	0x4
 267 00a2 07       		.byte	0x7
 268 00a3 03       		.uleb128 0x3
 269 00a4 01       		.byte	0x1
 270 00a5 08       		.byte	0x8
 271 00a6 E0000000 		.4byte	.LASF13
 272 00aa 05       		.uleb128 0x5
 273 00ab 69000000 		.4byte	0x69
 274 00af 07       		.uleb128 0x7
ARM GAS  C:\Users\z80\AppData\Local\Temp\ccXtAmCp.s 			page 6


 275 00b0 10       		.byte	0x10
 276 00b1 03       		.byte	0x3
 277 00b2 2D04     		.2byte	0x42d
 278 00b4 F2000000 		.4byte	0xf2
 279 00b8 08       		.uleb128 0x8
 280 00b9 4B5200   		.ascii	"KR\000"
 281 00bc 03       		.byte	0x3
 282 00bd 2F04     		.2byte	0x42f
 283 00bf 9B000000 		.4byte	0x9b
 284 00c3 02       		.byte	0x2
 285 00c4 23       		.byte	0x23
 286 00c5 00       		.uleb128 0x0
 287 00c6 08       		.uleb128 0x8
 288 00c7 505200   		.ascii	"PR\000"
 289 00ca 03       		.byte	0x3
 290 00cb 3004     		.2byte	0x430
 291 00cd 9B000000 		.4byte	0x9b
 292 00d1 02       		.byte	0x2
 293 00d2 23       		.byte	0x23
 294 00d3 04       		.uleb128 0x4
 295 00d4 08       		.uleb128 0x8
 296 00d5 524C5200 		.ascii	"RLR\000"
 297 00d9 03       		.byte	0x3
 298 00da 3104     		.2byte	0x431
 299 00dc 9B000000 		.4byte	0x9b
 300 00e0 02       		.byte	0x2
 301 00e1 23       		.byte	0x23
 302 00e2 08       		.uleb128 0x8
 303 00e3 08       		.uleb128 0x8
 304 00e4 535200   		.ascii	"SR\000"
 305 00e7 03       		.byte	0x3
 306 00e8 3204     		.2byte	0x432
 307 00ea 9B000000 		.4byte	0x9b
 308 00ee 02       		.byte	0x2
 309 00ef 23       		.byte	0x23
 310 00f0 0C       		.uleb128 0xc
 311 00f1 00       		.byte	0x0
 312 00f2 09       		.uleb128 0x9
 313 00f3 84010000 		.4byte	.LASF14
 314 00f7 03       		.byte	0x3
 315 00f8 3304     		.2byte	0x433
 316 00fa AF000000 		.4byte	0xaf
 317 00fe 0A       		.uleb128 0xa
 318 00ff 01       		.byte	0x1
 319 0100 04       		.byte	0x4
 320 0101 3C       		.byte	0x3c
 321 0102 19010000 		.4byte	0x119
 322 0106 0B       		.uleb128 0xb
 323 0107 61010000 		.4byte	.LASF15
 324 010b 00       		.sleb128 0
 325 010c 0B       		.uleb128 0xb
 326 010d 4D000000 		.4byte	.LASF16
 327 0111 01       		.sleb128 1
 328 0112 0B       		.uleb128 0xb
 329 0113 79010000 		.4byte	.LASF17
 330 0117 02       		.sleb128 2
 331 0118 00       		.byte	0x0
ARM GAS  C:\Users\z80\AppData\Local\Temp\ccXtAmCp.s 			page 7


 332 0119 04       		.uleb128 0x4
 333 011a 57000000 		.4byte	.LASF18
 334 011e 04       		.byte	0x4
 335 011f 40       		.byte	0x40
 336 0120 FE000000 		.4byte	0xfe
 337 0124 0C       		.uleb128 0xc
 338 0125 04       		.byte	0x4
 339 0126 05       		.byte	0x5
 340 0127 49       		.byte	0x49
 341 0128 49010000 		.4byte	0x149
 342 012c 0D       		.uleb128 0xd
 343 012d BA000000 		.4byte	.LASF19
 344 0131 05       		.byte	0x5
 345 0132 4A       		.byte	0x4a
 346 0133 57000000 		.4byte	0x57
 347 0137 02       		.byte	0x2
 348 0138 23       		.byte	0x23
 349 0139 00       		.uleb128 0x0
 350 013a 0E       		.uleb128 0xe
 351 013b 64697600 		.ascii	"div\000"
 352 013f 05       		.byte	0x5
 353 0140 4B       		.byte	0x4b
 354 0141 3E000000 		.4byte	0x3e
 355 0145 02       		.byte	0x2
 356 0146 23       		.byte	0x23
 357 0147 02       		.uleb128 0x2
 358 0148 00       		.byte	0x0
 359 0149 04       		.uleb128 0x4
 360 014a ED000000 		.4byte	.LASF20
 361 014e 05       		.byte	0x5
 362 014f 4C       		.byte	0x4c
 363 0150 24010000 		.4byte	0x124
 364 0154 0F       		.uleb128 0xf
 365 0155 34000000 		.4byte	.LASF23
 366 0159 08       		.byte	0x8
 367 015a 05       		.byte	0x5
 368 015b 51       		.byte	0x51
 369 015c 7D010000 		.4byte	0x17d
 370 0160 0D       		.uleb128 0xd
 371 0161 25000000 		.4byte	.LASF21
 372 0165 05       		.byte	0x5
 373 0166 55       		.byte	0x55
 374 0167 19010000 		.4byte	0x119
 375 016b 02       		.byte	0x2
 376 016c 23       		.byte	0x23
 377 016d 00       		.uleb128 0x0
 378 016e 0D       		.uleb128 0xd
 379 016f CE000000 		.4byte	.LASF22
 380 0173 05       		.byte	0x5
 381 0174 57       		.byte	0x57
 382 0175 7D010000 		.4byte	0x17d
 383 0179 02       		.byte	0x2
 384 017a 23       		.byte	0x23
 385 017b 04       		.uleb128 0x4
 386 017c 00       		.byte	0x0
 387 017d 10       		.uleb128 0x10
 388 017e 04       		.byte	0x4
ARM GAS  C:\Users\z80\AppData\Local\Temp\ccXtAmCp.s 			page 8


 389 017f F2000000 		.4byte	0xf2
 390 0183 04       		.uleb128 0x4
 391 0184 34000000 		.4byte	.LASF23
 392 0188 05       		.byte	0x5
 393 0189 5A       		.byte	0x5a
 394 018a 54010000 		.4byte	0x154
 395 018e 11       		.uleb128 0x11
 396 018f 01       		.byte	0x1
 397 0190 3F000000 		.4byte	.LASF32
 398 0194 01       		.byte	0x1
 399 0195 4C       		.byte	0x4c
 400 0196 01       		.byte	0x1
 401 0197 00000000 		.4byte	.LFB62
 402 019b 22000000 		.4byte	.LFE62
 403 019f 02       		.byte	0x2
 404 01a0 7D       		.byte	0x7d
 405 01a1 00       		.sleb128 0
 406 01a2 12       		.uleb128 0x12
 407 01a3 01       		.byte	0x1
 408 01a4 16000000 		.4byte	.LASF25
 409 01a8 01       		.byte	0x1
 410 01a9 59       		.byte	0x59
 411 01aa 01       		.byte	0x1
 412 01ab 00000000 		.4byte	.LFB63
 413 01af 4C000000 		.4byte	.LFE63
 414 01b3 00000000 		.4byte	.LLST0
 415 01b7 E4010000 		.4byte	0x1e4
 416 01bb 13       		.uleb128 0x13
 417 01bc F8000000 		.4byte	.LASF24
 418 01c0 01       		.byte	0x1
 419 01c1 59       		.byte	0x59
 420 01c2 E4010000 		.4byte	0x1e4
 421 01c6 02       		.byte	0x2
 422 01c7 91       		.byte	0x91
 423 01c8 74       		.sleb128 -12
 424 01c9 14       		.uleb128 0x14
 425 01ca 63666700 		.ascii	"cfg\000"
 426 01ce 01       		.byte	0x1
 427 01cf 59       		.byte	0x59
 428 01d0 EA010000 		.4byte	0x1ea
 429 01d4 02       		.byte	0x2
 430 01d5 91       		.byte	0x91
 431 01d6 70       		.sleb128 -16
 432 01d7 15       		.uleb128 0x15
 433 01d8 6400     		.ascii	"d\000"
 434 01da 01       		.byte	0x1
 435 01db 5E       		.byte	0x5e
 436 01dc 7D010000 		.4byte	0x17d
 437 01e0 02       		.byte	0x2
 438 01e1 91       		.byte	0x91
 439 01e2 7C       		.sleb128 -4
 440 01e3 00       		.byte	0x0
 441 01e4 10       		.uleb128 0x10
 442 01e5 04       		.byte	0x4
 443 01e6 83010000 		.4byte	0x183
 444 01ea 10       		.uleb128 0x10
 445 01eb 04       		.byte	0x4
ARM GAS  C:\Users\z80\AppData\Local\Temp\ccXtAmCp.s 			page 9


 446 01ec F0010000 		.4byte	0x1f0
 447 01f0 16       		.uleb128 0x16
 448 01f1 49010000 		.4byte	0x149
 449 01f5 12       		.uleb128 0x12
 450 01f6 01       		.byte	0x1
 451 01f7 91010000 		.4byte	.LASF26
 452 01fb 01       		.byte	0x1
 453 01fc 6D       		.byte	0x6d
 454 01fd 01       		.byte	0x1
 455 01fe 00000000 		.4byte	.LFB64
 456 0202 12000000 		.4byte	.LFE64
 457 0206 20000000 		.4byte	.LLST1
 458 020a 1D020000 		.4byte	0x21d
 459 020e 13       		.uleb128 0x13
 460 020f F8000000 		.4byte	.LASF24
 461 0213 01       		.byte	0x1
 462 0214 6D       		.byte	0x6d
 463 0215 E4010000 		.4byte	0x1e4
 464 0219 02       		.byte	0x2
 465 021a 91       		.byte	0x91
 466 021b 7C       		.sleb128 -4
 467 021c 00       		.byte	0x0
 468 021d 17       		.uleb128 0x17
 469 021e AD000000 		.4byte	.LASF27
 470 0222 06       		.byte	0x6
 471 0223 9404     		.2byte	0x494
 472 0225 AA000000 		.4byte	0xaa
 473 0229 01       		.byte	0x1
 474 022a 01       		.byte	0x1
 475 022b 18       		.uleb128 0x18
 476 022c 14010000 		.4byte	.LASF28
 477 0230 05       		.byte	0x5
 478 0231 5C       		.byte	0x5c
 479 0232 83010000 		.4byte	0x183
 480 0236 01       		.byte	0x1
 481 0237 01       		.byte	0x1
 482 0238 17       		.uleb128 0x17
 483 0239 AD000000 		.4byte	.LASF27
 484 023d 06       		.byte	0x6
 485 023e 9404     		.2byte	0x494
 486 0240 AA000000 		.4byte	0xaa
 487 0244 01       		.byte	0x1
 488 0245 01       		.byte	0x1
 489 0246 19       		.uleb128 0x19
 490 0247 14010000 		.4byte	.LASF28
 491 024b 01       		.byte	0x1
 492 024c 36       		.byte	0x36
 493 024d 83010000 		.4byte	0x183
 494 0251 01       		.byte	0x1
 495 0252 05       		.byte	0x5
 496 0253 03       		.byte	0x3
 497 0254 00000000 		.4byte	IWDGD
 498 0258 00       		.byte	0x0
 499              		.section	.debug_abbrev
 500 0000 01       		.uleb128 0x1
 501 0001 11       		.uleb128 0x11
 502 0002 01       		.byte	0x1
ARM GAS  C:\Users\z80\AppData\Local\Temp\ccXtAmCp.s 			page 10


 503 0003 25       		.uleb128 0x25
 504 0004 0E       		.uleb128 0xe
 505 0005 13       		.uleb128 0x13
 506 0006 0B       		.uleb128 0xb
 507 0007 03       		.uleb128 0x3
 508 0008 0E       		.uleb128 0xe
 509 0009 1B       		.uleb128 0x1b
 510 000a 0E       		.uleb128 0xe
 511 000b 11       		.uleb128 0x11
 512 000c 01       		.uleb128 0x1
 513 000d 52       		.uleb128 0x52
 514 000e 01       		.uleb128 0x1
 515 000f 55       		.uleb128 0x55
 516 0010 06       		.uleb128 0x6
 517 0011 10       		.uleb128 0x10
 518 0012 06       		.uleb128 0x6
 519 0013 00       		.byte	0x0
 520 0014 00       		.byte	0x0
 521 0015 02       		.uleb128 0x2
 522 0016 24       		.uleb128 0x24
 523 0017 00       		.byte	0x0
 524 0018 0B       		.uleb128 0xb
 525 0019 0B       		.uleb128 0xb
 526 001a 3E       		.uleb128 0x3e
 527 001b 0B       		.uleb128 0xb
 528 001c 03       		.uleb128 0x3
 529 001d 08       		.uleb128 0x8
 530 001e 00       		.byte	0x0
 531 001f 00       		.byte	0x0
 532 0020 03       		.uleb128 0x3
 533 0021 24       		.uleb128 0x24
 534 0022 00       		.byte	0x0
 535 0023 0B       		.uleb128 0xb
 536 0024 0B       		.uleb128 0xb
 537 0025 3E       		.uleb128 0x3e
 538 0026 0B       		.uleb128 0xb
 539 0027 03       		.uleb128 0x3
 540 0028 0E       		.uleb128 0xe
 541 0029 00       		.byte	0x0
 542 002a 00       		.byte	0x0
 543 002b 04       		.uleb128 0x4
 544 002c 16       		.uleb128 0x16
 545 002d 00       		.byte	0x0
 546 002e 03       		.uleb128 0x3
 547 002f 0E       		.uleb128 0xe
 548 0030 3A       		.uleb128 0x3a
 549 0031 0B       		.uleb128 0xb
 550 0032 3B       		.uleb128 0x3b
 551 0033 0B       		.uleb128 0xb
 552 0034 49       		.uleb128 0x49
 553 0035 13       		.uleb128 0x13
 554 0036 00       		.byte	0x0
 555 0037 00       		.byte	0x0
 556 0038 05       		.uleb128 0x5
 557 0039 35       		.uleb128 0x35
 558 003a 00       		.byte	0x0
 559 003b 49       		.uleb128 0x49
ARM GAS  C:\Users\z80\AppData\Local\Temp\ccXtAmCp.s 			page 11


 560 003c 13       		.uleb128 0x13
 561 003d 00       		.byte	0x0
 562 003e 00       		.byte	0x0
 563 003f 06       		.uleb128 0x6
 564 0040 24       		.uleb128 0x24
 565 0041 00       		.byte	0x0
 566 0042 0B       		.uleb128 0xb
 567 0043 0B       		.uleb128 0xb
 568 0044 3E       		.uleb128 0x3e
 569 0045 0B       		.uleb128 0xb
 570 0046 00       		.byte	0x0
 571 0047 00       		.byte	0x0
 572 0048 07       		.uleb128 0x7
 573 0049 13       		.uleb128 0x13
 574 004a 01       		.byte	0x1
 575 004b 0B       		.uleb128 0xb
 576 004c 0B       		.uleb128 0xb
 577 004d 3A       		.uleb128 0x3a
 578 004e 0B       		.uleb128 0xb
 579 004f 3B       		.uleb128 0x3b
 580 0050 05       		.uleb128 0x5
 581 0051 01       		.uleb128 0x1
 582 0052 13       		.uleb128 0x13
 583 0053 00       		.byte	0x0
 584 0054 00       		.byte	0x0
 585 0055 08       		.uleb128 0x8
 586 0056 0D       		.uleb128 0xd
 587 0057 00       		.byte	0x0
 588 0058 03       		.uleb128 0x3
 589 0059 08       		.uleb128 0x8
 590 005a 3A       		.uleb128 0x3a
 591 005b 0B       		.uleb128 0xb
 592 005c 3B       		.uleb128 0x3b
 593 005d 05       		.uleb128 0x5
 594 005e 49       		.uleb128 0x49
 595 005f 13       		.uleb128 0x13
 596 0060 38       		.uleb128 0x38
 597 0061 0A       		.uleb128 0xa
 598 0062 00       		.byte	0x0
 599 0063 00       		.byte	0x0
 600 0064 09       		.uleb128 0x9
 601 0065 16       		.uleb128 0x16
 602 0066 00       		.byte	0x0
 603 0067 03       		.uleb128 0x3
 604 0068 0E       		.uleb128 0xe
 605 0069 3A       		.uleb128 0x3a
 606 006a 0B       		.uleb128 0xb
 607 006b 3B       		.uleb128 0x3b
 608 006c 05       		.uleb128 0x5
 609 006d 49       		.uleb128 0x49
 610 006e 13       		.uleb128 0x13
 611 006f 00       		.byte	0x0
 612 0070 00       		.byte	0x0
 613 0071 0A       		.uleb128 0xa
 614 0072 04       		.uleb128 0x4
 615 0073 01       		.byte	0x1
 616 0074 0B       		.uleb128 0xb
ARM GAS  C:\Users\z80\AppData\Local\Temp\ccXtAmCp.s 			page 12


 617 0075 0B       		.uleb128 0xb
 618 0076 3A       		.uleb128 0x3a
 619 0077 0B       		.uleb128 0xb
 620 0078 3B       		.uleb128 0x3b
 621 0079 0B       		.uleb128 0xb
 622 007a 01       		.uleb128 0x1
 623 007b 13       		.uleb128 0x13
 624 007c 00       		.byte	0x0
 625 007d 00       		.byte	0x0
 626 007e 0B       		.uleb128 0xb
 627 007f 28       		.uleb128 0x28
 628 0080 00       		.byte	0x0
 629 0081 03       		.uleb128 0x3
 630 0082 0E       		.uleb128 0xe
 631 0083 1C       		.uleb128 0x1c
 632 0084 0D       		.uleb128 0xd
 633 0085 00       		.byte	0x0
 634 0086 00       		.byte	0x0
 635 0087 0C       		.uleb128 0xc
 636 0088 13       		.uleb128 0x13
 637 0089 01       		.byte	0x1
 638 008a 0B       		.uleb128 0xb
 639 008b 0B       		.uleb128 0xb
 640 008c 3A       		.uleb128 0x3a
 641 008d 0B       		.uleb128 0xb
 642 008e 3B       		.uleb128 0x3b
 643 008f 0B       		.uleb128 0xb
 644 0090 01       		.uleb128 0x1
 645 0091 13       		.uleb128 0x13
 646 0092 00       		.byte	0x0
 647 0093 00       		.byte	0x0
 648 0094 0D       		.uleb128 0xd
 649 0095 0D       		.uleb128 0xd
 650 0096 00       		.byte	0x0
 651 0097 03       		.uleb128 0x3
 652 0098 0E       		.uleb128 0xe
 653 0099 3A       		.uleb128 0x3a
 654 009a 0B       		.uleb128 0xb
 655 009b 3B       		.uleb128 0x3b
 656 009c 0B       		.uleb128 0xb
 657 009d 49       		.uleb128 0x49
 658 009e 13       		.uleb128 0x13
 659 009f 38       		.uleb128 0x38
 660 00a0 0A       		.uleb128 0xa
 661 00a1 00       		.byte	0x0
 662 00a2 00       		.byte	0x0
 663 00a3 0E       		.uleb128 0xe
 664 00a4 0D       		.uleb128 0xd
 665 00a5 00       		.byte	0x0
 666 00a6 03       		.uleb128 0x3
 667 00a7 08       		.uleb128 0x8
 668 00a8 3A       		.uleb128 0x3a
 669 00a9 0B       		.uleb128 0xb
 670 00aa 3B       		.uleb128 0x3b
 671 00ab 0B       		.uleb128 0xb
 672 00ac 49       		.uleb128 0x49
 673 00ad 13       		.uleb128 0x13
ARM GAS  C:\Users\z80\AppData\Local\Temp\ccXtAmCp.s 			page 13


 674 00ae 38       		.uleb128 0x38
 675 00af 0A       		.uleb128 0xa
 676 00b0 00       		.byte	0x0
 677 00b1 00       		.byte	0x0
 678 00b2 0F       		.uleb128 0xf
 679 00b3 13       		.uleb128 0x13
 680 00b4 01       		.byte	0x1
 681 00b5 03       		.uleb128 0x3
 682 00b6 0E       		.uleb128 0xe
 683 00b7 0B       		.uleb128 0xb
 684 00b8 0B       		.uleb128 0xb
 685 00b9 3A       		.uleb128 0x3a
 686 00ba 0B       		.uleb128 0xb
 687 00bb 3B       		.uleb128 0x3b
 688 00bc 0B       		.uleb128 0xb
 689 00bd 01       		.uleb128 0x1
 690 00be 13       		.uleb128 0x13
 691 00bf 00       		.byte	0x0
 692 00c0 00       		.byte	0x0
 693 00c1 10       		.uleb128 0x10
 694 00c2 0F       		.uleb128 0xf
 695 00c3 00       		.byte	0x0
 696 00c4 0B       		.uleb128 0xb
 697 00c5 0B       		.uleb128 0xb
 698 00c6 49       		.uleb128 0x49
 699 00c7 13       		.uleb128 0x13
 700 00c8 00       		.byte	0x0
 701 00c9 00       		.byte	0x0
 702 00ca 11       		.uleb128 0x11
 703 00cb 2E       		.uleb128 0x2e
 704 00cc 00       		.byte	0x0
 705 00cd 3F       		.uleb128 0x3f
 706 00ce 0C       		.uleb128 0xc
 707 00cf 03       		.uleb128 0x3
 708 00d0 0E       		.uleb128 0xe
 709 00d1 3A       		.uleb128 0x3a
 710 00d2 0B       		.uleb128 0xb
 711 00d3 3B       		.uleb128 0x3b
 712 00d4 0B       		.uleb128 0xb
 713 00d5 27       		.uleb128 0x27
 714 00d6 0C       		.uleb128 0xc
 715 00d7 11       		.uleb128 0x11
 716 00d8 01       		.uleb128 0x1
 717 00d9 12       		.uleb128 0x12
 718 00da 01       		.uleb128 0x1
 719 00db 40       		.uleb128 0x40
 720 00dc 0A       		.uleb128 0xa
 721 00dd 00       		.byte	0x0
 722 00de 00       		.byte	0x0
 723 00df 12       		.uleb128 0x12
 724 00e0 2E       		.uleb128 0x2e
 725 00e1 01       		.byte	0x1
 726 00e2 3F       		.uleb128 0x3f
 727 00e3 0C       		.uleb128 0xc
 728 00e4 03       		.uleb128 0x3
 729 00e5 0E       		.uleb128 0xe
 730 00e6 3A       		.uleb128 0x3a
ARM GAS  C:\Users\z80\AppData\Local\Temp\ccXtAmCp.s 			page 14


 731 00e7 0B       		.uleb128 0xb
 732 00e8 3B       		.uleb128 0x3b
 733 00e9 0B       		.uleb128 0xb
 734 00ea 27       		.uleb128 0x27
 735 00eb 0C       		.uleb128 0xc
 736 00ec 11       		.uleb128 0x11
 737 00ed 01       		.uleb128 0x1
 738 00ee 12       		.uleb128 0x12
 739 00ef 01       		.uleb128 0x1
 740 00f0 40       		.uleb128 0x40
 741 00f1 06       		.uleb128 0x6
 742 00f2 01       		.uleb128 0x1
 743 00f3 13       		.uleb128 0x13
 744 00f4 00       		.byte	0x0
 745 00f5 00       		.byte	0x0
 746 00f6 13       		.uleb128 0x13
 747 00f7 05       		.uleb128 0x5
 748 00f8 00       		.byte	0x0
 749 00f9 03       		.uleb128 0x3
 750 00fa 0E       		.uleb128 0xe
 751 00fb 3A       		.uleb128 0x3a
 752 00fc 0B       		.uleb128 0xb
 753 00fd 3B       		.uleb128 0x3b
 754 00fe 0B       		.uleb128 0xb
 755 00ff 49       		.uleb128 0x49
 756 0100 13       		.uleb128 0x13
 757 0101 02       		.uleb128 0x2
 758 0102 0A       		.uleb128 0xa
 759 0103 00       		.byte	0x0
 760 0104 00       		.byte	0x0
 761 0105 14       		.uleb128 0x14
 762 0106 05       		.uleb128 0x5
 763 0107 00       		.byte	0x0
 764 0108 03       		.uleb128 0x3
 765 0109 08       		.uleb128 0x8
 766 010a 3A       		.uleb128 0x3a
 767 010b 0B       		.uleb128 0xb
 768 010c 3B       		.uleb128 0x3b
 769 010d 0B       		.uleb128 0xb
 770 010e 49       		.uleb128 0x49
 771 010f 13       		.uleb128 0x13
 772 0110 02       		.uleb128 0x2
 773 0111 0A       		.uleb128 0xa
 774 0112 00       		.byte	0x0
 775 0113 00       		.byte	0x0
 776 0114 15       		.uleb128 0x15
 777 0115 34       		.uleb128 0x34
 778 0116 00       		.byte	0x0
 779 0117 03       		.uleb128 0x3
 780 0118 08       		.uleb128 0x8
 781 0119 3A       		.uleb128 0x3a
 782 011a 0B       		.uleb128 0xb
 783 011b 3B       		.uleb128 0x3b
 784 011c 0B       		.uleb128 0xb
 785 011d 49       		.uleb128 0x49
 786 011e 13       		.uleb128 0x13
 787 011f 02       		.uleb128 0x2
ARM GAS  C:\Users\z80\AppData\Local\Temp\ccXtAmCp.s 			page 15


 788 0120 0A       		.uleb128 0xa
 789 0121 00       		.byte	0x0
 790 0122 00       		.byte	0x0
 791 0123 16       		.uleb128 0x16
 792 0124 26       		.uleb128 0x26
 793 0125 00       		.byte	0x0
 794 0126 49       		.uleb128 0x49
 795 0127 13       		.uleb128 0x13
 796 0128 00       		.byte	0x0
 797 0129 00       		.byte	0x0
 798 012a 17       		.uleb128 0x17
 799 012b 34       		.uleb128 0x34
 800 012c 00       		.byte	0x0
 801 012d 03       		.uleb128 0x3
 802 012e 0E       		.uleb128 0xe
 803 012f 3A       		.uleb128 0x3a
 804 0130 0B       		.uleb128 0xb
 805 0131 3B       		.uleb128 0x3b
 806 0132 05       		.uleb128 0x5
 807 0133 49       		.uleb128 0x49
 808 0134 13       		.uleb128 0x13
 809 0135 3F       		.uleb128 0x3f
 810 0136 0C       		.uleb128 0xc
 811 0137 3C       		.uleb128 0x3c
 812 0138 0C       		.uleb128 0xc
 813 0139 00       		.byte	0x0
 814 013a 00       		.byte	0x0
 815 013b 18       		.uleb128 0x18
 816 013c 34       		.uleb128 0x34
 817 013d 00       		.byte	0x0
 818 013e 03       		.uleb128 0x3
 819 013f 0E       		.uleb128 0xe
 820 0140 3A       		.uleb128 0x3a
 821 0141 0B       		.uleb128 0xb
 822 0142 3B       		.uleb128 0x3b
 823 0143 0B       		.uleb128 0xb
 824 0144 49       		.uleb128 0x49
 825 0145 13       		.uleb128 0x13
 826 0146 3F       		.uleb128 0x3f
 827 0147 0C       		.uleb128 0xc
 828 0148 3C       		.uleb128 0x3c
 829 0149 0C       		.uleb128 0xc
 830 014a 00       		.byte	0x0
 831 014b 00       		.byte	0x0
 832 014c 19       		.uleb128 0x19
 833 014d 34       		.uleb128 0x34
 834 014e 00       		.byte	0x0
 835 014f 03       		.uleb128 0x3
 836 0150 0E       		.uleb128 0xe
 837 0151 3A       		.uleb128 0x3a
 838 0152 0B       		.uleb128 0xb
 839 0153 3B       		.uleb128 0x3b
 840 0154 0B       		.uleb128 0xb
 841 0155 49       		.uleb128 0x49
 842 0156 13       		.uleb128 0x13
 843 0157 3F       		.uleb128 0x3f
 844 0158 0C       		.uleb128 0xc
ARM GAS  C:\Users\z80\AppData\Local\Temp\ccXtAmCp.s 			page 16


 845 0159 02       		.uleb128 0x2
 846 015a 0A       		.uleb128 0xa
 847 015b 00       		.byte	0x0
 848 015c 00       		.byte	0x0
 849 015d 00       		.byte	0x0
 850              		.section	.debug_pubnames,"",%progbits
 851 0000 50000000 		.4byte	0x50
 852 0004 0200     		.2byte	0x2
 853 0006 00000000 		.4byte	.Ldebug_info0
 854 000a 59020000 		.4byte	0x259
 855 000e 8E010000 		.4byte	0x18e
 856 0012 69776467 		.ascii	"iwdg_lld_init\000"
 856      5F6C6C64 
 856      5F696E69 
 856      7400
 857 0020 A2010000 		.4byte	0x1a2
 858 0024 69776467 		.ascii	"iwdg_lld_start\000"
 858      5F6C6C64 
 858      5F737461 
 858      727400
 859 0033 F5010000 		.4byte	0x1f5
 860 0037 69776467 		.ascii	"iwdg_lld_reset\000"
 860      5F6C6C64 
 860      5F726573 
 860      657400
 861 0046 46020000 		.4byte	0x246
 862 004a 49574447 		.ascii	"IWDGD\000"
 862      4400
 863 0050 00000000 		.4byte	0x0
 864              		.section	.debug_pubtypes,"",%progbits
 865 0000 8E000000 		.4byte	0x8e
 866 0004 0200     		.2byte	0x2
 867 0006 00000000 		.4byte	.Ldebug_info0
 868 000a 59020000 		.4byte	0x259
 869 000e 3E000000 		.4byte	0x3e
 870 0012 75696E74 		.ascii	"uint8_t\000"
 870      385F7400 
 871 001a 57000000 		.4byte	0x57
 872 001e 75696E74 		.ascii	"uint16_t\000"
 872      31365F74 
 872      00
 873 0027 69000000 		.4byte	0x69
 874 002b 696E7433 		.ascii	"int32_t\000"
 874      325F7400 
 875 0033 7B000000 		.4byte	0x7b
 876 0037 75696E74 		.ascii	"uint32_t\000"
 876      33325F74 
 876      00
 877 0040 F2000000 		.4byte	0xf2
 878 0044 49574447 		.ascii	"IWDG_TypeDef\000"
 878      5F547970 
 878      65446566 
 878      00
 879 0051 19010000 		.4byte	0x119
 880 0055 69776467 		.ascii	"iwdgstate_t\000"
 880      73746174 
 880      655F7400 
ARM GAS  C:\Users\z80\AppData\Local\Temp\ccXtAmCp.s 			page 17


 881 0061 49010000 		.4byte	0x149
 882 0065 49574447 		.ascii	"IWDGConfig\000"
 882      436F6E66 
 882      696700
 883 0070 54010000 		.4byte	0x154
 884 0074 49574447 		.ascii	"IWDGDriver\000"
 884      44726976 
 884      657200
 885 007f 83010000 		.4byte	0x183
 886 0083 49574447 		.ascii	"IWDGDriver\000"
 886      44726976 
 886      657200
 887 008e 00000000 		.4byte	0x0
 888              		.section	.debug_aranges,"",%progbits
 889 0000 2C000000 		.4byte	0x2c
 890 0004 0200     		.2byte	0x2
 891 0006 00000000 		.4byte	.Ldebug_info0
 892 000a 04       		.byte	0x4
 893 000b 00       		.byte	0x0
 894 000c 0000     		.2byte	0x0
 895 000e 0000     		.2byte	0x0
 896 0010 00000000 		.4byte	.LFB62
 897 0014 22000000 		.4byte	.LFE62-.LFB62
 898 0018 00000000 		.4byte	.LFB63
 899 001c 4C000000 		.4byte	.LFE63-.LFB63
 900 0020 00000000 		.4byte	.LFB64
 901 0024 12000000 		.4byte	.LFE64-.LFB64
 902 0028 00000000 		.4byte	0x0
 903 002c 00000000 		.4byte	0x0
 904              		.section	.debug_ranges,"",%progbits
 905              	.Ldebug_ranges0:
 906 0000 00000000 		.4byte	.LFB62
 907 0004 22000000 		.4byte	.LFE62
 908 0008 00000000 		.4byte	.LFB63
 909 000c 4C000000 		.4byte	.LFE63
 910 0010 00000000 		.4byte	.LFB64
 911 0014 12000000 		.4byte	.LFE64
 912 0018 00000000 		.4byte	0x0
 913 001c 00000000 		.4byte	0x0
 914              		.section	.debug_str,"MS",%progbits,1
 915              	.LASF30:
 916 0000 2E2F7372 		.ascii	"./src/iwdg/iwdg_lld.c\000"
 916      632F6977 
 916      64672F69 
 916      7764675F 
 916      6C6C642E 
 917              	.LASF25:
 918 0016 69776467 		.ascii	"iwdg_lld_start\000"
 918      5F6C6C64 
 918      5F737461 
 918      727400
 919              	.LASF21:
 920 0025 73746174 		.ascii	"state\000"
 920      6500
 921              	.LASF8:
 922 002b 6C6F6E67 		.ascii	"long int\000"
 922      20696E74 
ARM GAS  C:\Users\z80\AppData\Local\Temp\ccXtAmCp.s 			page 18


 922      00
 923              	.LASF23:
 924 0034 49574447 		.ascii	"IWDGDriver\000"
 924      44726976 
 924      657200
 925              	.LASF32:
 926 003f 69776467 		.ascii	"iwdg_lld_init\000"
 926      5F6C6C64 
 926      5F696E69 
 926      7400
 927              	.LASF16:
 928 004d 49574447 		.ascii	"IWDG_STOP\000"
 928      5F53544F 
 928      5000
 929              	.LASF18:
 930 0057 69776467 		.ascii	"iwdgstate_t\000"
 930      73746174 
 930      655F7400 
 931              	.LASF12:
 932 0063 6C6F6E67 		.ascii	"long long unsigned int\000"
 932      206C6F6E 
 932      6720756E 
 932      7369676E 
 932      65642069 
 933              	.LASF2:
 934 007a 756E7369 		.ascii	"unsigned char\000"
 934      676E6564 
 934      20636861 
 934      7200
 935              	.LASF10:
 936 0088 6C6F6E67 		.ascii	"long unsigned int\000"
 936      20756E73 
 936      69676E65 
 936      6420696E 
 936      7400
 937              	.LASF6:
 938 009a 73686F72 		.ascii	"short unsigned int\000"
 938      7420756E 
 938      7369676E 
 938      65642069 
 938      6E7400
 939              	.LASF27:
 940 00ad 49544D5F 		.ascii	"ITM_RxBuffer\000"
 940      52784275 
 940      66666572 
 940      00
 941              	.LASF19:
 942 00ba 636F756E 		.ascii	"counter\000"
 942      74657200 
 943              	.LASF29:
 944 00c2 474E5520 		.ascii	"GNU C 4.5.0\000"
 944      4320342E 
 944      352E3000 
 945              	.LASF22:
 946 00ce 69776467 		.ascii	"iwdg\000"
 946      00
 947              	.LASF0:
ARM GAS  C:\Users\z80\AppData\Local\Temp\ccXtAmCp.s 			page 19


 948 00d3 756E7369 		.ascii	"unsigned int\000"
 948      676E6564 
 948      20696E74 
 948      00
 949              	.LASF13:
 950 00e0 63686172 		.ascii	"char\000"
 950      00
 951              	.LASF4:
 952 00e5 75696E74 		.ascii	"uint8_t\000"
 952      385F7400 
 953              	.LASF20:
 954 00ed 49574447 		.ascii	"IWDGConfig\000"
 954      436F6E66 
 954      696700
 955              	.LASF24:
 956 00f8 69776467 		.ascii	"iwdgp\000"
 956      7000
 957              	.LASF7:
 958 00fe 696E7433 		.ascii	"int32_t\000"
 958      325F7400 
 959              	.LASF11:
 960 0106 6C6F6E67 		.ascii	"long long int\000"
 960      206C6F6E 
 960      6720696E 
 960      7400
 961              	.LASF28:
 962 0114 49574447 		.ascii	"IWDGD\000"
 962      4400
 963              	.LASF3:
 964 011a 73686F72 		.ascii	"short int\000"
 964      7420696E 
 964      7400
 965              	.LASF31:
 966 0124 433A5C70 		.ascii	"C:\\projects\\voltamper.git\\firmware\\voltamp\000"
 966      726F6A65 
 966      6374735C 
 966      766F6C74 
 966      616D7065 
 967              	.LASF5:
 968 014f 75696E74 		.ascii	"uint16_t\000"
 968      31365F74 
 968      00
 969              	.LASF9:
 970 0158 75696E74 		.ascii	"uint32_t\000"
 970      33325F74 
 970      00
 971              	.LASF15:
 972 0161 49574447 		.ascii	"IWDG_UNINIT\000"
 972      5F554E49 
 972      4E495400 
 973              	.LASF1:
 974 016d 7369676E 		.ascii	"signed char\000"
 974      65642063 
 974      68617200 
 975              	.LASF17:
 976 0179 49574447 		.ascii	"IWDG_READY\000"
 976      5F524541 
ARM GAS  C:\Users\z80\AppData\Local\Temp\ccXtAmCp.s 			page 20


 976      445900
 977              	.LASF14:
 978 0184 49574447 		.ascii	"IWDG_TypeDef\000"
 978      5F547970 
 978      65446566 
 978      00
 979              	.LASF26:
 980 0191 69776467 		.ascii	"iwdg_lld_reset\000"
 980      5F6C6C64 
 980      5F726573 
 980      657400
 981              		.ident	"GCC: (GNU) 4.5.0"
ARM GAS  C:\Users\z80\AppData\Local\Temp\ccXtAmCp.s 			page 21


DEFINED SYMBOLS
                            *ABS*:00000000 iwdg_lld.c
C:\Users\z80\AppData\Local\Temp\ccXtAmCp.s:28     .bss.IWDGD:00000000 IWDGD
C:\Users\z80\AppData\Local\Temp\ccXtAmCp.s:25     .bss.IWDGD:00000000 $d
C:\Users\z80\AppData\Local\Temp\ccXtAmCp.s:31     .text.iwdg_lld_init:00000000 $t
C:\Users\z80\AppData\Local\Temp\ccXtAmCp.s:37     .text.iwdg_lld_init:00000000 iwdg_lld_init
C:\Users\z80\AppData\Local\Temp\ccXtAmCp.s:62     .text.iwdg_lld_start:00000000 $t
C:\Users\z80\AppData\Local\Temp\ccXtAmCp.s:68     .text.iwdg_lld_start:00000000 iwdg_lld_start
C:\Users\z80\AppData\Local\Temp\ccXtAmCp.s:126    .text.iwdg_lld_reset:00000000 $t
C:\Users\z80\AppData\Local\Temp\ccXtAmCp.s:132    .text.iwdg_lld_reset:00000000 iwdg_lld_reset
                     .debug_frame:00000010 $d

NO UNDEFINED SYMBOLS
