ARM GAS  /tmp/ccMybjay.s 			page 1


   1              		.syntax unified
   2              		.cpu cortex-m3
   3              		.fpu softvfp
   4              		.eabi_attribute 20, 1
   5              		.eabi_attribute 21, 1
   6              		.eabi_attribute 23, 3
   7              		.eabi_attribute 24, 1
   8              		.eabi_attribute 25, 1
   9              		.eabi_attribute 26, 1
  10              		.eabi_attribute 30, 6
  11              		.eabi_attribute 18, 4
  12              		.thumb
  13              		.file	"led_ctrl.c"
  14              		.section	.debug_abbrev,"",%progbits
  15              	.Ldebug_abbrev0:
  16              		.section	.debug_info,"",%progbits
  17              	.Ldebug_info0:
  18              		.section	.debug_line,"",%progbits
  19              	.Ldebug_line0:
  20 0000 8A020000 		.text
  20      0200F701 
  20      00000201 
  20      FB0E0D00 
  20      01010101 
  21              	.Ltext0:
  22              		.cfi_sections	.debug_frame
  23              		.section	.bss.mutex,"aw",%nobits
  24              		.align	2
  25              		.type	mutex, %object
  26              		.size	mutex, 16
  27              	mutex:
  28 0000 00000000 		.space	16
  28      00000000 
  28      00000000 
  28      00000000 
  29              		.section	.bss.value,"aw",%nobits
  30              		.align	2
  31              		.type	value, %object
  32              		.size	value, 4
  33              	value:
  34 0000 00000000 		.space	4
  35              		.section	.bss.waLeds,"aw",%nobits
  36              		.align	3
  37              		.type	waLeds, %object
  38              		.size	waLeds, 432
  39              	waLeds:
  40 0000 00000000 		.space	432
  40      00000000 
  40      00000000 
  40      00000000 
  40      00000000 
  41              		.section	.rodata
  42              		.align	2
  43              	.LC0:
  44 0000 6C6400   		.ascii	"ld\000"
  45 0003 00       		.section	.text.ledsThread,"ax",%progbits
  46              		.align	2
ARM GAS  /tmp/ccMybjay.s 			page 2


  47              		.p2align 4,,15
  48              		.thumb
  49              		.thumb_func
  50              		.type	ledsThread, %function
  51              	ledsThread:
  52              	.LFB62:
  53              		.file 1 "./src/led_ctrl.c"
  54              		.loc 1 14 0
  55              		.cfi_startproc
  56              		@ args = 0, pretend = 0, frame = 8
  57              		@ frame_needed = 0, uses_anonymous_args = 0
  58 0000 00B5     		push	{lr}
  59              	.LCFI0:
  60              		.cfi_def_cfa_offset 4
  61 0002 83B0     		sub	sp, sp, #12
  62              	.LCFI1:
  63              		.cfi_def_cfa_offset 16
  64 0004 0190     		str	r0, [sp, #4]
  65              		.loc 1 16 0
  66 0006 234B     		ldr	r3, .L9
  67 0008 DB69     		ldr	r3, [r3, #28]
  68 000a 234A     		ldr	r2, .L9+4
  69 000c 9A61     		str	r2, [r3, #24]
  70              	.L8:
  71              	.LBB2:
  72              		.loc 1 20 0
  73 000e 2348     		ldr	r0, .L9+8
  74              		.cfi_offset 14, -4
  75 0010 FFF7FEFF 		bl	chMtxLock
  76              		.loc 1 21 0
  77 0014 224B     		ldr	r3, .L9+12
  78 0016 1A68     		ldr	r2, [r3, #0]
  79 0018 224B     		ldr	r3, .L9+16
  80 001a 1A60     		str	r2, [r3, #0]
  81              		.loc 1 22 0
  82 001c 214B     		ldr	r3, .L9+16
  83 001e 1B68     		ldr	r3, [r3, #0]
  84 0020 03F00103 		and	r3, r3, #1
  85 0024 DBB2     		uxtb	r3, r3
  86 0026 002B     		cmp	r3, #0
  87 0028 06D0     		beq	.L2
  88              		.loc 1 23 0
  89 002a 1F4B     		ldr	r3, .L9+20
  90 002c 1E4A     		ldr	r2, .L9+20
  91 002e D268     		ldr	r2, [r2, #12]
  92 0030 82F02002 		eor	r2, r2, #32
  93 0034 DA60     		str	r2, [r3, #12]
  94 0036 03E0     		b	.L3
  95              	.L2:
  96              		.loc 1 25 0
  97 0038 1B4B     		ldr	r3, .L9+20
  98 003a 4FF02002 		mov	r2, #32
  99 003e 5A61     		str	r2, [r3, #20]
 100              	.L3:
 101              		.loc 1 27 0
 102 0040 184B     		ldr	r3, .L9+16
 103 0042 1B68     		ldr	r3, [r3, #0]
ARM GAS  /tmp/ccMybjay.s 			page 3


 104 0044 03F00203 		and	r3, r3, #2
 105 0048 002B     		cmp	r3, #0
 106 004a 06D0     		beq	.L4
 107              		.loc 1 28 0
 108 004c 174B     		ldr	r3, .L9+24
 109 004e 174A     		ldr	r2, .L9+24
 110 0050 D268     		ldr	r2, [r2, #12]
 111 0052 82F00102 		eor	r2, r2, #1
 112 0056 DA60     		str	r2, [r3, #12]
 113 0058 03E0     		b	.L5
 114              	.L4:
 115              		.loc 1 30 0
 116 005a 144B     		ldr	r3, .L9+24
 117 005c 4FF00102 		mov	r2, #1
 118 0060 5A61     		str	r2, [r3, #20]
 119              	.L5:
 120              		.loc 1 32 0
 121 0062 104B     		ldr	r3, .L9+16
 122 0064 1B68     		ldr	r3, [r3, #0]
 123 0066 03F00403 		and	r3, r3, #4
 124 006a 002B     		cmp	r3, #0
 125 006c 06D0     		beq	.L6
 126              		.loc 1 33 0
 127 006e 0F4B     		ldr	r3, .L9+24
 128 0070 0E4A     		ldr	r2, .L9+24
 129 0072 D268     		ldr	r2, [r2, #12]
 130 0074 82F00202 		eor	r2, r2, #2
 131 0078 DA60     		str	r2, [r3, #12]
 132 007a 03E0     		b	.L7
 133              	.L6:
 134              		.loc 1 35 0
 135 007c 0B4B     		ldr	r3, .L9+24
 136 007e 4FF00202 		mov	r2, #2
 137 0082 5A61     		str	r2, [r3, #20]
 138              	.L7:
 139              		.loc 1 36 0
 140 0084 FFF7FEFF 		bl	chMtxUnlock
 141              		.loc 1 37 0
 142 0088 4FF07D00 		mov	r0, #125
 143 008c FFF7FEFF 		bl	chThdSleep
 144              	.LBE2:
 145              		.loc 1 38 0
 146 0090 BDE7     		b	.L8
 147              	.L10:
 148 0092 00BF     		.align	2
 149              	.L9:
 150 0094 00000000 		.word	rlist
 151 0098 00000000 		.word	.LC0
 152 009c 00000000 		.word	mutex
 153 00a0 00000000 		.word	value
 154 00a4 00000000 		.word	arg.6003
 155 00a8 00100140 		.word	1073811456
 156 00ac 000C0140 		.word	1073810432
 157              		.cfi_endproc
 158              	.LFE62:
 159              		.size	ledsThread, .-ledsThread
 160              		.section	.text.initLed,"ax",%progbits
ARM GAS  /tmp/ccMybjay.s 			page 4


 161              		.align	2
 162              		.p2align 4,,15
 163              		.global	initLed
 164              		.thumb
 165              		.thumb_func
 166              		.type	initLed, %function
 167              	initLed:
 168              	.LFB63:
 169              		.loc 1 44 0
 170              		.cfi_startproc
 171              		@ args = 0, pretend = 0, frame = 0
 172              		@ frame_needed = 0, uses_anonymous_args = 0
 173 0000 00B5     		push	{lr}
 174              	.LCFI2:
 175              		.cfi_def_cfa_offset 4
 176 0002 83B0     		sub	sp, sp, #12
 177              	.LCFI3:
 178              		.cfi_def_cfa_offset 16
 179              		.loc 1 45 0
 180 0004 184B     		ldr	r3, .L12
 181 0006 4FF02002 		mov	r2, #32
 182 000a 5A61     		str	r2, [r3, #20]
 183              		.loc 1 46 0
 184 000c 174B     		ldr	r3, .L12+4
 185 000e 4FF00102 		mov	r2, #1
 186 0012 5A61     		str	r2, [r3, #20]
 187              		.loc 1 47 0
 188 0014 154B     		ldr	r3, .L12+4
 189 0016 4FF00202 		mov	r2, #2
 190 001a 5A61     		str	r2, [r3, #20]
 191              		.loc 1 48 0
 192 001c 1248     		ldr	r0, .L12
 193 001e 4FF02001 		mov	r1, #32
 194 0022 4FF00602 		mov	r2, #6
 195              		.cfi_offset 14, -4
 196 0026 FFF7FEFF 		bl	_pal_lld_setgroupmode
 197              		.loc 1 49 0
 198 002a 1048     		ldr	r0, .L12+4
 199 002c 4FF00101 		mov	r1, #1
 200 0030 4FF00602 		mov	r2, #6
 201 0034 FFF7FEFF 		bl	_pal_lld_setgroupmode
 202              		.loc 1 50 0
 203 0038 0C48     		ldr	r0, .L12+4
 204 003a 4FF00201 		mov	r1, #2
 205 003e 4FF00602 		mov	r2, #6
 206 0042 FFF7FEFF 		bl	_pal_lld_setgroupmode
 207              		.loc 1 53 0
 208 0046 0A48     		ldr	r0, .L12+8
 209 0048 FFF7FEFF 		bl	chMtxInit
 210              		.loc 1 55 0
 211 004c 4FF00003 		mov	r3, #0
 212 0050 0093     		str	r3, [sp, #0]
 213 0052 0848     		ldr	r0, .L12+12
 214 0054 4FF4D871 		mov	r1, #432
 215 0058 4FF04002 		mov	r2, #64
 216 005c 064B     		ldr	r3, .L12+16
 217 005e FFF7FEFF 		bl	chThdCreateStatic
ARM GAS  /tmp/ccMybjay.s 			page 5


 218              		.loc 1 56 0
 219 0062 03B0     		add	sp, sp, #12
 220 0064 00BD     		pop	{pc}
 221              	.L13:
 222 0066 00BF     		.align	2
 223              	.L12:
 224 0068 00100140 		.word	1073811456
 225 006c 000C0140 		.word	1073810432
 226 0070 00000000 		.word	mutex
 227 0074 00000000 		.word	waLeds
 228 0078 00000000 		.word	ledsThread
 229              		.cfi_endproc
 230              	.LFE63:
 231              		.size	initLed, .-initLed
 232 007c AFF30080 		.section	.text.setLeds,"ax",%progbits
 233              		.align	2
 234              		.p2align 4,,15
 235              		.global	setLeds
 236              		.thumb
 237              		.thumb_func
 238              		.type	setLeds, %function
 239              	setLeds:
 240              	.LFB64:
 241              		.loc 1 59 0
 242              		.cfi_startproc
 243              		@ args = 0, pretend = 0, frame = 8
 244              		@ frame_needed = 0, uses_anonymous_args = 0
 245 0000 00B5     		push	{lr}
 246              	.LCFI4:
 247              		.cfi_def_cfa_offset 4
 248 0002 83B0     		sub	sp, sp, #12
 249              	.LCFI5:
 250              		.cfi_def_cfa_offset 16
 251 0004 0190     		str	r0, [sp, #4]
 252              		.loc 1 60 0
 253 0006 0548     		ldr	r0, .L15
 254              		.cfi_offset 14, -4
 255 0008 FFF7FEFF 		bl	chMtxLock
 256              		.loc 1 61 0
 257 000c 044B     		ldr	r3, .L15+4
 258 000e 019A     		ldr	r2, [sp, #4]
 259 0010 1A60     		str	r2, [r3, #0]
 260              		.loc 1 62 0
 261 0012 FFF7FEFF 		bl	chMtxUnlock
 262              		.loc 1 63 0
 263 0016 03B0     		add	sp, sp, #12
 264 0018 00BD     		pop	{pc}
 265              	.L16:
 266 001a 00BF     		.align	2
 267              	.L15:
 268 001c 00000000 		.word	mutex
 269 0020 00000000 		.word	value
 270              		.cfi_endproc
 271              	.LFE64:
 272              		.size	setLeds, .-setLeds
 273 0024 AFF30080 		.section	.text.toggleLeds,"ax",%progbits
 273      AFF30080 
ARM GAS  /tmp/ccMybjay.s 			page 6


 273      AFF30080 
 274              		.align	2
 275              		.p2align 4,,15
 276              		.global	toggleLeds
 277              		.thumb
 278              		.thumb_func
 279              		.type	toggleLeds, %function
 280              	toggleLeds:
 281              	.LFB65:
 282              		.loc 1 66 0
 283              		.cfi_startproc
 284              		@ args = 0, pretend = 0, frame = 8
 285              		@ frame_needed = 0, uses_anonymous_args = 0
 286 0000 00B5     		push	{lr}
 287              	.LCFI6:
 288              		.cfi_def_cfa_offset 4
 289 0002 83B0     		sub	sp, sp, #12
 290              	.LCFI7:
 291              		.cfi_def_cfa_offset 16
 292 0004 0190     		str	r0, [sp, #4]
 293              		.loc 1 67 0
 294 0006 0C48     		ldr	r0, .L18
 295              		.cfi_offset 14, -4
 296 0008 FFF7FEFF 		bl	chMtxLock
 297              		.loc 1 68 0
 298 000c 019B     		ldr	r3, [sp, #4]
 299 000e 6FEA0302 		mvn	r2, r3
 300 0012 0A4B     		ldr	r3, .L18+4
 301 0014 1B68     		ldr	r3, [r3, #0]
 302 0016 1A40     		ands	r2, r2, r3
 303              		.loc 1 69 0
 304 0018 084B     		ldr	r3, .L18+4
 305 001a 1B68     		ldr	r3, [r3, #0]
 306 001c 6FEA0301 		mvn	r1, r3
 307 0020 019B     		ldr	r3, [sp, #4]
 308 0022 01EA0303 		and	r3, r1, r3
 309 0026 03F00703 		and	r3, r3, #7
 310              		.loc 1 68 0
 311 002a 1A43     		orrs	r2, r2, r3
 312 002c 034B     		ldr	r3, .L18+4
 313 002e 1A60     		str	r2, [r3, #0]
 314              		.loc 1 70 0
 315 0030 FFF7FEFF 		bl	chMtxUnlock
 316              		.loc 1 71 0
 317 0034 03B0     		add	sp, sp, #12
 318 0036 00BD     		pop	{pc}
 319              	.L19:
 320              		.align	2
 321              	.L18:
 322 0038 00000000 		.word	mutex
 323 003c 00000000 		.word	value
 324              		.cfi_endproc
 325              	.LFE65:
 326              		.size	toggleLeds, .-toggleLeds
 327              		.section	.text.toggleLedsImmediate,"ax",%progbits
 328              		.align	2
 329              		.p2align 4,,15
ARM GAS  /tmp/ccMybjay.s 			page 7


 330              		.global	toggleLedsImmediate
 331              		.thumb
 332              		.thumb_func
 333              		.type	toggleLedsImmediate, %function
 334              	toggleLedsImmediate:
 335              	.LFB66:
 336              		.loc 1 74 0
 337              		.cfi_startproc
 338              		@ args = 0, pretend = 0, frame = 8
 339              		@ frame_needed = 0, uses_anonymous_args = 0
 340              		@ link register save eliminated.
 341 0000 82B0     		sub	sp, sp, #8
 342              	.LCFI8:
 343              		.cfi_def_cfa_offset 8
 344 0002 0190     		str	r0, [sp, #4]
 345              		.loc 1 75 0
 346 0004 019B     		ldr	r3, [sp, #4]
 347 0006 03F00103 		and	r3, r3, #1
 348 000a DBB2     		uxtb	r3, r3
 349 000c 002B     		cmp	r3, #0
 350 000e 05D0     		beq	.L21
 351              		.loc 1 76 0
 352 0010 0E4B     		ldr	r3, .L24
 353 0012 0E4A     		ldr	r2, .L24
 354 0014 D268     		ldr	r2, [r2, #12]
 355 0016 82F02002 		eor	r2, r2, #32
 356 001a DA60     		str	r2, [r3, #12]
 357              	.L21:
 358              		.loc 1 77 0
 359 001c 019B     		ldr	r3, [sp, #4]
 360 001e 03F00203 		and	r3, r3, #2
 361 0022 002B     		cmp	r3, #0
 362 0024 05D0     		beq	.L22
 363              		.loc 1 78 0
 364 0026 0A4B     		ldr	r3, .L24+4
 365 0028 094A     		ldr	r2, .L24+4
 366 002a D268     		ldr	r2, [r2, #12]
 367 002c 82F00102 		eor	r2, r2, #1
 368 0030 DA60     		str	r2, [r3, #12]
 369              	.L22:
 370              		.loc 1 79 0
 371 0032 019B     		ldr	r3, [sp, #4]
 372 0034 03F00403 		and	r3, r3, #4
 373 0038 002B     		cmp	r3, #0
 374 003a 05D0     		beq	.L20
 375              		.loc 1 80 0
 376 003c 044B     		ldr	r3, .L24+4
 377 003e 044A     		ldr	r2, .L24+4
 378 0040 D268     		ldr	r2, [r2, #12]
 379 0042 82F00202 		eor	r2, r2, #2
 380 0046 DA60     		str	r2, [r3, #12]
 381              	.L20:
 382              		.loc 1 81 0
 383 0048 02B0     		add	sp, sp, #8
 384 004a 7047     		bx	lr
 385              	.L25:
 386              		.align	2
ARM GAS  /tmp/ccMybjay.s 			page 8


 387              	.L24:
 388 004c 00100140 		.word	1073811456
 389 0050 000C0140 		.word	1073810432
 390              		.cfi_endproc
 391              	.LFE66:
 392              		.size	toggleLedsImmediate, .-toggleLedsImmediate
 393 0054 AFF30080 		.section	.text.toggleLedsI,"ax",%progbits
 393      AFF30080 
 393      AFF30080 
 394              		.align	2
 395              		.p2align 4,,15
 396              		.global	toggleLedsI
 397              		.thumb
 398              		.thumb_func
 399              		.type	toggleLedsI, %function
 400              	toggleLedsI:
 401              	.LFB67:
 402              		.loc 1 84 0
 403              		.cfi_startproc
 404              		@ args = 0, pretend = 0, frame = 8
 405              		@ frame_needed = 0, uses_anonymous_args = 0
 406              		@ link register save eliminated.
 407 0000 82B0     		sub	sp, sp, #8
 408              	.LCFI9:
 409              		.cfi_def_cfa_offset 8
 410 0002 0190     		str	r0, [sp, #4]
 411              		.loc 1 85 0
 412 0004 019B     		ldr	r3, [sp, #4]
 413 0006 03F00103 		and	r3, r3, #1
 414 000a DBB2     		uxtb	r3, r3
 415 000c 002B     		cmp	r3, #0
 416 000e 05D0     		beq	.L27
 417              		.loc 1 86 0
 418 0010 0E4B     		ldr	r3, .L30
 419 0012 0E4A     		ldr	r2, .L30
 420 0014 D268     		ldr	r2, [r2, #12]
 421 0016 82F02002 		eor	r2, r2, #32
 422 001a DA60     		str	r2, [r3, #12]
 423              	.L27:
 424              		.loc 1 87 0
 425 001c 019B     		ldr	r3, [sp, #4]
 426 001e 03F00203 		and	r3, r3, #2
 427 0022 002B     		cmp	r3, #0
 428 0024 05D0     		beq	.L28
 429              		.loc 1 88 0
 430 0026 0A4B     		ldr	r3, .L30+4
 431 0028 094A     		ldr	r2, .L30+4
 432 002a D268     		ldr	r2, [r2, #12]
 433 002c 82F00102 		eor	r2, r2, #1
 434 0030 DA60     		str	r2, [r3, #12]
 435              	.L28:
 436              		.loc 1 89 0
 437 0032 019B     		ldr	r3, [sp, #4]
 438 0034 03F00403 		and	r3, r3, #4
 439 0038 002B     		cmp	r3, #0
 440 003a 05D0     		beq	.L26
 441              		.loc 1 90 0
ARM GAS  /tmp/ccMybjay.s 			page 9


 442 003c 044B     		ldr	r3, .L30+4
 443 003e 044A     		ldr	r2, .L30+4
 444 0040 D268     		ldr	r2, [r2, #12]
 445 0042 82F00202 		eor	r2, r2, #2
 446 0046 DA60     		str	r2, [r3, #12]
 447              	.L26:
 448              		.loc 1 91 0
 449 0048 02B0     		add	sp, sp, #8
 450 004a 7047     		bx	lr
 451              	.L31:
 452              		.align	2
 453              	.L30:
 454 004c 00100140 		.word	1073811456
 455 0050 000C0140 		.word	1073810432
 456              		.cfi_endproc
 457              	.LFE67:
 458              		.size	toggleLedsI, .-toggleLedsI
 459 0054 AFF30080 		.section	.bss.arg.6003,"aw",%nobits
 459      AFF30080 
 459      AFF30080 
 460              		.align	2
 461              		.type	arg.6003, %object
 462              		.size	arg.6003, 4
 463              	arg.6003:
 464 0000 00000000 		.space	4
 465              		.text
 466              	.Letext0:
 467              		.section	.debug_loc,"",%progbits
 468              	.Ldebug_loc0:
 469              	.LLST0:
 470 0000 00000000 		.4byte	.LFB62
 471 0004 02000000 		.4byte	.LCFI0
 472 0008 0200     		.2byte	0x2
 473 000a 7D       		.byte	0x7d
 474 000b 00       		.sleb128 0
 475 000c 02000000 		.4byte	.LCFI0
 476 0010 04000000 		.4byte	.LCFI1
 477 0014 0200     		.2byte	0x2
 478 0016 7D       		.byte	0x7d
 479 0017 04       		.sleb128 4
 480 0018 04000000 		.4byte	.LCFI1
 481 001c B0000000 		.4byte	.LFE62
 482 0020 0200     		.2byte	0x2
 483 0022 7D       		.byte	0x7d
 484 0023 10       		.sleb128 16
 485 0024 00000000 		.4byte	0x0
 486 0028 00000000 		.4byte	0x0
 487              	.LLST1:
 488 002c 00000000 		.4byte	.LFB63
 489 0030 02000000 		.4byte	.LCFI2
 490 0034 0200     		.2byte	0x2
 491 0036 7D       		.byte	0x7d
 492 0037 00       		.sleb128 0
 493 0038 02000000 		.4byte	.LCFI2
 494 003c 04000000 		.4byte	.LCFI3
 495 0040 0200     		.2byte	0x2
 496 0042 7D       		.byte	0x7d
ARM GAS  /tmp/ccMybjay.s 			page 10


 497 0043 04       		.sleb128 4
 498 0044 04000000 		.4byte	.LCFI3
 499 0048 7C000000 		.4byte	.LFE63
 500 004c 0200     		.2byte	0x2
 501 004e 7D       		.byte	0x7d
 502 004f 10       		.sleb128 16
 503 0050 00000000 		.4byte	0x0
 504 0054 00000000 		.4byte	0x0
 505              	.LLST2:
 506 0058 00000000 		.4byte	.LFB64
 507 005c 02000000 		.4byte	.LCFI4
 508 0060 0200     		.2byte	0x2
 509 0062 7D       		.byte	0x7d
 510 0063 00       		.sleb128 0
 511 0064 02000000 		.4byte	.LCFI4
 512 0068 04000000 		.4byte	.LCFI5
 513 006c 0200     		.2byte	0x2
 514 006e 7D       		.byte	0x7d
 515 006f 04       		.sleb128 4
 516 0070 04000000 		.4byte	.LCFI5
 517 0074 24000000 		.4byte	.LFE64
 518 0078 0200     		.2byte	0x2
 519 007a 7D       		.byte	0x7d
 520 007b 10       		.sleb128 16
 521 007c 00000000 		.4byte	0x0
 522 0080 00000000 		.4byte	0x0
 523              	.LLST3:
 524 0084 00000000 		.4byte	.LFB65
 525 0088 02000000 		.4byte	.LCFI6
 526 008c 0200     		.2byte	0x2
 527 008e 7D       		.byte	0x7d
 528 008f 00       		.sleb128 0
 529 0090 02000000 		.4byte	.LCFI6
 530 0094 04000000 		.4byte	.LCFI7
 531 0098 0200     		.2byte	0x2
 532 009a 7D       		.byte	0x7d
 533 009b 04       		.sleb128 4
 534 009c 04000000 		.4byte	.LCFI7
 535 00a0 40000000 		.4byte	.LFE65
 536 00a4 0200     		.2byte	0x2
 537 00a6 7D       		.byte	0x7d
 538 00a7 10       		.sleb128 16
 539 00a8 00000000 		.4byte	0x0
 540 00ac 00000000 		.4byte	0x0
 541              	.LLST4:
 542 00b0 00000000 		.4byte	.LFB66
 543 00b4 02000000 		.4byte	.LCFI8
 544 00b8 0200     		.2byte	0x2
 545 00ba 7D       		.byte	0x7d
 546 00bb 00       		.sleb128 0
 547 00bc 02000000 		.4byte	.LCFI8
 548 00c0 54000000 		.4byte	.LFE66
 549 00c4 0200     		.2byte	0x2
 550 00c6 7D       		.byte	0x7d
 551 00c7 08       		.sleb128 8
 552 00c8 00000000 		.4byte	0x0
 553 00cc 00000000 		.4byte	0x0
ARM GAS  /tmp/ccMybjay.s 			page 11


 554              	.LLST5:
 555 00d0 00000000 		.4byte	.LFB67
 556 00d4 02000000 		.4byte	.LCFI9
 557 00d8 0200     		.2byte	0x2
 558 00da 7D       		.byte	0x7d
 559 00db 00       		.sleb128 0
 560 00dc 02000000 		.4byte	.LCFI9
 561 00e0 54000000 		.4byte	.LFE67
 562 00e4 0200     		.2byte	0x2
 563 00e6 7D       		.byte	0x7d
 564 00e7 08       		.sleb128 8
 565 00e8 00000000 		.4byte	0x0
 566 00ec 00000000 		.4byte	0x0
 567              		.file 2 "/home/z80/programs/code-sourcery/2011.03-42/bin/../lib/gcc/arm-none-eabi/4.5.2/../../../.
 568              		.file 3 "../chibios_2.4.x/os/ports/GCC/ARMCMx/chtypes.h"
 569              		.file 4 "../chibios_2.4.x/os/kernel/include/chlists.h"
 570              		.file 5 "../chibios_2.4.x/os/kernel/include/chthreads.h"
 571              		.file 6 "../chibios_2.4.x/os/ports/GCC/ARMCMx/chcore_v7m.h"
 572              		.file 7 "../chibios_2.4.x/os/kernel/include/chschd.h"
 573              		.file 8 "../chibios_2.4.x/os/kernel/include/chmtx.h"
 574              		.file 9 "../chibios_2.4.x/os/hal/platforms/STM32F1xx/stm32f10x.h"
 575              		.file 10 "../chibios_2.4.x/os/hal/platforms/STM32/GPIOv1/pal_lld.h"
 576              		.file 11 "../chibios_2.4.x/os/ports/common/ARMCMx/CMSIS/include/core_cm3.h"
 577              		.section	.debug_info
 578 0000 37060000 		.4byte	0x637
 579 0004 0200     		.2byte	0x2
 580 0006 00000000 		.4byte	.Ldebug_abbrev0
 581 000a 04       		.byte	0x4
 582 000b 01       		.uleb128 0x1
 583 000c 85020000 		.4byte	.LASF74
 584 0010 01       		.byte	0x1
 585 0011 BC020000 		.4byte	.LASF75
 586 0015 61000000 		.4byte	.LASF76
 587 0019 00000000 		.4byte	0x0
 588 001d 00000000 		.4byte	0x0
 589 0021 00000000 		.4byte	.Ldebug_ranges0+0x0
 590 0025 00000000 		.4byte	.Ldebug_line0
 591 0029 02       		.uleb128 0x2
 592 002a 04       		.byte	0x4
 593 002b 05       		.byte	0x5
 594 002c 696E7400 		.ascii	"int\000"
 595 0030 03       		.uleb128 0x3
 596 0031 04       		.byte	0x4
 597 0032 07       		.byte	0x7
 598 0033 AB010000 		.4byte	.LASF0
 599 0037 03       		.uleb128 0x3
 600 0038 01       		.byte	0x1
 601 0039 06       		.byte	0x6
 602 003a 6C010000 		.4byte	.LASF1
 603 003e 04       		.uleb128 0x4
 604 003f D5000000 		.4byte	.LASF5
 605 0043 02       		.byte	0x2
 606 0044 2A       		.byte	0x2a
 607 0045 49000000 		.4byte	0x49
 608 0049 03       		.uleb128 0x3
 609 004a 01       		.byte	0x1
 610 004b 08       		.byte	0x8
ARM GAS  /tmp/ccMybjay.s 			page 12


 611 004c 57010000 		.4byte	.LASF2
 612 0050 03       		.uleb128 0x3
 613 0051 02       		.byte	0x2
 614 0052 05       		.byte	0x5
 615 0053 22000000 		.4byte	.LASF3
 616 0057 03       		.uleb128 0x3
 617 0058 02       		.byte	0x2
 618 0059 07       		.byte	0x7
 619 005a 1A020000 		.4byte	.LASF4
 620 005e 04       		.uleb128 0x4
 621 005f 05020000 		.4byte	.LASF6
 622 0063 02       		.byte	0x2
 623 0064 4F       		.byte	0x4f
 624 0065 69000000 		.4byte	0x69
 625 0069 03       		.uleb128 0x3
 626 006a 04       		.byte	0x4
 627 006b 05       		.byte	0x5
 628 006c 15010000 		.4byte	.LASF7
 629 0070 04       		.uleb128 0x4
 630 0071 A2010000 		.4byte	.LASF8
 631 0075 02       		.byte	0x2
 632 0076 50       		.byte	0x50
 633 0077 7B000000 		.4byte	0x7b
 634 007b 03       		.uleb128 0x3
 635 007c 04       		.byte	0x4
 636 007d 07       		.byte	0x7
 637 007e 67020000 		.4byte	.LASF9
 638 0082 03       		.uleb128 0x3
 639 0083 08       		.byte	0x8
 640 0084 05       		.byte	0x5
 641 0085 F9000000 		.4byte	.LASF10
 642 0089 04       		.uleb128 0x4
 643 008a 0D000000 		.4byte	.LASF11
 644 008e 02       		.byte	0x2
 645 008f 78       		.byte	0x78
 646 0090 94000000 		.4byte	0x94
 647 0094 03       		.uleb128 0x3
 648 0095 08       		.byte	0x8
 649 0096 07       		.byte	0x7
 650 0097 80010000 		.4byte	.LASF12
 651 009b 04       		.uleb128 0x4
 652 009c F1000000 		.4byte	.LASF13
 653 00a0 03       		.byte	0x3
 654 00a1 2F       		.byte	0x2f
 655 00a2 3E000000 		.4byte	0x3e
 656 00a6 04       		.uleb128 0x4
 657 00a7 9F020000 		.4byte	.LASF14
 658 00ab 03       		.byte	0x3
 659 00ac 30       		.byte	0x30
 660 00ad 3E000000 		.4byte	0x3e
 661 00b1 04       		.uleb128 0x4
 662 00b2 07010000 		.4byte	.LASF15
 663 00b6 03       		.byte	0x3
 664 00b7 32       		.byte	0x32
 665 00b8 70000000 		.4byte	0x70
 666 00bc 04       		.uleb128 0x4
 667 00bd 07030000 		.4byte	.LASF16
ARM GAS  /tmp/ccMybjay.s 			page 13


 668 00c1 03       		.byte	0x3
 669 00c2 33       		.byte	0x33
 670 00c3 5E000000 		.4byte	0x5e
 671 00c7 04       		.uleb128 0x4
 672 00c8 93000000 		.4byte	.LASF17
 673 00cc 03       		.byte	0x3
 674 00cd 35       		.byte	0x35
 675 00ce 70000000 		.4byte	0x70
 676 00d2 04       		.uleb128 0x4
 677 00d3 E9010000 		.4byte	.LASF18
 678 00d7 03       		.byte	0x3
 679 00d8 36       		.byte	0x36
 680 00d9 70000000 		.4byte	0x70
 681 00dd 04       		.uleb128 0x4
 682 00de 14020000 		.4byte	.LASF19
 683 00e2 03       		.byte	0x3
 684 00e3 37       		.byte	0x37
 685 00e4 5E000000 		.4byte	0x5e
 686 00e8 04       		.uleb128 0x4
 687 00e9 91020000 		.4byte	.LASF20
 688 00ed 04       		.byte	0x4
 689 00ee 2A       		.byte	0x2a
 690 00ef F3000000 		.4byte	0xf3
 691 00f3 05       		.uleb128 0x5
 692 00f4 91020000 		.4byte	.LASF20
 693 00f8 48       		.byte	0x48
 694 00f9 05       		.byte	0x5
 695 00fa 5E       		.byte	0x5e
 696 00fb FC010000 		.4byte	0x1fc
 697 00ff 06       		.uleb128 0x6
 698 0100 B1000000 		.4byte	.LASF21
 699 0104 05       		.byte	0x5
 700 0105 5F       		.byte	0x5f
 701 0106 21020000 		.4byte	0x221
 702 010a 02       		.byte	0x2
 703 010b 23       		.byte	0x23
 704 010c 00       		.uleb128 0x0
 705 010d 06       		.uleb128 0x6
 706 010e 54000000 		.4byte	.LASF22
 707 0112 05       		.byte	0x5
 708 0113 61       		.byte	0x61
 709 0114 21020000 		.4byte	0x221
 710 0118 02       		.byte	0x2
 711 0119 23       		.byte	0x23
 712 011a 04       		.uleb128 0x4
 713 011b 06       		.uleb128 0x6
 714 011c AA000000 		.4byte	.LASF23
 715 0120 05       		.byte	0x5
 716 0121 63       		.byte	0x63
 717 0122 B1000000 		.4byte	0xb1
 718 0126 02       		.byte	0x2
 719 0127 23       		.byte	0x23
 720 0128 08       		.uleb128 0x8
 721 0129 06       		.uleb128 0x6
 722 012a D5020000 		.4byte	.LASF24
 723 012e 05       		.byte	0x5
 724 012f 64       		.byte	0x64
ARM GAS  /tmp/ccMybjay.s 			page 14


 725 0130 F9020000 		.4byte	0x2f9
 726 0134 02       		.byte	0x2
 727 0135 23       		.byte	0x23
 728 0136 0C       		.uleb128 0xc
 729 0137 06       		.uleb128 0x6
 730 0138 78010000 		.4byte	.LASF25
 731 013c 05       		.byte	0x5
 732 013d 66       		.byte	0x66
 733 013e 21020000 		.4byte	0x221
 734 0142 02       		.byte	0x2
 735 0143 23       		.byte	0x23
 736 0144 10       		.uleb128 0x10
 737 0145 06       		.uleb128 0x6
 738 0146 CD020000 		.4byte	.LASF26
 739 014a 05       		.byte	0x5
 740 014b 67       		.byte	0x67
 741 014c 21020000 		.4byte	0x221
 742 0150 02       		.byte	0x2
 743 0151 23       		.byte	0x23
 744 0152 14       		.uleb128 0x14
 745 0153 06       		.uleb128 0x6
 746 0154 FE010000 		.4byte	.LASF27
 747 0158 05       		.byte	0x5
 748 0159 6E       		.byte	0x6e
 749 015a 19040000 		.4byte	0x419
 750 015e 02       		.byte	0x2
 751 015f 23       		.byte	0x23
 752 0160 18       		.uleb128 0x18
 753 0161 06       		.uleb128 0x6
 754 0162 49000000 		.4byte	.LASF28
 755 0166 05       		.byte	0x5
 756 0167 74       		.byte	0x74
 757 0168 2B040000 		.4byte	0x42b
 758 016c 02       		.byte	0x2
 759 016d 23       		.byte	0x23
 760 016e 1C       		.uleb128 0x1c
 761 016f 06       		.uleb128 0x6
 762 0170 2D020000 		.4byte	.LASF29
 763 0174 05       		.byte	0x5
 764 0175 79       		.byte	0x79
 765 0176 A6000000 		.4byte	0xa6
 766 017a 02       		.byte	0x2
 767 017b 23       		.byte	0x23
 768 017c 20       		.uleb128 0x20
 769 017d 06       		.uleb128 0x6
 770 017e D6010000 		.4byte	.LASF30
 771 0182 05       		.byte	0x5
 772 0183 7D       		.byte	0x7d
 773 0184 9B000000 		.4byte	0x9b
 774 0188 02       		.byte	0x2
 775 0189 23       		.byte	0x23
 776 018a 21       		.uleb128 0x21
 777 018b 06       		.uleb128 0x6
 778 018c EA000000 		.4byte	.LASF31
 779 0190 05       		.byte	0x5
 780 0191 89       		.byte	0x89
 781 0192 21030000 		.4byte	0x321
ARM GAS  /tmp/ccMybjay.s 			page 15


 782 0196 02       		.byte	0x2
 783 0197 23       		.byte	0x23
 784 0198 24       		.uleb128 0x24
 785 0199 07       		.uleb128 0x7
 786 019a 705F7500 		.ascii	"p_u\000"
 787 019e 05       		.byte	0x5
 788 019f AE       		.byte	0xae
 789 01a0 E4030000 		.4byte	0x3e4
 790 01a4 02       		.byte	0x2
 791 01a5 23       		.byte	0x23
 792 01a6 28       		.uleb128 0x28
 793 01a7 06       		.uleb128 0x6
 794 01a8 4C020000 		.4byte	.LASF32
 795 01ac 05       		.byte	0x5
 796 01ad B3       		.byte	0xb3
 797 01ae 49020000 		.4byte	0x249
 798 01b2 02       		.byte	0x2
 799 01b3 23       		.byte	0x23
 800 01b4 2C       		.uleb128 0x2c
 801 01b5 06       		.uleb128 0x6
 802 01b6 9F000000 		.4byte	.LASF33
 803 01ba 05       		.byte	0x5
 804 01bb B9       		.byte	0xb9
 805 01bc 27020000 		.4byte	0x227
 806 01c0 02       		.byte	0x2
 807 01c1 23       		.byte	0x23
 808 01c2 30       		.uleb128 0x30
 809 01c3 06       		.uleb128 0x6
 810 01c4 51010000 		.4byte	.LASF34
 811 01c8 05       		.byte	0x5
 812 01c9 BD       		.byte	0xbd
 813 01ca BC000000 		.4byte	0xbc
 814 01ce 02       		.byte	0x2
 815 01cf 23       		.byte	0x23
 816 01d0 38       		.uleb128 0x38
 817 01d1 06       		.uleb128 0x6
 818 01d2 34000000 		.4byte	.LASF35
 819 01d6 05       		.byte	0x5
 820 01d7 C3       		.byte	0xc3
 821 01d8 C7000000 		.4byte	0xc7
 822 01dc 02       		.byte	0x2
 823 01dd 23       		.byte	0x23
 824 01de 3C       		.uleb128 0x3c
 825 01df 06       		.uleb128 0x6
 826 01e0 56020000 		.4byte	.LASF36
 827 01e4 05       		.byte	0x5
 828 01e5 CA       		.byte	0xca
 829 01e6 31040000 		.4byte	0x431
 830 01ea 02       		.byte	0x2
 831 01eb 23       		.byte	0x23
 832 01ec 40       		.uleb128 0x40
 833 01ed 06       		.uleb128 0x6
 834 01ee DE010000 		.4byte	.LASF37
 835 01f2 05       		.byte	0x5
 836 01f3 CE       		.byte	0xce
 837 01f4 B1000000 		.4byte	0xb1
 838 01f8 02       		.byte	0x2
ARM GAS  /tmp/ccMybjay.s 			page 16


 839 01f9 23       		.byte	0x23
 840 01fa 44       		.uleb128 0x44
 841 01fb 00       		.byte	0x0
 842 01fc 08       		.uleb128 0x8
 843 01fd 08       		.byte	0x8
 844 01fe 04       		.byte	0x4
 845 01ff 61       		.byte	0x61
 846 0200 21020000 		.4byte	0x221
 847 0204 06       		.uleb128 0x6
 848 0205 B1000000 		.4byte	.LASF21
 849 0209 04       		.byte	0x4
 850 020a 62       		.byte	0x62
 851 020b 21020000 		.4byte	0x221
 852 020f 02       		.byte	0x2
 853 0210 23       		.byte	0x23
 854 0211 00       		.uleb128 0x0
 855 0212 06       		.uleb128 0x6
 856 0213 54000000 		.4byte	.LASF22
 857 0217 04       		.byte	0x4
 858 0218 64       		.byte	0x64
 859 0219 21020000 		.4byte	0x221
 860 021d 02       		.byte	0x2
 861 021e 23       		.byte	0x23
 862 021f 04       		.uleb128 0x4
 863 0220 00       		.byte	0x0
 864 0221 09       		.uleb128 0x9
 865 0222 04       		.byte	0x4
 866 0223 E8000000 		.4byte	0xe8
 867 0227 04       		.uleb128 0x4
 868 0228 35020000 		.4byte	.LASF38
 869 022c 04       		.byte	0x4
 870 022d 66       		.byte	0x66
 871 022e FC010000 		.4byte	0x1fc
 872 0232 08       		.uleb128 0x8
 873 0233 04       		.byte	0x4
 874 0234 04       		.byte	0x4
 875 0235 6B       		.byte	0x6b
 876 0236 49020000 		.4byte	0x249
 877 023a 06       		.uleb128 0x6
 878 023b B1000000 		.4byte	.LASF21
 879 023f 04       		.byte	0x4
 880 0240 6D       		.byte	0x6d
 881 0241 21020000 		.4byte	0x221
 882 0245 02       		.byte	0x2
 883 0246 23       		.byte	0x23
 884 0247 00       		.uleb128 0x0
 885 0248 00       		.byte	0x0
 886 0249 04       		.uleb128 0x4
 887 024a 16000000 		.4byte	.LASF39
 888 024e 04       		.byte	0x4
 889 024f 70       		.byte	0x70
 890 0250 32020000 		.4byte	0x232
 891 0254 04       		.uleb128 0x4
 892 0255 CC000000 		.4byte	.LASF40
 893 0259 06       		.byte	0x6
 894 025a D7       		.byte	0xd7
 895 025b 5F020000 		.4byte	0x25f
ARM GAS  /tmp/ccMybjay.s 			page 17


 896 025f 0A       		.uleb128 0xa
 897 0260 04       		.byte	0x4
 898 0261 04       		.uleb128 0x4
 899 0262 A8020000 		.4byte	.LASF41
 900 0266 06       		.byte	0x6
 901 0267 DD       		.byte	0xdd
 902 0268 89000000 		.4byte	0x89
 903 026c 05       		.uleb128 0x5
 904 026d 60020000 		.4byte	.LASF42
 905 0271 24       		.byte	0x24
 906 0272 06       		.byte	0x6
 907 0273 FE       		.byte	0xfe
 908 0274 F9020000 		.4byte	0x2f9
 909 0278 0B       		.uleb128 0xb
 910 0279 723400   		.ascii	"r4\000"
 911 027c 06       		.byte	0x6
 912 027d 1101     		.2byte	0x111
 913 027f 54020000 		.4byte	0x254
 914 0283 02       		.byte	0x2
 915 0284 23       		.byte	0x23
 916 0285 00       		.uleb128 0x0
 917 0286 0B       		.uleb128 0xb
 918 0287 723500   		.ascii	"r5\000"
 919 028a 06       		.byte	0x6
 920 028b 1201     		.2byte	0x112
 921 028d 54020000 		.4byte	0x254
 922 0291 02       		.byte	0x2
 923 0292 23       		.byte	0x23
 924 0293 04       		.uleb128 0x4
 925 0294 0B       		.uleb128 0xb
 926 0295 723600   		.ascii	"r6\000"
 927 0298 06       		.byte	0x6
 928 0299 1301     		.2byte	0x113
 929 029b 54020000 		.4byte	0x254
 930 029f 02       		.byte	0x2
 931 02a0 23       		.byte	0x23
 932 02a1 08       		.uleb128 0x8
 933 02a2 0B       		.uleb128 0xb
 934 02a3 723700   		.ascii	"r7\000"
 935 02a6 06       		.byte	0x6
 936 02a7 1401     		.2byte	0x114
 937 02a9 54020000 		.4byte	0x254
 938 02ad 02       		.byte	0x2
 939 02ae 23       		.byte	0x23
 940 02af 0C       		.uleb128 0xc
 941 02b0 0B       		.uleb128 0xb
 942 02b1 723800   		.ascii	"r8\000"
 943 02b4 06       		.byte	0x6
 944 02b5 1501     		.2byte	0x115
 945 02b7 54020000 		.4byte	0x254
 946 02bb 02       		.byte	0x2
 947 02bc 23       		.byte	0x23
 948 02bd 10       		.uleb128 0x10
 949 02be 0B       		.uleb128 0xb
 950 02bf 723900   		.ascii	"r9\000"
 951 02c2 06       		.byte	0x6
 952 02c3 1601     		.2byte	0x116
ARM GAS  /tmp/ccMybjay.s 			page 18


 953 02c5 54020000 		.4byte	0x254
 954 02c9 02       		.byte	0x2
 955 02ca 23       		.byte	0x23
 956 02cb 14       		.uleb128 0x14
 957 02cc 0B       		.uleb128 0xb
 958 02cd 72313000 		.ascii	"r10\000"
 959 02d1 06       		.byte	0x6
 960 02d2 1701     		.2byte	0x117
 961 02d4 54020000 		.4byte	0x254
 962 02d8 02       		.byte	0x2
 963 02d9 23       		.byte	0x23
 964 02da 18       		.uleb128 0x18
 965 02db 0B       		.uleb128 0xb
 966 02dc 72313100 		.ascii	"r11\000"
 967 02e0 06       		.byte	0x6
 968 02e1 1801     		.2byte	0x118
 969 02e3 54020000 		.4byte	0x254
 970 02e7 02       		.byte	0x2
 971 02e8 23       		.byte	0x23
 972 02e9 1C       		.uleb128 0x1c
 973 02ea 0B       		.uleb128 0xb
 974 02eb 6C7200   		.ascii	"lr\000"
 975 02ee 06       		.byte	0x6
 976 02ef 1901     		.2byte	0x119
 977 02f1 54020000 		.4byte	0x254
 978 02f5 02       		.byte	0x2
 979 02f6 23       		.byte	0x23
 980 02f7 20       		.uleb128 0x20
 981 02f8 00       		.byte	0x0
 982 02f9 0C       		.uleb128 0xc
 983 02fa 2B010000 		.4byte	.LASF43
 984 02fe 04       		.byte	0x4
 985 02ff 06       		.byte	0x6
 986 0300 2301     		.2byte	0x123
 987 0302 16030000 		.4byte	0x316
 988 0306 0B       		.uleb128 0xb
 989 0307 72313300 		.ascii	"r13\000"
 990 030b 06       		.byte	0x6
 991 030c 2401     		.2byte	0x124
 992 030e 16030000 		.4byte	0x316
 993 0312 02       		.byte	0x2
 994 0313 23       		.byte	0x23
 995 0314 00       		.uleb128 0x0
 996 0315 00       		.byte	0x0
 997 0316 09       		.uleb128 0x9
 998 0317 04       		.byte	0x4
 999 0318 6C020000 		.4byte	0x26c
 1000 031c 0D       		.uleb128 0xd
 1001 031d 70000000 		.4byte	0x70
 1002 0321 0D       		.uleb128 0xd
 1003 0322 D2000000 		.4byte	0xd2
 1004 0326 08       		.uleb128 0x8
 1005 0327 20       		.byte	0x20
 1006 0328 07       		.byte	0x7
 1007 0329 5E       		.byte	0x5e
 1008 032a 91030000 		.4byte	0x391
 1009 032e 06       		.uleb128 0x6
ARM GAS  /tmp/ccMybjay.s 			page 19


 1010 032f 2C000000 		.4byte	.LASF44
 1011 0333 07       		.byte	0x7
 1012 0334 5F       		.byte	0x5f
 1013 0335 27020000 		.4byte	0x227
 1014 0339 02       		.byte	0x2
 1015 033a 23       		.byte	0x23
 1016 033b 00       		.uleb128 0x0
 1017 033c 06       		.uleb128 0x6
 1018 033d 0D020000 		.4byte	.LASF45
 1019 0341 07       		.byte	0x7
 1020 0342 60       		.byte	0x60
 1021 0343 B1000000 		.4byte	0xb1
 1022 0347 02       		.byte	0x2
 1023 0348 23       		.byte	0x23
 1024 0349 08       		.uleb128 0x8
 1025 034a 06       		.uleb128 0x6
 1026 034b 5B000000 		.4byte	.LASF46
 1027 034f 07       		.byte	0x7
 1028 0350 62       		.byte	0x62
 1029 0351 F9020000 		.4byte	0x2f9
 1030 0355 02       		.byte	0x2
 1031 0356 23       		.byte	0x23
 1032 0357 0C       		.uleb128 0xc
 1033 0358 06       		.uleb128 0x6
 1034 0359 CE010000 		.4byte	.LASF47
 1035 035d 07       		.byte	0x7
 1036 035e 65       		.byte	0x65
 1037 035f 21020000 		.4byte	0x221
 1038 0363 02       		.byte	0x2
 1039 0364 23       		.byte	0x23
 1040 0365 10       		.uleb128 0x10
 1041 0366 06       		.uleb128 0x6
 1042 0367 0D030000 		.4byte	.LASF48
 1043 036b 07       		.byte	0x7
 1044 036c 66       		.byte	0x66
 1045 036d 21020000 		.4byte	0x221
 1046 0371 02       		.byte	0x2
 1047 0372 23       		.byte	0x23
 1048 0373 14       		.uleb128 0x14
 1049 0374 06       		.uleb128 0x6
 1050 0375 42020000 		.4byte	.LASF49
 1051 0379 07       		.byte	0x7
 1052 037a 6A       		.byte	0x6a
 1053 037b DD000000 		.4byte	0xdd
 1054 037f 02       		.byte	0x2
 1055 0380 23       		.byte	0x23
 1056 0381 18       		.uleb128 0x18
 1057 0382 06       		.uleb128 0x6
 1058 0383 47010000 		.4byte	.LASF50
 1059 0387 07       		.byte	0x7
 1060 0388 6C       		.byte	0x6c
 1061 0389 21020000 		.4byte	0x221
 1062 038d 02       		.byte	0x2
 1063 038e 23       		.byte	0x23
 1064 038f 1C       		.uleb128 0x1c
 1065 0390 00       		.byte	0x0
 1066 0391 04       		.uleb128 0x4
ARM GAS  /tmp/ccMybjay.s 			page 20


 1067 0392 3F000000 		.4byte	.LASF51
 1068 0396 07       		.byte	0x7
 1069 0397 6E       		.byte	0x6e
 1070 0398 26030000 		.4byte	0x326
 1071 039c 05       		.uleb128 0x5
 1072 039d 0F010000 		.4byte	.LASF52
 1073 03a1 10       		.byte	0x10
 1074 03a2 08       		.byte	0x8
 1075 03a3 2C       		.byte	0x2c
 1076 03a4 D3030000 		.4byte	0x3d3
 1077 03a8 06       		.uleb128 0x6
 1078 03a9 23010000 		.4byte	.LASF53
 1079 03ad 08       		.byte	0x8
 1080 03ae 2D       		.byte	0x2d
 1081 03af 27020000 		.4byte	0x227
 1082 03b3 02       		.byte	0x2
 1083 03b4 23       		.byte	0x23
 1084 03b5 00       		.uleb128 0x0
 1085 03b6 06       		.uleb128 0x6
 1086 03b7 F3020000 		.4byte	.LASF54
 1087 03bb 08       		.byte	0x8
 1088 03bc 2F       		.byte	0x2f
 1089 03bd 21020000 		.4byte	0x221
 1090 03c1 02       		.byte	0x2
 1091 03c2 23       		.byte	0x23
 1092 03c3 08       		.uleb128 0x8
 1093 03c4 06       		.uleb128 0x6
 1094 03c5 BF000000 		.4byte	.LASF55
 1095 03c9 08       		.byte	0x8
 1096 03ca 31       		.byte	0x31
 1097 03cb D3030000 		.4byte	0x3d3
 1098 03cf 02       		.byte	0x2
 1099 03d0 23       		.byte	0x23
 1100 03d1 0C       		.uleb128 0xc
 1101 03d2 00       		.byte	0x0
 1102 03d3 09       		.uleb128 0x9
 1103 03d4 04       		.byte	0x4
 1104 03d5 9C030000 		.4byte	0x39c
 1105 03d9 04       		.uleb128 0x4
 1106 03da 0F010000 		.4byte	.LASF52
 1107 03de 08       		.byte	0x8
 1108 03df 33       		.byte	0x33
 1109 03e0 9C030000 		.4byte	0x39c
 1110 03e4 0E       		.uleb128 0xe
 1111 03e5 04       		.byte	0x4
 1112 03e6 05       		.byte	0x5
 1113 03e7 90       		.byte	0x90
 1114 03e8 19040000 		.4byte	0x419
 1115 03ec 0F       		.uleb128 0xf
 1116 03ed 00030000 		.4byte	.LASF56
 1117 03f1 05       		.byte	0x5
 1118 03f2 97       		.byte	0x97
 1119 03f3 BC000000 		.4byte	0xbc
 1120 03f7 0F       		.uleb128 0xf
 1121 03f8 B3020000 		.4byte	.LASF57
 1122 03fc 05       		.byte	0x5
 1123 03fd 9E       		.byte	0x9e
ARM GAS  /tmp/ccMybjay.s 			page 21


 1124 03fe BC000000 		.4byte	0xbc
 1125 0402 0F       		.uleb128 0xf
 1126 0403 98020000 		.4byte	.LASF58
 1127 0407 05       		.byte	0x5
 1128 0408 A5       		.byte	0xa5
 1129 0409 5F020000 		.4byte	0x25f
 1130 040d 0F       		.uleb128 0xf
 1131 040e 65010000 		.4byte	.LASF59
 1132 0412 05       		.byte	0x5
 1133 0413 AC       		.byte	0xac
 1134 0414 C7000000 		.4byte	0xc7
 1135 0418 00       		.byte	0x0
 1136 0419 09       		.uleb128 0x9
 1137 041a 04       		.byte	0x4
 1138 041b 1F040000 		.4byte	0x41f
 1139 041f 10       		.uleb128 0x10
 1140 0420 24040000 		.4byte	0x424
 1141 0424 03       		.uleb128 0x3
 1142 0425 01       		.byte	0x1
 1143 0426 08       		.byte	0x8
 1144 0427 F9010000 		.4byte	.LASF60
 1145 042b 09       		.uleb128 0x9
 1146 042c 04       		.byte	0x4
 1147 042d 61020000 		.4byte	0x261
 1148 0431 09       		.uleb128 0x9
 1149 0432 04       		.byte	0x4
 1150 0433 D9030000 		.4byte	0x3d9
 1151 0437 0D       		.uleb128 0xd
 1152 0438 5E000000 		.4byte	0x5e
 1153 043c 11       		.uleb128 0x11
 1154 043d 1C       		.byte	0x1c
 1155 043e 09       		.byte	0x9
 1156 043f F803     		.2byte	0x3f8
 1157 0441 AF040000 		.4byte	0x4af
 1158 0445 0B       		.uleb128 0xb
 1159 0446 43524C00 		.ascii	"CRL\000"
 1160 044a 09       		.byte	0x9
 1161 044b FA03     		.2byte	0x3fa
 1162 044d 1C030000 		.4byte	0x31c
 1163 0451 02       		.byte	0x2
 1164 0452 23       		.byte	0x23
 1165 0453 00       		.uleb128 0x0
 1166 0454 0B       		.uleb128 0xb
 1167 0455 43524800 		.ascii	"CRH\000"
 1168 0459 09       		.byte	0x9
 1169 045a FB03     		.2byte	0x3fb
 1170 045c 1C030000 		.4byte	0x31c
 1171 0460 02       		.byte	0x2
 1172 0461 23       		.byte	0x23
 1173 0462 04       		.uleb128 0x4
 1174 0463 0B       		.uleb128 0xb
 1175 0464 49445200 		.ascii	"IDR\000"
 1176 0468 09       		.byte	0x9
 1177 0469 FC03     		.2byte	0x3fc
 1178 046b 1C030000 		.4byte	0x31c
 1179 046f 02       		.byte	0x2
 1180 0470 23       		.byte	0x23
ARM GAS  /tmp/ccMybjay.s 			page 22


 1181 0471 08       		.uleb128 0x8
 1182 0472 0B       		.uleb128 0xb
 1183 0473 4F445200 		.ascii	"ODR\000"
 1184 0477 09       		.byte	0x9
 1185 0478 FD03     		.2byte	0x3fd
 1186 047a 1C030000 		.4byte	0x31c
 1187 047e 02       		.byte	0x2
 1188 047f 23       		.byte	0x23
 1189 0480 0C       		.uleb128 0xc
 1190 0481 12       		.uleb128 0x12
 1191 0482 1E010000 		.4byte	.LASF61
 1192 0486 09       		.byte	0x9
 1193 0487 FE03     		.2byte	0x3fe
 1194 0489 1C030000 		.4byte	0x31c
 1195 048d 02       		.byte	0x2
 1196 048e 23       		.byte	0x23
 1197 048f 10       		.uleb128 0x10
 1198 0490 0B       		.uleb128 0xb
 1199 0491 42525200 		.ascii	"BRR\000"
 1200 0495 09       		.byte	0x9
 1201 0496 FF03     		.2byte	0x3ff
 1202 0498 1C030000 		.4byte	0x31c
 1203 049c 02       		.byte	0x2
 1204 049d 23       		.byte	0x23
 1205 049e 14       		.uleb128 0x14
 1206 049f 12       		.uleb128 0x12
 1207 04a0 FB020000 		.4byte	.LASF62
 1208 04a4 09       		.byte	0x9
 1209 04a5 0004     		.2byte	0x400
 1210 04a7 1C030000 		.4byte	0x31c
 1211 04ab 02       		.byte	0x2
 1212 04ac 23       		.byte	0x23
 1213 04ad 18       		.uleb128 0x18
 1214 04ae 00       		.byte	0x0
 1215 04af 13       		.uleb128 0x13
 1216 04b0 00000000 		.4byte	.LASF63
 1217 04b4 09       		.byte	0x9
 1218 04b5 0104     		.2byte	0x401
 1219 04b7 3C040000 		.4byte	0x43c
 1220 04bb 04       		.uleb128 0x4
 1221 04bc DD000000 		.4byte	.LASF64
 1222 04c0 0A       		.byte	0xa
 1223 04c1 78       		.byte	0x78
 1224 04c2 70000000 		.4byte	0x70
 1225 04c6 14       		.uleb128 0x14
 1226 04c7 97010000 		.4byte	.LASF77
 1227 04cb 01       		.byte	0x1
 1228 04cc 0D       		.byte	0xd
 1229 04cd 01       		.byte	0x1
 1230 04ce BC000000 		.4byte	0xbc
 1231 04d2 00000000 		.4byte	.LFB62
 1232 04d6 B0000000 		.4byte	.LFE62
 1233 04da 00000000 		.4byte	.LLST0
 1234 04de 0C050000 		.4byte	0x50c
 1235 04e2 15       		.uleb128 0x15
 1236 04e3 61726700 		.ascii	"arg\000"
 1237 04e7 01       		.byte	0x1
ARM GAS  /tmp/ccMybjay.s 			page 23


 1238 04e8 0D       		.byte	0xd
 1239 04e9 5F020000 		.4byte	0x25f
 1240 04ed 02       		.byte	0x2
 1241 04ee 91       		.byte	0x91
 1242 04ef 74       		.sleb128 -12
 1243 04f0 16       		.uleb128 0x16
 1244 04f1 0E000000 		.4byte	.LBB2
 1245 04f5 90000000 		.4byte	.LBE2
 1246 04f9 17       		.uleb128 0x17
 1247 04fa 61726700 		.ascii	"arg\000"
 1248 04fe 01       		.byte	0x1
 1249 04ff 13       		.byte	0x13
 1250 0500 70000000 		.4byte	0x70
 1251 0504 05       		.byte	0x5
 1252 0505 03       		.byte	0x3
 1253 0506 00000000 		.4byte	arg.6003
 1254 050a 00       		.byte	0x0
 1255 050b 00       		.byte	0x0
 1256 050c 18       		.uleb128 0x18
 1257 050d 01       		.byte	0x1
 1258 050e C0010000 		.4byte	.LASF78
 1259 0512 01       		.byte	0x1
 1260 0513 2B       		.byte	0x2b
 1261 0514 01       		.byte	0x1
 1262 0515 00000000 		.4byte	.LFB63
 1263 0519 7C000000 		.4byte	.LFE63
 1264 051d 2C000000 		.4byte	.LLST1
 1265 0521 19       		.uleb128 0x19
 1266 0522 01       		.byte	0x1
 1267 0523 B8010000 		.4byte	.LASF65
 1268 0527 01       		.byte	0x1
 1269 0528 3A       		.byte	0x3a
 1270 0529 01       		.byte	0x1
 1271 052a 00000000 		.4byte	.LFB64
 1272 052e 24000000 		.4byte	.LFE64
 1273 0532 58000000 		.4byte	.LLST2
 1274 0536 49050000 		.4byte	0x549
 1275 053a 15       		.uleb128 0x15
 1276 053b 61726700 		.ascii	"arg\000"
 1277 053f 01       		.byte	0x1
 1278 0540 3A       		.byte	0x3a
 1279 0541 70000000 		.4byte	0x70
 1280 0545 02       		.byte	0x2
 1281 0546 91       		.byte	0x91
 1282 0547 74       		.sleb128 -12
 1283 0548 00       		.byte	0x0
 1284 0549 19       		.uleb128 0x19
 1285 054a 01       		.byte	0x1
 1286 054b E8020000 		.4byte	.LASF66
 1287 054f 01       		.byte	0x1
 1288 0550 41       		.byte	0x41
 1289 0551 01       		.byte	0x1
 1290 0552 00000000 		.4byte	.LFB65
 1291 0556 40000000 		.4byte	.LFE65
 1292 055a 84000000 		.4byte	.LLST3
 1293 055e 71050000 		.4byte	0x571
 1294 0562 15       		.uleb128 0x15
ARM GAS  /tmp/ccMybjay.s 			page 24


 1295 0563 61726700 		.ascii	"arg\000"
 1296 0567 01       		.byte	0x1
 1297 0568 41       		.byte	0x41
 1298 0569 70000000 		.4byte	0x70
 1299 056d 02       		.byte	0x2
 1300 056e 91       		.byte	0x91
 1301 056f 74       		.sleb128 -12
 1302 0570 00       		.byte	0x0
 1303 0571 19       		.uleb128 0x19
 1304 0572 01       		.byte	0x1
 1305 0573 33010000 		.4byte	.LASF67
 1306 0577 01       		.byte	0x1
 1307 0578 49       		.byte	0x49
 1308 0579 01       		.byte	0x1
 1309 057a 00000000 		.4byte	.LFB66
 1310 057e 54000000 		.4byte	.LFE66
 1311 0582 B0000000 		.4byte	.LLST4
 1312 0586 99050000 		.4byte	0x599
 1313 058a 15       		.uleb128 0x15
 1314 058b 76616C00 		.ascii	"val\000"
 1315 058f 01       		.byte	0x1
 1316 0590 49       		.byte	0x49
 1317 0591 70000000 		.4byte	0x70
 1318 0595 02       		.byte	0x2
 1319 0596 91       		.byte	0x91
 1320 0597 7C       		.sleb128 -4
 1321 0598 00       		.byte	0x0
 1322 0599 19       		.uleb128 0x19
 1323 059a 01       		.byte	0x1
 1324 059b 79020000 		.4byte	.LASF68
 1325 059f 01       		.byte	0x1
 1326 05a0 53       		.byte	0x53
 1327 05a1 01       		.byte	0x1
 1328 05a2 00000000 		.4byte	.LFB67
 1329 05a6 54000000 		.4byte	.LFE67
 1330 05aa D0000000 		.4byte	.LLST5
 1331 05ae C1050000 		.4byte	0x5c1
 1332 05b2 15       		.uleb128 0x15
 1333 05b3 61726700 		.ascii	"arg\000"
 1334 05b7 01       		.byte	0x1
 1335 05b8 53       		.byte	0x53
 1336 05b9 70000000 		.4byte	0x70
 1337 05bd 02       		.byte	0x2
 1338 05be 91       		.byte	0x91
 1339 05bf 7C       		.sleb128 -4
 1340 05c0 00       		.byte	0x0
 1341 05c1 1A       		.uleb128 0x1a
 1342 05c2 F3010000 		.4byte	.LASF69
 1343 05c6 07       		.byte	0x7
 1344 05c7 72       		.byte	0x72
 1345 05c8 91030000 		.4byte	0x391
 1346 05cc 01       		.byte	0x1
 1347 05cd 01       		.byte	0x1
 1348 05ce 1B       		.uleb128 0x1b
 1349 05cf DB020000 		.4byte	.LASF70
 1350 05d3 0B       		.byte	0xb
 1351 05d4 9404     		.2byte	0x494
ARM GAS  /tmp/ccMybjay.s 			page 25


 1352 05d6 37040000 		.4byte	0x437
 1353 05da 01       		.byte	0x1
 1354 05db 01       		.byte	0x1
 1355 05dc 1C       		.uleb128 0x1c
 1356 05dd C8010000 		.4byte	.LASF71
 1357 05e1 01       		.byte	0x1
 1358 05e2 08       		.byte	0x8
 1359 05e3 D9030000 		.4byte	0x3d9
 1360 05e7 05       		.byte	0x5
 1361 05e8 03       		.byte	0x3
 1362 05e9 00000000 		.4byte	mutex
 1363 05ed 1C       		.uleb128 0x1c
 1364 05ee C6000000 		.4byte	.LASF72
 1365 05f2 01       		.byte	0x1
 1366 05f3 09       		.byte	0x9
 1367 05f4 70000000 		.4byte	0x70
 1368 05f8 05       		.byte	0x5
 1369 05f9 03       		.byte	0x3
 1370 05fa 00000000 		.4byte	value
 1371 05fe 1D       		.uleb128 0x1d
 1372 05ff 61020000 		.4byte	0x261
 1373 0603 0E060000 		.4byte	0x60e
 1374 0607 1E       		.uleb128 0x1e
 1375 0608 30000000 		.4byte	0x30
 1376 060c 35       		.byte	0x35
 1377 060d 00       		.byte	0x0
 1378 060e 1C       		.uleb128 0x1c
 1379 060f B8000000 		.4byte	.LASF73
 1380 0613 01       		.byte	0x1
 1381 0614 0C       		.byte	0xc
 1382 0615 FE050000 		.4byte	0x5fe
 1383 0619 05       		.byte	0x5
 1384 061a 03       		.byte	0x3
 1385 061b 00000000 		.4byte	waLeds
 1386 061f 1A       		.uleb128 0x1a
 1387 0620 F3010000 		.4byte	.LASF69
 1388 0624 07       		.byte	0x7
 1389 0625 72       		.byte	0x72
 1390 0626 91030000 		.4byte	0x391
 1391 062a 01       		.byte	0x1
 1392 062b 01       		.byte	0x1
 1393 062c 1B       		.uleb128 0x1b
 1394 062d DB020000 		.4byte	.LASF70
 1395 0631 0B       		.byte	0xb
 1396 0632 9404     		.2byte	0x494
 1397 0634 37040000 		.4byte	0x437
 1398 0638 01       		.byte	0x1
 1399 0639 01       		.byte	0x1
 1400 063a 00       		.byte	0x0
 1401              		.section	.debug_abbrev
 1402 0000 01       		.uleb128 0x1
 1403 0001 11       		.uleb128 0x11
 1404 0002 01       		.byte	0x1
 1405 0003 25       		.uleb128 0x25
 1406 0004 0E       		.uleb128 0xe
 1407 0005 13       		.uleb128 0x13
 1408 0006 0B       		.uleb128 0xb
ARM GAS  /tmp/ccMybjay.s 			page 26


 1409 0007 03       		.uleb128 0x3
 1410 0008 0E       		.uleb128 0xe
 1411 0009 1B       		.uleb128 0x1b
 1412 000a 0E       		.uleb128 0xe
 1413 000b 11       		.uleb128 0x11
 1414 000c 01       		.uleb128 0x1
 1415 000d 52       		.uleb128 0x52
 1416 000e 01       		.uleb128 0x1
 1417 000f 55       		.uleb128 0x55
 1418 0010 06       		.uleb128 0x6
 1419 0011 10       		.uleb128 0x10
 1420 0012 06       		.uleb128 0x6
 1421 0013 00       		.byte	0x0
 1422 0014 00       		.byte	0x0
 1423 0015 02       		.uleb128 0x2
 1424 0016 24       		.uleb128 0x24
 1425 0017 00       		.byte	0x0
 1426 0018 0B       		.uleb128 0xb
 1427 0019 0B       		.uleb128 0xb
 1428 001a 3E       		.uleb128 0x3e
 1429 001b 0B       		.uleb128 0xb
 1430 001c 03       		.uleb128 0x3
 1431 001d 08       		.uleb128 0x8
 1432 001e 00       		.byte	0x0
 1433 001f 00       		.byte	0x0
 1434 0020 03       		.uleb128 0x3
 1435 0021 24       		.uleb128 0x24
 1436 0022 00       		.byte	0x0
 1437 0023 0B       		.uleb128 0xb
 1438 0024 0B       		.uleb128 0xb
 1439 0025 3E       		.uleb128 0x3e
 1440 0026 0B       		.uleb128 0xb
 1441 0027 03       		.uleb128 0x3
 1442 0028 0E       		.uleb128 0xe
 1443 0029 00       		.byte	0x0
 1444 002a 00       		.byte	0x0
 1445 002b 04       		.uleb128 0x4
 1446 002c 16       		.uleb128 0x16
 1447 002d 00       		.byte	0x0
 1448 002e 03       		.uleb128 0x3
 1449 002f 0E       		.uleb128 0xe
 1450 0030 3A       		.uleb128 0x3a
 1451 0031 0B       		.uleb128 0xb
 1452 0032 3B       		.uleb128 0x3b
 1453 0033 0B       		.uleb128 0xb
 1454 0034 49       		.uleb128 0x49
 1455 0035 13       		.uleb128 0x13
 1456 0036 00       		.byte	0x0
 1457 0037 00       		.byte	0x0
 1458 0038 05       		.uleb128 0x5
 1459 0039 13       		.uleb128 0x13
 1460 003a 01       		.byte	0x1
 1461 003b 03       		.uleb128 0x3
 1462 003c 0E       		.uleb128 0xe
 1463 003d 0B       		.uleb128 0xb
 1464 003e 0B       		.uleb128 0xb
 1465 003f 3A       		.uleb128 0x3a
ARM GAS  /tmp/ccMybjay.s 			page 27


 1466 0040 0B       		.uleb128 0xb
 1467 0041 3B       		.uleb128 0x3b
 1468 0042 0B       		.uleb128 0xb
 1469 0043 01       		.uleb128 0x1
 1470 0044 13       		.uleb128 0x13
 1471 0045 00       		.byte	0x0
 1472 0046 00       		.byte	0x0
 1473 0047 06       		.uleb128 0x6
 1474 0048 0D       		.uleb128 0xd
 1475 0049 00       		.byte	0x0
 1476 004a 03       		.uleb128 0x3
 1477 004b 0E       		.uleb128 0xe
 1478 004c 3A       		.uleb128 0x3a
 1479 004d 0B       		.uleb128 0xb
 1480 004e 3B       		.uleb128 0x3b
 1481 004f 0B       		.uleb128 0xb
 1482 0050 49       		.uleb128 0x49
 1483 0051 13       		.uleb128 0x13
 1484 0052 38       		.uleb128 0x38
 1485 0053 0A       		.uleb128 0xa
 1486 0054 00       		.byte	0x0
 1487 0055 00       		.byte	0x0
 1488 0056 07       		.uleb128 0x7
 1489 0057 0D       		.uleb128 0xd
 1490 0058 00       		.byte	0x0
 1491 0059 03       		.uleb128 0x3
 1492 005a 08       		.uleb128 0x8
 1493 005b 3A       		.uleb128 0x3a
 1494 005c 0B       		.uleb128 0xb
 1495 005d 3B       		.uleb128 0x3b
 1496 005e 0B       		.uleb128 0xb
 1497 005f 49       		.uleb128 0x49
 1498 0060 13       		.uleb128 0x13
 1499 0061 38       		.uleb128 0x38
 1500 0062 0A       		.uleb128 0xa
 1501 0063 00       		.byte	0x0
 1502 0064 00       		.byte	0x0
 1503 0065 08       		.uleb128 0x8
 1504 0066 13       		.uleb128 0x13
 1505 0067 01       		.byte	0x1
 1506 0068 0B       		.uleb128 0xb
 1507 0069 0B       		.uleb128 0xb
 1508 006a 3A       		.uleb128 0x3a
 1509 006b 0B       		.uleb128 0xb
 1510 006c 3B       		.uleb128 0x3b
 1511 006d 0B       		.uleb128 0xb
 1512 006e 01       		.uleb128 0x1
 1513 006f 13       		.uleb128 0x13
 1514 0070 00       		.byte	0x0
 1515 0071 00       		.byte	0x0
 1516 0072 09       		.uleb128 0x9
 1517 0073 0F       		.uleb128 0xf
 1518 0074 00       		.byte	0x0
 1519 0075 0B       		.uleb128 0xb
 1520 0076 0B       		.uleb128 0xb
 1521 0077 49       		.uleb128 0x49
 1522 0078 13       		.uleb128 0x13
ARM GAS  /tmp/ccMybjay.s 			page 28


 1523 0079 00       		.byte	0x0
 1524 007a 00       		.byte	0x0
 1525 007b 0A       		.uleb128 0xa
 1526 007c 0F       		.uleb128 0xf
 1527 007d 00       		.byte	0x0
 1528 007e 0B       		.uleb128 0xb
 1529 007f 0B       		.uleb128 0xb
 1530 0080 00       		.byte	0x0
 1531 0081 00       		.byte	0x0
 1532 0082 0B       		.uleb128 0xb
 1533 0083 0D       		.uleb128 0xd
 1534 0084 00       		.byte	0x0
 1535 0085 03       		.uleb128 0x3
 1536 0086 08       		.uleb128 0x8
 1537 0087 3A       		.uleb128 0x3a
 1538 0088 0B       		.uleb128 0xb
 1539 0089 3B       		.uleb128 0x3b
 1540 008a 05       		.uleb128 0x5
 1541 008b 49       		.uleb128 0x49
 1542 008c 13       		.uleb128 0x13
 1543 008d 38       		.uleb128 0x38
 1544 008e 0A       		.uleb128 0xa
 1545 008f 00       		.byte	0x0
 1546 0090 00       		.byte	0x0
 1547 0091 0C       		.uleb128 0xc
 1548 0092 13       		.uleb128 0x13
 1549 0093 01       		.byte	0x1
 1550 0094 03       		.uleb128 0x3
 1551 0095 0E       		.uleb128 0xe
 1552 0096 0B       		.uleb128 0xb
 1553 0097 0B       		.uleb128 0xb
 1554 0098 3A       		.uleb128 0x3a
 1555 0099 0B       		.uleb128 0xb
 1556 009a 3B       		.uleb128 0x3b
 1557 009b 05       		.uleb128 0x5
 1558 009c 01       		.uleb128 0x1
 1559 009d 13       		.uleb128 0x13
 1560 009e 00       		.byte	0x0
 1561 009f 00       		.byte	0x0
 1562 00a0 0D       		.uleb128 0xd
 1563 00a1 35       		.uleb128 0x35
 1564 00a2 00       		.byte	0x0
 1565 00a3 49       		.uleb128 0x49
 1566 00a4 13       		.uleb128 0x13
 1567 00a5 00       		.byte	0x0
 1568 00a6 00       		.byte	0x0
 1569 00a7 0E       		.uleb128 0xe
 1570 00a8 17       		.uleb128 0x17
 1571 00a9 01       		.byte	0x1
 1572 00aa 0B       		.uleb128 0xb
 1573 00ab 0B       		.uleb128 0xb
 1574 00ac 3A       		.uleb128 0x3a
 1575 00ad 0B       		.uleb128 0xb
 1576 00ae 3B       		.uleb128 0x3b
 1577 00af 0B       		.uleb128 0xb
 1578 00b0 01       		.uleb128 0x1
 1579 00b1 13       		.uleb128 0x13
ARM GAS  /tmp/ccMybjay.s 			page 29


 1580 00b2 00       		.byte	0x0
 1581 00b3 00       		.byte	0x0
 1582 00b4 0F       		.uleb128 0xf
 1583 00b5 0D       		.uleb128 0xd
 1584 00b6 00       		.byte	0x0
 1585 00b7 03       		.uleb128 0x3
 1586 00b8 0E       		.uleb128 0xe
 1587 00b9 3A       		.uleb128 0x3a
 1588 00ba 0B       		.uleb128 0xb
 1589 00bb 3B       		.uleb128 0x3b
 1590 00bc 0B       		.uleb128 0xb
 1591 00bd 49       		.uleb128 0x49
 1592 00be 13       		.uleb128 0x13
 1593 00bf 00       		.byte	0x0
 1594 00c0 00       		.byte	0x0
 1595 00c1 10       		.uleb128 0x10
 1596 00c2 26       		.uleb128 0x26
 1597 00c3 00       		.byte	0x0
 1598 00c4 49       		.uleb128 0x49
 1599 00c5 13       		.uleb128 0x13
 1600 00c6 00       		.byte	0x0
 1601 00c7 00       		.byte	0x0
 1602 00c8 11       		.uleb128 0x11
 1603 00c9 13       		.uleb128 0x13
 1604 00ca 01       		.byte	0x1
 1605 00cb 0B       		.uleb128 0xb
 1606 00cc 0B       		.uleb128 0xb
 1607 00cd 3A       		.uleb128 0x3a
 1608 00ce 0B       		.uleb128 0xb
 1609 00cf 3B       		.uleb128 0x3b
 1610 00d0 05       		.uleb128 0x5
 1611 00d1 01       		.uleb128 0x1
 1612 00d2 13       		.uleb128 0x13
 1613 00d3 00       		.byte	0x0
 1614 00d4 00       		.byte	0x0
 1615 00d5 12       		.uleb128 0x12
 1616 00d6 0D       		.uleb128 0xd
 1617 00d7 00       		.byte	0x0
 1618 00d8 03       		.uleb128 0x3
 1619 00d9 0E       		.uleb128 0xe
 1620 00da 3A       		.uleb128 0x3a
 1621 00db 0B       		.uleb128 0xb
 1622 00dc 3B       		.uleb128 0x3b
 1623 00dd 05       		.uleb128 0x5
 1624 00de 49       		.uleb128 0x49
 1625 00df 13       		.uleb128 0x13
 1626 00e0 38       		.uleb128 0x38
 1627 00e1 0A       		.uleb128 0xa
 1628 00e2 00       		.byte	0x0
 1629 00e3 00       		.byte	0x0
 1630 00e4 13       		.uleb128 0x13
 1631 00e5 16       		.uleb128 0x16
 1632 00e6 00       		.byte	0x0
 1633 00e7 03       		.uleb128 0x3
 1634 00e8 0E       		.uleb128 0xe
 1635 00e9 3A       		.uleb128 0x3a
 1636 00ea 0B       		.uleb128 0xb
ARM GAS  /tmp/ccMybjay.s 			page 30


 1637 00eb 3B       		.uleb128 0x3b
 1638 00ec 05       		.uleb128 0x5
 1639 00ed 49       		.uleb128 0x49
 1640 00ee 13       		.uleb128 0x13
 1641 00ef 00       		.byte	0x0
 1642 00f0 00       		.byte	0x0
 1643 00f1 14       		.uleb128 0x14
 1644 00f2 2E       		.uleb128 0x2e
 1645 00f3 01       		.byte	0x1
 1646 00f4 03       		.uleb128 0x3
 1647 00f5 0E       		.uleb128 0xe
 1648 00f6 3A       		.uleb128 0x3a
 1649 00f7 0B       		.uleb128 0xb
 1650 00f8 3B       		.uleb128 0x3b
 1651 00f9 0B       		.uleb128 0xb
 1652 00fa 27       		.uleb128 0x27
 1653 00fb 0C       		.uleb128 0xc
 1654 00fc 49       		.uleb128 0x49
 1655 00fd 13       		.uleb128 0x13
 1656 00fe 11       		.uleb128 0x11
 1657 00ff 01       		.uleb128 0x1
 1658 0100 12       		.uleb128 0x12
 1659 0101 01       		.uleb128 0x1
 1660 0102 40       		.uleb128 0x40
 1661 0103 06       		.uleb128 0x6
 1662 0104 01       		.uleb128 0x1
 1663 0105 13       		.uleb128 0x13
 1664 0106 00       		.byte	0x0
 1665 0107 00       		.byte	0x0
 1666 0108 15       		.uleb128 0x15
 1667 0109 05       		.uleb128 0x5
 1668 010a 00       		.byte	0x0
 1669 010b 03       		.uleb128 0x3
 1670 010c 08       		.uleb128 0x8
 1671 010d 3A       		.uleb128 0x3a
 1672 010e 0B       		.uleb128 0xb
 1673 010f 3B       		.uleb128 0x3b
 1674 0110 0B       		.uleb128 0xb
 1675 0111 49       		.uleb128 0x49
 1676 0112 13       		.uleb128 0x13
 1677 0113 02       		.uleb128 0x2
 1678 0114 0A       		.uleb128 0xa
 1679 0115 00       		.byte	0x0
 1680 0116 00       		.byte	0x0
 1681 0117 16       		.uleb128 0x16
 1682 0118 0B       		.uleb128 0xb
 1683 0119 01       		.byte	0x1
 1684 011a 11       		.uleb128 0x11
 1685 011b 01       		.uleb128 0x1
 1686 011c 12       		.uleb128 0x12
 1687 011d 01       		.uleb128 0x1
 1688 011e 00       		.byte	0x0
 1689 011f 00       		.byte	0x0
 1690 0120 17       		.uleb128 0x17
 1691 0121 34       		.uleb128 0x34
 1692 0122 00       		.byte	0x0
 1693 0123 03       		.uleb128 0x3
ARM GAS  /tmp/ccMybjay.s 			page 31


 1694 0124 08       		.uleb128 0x8
 1695 0125 3A       		.uleb128 0x3a
 1696 0126 0B       		.uleb128 0xb
 1697 0127 3B       		.uleb128 0x3b
 1698 0128 0B       		.uleb128 0xb
 1699 0129 49       		.uleb128 0x49
 1700 012a 13       		.uleb128 0x13
 1701 012b 02       		.uleb128 0x2
 1702 012c 0A       		.uleb128 0xa
 1703 012d 00       		.byte	0x0
 1704 012e 00       		.byte	0x0
 1705 012f 18       		.uleb128 0x18
 1706 0130 2E       		.uleb128 0x2e
 1707 0131 00       		.byte	0x0
 1708 0132 3F       		.uleb128 0x3f
 1709 0133 0C       		.uleb128 0xc
 1710 0134 03       		.uleb128 0x3
 1711 0135 0E       		.uleb128 0xe
 1712 0136 3A       		.uleb128 0x3a
 1713 0137 0B       		.uleb128 0xb
 1714 0138 3B       		.uleb128 0x3b
 1715 0139 0B       		.uleb128 0xb
 1716 013a 27       		.uleb128 0x27
 1717 013b 0C       		.uleb128 0xc
 1718 013c 11       		.uleb128 0x11
 1719 013d 01       		.uleb128 0x1
 1720 013e 12       		.uleb128 0x12
 1721 013f 01       		.uleb128 0x1
 1722 0140 40       		.uleb128 0x40
 1723 0141 06       		.uleb128 0x6
 1724 0142 00       		.byte	0x0
 1725 0143 00       		.byte	0x0
 1726 0144 19       		.uleb128 0x19
 1727 0145 2E       		.uleb128 0x2e
 1728 0146 01       		.byte	0x1
 1729 0147 3F       		.uleb128 0x3f
 1730 0148 0C       		.uleb128 0xc
 1731 0149 03       		.uleb128 0x3
 1732 014a 0E       		.uleb128 0xe
 1733 014b 3A       		.uleb128 0x3a
 1734 014c 0B       		.uleb128 0xb
 1735 014d 3B       		.uleb128 0x3b
 1736 014e 0B       		.uleb128 0xb
 1737 014f 27       		.uleb128 0x27
 1738 0150 0C       		.uleb128 0xc
 1739 0151 11       		.uleb128 0x11
 1740 0152 01       		.uleb128 0x1
 1741 0153 12       		.uleb128 0x12
 1742 0154 01       		.uleb128 0x1
 1743 0155 40       		.uleb128 0x40
 1744 0156 06       		.uleb128 0x6
 1745 0157 01       		.uleb128 0x1
 1746 0158 13       		.uleb128 0x13
 1747 0159 00       		.byte	0x0
 1748 015a 00       		.byte	0x0
 1749 015b 1A       		.uleb128 0x1a
 1750 015c 34       		.uleb128 0x34
ARM GAS  /tmp/ccMybjay.s 			page 32


 1751 015d 00       		.byte	0x0
 1752 015e 03       		.uleb128 0x3
 1753 015f 0E       		.uleb128 0xe
 1754 0160 3A       		.uleb128 0x3a
 1755 0161 0B       		.uleb128 0xb
 1756 0162 3B       		.uleb128 0x3b
 1757 0163 0B       		.uleb128 0xb
 1758 0164 49       		.uleb128 0x49
 1759 0165 13       		.uleb128 0x13
 1760 0166 3F       		.uleb128 0x3f
 1761 0167 0C       		.uleb128 0xc
 1762 0168 3C       		.uleb128 0x3c
 1763 0169 0C       		.uleb128 0xc
 1764 016a 00       		.byte	0x0
 1765 016b 00       		.byte	0x0
 1766 016c 1B       		.uleb128 0x1b
 1767 016d 34       		.uleb128 0x34
 1768 016e 00       		.byte	0x0
 1769 016f 03       		.uleb128 0x3
 1770 0170 0E       		.uleb128 0xe
 1771 0171 3A       		.uleb128 0x3a
 1772 0172 0B       		.uleb128 0xb
 1773 0173 3B       		.uleb128 0x3b
 1774 0174 05       		.uleb128 0x5
 1775 0175 49       		.uleb128 0x49
 1776 0176 13       		.uleb128 0x13
 1777 0177 3F       		.uleb128 0x3f
 1778 0178 0C       		.uleb128 0xc
 1779 0179 3C       		.uleb128 0x3c
 1780 017a 0C       		.uleb128 0xc
 1781 017b 00       		.byte	0x0
 1782 017c 00       		.byte	0x0
 1783 017d 1C       		.uleb128 0x1c
 1784 017e 34       		.uleb128 0x34
 1785 017f 00       		.byte	0x0
 1786 0180 03       		.uleb128 0x3
 1787 0181 0E       		.uleb128 0xe
 1788 0182 3A       		.uleb128 0x3a
 1789 0183 0B       		.uleb128 0xb
 1790 0184 3B       		.uleb128 0x3b
 1791 0185 0B       		.uleb128 0xb
 1792 0186 49       		.uleb128 0x49
 1793 0187 13       		.uleb128 0x13
 1794 0188 02       		.uleb128 0x2
 1795 0189 0A       		.uleb128 0xa
 1796 018a 00       		.byte	0x0
 1797 018b 00       		.byte	0x0
 1798 018c 1D       		.uleb128 0x1d
 1799 018d 01       		.uleb128 0x1
 1800 018e 01       		.byte	0x1
 1801 018f 49       		.uleb128 0x49
 1802 0190 13       		.uleb128 0x13
 1803 0191 01       		.uleb128 0x1
 1804 0192 13       		.uleb128 0x13
 1805 0193 00       		.byte	0x0
 1806 0194 00       		.byte	0x0
 1807 0195 1E       		.uleb128 0x1e
ARM GAS  /tmp/ccMybjay.s 			page 33


 1808 0196 21       		.uleb128 0x21
 1809 0197 00       		.byte	0x0
 1810 0198 49       		.uleb128 0x49
 1811 0199 13       		.uleb128 0x13
 1812 019a 2F       		.uleb128 0x2f
 1813 019b 0B       		.uleb128 0xb
 1814 019c 00       		.byte	0x0
 1815 019d 00       		.byte	0x0
 1816 019e 00       		.byte	0x0
 1817              		.section	.debug_pubnames,"",%progbits
 1818 0000 5D000000 		.4byte	0x5d
 1819 0004 0200     		.2byte	0x2
 1820 0006 00000000 		.4byte	.Ldebug_info0
 1821 000a 3B060000 		.4byte	0x63b
 1822 000e 0C050000 		.4byte	0x50c
 1823 0012 696E6974 		.ascii	"initLed\000"
 1823      4C656400 
 1824 001a 21050000 		.4byte	0x521
 1825 001e 7365744C 		.ascii	"setLeds\000"
 1825      65647300 
 1826 0026 49050000 		.4byte	0x549
 1827 002a 746F6767 		.ascii	"toggleLeds\000"
 1827      6C654C65 
 1827      647300
 1828 0035 71050000 		.4byte	0x571
 1829 0039 746F6767 		.ascii	"toggleLedsImmediate\000"
 1829      6C654C65 
 1829      6473496D 
 1829      6D656469 
 1829      61746500 
 1830 004d 99050000 		.4byte	0x599
 1831 0051 746F6767 		.ascii	"toggleLedsI\000"
 1831      6C654C65 
 1831      64734900 
 1832 005d 00000000 		.4byte	0x0
 1833              		.section	.debug_pubtypes,"",%progbits
 1834 0000 45010000 		.4byte	0x145
 1835 0004 0200     		.2byte	0x2
 1836 0006 00000000 		.4byte	.Ldebug_info0
 1837 000a 3B060000 		.4byte	0x63b
 1838 000e 3E000000 		.4byte	0x3e
 1839 0012 75696E74 		.ascii	"uint8_t\000"
 1839      385F7400 
 1840 001a 5E000000 		.4byte	0x5e
 1841 001e 696E7433 		.ascii	"int32_t\000"
 1841      325F7400 
 1842 0026 70000000 		.4byte	0x70
 1843 002a 75696E74 		.ascii	"uint32_t\000"
 1843      33325F74 
 1843      00
 1844 0033 89000000 		.4byte	0x89
 1845 0037 75696E74 		.ascii	"uint64_t\000"
 1845      36345F74 
 1845      00
 1846 0040 9B000000 		.4byte	0x9b
 1847 0044 746D6F64 		.ascii	"tmode_t\000"
 1847      655F7400 
ARM GAS  /tmp/ccMybjay.s 			page 34


 1848 004c A6000000 		.4byte	0xa6
 1849 0050 74737461 		.ascii	"tstate_t\000"
 1849      74655F74 
 1849      00
 1850 0059 B1000000 		.4byte	0xb1
 1851 005d 74707269 		.ascii	"tprio_t\000"
 1851      6F5F7400 
 1852 0065 BC000000 		.4byte	0xbc
 1853 0069 6D73675F 		.ascii	"msg_t\000"
 1853      7400
 1854 006f C7000000 		.4byte	0xc7
 1855 0073 6576656E 		.ascii	"eventmask_t\000"
 1855      746D6173 
 1855      6B5F7400 
 1856 007f D2000000 		.4byte	0xd2
 1857 0083 73797374 		.ascii	"systime_t\000"
 1857      696D655F 
 1857      7400
 1858 008d DD000000 		.4byte	0xdd
 1859 0091 636E745F 		.ascii	"cnt_t\000"
 1859      7400
 1860 0097 E8000000 		.4byte	0xe8
 1861 009b 54687265 		.ascii	"Thread\000"
 1861      616400
 1862 00a2 27020000 		.4byte	0x227
 1863 00a6 54687265 		.ascii	"ThreadsQueue\000"
 1863      61647351 
 1863      75657565 
 1863      00
 1864 00b3 49020000 		.4byte	0x249
 1865 00b7 54687265 		.ascii	"ThreadsList\000"
 1865      6164734C 
 1865      69737400 
 1866 00c3 54020000 		.4byte	0x254
 1867 00c7 72656761 		.ascii	"regarm_t\000"
 1867      726D5F74 
 1867      00
 1868 00d0 61020000 		.4byte	0x261
 1869 00d4 73746B61 		.ascii	"stkalign_t\000"
 1869      6C69676E 
 1869      5F7400
 1870 00df 6C020000 		.4byte	0x26c
 1871 00e3 696E7463 		.ascii	"intctx\000"
 1871      747800
 1872 00ea F9020000 		.4byte	0x2f9
 1873 00ee 636F6E74 		.ascii	"context\000"
 1873      65787400 
 1874 00f6 91030000 		.4byte	0x391
 1875 00fa 52656164 		.ascii	"ReadyList\000"
 1875      794C6973 
 1875      7400
 1876 0104 9C030000 		.4byte	0x39c
 1877 0108 4D757465 		.ascii	"Mutex\000"
 1877      7800
 1878 010e D9030000 		.4byte	0x3d9
 1879 0112 4D757465 		.ascii	"Mutex\000"
 1879      7800
ARM GAS  /tmp/ccMybjay.s 			page 35


 1880 0118 F3000000 		.4byte	0xf3
 1881 011c 54687265 		.ascii	"Thread\000"
 1881      616400
 1882 0123 AF040000 		.4byte	0x4af
 1883 0127 4750494F 		.ascii	"GPIO_TypeDef\000"
 1883      5F547970 
 1883      65446566 
 1883      00
 1884 0134 BB040000 		.4byte	0x4bb
 1885 0138 696F706F 		.ascii	"ioportmask_t\000"
 1885      72746D61 
 1885      736B5F74 
 1885      00
 1886 0145 00000000 		.4byte	0x0
 1887              		.section	.debug_aranges,"",%progbits
 1888 0000 44000000 		.4byte	0x44
 1889 0004 0200     		.2byte	0x2
 1890 0006 00000000 		.4byte	.Ldebug_info0
 1891 000a 04       		.byte	0x4
 1892 000b 00       		.byte	0x0
 1893 000c 0000     		.2byte	0x0
 1894 000e 0000     		.2byte	0x0
 1895 0010 00000000 		.4byte	.LFB62
 1896 0014 B0000000 		.4byte	.LFE62-.LFB62
 1897 0018 00000000 		.4byte	.LFB63
 1898 001c 7C000000 		.4byte	.LFE63-.LFB63
 1899 0020 00000000 		.4byte	.LFB64
 1900 0024 24000000 		.4byte	.LFE64-.LFB64
 1901 0028 00000000 		.4byte	.LFB65
 1902 002c 40000000 		.4byte	.LFE65-.LFB65
 1903 0030 00000000 		.4byte	.LFB66
 1904 0034 54000000 		.4byte	.LFE66-.LFB66
 1905 0038 00000000 		.4byte	.LFB67
 1906 003c 54000000 		.4byte	.LFE67-.LFB67
 1907 0040 00000000 		.4byte	0x0
 1908 0044 00000000 		.4byte	0x0
 1909              		.section	.debug_ranges,"",%progbits
 1910              	.Ldebug_ranges0:
 1911 0000 00000000 		.4byte	.LFB62
 1912 0004 B0000000 		.4byte	.LFE62
 1913 0008 00000000 		.4byte	.LFB63
 1914 000c 7C000000 		.4byte	.LFE63
 1915 0010 00000000 		.4byte	.LFB64
 1916 0014 24000000 		.4byte	.LFE64
 1917 0018 00000000 		.4byte	.LFB65
 1918 001c 40000000 		.4byte	.LFE65
 1919 0020 00000000 		.4byte	.LFB66
 1920 0024 54000000 		.4byte	.LFE66
 1921 0028 00000000 		.4byte	.LFB67
 1922 002c 54000000 		.4byte	.LFE67
 1923 0030 00000000 		.4byte	0x0
 1924 0034 00000000 		.4byte	0x0
 1925              		.section	.debug_str,"MS",%progbits,1
 1926              	.LASF63:
 1927 0000 4750494F 		.ascii	"GPIO_TypeDef\000"
 1927      5F547970 
 1927      65446566 
ARM GAS  /tmp/ccMybjay.s 			page 36


 1927      00
 1928              	.LASF11:
 1929 000d 75696E74 		.ascii	"uint64_t\000"
 1929      36345F74 
 1929      00
 1930              	.LASF39:
 1931 0016 54687265 		.ascii	"ThreadsList\000"
 1931      6164734C 
 1931      69737400 
 1932              	.LASF3:
 1933 0022 73686F72 		.ascii	"short int\000"
 1933      7420696E 
 1933      7400
 1934              	.LASF44:
 1935 002c 725F7175 		.ascii	"r_queue\000"
 1935      65756500 
 1936              	.LASF35:
 1937 0034 705F6570 		.ascii	"p_epending\000"
 1937      656E6469 
 1937      6E6700
 1938              	.LASF51:
 1939 003f 52656164 		.ascii	"ReadyList\000"
 1939      794C6973 
 1939      7400
 1940              	.LASF28:
 1941 0049 705F7374 		.ascii	"p_stklimit\000"
 1941      6B6C696D 
 1941      697400
 1942              	.LASF22:
 1943 0054 705F7072 		.ascii	"p_prev\000"
 1943      657600
 1944              	.LASF46:
 1945 005b 725F6374 		.ascii	"r_ctx\000"
 1945      7800
 1946              	.LASF76:
 1947 0061 2F686F6D 		.ascii	"/home/z80/projects/voltamper.git/firmware/voltamp\000"
 1947      652F7A38 
 1947      302F7072 
 1947      6F6A6563 
 1947      74732F76 
 1948              	.LASF17:
 1949 0093 6576656E 		.ascii	"eventmask_t\000"
 1949      746D6173 
 1949      6B5F7400 
 1950              	.LASF33:
 1951 009f 705F6D73 		.ascii	"p_msgqueue\000"
 1951      67717565 
 1951      756500
 1952              	.LASF23:
 1953 00aa 705F7072 		.ascii	"p_prio\000"
 1953      696F00
 1954              	.LASF21:
 1955 00b1 705F6E65 		.ascii	"p_next\000"
 1955      787400
 1956              	.LASF73:
 1957 00b8 77614C65 		.ascii	"waLeds\000"
 1957      647300
ARM GAS  /tmp/ccMybjay.s 			page 37


 1958              	.LASF55:
 1959 00bf 6D5F6E65 		.ascii	"m_next\000"
 1959      787400
 1960              	.LASF72:
 1961 00c6 76616C75 		.ascii	"value\000"
 1961      6500
 1962              	.LASF40:
 1963 00cc 72656761 		.ascii	"regarm_t\000"
 1963      726D5F74 
 1963      00
 1964              	.LASF5:
 1965 00d5 75696E74 		.ascii	"uint8_t\000"
 1965      385F7400 
 1966              	.LASF64:
 1967 00dd 696F706F 		.ascii	"ioportmask_t\000"
 1967      72746D61 
 1967      736B5F74 
 1967      00
 1968              	.LASF31:
 1969 00ea 705F7469 		.ascii	"p_time\000"
 1969      6D6500
 1970              	.LASF13:
 1971 00f1 746D6F64 		.ascii	"tmode_t\000"
 1971      655F7400 
 1972              	.LASF10:
 1973 00f9 6C6F6E67 		.ascii	"long long int\000"
 1973      206C6F6E 
 1973      6720696E 
 1973      7400
 1974              	.LASF15:
 1975 0107 74707269 		.ascii	"tprio_t\000"
 1975      6F5F7400 
 1976              	.LASF52:
 1977 010f 4D757465 		.ascii	"Mutex\000"
 1977      7800
 1978              	.LASF7:
 1979 0115 6C6F6E67 		.ascii	"long int\000"
 1979      20696E74 
 1979      00
 1980              	.LASF61:
 1981 011e 42535252 		.ascii	"BSRR\000"
 1981      00
 1982              	.LASF53:
 1983 0123 6D5F7175 		.ascii	"m_queue\000"
 1983      65756500 
 1984              	.LASF43:
 1985 012b 636F6E74 		.ascii	"context\000"
 1985      65787400 
 1986              	.LASF67:
 1987 0133 746F6767 		.ascii	"toggleLedsImmediate\000"
 1987      6C654C65 
 1987      6473496D 
 1987      6D656469 
 1987      61746500 
 1988              	.LASF50:
 1989 0147 725F6375 		.ascii	"r_current\000"
 1989      7272656E 
ARM GAS  /tmp/ccMybjay.s 			page 38


 1989      7400
 1990              	.LASF34:
 1991 0151 705F6D73 		.ascii	"p_msg\000"
 1991      6700
 1992              	.LASF2:
 1993 0157 756E7369 		.ascii	"unsigned char\000"
 1993      676E6564 
 1993      20636861 
 1993      7200
 1994              	.LASF59:
 1995 0165 65776D61 		.ascii	"ewmask\000"
 1995      736B00
 1996              	.LASF1:
 1997 016c 7369676E 		.ascii	"signed char\000"
 1997      65642063 
 1997      68617200 
 1998              	.LASF25:
 1999 0178 705F6E65 		.ascii	"p_newer\000"
 1999      77657200 
 2000              	.LASF12:
 2001 0180 6C6F6E67 		.ascii	"long long unsigned int\000"
 2001      206C6F6E 
 2001      6720756E 
 2001      7369676E 
 2001      65642069 
 2002              	.LASF77:
 2003 0197 6C656473 		.ascii	"ledsThread\000"
 2003      54687265 
 2003      616400
 2004              	.LASF8:
 2005 01a2 75696E74 		.ascii	"uint32_t\000"
 2005      33325F74 
 2005      00
 2006              	.LASF0:
 2007 01ab 756E7369 		.ascii	"unsigned int\000"
 2007      676E6564 
 2007      20696E74 
 2007      00
 2008              	.LASF65:
 2009 01b8 7365744C 		.ascii	"setLeds\000"
 2009      65647300 
 2010              	.LASF78:
 2011 01c0 696E6974 		.ascii	"initLed\000"
 2011      4C656400 
 2012              	.LASF71:
 2013 01c8 6D757465 		.ascii	"mutex\000"
 2013      7800
 2014              	.LASF47:
 2015 01ce 725F6E65 		.ascii	"r_newer\000"
 2015      77657200 
 2016              	.LASF30:
 2017 01d6 705F666C 		.ascii	"p_flags\000"
 2017      61677300 
 2018              	.LASF37:
 2019 01de 705F7265 		.ascii	"p_realprio\000"
 2019      616C7072 
 2019      696F00
ARM GAS  /tmp/ccMybjay.s 			page 39


 2020              	.LASF18:
 2021 01e9 73797374 		.ascii	"systime_t\000"
 2021      696D655F 
 2021      7400
 2022              	.LASF69:
 2023 01f3 726C6973 		.ascii	"rlist\000"
 2023      7400
 2024              	.LASF60:
 2025 01f9 63686172 		.ascii	"char\000"
 2025      00
 2026              	.LASF27:
 2027 01fe 705F6E61 		.ascii	"p_name\000"
 2027      6D6500
 2028              	.LASF6:
 2029 0205 696E7433 		.ascii	"int32_t\000"
 2029      325F7400 
 2030              	.LASF45:
 2031 020d 725F7072 		.ascii	"r_prio\000"
 2031      696F00
 2032              	.LASF19:
 2033 0214 636E745F 		.ascii	"cnt_t\000"
 2033      7400
 2034              	.LASF4:
 2035 021a 73686F72 		.ascii	"short unsigned int\000"
 2035      7420756E 
 2035      7369676E 
 2035      65642069 
 2035      6E7400
 2036              	.LASF29:
 2037 022d 705F7374 		.ascii	"p_state\000"
 2037      61746500 
 2038              	.LASF38:
 2039 0235 54687265 		.ascii	"ThreadsQueue\000"
 2039      61647351 
 2039      75657565 
 2039      00
 2040              	.LASF49:
 2041 0242 725F7072 		.ascii	"r_preempt\000"
 2041      65656D70 
 2041      7400
 2042              	.LASF32:
 2043 024c 705F7761 		.ascii	"p_waiting\000"
 2043      6974696E 
 2043      6700
 2044              	.LASF36:
 2045 0256 705F6D74 		.ascii	"p_mtxlist\000"
 2045      786C6973 
 2045      7400
 2046              	.LASF42:
 2047 0260 696E7463 		.ascii	"intctx\000"
 2047      747800
 2048              	.LASF9:
 2049 0267 6C6F6E67 		.ascii	"long unsigned int\000"
 2049      20756E73 
 2049      69676E65 
 2049      6420696E 
 2049      7400
ARM GAS  /tmp/ccMybjay.s 			page 40


 2050              	.LASF68:
 2051 0279 746F6767 		.ascii	"toggleLedsI\000"
 2051      6C654C65 
 2051      64734900 
 2052              	.LASF74:
 2053 0285 474E5520 		.ascii	"GNU C 4.5.2\000"
 2053      4320342E 
 2053      352E3200 
 2054              	.LASF20:
 2055 0291 54687265 		.ascii	"Thread\000"
 2055      616400
 2056              	.LASF58:
 2057 0298 77746F62 		.ascii	"wtobjp\000"
 2057      6A7000
 2058              	.LASF14:
 2059 029f 74737461 		.ascii	"tstate_t\000"
 2059      74655F74 
 2059      00
 2060              	.LASF41:
 2061 02a8 73746B61 		.ascii	"stkalign_t\000"
 2061      6C69676E 
 2061      5F7400
 2062              	.LASF57:
 2063 02b3 65786974 		.ascii	"exitcode\000"
 2063      636F6465 
 2063      00
 2064              	.LASF75:
 2065 02bc 2E2F7372 		.ascii	"./src/led_ctrl.c\000"
 2065      632F6C65 
 2065      645F6374 
 2065      726C2E63 
 2065      00
 2066              	.LASF26:
 2067 02cd 705F6F6C 		.ascii	"p_older\000"
 2067      64657200 
 2068              	.LASF24:
 2069 02d5 705F6374 		.ascii	"p_ctx\000"
 2069      7800
 2070              	.LASF70:
 2071 02db 49544D5F 		.ascii	"ITM_RxBuffer\000"
 2071      52784275 
 2071      66666572 
 2071      00
 2072              	.LASF66:
 2073 02e8 746F6767 		.ascii	"toggleLeds\000"
 2073      6C654C65 
 2073      647300
 2074              	.LASF54:
 2075 02f3 6D5F6F77 		.ascii	"m_owner\000"
 2075      6E657200 
 2076              	.LASF62:
 2077 02fb 4C434B52 		.ascii	"LCKR\000"
 2077      00
 2078              	.LASF56:
 2079 0300 7264796D 		.ascii	"rdymsg\000"
 2079      736700
 2080              	.LASF16:
ARM GAS  /tmp/ccMybjay.s 			page 41


 2081 0307 6D73675F 		.ascii	"msg_t\000"
 2081      7400
 2082              	.LASF48:
 2083 030d 725F6F6C 		.ascii	"r_older\000"
 2083      64657200 
 2084              		.ident	"GCC: (Sourcery G++ Lite 2011.03-42) 4.5.2"
ARM GAS  /tmp/ccMybjay.s 			page 42


DEFINED SYMBOLS
                            *ABS*:00000000 led_ctrl.c
     /tmp/ccMybjay.s:24     .bss.mutex:00000000 $d
     /tmp/ccMybjay.s:27     .bss.mutex:00000000 mutex
     /tmp/ccMybjay.s:30     .bss.value:00000000 $d
     /tmp/ccMybjay.s:33     .bss.value:00000000 value
     /tmp/ccMybjay.s:36     .bss.waLeds:00000000 $d
     /tmp/ccMybjay.s:39     .bss.waLeds:00000000 waLeds
     /tmp/ccMybjay.s:42     .rodata:00000000 $d
     /tmp/ccMybjay.s:46     .text.ledsThread:00000000 $t
     /tmp/ccMybjay.s:51     .text.ledsThread:00000000 ledsThread
     /tmp/ccMybjay.s:150    .text.ledsThread:00000094 $d
     /tmp/ccMybjay.s:463    .bss.arg.6003:00000000 arg.6003
     /tmp/ccMybjay.s:161    .text.initLed:00000000 $t
     /tmp/ccMybjay.s:167    .text.initLed:00000000 initLed
     /tmp/ccMybjay.s:224    .text.initLed:00000068 $d
     /tmp/ccMybjay.s:233    .text.setLeds:00000000 $t
     /tmp/ccMybjay.s:239    .text.setLeds:00000000 setLeds
     /tmp/ccMybjay.s:268    .text.setLeds:0000001c $d
     /tmp/ccMybjay.s:274    .text.toggleLeds:00000000 $t
     /tmp/ccMybjay.s:280    .text.toggleLeds:00000000 toggleLeds
     /tmp/ccMybjay.s:322    .text.toggleLeds:00000038 $d
     /tmp/ccMybjay.s:328    .text.toggleLedsImmediate:00000000 $t
     /tmp/ccMybjay.s:334    .text.toggleLedsImmediate:00000000 toggleLedsImmediate
     /tmp/ccMybjay.s:388    .text.toggleLedsImmediate:0000004c $d
     /tmp/ccMybjay.s:394    .text.toggleLedsI:00000000 $t
     /tmp/ccMybjay.s:400    .text.toggleLedsI:00000000 toggleLedsI
     /tmp/ccMybjay.s:454    .text.toggleLedsI:0000004c $d
     /tmp/ccMybjay.s:460    .bss.arg.6003:00000000 $d
                     .debug_frame:00000010 $d
     /tmp/ccMybjay.s:232    .text.initLed:0000007c $t
     /tmp/ccMybjay.s:273    .text.setLeds:00000024 $t
     /tmp/ccMybjay.s:393    .text.toggleLedsImmediate:00000054 $t
     /tmp/ccMybjay.s:459    .text.toggleLedsI:00000054 $t

UNDEFINED SYMBOLS
chMtxLock
chMtxUnlock
chThdSleep
rlist
_pal_lld_setgroupmode
chMtxInit
chThdCreateStatic
