ARM GAS  /tmp/ccb0XphE.s 			page 1


   1              		.syntax unified
   2              		.cpu cortex-m3
   3              		.fpu softvfp
   4              		.eabi_attribute 20, 1
   5              		.eabi_attribute 21, 1
   6              		.eabi_attribute 23, 3
   7              		.eabi_attribute 24, 1
   8              		.eabi_attribute 25, 1
   9              		.eabi_attribute 26, 1
  10              		.eabi_attribute 30, 2
  11              		.eabi_attribute 18, 4
  12              		.thumb
  13              		.file	"main.c"
  14              		.section	.debug_abbrev,"",%progbits
  15              	.Ldebug_abbrev0:
  16              		.section	.debug_info,"",%progbits
  17              	.Ldebug_info0:
  18              		.section	.debug_line,"",%progbits
  19              	.Ldebug_line0:
  20 0000 4C010000 		.text
  20      02001601 
  20      00000201 
  20      FB0E0D00 
  20      01010101 
  21              	.Ltext0:
  22              		.cfi_sections	.debug_frame
  23              		.section	.text.main,"ax",%progbits
  24              		.align	2
  25              		.p2align 4,,15
  26              		.global	main
  27              		.thumb
  28              		.thumb_func
  29              		.type	main, %function
  30              	main:
  31              	.LFB62:
  32              		.file 1 "./src/main.c"
  33              		.loc 1 12 0
  34              		.cfi_startproc
  35              		@ args = 0, pretend = 0, frame = 0
  36              		@ frame_needed = 0, uses_anonymous_args = 0
  37 0000 08B5     		push	{r3, lr}
  38              	.LCFI0:
  39              		.cfi_def_cfa_offset 8
  40              		.loc 1 13 0
  41              		.cfi_offset 14, -4
  42              		.cfi_offset 3, -8
  43 0002 FFF7FEFF 		bl	halInit
  44              		.loc 1 14 0
  45 0006 FFF7FEFF 		bl	chSysInit
  46              		.loc 1 16 0
  47 000a FFF7FEFF 		bl	initLed
  48              	.L2:
  49              		.loc 1 24 0 discriminator 1
  50 000e 0120     		movs	r0, #1
  51 0010 FFF7FEFF 		bl	setLeds
  52              		.loc 1 25 0 discriminator 1
  53 0014 4FF4FA70 		mov	r0, #500
ARM GAS  /tmp/ccb0XphE.s 			page 2


  54 0018 FFF7FEFF 		bl	chThdSleep
  55              		.loc 1 26 0 discriminator 1
  56 001c 0220     		movs	r0, #2
  57 001e FFF7FEFF 		bl	setLeds
  58              		.loc 1 27 0 discriminator 1
  59 0022 4FF4FA70 		mov	r0, #500
  60 0026 FFF7FEFF 		bl	chThdSleep
  61              		.loc 1 28 0 discriminator 1
  62 002a 0420     		movs	r0, #4
  63 002c FFF7FEFF 		bl	setLeds
  64              		.loc 1 29 0 discriminator 1
  65 0030 4FF4FA70 		mov	r0, #500
  66 0034 FFF7FEFF 		bl	chThdSleep
  67 0038 E9E7     		b	.L2
  68              		.cfi_endproc
  69              	.LFE62:
  70              		.size	main, .-main
  71 003a 00BFAFF3 		.text
  71      0080
  72              	.Letext0:
  73              		.section	.debug_loc,"",%progbits
  74              	.Ldebug_loc0:
  75              	.LLST0:
  76 0000 00000000 		.4byte	.LFB62
  77 0004 02000000 		.4byte	.LCFI0
  78 0008 0200     		.2byte	0x2
  79 000a 7D       		.byte	0x7d
  80 000b 00       		.sleb128 0
  81 000c 02000000 		.4byte	.LCFI0
  82 0010 3A000000 		.4byte	.LFE62
  83 0014 0200     		.2byte	0x2
  84 0016 7D       		.byte	0x7d
  85 0017 08       		.sleb128 8
  86 0018 00000000 		.4byte	0x0
  87 001c 00000000 		.4byte	0x0
  88              		.file 2 "/home/z80/programs/code-sourcery/2011.03-42/bin/../lib/gcc/arm-none-eabi/4.5.2/../../../.
  89              		.file 3 "../chibios_2.4.x/os/ports/GCC/ARMCMx/chtypes.h"
  90              		.file 4 "../chibios_2.4.x/os/ports/common/ARMCMx/CMSIS/include/core_cm3.h"
  91              		.section	.debug_info
  92 0000 CE000000 		.4byte	0xce
  93 0004 0200     		.2byte	0x2
  94 0006 00000000 		.4byte	.Ldebug_abbrev0
  95 000a 04       		.byte	0x4
  96 000b 01       		.uleb128 0x1
  97 000c 21000000 		.4byte	.LASF14
  98 0010 01       		.byte	0x1
  99 0011 63000000 		.4byte	.LASF15
 100 0015 AE000000 		.4byte	.LASF16
 101 0019 00000000 		.4byte	0x0
 102 001d 00000000 		.4byte	0x0
 103 0021 00000000 		.4byte	.Ldebug_ranges0+0x0
 104 0025 00000000 		.4byte	.Ldebug_line0
 105 0029 02       		.uleb128 0x2
 106 002a 04       		.byte	0x4
 107 002b 05       		.byte	0x5
 108 002c 696E7400 		.ascii	"int\000"
 109 0030 03       		.uleb128 0x3
ARM GAS  /tmp/ccb0XphE.s 			page 3


 110 0031 04       		.byte	0x4
 111 0032 07       		.byte	0x7
 112 0033 2D000000 		.4byte	.LASF0
 113 0037 03       		.uleb128 0x3
 114 0038 01       		.byte	0x1
 115 0039 06       		.byte	0x6
 116 003a A2000000 		.4byte	.LASF1
 117 003e 03       		.uleb128 0x3
 118 003f 01       		.byte	0x1
 119 0040 08       		.byte	0x8
 120 0041 70000000 		.4byte	.LASF2
 121 0045 03       		.uleb128 0x3
 122 0046 02       		.byte	0x2
 123 0047 05       		.byte	0x5
 124 0048 EA000000 		.4byte	.LASF3
 125 004c 03       		.uleb128 0x3
 126 004d 02       		.byte	0x2
 127 004e 07       		.byte	0x7
 128 004f 0E000000 		.4byte	.LASF4
 129 0053 04       		.uleb128 0x4
 130 0054 F4000000 		.4byte	.LASF6
 131 0058 02       		.byte	0x2
 132 0059 4F       		.byte	0x4f
 133 005a 5E000000 		.4byte	0x5e
 134 005e 03       		.uleb128 0x3
 135 005f 04       		.byte	0x4
 136 0060 05       		.byte	0x5
 137 0061 8C000000 		.4byte	.LASF5
 138 0065 04       		.uleb128 0x4
 139 0066 83000000 		.4byte	.LASF7
 140 006a 02       		.byte	0x2
 141 006b 50       		.byte	0x50
 142 006c 70000000 		.4byte	0x70
 143 0070 03       		.uleb128 0x3
 144 0071 04       		.byte	0x4
 145 0072 07       		.byte	0x7
 146 0073 3A000000 		.4byte	.LASF8
 147 0077 03       		.uleb128 0x3
 148 0078 08       		.byte	0x8
 149 0079 05       		.byte	0x5
 150 007a 00000000 		.4byte	.LASF9
 151 007e 03       		.uleb128 0x3
 152 007f 08       		.byte	0x8
 153 0080 07       		.byte	0x7
 154 0081 4C000000 		.4byte	.LASF10
 155 0085 04       		.uleb128 0x4
 156 0086 E0000000 		.4byte	.LASF11
 157 008a 03       		.byte	0x3
 158 008b 36       		.byte	0x36
 159 008c 65000000 		.4byte	0x65
 160 0090 03       		.uleb128 0x3
 161 0091 01       		.byte	0x1
 162 0092 08       		.byte	0x8
 163 0093 FC000000 		.4byte	.LASF12
 164 0097 05       		.uleb128 0x5
 165 0098 53000000 		.4byte	0x53
 166 009c 06       		.uleb128 0x6
ARM GAS  /tmp/ccb0XphE.s 			page 4


 167 009d 01       		.byte	0x1
 168 009e 7E000000 		.4byte	.LASF17
 169 00a2 01       		.byte	0x1
 170 00a3 0B       		.byte	0xb
 171 00a4 01       		.byte	0x1
 172 00a5 29000000 		.4byte	0x29
 173 00a9 00000000 		.4byte	.LFB62
 174 00ad 3A000000 		.4byte	.LFE62
 175 00b1 00000000 		.4byte	.LLST0
 176 00b5 07       		.uleb128 0x7
 177 00b6 95000000 		.4byte	.LASF13
 178 00ba 04       		.byte	0x4
 179 00bb 9404     		.2byte	0x494
 180 00bd 97000000 		.4byte	0x97
 181 00c1 01       		.byte	0x1
 182 00c2 01       		.byte	0x1
 183 00c3 07       		.uleb128 0x7
 184 00c4 95000000 		.4byte	.LASF13
 185 00c8 04       		.byte	0x4
 186 00c9 9404     		.2byte	0x494
 187 00cb 97000000 		.4byte	0x97
 188 00cf 01       		.byte	0x1
 189 00d0 01       		.byte	0x1
 190 00d1 00       		.byte	0x0
 191              		.section	.debug_abbrev
 192 0000 01       		.uleb128 0x1
 193 0001 11       		.uleb128 0x11
 194 0002 01       		.byte	0x1
 195 0003 25       		.uleb128 0x25
 196 0004 0E       		.uleb128 0xe
 197 0005 13       		.uleb128 0x13
 198 0006 0B       		.uleb128 0xb
 199 0007 03       		.uleb128 0x3
 200 0008 0E       		.uleb128 0xe
 201 0009 1B       		.uleb128 0x1b
 202 000a 0E       		.uleb128 0xe
 203 000b 11       		.uleb128 0x11
 204 000c 01       		.uleb128 0x1
 205 000d 52       		.uleb128 0x52
 206 000e 01       		.uleb128 0x1
 207 000f 55       		.uleb128 0x55
 208 0010 06       		.uleb128 0x6
 209 0011 10       		.uleb128 0x10
 210 0012 06       		.uleb128 0x6
 211 0013 00       		.byte	0x0
 212 0014 00       		.byte	0x0
 213 0015 02       		.uleb128 0x2
 214 0016 24       		.uleb128 0x24
 215 0017 00       		.byte	0x0
 216 0018 0B       		.uleb128 0xb
 217 0019 0B       		.uleb128 0xb
 218 001a 3E       		.uleb128 0x3e
 219 001b 0B       		.uleb128 0xb
 220 001c 03       		.uleb128 0x3
 221 001d 08       		.uleb128 0x8
 222 001e 00       		.byte	0x0
 223 001f 00       		.byte	0x0
ARM GAS  /tmp/ccb0XphE.s 			page 5


 224 0020 03       		.uleb128 0x3
 225 0021 24       		.uleb128 0x24
 226 0022 00       		.byte	0x0
 227 0023 0B       		.uleb128 0xb
 228 0024 0B       		.uleb128 0xb
 229 0025 3E       		.uleb128 0x3e
 230 0026 0B       		.uleb128 0xb
 231 0027 03       		.uleb128 0x3
 232 0028 0E       		.uleb128 0xe
 233 0029 00       		.byte	0x0
 234 002a 00       		.byte	0x0
 235 002b 04       		.uleb128 0x4
 236 002c 16       		.uleb128 0x16
 237 002d 00       		.byte	0x0
 238 002e 03       		.uleb128 0x3
 239 002f 0E       		.uleb128 0xe
 240 0030 3A       		.uleb128 0x3a
 241 0031 0B       		.uleb128 0xb
 242 0032 3B       		.uleb128 0x3b
 243 0033 0B       		.uleb128 0xb
 244 0034 49       		.uleb128 0x49
 245 0035 13       		.uleb128 0x13
 246 0036 00       		.byte	0x0
 247 0037 00       		.byte	0x0
 248 0038 05       		.uleb128 0x5
 249 0039 35       		.uleb128 0x35
 250 003a 00       		.byte	0x0
 251 003b 49       		.uleb128 0x49
 252 003c 13       		.uleb128 0x13
 253 003d 00       		.byte	0x0
 254 003e 00       		.byte	0x0
 255 003f 06       		.uleb128 0x6
 256 0040 2E       		.uleb128 0x2e
 257 0041 00       		.byte	0x0
 258 0042 3F       		.uleb128 0x3f
 259 0043 0C       		.uleb128 0xc
 260 0044 03       		.uleb128 0x3
 261 0045 0E       		.uleb128 0xe
 262 0046 3A       		.uleb128 0x3a
 263 0047 0B       		.uleb128 0xb
 264 0048 3B       		.uleb128 0x3b
 265 0049 0B       		.uleb128 0xb
 266 004a 27       		.uleb128 0x27
 267 004b 0C       		.uleb128 0xc
 268 004c 49       		.uleb128 0x49
 269 004d 13       		.uleb128 0x13
 270 004e 11       		.uleb128 0x11
 271 004f 01       		.uleb128 0x1
 272 0050 12       		.uleb128 0x12
 273 0051 01       		.uleb128 0x1
 274 0052 40       		.uleb128 0x40
 275 0053 06       		.uleb128 0x6
 276 0054 00       		.byte	0x0
 277 0055 00       		.byte	0x0
 278 0056 07       		.uleb128 0x7
 279 0057 34       		.uleb128 0x34
 280 0058 00       		.byte	0x0
ARM GAS  /tmp/ccb0XphE.s 			page 6


 281 0059 03       		.uleb128 0x3
 282 005a 0E       		.uleb128 0xe
 283 005b 3A       		.uleb128 0x3a
 284 005c 0B       		.uleb128 0xb
 285 005d 3B       		.uleb128 0x3b
 286 005e 05       		.uleb128 0x5
 287 005f 49       		.uleb128 0x49
 288 0060 13       		.uleb128 0x13
 289 0061 3F       		.uleb128 0x3f
 290 0062 0C       		.uleb128 0xc
 291 0063 3C       		.uleb128 0x3c
 292 0064 0C       		.uleb128 0xc
 293 0065 00       		.byte	0x0
 294 0066 00       		.byte	0x0
 295 0067 00       		.byte	0x0
 296              		.section	.debug_pubnames,"",%progbits
 297 0000 17000000 		.4byte	0x17
 298 0004 0200     		.2byte	0x2
 299 0006 00000000 		.4byte	.Ldebug_info0
 300 000a D2000000 		.4byte	0xd2
 301 000e 9C000000 		.4byte	0x9c
 302 0012 6D61696E 		.ascii	"main\000"
 302      00
 303 0017 00000000 		.4byte	0x0
 304              		.section	.debug_pubtypes,"",%progbits
 305 0000 35000000 		.4byte	0x35
 306 0004 0200     		.2byte	0x2
 307 0006 00000000 		.4byte	.Ldebug_info0
 308 000a D2000000 		.4byte	0xd2
 309 000e 53000000 		.4byte	0x53
 310 0012 696E7433 		.ascii	"int32_t\000"
 310      325F7400 
 311 001a 65000000 		.4byte	0x65
 312 001e 75696E74 		.ascii	"uint32_t\000"
 312      33325F74 
 312      00
 313 0027 85000000 		.4byte	0x85
 314 002b 73797374 		.ascii	"systime_t\000"
 314      696D655F 
 314      7400
 315 0035 00000000 		.4byte	0x0
 316              		.section	.debug_aranges,"",%progbits
 317 0000 1C000000 		.4byte	0x1c
 318 0004 0200     		.2byte	0x2
 319 0006 00000000 		.4byte	.Ldebug_info0
 320 000a 04       		.byte	0x4
 321 000b 00       		.byte	0x0
 322 000c 0000     		.2byte	0x0
 323 000e 0000     		.2byte	0x0
 324 0010 00000000 		.4byte	.LFB62
 325 0014 3A000000 		.4byte	.LFE62-.LFB62
 326 0018 00000000 		.4byte	0x0
 327 001c 00000000 		.4byte	0x0
 328              		.section	.debug_ranges,"",%progbits
 329              	.Ldebug_ranges0:
 330 0000 00000000 		.4byte	.LFB62
 331 0004 3A000000 		.4byte	.LFE62
ARM GAS  /tmp/ccb0XphE.s 			page 7


 332 0008 00000000 		.4byte	0x0
 333 000c 00000000 		.4byte	0x0
 334              		.section	.debug_str,"MS",%progbits,1
 335              	.LASF9:
 336 0000 6C6F6E67 		.ascii	"long long int\000"
 336      206C6F6E 
 336      6720696E 
 336      7400
 337              	.LASF4:
 338 000e 73686F72 		.ascii	"short unsigned int\000"
 338      7420756E 
 338      7369676E 
 338      65642069 
 338      6E7400
 339              	.LASF14:
 340 0021 474E5520 		.ascii	"GNU C 4.5.2\000"
 340      4320342E 
 340      352E3200 
 341              	.LASF0:
 342 002d 756E7369 		.ascii	"unsigned int\000"
 342      676E6564 
 342      20696E74 
 342      00
 343              	.LASF8:
 344 003a 6C6F6E67 		.ascii	"long unsigned int\000"
 344      20756E73 
 344      69676E65 
 344      6420696E 
 344      7400
 345              	.LASF10:
 346 004c 6C6F6E67 		.ascii	"long long unsigned int\000"
 346      206C6F6E 
 346      6720756E 
 346      7369676E 
 346      65642069 
 347              	.LASF15:
 348 0063 2E2F7372 		.ascii	"./src/main.c\000"
 348      632F6D61 
 348      696E2E63 
 348      00
 349              	.LASF2:
 350 0070 756E7369 		.ascii	"unsigned char\000"
 350      676E6564 
 350      20636861 
 350      7200
 351              	.LASF17:
 352 007e 6D61696E 		.ascii	"main\000"
 352      00
 353              	.LASF7:
 354 0083 75696E74 		.ascii	"uint32_t\000"
 354      33325F74 
 354      00
 355              	.LASF5:
 356 008c 6C6F6E67 		.ascii	"long int\000"
 356      20696E74 
 356      00
 357              	.LASF13:
ARM GAS  /tmp/ccb0XphE.s 			page 8


 358 0095 49544D5F 		.ascii	"ITM_RxBuffer\000"
 358      52784275 
 358      66666572 
 358      00
 359              	.LASF1:
 360 00a2 7369676E 		.ascii	"signed char\000"
 360      65642063 
 360      68617200 
 361              	.LASF16:
 362 00ae 2F686F6D 		.ascii	"/home/z80/projects/voltamper.git/firmware/voltamp\000"
 362      652F7A38 
 362      302F7072 
 362      6F6A6563 
 362      74732F76 
 363              	.LASF11:
 364 00e0 73797374 		.ascii	"systime_t\000"
 364      696D655F 
 364      7400
 365              	.LASF3:
 366 00ea 73686F72 		.ascii	"short int\000"
 366      7420696E 
 366      7400
 367              	.LASF6:
 368 00f4 696E7433 		.ascii	"int32_t\000"
 368      325F7400 
 369              	.LASF12:
 370 00fc 63686172 		.ascii	"char\000"
 370      00
 371              		.ident	"GCC: (Sourcery G++ Lite 2011.03-42) 4.5.2"
ARM GAS  /tmp/ccb0XphE.s 			page 9


DEFINED SYMBOLS
                            *ABS*:00000000 main.c
     /tmp/ccb0XphE.s:24     .text.main:00000000 $t
     /tmp/ccb0XphE.s:30     .text.main:00000000 main
                     .debug_frame:00000010 $d

UNDEFINED SYMBOLS
halInit
chSysInit
initLed
setLeds
chThdSleep
