ARM GAS  C:\Users\z80\AppData\Local\Temp\cc7PwUze.s 			page 1


   1              		.syntax unified
   2              		.cpu cortex-m3
   3              		.fpu softvfp
   4              		.eabi_attribute 20, 1
   5              		.eabi_attribute 21, 1
   6              		.eabi_attribute 23, 3
   7              		.eabi_attribute 24, 1
   8              		.eabi_attribute 25, 1
   9              		.eabi_attribute 26, 1
  10              		.eabi_attribute 30, 6
  11              		.eabi_attribute 18, 4
  12              		.thumb
  13              		.file	"pal.c"
  14              		.section	.debug_abbrev,"",%progbits
  15              	.Ldebug_abbrev0:
  16              		.section	.debug_info,"",%progbits
  17              	.Ldebug_info0:
  18              		.section	.debug_line,"",%progbits
  19              	.Ldebug_line0:
  20 0000 C8010000 		.text
  20      02006401 
  20      00000201 
  20      FB0E0D00 
  20      01010101 
  21              	.Ltext0:
  22              		.cfi_sections	.debug_frame
  23              		.section	.rodata
  24              		.align	2
  25              	.LC0:
  26 0000 2270616C 		.ascii	"\"palReadBus\"()\000"
  26      52656164 
  26      42757322 
  26      282900
  27              		.section	.text.palReadBus,"ax",%progbits
  28              		.align	2
  29              		.p2align 4,,15
  30              		.global	palReadBus
  31              		.thumb
  32              		.thumb_func
  33              		.type	palReadBus, %function
  34              	palReadBus:
  35              	.LFB62:
  36              		.file 1 "../chibios_2.4.x/os/hal/src/pal.c"
  37              		.loc 1 76 0
  38              		.cfi_startproc
  39              		@ args = 0, pretend = 0, frame = 8
  40              		@ frame_needed = 0, uses_anonymous_args = 0
  41 0000 00B5     		push	{lr}
  42              	.LCFI0:
  43              		.cfi_def_cfa_offset 4
  44 0002 83B0     		sub	sp, sp, #12
  45              	.LCFI1:
  46              		.cfi_def_cfa_offset 16
  47 0004 0190     		str	r0, [sp, #4]
  48              		.loc 1 78 0
  49 0006 019B     		ldr	r3, [sp, #4]
  50 0008 002B     		cmp	r3, #0
ARM GAS  C:\Users\z80\AppData\Local\Temp\cc7PwUze.s 			page 2


  51 000a 03D0     		beq	.L2
  52              		.cfi_offset 14, -4
  53              		.loc 1 78 0 is_stmt 0 discriminator 2
  54 000c 019B     		ldr	r3, [sp, #4]
  55 000e 9B68     		ldr	r3, [r3, #8]
  56 0010 0F2B     		cmp	r3, #15
  57 0012 05D9     		bls	.L3
  58              	.L2:
  59              		.loc 1 78 0 discriminator 1
  60 0014 40F20000 		movw	r0, #:lower16:.LC0
  61 0018 C0F20000 		movt	r0, #:upper16:.LC0
  62 001c FFF7FEFF 		bl	chDbgPanic
  63              	.L3:
  64              		.loc 1 81 0 is_stmt 1
  65 0020 019B     		ldr	r3, [sp, #4]
  66 0022 1B68     		ldr	r3, [r3, #0]
  67 0024 9A68     		ldr	r2, [r3, #8]
  68 0026 019B     		ldr	r3, [sp, #4]
  69 0028 9B68     		ldr	r3, [r3, #8]
  70 002a 22FA03F2 		lsr	r2, r2, r3
  71 002e 019B     		ldr	r3, [sp, #4]
  72 0030 5B68     		ldr	r3, [r3, #4]
  73 0032 02EA0303 		and	r3, r2, r3
  74              		.loc 1 82 0
  75 0036 1846     		mov	r0, r3
  76 0038 03B0     		add	sp, sp, #12
  77 003a 00BD     		pop	{pc}
  78              		.cfi_endproc
  79              	.LFE62:
  80              		.size	palReadBus, .-palReadBus
  81 003c AFF30080 		.section	.rodata
  82 000f 00       		.align	2
  83              	.LC1:
  84 0010 2270616C 		.ascii	"\"palWriteBus\"()\000"
  84      57726974 
  84      65427573 
  84      22282900 
  85              		.section	.text.palWriteBus,"ax",%progbits
  86              		.align	2
  87              		.p2align 4,,15
  88              		.global	palWriteBus
  89              		.thumb
  90              		.thumb_func
  91              		.type	palWriteBus, %function
  92              	palWriteBus:
  93              	.LFB63:
  94              		.loc 1 101 0
  95              		.cfi_startproc
  96              		@ args = 0, pretend = 0, frame = 8
  97              		@ frame_needed = 0, uses_anonymous_args = 0
  98 0000 00B5     		push	{lr}
  99              	.LCFI2:
 100              		.cfi_def_cfa_offset 4
 101 0002 83B0     		sub	sp, sp, #12
 102              	.LCFI3:
 103              		.cfi_def_cfa_offset 16
 104 0004 0190     		str	r0, [sp, #4]
ARM GAS  C:\Users\z80\AppData\Local\Temp\cc7PwUze.s 			page 3


 105 0006 0091     		str	r1, [sp, #0]
 106              		.loc 1 103 0
 107 0008 019B     		ldr	r3, [sp, #4]
 108 000a 002B     		cmp	r3, #0
 109 000c 03D0     		beq	.L5
 110              		.cfi_offset 14, -4
 111              		.loc 1 103 0 is_stmt 0 discriminator 2
 112 000e 019B     		ldr	r3, [sp, #4]
 113 0010 9B68     		ldr	r3, [r3, #8]
 114 0012 0F2B     		cmp	r3, #15
 115 0014 05D9     		bls	.L6
 116              	.L5:
 117              		.loc 1 103 0 discriminator 1
 118 0016 40F20000 		movw	r0, #:lower16:.LC1
 119 001a C0F20000 		movt	r0, #:upper16:.LC1
 120 001e FFF7FEFF 		bl	chDbgPanic
 121              	.L6:
 122              		.loc 1 106 0 is_stmt 1
 123 0022 019B     		ldr	r3, [sp, #4]
 124 0024 1B68     		ldr	r3, [r3, #0]
 125 0026 009A     		ldr	r2, [sp, #0]
 126 0028 6FEA0201 		mvn	r1, r2
 127 002c 019A     		ldr	r2, [sp, #4]
 128 002e 5268     		ldr	r2, [r2, #4]
 129 0030 01EA0201 		and	r1, r1, r2
 130 0034 019A     		ldr	r2, [sp, #4]
 131 0036 9268     		ldr	r2, [r2, #8]
 132 0038 02F11002 		add	r2, r2, #16
 133 003c 01FA02F1 		lsl	r1, r1, r2
 134 0040 019A     		ldr	r2, [sp, #4]
 135 0042 5068     		ldr	r0, [r2, #4]
 136 0044 009A     		ldr	r2, [sp, #0]
 137 0046 00EA0200 		and	r0, r0, r2
 138 004a 019A     		ldr	r2, [sp, #4]
 139 004c 9268     		ldr	r2, [r2, #8]
 140 004e 00FA02F2 		lsl	r2, r0, r2
 141 0052 41EA0202 		orr	r2, r1, r2
 142 0056 1A61     		str	r2, [r3, #16]
 143              		.loc 1 107 0
 144 0058 03B0     		add	sp, sp, #12
 145 005a 00BD     		pop	{pc}
 146              		.cfi_endproc
 147              	.LFE63:
 148              		.size	palWriteBus, .-palWriteBus
 149 005c AFF30080 		.section	.rodata
 150              		.align	2
 151              	.LC2:
 152 0020 2270616C 		.ascii	"\"palSetBusMode\"()\000"
 152      53657442 
 152      75734D6F 
 152      64652228 
 152      2900
 153 0032 0000     		.section	.text.palSetBusMode,"ax",%progbits
 154              		.align	2
 155              		.p2align 4,,15
 156              		.global	palSetBusMode
 157              		.thumb
ARM GAS  C:\Users\z80\AppData\Local\Temp\cc7PwUze.s 			page 4


 158              		.thumb_func
 159              		.type	palSetBusMode, %function
 160              	palSetBusMode:
 161              	.LFB64:
 162              		.loc 1 124 0
 163              		.cfi_startproc
 164              		@ args = 0, pretend = 0, frame = 8
 165              		@ frame_needed = 0, uses_anonymous_args = 0
 166 0000 00B5     		push	{lr}
 167              	.LCFI4:
 168              		.cfi_def_cfa_offset 4
 169 0002 83B0     		sub	sp, sp, #12
 170              	.LCFI5:
 171              		.cfi_def_cfa_offset 16
 172 0004 0190     		str	r0, [sp, #4]
 173 0006 0091     		str	r1, [sp, #0]
 174              		.loc 1 126 0
 175 0008 019B     		ldr	r3, [sp, #4]
 176 000a 002B     		cmp	r3, #0
 177 000c 03D0     		beq	.L8
 178              		.cfi_offset 14, -4
 179              		.loc 1 126 0 is_stmt 0 discriminator 2
 180 000e 019B     		ldr	r3, [sp, #4]
 181 0010 9B68     		ldr	r3, [r3, #8]
 182 0012 0F2B     		cmp	r3, #15
 183 0014 05D9     		bls	.L9
 184              	.L8:
 185              		.loc 1 126 0 discriminator 1
 186 0016 40F20000 		movw	r0, #:lower16:.LC2
 187 001a C0F20000 		movt	r0, #:upper16:.LC2
 188 001e FFF7FEFF 		bl	chDbgPanic
 189              	.L9:
 190              		.loc 1 129 0 is_stmt 1
 191 0022 019B     		ldr	r3, [sp, #4]
 192 0024 1A68     		ldr	r2, [r3, #0]
 193 0026 019B     		ldr	r3, [sp, #4]
 194 0028 5968     		ldr	r1, [r3, #4]
 195 002a 019B     		ldr	r3, [sp, #4]
 196 002c 9B68     		ldr	r3, [r3, #8]
 197 002e 01FA03F3 		lsl	r3, r1, r3
 198 0032 1046     		mov	r0, r2
 199 0034 1946     		mov	r1, r3
 200 0036 009A     		ldr	r2, [sp, #0]
 201 0038 FFF7FEFF 		bl	_pal_lld_setgroupmode
 202              		.loc 1 130 0
 203 003c 03B0     		add	sp, sp, #12
 204 003e 00BD     		pop	{pc}
 205              		.cfi_endproc
 206              	.LFE64:
 207              		.size	palSetBusMode, .-palSetBusMode
 208              		.text
 209              	.Letext0:
 210              		.section	.debug_loc,"",%progbits
 211              	.Ldebug_loc0:
 212              	.LLST0:
 213 0000 00000000 		.4byte	.LFB62
 214 0004 02000000 		.4byte	.LCFI0
ARM GAS  C:\Users\z80\AppData\Local\Temp\cc7PwUze.s 			page 5


 215 0008 0200     		.2byte	0x2
 216 000a 7D       		.byte	0x7d
 217 000b 00       		.sleb128 0
 218 000c 02000000 		.4byte	.LCFI0
 219 0010 04000000 		.4byte	.LCFI1
 220 0014 0200     		.2byte	0x2
 221 0016 7D       		.byte	0x7d
 222 0017 04       		.sleb128 4
 223 0018 04000000 		.4byte	.LCFI1
 224 001c 3C000000 		.4byte	.LFE62
 225 0020 0200     		.2byte	0x2
 226 0022 7D       		.byte	0x7d
 227 0023 10       		.sleb128 16
 228 0024 00000000 		.4byte	0x0
 229 0028 00000000 		.4byte	0x0
 230              	.LLST1:
 231 002c 00000000 		.4byte	.LFB63
 232 0030 02000000 		.4byte	.LCFI2
 233 0034 0200     		.2byte	0x2
 234 0036 7D       		.byte	0x7d
 235 0037 00       		.sleb128 0
 236 0038 02000000 		.4byte	.LCFI2
 237 003c 04000000 		.4byte	.LCFI3
 238 0040 0200     		.2byte	0x2
 239 0042 7D       		.byte	0x7d
 240 0043 04       		.sleb128 4
 241 0044 04000000 		.4byte	.LCFI3
 242 0048 5C000000 		.4byte	.LFE63
 243 004c 0200     		.2byte	0x2
 244 004e 7D       		.byte	0x7d
 245 004f 10       		.sleb128 16
 246 0050 00000000 		.4byte	0x0
 247 0054 00000000 		.4byte	0x0
 248              	.LLST2:
 249 0058 00000000 		.4byte	.LFB64
 250 005c 02000000 		.4byte	.LCFI4
 251 0060 0200     		.2byte	0x2
 252 0062 7D       		.byte	0x7d
 253 0063 00       		.sleb128 0
 254 0064 02000000 		.4byte	.LCFI4
 255 0068 04000000 		.4byte	.LCFI5
 256 006c 0200     		.2byte	0x2
 257 006e 7D       		.byte	0x7d
 258 006f 04       		.sleb128 4
 259 0070 04000000 		.4byte	.LCFI5
 260 0074 40000000 		.4byte	.LFE64
 261 0078 0200     		.2byte	0x2
 262 007a 7D       		.byte	0x7d
 263 007b 10       		.sleb128 16
 264 007c 00000000 		.4byte	0x0
 265 0080 00000000 		.4byte	0x0
 266              		.file 2 "c:/programs/yagarto/lib/gcc/../../arm-none-eabi/sys-include/stdint.h"
 267              		.file 3 "../chibios_2.4.x/os/hal/platforms/STM32F1xx/stm32f10x.h"
 268              		.file 4 "../chibios_2.4.x/os/hal/platforms/STM32/GPIOv1/pal_lld.h"
 269              		.file 5 "../chibios_2.4.x/os/hal/include/pal.h"
 270              		.file 6 "../chibios_2.4.x/os/ports/common/ARMCMx/CMSIS/include/core_cm3.h"
 271              		.section	.debug_info
ARM GAS  C:\Users\z80\AppData\Local\Temp\cc7PwUze.s 			page 6


 272 0000 3F020000 		.4byte	0x23f
 273 0004 0200     		.2byte	0x2
 274 0006 00000000 		.4byte	.Ldebug_abbrev0
 275 000a 04       		.byte	0x4
 276 000b 01       		.uleb128 0x1
 277 000c 05000000 		.4byte	.LASF28
 278 0010 01       		.byte	0x1
 279 0011 2F000000 		.4byte	.LASF29
 280 0015 E6000000 		.4byte	.LASF30
 281 0019 00000000 		.4byte	0x0
 282 001d 00000000 		.4byte	0x0
 283 0021 00000000 		.4byte	.Ldebug_ranges0+0x0
 284 0025 00000000 		.4byte	.Ldebug_line0
 285 0029 02       		.uleb128 0x2
 286 002a 04       		.byte	0x4
 287 002b 05       		.byte	0x5
 288 002c 696E7400 		.ascii	"int\000"
 289 0030 03       		.uleb128 0x3
 290 0031 04       		.byte	0x4
 291 0032 07       		.byte	0x7
 292 0033 C7000000 		.4byte	.LASF0
 293 0037 03       		.uleb128 0x3
 294 0038 01       		.byte	0x1
 295 0039 06       		.byte	0x6
 296 003a 64010000 		.4byte	.LASF1
 297 003e 03       		.uleb128 0x3
 298 003f 01       		.byte	0x1
 299 0040 08       		.byte	0x8
 300 0041 6E000000 		.4byte	.LASF2
 301 0045 03       		.uleb128 0x3
 302 0046 02       		.byte	0x2
 303 0047 05       		.byte	0x5
 304 0048 3D010000 		.4byte	.LASF3
 305 004c 03       		.uleb128 0x3
 306 004d 02       		.byte	0x2
 307 004e 07       		.byte	0x7
 308 004f 8E000000 		.4byte	.LASF4
 309 0053 04       		.uleb128 0x4
 310 0054 16010000 		.4byte	.LASF6
 311 0058 02       		.byte	0x2
 312 0059 4F       		.byte	0x4f
 313 005a 5E000000 		.4byte	0x5e
 314 005e 03       		.uleb128 0x3
 315 005f 04       		.byte	0x4
 316 0060 05       		.byte	0x5
 317 0061 5B010000 		.4byte	.LASF5
 318 0065 04       		.uleb128 0x4
 319 0066 52010000 		.4byte	.LASF7
 320 006a 02       		.byte	0x2
 321 006b 50       		.byte	0x50
 322 006c 70000000 		.4byte	0x70
 323 0070 03       		.uleb128 0x3
 324 0071 04       		.byte	0x4
 325 0072 07       		.byte	0x7
 326 0073 7C000000 		.4byte	.LASF8
 327 0077 03       		.uleb128 0x3
 328 0078 08       		.byte	0x8
ARM GAS  C:\Users\z80\AppData\Local\Temp\cc7PwUze.s 			page 7


 329 0079 05       		.byte	0x5
 330 007a 1E010000 		.4byte	.LASF9
 331 007e 03       		.uleb128 0x3
 332 007f 08       		.byte	0x8
 333 0080 07       		.byte	0x7
 334 0081 70010000 		.4byte	.LASF10
 335 0085 04       		.uleb128 0x4
 336 0086 11000000 		.4byte	.LASF11
 337 008a 02       		.byte	0x2
 338 008b A0       		.byte	0xa0
 339 008c 30000000 		.4byte	0x30
 340 0090 05       		.uleb128 0x5
 341 0091 65000000 		.4byte	0x65
 342 0095 06       		.uleb128 0x6
 343 0096 04       		.byte	0x4
 344 0097 07       		.byte	0x7
 345 0098 03       		.uleb128 0x3
 346 0099 01       		.byte	0x1
 347 009a 08       		.byte	0x8
 348 009b E1000000 		.4byte	.LASF12
 349 009f 05       		.uleb128 0x5
 350 00a0 53000000 		.4byte	0x53
 351 00a4 07       		.uleb128 0x7
 352 00a5 1C       		.byte	0x1c
 353 00a6 03       		.byte	0x3
 354 00a7 F803     		.2byte	0x3f8
 355 00a9 17010000 		.4byte	0x117
 356 00ad 08       		.uleb128 0x8
 357 00ae 43524C00 		.ascii	"CRL\000"
 358 00b2 03       		.byte	0x3
 359 00b3 FA03     		.2byte	0x3fa
 360 00b5 90000000 		.4byte	0x90
 361 00b9 02       		.byte	0x2
 362 00ba 23       		.byte	0x23
 363 00bb 00       		.uleb128 0x0
 364 00bc 08       		.uleb128 0x8
 365 00bd 43524800 		.ascii	"CRH\000"
 366 00c1 03       		.byte	0x3
 367 00c2 FB03     		.2byte	0x3fb
 368 00c4 90000000 		.4byte	0x90
 369 00c8 02       		.byte	0x2
 370 00c9 23       		.byte	0x23
 371 00ca 04       		.uleb128 0x4
 372 00cb 08       		.uleb128 0x8
 373 00cc 49445200 		.ascii	"IDR\000"
 374 00d0 03       		.byte	0x3
 375 00d1 FC03     		.2byte	0x3fc
 376 00d3 90000000 		.4byte	0x90
 377 00d7 02       		.byte	0x2
 378 00d8 23       		.byte	0x23
 379 00d9 08       		.uleb128 0x8
 380 00da 08       		.uleb128 0x8
 381 00db 4F445200 		.ascii	"ODR\000"
 382 00df 03       		.byte	0x3
 383 00e0 FD03     		.2byte	0x3fd
 384 00e2 90000000 		.4byte	0x90
 385 00e6 02       		.byte	0x2
ARM GAS  C:\Users\z80\AppData\Local\Temp\cc7PwUze.s 			page 8


 386 00e7 23       		.byte	0x23
 387 00e8 0C       		.uleb128 0xc
 388 00e9 09       		.uleb128 0x9
 389 00ea 1E000000 		.4byte	.LASF13
 390 00ee 03       		.byte	0x3
 391 00ef FE03     		.2byte	0x3fe
 392 00f1 90000000 		.4byte	0x90
 393 00f5 02       		.byte	0x2
 394 00f6 23       		.byte	0x23
 395 00f7 10       		.uleb128 0x10
 396 00f8 08       		.uleb128 0x8
 397 00f9 42525200 		.ascii	"BRR\000"
 398 00fd 03       		.byte	0x3
 399 00fe FF03     		.2byte	0x3ff
 400 0100 90000000 		.4byte	0x90
 401 0104 02       		.byte	0x2
 402 0105 23       		.byte	0x23
 403 0106 14       		.uleb128 0x14
 404 0107 09       		.uleb128 0x9
 405 0108 00000000 		.4byte	.LASF14
 406 010c 03       		.byte	0x3
 407 010d 0004     		.2byte	0x400
 408 010f 90000000 		.4byte	0x90
 409 0113 02       		.byte	0x2
 410 0114 23       		.byte	0x23
 411 0115 18       		.uleb128 0x18
 412 0116 00       		.byte	0x0
 413 0117 0A       		.uleb128 0xa
 414 0118 D4000000 		.4byte	.LASF15
 415 011c 03       		.byte	0x3
 416 011d 0104     		.2byte	0x401
 417 011f A4000000 		.4byte	0xa4
 418 0123 04       		.uleb128 0x4
 419 0124 58000000 		.4byte	.LASF16
 420 0128 04       		.byte	0x4
 421 0129 78       		.byte	0x78
 422 012a 65000000 		.4byte	0x65
 423 012e 04       		.uleb128 0x4
 424 012f 65000000 		.4byte	.LASF17
 425 0133 04       		.byte	0x4
 426 0134 7D       		.byte	0x7d
 427 0135 65000000 		.4byte	0x65
 428 0139 04       		.uleb128 0x4
 429 013a 47010000 		.4byte	.LASF18
 430 013e 04       		.byte	0x4
 431 013f 85       		.byte	0x85
 432 0140 44010000 		.4byte	0x144
 433 0144 0B       		.uleb128 0xb
 434 0145 04       		.byte	0x4
 435 0146 17010000 		.4byte	0x117
 436 014a 0C       		.uleb128 0xc
 437 014b 0C       		.byte	0xc
 438 014c 05       		.byte	0x5
 439 014d 85       		.byte	0x85
 440 014e 7D010000 		.4byte	0x17d
 441 0152 0D       		.uleb128 0xd
 442 0153 51000000 		.4byte	.LASF19
ARM GAS  C:\Users\z80\AppData\Local\Temp\cc7PwUze.s 			page 9


 443 0157 05       		.byte	0x5
 444 0158 89       		.byte	0x89
 445 0159 39010000 		.4byte	0x139
 446 015d 02       		.byte	0x2
 447 015e 23       		.byte	0x23
 448 015f 00       		.uleb128 0x0
 449 0160 0D       		.uleb128 0xd
 450 0161 2C010000 		.4byte	.LASF20
 451 0165 05       		.byte	0x5
 452 0166 8F       		.byte	0x8f
 453 0167 23010000 		.4byte	0x123
 454 016b 02       		.byte	0x2
 455 016c 23       		.byte	0x23
 456 016d 04       		.uleb128 0x4
 457 016e 0D       		.uleb128 0xd
 458 016f 36010000 		.4byte	.LASF21
 459 0173 05       		.byte	0x5
 460 0174 93       		.byte	0x93
 461 0175 85000000 		.4byte	0x85
 462 0179 02       		.byte	0x2
 463 017a 23       		.byte	0x23
 464 017b 08       		.uleb128 0x8
 465 017c 00       		.byte	0x0
 466 017d 04       		.uleb128 0x4
 467 017e 87010000 		.4byte	.LASF22
 468 0182 05       		.byte	0x5
 469 0183 94       		.byte	0x94
 470 0184 4A010000 		.4byte	0x14a
 471 0188 0E       		.uleb128 0xe
 472 0189 01       		.byte	0x1
 473 018a BC000000 		.4byte	.LASF31
 474 018e 01       		.byte	0x1
 475 018f 4C       		.byte	0x4c
 476 0190 01       		.byte	0x1
 477 0191 23010000 		.4byte	0x123
 478 0195 00000000 		.4byte	.LFB62
 479 0199 3C000000 		.4byte	.LFE62
 480 019d 00000000 		.4byte	.LLST0
 481 01a1 B4010000 		.4byte	0x1b4
 482 01a5 0F       		.uleb128 0xf
 483 01a6 62757300 		.ascii	"bus\000"
 484 01aa 01       		.byte	0x1
 485 01ab 4C       		.byte	0x4c
 486 01ac B4010000 		.4byte	0x1b4
 487 01b0 02       		.byte	0x2
 488 01b1 91       		.byte	0x91
 489 01b2 74       		.sleb128 -12
 490 01b3 00       		.byte	0x0
 491 01b4 0B       		.uleb128 0xb
 492 01b5 04       		.byte	0x4
 493 01b6 7D010000 		.4byte	0x17d
 494 01ba 10       		.uleb128 0x10
 495 01bb 01       		.byte	0x1
 496 01bc 23000000 		.4byte	.LASF24
 497 01c0 01       		.byte	0x1
 498 01c1 65       		.byte	0x65
 499 01c2 01       		.byte	0x1
ARM GAS  C:\Users\z80\AppData\Local\Temp\cc7PwUze.s 			page 10


 500 01c3 00000000 		.4byte	.LFB63
 501 01c7 5C000000 		.4byte	.LFE63
 502 01cb 2C000000 		.4byte	.LLST1
 503 01cf F0010000 		.4byte	0x1f0
 504 01d3 0F       		.uleb128 0xf
 505 01d4 62757300 		.ascii	"bus\000"
 506 01d8 01       		.byte	0x1
 507 01d9 65       		.byte	0x65
 508 01da B4010000 		.4byte	0x1b4
 509 01de 02       		.byte	0x2
 510 01df 91       		.byte	0x91
 511 01e0 74       		.sleb128 -12
 512 01e1 11       		.uleb128 0x11
 513 01e2 31010000 		.4byte	.LASF23
 514 01e6 01       		.byte	0x1
 515 01e7 65       		.byte	0x65
 516 01e8 23010000 		.4byte	0x123
 517 01ec 02       		.byte	0x2
 518 01ed 91       		.byte	0x91
 519 01ee 70       		.sleb128 -16
 520 01ef 00       		.byte	0x0
 521 01f0 10       		.uleb128 0x10
 522 01f1 01       		.byte	0x1
 523 01f2 A1000000 		.4byte	.LASF25
 524 01f6 01       		.byte	0x1
 525 01f7 7C       		.byte	0x7c
 526 01f8 01       		.byte	0x1
 527 01f9 00000000 		.4byte	.LFB64
 528 01fd 40000000 		.4byte	.LFE64
 529 0201 58000000 		.4byte	.LLST2
 530 0205 26020000 		.4byte	0x226
 531 0209 0F       		.uleb128 0xf
 532 020a 62757300 		.ascii	"bus\000"
 533 020e 01       		.byte	0x1
 534 020f 7C       		.byte	0x7c
 535 0210 B4010000 		.4byte	0x1b4
 536 0214 02       		.byte	0x2
 537 0215 91       		.byte	0x91
 538 0216 74       		.sleb128 -12
 539 0217 11       		.uleb128 0x11
 540 0218 11010000 		.4byte	.LASF26
 541 021c 01       		.byte	0x1
 542 021d 7C       		.byte	0x7c
 543 021e 2E010000 		.4byte	0x12e
 544 0222 02       		.byte	0x2
 545 0223 91       		.byte	0x91
 546 0224 70       		.sleb128 -16
 547 0225 00       		.byte	0x0
 548 0226 12       		.uleb128 0x12
 549 0227 AF000000 		.4byte	.LASF27
 550 022b 06       		.byte	0x6
 551 022c 9404     		.2byte	0x494
 552 022e 9F000000 		.4byte	0x9f
 553 0232 01       		.byte	0x1
 554 0233 01       		.byte	0x1
 555 0234 12       		.uleb128 0x12
 556 0235 AF000000 		.4byte	.LASF27
ARM GAS  C:\Users\z80\AppData\Local\Temp\cc7PwUze.s 			page 11


 557 0239 06       		.byte	0x6
 558 023a 9404     		.2byte	0x494
 559 023c 9F000000 		.4byte	0x9f
 560 0240 01       		.byte	0x1
 561 0241 01       		.byte	0x1
 562 0242 00       		.byte	0x0
 563              		.section	.debug_abbrev
 564 0000 01       		.uleb128 0x1
 565 0001 11       		.uleb128 0x11
 566 0002 01       		.byte	0x1
 567 0003 25       		.uleb128 0x25
 568 0004 0E       		.uleb128 0xe
 569 0005 13       		.uleb128 0x13
 570 0006 0B       		.uleb128 0xb
 571 0007 03       		.uleb128 0x3
 572 0008 0E       		.uleb128 0xe
 573 0009 1B       		.uleb128 0x1b
 574 000a 0E       		.uleb128 0xe
 575 000b 11       		.uleb128 0x11
 576 000c 01       		.uleb128 0x1
 577 000d 52       		.uleb128 0x52
 578 000e 01       		.uleb128 0x1
 579 000f 55       		.uleb128 0x55
 580 0010 06       		.uleb128 0x6
 581 0011 10       		.uleb128 0x10
 582 0012 06       		.uleb128 0x6
 583 0013 00       		.byte	0x0
 584 0014 00       		.byte	0x0
 585 0015 02       		.uleb128 0x2
 586 0016 24       		.uleb128 0x24
 587 0017 00       		.byte	0x0
 588 0018 0B       		.uleb128 0xb
 589 0019 0B       		.uleb128 0xb
 590 001a 3E       		.uleb128 0x3e
 591 001b 0B       		.uleb128 0xb
 592 001c 03       		.uleb128 0x3
 593 001d 08       		.uleb128 0x8
 594 001e 00       		.byte	0x0
 595 001f 00       		.byte	0x0
 596 0020 03       		.uleb128 0x3
 597 0021 24       		.uleb128 0x24
 598 0022 00       		.byte	0x0
 599 0023 0B       		.uleb128 0xb
 600 0024 0B       		.uleb128 0xb
 601 0025 3E       		.uleb128 0x3e
 602 0026 0B       		.uleb128 0xb
 603 0027 03       		.uleb128 0x3
 604 0028 0E       		.uleb128 0xe
 605 0029 00       		.byte	0x0
 606 002a 00       		.byte	0x0
 607 002b 04       		.uleb128 0x4
 608 002c 16       		.uleb128 0x16
 609 002d 00       		.byte	0x0
 610 002e 03       		.uleb128 0x3
 611 002f 0E       		.uleb128 0xe
 612 0030 3A       		.uleb128 0x3a
 613 0031 0B       		.uleb128 0xb
ARM GAS  C:\Users\z80\AppData\Local\Temp\cc7PwUze.s 			page 12


 614 0032 3B       		.uleb128 0x3b
 615 0033 0B       		.uleb128 0xb
 616 0034 49       		.uleb128 0x49
 617 0035 13       		.uleb128 0x13
 618 0036 00       		.byte	0x0
 619 0037 00       		.byte	0x0
 620 0038 05       		.uleb128 0x5
 621 0039 35       		.uleb128 0x35
 622 003a 00       		.byte	0x0
 623 003b 49       		.uleb128 0x49
 624 003c 13       		.uleb128 0x13
 625 003d 00       		.byte	0x0
 626 003e 00       		.byte	0x0
 627 003f 06       		.uleb128 0x6
 628 0040 24       		.uleb128 0x24
 629 0041 00       		.byte	0x0
 630 0042 0B       		.uleb128 0xb
 631 0043 0B       		.uleb128 0xb
 632 0044 3E       		.uleb128 0x3e
 633 0045 0B       		.uleb128 0xb
 634 0046 00       		.byte	0x0
 635 0047 00       		.byte	0x0
 636 0048 07       		.uleb128 0x7
 637 0049 13       		.uleb128 0x13
 638 004a 01       		.byte	0x1
 639 004b 0B       		.uleb128 0xb
 640 004c 0B       		.uleb128 0xb
 641 004d 3A       		.uleb128 0x3a
 642 004e 0B       		.uleb128 0xb
 643 004f 3B       		.uleb128 0x3b
 644 0050 05       		.uleb128 0x5
 645 0051 01       		.uleb128 0x1
 646 0052 13       		.uleb128 0x13
 647 0053 00       		.byte	0x0
 648 0054 00       		.byte	0x0
 649 0055 08       		.uleb128 0x8
 650 0056 0D       		.uleb128 0xd
 651 0057 00       		.byte	0x0
 652 0058 03       		.uleb128 0x3
 653 0059 08       		.uleb128 0x8
 654 005a 3A       		.uleb128 0x3a
 655 005b 0B       		.uleb128 0xb
 656 005c 3B       		.uleb128 0x3b
 657 005d 05       		.uleb128 0x5
 658 005e 49       		.uleb128 0x49
 659 005f 13       		.uleb128 0x13
 660 0060 38       		.uleb128 0x38
 661 0061 0A       		.uleb128 0xa
 662 0062 00       		.byte	0x0
 663 0063 00       		.byte	0x0
 664 0064 09       		.uleb128 0x9
 665 0065 0D       		.uleb128 0xd
 666 0066 00       		.byte	0x0
 667 0067 03       		.uleb128 0x3
 668 0068 0E       		.uleb128 0xe
 669 0069 3A       		.uleb128 0x3a
 670 006a 0B       		.uleb128 0xb
ARM GAS  C:\Users\z80\AppData\Local\Temp\cc7PwUze.s 			page 13


 671 006b 3B       		.uleb128 0x3b
 672 006c 05       		.uleb128 0x5
 673 006d 49       		.uleb128 0x49
 674 006e 13       		.uleb128 0x13
 675 006f 38       		.uleb128 0x38
 676 0070 0A       		.uleb128 0xa
 677 0071 00       		.byte	0x0
 678 0072 00       		.byte	0x0
 679 0073 0A       		.uleb128 0xa
 680 0074 16       		.uleb128 0x16
 681 0075 00       		.byte	0x0
 682 0076 03       		.uleb128 0x3
 683 0077 0E       		.uleb128 0xe
 684 0078 3A       		.uleb128 0x3a
 685 0079 0B       		.uleb128 0xb
 686 007a 3B       		.uleb128 0x3b
 687 007b 05       		.uleb128 0x5
 688 007c 49       		.uleb128 0x49
 689 007d 13       		.uleb128 0x13
 690 007e 00       		.byte	0x0
 691 007f 00       		.byte	0x0
 692 0080 0B       		.uleb128 0xb
 693 0081 0F       		.uleb128 0xf
 694 0082 00       		.byte	0x0
 695 0083 0B       		.uleb128 0xb
 696 0084 0B       		.uleb128 0xb
 697 0085 49       		.uleb128 0x49
 698 0086 13       		.uleb128 0x13
 699 0087 00       		.byte	0x0
 700 0088 00       		.byte	0x0
 701 0089 0C       		.uleb128 0xc
 702 008a 13       		.uleb128 0x13
 703 008b 01       		.byte	0x1
 704 008c 0B       		.uleb128 0xb
 705 008d 0B       		.uleb128 0xb
 706 008e 3A       		.uleb128 0x3a
 707 008f 0B       		.uleb128 0xb
 708 0090 3B       		.uleb128 0x3b
 709 0091 0B       		.uleb128 0xb
 710 0092 01       		.uleb128 0x1
 711 0093 13       		.uleb128 0x13
 712 0094 00       		.byte	0x0
 713 0095 00       		.byte	0x0
 714 0096 0D       		.uleb128 0xd
 715 0097 0D       		.uleb128 0xd
 716 0098 00       		.byte	0x0
 717 0099 03       		.uleb128 0x3
 718 009a 0E       		.uleb128 0xe
 719 009b 3A       		.uleb128 0x3a
 720 009c 0B       		.uleb128 0xb
 721 009d 3B       		.uleb128 0x3b
 722 009e 0B       		.uleb128 0xb
 723 009f 49       		.uleb128 0x49
 724 00a0 13       		.uleb128 0x13
 725 00a1 38       		.uleb128 0x38
 726 00a2 0A       		.uleb128 0xa
 727 00a3 00       		.byte	0x0
ARM GAS  C:\Users\z80\AppData\Local\Temp\cc7PwUze.s 			page 14


 728 00a4 00       		.byte	0x0
 729 00a5 0E       		.uleb128 0xe
 730 00a6 2E       		.uleb128 0x2e
 731 00a7 01       		.byte	0x1
 732 00a8 3F       		.uleb128 0x3f
 733 00a9 0C       		.uleb128 0xc
 734 00aa 03       		.uleb128 0x3
 735 00ab 0E       		.uleb128 0xe
 736 00ac 3A       		.uleb128 0x3a
 737 00ad 0B       		.uleb128 0xb
 738 00ae 3B       		.uleb128 0x3b
 739 00af 0B       		.uleb128 0xb
 740 00b0 27       		.uleb128 0x27
 741 00b1 0C       		.uleb128 0xc
 742 00b2 49       		.uleb128 0x49
 743 00b3 13       		.uleb128 0x13
 744 00b4 11       		.uleb128 0x11
 745 00b5 01       		.uleb128 0x1
 746 00b6 12       		.uleb128 0x12
 747 00b7 01       		.uleb128 0x1
 748 00b8 40       		.uleb128 0x40
 749 00b9 06       		.uleb128 0x6
 750 00ba 01       		.uleb128 0x1
 751 00bb 13       		.uleb128 0x13
 752 00bc 00       		.byte	0x0
 753 00bd 00       		.byte	0x0
 754 00be 0F       		.uleb128 0xf
 755 00bf 05       		.uleb128 0x5
 756 00c0 00       		.byte	0x0
 757 00c1 03       		.uleb128 0x3
 758 00c2 08       		.uleb128 0x8
 759 00c3 3A       		.uleb128 0x3a
 760 00c4 0B       		.uleb128 0xb
 761 00c5 3B       		.uleb128 0x3b
 762 00c6 0B       		.uleb128 0xb
 763 00c7 49       		.uleb128 0x49
 764 00c8 13       		.uleb128 0x13
 765 00c9 02       		.uleb128 0x2
 766 00ca 0A       		.uleb128 0xa
 767 00cb 00       		.byte	0x0
 768 00cc 00       		.byte	0x0
 769 00cd 10       		.uleb128 0x10
 770 00ce 2E       		.uleb128 0x2e
 771 00cf 01       		.byte	0x1
 772 00d0 3F       		.uleb128 0x3f
 773 00d1 0C       		.uleb128 0xc
 774 00d2 03       		.uleb128 0x3
 775 00d3 0E       		.uleb128 0xe
 776 00d4 3A       		.uleb128 0x3a
 777 00d5 0B       		.uleb128 0xb
 778 00d6 3B       		.uleb128 0x3b
 779 00d7 0B       		.uleb128 0xb
 780 00d8 27       		.uleb128 0x27
 781 00d9 0C       		.uleb128 0xc
 782 00da 11       		.uleb128 0x11
 783 00db 01       		.uleb128 0x1
 784 00dc 12       		.uleb128 0x12
ARM GAS  C:\Users\z80\AppData\Local\Temp\cc7PwUze.s 			page 15


 785 00dd 01       		.uleb128 0x1
 786 00de 40       		.uleb128 0x40
 787 00df 06       		.uleb128 0x6
 788 00e0 01       		.uleb128 0x1
 789 00e1 13       		.uleb128 0x13
 790 00e2 00       		.byte	0x0
 791 00e3 00       		.byte	0x0
 792 00e4 11       		.uleb128 0x11
 793 00e5 05       		.uleb128 0x5
 794 00e6 00       		.byte	0x0
 795 00e7 03       		.uleb128 0x3
 796 00e8 0E       		.uleb128 0xe
 797 00e9 3A       		.uleb128 0x3a
 798 00ea 0B       		.uleb128 0xb
 799 00eb 3B       		.uleb128 0x3b
 800 00ec 0B       		.uleb128 0xb
 801 00ed 49       		.uleb128 0x49
 802 00ee 13       		.uleb128 0x13
 803 00ef 02       		.uleb128 0x2
 804 00f0 0A       		.uleb128 0xa
 805 00f1 00       		.byte	0x0
 806 00f2 00       		.byte	0x0
 807 00f3 12       		.uleb128 0x12
 808 00f4 34       		.uleb128 0x34
 809 00f5 00       		.byte	0x0
 810 00f6 03       		.uleb128 0x3
 811 00f7 0E       		.uleb128 0xe
 812 00f8 3A       		.uleb128 0x3a
 813 00f9 0B       		.uleb128 0xb
 814 00fa 3B       		.uleb128 0x3b
 815 00fb 05       		.uleb128 0x5
 816 00fc 49       		.uleb128 0x49
 817 00fd 13       		.uleb128 0x13
 818 00fe 3F       		.uleb128 0x3f
 819 00ff 0C       		.uleb128 0xc
 820 0100 3C       		.uleb128 0x3c
 821 0101 0C       		.uleb128 0xc
 822 0102 00       		.byte	0x0
 823 0103 00       		.byte	0x0
 824 0104 00       		.byte	0x0
 825              		.section	.debug_pubnames,"",%progbits
 826 0000 3F000000 		.4byte	0x3f
 827 0004 0200     		.2byte	0x2
 828 0006 00000000 		.4byte	.Ldebug_info0
 829 000a 43020000 		.4byte	0x243
 830 000e 88010000 		.4byte	0x188
 831 0012 70616C52 		.ascii	"palReadBus\000"
 831      65616442 
 831      757300
 832 001d BA010000 		.4byte	0x1ba
 833 0021 70616C57 		.ascii	"palWriteBus\000"
 833      72697465 
 833      42757300 
 834 002d F0010000 		.4byte	0x1f0
 835 0031 70616C53 		.ascii	"palSetBusMode\000"
 835      65744275 
 835      734D6F64 
ARM GAS  C:\Users\z80\AppData\Local\Temp\cc7PwUze.s 			page 16


 835      6500
 836 003f 00000000 		.4byte	0x0
 837              		.section	.debug_pubtypes,"",%progbits
 838 0000 80000000 		.4byte	0x80
 839 0004 0200     		.2byte	0x2
 840 0006 00000000 		.4byte	.Ldebug_info0
 841 000a 43020000 		.4byte	0x243
 842 000e 53000000 		.4byte	0x53
 843 0012 696E7433 		.ascii	"int32_t\000"
 843      325F7400 
 844 001a 65000000 		.4byte	0x65
 845 001e 75696E74 		.ascii	"uint32_t\000"
 845      33325F74 
 845      00
 846 0027 85000000 		.4byte	0x85
 847 002b 75696E74 		.ascii	"uint_fast8_t\000"
 847      5F666173 
 847      74385F74 
 847      00
 848 0038 17010000 		.4byte	0x117
 849 003c 4750494F 		.ascii	"GPIO_TypeDef\000"
 849      5F547970 
 849      65446566 
 849      00
 850 0049 23010000 		.4byte	0x123
 851 004d 696F706F 		.ascii	"ioportmask_t\000"
 851      72746D61 
 851      736B5F74 
 851      00
 852 005a 2E010000 		.4byte	0x12e
 853 005e 696F6D6F 		.ascii	"iomode_t\000"
 853      64655F74 
 853      00
 854 0067 39010000 		.4byte	0x139
 855 006b 696F706F 		.ascii	"ioportid_t\000"
 855      72746964 
 855      5F7400
 856 0076 7D010000 		.4byte	0x17d
 857 007a 494F4275 		.ascii	"IOBus\000"
 857      7300
 858 0080 00000000 		.4byte	0x0
 859              		.section	.debug_aranges,"",%progbits
 860 0000 2C000000 		.4byte	0x2c
 861 0004 0200     		.2byte	0x2
 862 0006 00000000 		.4byte	.Ldebug_info0
 863 000a 04       		.byte	0x4
 864 000b 00       		.byte	0x0
 865 000c 0000     		.2byte	0x0
 866 000e 0000     		.2byte	0x0
 867 0010 00000000 		.4byte	.LFB62
 868 0014 3C000000 		.4byte	.LFE62-.LFB62
 869 0018 00000000 		.4byte	.LFB63
 870 001c 5C000000 		.4byte	.LFE63-.LFB63
 871 0020 00000000 		.4byte	.LFB64
 872 0024 40000000 		.4byte	.LFE64-.LFB64
 873 0028 00000000 		.4byte	0x0
 874 002c 00000000 		.4byte	0x0
ARM GAS  C:\Users\z80\AppData\Local\Temp\cc7PwUze.s 			page 17


 875              		.section	.debug_ranges,"",%progbits
 876              	.Ldebug_ranges0:
 877 0000 00000000 		.4byte	.LFB62
 878 0004 3C000000 		.4byte	.LFE62
 879 0008 00000000 		.4byte	.LFB63
 880 000c 5C000000 		.4byte	.LFE63
 881 0010 00000000 		.4byte	.LFB64
 882 0014 40000000 		.4byte	.LFE64
 883 0018 00000000 		.4byte	0x0
 884 001c 00000000 		.4byte	0x0
 885              		.section	.debug_str,"MS",%progbits,1
 886              	.LASF14:
 887 0000 4C434B52 		.ascii	"LCKR\000"
 887      00
 888              	.LASF28:
 889 0005 474E5520 		.ascii	"GNU C 4.5.0\000"
 889      4320342E 
 889      352E3000 
 890              	.LASF11:
 891 0011 75696E74 		.ascii	"uint_fast8_t\000"
 891      5F666173 
 891      74385F74 
 891      00
 892              	.LASF13:
 893 001e 42535252 		.ascii	"BSRR\000"
 893      00
 894              	.LASF24:
 895 0023 70616C57 		.ascii	"palWriteBus\000"
 895      72697465 
 895      42757300 
 896              	.LASF29:
 897 002f 2E2E2F63 		.ascii	"../chibios_2.4.x/os/hal/src/pal.c\000"
 897      68696269 
 897      6F735F32 
 897      2E342E78 
 897      2F6F732F 
 898              	.LASF19:
 899 0051 706F7274 		.ascii	"portid\000"
 899      696400
 900              	.LASF16:
 901 0058 696F706F 		.ascii	"ioportmask_t\000"
 901      72746D61 
 901      736B5F74 
 901      00
 902              	.LASF17:
 903 0065 696F6D6F 		.ascii	"iomode_t\000"
 903      64655F74 
 903      00
 904              	.LASF2:
 905 006e 756E7369 		.ascii	"unsigned char\000"
 905      676E6564 
 905      20636861 
 905      7200
 906              	.LASF8:
 907 007c 6C6F6E67 		.ascii	"long unsigned int\000"
 907      20756E73 
 907      69676E65 
ARM GAS  C:\Users\z80\AppData\Local\Temp\cc7PwUze.s 			page 18


 907      6420696E 
 907      7400
 908              	.LASF4:
 909 008e 73686F72 		.ascii	"short unsigned int\000"
 909      7420756E 
 909      7369676E 
 909      65642069 
 909      6E7400
 910              	.LASF25:
 911 00a1 70616C53 		.ascii	"palSetBusMode\000"
 911      65744275 
 911      734D6F64 
 911      6500
 912              	.LASF27:
 913 00af 49544D5F 		.ascii	"ITM_RxBuffer\000"
 913      52784275 
 913      66666572 
 913      00
 914              	.LASF31:
 915 00bc 70616C52 		.ascii	"palReadBus\000"
 915      65616442 
 915      757300
 916              	.LASF0:
 917 00c7 756E7369 		.ascii	"unsigned int\000"
 917      676E6564 
 917      20696E74 
 917      00
 918              	.LASF15:
 919 00d4 4750494F 		.ascii	"GPIO_TypeDef\000"
 919      5F547970 
 919      65446566 
 919      00
 920              	.LASF12:
 921 00e1 63686172 		.ascii	"char\000"
 921      00
 922              	.LASF30:
 923 00e6 433A5C70 		.ascii	"C:\\projects\\voltamper.git\\firmware\\voltamp\000"
 923      726F6A65 
 923      6374735C 
 923      766F6C74 
 923      616D7065 
 924              	.LASF26:
 925 0111 6D6F6465 		.ascii	"mode\000"
 925      00
 926              	.LASF6:
 927 0116 696E7433 		.ascii	"int32_t\000"
 927      325F7400 
 928              	.LASF9:
 929 011e 6C6F6E67 		.ascii	"long long int\000"
 929      206C6F6E 
 929      6720696E 
 929      7400
 930              	.LASF20:
 931 012c 6D61736B 		.ascii	"mask\000"
 931      00
 932              	.LASF23:
 933 0131 62697473 		.ascii	"bits\000"
ARM GAS  C:\Users\z80\AppData\Local\Temp\cc7PwUze.s 			page 19


 933      00
 934              	.LASF21:
 935 0136 6F666673 		.ascii	"offset\000"
 935      657400
 936              	.LASF3:
 937 013d 73686F72 		.ascii	"short int\000"
 937      7420696E 
 937      7400
 938              	.LASF18:
 939 0147 696F706F 		.ascii	"ioportid_t\000"
 939      72746964 
 939      5F7400
 940              	.LASF7:
 941 0152 75696E74 		.ascii	"uint32_t\000"
 941      33325F74 
 941      00
 942              	.LASF5:
 943 015b 6C6F6E67 		.ascii	"long int\000"
 943      20696E74 
 943      00
 944              	.LASF1:
 945 0164 7369676E 		.ascii	"signed char\000"
 945      65642063 
 945      68617200 
 946              	.LASF10:
 947 0170 6C6F6E67 		.ascii	"long long unsigned int\000"
 947      206C6F6E 
 947      6720756E 
 947      7369676E 
 947      65642069 
 948              	.LASF22:
 949 0187 494F4275 		.ascii	"IOBus\000"
 949      7300
 950              		.ident	"GCC: (GNU) 4.5.0"
ARM GAS  C:\Users\z80\AppData\Local\Temp\cc7PwUze.s 			page 20


DEFINED SYMBOLS
                            *ABS*:00000000 pal.c
C:\Users\z80\AppData\Local\Temp\cc7PwUze.s:24     .rodata:00000000 $d
C:\Users\z80\AppData\Local\Temp\cc7PwUze.s:25     .rodata:00000000 .LC0
C:\Users\z80\AppData\Local\Temp\cc7PwUze.s:28     .text.palReadBus:00000000 $t
C:\Users\z80\AppData\Local\Temp\cc7PwUze.s:34     .text.palReadBus:00000000 palReadBus
C:\Users\z80\AppData\Local\Temp\cc7PwUze.s:83     .rodata:00000010 .LC1
C:\Users\z80\AppData\Local\Temp\cc7PwUze.s:86     .text.palWriteBus:00000000 $t
C:\Users\z80\AppData\Local\Temp\cc7PwUze.s:92     .text.palWriteBus:00000000 palWriteBus
C:\Users\z80\AppData\Local\Temp\cc7PwUze.s:151    .rodata:00000020 .LC2
C:\Users\z80\AppData\Local\Temp\cc7PwUze.s:154    .text.palSetBusMode:00000000 $t
C:\Users\z80\AppData\Local\Temp\cc7PwUze.s:160    .text.palSetBusMode:00000000 palSetBusMode
                     .debug_frame:00000010 $d

UNDEFINED SYMBOLS
chDbgPanic
_pal_lld_setgroupmode
