ARM GAS  C:\Users\z80\AppData\Local\Temp\cc6qpcMc.s 			page 1


   1              		.syntax unified
   2              		.cpu cortex-m3
   3              		.fpu softvfp
   4              		.eabi_attribute 20, 1
   5              		.eabi_attribute 21, 1
   6              		.eabi_attribute 23, 3
   7              		.eabi_attribute 24, 1
   8              		.eabi_attribute 25, 1
   9              		.eabi_attribute 26, 1
  10              		.eabi_attribute 30, 6
  11              		.eabi_attribute 18, 4
  12              		.thumb
  13              		.file	"pal_lld.c"
  14              		.section	.debug_abbrev,"",%progbits
  15              	.Ldebug_abbrev0:
  16              		.section	.debug_info,"",%progbits
  17              	.Ldebug_info0:
  18              		.section	.debug_line,"",%progbits
  19              	.Ldebug_line0:
  20 0000 7F010000 		.text
  20      02002301 
  20      00000201 
  20      FB0E0D00 
  20      01010101 
  21              	.Ltext0:
  22              		.cfi_sections	.debug_frame
  23              		.section	.text._pal_lld_init,"ax",%progbits
  24              		.align	2
  25              		.p2align 4,,15
  26              		.global	_pal_lld_init
  27              		.thumb
  28              		.thumb_func
  29              		.type	_pal_lld_init, %function
  30              	_pal_lld_init:
  31              	.LFB62:
  32              		.file 1 "../chibios_2.4.x/os/hal/platforms/STM32/GPIOv1/pal_lld.c"
  33              		.loc 1 84 0
  34              		.cfi_startproc
  35              		@ args = 0, pretend = 0, frame = 8
  36              		@ frame_needed = 0, uses_anonymous_args = 0
  37              		@ link register save eliminated.
  38 0000 82B0     		sub	sp, sp, #8
  39              	.LCFI0:
  40              		.cfi_def_cfa_offset 8
  41 0002 0190     		str	r0, [sp, #4]
  42              		.loc 1 89 0
  43 0004 4FF48053 		mov	r3, #4096
  44 0008 C4F20203 		movt	r3, 16386
  45 000c 4FF48052 		mov	r2, #4096
  46 0010 C4F20202 		movt	r2, 16386
  47 0014 9269     		ldr	r2, [r2, #24]
  48 0016 42F07D02 		orr	r2, r2, #125
  49 001a 9A61     		str	r2, [r3, #24]
  50              		.loc 1 94 0
  51 001c 4FF40063 		mov	r3, #2048
  52 0020 C4F20103 		movt	r3, 16385
  53 0024 019A     		ldr	r2, [sp, #4]
ARM GAS  C:\Users\z80\AppData\Local\Temp\cc6qpcMc.s 			page 2


  54 0026 1268     		ldr	r2, [r2, #0]
  55 0028 DA60     		str	r2, [r3, #12]
  56              		.loc 1 95 0
  57 002a 4FF40063 		mov	r3, #2048
  58 002e C4F20103 		movt	r3, 16385
  59 0032 019A     		ldr	r2, [sp, #4]
  60 0034 9268     		ldr	r2, [r2, #8]
  61 0036 5A60     		str	r2, [r3, #4]
  62              		.loc 1 96 0
  63 0038 4FF40063 		mov	r3, #2048
  64 003c C4F20103 		movt	r3, 16385
  65 0040 019A     		ldr	r2, [sp, #4]
  66 0042 5268     		ldr	r2, [r2, #4]
  67 0044 1A60     		str	r2, [r3, #0]
  68              		.loc 1 97 0
  69 0046 4FF44063 		mov	r3, #3072
  70 004a C4F20103 		movt	r3, 16385
  71 004e 019A     		ldr	r2, [sp, #4]
  72 0050 D268     		ldr	r2, [r2, #12]
  73 0052 DA60     		str	r2, [r3, #12]
  74              		.loc 1 98 0
  75 0054 4FF44063 		mov	r3, #3072
  76 0058 C4F20103 		movt	r3, 16385
  77 005c 019A     		ldr	r2, [sp, #4]
  78 005e 5269     		ldr	r2, [r2, #20]
  79 0060 5A60     		str	r2, [r3, #4]
  80              		.loc 1 99 0
  81 0062 4FF44063 		mov	r3, #3072
  82 0066 C4F20103 		movt	r3, 16385
  83 006a 019A     		ldr	r2, [sp, #4]
  84 006c 1269     		ldr	r2, [r2, #16]
  85 006e 1A60     		str	r2, [r3, #0]
  86              		.loc 1 100 0
  87 0070 4FF48053 		mov	r3, #4096
  88 0074 C4F20103 		movt	r3, 16385
  89 0078 019A     		ldr	r2, [sp, #4]
  90 007a 9269     		ldr	r2, [r2, #24]
  91 007c DA60     		str	r2, [r3, #12]
  92              		.loc 1 101 0
  93 007e 4FF48053 		mov	r3, #4096
  94 0082 C4F20103 		movt	r3, 16385
  95 0086 019A     		ldr	r2, [sp, #4]
  96 0088 126A     		ldr	r2, [r2, #32]
  97 008a 5A60     		str	r2, [r3, #4]
  98              		.loc 1 102 0
  99 008c 4FF48053 		mov	r3, #4096
 100 0090 C4F20103 		movt	r3, 16385
 101 0094 019A     		ldr	r2, [sp, #4]
 102 0096 D269     		ldr	r2, [r2, #28]
 103 0098 1A60     		str	r2, [r3, #0]
 104              		.loc 1 103 0
 105 009a 4FF4A053 		mov	r3, #5120
 106 009e C4F20103 		movt	r3, 16385
 107 00a2 019A     		ldr	r2, [sp, #4]
 108 00a4 526A     		ldr	r2, [r2, #36]
 109 00a6 DA60     		str	r2, [r3, #12]
 110              		.loc 1 104 0
ARM GAS  C:\Users\z80\AppData\Local\Temp\cc6qpcMc.s 			page 3


 111 00a8 4FF4A053 		mov	r3, #5120
 112 00ac C4F20103 		movt	r3, 16385
 113 00b0 019A     		ldr	r2, [sp, #4]
 114 00b2 D26A     		ldr	r2, [r2, #44]
 115 00b4 5A60     		str	r2, [r3, #4]
 116              		.loc 1 105 0
 117 00b6 4FF4A053 		mov	r3, #5120
 118 00ba C4F20103 		movt	r3, 16385
 119 00be 019A     		ldr	r2, [sp, #4]
 120 00c0 926A     		ldr	r2, [r2, #40]
 121 00c2 1A60     		str	r2, [r3, #0]
 122              		.loc 1 107 0
 123 00c4 4FF4C053 		mov	r3, #6144
 124 00c8 C4F20103 		movt	r3, 16385
 125 00cc 019A     		ldr	r2, [sp, #4]
 126 00ce 126B     		ldr	r2, [r2, #48]
 127 00d0 DA60     		str	r2, [r3, #12]
 128              		.loc 1 108 0
 129 00d2 4FF4C053 		mov	r3, #6144
 130 00d6 C4F20103 		movt	r3, 16385
 131 00da 019A     		ldr	r2, [sp, #4]
 132 00dc 926B     		ldr	r2, [r2, #56]
 133 00de 5A60     		str	r2, [r3, #4]
 134              		.loc 1 109 0
 135 00e0 4FF4C053 		mov	r3, #6144
 136 00e4 C4F20103 		movt	r3, 16385
 137 00e8 019A     		ldr	r2, [sp, #4]
 138 00ea 526B     		ldr	r2, [r2, #52]
 139 00ec 1A60     		str	r2, [r3, #0]
 140              		.loc 1 121 0
 141 00ee 02B0     		add	sp, sp, #8
 142 00f0 7047     		bx	lr
 143              		.cfi_endproc
 144              	.LFE62:
 145              		.size	_pal_lld_init, .-_pal_lld_init
 146 00f2 00BFAFF3 		.section	.text._pal_lld_setgroupmode,"ax",%progbits
 146      0080AFF3 
 146      0080AFF3 
 146      0080
 147              		.align	2
 148              		.p2align 4,,15
 149              		.global	_pal_lld_setgroupmode
 150              		.thumb
 151              		.thumb_func
 152              		.type	_pal_lld_setgroupmode, %function
 153              	_pal_lld_setgroupmode:
 154              	.LFB63:
 155              		.loc 1 140 0
 156              		.cfi_startproc
 157              		@ args = 0, pretend = 0, frame = 40
 158              		@ frame_needed = 0, uses_anonymous_args = 0
 159              		@ link register save eliminated.
 160 0000 8AB0     		sub	sp, sp, #40
 161              	.LCFI1:
 162              		.cfi_def_cfa_offset 40
 163 0002 0390     		str	r0, [sp, #12]
 164 0004 0291     		str	r1, [sp, #8]
ARM GAS  C:\Users\z80\AppData\Local\Temp\cc6qpcMc.s 			page 4


 165 0006 0192     		str	r2, [sp, #4]
 166              		.loc 1 164 0
 167 0008 019B     		ldr	r3, [sp, #4]
 168 000a 032B     		cmp	r3, #3
 169 000c 03D1     		bne	.L3
 170              		.loc 1 165 0
 171 000e 039B     		ldr	r3, [sp, #12]
 172 0010 029A     		ldr	r2, [sp, #8]
 173 0012 1A61     		str	r2, [r3, #16]
 174 0014 05E0     		b	.L4
 175              	.L3:
 176              		.loc 1 166 0
 177 0016 019B     		ldr	r3, [sp, #4]
 178 0018 042B     		cmp	r3, #4
 179 001a 02D1     		bne	.L4
 180              		.loc 1 167 0
 181 001c 039B     		ldr	r3, [sp, #12]
 182 001e 029A     		ldr	r2, [sp, #8]
 183 0020 5A61     		str	r2, [r3, #20]
 184              	.L4:
 185              		.loc 1 168 0
 186 0022 40F20003 		movw	r3, #:lower16:cfgtab.3307
 187 0026 C0F20003 		movt	r3, #:upper16:cfgtab.3307
 188 002a 019A     		ldr	r2, [sp, #4]
 189 002c 1344     		add	r3, r3, r2
 190 002e 1B78     		ldrb	r3, [r3, #0]	@ zero_extendqisi2
 191 0030 0493     		str	r3, [sp, #16]
 192              		.loc 1 169 0
 193 0032 4FF00003 		mov	r3, #0
 194 0036 0693     		str	r3, [sp, #24]
 195 0038 069B     		ldr	r3, [sp, #24]
 196 003a 0793     		str	r3, [sp, #28]
 197 003c 079B     		ldr	r3, [sp, #28]
 198 003e 0893     		str	r3, [sp, #32]
 199 0040 089B     		ldr	r3, [sp, #32]
 200 0042 0993     		str	r3, [sp, #36]
 201              		.loc 1 170 0
 202 0044 4FF00003 		mov	r3, #0
 203 0048 0593     		str	r3, [sp, #20]
 204 004a 35E0     		b	.L5
 205              	.L10:
 206              		.loc 1 171 0
 207 004c 089B     		ldr	r3, [sp, #32]
 208 004e 4FEA0313 		lsl	r3, r3, #4
 209 0052 0893     		str	r3, [sp, #32]
 210              		.loc 1 172 0
 211 0054 099B     		ldr	r3, [sp, #36]
 212 0056 4FEA0313 		lsl	r3, r3, #4
 213 005a 0993     		str	r3, [sp, #36]
 214              		.loc 1 173 0
 215 005c 069B     		ldr	r3, [sp, #24]
 216 005e 4FEA0313 		lsl	r3, r3, #4
 217 0062 0693     		str	r3, [sp, #24]
 218              		.loc 1 174 0
 219 0064 079B     		ldr	r3, [sp, #28]
 220 0066 4FEA0313 		lsl	r3, r3, #4
 221 006a 0793     		str	r3, [sp, #28]
ARM GAS  C:\Users\z80\AppData\Local\Temp\cc6qpcMc.s 			page 5


 222              		.loc 1 175 0
 223 006c 029B     		ldr	r3, [sp, #8]
 224 006e 03F08003 		and	r3, r3, #128
 225 0072 002B     		cmp	r3, #0
 226 0074 04D1     		bne	.L6
 227              		.loc 1 176 0
 228 0076 089B     		ldr	r3, [sp, #32]
 229 0078 43F00F03 		orr	r3, r3, #15
 230 007c 0893     		str	r3, [sp, #32]
 231 007e 04E0     		b	.L7
 232              	.L6:
 233              		.loc 1 178 0
 234 0080 069A     		ldr	r2, [sp, #24]
 235 0082 049B     		ldr	r3, [sp, #16]
 236 0084 42EA0303 		orr	r3, r2, r3
 237 0088 0693     		str	r3, [sp, #24]
 238              	.L7:
 239              		.loc 1 179 0
 240 008a 029B     		ldr	r3, [sp, #8]
 241 008c 03F40043 		and	r3, r3, #32768
 242 0090 002B     		cmp	r3, #0
 243 0092 04D1     		bne	.L8
 244              		.loc 1 180 0
 245 0094 099B     		ldr	r3, [sp, #36]
 246 0096 43F00F03 		orr	r3, r3, #15
 247 009a 0993     		str	r3, [sp, #36]
 248 009c 04E0     		b	.L9
 249              	.L8:
 250              		.loc 1 182 0
 251 009e 079A     		ldr	r2, [sp, #28]
 252 00a0 049B     		ldr	r3, [sp, #16]
 253 00a2 42EA0303 		orr	r3, r2, r3
 254 00a6 0793     		str	r3, [sp, #28]
 255              	.L9:
 256              		.loc 1 183 0
 257 00a8 029B     		ldr	r3, [sp, #8]
 258 00aa 4FEA4303 		lsl	r3, r3, #1
 259 00ae 0293     		str	r3, [sp, #8]
 260              		.loc 1 170 0
 261 00b0 059B     		ldr	r3, [sp, #20]
 262 00b2 03F10103 		add	r3, r3, #1
 263 00b6 0593     		str	r3, [sp, #20]
 264              	.L5:
 265              		.loc 1 170 0 is_stmt 0 discriminator 1
 266 00b8 059B     		ldr	r3, [sp, #20]
 267 00ba 072B     		cmp	r3, #7
 268 00bc C6D9     		bls	.L10
 269              		.loc 1 185 0 is_stmt 1
 270 00be 039B     		ldr	r3, [sp, #12]
 271 00c0 5A68     		ldr	r2, [r3, #4]
 272 00c2 099B     		ldr	r3, [sp, #36]
 273 00c4 02EA0302 		and	r2, r2, r3
 274 00c8 079B     		ldr	r3, [sp, #28]
 275 00ca 42EA0302 		orr	r2, r2, r3
 276 00ce 039B     		ldr	r3, [sp, #12]
 277 00d0 5A60     		str	r2, [r3, #4]
 278              		.loc 1 186 0
ARM GAS  C:\Users\z80\AppData\Local\Temp\cc6qpcMc.s 			page 6


 279 00d2 039B     		ldr	r3, [sp, #12]
 280 00d4 1A68     		ldr	r2, [r3, #0]
 281 00d6 089B     		ldr	r3, [sp, #32]
 282 00d8 02EA0302 		and	r2, r2, r3
 283 00dc 069B     		ldr	r3, [sp, #24]
 284 00de 42EA0302 		orr	r2, r2, r3
 285 00e2 039B     		ldr	r3, [sp, #12]
 286 00e4 1A60     		str	r2, [r3, #0]
 287              		.loc 1 187 0
 288 00e6 0AB0     		add	sp, sp, #40
 289 00e8 7047     		bx	lr
 290              		.cfi_endproc
 291              	.LFE63:
 292              		.size	_pal_lld_setgroupmode, .-_pal_lld_setgroupmode
 293 00ea 00BFAFF3 		.section	.rodata.cfgtab.3307,"a",%progbits
 293      0080
 294              		.align	2
 295              		.type	cfgtab.3307, %object
 296              		.size	cfgtab.3307, 18
 297              	cfgtab.3307:
 298 0000 04       		.byte	4
 299 0001 02       		.byte	2
 300 0002 04       		.byte	4
 301 0003 08       		.byte	8
 302 0004 08       		.byte	8
 303 0005 00       		.byte	0
 304 0006 03       		.byte	3
 305 0007 07       		.byte	7
 306 0008 08       		.byte	8
 307 0009 08       		.byte	8
 308 000a 08       		.byte	8
 309 000b 08       		.byte	8
 310 000c 08       		.byte	8
 311 000d 08       		.byte	8
 312 000e 08       		.byte	8
 313 000f 08       		.byte	8
 314 0010 0B       		.byte	11
 315 0011 0F       		.byte	15
 316 0012 0000     		.text
 317              	.Letext0:
 318              		.section	.debug_loc,"",%progbits
 319              	.Ldebug_loc0:
 320              	.LLST0:
 321 0000 00000000 		.4byte	.LFB62
 322 0004 02000000 		.4byte	.LCFI0
 323 0008 0200     		.2byte	0x2
 324 000a 7D       		.byte	0x7d
 325 000b 00       		.sleb128 0
 326 000c 02000000 		.4byte	.LCFI0
 327 0010 F2000000 		.4byte	.LFE62
 328 0014 0200     		.2byte	0x2
 329 0016 7D       		.byte	0x7d
 330 0017 08       		.sleb128 8
 331 0018 00000000 		.4byte	0x0
 332 001c 00000000 		.4byte	0x0
 333              	.LLST1:
 334 0020 00000000 		.4byte	.LFB63
ARM GAS  C:\Users\z80\AppData\Local\Temp\cc6qpcMc.s 			page 7


 335 0024 02000000 		.4byte	.LCFI1
 336 0028 0200     		.2byte	0x2
 337 002a 7D       		.byte	0x7d
 338 002b 00       		.sleb128 0
 339 002c 02000000 		.4byte	.LCFI1
 340 0030 EA000000 		.4byte	.LFE63
 341 0034 0200     		.2byte	0x2
 342 0036 7D       		.byte	0x7d
 343 0037 28       		.sleb128 40
 344 0038 00000000 		.4byte	0x0
 345 003c 00000000 		.4byte	0x0
 346              		.file 2 "c:/programs/yagarto/lib/gcc/../../arm-none-eabi/sys-include/stdint.h"
 347              		.file 3 "../chibios_2.4.x/os/hal/platforms/STM32F1xx/stm32f10x.h"
 348              		.file 4 "../chibios_2.4.x/os/hal/platforms/STM32/GPIOv1/pal_lld.h"
 349              		.file 5 "../chibios_2.4.x/os/ports/common/ARMCMx/CMSIS/include/core_cm3.h"
 350              		.section	.debug_info
 351 0000 93030000 		.4byte	0x393
 352 0004 0200     		.2byte	0x2
 353 0006 00000000 		.4byte	.Ldebug_abbrev0
 354 000a 04       		.byte	0x4
 355 000b 01       		.uleb128 0x1
 356 000c F7000000 		.4byte	.LASF42
 357 0010 01       		.byte	0x1
 358 0011 65010000 		.4byte	.LASF43
 359 0015 BB000000 		.4byte	.LASF44
 360 0019 00000000 		.4byte	0x0
 361 001d 00000000 		.4byte	0x0
 362 0021 00000000 		.4byte	.Ldebug_ranges0+0x0
 363 0025 00000000 		.4byte	.Ldebug_line0
 364 0029 02       		.uleb128 0x2
 365 002a 04       		.byte	0x4
 366 002b 05       		.byte	0x5
 367 002c 696E7400 		.ascii	"int\000"
 368 0030 03       		.uleb128 0x3
 369 0031 04       		.byte	0x4
 370 0032 07       		.byte	0x7
 371 0033 34000000 		.4byte	.LASF0
 372 0037 03       		.uleb128 0x3
 373 0038 01       		.byte	0x1
 374 0039 06       		.byte	0x6
 375 003a EF010000 		.4byte	.LASF1
 376 003e 04       		.uleb128 0x4
 377 003f 36010000 		.4byte	.LASF5
 378 0043 02       		.byte	0x2
 379 0044 2A       		.byte	0x2a
 380 0045 49000000 		.4byte	0x49
 381 0049 03       		.uleb128 0x3
 382 004a 01       		.byte	0x1
 383 004b 08       		.byte	0x8
 384 004c 67000000 		.4byte	.LASF2
 385 0050 03       		.uleb128 0x3
 386 0051 02       		.byte	0x2
 387 0052 05       		.byte	0x5
 388 0053 A8010000 		.4byte	.LASF3
 389 0057 03       		.uleb128 0x3
 390 0058 02       		.byte	0x2
 391 0059 07       		.byte	0x7
ARM GAS  C:\Users\z80\AppData\Local\Temp\cc6qpcMc.s 			page 8


 392 005a A8000000 		.4byte	.LASF4
 393 005e 04       		.uleb128 0x4
 394 005f 55010000 		.4byte	.LASF6
 395 0063 02       		.byte	0x2
 396 0064 4F       		.byte	0x4f
 397 0065 69000000 		.4byte	0x69
 398 0069 03       		.uleb128 0x3
 399 006a 04       		.byte	0x4
 400 006b 05       		.byte	0x5
 401 006c D9010000 		.4byte	.LASF7
 402 0070 04       		.uleb128 0x4
 403 0071 D0010000 		.4byte	.LASF8
 404 0075 02       		.byte	0x2
 405 0076 50       		.byte	0x50
 406 0077 7B000000 		.4byte	0x7b
 407 007b 03       		.uleb128 0x3
 408 007c 04       		.byte	0x4
 409 007d 07       		.byte	0x7
 410 007e 96000000 		.4byte	.LASF9
 411 0082 03       		.uleb128 0x3
 412 0083 08       		.byte	0x8
 413 0084 05       		.byte	0x5
 414 0085 00000000 		.4byte	.LASF10
 415 0089 03       		.uleb128 0x3
 416 008a 08       		.byte	0x8
 417 008b 07       		.byte	0x7
 418 008c FB010000 		.4byte	.LASF11
 419 0090 05       		.uleb128 0x5
 420 0091 70000000 		.4byte	0x70
 421 0095 06       		.uleb128 0x6
 422 0096 04       		.byte	0x4
 423 0097 07       		.byte	0x7
 424 0098 03       		.uleb128 0x3
 425 0099 01       		.byte	0x1
 426 009a 08       		.byte	0x8
 427 009b 31010000 		.4byte	.LASF12
 428 009f 05       		.uleb128 0x5
 429 00a0 5E000000 		.4byte	0x5e
 430 00a4 07       		.uleb128 0x7
 431 00a5 1C       		.byte	0x1c
 432 00a6 03       		.byte	0x3
 433 00a7 F803     		.2byte	0x3f8
 434 00a9 17010000 		.4byte	0x117
 435 00ad 08       		.uleb128 0x8
 436 00ae 43524C00 		.ascii	"CRL\000"
 437 00b2 03       		.byte	0x3
 438 00b3 FA03     		.2byte	0x3fa
 439 00b5 90000000 		.4byte	0x90
 440 00b9 02       		.byte	0x2
 441 00ba 23       		.byte	0x23
 442 00bb 00       		.uleb128 0x0
 443 00bc 08       		.uleb128 0x8
 444 00bd 43524800 		.ascii	"CRH\000"
 445 00c1 03       		.byte	0x3
 446 00c2 FB03     		.2byte	0x3fb
 447 00c4 90000000 		.4byte	0x90
 448 00c8 02       		.byte	0x2
ARM GAS  C:\Users\z80\AppData\Local\Temp\cc6qpcMc.s 			page 9


 449 00c9 23       		.byte	0x23
 450 00ca 04       		.uleb128 0x4
 451 00cb 08       		.uleb128 0x8
 452 00cc 49445200 		.ascii	"IDR\000"
 453 00d0 03       		.byte	0x3
 454 00d1 FC03     		.2byte	0x3fc
 455 00d3 90000000 		.4byte	0x90
 456 00d7 02       		.byte	0x2
 457 00d8 23       		.byte	0x23
 458 00d9 08       		.uleb128 0x8
 459 00da 08       		.uleb128 0x8
 460 00db 4F445200 		.ascii	"ODR\000"
 461 00df 03       		.byte	0x3
 462 00e0 FD03     		.2byte	0x3fd
 463 00e2 90000000 		.4byte	0x90
 464 00e6 02       		.byte	0x2
 465 00e7 23       		.byte	0x23
 466 00e8 0C       		.uleb128 0xc
 467 00e9 09       		.uleb128 0x9
 468 00ea 28000000 		.4byte	.LASF13
 469 00ee 03       		.byte	0x3
 470 00ef FE03     		.2byte	0x3fe
 471 00f1 90000000 		.4byte	0x90
 472 00f5 02       		.byte	0x2
 473 00f6 23       		.byte	0x23
 474 00f7 10       		.uleb128 0x10
 475 00f8 08       		.uleb128 0x8
 476 00f9 42525200 		.ascii	"BRR\000"
 477 00fd 03       		.byte	0x3
 478 00fe FF03     		.2byte	0x3ff
 479 0100 90000000 		.4byte	0x90
 480 0104 02       		.byte	0x2
 481 0105 23       		.byte	0x23
 482 0106 14       		.uleb128 0x14
 483 0107 09       		.uleb128 0x9
 484 0108 12020000 		.4byte	.LASF14
 485 010c 03       		.byte	0x3
 486 010d 0004     		.2byte	0x400
 487 010f 90000000 		.4byte	0x90
 488 0113 02       		.byte	0x2
 489 0114 23       		.byte	0x23
 490 0115 18       		.uleb128 0x18
 491 0116 00       		.byte	0x0
 492 0117 0A       		.uleb128 0xa
 493 0118 E2010000 		.4byte	.LASF15
 494 011c 03       		.byte	0x3
 495 011d 0104     		.2byte	0x401
 496 011f A4000000 		.4byte	0xa4
 497 0123 07       		.uleb128 0x7
 498 0124 28       		.byte	0x28
 499 0125 03       		.byte	0x3
 500 0126 4304     		.2byte	0x443
 501 0128 C2010000 		.4byte	0x1c2
 502 012c 08       		.uleb128 0x8
 503 012d 435200   		.ascii	"CR\000"
 504 0130 03       		.byte	0x3
 505 0131 4504     		.2byte	0x445
ARM GAS  C:\Users\z80\AppData\Local\Temp\cc6qpcMc.s 			page 10


 506 0133 90000000 		.4byte	0x90
 507 0137 02       		.byte	0x2
 508 0138 23       		.byte	0x23
 509 0139 00       		.uleb128 0x0
 510 013a 09       		.uleb128 0x9
 511 013b 43010000 		.4byte	.LASF16
 512 013f 03       		.byte	0x3
 513 0140 4604     		.2byte	0x446
 514 0142 90000000 		.4byte	0x90
 515 0146 02       		.byte	0x2
 516 0147 23       		.byte	0x23
 517 0148 04       		.uleb128 0x4
 518 0149 08       		.uleb128 0x8
 519 014a 43495200 		.ascii	"CIR\000"
 520 014e 03       		.byte	0x3
 521 014f 4704     		.2byte	0x447
 522 0151 90000000 		.4byte	0x90
 523 0155 02       		.byte	0x2
 524 0156 23       		.byte	0x23
 525 0157 08       		.uleb128 0x8
 526 0158 09       		.uleb128 0x9
 527 0159 0B010000 		.4byte	.LASF17
 528 015d 03       		.byte	0x3
 529 015e 4804     		.2byte	0x448
 530 0160 90000000 		.4byte	0x90
 531 0164 02       		.byte	0x2
 532 0165 23       		.byte	0x23
 533 0166 0C       		.uleb128 0xc
 534 0167 09       		.uleb128 0x9
 535 0168 57000000 		.4byte	.LASF18
 536 016c 03       		.byte	0x3
 537 016d 4904     		.2byte	0x449
 538 016f 90000000 		.4byte	0x90
 539 0173 02       		.byte	0x2
 540 0174 23       		.byte	0x23
 541 0175 10       		.uleb128 0x10
 542 0176 09       		.uleb128 0x9
 543 0177 2D000000 		.4byte	.LASF19
 544 017b 03       		.byte	0x3
 545 017c 4A04     		.2byte	0x44a
 546 017e 90000000 		.4byte	0x90
 547 0182 02       		.byte	0x2
 548 0183 23       		.byte	0x23
 549 0184 14       		.uleb128 0x14
 550 0185 09       		.uleb128 0x9
 551 0186 5D010000 		.4byte	.LASF20
 552 018a 03       		.byte	0x3
 553 018b 4B04     		.2byte	0x44b
 554 018d 90000000 		.4byte	0x90
 555 0191 02       		.byte	0x2
 556 0192 23       		.byte	0x23
 557 0193 18       		.uleb128 0x18
 558 0194 09       		.uleb128 0x9
 559 0195 03010000 		.4byte	.LASF21
 560 0199 03       		.byte	0x3
 561 019a 4C04     		.2byte	0x44c
 562 019c 90000000 		.4byte	0x90
ARM GAS  C:\Users\z80\AppData\Local\Temp\cc6qpcMc.s 			page 11


 563 01a0 02       		.byte	0x2
 564 01a1 23       		.byte	0x23
 565 01a2 1C       		.uleb128 0x1c
 566 01a3 09       		.uleb128 0x9
 567 01a4 0E000000 		.4byte	.LASF22
 568 01a8 03       		.byte	0x3
 569 01a9 4D04     		.2byte	0x44d
 570 01ab 90000000 		.4byte	0x90
 571 01af 02       		.byte	0x2
 572 01b0 23       		.byte	0x23
 573 01b1 20       		.uleb128 0x20
 574 01b2 08       		.uleb128 0x8
 575 01b3 43535200 		.ascii	"CSR\000"
 576 01b7 03       		.byte	0x3
 577 01b8 4E04     		.2byte	0x44e
 578 01ba 90000000 		.4byte	0x90
 579 01be 02       		.byte	0x2
 580 01bf 23       		.byte	0x23
 581 01c0 24       		.uleb128 0x24
 582 01c1 00       		.byte	0x0
 583 01c2 0A       		.uleb128 0xa
 584 01c3 C4010000 		.4byte	.LASF23
 585 01c7 03       		.byte	0x3
 586 01c8 5904     		.2byte	0x459
 587 01ca 23010000 		.4byte	0x123
 588 01ce 0B       		.uleb128 0xb
 589 01cf 0C       		.byte	0xc
 590 01d0 04       		.byte	0x4
 591 01d1 43       		.byte	0x43
 592 01d2 01020000 		.4byte	0x201
 593 01d6 0C       		.uleb128 0xc
 594 01d7 6F647200 		.ascii	"odr\000"
 595 01db 04       		.byte	0x4
 596 01dc 45       		.byte	0x45
 597 01dd 70000000 		.4byte	0x70
 598 01e1 02       		.byte	0x2
 599 01e2 23       		.byte	0x23
 600 01e3 00       		.uleb128 0x0
 601 01e4 0C       		.uleb128 0xc
 602 01e5 63726C00 		.ascii	"crl\000"
 603 01e9 04       		.byte	0x4
 604 01ea 47       		.byte	0x47
 605 01eb 70000000 		.4byte	0x70
 606 01ef 02       		.byte	0x2
 607 01f0 23       		.byte	0x23
 608 01f1 04       		.uleb128 0x4
 609 01f2 0C       		.uleb128 0xc
 610 01f3 63726800 		.ascii	"crh\000"
 611 01f7 04       		.byte	0x4
 612 01f8 49       		.byte	0x49
 613 01f9 70000000 		.4byte	0x70
 614 01fd 02       		.byte	0x2
 615 01fe 23       		.byte	0x23
 616 01ff 08       		.uleb128 0x8
 617 0200 00       		.byte	0x0
 618 0201 04       		.uleb128 0x4
 619 0202 75000000 		.4byte	.LASF24
ARM GAS  C:\Users\z80\AppData\Local\Temp\cc6qpcMc.s 			page 12


 620 0206 04       		.byte	0x4
 621 0207 4A       		.byte	0x4a
 622 0208 CE010000 		.4byte	0x1ce
 623 020c 0B       		.uleb128 0xb
 624 020d 3C       		.byte	0x3c
 625 020e 04       		.byte	0x4
 626 020f 53       		.byte	0x53
 627 0210 5B020000 		.4byte	0x25b
 628 0214 0D       		.uleb128 0xd
 629 0215 88000000 		.4byte	.LASF25
 630 0219 04       		.byte	0x4
 631 021a 55       		.byte	0x55
 632 021b 01020000 		.4byte	0x201
 633 021f 02       		.byte	0x2
 634 0220 23       		.byte	0x23
 635 0221 00       		.uleb128 0x0
 636 0222 0D       		.uleb128 0xd
 637 0223 2A010000 		.4byte	.LASF26
 638 0227 04       		.byte	0x4
 639 0228 57       		.byte	0x57
 640 0229 01020000 		.4byte	0x201
 641 022d 02       		.byte	0x2
 642 022e 23       		.byte	0x23
 643 022f 0C       		.uleb128 0xc
 644 0230 0D       		.uleb128 0xd
 645 0231 B2010000 		.4byte	.LASF27
 646 0235 04       		.byte	0x4
 647 0236 59       		.byte	0x59
 648 0237 01020000 		.4byte	0x201
 649 023b 02       		.byte	0x2
 650 023c 23       		.byte	0x23
 651 023d 18       		.uleb128 0x18
 652 023e 0D       		.uleb128 0xd
 653 023f 13000000 		.4byte	.LASF28
 654 0243 04       		.byte	0x4
 655 0244 5B       		.byte	0x5b
 656 0245 01020000 		.4byte	0x201
 657 0249 02       		.byte	0x2
 658 024a 23       		.byte	0x23
 659 024b 24       		.uleb128 0x24
 660 024c 0D       		.uleb128 0xd
 661 024d 60000000 		.4byte	.LASF29
 662 0251 04       		.byte	0x4
 663 0252 5E       		.byte	0x5e
 664 0253 01020000 		.4byte	0x201
 665 0257 02       		.byte	0x2
 666 0258 23       		.byte	0x23
 667 0259 30       		.uleb128 0x30
 668 025a 00       		.byte	0x0
 669 025b 04       		.uleb128 0x4
 670 025c ED000000 		.4byte	.LASF30
 671 0260 04       		.byte	0x4
 672 0261 68       		.byte	0x68
 673 0262 0C020000 		.4byte	0x20c
 674 0266 04       		.uleb128 0x4
 675 0267 41000000 		.4byte	.LASF31
 676 026b 04       		.byte	0x4
ARM GAS  C:\Users\z80\AppData\Local\Temp\cc6qpcMc.s 			page 13


 677 026c 78       		.byte	0x78
 678 026d 70000000 		.4byte	0x70
 679 0271 04       		.uleb128 0x4
 680 0272 4E000000 		.4byte	.LASF32
 681 0276 04       		.byte	0x4
 682 0277 7D       		.byte	0x7d
 683 0278 70000000 		.4byte	0x70
 684 027c 04       		.uleb128 0x4
 685 027d B9010000 		.4byte	.LASF33
 686 0281 04       		.byte	0x4
 687 0282 85       		.byte	0x85
 688 0283 87020000 		.4byte	0x287
 689 0287 0E       		.uleb128 0xe
 690 0288 04       		.byte	0x4
 691 0289 17010000 		.4byte	0x117
 692 028d 0F       		.uleb128 0xf
 693 028e 01       		.byte	0x1
 694 028f 1A000000 		.4byte	.LASF34
 695 0293 01       		.byte	0x1
 696 0294 54       		.byte	0x54
 697 0295 01       		.byte	0x1
 698 0296 00000000 		.4byte	.LFB62
 699 029a F2000000 		.4byte	.LFE62
 700 029e 00000000 		.4byte	.LLST0
 701 02a2 B5020000 		.4byte	0x2b5
 702 02a6 10       		.uleb128 0x10
 703 02a7 E6000000 		.4byte	.LASF36
 704 02ab 01       		.byte	0x1
 705 02ac 54       		.byte	0x54
 706 02ad B5020000 		.4byte	0x2b5
 707 02b1 02       		.byte	0x2
 708 02b2 91       		.byte	0x91
 709 02b3 7C       		.sleb128 -4
 710 02b4 00       		.byte	0x0
 711 02b5 0E       		.uleb128 0xe
 712 02b6 04       		.byte	0x4
 713 02b7 BB020000 		.4byte	0x2bb
 714 02bb 11       		.uleb128 0x11
 715 02bc 5B020000 		.4byte	0x25b
 716 02c0 0F       		.uleb128 0xf
 717 02c1 01       		.byte	0x1
 718 02c2 14010000 		.4byte	.LASF35
 719 02c6 01       		.byte	0x1
 720 02c7 8A       		.byte	0x8a
 721 02c8 01       		.byte	0x1
 722 02c9 00000000 		.4byte	.LFB63
 723 02cd EA000000 		.4byte	.LFE63
 724 02d1 20000000 		.4byte	.LLST1
 725 02d5 65030000 		.4byte	0x365
 726 02d9 10       		.uleb128 0x10
 727 02da A3010000 		.4byte	.LASF37
 728 02de 01       		.byte	0x1
 729 02df 8A       		.byte	0x8a
 730 02e0 7C020000 		.4byte	0x27c
 731 02e4 02       		.byte	0x2
 732 02e5 91       		.byte	0x91
 733 02e6 64       		.sleb128 -28
ARM GAS  C:\Users\z80\AppData\Local\Temp\cc6qpcMc.s 			page 14


 734 02e7 10       		.uleb128 0x10
 735 02e8 9E010000 		.4byte	.LASF38
 736 02ec 01       		.byte	0x1
 737 02ed 8B       		.byte	0x8b
 738 02ee 66020000 		.4byte	0x266
 739 02f2 02       		.byte	0x2
 740 02f3 91       		.byte	0x91
 741 02f4 60       		.sleb128 -32
 742 02f5 10       		.uleb128 0x10
 743 02f6 3E010000 		.4byte	.LASF39
 744 02fa 01       		.byte	0x1
 745 02fb 8C       		.byte	0x8c
 746 02fc 71020000 		.4byte	0x271
 747 0300 02       		.byte	0x2
 748 0301 91       		.byte	0x91
 749 0302 5C       		.sleb128 -36
 750 0303 12       		.uleb128 0x12
 751 0304 8F000000 		.4byte	.LASF40
 752 0308 01       		.byte	0x1
 753 0309 8D       		.byte	0x8d
 754 030a 75030000 		.4byte	0x375
 755 030e 05       		.byte	0x5
 756 030f 03       		.byte	0x3
 757 0310 00000000 		.4byte	cfgtab.3307
 758 0314 13       		.uleb128 0x13
 759 0315 6D6800   		.ascii	"mh\000"
 760 0318 01       		.byte	0x1
 761 0319 A1       		.byte	0xa1
 762 031a 70000000 		.4byte	0x70
 763 031e 02       		.byte	0x2
 764 031f 91       		.byte	0x91
 765 0320 7C       		.sleb128 -4
 766 0321 13       		.uleb128 0x13
 767 0322 6D6C00   		.ascii	"ml\000"
 768 0325 01       		.byte	0x1
 769 0326 A1       		.byte	0xa1
 770 0327 70000000 		.4byte	0x70
 771 032b 02       		.byte	0x2
 772 032c 91       		.byte	0x91
 773 032d 78       		.sleb128 -8
 774 032e 13       		.uleb128 0x13
 775 032f 63726800 		.ascii	"crh\000"
 776 0333 01       		.byte	0x1
 777 0334 A1       		.byte	0xa1
 778 0335 70000000 		.4byte	0x70
 779 0339 02       		.byte	0x2
 780 033a 91       		.byte	0x91
 781 033b 74       		.sleb128 -12
 782 033c 13       		.uleb128 0x13
 783 033d 63726C00 		.ascii	"crl\000"
 784 0341 01       		.byte	0x1
 785 0342 A1       		.byte	0xa1
 786 0343 70000000 		.4byte	0x70
 787 0347 02       		.byte	0x2
 788 0348 91       		.byte	0x91
 789 0349 70       		.sleb128 -16
 790 034a 13       		.uleb128 0x13
ARM GAS  C:\Users\z80\AppData\Local\Temp\cc6qpcMc.s 			page 15


 791 034b 63666700 		.ascii	"cfg\000"
 792 034f 01       		.byte	0x1
 793 0350 A1       		.byte	0xa1
 794 0351 70000000 		.4byte	0x70
 795 0355 02       		.byte	0x2
 796 0356 91       		.byte	0x91
 797 0357 68       		.sleb128 -24
 798 0358 13       		.uleb128 0x13
 799 0359 6900     		.ascii	"i\000"
 800 035b 01       		.byte	0x1
 801 035c A2       		.byte	0xa2
 802 035d 30000000 		.4byte	0x30
 803 0361 02       		.byte	0x2
 804 0362 91       		.byte	0x91
 805 0363 6C       		.sleb128 -20
 806 0364 00       		.byte	0x0
 807 0365 14       		.uleb128 0x14
 808 0366 3E000000 		.4byte	0x3e
 809 036a 75030000 		.4byte	0x375
 810 036e 15       		.uleb128 0x15
 811 036f 95000000 		.4byte	0x95
 812 0373 11       		.byte	0x11
 813 0374 00       		.byte	0x0
 814 0375 11       		.uleb128 0x11
 815 0376 65030000 		.4byte	0x365
 816 037a 16       		.uleb128 0x16
 817 037b 48010000 		.4byte	.LASF41
 818 037f 05       		.byte	0x5
 819 0380 9404     		.2byte	0x494
 820 0382 9F000000 		.4byte	0x9f
 821 0386 01       		.byte	0x1
 822 0387 01       		.byte	0x1
 823 0388 16       		.uleb128 0x16
 824 0389 48010000 		.4byte	.LASF41
 825 038d 05       		.byte	0x5
 826 038e 9404     		.2byte	0x494
 827 0390 9F000000 		.4byte	0x9f
 828 0394 01       		.byte	0x1
 829 0395 01       		.byte	0x1
 830 0396 00       		.byte	0x0
 831              		.section	.debug_abbrev
 832 0000 01       		.uleb128 0x1
 833 0001 11       		.uleb128 0x11
 834 0002 01       		.byte	0x1
 835 0003 25       		.uleb128 0x25
 836 0004 0E       		.uleb128 0xe
 837 0005 13       		.uleb128 0x13
 838 0006 0B       		.uleb128 0xb
 839 0007 03       		.uleb128 0x3
 840 0008 0E       		.uleb128 0xe
 841 0009 1B       		.uleb128 0x1b
 842 000a 0E       		.uleb128 0xe
 843 000b 11       		.uleb128 0x11
 844 000c 01       		.uleb128 0x1
 845 000d 52       		.uleb128 0x52
 846 000e 01       		.uleb128 0x1
 847 000f 55       		.uleb128 0x55
ARM GAS  C:\Users\z80\AppData\Local\Temp\cc6qpcMc.s 			page 16


 848 0010 06       		.uleb128 0x6
 849 0011 10       		.uleb128 0x10
 850 0012 06       		.uleb128 0x6
 851 0013 00       		.byte	0x0
 852 0014 00       		.byte	0x0
 853 0015 02       		.uleb128 0x2
 854 0016 24       		.uleb128 0x24
 855 0017 00       		.byte	0x0
 856 0018 0B       		.uleb128 0xb
 857 0019 0B       		.uleb128 0xb
 858 001a 3E       		.uleb128 0x3e
 859 001b 0B       		.uleb128 0xb
 860 001c 03       		.uleb128 0x3
 861 001d 08       		.uleb128 0x8
 862 001e 00       		.byte	0x0
 863 001f 00       		.byte	0x0
 864 0020 03       		.uleb128 0x3
 865 0021 24       		.uleb128 0x24
 866 0022 00       		.byte	0x0
 867 0023 0B       		.uleb128 0xb
 868 0024 0B       		.uleb128 0xb
 869 0025 3E       		.uleb128 0x3e
 870 0026 0B       		.uleb128 0xb
 871 0027 03       		.uleb128 0x3
 872 0028 0E       		.uleb128 0xe
 873 0029 00       		.byte	0x0
 874 002a 00       		.byte	0x0
 875 002b 04       		.uleb128 0x4
 876 002c 16       		.uleb128 0x16
 877 002d 00       		.byte	0x0
 878 002e 03       		.uleb128 0x3
 879 002f 0E       		.uleb128 0xe
 880 0030 3A       		.uleb128 0x3a
 881 0031 0B       		.uleb128 0xb
 882 0032 3B       		.uleb128 0x3b
 883 0033 0B       		.uleb128 0xb
 884 0034 49       		.uleb128 0x49
 885 0035 13       		.uleb128 0x13
 886 0036 00       		.byte	0x0
 887 0037 00       		.byte	0x0
 888 0038 05       		.uleb128 0x5
 889 0039 35       		.uleb128 0x35
 890 003a 00       		.byte	0x0
 891 003b 49       		.uleb128 0x49
 892 003c 13       		.uleb128 0x13
 893 003d 00       		.byte	0x0
 894 003e 00       		.byte	0x0
 895 003f 06       		.uleb128 0x6
 896 0040 24       		.uleb128 0x24
 897 0041 00       		.byte	0x0
 898 0042 0B       		.uleb128 0xb
 899 0043 0B       		.uleb128 0xb
 900 0044 3E       		.uleb128 0x3e
 901 0045 0B       		.uleb128 0xb
 902 0046 00       		.byte	0x0
 903 0047 00       		.byte	0x0
 904 0048 07       		.uleb128 0x7
ARM GAS  C:\Users\z80\AppData\Local\Temp\cc6qpcMc.s 			page 17


 905 0049 13       		.uleb128 0x13
 906 004a 01       		.byte	0x1
 907 004b 0B       		.uleb128 0xb
 908 004c 0B       		.uleb128 0xb
 909 004d 3A       		.uleb128 0x3a
 910 004e 0B       		.uleb128 0xb
 911 004f 3B       		.uleb128 0x3b
 912 0050 05       		.uleb128 0x5
 913 0051 01       		.uleb128 0x1
 914 0052 13       		.uleb128 0x13
 915 0053 00       		.byte	0x0
 916 0054 00       		.byte	0x0
 917 0055 08       		.uleb128 0x8
 918 0056 0D       		.uleb128 0xd
 919 0057 00       		.byte	0x0
 920 0058 03       		.uleb128 0x3
 921 0059 08       		.uleb128 0x8
 922 005a 3A       		.uleb128 0x3a
 923 005b 0B       		.uleb128 0xb
 924 005c 3B       		.uleb128 0x3b
 925 005d 05       		.uleb128 0x5
 926 005e 49       		.uleb128 0x49
 927 005f 13       		.uleb128 0x13
 928 0060 38       		.uleb128 0x38
 929 0061 0A       		.uleb128 0xa
 930 0062 00       		.byte	0x0
 931 0063 00       		.byte	0x0
 932 0064 09       		.uleb128 0x9
 933 0065 0D       		.uleb128 0xd
 934 0066 00       		.byte	0x0
 935 0067 03       		.uleb128 0x3
 936 0068 0E       		.uleb128 0xe
 937 0069 3A       		.uleb128 0x3a
 938 006a 0B       		.uleb128 0xb
 939 006b 3B       		.uleb128 0x3b
 940 006c 05       		.uleb128 0x5
 941 006d 49       		.uleb128 0x49
 942 006e 13       		.uleb128 0x13
 943 006f 38       		.uleb128 0x38
 944 0070 0A       		.uleb128 0xa
 945 0071 00       		.byte	0x0
 946 0072 00       		.byte	0x0
 947 0073 0A       		.uleb128 0xa
 948 0074 16       		.uleb128 0x16
 949 0075 00       		.byte	0x0
 950 0076 03       		.uleb128 0x3
 951 0077 0E       		.uleb128 0xe
 952 0078 3A       		.uleb128 0x3a
 953 0079 0B       		.uleb128 0xb
 954 007a 3B       		.uleb128 0x3b
 955 007b 05       		.uleb128 0x5
 956 007c 49       		.uleb128 0x49
 957 007d 13       		.uleb128 0x13
 958 007e 00       		.byte	0x0
 959 007f 00       		.byte	0x0
 960 0080 0B       		.uleb128 0xb
 961 0081 13       		.uleb128 0x13
ARM GAS  C:\Users\z80\AppData\Local\Temp\cc6qpcMc.s 			page 18


 962 0082 01       		.byte	0x1
 963 0083 0B       		.uleb128 0xb
 964 0084 0B       		.uleb128 0xb
 965 0085 3A       		.uleb128 0x3a
 966 0086 0B       		.uleb128 0xb
 967 0087 3B       		.uleb128 0x3b
 968 0088 0B       		.uleb128 0xb
 969 0089 01       		.uleb128 0x1
 970 008a 13       		.uleb128 0x13
 971 008b 00       		.byte	0x0
 972 008c 00       		.byte	0x0
 973 008d 0C       		.uleb128 0xc
 974 008e 0D       		.uleb128 0xd
 975 008f 00       		.byte	0x0
 976 0090 03       		.uleb128 0x3
 977 0091 08       		.uleb128 0x8
 978 0092 3A       		.uleb128 0x3a
 979 0093 0B       		.uleb128 0xb
 980 0094 3B       		.uleb128 0x3b
 981 0095 0B       		.uleb128 0xb
 982 0096 49       		.uleb128 0x49
 983 0097 13       		.uleb128 0x13
 984 0098 38       		.uleb128 0x38
 985 0099 0A       		.uleb128 0xa
 986 009a 00       		.byte	0x0
 987 009b 00       		.byte	0x0
 988 009c 0D       		.uleb128 0xd
 989 009d 0D       		.uleb128 0xd
 990 009e 00       		.byte	0x0
 991 009f 03       		.uleb128 0x3
 992 00a0 0E       		.uleb128 0xe
 993 00a1 3A       		.uleb128 0x3a
 994 00a2 0B       		.uleb128 0xb
 995 00a3 3B       		.uleb128 0x3b
 996 00a4 0B       		.uleb128 0xb
 997 00a5 49       		.uleb128 0x49
 998 00a6 13       		.uleb128 0x13
 999 00a7 38       		.uleb128 0x38
 1000 00a8 0A       		.uleb128 0xa
 1001 00a9 00       		.byte	0x0
 1002 00aa 00       		.byte	0x0
 1003 00ab 0E       		.uleb128 0xe
 1004 00ac 0F       		.uleb128 0xf
 1005 00ad 00       		.byte	0x0
 1006 00ae 0B       		.uleb128 0xb
 1007 00af 0B       		.uleb128 0xb
 1008 00b0 49       		.uleb128 0x49
 1009 00b1 13       		.uleb128 0x13
 1010 00b2 00       		.byte	0x0
 1011 00b3 00       		.byte	0x0
 1012 00b4 0F       		.uleb128 0xf
 1013 00b5 2E       		.uleb128 0x2e
 1014 00b6 01       		.byte	0x1
 1015 00b7 3F       		.uleb128 0x3f
 1016 00b8 0C       		.uleb128 0xc
 1017 00b9 03       		.uleb128 0x3
 1018 00ba 0E       		.uleb128 0xe
ARM GAS  C:\Users\z80\AppData\Local\Temp\cc6qpcMc.s 			page 19


 1019 00bb 3A       		.uleb128 0x3a
 1020 00bc 0B       		.uleb128 0xb
 1021 00bd 3B       		.uleb128 0x3b
 1022 00be 0B       		.uleb128 0xb
 1023 00bf 27       		.uleb128 0x27
 1024 00c0 0C       		.uleb128 0xc
 1025 00c1 11       		.uleb128 0x11
 1026 00c2 01       		.uleb128 0x1
 1027 00c3 12       		.uleb128 0x12
 1028 00c4 01       		.uleb128 0x1
 1029 00c5 40       		.uleb128 0x40
 1030 00c6 06       		.uleb128 0x6
 1031 00c7 01       		.uleb128 0x1
 1032 00c8 13       		.uleb128 0x13
 1033 00c9 00       		.byte	0x0
 1034 00ca 00       		.byte	0x0
 1035 00cb 10       		.uleb128 0x10
 1036 00cc 05       		.uleb128 0x5
 1037 00cd 00       		.byte	0x0
 1038 00ce 03       		.uleb128 0x3
 1039 00cf 0E       		.uleb128 0xe
 1040 00d0 3A       		.uleb128 0x3a
 1041 00d1 0B       		.uleb128 0xb
 1042 00d2 3B       		.uleb128 0x3b
 1043 00d3 0B       		.uleb128 0xb
 1044 00d4 49       		.uleb128 0x49
 1045 00d5 13       		.uleb128 0x13
 1046 00d6 02       		.uleb128 0x2
 1047 00d7 0A       		.uleb128 0xa
 1048 00d8 00       		.byte	0x0
 1049 00d9 00       		.byte	0x0
 1050 00da 11       		.uleb128 0x11
 1051 00db 26       		.uleb128 0x26
 1052 00dc 00       		.byte	0x0
 1053 00dd 49       		.uleb128 0x49
 1054 00de 13       		.uleb128 0x13
 1055 00df 00       		.byte	0x0
 1056 00e0 00       		.byte	0x0
 1057 00e1 12       		.uleb128 0x12
 1058 00e2 34       		.uleb128 0x34
 1059 00e3 00       		.byte	0x0
 1060 00e4 03       		.uleb128 0x3
 1061 00e5 0E       		.uleb128 0xe
 1062 00e6 3A       		.uleb128 0x3a
 1063 00e7 0B       		.uleb128 0xb
 1064 00e8 3B       		.uleb128 0x3b
 1065 00e9 0B       		.uleb128 0xb
 1066 00ea 49       		.uleb128 0x49
 1067 00eb 13       		.uleb128 0x13
 1068 00ec 02       		.uleb128 0x2
 1069 00ed 0A       		.uleb128 0xa
 1070 00ee 00       		.byte	0x0
 1071 00ef 00       		.byte	0x0
 1072 00f0 13       		.uleb128 0x13
 1073 00f1 34       		.uleb128 0x34
 1074 00f2 00       		.byte	0x0
 1075 00f3 03       		.uleb128 0x3
ARM GAS  C:\Users\z80\AppData\Local\Temp\cc6qpcMc.s 			page 20


 1076 00f4 08       		.uleb128 0x8
 1077 00f5 3A       		.uleb128 0x3a
 1078 00f6 0B       		.uleb128 0xb
 1079 00f7 3B       		.uleb128 0x3b
 1080 00f8 0B       		.uleb128 0xb
 1081 00f9 49       		.uleb128 0x49
 1082 00fa 13       		.uleb128 0x13
 1083 00fb 02       		.uleb128 0x2
 1084 00fc 0A       		.uleb128 0xa
 1085 00fd 00       		.byte	0x0
 1086 00fe 00       		.byte	0x0
 1087 00ff 14       		.uleb128 0x14
 1088 0100 01       		.uleb128 0x1
 1089 0101 01       		.byte	0x1
 1090 0102 49       		.uleb128 0x49
 1091 0103 13       		.uleb128 0x13
 1092 0104 01       		.uleb128 0x1
 1093 0105 13       		.uleb128 0x13
 1094 0106 00       		.byte	0x0
 1095 0107 00       		.byte	0x0
 1096 0108 15       		.uleb128 0x15
 1097 0109 21       		.uleb128 0x21
 1098 010a 00       		.byte	0x0
 1099 010b 49       		.uleb128 0x49
 1100 010c 13       		.uleb128 0x13
 1101 010d 2F       		.uleb128 0x2f
 1102 010e 0B       		.uleb128 0xb
 1103 010f 00       		.byte	0x0
 1104 0110 00       		.byte	0x0
 1105 0111 16       		.uleb128 0x16
 1106 0112 34       		.uleb128 0x34
 1107 0113 00       		.byte	0x0
 1108 0114 03       		.uleb128 0x3
 1109 0115 0E       		.uleb128 0xe
 1110 0116 3A       		.uleb128 0x3a
 1111 0117 0B       		.uleb128 0xb
 1112 0118 3B       		.uleb128 0x3b
 1113 0119 05       		.uleb128 0x5
 1114 011a 49       		.uleb128 0x49
 1115 011b 13       		.uleb128 0x13
 1116 011c 3F       		.uleb128 0x3f
 1117 011d 0C       		.uleb128 0xc
 1118 011e 3C       		.uleb128 0x3c
 1119 011f 0C       		.uleb128 0xc
 1120 0120 00       		.byte	0x0
 1121 0121 00       		.byte	0x0
 1122 0122 00       		.byte	0x0
 1123              		.section	.debug_pubnames,"",%progbits
 1124 0000 3A000000 		.4byte	0x3a
 1125 0004 0200     		.2byte	0x2
 1126 0006 00000000 		.4byte	.Ldebug_info0
 1127 000a 97030000 		.4byte	0x397
 1128 000e 8D020000 		.4byte	0x28d
 1129 0012 5F70616C 		.ascii	"_pal_lld_init\000"
 1129      5F6C6C64 
 1129      5F696E69 
 1129      7400
ARM GAS  C:\Users\z80\AppData\Local\Temp\cc6qpcMc.s 			page 21


 1130 0020 C0020000 		.4byte	0x2c0
 1131 0024 5F70616C 		.ascii	"_pal_lld_setgroupmode\000"
 1131      5F6C6C64 
 1131      5F736574 
 1131      67726F75 
 1131      706D6F64 
 1132 003a 00000000 		.4byte	0x0
 1133              		.section	.debug_pubtypes,"",%progbits
 1134 0000 A6000000 		.4byte	0xa6
 1135 0004 0200     		.2byte	0x2
 1136 0006 00000000 		.4byte	.Ldebug_info0
 1137 000a 97030000 		.4byte	0x397
 1138 000e 3E000000 		.4byte	0x3e
 1139 0012 75696E74 		.ascii	"uint8_t\000"
 1139      385F7400 
 1140 001a 5E000000 		.4byte	0x5e
 1141 001e 696E7433 		.ascii	"int32_t\000"
 1141      325F7400 
 1142 0026 70000000 		.4byte	0x70
 1143 002a 75696E74 		.ascii	"uint32_t\000"
 1143      33325F74 
 1143      00
 1144 0033 17010000 		.4byte	0x117
 1145 0037 4750494F 		.ascii	"GPIO_TypeDef\000"
 1145      5F547970 
 1145      65446566 
 1145      00
 1146 0044 C2010000 		.4byte	0x1c2
 1147 0048 5243435F 		.ascii	"RCC_TypeDef\000"
 1147      54797065 
 1147      44656600 
 1148 0054 01020000 		.4byte	0x201
 1149 0058 73746D33 		.ascii	"stm32_gpio_setup_t\000"
 1149      325F6770 
 1149      696F5F73 
 1149      65747570 
 1149      5F7400
 1150 006b 5B020000 		.4byte	0x25b
 1151 006f 50414C43 		.ascii	"PALConfig\000"
 1151      6F6E6669 
 1151      6700
 1152 0079 66020000 		.4byte	0x266
 1153 007d 696F706F 		.ascii	"ioportmask_t\000"
 1153      72746D61 
 1153      736B5F74 
 1153      00
 1154 008a 71020000 		.4byte	0x271
 1155 008e 696F6D6F 		.ascii	"iomode_t\000"
 1155      64655F74 
 1155      00
 1156 0097 7C020000 		.4byte	0x27c
 1157 009b 696F706F 		.ascii	"ioportid_t\000"
 1157      72746964 
 1157      5F7400
 1158 00a6 00000000 		.4byte	0x0
 1159              		.section	.debug_aranges,"",%progbits
 1160 0000 24000000 		.4byte	0x24
ARM GAS  C:\Users\z80\AppData\Local\Temp\cc6qpcMc.s 			page 22


 1161 0004 0200     		.2byte	0x2
 1162 0006 00000000 		.4byte	.Ldebug_info0
 1163 000a 04       		.byte	0x4
 1164 000b 00       		.byte	0x0
 1165 000c 0000     		.2byte	0x0
 1166 000e 0000     		.2byte	0x0
 1167 0010 00000000 		.4byte	.LFB62
 1168 0014 F2000000 		.4byte	.LFE62-.LFB62
 1169 0018 00000000 		.4byte	.LFB63
 1170 001c EA000000 		.4byte	.LFE63-.LFB63
 1171 0020 00000000 		.4byte	0x0
 1172 0024 00000000 		.4byte	0x0
 1173              		.section	.debug_ranges,"",%progbits
 1174              	.Ldebug_ranges0:
 1175 0000 00000000 		.4byte	.LFB62
 1176 0004 F2000000 		.4byte	.LFE62
 1177 0008 00000000 		.4byte	.LFB63
 1178 000c EA000000 		.4byte	.LFE63
 1179 0010 00000000 		.4byte	0x0
 1180 0014 00000000 		.4byte	0x0
 1181              		.section	.debug_str,"MS",%progbits,1
 1182              	.LASF10:
 1183 0000 6C6F6E67 		.ascii	"long long int\000"
 1183      206C6F6E 
 1183      6720696E 
 1183      7400
 1184              	.LASF22:
 1185 000e 42444352 		.ascii	"BDCR\000"
 1185      00
 1186              	.LASF28:
 1187 0013 50444461 		.ascii	"PDData\000"
 1187      746100
 1188              	.LASF34:
 1189 001a 5F70616C 		.ascii	"_pal_lld_init\000"
 1189      5F6C6C64 
 1189      5F696E69 
 1189      7400
 1190              	.LASF13:
 1191 0028 42535252 		.ascii	"BSRR\000"
 1191      00
 1192              	.LASF19:
 1193 002d 41484245 		.ascii	"AHBENR\000"
 1193      4E5200
 1194              	.LASF0:
 1195 0034 756E7369 		.ascii	"unsigned int\000"
 1195      676E6564 
 1195      20696E74 
 1195      00
 1196              	.LASF31:
 1197 0041 696F706F 		.ascii	"ioportmask_t\000"
 1197      72746D61 
 1197      736B5F74 
 1197      00
 1198              	.LASF32:
 1199 004e 696F6D6F 		.ascii	"iomode_t\000"
 1199      64655F74 
 1199      00
ARM GAS  C:\Users\z80\AppData\Local\Temp\cc6qpcMc.s 			page 23


 1200              	.LASF18:
 1201 0057 41504231 		.ascii	"APB1RSTR\000"
 1201      52535452 
 1201      00
 1202              	.LASF29:
 1203 0060 50454461 		.ascii	"PEData\000"
 1203      746100
 1204              	.LASF2:
 1205 0067 756E7369 		.ascii	"unsigned char\000"
 1205      676E6564 
 1205      20636861 
 1205      7200
 1206              	.LASF24:
 1207 0075 73746D33 		.ascii	"stm32_gpio_setup_t\000"
 1207      325F6770 
 1207      696F5F73 
 1207      65747570 
 1207      5F7400
 1208              	.LASF25:
 1209 0088 50414461 		.ascii	"PAData\000"
 1209      746100
 1210              	.LASF40:
 1211 008f 63666774 		.ascii	"cfgtab\000"
 1211      616200
 1212              	.LASF9:
 1213 0096 6C6F6E67 		.ascii	"long unsigned int\000"
 1213      20756E73 
 1213      69676E65 
 1213      6420696E 
 1213      7400
 1214              	.LASF4:
 1215 00a8 73686F72 		.ascii	"short unsigned int\000"
 1215      7420756E 
 1215      7369676E 
 1215      65642069 
 1215      6E7400
 1216              	.LASF44:
 1217 00bb 433A5C70 		.ascii	"C:\\projects\\voltamper.git\\firmware\\voltamp\000"
 1217      726F6A65 
 1217      6374735C 
 1217      766F6C74 
 1217      616D7065 
 1218              	.LASF36:
 1219 00e6 636F6E66 		.ascii	"config\000"
 1219      696700
 1220              	.LASF30:
 1221 00ed 50414C43 		.ascii	"PALConfig\000"
 1221      6F6E6669 
 1221      6700
 1222              	.LASF42:
 1223 00f7 474E5520 		.ascii	"GNU C 4.5.0\000"
 1223      4320342E 
 1223      352E3000 
 1224              	.LASF21:
 1225 0103 41504231 		.ascii	"APB1ENR\000"
 1225      454E5200 
 1226              	.LASF17:
ARM GAS  C:\Users\z80\AppData\Local\Temp\cc6qpcMc.s 			page 24


 1227 010b 41504232 		.ascii	"APB2RSTR\000"
 1227      52535452 
 1227      00
 1228              	.LASF35:
 1229 0114 5F70616C 		.ascii	"_pal_lld_setgroupmode\000"
 1229      5F6C6C64 
 1229      5F736574 
 1229      67726F75 
 1229      706D6F64 
 1230              	.LASF26:
 1231 012a 50424461 		.ascii	"PBData\000"
 1231      746100
 1232              	.LASF12:
 1233 0131 63686172 		.ascii	"char\000"
 1233      00
 1234              	.LASF5:
 1235 0136 75696E74 		.ascii	"uint8_t\000"
 1235      385F7400 
 1236              	.LASF39:
 1237 013e 6D6F6465 		.ascii	"mode\000"
 1237      00
 1238              	.LASF16:
 1239 0143 43464752 		.ascii	"CFGR\000"
 1239      00
 1240              	.LASF41:
 1241 0148 49544D5F 		.ascii	"ITM_RxBuffer\000"
 1241      52784275 
 1241      66666572 
 1241      00
 1242              	.LASF6:
 1243 0155 696E7433 		.ascii	"int32_t\000"
 1243      325F7400 
 1244              	.LASF20:
 1245 015d 41504232 		.ascii	"APB2ENR\000"
 1245      454E5200 
 1246              	.LASF43:
 1247 0165 2E2E2F63 		.ascii	"../chibios_2.4.x/os/hal/platforms/STM32/GPIOv1/pal_"
 1247      68696269 
 1247      6F735F32 
 1247      2E342E78 
 1247      2F6F732F 
 1248 0198 6C6C642E 		.ascii	"lld.c\000"
 1248      6300
 1249              	.LASF38:
 1250 019e 6D61736B 		.ascii	"mask\000"
 1250      00
 1251              	.LASF37:
 1252 01a3 706F7274 		.ascii	"port\000"
 1252      00
 1253              	.LASF3:
 1254 01a8 73686F72 		.ascii	"short int\000"
 1254      7420696E 
 1254      7400
 1255              	.LASF27:
 1256 01b2 50434461 		.ascii	"PCData\000"
 1256      746100
 1257              	.LASF33:
ARM GAS  C:\Users\z80\AppData\Local\Temp\cc6qpcMc.s 			page 25


 1258 01b9 696F706F 		.ascii	"ioportid_t\000"
 1258      72746964 
 1258      5F7400
 1259              	.LASF23:
 1260 01c4 5243435F 		.ascii	"RCC_TypeDef\000"
 1260      54797065 
 1260      44656600 
 1261              	.LASF8:
 1262 01d0 75696E74 		.ascii	"uint32_t\000"
 1262      33325F74 
 1262      00
 1263              	.LASF7:
 1264 01d9 6C6F6E67 		.ascii	"long int\000"
 1264      20696E74 
 1264      00
 1265              	.LASF15:
 1266 01e2 4750494F 		.ascii	"GPIO_TypeDef\000"
 1266      5F547970 
 1266      65446566 
 1266      00
 1267              	.LASF1:
 1268 01ef 7369676E 		.ascii	"signed char\000"
 1268      65642063 
 1268      68617200 
 1269              	.LASF11:
 1270 01fb 6C6F6E67 		.ascii	"long long unsigned int\000"
 1270      206C6F6E 
 1270      6720756E 
 1270      7369676E 
 1270      65642069 
 1271              	.LASF14:
 1272 0212 4C434B52 		.ascii	"LCKR\000"
 1272      00
 1273              		.ident	"GCC: (GNU) 4.5.0"
ARM GAS  C:\Users\z80\AppData\Local\Temp\cc6qpcMc.s 			page 26


DEFINED SYMBOLS
                            *ABS*:00000000 pal_lld.c
C:\Users\z80\AppData\Local\Temp\cc6qpcMc.s:24     .text._pal_lld_init:00000000 $t
C:\Users\z80\AppData\Local\Temp\cc6qpcMc.s:30     .text._pal_lld_init:00000000 _pal_lld_init
C:\Users\z80\AppData\Local\Temp\cc6qpcMc.s:147    .text._pal_lld_setgroupmode:00000000 $t
C:\Users\z80\AppData\Local\Temp\cc6qpcMc.s:153    .text._pal_lld_setgroupmode:00000000 _pal_lld_setgroupmode
C:\Users\z80\AppData\Local\Temp\cc6qpcMc.s:297    .rodata.cfgtab.3307:00000000 cfgtab.3307
C:\Users\z80\AppData\Local\Temp\cc6qpcMc.s:294    .rodata.cfgtab.3307:00000000 $d
                     .debug_frame:00000010 $d

NO UNDEFINED SYMBOLS
