ARM GAS  /tmp/cc8EIUOw.s 			page 1


   1              		.syntax unified
   2              		.cpu cortex-m3
   3              		.fpu softvfp
   4              		.eabi_attribute 20, 1
   5              		.eabi_attribute 21, 1
   6              		.eabi_attribute 23, 3
   7              		.eabi_attribute 24, 1
   8              		.eabi_attribute 25, 1
   9              		.eabi_attribute 26, 1
  10              		.eabi_attribute 30, 2
  11              		.eabi_attribute 18, 4
  12              		.thumb
  13              		.file	"read_ctrl.c"
  14              		.section	.debug_abbrev,"",%progbits
  15              	.Ldebug_abbrev0:
  16              		.section	.debug_info,"",%progbits
  17              	.Ldebug_info0:
  18              		.section	.debug_line,"",%progbits
  19              	.Ldebug_line0:
  20 0000 DC020000 		.text
  20      0200F801 
  20      00000201 
  20      FB0E0D00 
  20      01010101 
  21              	.Ltext0:
  22              		.cfi_sections	.debug_frame
  23              		.section	.text.readThread,"ax",%progbits
  24              		.align	2
  25              		.p2align 4,,15
  26              		.thumb
  27              		.thumb_func
  28              		.type	readThread, %function
  29              	readThread:
  30              	.LFB64:
  31              		.file 1 "./src/read_ctrl.c"
  32              		.loc 1 69 0
  33              		.cfi_startproc
  34              		@ args = 0, pretend = 0, frame = 0
  35              		@ frame_needed = 0, uses_anonymous_args = 0
  36              	.LVL0:
  37              		.loc 1 71 0
  38 0000 6148     		ldr	r0, .L48
  39              	.LVL1:
  40              		.loc 1 69 0
  41 0002 2DE9F84F 		push	{r3, r4, r5, r6, r7, r8, r9, sl, fp, lr}
  42              	.LCFI0:
  43              		.cfi_def_cfa_offset 40
  44              		.loc 1 71 0
  45 0006 614A     		ldr	r2, .L48+4
  46 0008 C369     		ldr	r3, [r0, #28]
  47              		.cfi_offset 14, -4
  48              		.cfi_offset 11, -8
  49              		.cfi_offset 10, -12
  50              		.cfi_offset 9, -16
  51              		.cfi_offset 8, -20
  52              		.cfi_offset 7, -24
  53              		.cfi_offset 6, -28
ARM GAS  /tmp/cc8EIUOw.s 			page 2


  54              		.cfi_offset 5, -32
  55              		.cfi_offset 4, -36
  56              		.cfi_offset 3, -40
  57 000a 614C     		ldr	r4, .L48+8
  58 000c 614F     		ldr	r7, .L48+12
  59 000e DFF89491 		ldr	r9, .L48+28
  60 0012 DFF89481 		ldr	r8, .L48+32
  61 0016 DFF894A1 		ldr	sl, .L48+36
  62              	.LBB72:
  63              	.LBB74:
  64              		.loc 1 20 0
  65 001a 5F4D     		ldr	r5, .L48+16
  66              	.LBE74:
  67              	.LBE72:
  68              		.loc 1 71 0
  69 001c 9A61     		str	r2, [r3, #24]
  70              	.LBB111:
  71              	.LBB73:
  72              		.loc 1 20 0
  73 001e 0126     		movs	r6, #1
  74              	.L20:
  75              	.LBE73:
  76              	.LBE111:
  77              		.loc 1 74 0 discriminator 1
  78 0020 0520     		movs	r0, #5
  79 0022 FFF7FEFF 		bl	chThdSleep
  80              	.LVL2:
  81              	.LBB112:
  82              	.LBB110:
  83              	.LBB75:
  84              	.LBB76:
  85              		.loc 1 13 0 discriminator 1
  86 0026 0022     		movs	r2, #0
  87              	.LBE76:
  88              	.LBE75:
  89              		.loc 1 20 0 discriminator 1
  90 0028 6E61     		str	r6, [r5, #20]
  91              	.LBB78:
  92              	.LBB77:
  93              		.loc 1 13 0 discriminator 1
  94 002a 2280     		strh	r2, [r4, #0]	@ movhi
  95 002c B4F800B0 		ldrh	fp, [r4, #0]
  96 0030 1FFA8BF1 		uxth	r1, fp
  97 0034 1F29     		cmp	r1, #31
  98 0036 0AD8     		bhi	.L2
  99              	.L29:
 100              		.loc 1 14 0
 101              	@ 14 "./src/read_ctrl.c" 1
 102 0038 00BF     		nop;
 103              	@ 0 "" 2
 104              		.loc 1 13 0
 105              		.thumb
 106 003a 2088     		ldrh	r0, [r4, #0]
 107 003c 431C     		adds	r3, r0, #1
 108 003e 2380     		strh	r3, [r4, #0]	@ movhi
 109 0040 B4F800E0 		ldrh	lr, [r4, #0]
 110 0044 1FFA8EFC 		uxth	ip, lr
ARM GAS  /tmp/cc8EIUOw.s 			page 3


 111 0048 BCF11F0F 		cmp	ip, #31
 112 004c F4D9     		bls	.L29
 113              	.L2:
 114              	.LBE77:
 115              	.LBE78:
 116              		.loc 1 24 0
 117 004e 2E61     		str	r6, [r5, #16]
 118              	.LBB79:
 119              	.LBB80:
 120              		.loc 1 13 0
 121 0050 0023     		movs	r3, #0
 122 0052 02E0     		b	.L39
 123              	.L44:
 124              		.loc 1 14 0
 125              	@ 14 "./src/read_ctrl.c" 1
 126 0054 00BF     		nop;
 127              	@ 0 "" 2
 128              		.loc 1 13 0
 129              		.thumb
 130 0056 2288     		ldrh	r2, [r4, #0]
 131 0058 531C     		adds	r3, r2, #1
 132              	.L39:
 133 005a 2380     		strh	r3, [r4, #0]	@ movhi
 134 005c B4F800B0 		ldrh	fp, [r4, #0]
 135 0060 1FFA8BF1 		uxth	r1, fp
 136 0064 1F29     		cmp	r1, #31
 137 0066 F5D9     		bls	.L44
 138              	.LBE80:
 139              	.LBE79:
 140              		.loc 1 28 0
 141 0068 0220     		movs	r0, #2
 142              	.LBB81:
 143              	.LBB82:
 144              		.loc 1 13 0
 145 006a 0023     		movs	r3, #0
 146              	.LBE82:
 147              	.LBE81:
 148              		.loc 1 28 0
 149 006c 6861     		str	r0, [r5, #20]
 150              	.LBB84:
 151              	.LBB83:
 152              		.loc 1 13 0
 153 006e 2380     		strh	r3, [r4, #0]	@ movhi
 154 0070 B4F800E0 		ldrh	lr, [r4, #0]
 155 0074 1FFA8EFC 		uxth	ip, lr
 156 0078 BCF11F0F 		cmp	ip, #31
 157 007c 09D8     		bhi	.L6
 158              	.L27:
 159              		.loc 1 14 0
 160              	@ 14 "./src/read_ctrl.c" 1
 161 007e 00BF     		nop;
 162              	@ 0 "" 2
 163              		.loc 1 13 0
 164              		.thumb
 165 0080 2388     		ldrh	r3, [r4, #0]
 166 0082 5A1C     		adds	r2, r3, #1
 167 0084 2280     		strh	r2, [r4, #0]	@ movhi
ARM GAS  /tmp/cc8EIUOw.s 			page 4


 168 0086 B4F800B0 		ldrh	fp, [r4, #0]
 169 008a 1FFA8BF1 		uxth	r1, fp
 170 008e 1F29     		cmp	r1, #31
 171 0090 F5D9     		bls	.L27
 172              	.L6:
 173              	.LBE83:
 174              	.LBE84:
 175              		.loc 1 32 0
 176 0092 0020     		movs	r0, #0
 177 0094 3860     		str	r0, [r7, #0]
 178              		.loc 1 34 0
 179 0096 C9F80060 		str	r6, [r9, #0]
 180              		.loc 1 37 0
 181 009a A8F80000 		strh	r0, [r8, #0]	@ movhi
 182 009e 3246     		mov	r2, r6
 183 00a0 1021     		movs	r1, #16
 184              	.LBB85:
 185              		.loc 1 40 0
 186 00a2 4FF0040C 		mov	ip, #4
 187              	.L15:
 188 00a6 C5F810C0 		str	ip, [r5, #16]
 189              	.LBB86:
 190              	.LBB87:
 191              		.loc 1 13 0
 192 00aa 0023     		movs	r3, #0
 193 00ac 02E0     		b	.L40
 194              	.L45:
 195              		.loc 1 14 0
 196              	@ 14 "./src/read_ctrl.c" 1
 197 00ae 00BF     		nop;
 198              	@ 0 "" 2
 199              		.loc 1 13 0
 200              		.thumb
 201 00b0 2388     		ldrh	r3, [r4, #0]
 202 00b2 0133     		adds	r3, r3, #1
 203              	.L40:
 204 00b4 2380     		strh	r3, [r4, #0]	@ movhi
 205 00b6 B4F800B0 		ldrh	fp, [r4, #0]
 206 00ba 1FFA8BFE 		uxth	lr, fp
 207 00be BEF11F0F 		cmp	lr, #31
 208 00c2 F4D9     		bls	.L45
 209              	.LBE87:
 210              	.LBE86:
 211              	.LBB88:
 212              	.LBB91:
 213 00c4 0023     		movs	r3, #0
 214              	.LBE91:
 215              	.LBE88:
 216              		.loc 1 45 0
 217 00c6 D5F808E0 		ldr	lr, [r5, #8]
 218              	.LBB94:
 219              	.LBB90:
 220              		.loc 1 13 0
 221 00ca 2380     		strh	r3, [r4, #0]	@ movhi
 222 00cc 2388     		ldrh	r3, [r4, #0]
 223              	.LBE90:
 224              	.LBE94:
ARM GAS  /tmp/cc8EIUOw.s 			page 5


 225              		.loc 1 45 0
 226 00ce CEF3C00E 		ubfx	lr, lr, #3, #1
 227              	.LBB95:
 228              	.LBB92:
 229              		.loc 1 13 0
 230 00d2 9BB2     		uxth	r3, r3
 231              	.LBE92:
 232              	.LBE95:
 233              		.loc 1 46 0
 234 00d4 BEF1000F 		cmp	lr, #0
 235 00d8 14BF     		ite	ne
 236 00da 9346     		movne	fp, r2
 237 00dc 4FF0000B 		moveq	fp, #0
 238              		.loc 1 47 0
 239 00e0 5200     		lsls	r2, r2, #1
 240              	.LBB96:
 241              	.LBB89:
 242              		.loc 1 13 0
 243 00e2 1F2B     		cmp	r3, #31
 244              	.LBE89:
 245              	.LBE96:
 246              		.loc 1 46 0
 247 00e4 5844     		add	r0, r0, fp
 248              	.LBB97:
 249              	.LBB93:
 250              		.loc 1 13 0
 251 00e6 09D8     		bhi	.L11
 252              	.L25:
 253              		.loc 1 14 0
 254              	@ 14 "./src/read_ctrl.c" 1
 255 00e8 00BF     		nop;
 256              	@ 0 "" 2
 257              		.loc 1 13 0
 258              		.thumb
 259 00ea 2388     		ldrh	r3, [r4, #0]
 260 00ec 0133     		adds	r3, r3, #1
 261 00ee 2380     		strh	r3, [r4, #0]	@ movhi
 262 00f0 2388     		ldrh	r3, [r4, #0]
 263 00f2 1FFA83FB 		uxth	fp, r3
 264 00f6 BBF11F0F 		cmp	fp, #31
 265 00fa F5D9     		bls	.L25
 266              	.L11:
 267              	.LBE93:
 268              	.LBE97:
 269              		.loc 1 51 0
 270 00fc C5F814C0 		str	ip, [r5, #20]
 271              	.LBB98:
 272              	.LBB99:
 273              		.loc 1 13 0
 274 0100 0023     		movs	r3, #0
 275 0102 02E0     		b	.L41
 276              	.L46:
 277              		.loc 1 14 0
 278              	@ 14 "./src/read_ctrl.c" 1
 279 0104 00BF     		nop;
 280              	@ 0 "" 2
 281              		.loc 1 13 0
ARM GAS  /tmp/cc8EIUOw.s 			page 6


 282              		.thumb
 283 0106 2388     		ldrh	r3, [r4, #0]
 284 0108 0133     		adds	r3, r3, #1
 285              	.L41:
 286 010a 2380     		strh	r3, [r4, #0]	@ movhi
 287 010c 2388     		ldrh	r3, [r4, #0]
 288 010e 1FFA83FB 		uxth	fp, r3
 289 0112 BBF11F0F 		cmp	fp, #31
 290 0116 F5D9     		bls	.L46
 291 0118 0139     		subs	r1, r1, #1
 292 011a 89B2     		uxth	r1, r1
 293              	.LBE99:
 294              	.LBE98:
 295              	.LBE85:
 296              		.loc 1 37 0
 297 011c 0029     		cmp	r1, #0
 298 011e C2D1     		bne	.L15
 299              		.loc 1 55 0
 300 0120 0423     		movs	r3, #4
 301 0122 2B61     		str	r3, [r5, #16]
 302              	.LBB100:
 303              	.LBB102:
 304              		.loc 1 13 0
 305 0124 2180     		strh	r1, [r4, #0]	@ movhi
 306 0126 B4F800B0 		ldrh	fp, [r4, #0]
 307              	.LBE102:
 308              	.LBE100:
 309              		.loc 1 37 0
 310 012a 3860     		str	r0, [r7, #0]
 311              	.LBB105:
 312              	.LBB103:
 313              		.loc 1 13 0
 314 012c 1FFA8BFC 		uxth	ip, fp
 315              	.LBE103:
 316              	.LBE105:
 317              		.loc 1 37 0
 318 0130 1020     		movs	r0, #16
 319              	.LBB106:
 320              	.LBB101:
 321              		.loc 1 13 0
 322 0132 BCF11F0F 		cmp	ip, #31
 323              	.LBE101:
 324              	.LBE106:
 325              		.loc 1 37 0
 326 0136 C9F80020 		str	r2, [r9, #0]
 327 013a A8F80000 		strh	r0, [r8, #0]	@ movhi
 328 013e AAF800E0 		strh	lr, [sl, #0]	@ movhi
 329              	.LBB107:
 330              	.LBB104:
 331              		.loc 1 13 0
 332 0142 09D8     		bhi	.L16
 333              	.L23:
 334              		.loc 1 14 0
 335              	@ 14 "./src/read_ctrl.c" 1
 336 0144 00BF     		nop;
 337              	@ 0 "" 2
 338              		.loc 1 13 0
ARM GAS  /tmp/cc8EIUOw.s 			page 7


 339              		.thumb
 340 0146 2088     		ldrh	r0, [r4, #0]
 341 0148 411C     		adds	r1, r0, #1
 342 014a 2180     		strh	r1, [r4, #0]	@ movhi
 343 014c B4F800E0 		ldrh	lr, [r4, #0]
 344 0150 1FFA8EF2 		uxth	r2, lr
 345 0154 1F2A     		cmp	r2, #31
 346 0156 F5D9     		bls	.L23
 347              	.L16:
 348              	.LBE104:
 349              	.LBE107:
 350              		.loc 1 59 0
 351 0158 0223     		movs	r3, #2
 352 015a 2B61     		str	r3, [r5, #16]
 353              	.LBB108:
 354              	.LBB109:
 355              		.loc 1 13 0
 356 015c 0023     		movs	r3, #0
 357 015e 02E0     		b	.L42
 358              	.L47:
 359              		.loc 1 14 0
 360              	@ 14 "./src/read_ctrl.c" 1
 361 0160 00BF     		nop;
 362              	@ 0 "" 2
 363              		.loc 1 13 0
 364              		.thumb
 365 0162 2288     		ldrh	r2, [r4, #0]
 366 0164 531C     		adds	r3, r2, #1
 367              	.L42:
 368 0166 2380     		strh	r3, [r4, #0]	@ movhi
 369 0168 B4F800B0 		ldrh	fp, [r4, #0]
 370 016c 1FFA8BFC 		uxth	ip, fp
 371 0170 BCF11F0F 		cmp	ip, #31
 372 0174 F4D9     		bls	.L47
 373              	.LBE109:
 374              	.LBE108:
 375              		.loc 1 62 0
 376 0176 0948     		ldr	r0, .L48+20
 377 0178 FFF7FEFF 		bl	chMtxLock
 378              		.loc 1 63 0
 379 017c 3868     		ldr	r0, [r7, #0]
 380 017e 0849     		ldr	r1, .L48+24
 381 0180 0860     		str	r0, [r1, #0]
 382              		.loc 1 64 0
 383 0182 FFF7FEFF 		bl	chMtxUnlock
 384              	.LBE110:
 385              	.LBE112:
 386              		.loc 1 82 0
 387 0186 4BE7     		b	.L20
 388              	.L49:
 389              		.align	2
 390              	.L48:
 391 0188 00000000 		.word	rlist
 392 018c 00000000 		.word	.LC0
 393 0190 00000000 		.word	.LANCHOR0
 394 0194 00000000 		.word	.LANCHOR1
 395 0198 00080140 		.word	1073809408
ARM GAS  /tmp/cc8EIUOw.s 			page 8


 396 019c 00000000 		.word	.LANCHOR5
 397 01a0 00000000 		.word	.LANCHOR6
 398 01a4 00000000 		.word	.LANCHOR2
 399 01a8 00000000 		.word	.LANCHOR3
 400 01ac 00000000 		.word	.LANCHOR4
 401              		.cfi_endproc
 402              	.LFE64:
 403              		.size	readThread, .-readThread
 404              		.section	.text.initRead,"ax",%progbits
 405              		.align	2
 406              		.p2align 4,,15
 407              		.global	initRead
 408              		.thumb
 409              		.thumb_func
 410              		.type	initRead, %function
 411              	initRead:
 412              	.LFB65:
 413              		.loc 1 88 0
 414              		.cfi_startproc
 415              		@ args = 0, pretend = 0, frame = 0
 416              		@ frame_needed = 0, uses_anonymous_args = 0
 417 0000 70B5     		push	{r4, r5, r6, lr}
 418              	.LCFI1:
 419              		.cfi_def_cfa_offset 16
 420              		.loc 1 89 0
 421 0002 154C     		ldr	r4, .L51
 422              		.cfi_offset 14, -4
 423              		.cfi_offset 6, -8
 424              		.cfi_offset 5, -12
 425              		.cfi_offset 4, -16
 426              		.loc 1 88 0
 427 0004 82B0     		sub	sp, sp, #8
 428              	.LCFI2:
 429              		.cfi_def_cfa_offset 24
 430              		.loc 1 89 0
 431 0006 0821     		movs	r1, #8
 432 0008 2046     		mov	r0, r4
 433 000a 0222     		movs	r2, #2
 434 000c FFF7FEFF 		bl	_pal_lld_setgroupmode
 435              		.loc 1 91 0
 436 0010 0226     		movs	r6, #2
 437              		.loc 1 90 0
 438 0012 0123     		movs	r3, #1
 439              		.loc 1 92 0
 440 0014 0425     		movs	r5, #4
 441              		.loc 1 90 0
 442 0016 2361     		str	r3, [r4, #16]
 443              		.loc 1 93 0
 444 0018 1946     		mov	r1, r3
 445              		.loc 1 91 0
 446 001a 2661     		str	r6, [r4, #16]
 447              		.loc 1 93 0
 448 001c 0622     		movs	r2, #6
 449 001e 2046     		mov	r0, r4
 450              		.loc 1 92 0
 451 0020 2561     		str	r5, [r4, #16]
 452              		.loc 1 93 0
ARM GAS  /tmp/cc8EIUOw.s 			page 9


 453 0022 FFF7FEFF 		bl	_pal_lld_setgroupmode
 454              		.loc 1 94 0
 455 0026 2046     		mov	r0, r4
 456 0028 3146     		mov	r1, r6
 457 002a 0622     		movs	r2, #6
 458 002c FFF7FEFF 		bl	_pal_lld_setgroupmode
 459              		.loc 1 95 0
 460 0030 2946     		mov	r1, r5
 461 0032 0622     		movs	r2, #6
 462 0034 2046     		mov	r0, r4
 463 0036 FFF7FEFF 		bl	_pal_lld_setgroupmode
 464              		.loc 1 98 0
 465 003a 0848     		ldr	r0, .L51+4
 466 003c FFF7FEFF 		bl	chMtxInit
 467              		.loc 1 100 0
 468 0040 0024     		movs	r4, #0
 469 0042 4FF4D871 		mov	r1, #432
 470 0046 4022     		movs	r2, #64
 471 0048 054B     		ldr	r3, .L51+8
 472 004a 0648     		ldr	r0, .L51+12
 473 004c 0094     		str	r4, [sp, #0]
 474 004e FFF7FEFF 		bl	chThdCreateStatic
 475              		.loc 1 101 0
 476 0052 02B0     		add	sp, sp, #8
 477 0054 70BD     		pop	{r4, r5, r6, pc}
 478              	.L52:
 479 0056 00BF     		.align	2
 480              	.L51:
 481 0058 00080140 		.word	1073809408
 482 005c 00000000 		.word	.LANCHOR5
 483 0060 00000000 		.word	readThread
 484 0064 00000000 		.word	.LANCHOR7
 485              		.cfi_endproc
 486              	.LFE65:
 487              		.size	initRead, .-initRead
 488 0068 AFF30080 		.section	.text.valueRead,"ax",%progbits
 488      AFF30080 
 489              		.align	2
 490              		.p2align 4,,15
 491              		.global	valueRead
 492              		.thumb
 493              		.thumb_func
 494              		.type	valueRead, %function
 495              	valueRead:
 496              	.LFB66:
 497              		.loc 1 104 0
 498              		.cfi_startproc
 499              		@ args = 0, pretend = 0, frame = 0
 500              		@ frame_needed = 0, uses_anonymous_args = 0
 501 0000 10B5     		push	{r4, lr}
 502              	.LCFI3:
 503              		.cfi_def_cfa_offset 8
 504              		.loc 1 106 0
 505 0002 0548     		ldr	r0, .L54
 506              		.cfi_offset 14, -4
 507              		.cfi_offset 4, -8
 508 0004 FFF7FEFF 		bl	chMtxLock
ARM GAS  /tmp/cc8EIUOw.s 			page 10


 509              		.loc 1 107 0
 510 0008 0448     		ldr	r0, .L54+4
 511 000a 054C     		ldr	r4, .L54+8
 512 000c 0368     		ldr	r3, [r0, #0]
 513 000e 2360     		str	r3, [r4, #0]
 514              		.loc 1 108 0
 515 0010 FFF7FEFF 		bl	chMtxUnlock
 516              		.loc 1 110 0
 517 0014 2068     		ldr	r0, [r4, #0]
 518 0016 10BD     		pop	{r4, pc}
 519              	.L55:
 520              		.align	2
 521              	.L54:
 522 0018 00000000 		.word	.LANCHOR5
 523 001c 00000000 		.word	.LANCHOR6
 524 0020 00000000 		.word	.LANCHOR8
 525              		.cfi_endproc
 526              	.LFE66:
 527              		.size	valueRead, .-valueRead
 528 0024 AFF30080 		.section	.bss.mutex,"aw",%nobits
 528      AFF30080 
 528      AFF30080 
 529              		.align	2
 530              		.set	.LANCHOR5,. + 0
 531              		.type	mutex, %object
 532              		.size	mutex, 16
 533              	mutex:
 534 0000 00000000 		.space	16
 534      00000000 
 534      00000000 
 534      00000000 
 535              		.section	.bss.result.6186,"aw",%nobits
 536              		.align	2
 537              		.set	.LANCHOR8,. + 0
 538              		.type	result.6186, %object
 539              		.size	result.6186, 4
 540              	result.6186:
 541 0000 00000000 		.space	4
 542              		.section	.bss.b.6171,"aw",%nobits
 543              		.align	1
 544              		.set	.LANCHOR4,. + 0
 545              		.type	b.6171, %object
 546              		.size	b.6171, 2
 547              	b.6171:
 548 0000 0000     		.space	2
 549              		.section	.bss.value,"aw",%nobits
 550              		.align	2
 551              		.set	.LANCHOR6,. + 0
 552              		.type	value, %object
 553              		.size	value, 4
 554              	value:
 555 0000 00000000 		.space	4
 556              		.section	.bss.i.6161,"aw",%nobits
 557              		.align	1
 558              		.set	.LANCHOR0,. + 0
 559              		.type	i.6161, %object
 560              		.size	i.6161, 2
ARM GAS  /tmp/cc8EIUOw.s 			page 11


 561              	i.6161:
 562 0000 0000     		.space	2
 563              		.section	.rodata.str1.4,"aMS",%progbits,1
 564              		.align	2
 565              	.LC0:
 566 0000 72656164 		.ascii	"read\000"
 566      00
 567 0005 000000   		.section	.bss.i.6170,"aw",%nobits
 568              		.align	1
 569              		.set	.LANCHOR3,. + 0
 570              		.type	i.6170, %object
 571              		.size	i.6170, 2
 572              	i.6170:
 573 0000 0000     		.space	2
 574              		.section	.bss.waRead,"aw",%nobits
 575              		.align	3
 576              		.set	.LANCHOR7,. + 0
 577              		.type	waRead, %object
 578              		.size	waRead, 432
 579              	waRead:
 580 0000 00000000 		.space	432
 580      00000000 
 580      00000000 
 580      00000000 
 580      00000000 
 581              		.section	.bss.result.6168,"aw",%nobits
 582              		.align	2
 583              		.set	.LANCHOR1,. + 0
 584              		.type	result.6168, %object
 585              		.size	result.6168, 4
 586              	result.6168:
 587 0000 00000000 		.space	4
 588              		.section	.bss.bitVal.6169,"aw",%nobits
 589              		.align	2
 590              		.set	.LANCHOR2,. + 0
 591              		.type	bitVal.6169, %object
 592              		.size	bitVal.6169, 4
 593              	bitVal.6169:
 594 0000 00000000 		.space	4
 595              		.text
 596              	.Letext0:
 597              		.section	.debug_loc,"",%progbits
 598              	.Ldebug_loc0:
 599              	.LLST0:
 600 0000 00000000 		.4byte	.LFB64
 601 0004 06000000 		.4byte	.LCFI0
 602 0008 0200     		.2byte	0x2
 603 000a 7D       		.byte	0x7d
 604 000b 00       		.sleb128 0
 605 000c 06000000 		.4byte	.LCFI0
 606 0010 B0010000 		.4byte	.LFE64
 607 0014 0200     		.2byte	0x2
 608 0016 7D       		.byte	0x7d
 609 0017 28       		.sleb128 40
 610 0018 00000000 		.4byte	0x0
 611 001c 00000000 		.4byte	0x0
 612              	.LLST1:
ARM GAS  /tmp/cc8EIUOw.s 			page 12


 613 0020 00000000 		.4byte	.LVL0
 614 0024 02000000 		.4byte	.LVL1
 615 0028 0100     		.2byte	0x1
 616 002a 50       		.byte	0x50
 617 002b 00000000 		.4byte	0x0
 618 002f 00000000 		.4byte	0x0
 619              	.LLST2:
 620 0033 00000000 		.4byte	.LFB65
 621 0037 02000000 		.4byte	.LCFI1
 622 003b 0200     		.2byte	0x2
 623 003d 7D       		.byte	0x7d
 624 003e 00       		.sleb128 0
 625 003f 02000000 		.4byte	.LCFI1
 626 0043 06000000 		.4byte	.LCFI2
 627 0047 0200     		.2byte	0x2
 628 0049 7D       		.byte	0x7d
 629 004a 10       		.sleb128 16
 630 004b 06000000 		.4byte	.LCFI2
 631 004f 68000000 		.4byte	.LFE65
 632 0053 0200     		.2byte	0x2
 633 0055 7D       		.byte	0x7d
 634 0056 18       		.sleb128 24
 635 0057 00000000 		.4byte	0x0
 636 005b 00000000 		.4byte	0x0
 637              	.LLST3:
 638 005f 00000000 		.4byte	.LFB66
 639 0063 02000000 		.4byte	.LCFI3
 640 0067 0200     		.2byte	0x2
 641 0069 7D       		.byte	0x7d
 642 006a 00       		.sleb128 0
 643 006b 02000000 		.4byte	.LCFI3
 644 006f 24000000 		.4byte	.LFE66
 645 0073 0200     		.2byte	0x2
 646 0075 7D       		.byte	0x7d
 647 0076 08       		.sleb128 8
 648 0077 00000000 		.4byte	0x0
 649 007b 00000000 		.4byte	0x0
 650              		.file 2 "/home/z80/programs/code-sourcery/2011.03-42/bin/../lib/gcc/arm-none-eabi/4.5.2/../../../.
 651              		.file 3 "../chibios_2.4.x/os/ports/GCC/ARMCMx/chtypes.h"
 652              		.file 4 "../chibios_2.4.x/os/kernel/include/chlists.h"
 653              		.file 5 "../chibios_2.4.x/os/kernel/include/chthreads.h"
 654              		.file 6 "../chibios_2.4.x/os/ports/GCC/ARMCMx/chcore_v7m.h"
 655              		.file 7 "../chibios_2.4.x/os/kernel/include/chschd.h"
 656              		.file 8 "../chibios_2.4.x/os/kernel/include/chmtx.h"
 657              		.file 9 "../chibios_2.4.x/os/hal/platforms/STM32F1xx/stm32f10x.h"
 658              		.file 10 "../chibios_2.4.x/os/hal/platforms/STM32/GPIOv1/pal_lld.h"
 659              		.file 11 "../chibios_2.4.x/os/ports/common/ARMCMx/CMSIS/include/core_cm3.h"
 660              		.section	.debug_info
 661 0000 DA070000 		.4byte	0x7da
 662 0004 0200     		.2byte	0x2
 663 0006 00000000 		.4byte	.Ldebug_abbrev0
 664 000a 04       		.byte	0x4
 665 000b 01       		.uleb128 0x1
 666 000c 84020000 		.4byte	.LASF79
 667 0010 01       		.byte	0x1
 668 0011 90020000 		.4byte	.LASF80
 669 0015 3B000000 		.4byte	.LASF81
ARM GAS  /tmp/cc8EIUOw.s 			page 13


 670 0019 00000000 		.4byte	0x0
 671 001d 00000000 		.4byte	0x0
 672 0021 50010000 		.4byte	.Ldebug_ranges0+0x150
 673 0025 00000000 		.4byte	.Ldebug_line0
 674 0029 02       		.uleb128 0x2
 675 002a 04       		.byte	0x4
 676 002b 05       		.byte	0x5
 677 002c 696E7400 		.ascii	"int\000"
 678 0030 03       		.uleb128 0x3
 679 0031 04       		.byte	0x4
 680 0032 07       		.byte	0x7
 681 0033 9C010000 		.4byte	.LASF0
 682 0037 03       		.uleb128 0x3
 683 0038 01       		.byte	0x1
 684 0039 06       		.byte	0x6
 685 003a 68010000 		.4byte	.LASF1
 686 003e 04       		.uleb128 0x4
 687 003f DF000000 		.4byte	.LASF3
 688 0043 02       		.byte	0x2
 689 0044 2A       		.byte	0x2a
 690 0045 49000000 		.4byte	0x49
 691 0049 03       		.uleb128 0x3
 692 004a 01       		.byte	0x1
 693 004b 08       		.byte	0x8
 694 004c 48010000 		.4byte	.LASF2
 695 0050 04       		.uleb128 0x4
 696 0051 32020000 		.4byte	.LASF4
 697 0055 02       		.byte	0x2
 698 0056 35       		.byte	0x35
 699 0057 5B000000 		.4byte	0x5b
 700 005b 03       		.uleb128 0x3
 701 005c 02       		.byte	0x2
 702 005d 05       		.byte	0x5
 703 005e 76000000 		.4byte	.LASF5
 704 0062 04       		.uleb128 0x4
 705 0063 A9010000 		.4byte	.LASF6
 706 0067 02       		.byte	0x2
 707 0068 36       		.byte	0x36
 708 0069 6D000000 		.4byte	0x6d
 709 006d 03       		.uleb128 0x3
 710 006e 02       		.byte	0x2
 711 006f 07       		.byte	0x7
 712 0070 17020000 		.4byte	.LASF7
 713 0074 04       		.uleb128 0x4
 714 0075 02020000 		.4byte	.LASF8
 715 0079 02       		.byte	0x2
 716 007a 4F       		.byte	0x4f
 717 007b 7F000000 		.4byte	0x7f
 718 007f 03       		.uleb128 0x3
 719 0080 04       		.byte	0x4
 720 0081 05       		.byte	0x5
 721 0082 1C010000 		.4byte	.LASF9
 722 0086 04       		.uleb128 0x4
 723 0087 93010000 		.4byte	.LASF10
 724 008b 02       		.byte	0x2
 725 008c 50       		.byte	0x50
 726 008d 91000000 		.4byte	0x91
ARM GAS  /tmp/cc8EIUOw.s 			page 14


 727 0091 03       		.uleb128 0x3
 728 0092 04       		.byte	0x4
 729 0093 07       		.byte	0x7
 730 0094 5F020000 		.4byte	.LASF11
 731 0098 03       		.uleb128 0x3
 732 0099 08       		.byte	0x8
 733 009a 05       		.byte	0x5
 734 009b 00010000 		.4byte	.LASF12
 735 009f 04       		.uleb128 0x4
 736 00a0 32000000 		.4byte	.LASF13
 737 00a4 02       		.byte	0x2
 738 00a5 78       		.byte	0x78
 739 00a6 AA000000 		.4byte	0xaa
 740 00aa 03       		.uleb128 0x3
 741 00ab 08       		.byte	0x8
 742 00ac 07       		.byte	0x7
 743 00ad 7C010000 		.4byte	.LASF14
 744 00b1 04       		.uleb128 0x4
 745 00b2 40010000 		.4byte	.LASF15
 746 00b6 03       		.byte	0x3
 747 00b7 2F       		.byte	0x2f
 748 00b8 3E000000 		.4byte	0x3e
 749 00bc 04       		.uleb128 0x4
 750 00bd BD020000 		.4byte	.LASF16
 751 00c1 03       		.byte	0x3
 752 00c2 30       		.byte	0x30
 753 00c3 3E000000 		.4byte	0x3e
 754 00c7 04       		.uleb128 0x4
 755 00c8 0D000000 		.4byte	.LASF17
 756 00cc 03       		.byte	0x3
 757 00cd 31       		.byte	0x31
 758 00ce 3E000000 		.4byte	0x3e
 759 00d2 04       		.uleb128 0x4
 760 00d3 0E010000 		.4byte	.LASF18
 761 00d7 03       		.byte	0x3
 762 00d8 32       		.byte	0x32
 763 00d9 86000000 		.4byte	0x86
 764 00dd 04       		.uleb128 0x4
 765 00de 1E030000 		.4byte	.LASF19
 766 00e2 03       		.byte	0x3
 767 00e3 33       		.byte	0x33
 768 00e4 74000000 		.4byte	0x74
 769 00e8 04       		.uleb128 0x4
 770 00e9 1C000000 		.4byte	.LASF20
 771 00ed 03       		.byte	0x3
 772 00ee 35       		.byte	0x35
 773 00ef 86000000 		.4byte	0x86
 774 00f3 04       		.uleb128 0x4
 775 00f4 E6010000 		.4byte	.LASF21
 776 00f8 03       		.byte	0x3
 777 00f9 36       		.byte	0x36
 778 00fa 86000000 		.4byte	0x86
 779 00fe 04       		.uleb128 0x4
 780 00ff 11020000 		.4byte	.LASF22
 781 0103 03       		.byte	0x3
 782 0104 37       		.byte	0x37
 783 0105 74000000 		.4byte	0x74
ARM GAS  /tmp/cc8EIUOw.s 			page 15


 784 0109 04       		.uleb128 0x4
 785 010a A2020000 		.4byte	.LASF23
 786 010e 04       		.byte	0x4
 787 010f 2A       		.byte	0x2a
 788 0110 14010000 		.4byte	0x114
 789 0114 05       		.uleb128 0x5
 790 0115 A2020000 		.4byte	.LASF23
 791 0119 4C       		.byte	0x4c
 792 011a 05       		.byte	0x5
 793 011b 5E       		.byte	0x5e
 794 011c 39020000 		.4byte	0x239
 795 0120 06       		.uleb128 0x6
 796 0121 C2000000 		.4byte	.LASF24
 797 0125 05       		.byte	0x5
 798 0126 5F       		.byte	0x5f
 799 0127 5E020000 		.4byte	0x25e
 800 012b 02       		.byte	0x2
 801 012c 23       		.byte	0x23
 802 012d 00       		.uleb128 0x0
 803 012e 06       		.uleb128 0x6
 804 012f 9D000000 		.4byte	.LASF25
 805 0133 05       		.byte	0x5
 806 0134 61       		.byte	0x61
 807 0135 5E020000 		.4byte	0x25e
 808 0139 02       		.byte	0x2
 809 013a 23       		.byte	0x23
 810 013b 04       		.uleb128 0x4
 811 013c 06       		.uleb128 0x6
 812 013d BB000000 		.4byte	.LASF26
 813 0141 05       		.byte	0x5
 814 0142 63       		.byte	0x63
 815 0143 D2000000 		.4byte	0xd2
 816 0147 02       		.byte	0x2
 817 0148 23       		.byte	0x23
 818 0149 08       		.uleb128 0x8
 819 014a 06       		.uleb128 0x6
 820 014b F7020000 		.4byte	.LASF27
 821 014f 05       		.byte	0x5
 822 0150 64       		.byte	0x64
 823 0151 36030000 		.4byte	0x336
 824 0155 02       		.byte	0x2
 825 0156 23       		.byte	0x23
 826 0157 0C       		.uleb128 0xc
 827 0158 06       		.uleb128 0x6
 828 0159 74010000 		.4byte	.LASF28
 829 015d 05       		.byte	0x5
 830 015e 66       		.byte	0x66
 831 015f 5E020000 		.4byte	0x25e
 832 0163 02       		.byte	0x2
 833 0164 23       		.byte	0x23
 834 0165 10       		.uleb128 0x10
 835 0166 06       		.uleb128 0x6
 836 0167 E1020000 		.4byte	.LASF29
 837 016b 05       		.byte	0x5
 838 016c 67       		.byte	0x67
 839 016d 5E020000 		.4byte	0x25e
 840 0171 02       		.byte	0x2
ARM GAS  /tmp/cc8EIUOw.s 			page 16


 841 0172 23       		.byte	0x23
 842 0173 14       		.uleb128 0x14
 843 0174 06       		.uleb128 0x6
 844 0175 FB010000 		.4byte	.LASF30
 845 0179 05       		.byte	0x5
 846 017a 6E       		.byte	0x6e
 847 017b 56040000 		.4byte	0x456
 848 017f 02       		.byte	0x2
 849 0180 23       		.byte	0x23
 850 0181 18       		.uleb128 0x18
 851 0182 06       		.uleb128 0x6
 852 0183 B2010000 		.4byte	.LASF31
 853 0187 05       		.byte	0x5
 854 0188 74       		.byte	0x74
 855 0189 68040000 		.4byte	0x468
 856 018d 02       		.byte	0x2
 857 018e 23       		.byte	0x23
 858 018f 1C       		.uleb128 0x1c
 859 0190 06       		.uleb128 0x6
 860 0191 2A020000 		.4byte	.LASF32
 861 0195 05       		.byte	0x5
 862 0196 79       		.byte	0x79
 863 0197 BC000000 		.4byte	0xbc
 864 019b 02       		.byte	0x2
 865 019c 23       		.byte	0x23
 866 019d 20       		.uleb128 0x20
 867 019e 06       		.uleb128 0x6
 868 019f D3010000 		.4byte	.LASF33
 869 01a3 05       		.byte	0x5
 870 01a4 7D       		.byte	0x7d
 871 01a5 B1000000 		.4byte	0xb1
 872 01a9 02       		.byte	0x2
 873 01aa 23       		.byte	0x23
 874 01ab 21       		.uleb128 0x21
 875 01ac 06       		.uleb128 0x6
 876 01ad F0020000 		.4byte	.LASF34
 877 01b1 05       		.byte	0x5
 878 01b2 82       		.byte	0x82
 879 01b3 C7000000 		.4byte	0xc7
 880 01b7 02       		.byte	0x2
 881 01b8 23       		.byte	0x23
 882 01b9 22       		.uleb128 0x22
 883 01ba 06       		.uleb128 0x6
 884 01bb F4000000 		.4byte	.LASF35
 885 01bf 05       		.byte	0x5
 886 01c0 89       		.byte	0x89
 887 01c1 5E030000 		.4byte	0x35e
 888 01c5 02       		.byte	0x2
 889 01c6 23       		.byte	0x23
 890 01c7 24       		.uleb128 0x24
 891 01c8 07       		.uleb128 0x7
 892 01c9 705F7500 		.ascii	"p_u\000"
 893 01cd 05       		.byte	0x5
 894 01ce AE       		.byte	0xae
 895 01cf 21040000 		.4byte	0x421
 896 01d3 02       		.byte	0x2
 897 01d4 23       		.byte	0x23
ARM GAS  /tmp/cc8EIUOw.s 			page 17


 898 01d5 28       		.uleb128 0x28
 899 01d6 06       		.uleb128 0x6
 900 01d7 44020000 		.4byte	.LASF36
 901 01db 05       		.byte	0x5
 902 01dc B3       		.byte	0xb3
 903 01dd 86020000 		.4byte	0x286
 904 01e1 02       		.byte	0x2
 905 01e2 23       		.byte	0x23
 906 01e3 2C       		.uleb128 0x2c
 907 01e4 06       		.uleb128 0x6
 908 01e5 B0000000 		.4byte	.LASF37
 909 01e9 05       		.byte	0x5
 910 01ea B9       		.byte	0xb9
 911 01eb 64020000 		.4byte	0x264
 912 01ef 02       		.byte	0x2
 913 01f0 23       		.byte	0x23
 914 01f1 30       		.uleb128 0x30
 915 01f2 06       		.uleb128 0x6
 916 01f3 3A010000 		.4byte	.LASF38
 917 01f7 05       		.byte	0x5
 918 01f8 BD       		.byte	0xbd
 919 01f9 DD000000 		.4byte	0xdd
 920 01fd 02       		.byte	0x2
 921 01fe 23       		.byte	0x23
 922 01ff 38       		.uleb128 0x38
 923 0200 06       		.uleb128 0x6
 924 0201 88000000 		.4byte	.LASF39
 925 0205 05       		.byte	0x5
 926 0206 C3       		.byte	0xc3
 927 0207 E8000000 		.4byte	0xe8
 928 020b 02       		.byte	0x2
 929 020c 23       		.byte	0x23
 930 020d 3C       		.uleb128 0x3c
 931 020e 06       		.uleb128 0x6
 932 020f 4E020000 		.4byte	.LASF40
 933 0213 05       		.byte	0x5
 934 0214 CA       		.byte	0xca
 935 0215 6E040000 		.4byte	0x46e
 936 0219 02       		.byte	0x2
 937 021a 23       		.byte	0x23
 938 021b 40       		.uleb128 0x40
 939 021c 06       		.uleb128 0x6
 940 021d DB010000 		.4byte	.LASF41
 941 0221 05       		.byte	0x5
 942 0222 CE       		.byte	0xce
 943 0223 D2000000 		.4byte	0xd2
 944 0227 02       		.byte	0x2
 945 0228 23       		.byte	0x23
 946 0229 44       		.uleb128 0x44
 947 022a 06       		.uleb128 0x6
 948 022b BD010000 		.4byte	.LASF42
 949 022f 05       		.byte	0x5
 950 0230 D4       		.byte	0xd4
 951 0231 9C020000 		.4byte	0x29c
 952 0235 02       		.byte	0x2
 953 0236 23       		.byte	0x23
 954 0237 48       		.uleb128 0x48
ARM GAS  /tmp/cc8EIUOw.s 			page 18


 955 0238 00       		.byte	0x0
 956 0239 08       		.uleb128 0x8
 957 023a 08       		.byte	0x8
 958 023b 04       		.byte	0x4
 959 023c 61       		.byte	0x61
 960 023d 5E020000 		.4byte	0x25e
 961 0241 06       		.uleb128 0x6
 962 0242 C2000000 		.4byte	.LASF24
 963 0246 04       		.byte	0x4
 964 0247 62       		.byte	0x62
 965 0248 5E020000 		.4byte	0x25e
 966 024c 02       		.byte	0x2
 967 024d 23       		.byte	0x23
 968 024e 00       		.uleb128 0x0
 969 024f 06       		.uleb128 0x6
 970 0250 9D000000 		.4byte	.LASF25
 971 0254 04       		.byte	0x4
 972 0255 64       		.byte	0x64
 973 0256 5E020000 		.4byte	0x25e
 974 025a 02       		.byte	0x2
 975 025b 23       		.byte	0x23
 976 025c 04       		.uleb128 0x4
 977 025d 00       		.byte	0x0
 978 025e 09       		.uleb128 0x9
 979 025f 04       		.byte	0x4
 980 0260 09010000 		.4byte	0x109
 981 0264 04       		.uleb128 0x4
 982 0265 B0020000 		.4byte	.LASF43
 983 0269 04       		.byte	0x4
 984 026a 66       		.byte	0x66
 985 026b 39020000 		.4byte	0x239
 986 026f 08       		.uleb128 0x8
 987 0270 04       		.byte	0x4
 988 0271 04       		.byte	0x4
 989 0272 6B       		.byte	0x6b
 990 0273 86020000 		.4byte	0x286
 991 0277 06       		.uleb128 0x6
 992 0278 C2000000 		.4byte	.LASF24
 993 027c 04       		.byte	0x4
 994 027d 6D       		.byte	0x6d
 995 027e 5E020000 		.4byte	0x25e
 996 0282 02       		.byte	0x2
 997 0283 23       		.byte	0x23
 998 0284 00       		.uleb128 0x0
 999 0285 00       		.byte	0x0
 1000 0286 04       		.uleb128 0x4
 1001 0287 6A000000 		.4byte	.LASF44
 1002 028b 04       		.byte	0x4
 1003 028c 70       		.byte	0x70
 1004 028d 6F020000 		.4byte	0x26f
 1005 0291 04       		.uleb128 0x4
 1006 0292 D6000000 		.4byte	.LASF45
 1007 0296 06       		.byte	0x6
 1008 0297 D7       		.byte	0xd7
 1009 0298 9C020000 		.4byte	0x29c
 1010 029c 0A       		.uleb128 0xa
 1011 029d 04       		.byte	0x4
ARM GAS  /tmp/cc8EIUOw.s 			page 19


 1012 029e 04       		.uleb128 0x4
 1013 029f C6020000 		.4byte	.LASF46
 1014 02a3 06       		.byte	0x6
 1015 02a4 DD       		.byte	0xdd
 1016 02a5 9F000000 		.4byte	0x9f
 1017 02a9 05       		.uleb128 0x5
 1018 02aa 58020000 		.4byte	.LASF47
 1019 02ae 24       		.byte	0x24
 1020 02af 06       		.byte	0x6
 1021 02b0 FE       		.byte	0xfe
 1022 02b1 36030000 		.4byte	0x336
 1023 02b5 0B       		.uleb128 0xb
 1024 02b6 723400   		.ascii	"r4\000"
 1025 02b9 06       		.byte	0x6
 1026 02ba 1101     		.2byte	0x111
 1027 02bc 91020000 		.4byte	0x291
 1028 02c0 02       		.byte	0x2
 1029 02c1 23       		.byte	0x23
 1030 02c2 00       		.uleb128 0x0
 1031 02c3 0B       		.uleb128 0xb
 1032 02c4 723500   		.ascii	"r5\000"
 1033 02c7 06       		.byte	0x6
 1034 02c8 1201     		.2byte	0x112
 1035 02ca 91020000 		.4byte	0x291
 1036 02ce 02       		.byte	0x2
 1037 02cf 23       		.byte	0x23
 1038 02d0 04       		.uleb128 0x4
 1039 02d1 0B       		.uleb128 0xb
 1040 02d2 723600   		.ascii	"r6\000"
 1041 02d5 06       		.byte	0x6
 1042 02d6 1301     		.2byte	0x113
 1043 02d8 91020000 		.4byte	0x291
 1044 02dc 02       		.byte	0x2
 1045 02dd 23       		.byte	0x23
 1046 02de 08       		.uleb128 0x8
 1047 02df 0B       		.uleb128 0xb
 1048 02e0 723700   		.ascii	"r7\000"
 1049 02e3 06       		.byte	0x6
 1050 02e4 1401     		.2byte	0x114
 1051 02e6 91020000 		.4byte	0x291
 1052 02ea 02       		.byte	0x2
 1053 02eb 23       		.byte	0x23
 1054 02ec 0C       		.uleb128 0xc
 1055 02ed 0B       		.uleb128 0xb
 1056 02ee 723800   		.ascii	"r8\000"
 1057 02f1 06       		.byte	0x6
 1058 02f2 1501     		.2byte	0x115
 1059 02f4 91020000 		.4byte	0x291
 1060 02f8 02       		.byte	0x2
 1061 02f9 23       		.byte	0x23
 1062 02fa 10       		.uleb128 0x10
 1063 02fb 0B       		.uleb128 0xb
 1064 02fc 723900   		.ascii	"r9\000"
 1065 02ff 06       		.byte	0x6
 1066 0300 1601     		.2byte	0x116
 1067 0302 91020000 		.4byte	0x291
 1068 0306 02       		.byte	0x2
ARM GAS  /tmp/cc8EIUOw.s 			page 20


 1069 0307 23       		.byte	0x23
 1070 0308 14       		.uleb128 0x14
 1071 0309 0B       		.uleb128 0xb
 1072 030a 72313000 		.ascii	"r10\000"
 1073 030e 06       		.byte	0x6
 1074 030f 1701     		.2byte	0x117
 1075 0311 91020000 		.4byte	0x291
 1076 0315 02       		.byte	0x2
 1077 0316 23       		.byte	0x23
 1078 0317 18       		.uleb128 0x18
 1079 0318 0B       		.uleb128 0xb
 1080 0319 72313100 		.ascii	"r11\000"
 1081 031d 06       		.byte	0x6
 1082 031e 1801     		.2byte	0x118
 1083 0320 91020000 		.4byte	0x291
 1084 0324 02       		.byte	0x2
 1085 0325 23       		.byte	0x23
 1086 0326 1C       		.uleb128 0x1c
 1087 0327 0B       		.uleb128 0xb
 1088 0328 6C7200   		.ascii	"lr\000"
 1089 032b 06       		.byte	0x6
 1090 032c 1901     		.2byte	0x119
 1091 032e 91020000 		.4byte	0x291
 1092 0332 02       		.byte	0x2
 1093 0333 23       		.byte	0x23
 1094 0334 20       		.uleb128 0x20
 1095 0335 00       		.byte	0x0
 1096 0336 0C       		.uleb128 0xc
 1097 0337 32010000 		.4byte	.LASF48
 1098 033b 04       		.byte	0x4
 1099 033c 06       		.byte	0x6
 1100 033d 2301     		.2byte	0x123
 1101 033f 53030000 		.4byte	0x353
 1102 0343 0B       		.uleb128 0xb
 1103 0344 72313300 		.ascii	"r13\000"
 1104 0348 06       		.byte	0x6
 1105 0349 2401     		.2byte	0x124
 1106 034b 53030000 		.4byte	0x353
 1107 034f 02       		.byte	0x2
 1108 0350 23       		.byte	0x23
 1109 0351 00       		.uleb128 0x0
 1110 0352 00       		.byte	0x0
 1111 0353 09       		.uleb128 0x9
 1112 0354 04       		.byte	0x4
 1113 0355 A9020000 		.4byte	0x2a9
 1114 0359 0D       		.uleb128 0xd
 1115 035a 86000000 		.4byte	0x86
 1116 035e 0D       		.uleb128 0xd
 1117 035f F3000000 		.4byte	0xf3
 1118 0363 08       		.uleb128 0x8
 1119 0364 20       		.byte	0x20
 1120 0365 07       		.byte	0x7
 1121 0366 5E       		.byte	0x5e
 1122 0367 CE030000 		.4byte	0x3ce
 1123 036b 06       		.uleb128 0x6
 1124 036c 80000000 		.4byte	.LASF49
 1125 0370 07       		.byte	0x7
ARM GAS  /tmp/cc8EIUOw.s 			page 21


 1126 0371 5F       		.byte	0x5f
 1127 0372 64020000 		.4byte	0x264
 1128 0376 02       		.byte	0x2
 1129 0377 23       		.byte	0x23
 1130 0378 00       		.uleb128 0x0
 1131 0379 06       		.uleb128 0x6
 1132 037a 0A020000 		.4byte	.LASF50
 1133 037e 07       		.byte	0x7
 1134 037f 60       		.byte	0x60
 1135 0380 D2000000 		.4byte	0xd2
 1136 0384 02       		.byte	0x2
 1137 0385 23       		.byte	0x23
 1138 0386 08       		.uleb128 0x8
 1139 0387 06       		.uleb128 0x6
 1140 0388 A4000000 		.4byte	.LASF51
 1141 038c 07       		.byte	0x7
 1142 038d 62       		.byte	0x62
 1143 038e 36030000 		.4byte	0x336
 1144 0392 02       		.byte	0x2
 1145 0393 23       		.byte	0x23
 1146 0394 0C       		.uleb128 0xc
 1147 0395 06       		.uleb128 0x6
 1148 0396 CB010000 		.4byte	.LASF52
 1149 039a 07       		.byte	0x7
 1150 039b 65       		.byte	0x65
 1151 039c 5E020000 		.4byte	0x25e
 1152 03a0 02       		.byte	0x2
 1153 03a1 23       		.byte	0x23
 1154 03a2 10       		.uleb128 0x10
 1155 03a3 06       		.uleb128 0x6
 1156 03a4 24030000 		.4byte	.LASF53
 1157 03a8 07       		.byte	0x7
 1158 03a9 66       		.byte	0x66
 1159 03aa 5E020000 		.4byte	0x25e
 1160 03ae 02       		.byte	0x2
 1161 03af 23       		.byte	0x23
 1162 03b0 14       		.uleb128 0x14
 1163 03b1 06       		.uleb128 0x6
 1164 03b2 3A020000 		.4byte	.LASF54
 1165 03b6 07       		.byte	0x7
 1166 03b7 6A       		.byte	0x6a
 1167 03b8 FE000000 		.4byte	0xfe
 1168 03bc 02       		.byte	0x2
 1169 03bd 23       		.byte	0x23
 1170 03be 18       		.uleb128 0x18
 1171 03bf 06       		.uleb128 0x6
 1172 03c0 71020000 		.4byte	.LASF55
 1173 03c4 07       		.byte	0x7
 1174 03c5 6C       		.byte	0x6c
 1175 03c6 5E020000 		.4byte	0x25e
 1176 03ca 02       		.byte	0x2
 1177 03cb 23       		.byte	0x23
 1178 03cc 1C       		.uleb128 0x1c
 1179 03cd 00       		.byte	0x0
 1180 03ce 04       		.uleb128 0x4
 1181 03cf 93000000 		.4byte	.LASF56
 1182 03d3 07       		.byte	0x7
ARM GAS  /tmp/cc8EIUOw.s 			page 22


 1183 03d4 6E       		.byte	0x6e
 1184 03d5 63030000 		.4byte	0x363
 1185 03d9 05       		.uleb128 0x5
 1186 03da 16010000 		.4byte	.LASF57
 1187 03de 10       		.byte	0x10
 1188 03df 08       		.byte	0x8
 1189 03e0 2C       		.byte	0x2c
 1190 03e1 10040000 		.4byte	0x410
 1191 03e5 06       		.uleb128 0x6
 1192 03e6 2A010000 		.4byte	.LASF58
 1193 03ea 08       		.byte	0x8
 1194 03eb 2D       		.byte	0x2d
 1195 03ec 64020000 		.4byte	0x264
 1196 03f0 02       		.byte	0x2
 1197 03f1 23       		.byte	0x23
 1198 03f2 00       		.uleb128 0x0
 1199 03f3 06       		.uleb128 0x6
 1200 03f4 0A030000 		.4byte	.LASF59
 1201 03f8 08       		.byte	0x8
 1202 03f9 2F       		.byte	0x2f
 1203 03fa 5E020000 		.4byte	0x25e
 1204 03fe 02       		.byte	0x2
 1205 03ff 23       		.byte	0x23
 1206 0400 08       		.uleb128 0x8
 1207 0401 06       		.uleb128 0x6
 1208 0402 C9000000 		.4byte	.LASF60
 1209 0406 08       		.byte	0x8
 1210 0407 31       		.byte	0x31
 1211 0408 10040000 		.4byte	0x410
 1212 040c 02       		.byte	0x2
 1213 040d 23       		.byte	0x23
 1214 040e 0C       		.uleb128 0xc
 1215 040f 00       		.byte	0x0
 1216 0410 09       		.uleb128 0x9
 1217 0411 04       		.byte	0x4
 1218 0412 D9030000 		.4byte	0x3d9
 1219 0416 04       		.uleb128 0x4
 1220 0417 16010000 		.4byte	.LASF57
 1221 041b 08       		.byte	0x8
 1222 041c 33       		.byte	0x33
 1223 041d D9030000 		.4byte	0x3d9
 1224 0421 0E       		.uleb128 0xe
 1225 0422 04       		.byte	0x4
 1226 0423 05       		.byte	0x5
 1227 0424 90       		.byte	0x90
 1228 0425 56040000 		.4byte	0x456
 1229 0429 0F       		.uleb128 0xf
 1230 042a 17030000 		.4byte	.LASF61
 1231 042e 05       		.byte	0x5
 1232 042f 97       		.byte	0x97
 1233 0430 DD000000 		.4byte	0xdd
 1234 0434 0F       		.uleb128 0xf
 1235 0435 D1020000 		.4byte	.LASF62
 1236 0439 05       		.byte	0x5
 1237 043a 9E       		.byte	0x9e
 1238 043b DD000000 		.4byte	0xdd
 1239 043f 0F       		.uleb128 0xf
ARM GAS  /tmp/cc8EIUOw.s 			page 23


 1240 0440 A9020000 		.4byte	.LASF63
 1241 0444 05       		.byte	0x5
 1242 0445 A5       		.byte	0xa5
 1243 0446 9C020000 		.4byte	0x29c
 1244 044a 0F       		.uleb128 0xf
 1245 044b 61010000 		.4byte	.LASF64
 1246 044f 05       		.byte	0x5
 1247 0450 AC       		.byte	0xac
 1248 0451 E8000000 		.4byte	0xe8
 1249 0455 00       		.byte	0x0
 1250 0456 09       		.uleb128 0x9
 1251 0457 04       		.byte	0x4
 1252 0458 5C040000 		.4byte	0x45c
 1253 045c 10       		.uleb128 0x10
 1254 045d 61040000 		.4byte	0x461
 1255 0461 03       		.uleb128 0x3
 1256 0462 01       		.byte	0x1
 1257 0463 08       		.byte	0x8
 1258 0464 F6010000 		.4byte	.LASF65
 1259 0468 09       		.uleb128 0x9
 1260 0469 04       		.byte	0x4
 1261 046a 9E020000 		.4byte	0x29e
 1262 046e 09       		.uleb128 0x9
 1263 046f 04       		.byte	0x4
 1264 0470 16040000 		.4byte	0x416
 1265 0474 0D       		.uleb128 0xd
 1266 0475 62000000 		.4byte	0x62
 1267 0479 0D       		.uleb128 0xd
 1268 047a 74000000 		.4byte	0x74
 1269 047e 11       		.uleb128 0x11
 1270 047f 1C       		.byte	0x1c
 1271 0480 09       		.byte	0x9
 1272 0481 F803     		.2byte	0x3f8
 1273 0483 F1040000 		.4byte	0x4f1
 1274 0487 0B       		.uleb128 0xb
 1275 0488 43524C00 		.ascii	"CRL\000"
 1276 048c 09       		.byte	0x9
 1277 048d FA03     		.2byte	0x3fa
 1278 048f 59030000 		.4byte	0x359
 1279 0493 02       		.byte	0x2
 1280 0494 23       		.byte	0x23
 1281 0495 00       		.uleb128 0x0
 1282 0496 0B       		.uleb128 0xb
 1283 0497 43524800 		.ascii	"CRH\000"
 1284 049b 09       		.byte	0x9
 1285 049c FB03     		.2byte	0x3fb
 1286 049e 59030000 		.4byte	0x359
 1287 04a2 02       		.byte	0x2
 1288 04a3 23       		.byte	0x23
 1289 04a4 04       		.uleb128 0x4
 1290 04a5 0B       		.uleb128 0xb
 1291 04a6 49445200 		.ascii	"IDR\000"
 1292 04aa 09       		.byte	0x9
 1293 04ab FC03     		.2byte	0x3fc
 1294 04ad 59030000 		.4byte	0x359
 1295 04b1 02       		.byte	0x2
 1296 04b2 23       		.byte	0x23
ARM GAS  /tmp/cc8EIUOw.s 			page 24


 1297 04b3 08       		.uleb128 0x8
 1298 04b4 0B       		.uleb128 0xb
 1299 04b5 4F445200 		.ascii	"ODR\000"
 1300 04b9 09       		.byte	0x9
 1301 04ba FD03     		.2byte	0x3fd
 1302 04bc 59030000 		.4byte	0x359
 1303 04c0 02       		.byte	0x2
 1304 04c1 23       		.byte	0x23
 1305 04c2 0C       		.uleb128 0xc
 1306 04c3 12       		.uleb128 0x12
 1307 04c4 25010000 		.4byte	.LASF66
 1308 04c8 09       		.byte	0x9
 1309 04c9 FE03     		.2byte	0x3fe
 1310 04cb 59030000 		.4byte	0x359
 1311 04cf 02       		.byte	0x2
 1312 04d0 23       		.byte	0x23
 1313 04d1 10       		.uleb128 0x10
 1314 04d2 0B       		.uleb128 0xb
 1315 04d3 42525200 		.ascii	"BRR\000"
 1316 04d7 09       		.byte	0x9
 1317 04d8 FF03     		.2byte	0x3ff
 1318 04da 59030000 		.4byte	0x359
 1319 04de 02       		.byte	0x2
 1320 04df 23       		.byte	0x23
 1321 04e0 14       		.uleb128 0x14
 1322 04e1 12       		.uleb128 0x12
 1323 04e2 12030000 		.4byte	.LASF67
 1324 04e6 09       		.byte	0x9
 1325 04e7 0004     		.2byte	0x400
 1326 04e9 59030000 		.4byte	0x359
 1327 04ed 02       		.byte	0x2
 1328 04ee 23       		.byte	0x23
 1329 04ef 18       		.uleb128 0x18
 1330 04f0 00       		.byte	0x0
 1331 04f1 13       		.uleb128 0x13
 1332 04f2 00000000 		.4byte	.LASF68
 1333 04f6 09       		.byte	0x9
 1334 04f7 0104     		.2byte	0x401
 1335 04f9 7E040000 		.4byte	0x47e
 1336 04fd 04       		.uleb128 0x4
 1337 04fe E7000000 		.4byte	.LASF69
 1338 0502 0A       		.byte	0xa
 1339 0503 78       		.byte	0x78
 1340 0504 86000000 		.4byte	0x86
 1341 0508 14       		.uleb128 0x14
 1342 0509 AA000000 		.4byte	.LASF70
 1343 050d 01       		.byte	0x1
 1344 050e 0A       		.byte	0xa
 1345 050f 01       		.byte	0x1
 1346 0510 01       		.byte	0x1
 1347 0511 1F050000 		.4byte	0x51f
 1348 0515 15       		.uleb128 0x15
 1349 0516 6900     		.ascii	"i\000"
 1350 0518 01       		.byte	0x1
 1351 0519 0C       		.byte	0xc
 1352 051a 74040000 		.4byte	0x474
 1353 051e 00       		.byte	0x0
ARM GAS  /tmp/cc8EIUOw.s 			page 25


 1354 051f 14       		.uleb128 0x14
 1355 0520 FB000000 		.4byte	.LASF71
 1356 0524 01       		.byte	0x1
 1357 0525 11       		.byte	0x11
 1358 0526 01       		.byte	0x1
 1359 0527 01       		.byte	0x1
 1360 0528 62050000 		.4byte	0x562
 1361 052c 16       		.uleb128 0x16
 1362 052d 76616C00 		.ascii	"val\000"
 1363 0531 01       		.byte	0x1
 1364 0532 11       		.byte	0x11
 1365 0533 62050000 		.4byte	0x562
 1366 0537 17       		.uleb128 0x17
 1367 0538 15000000 		.4byte	.LASF72
 1368 053c 01       		.byte	0x1
 1369 053d 1F       		.byte	0x1f
 1370 053e 86000000 		.4byte	0x86
 1371 0542 17       		.uleb128 0x17
 1372 0543 E9020000 		.4byte	.LASF73
 1373 0547 01       		.byte	0x1
 1374 0548 21       		.byte	0x21
 1375 0549 86000000 		.4byte	0x86
 1376 054d 15       		.uleb128 0x15
 1377 054e 6900     		.ascii	"i\000"
 1378 0550 01       		.byte	0x1
 1379 0551 23       		.byte	0x23
 1380 0552 50000000 		.4byte	0x50
 1381 0556 18       		.uleb128 0x18
 1382 0557 15       		.uleb128 0x15
 1383 0558 6200     		.ascii	"b\000"
 1384 055a 01       		.byte	0x1
 1385 055b 2C       		.byte	0x2c
 1386 055c 62000000 		.4byte	0x62
 1387 0560 00       		.byte	0x0
 1388 0561 00       		.byte	0x0
 1389 0562 09       		.uleb128 0x9
 1390 0563 04       		.byte	0x4
 1391 0564 86000000 		.4byte	0x86
 1392 0568 19       		.uleb128 0x19
 1393 0569 56010000 		.4byte	.LASF82
 1394 056d 01       		.byte	0x1
 1395 056e 44       		.byte	0x44
 1396 056f 01       		.byte	0x1
 1397 0570 DD000000 		.4byte	0xdd
 1398 0574 00000000 		.4byte	.LFB64
 1399 0578 B0010000 		.4byte	.LFE64
 1400 057c 00000000 		.4byte	.LLST0
 1401 0580 20070000 		.4byte	0x720
 1402 0584 1A       		.uleb128 0x1a
 1403 0585 61726700 		.ascii	"arg\000"
 1404 0589 01       		.byte	0x1
 1405 058a 44       		.byte	0x44
 1406 058b 9C020000 		.4byte	0x29c
 1407 058f 20000000 		.4byte	.LLST1
 1408 0593 1B       		.uleb128 0x1b
 1409 0594 1F050000 		.4byte	0x51f
 1410 0598 1A000000 		.4byte	.LBB72
ARM GAS  /tmp/cc8EIUOw.s 			page 26


 1411 059c 00000000 		.4byte	.Ldebug_ranges0+0x0
 1412 05a0 01       		.byte	0x1
 1413 05a1 4B       		.byte	0x4b
 1414 05a2 1C       		.uleb128 0x1c
 1415 05a3 20000000 		.4byte	.Ldebug_ranges0+0x20
 1416 05a7 1D       		.uleb128 0x1d
 1417 05a8 2C050000 		.4byte	0x52c
 1418 05ac 06       		.byte	0x6
 1419 05ad 03       		.byte	0x3
 1420 05ae 00000000 		.4byte	value
 1421 05b2 9F       		.byte	0x9f
 1422 05b3 1E       		.uleb128 0x1e
 1423 05b4 37050000 		.4byte	0x537
 1424 05b8 05       		.byte	0x5
 1425 05b9 03       		.byte	0x3
 1426 05ba 00000000 		.4byte	result.6168
 1427 05be 1E       		.uleb128 0x1e
 1428 05bf 42050000 		.4byte	0x542
 1429 05c3 05       		.byte	0x5
 1430 05c4 03       		.byte	0x3
 1431 05c5 00000000 		.4byte	bitVal.6169
 1432 05c9 1E       		.uleb128 0x1e
 1433 05ca 4D050000 		.4byte	0x54d
 1434 05ce 05       		.byte	0x5
 1435 05cf 03       		.byte	0x3
 1436 05d0 00000000 		.4byte	i.6170
 1437 05d4 1F       		.uleb128 0x1f
 1438 05d5 08050000 		.4byte	0x508
 1439 05d9 26000000 		.4byte	.LBB75
 1440 05dd 40000000 		.4byte	.Ldebug_ranges0+0x40
 1441 05e1 01       		.byte	0x1
 1442 05e2 15       		.byte	0x15
 1443 05e3 F9050000 		.4byte	0x5f9
 1444 05e7 1C       		.uleb128 0x1c
 1445 05e8 58000000 		.4byte	.Ldebug_ranges0+0x58
 1446 05ec 1E       		.uleb128 0x1e
 1447 05ed 15050000 		.4byte	0x515
 1448 05f1 05       		.byte	0x5
 1449 05f2 03       		.byte	0x3
 1450 05f3 00000000 		.4byte	i.6161
 1451 05f7 00       		.byte	0x0
 1452 05f8 00       		.byte	0x0
 1453 05f9 20       		.uleb128 0x20
 1454 05fa 08050000 		.4byte	0x508
 1455 05fe 50000000 		.4byte	.LBB79
 1456 0602 68000000 		.4byte	.LBE79
 1457 0606 01       		.byte	0x1
 1458 0607 19       		.byte	0x19
 1459 0608 22060000 		.4byte	0x622
 1460 060c 21       		.uleb128 0x21
 1461 060d 50000000 		.4byte	.LBB80
 1462 0611 68000000 		.4byte	.LBE80
 1463 0615 1E       		.uleb128 0x1e
 1464 0616 15050000 		.4byte	0x515
 1465 061a 05       		.byte	0x5
 1466 061b 03       		.byte	0x3
 1467 061c 00000000 		.4byte	i.6161
ARM GAS  /tmp/cc8EIUOw.s 			page 27


 1468 0620 00       		.byte	0x0
 1469 0621 00       		.byte	0x0
 1470 0622 1F       		.uleb128 0x1f
 1471 0623 08050000 		.4byte	0x508
 1472 0627 6A000000 		.4byte	.LBB81
 1473 062b 70000000 		.4byte	.Ldebug_ranges0+0x70
 1474 062f 01       		.byte	0x1
 1475 0630 1D       		.byte	0x1d
 1476 0631 47060000 		.4byte	0x647
 1477 0635 1C       		.uleb128 0x1c
 1478 0636 88000000 		.4byte	.Ldebug_ranges0+0x88
 1479 063a 1E       		.uleb128 0x1e
 1480 063b 15050000 		.4byte	0x515
 1481 063f 05       		.byte	0x5
 1482 0640 03       		.byte	0x3
 1483 0641 00000000 		.4byte	i.6161
 1484 0645 00       		.byte	0x0
 1485 0646 00       		.byte	0x0
 1486 0647 22       		.uleb128 0x22
 1487 0648 A2000000 		.4byte	.LBB85
 1488 064c 1C010000 		.4byte	.LBE85
 1489 0650 D3060000 		.4byte	0x6d3
 1490 0654 1E       		.uleb128 0x1e
 1491 0655 57050000 		.4byte	0x557
 1492 0659 05       		.byte	0x5
 1493 065a 03       		.byte	0x3
 1494 065b 00000000 		.4byte	b.6171
 1495 065f 20       		.uleb128 0x20
 1496 0660 08050000 		.4byte	0x508
 1497 0664 AA000000 		.4byte	.LBB86
 1498 0668 C4000000 		.4byte	.LBE86
 1499 066c 01       		.byte	0x1
 1500 066d 29       		.byte	0x29
 1501 066e 88060000 		.4byte	0x688
 1502 0672 21       		.uleb128 0x21
 1503 0673 AA000000 		.4byte	.LBB87
 1504 0677 C4000000 		.4byte	.LBE87
 1505 067b 1E       		.uleb128 0x1e
 1506 067c 15050000 		.4byte	0x515
 1507 0680 05       		.byte	0x5
 1508 0681 03       		.byte	0x3
 1509 0682 00000000 		.4byte	i.6161
 1510 0686 00       		.byte	0x0
 1511 0687 00       		.byte	0x0
 1512 0688 1F       		.uleb128 0x1f
 1513 0689 08050000 		.4byte	0x508
 1514 068d C4000000 		.4byte	.LBB88
 1515 0691 A0000000 		.4byte	.Ldebug_ranges0+0xa0
 1516 0695 01       		.byte	0x1
 1517 0696 30       		.byte	0x30
 1518 0697 AD060000 		.4byte	0x6ad
 1519 069b 1C       		.uleb128 0x1c
 1520 069c D0000000 		.4byte	.Ldebug_ranges0+0xd0
 1521 06a0 1E       		.uleb128 0x1e
 1522 06a1 15050000 		.4byte	0x515
 1523 06a5 05       		.byte	0x5
 1524 06a6 03       		.byte	0x3
ARM GAS  /tmp/cc8EIUOw.s 			page 28


 1525 06a7 00000000 		.4byte	i.6161
 1526 06ab 00       		.byte	0x0
 1527 06ac 00       		.byte	0x0
 1528 06ad 23       		.uleb128 0x23
 1529 06ae 08050000 		.4byte	0x508
 1530 06b2 00010000 		.4byte	.LBB98
 1531 06b6 1C010000 		.4byte	.LBE98
 1532 06ba 01       		.byte	0x1
 1533 06bb 34       		.byte	0x34
 1534 06bc 21       		.uleb128 0x21
 1535 06bd 00010000 		.4byte	.LBB99
 1536 06c1 1C010000 		.4byte	.LBE99
 1537 06c5 1E       		.uleb128 0x1e
 1538 06c6 15050000 		.4byte	0x515
 1539 06ca 05       		.byte	0x5
 1540 06cb 03       		.byte	0x3
 1541 06cc 00000000 		.4byte	i.6161
 1542 06d0 00       		.byte	0x0
 1543 06d1 00       		.byte	0x0
 1544 06d2 00       		.byte	0x0
 1545 06d3 1F       		.uleb128 0x1f
 1546 06d4 08050000 		.4byte	0x508
 1547 06d8 24010000 		.4byte	.LBB100
 1548 06dc 00010000 		.4byte	.Ldebug_ranges0+0x100
 1549 06e0 01       		.byte	0x1
 1550 06e1 38       		.byte	0x38
 1551 06e2 F8060000 		.4byte	0x6f8
 1552 06e6 1C       		.uleb128 0x1c
 1553 06e7 28010000 		.4byte	.Ldebug_ranges0+0x128
 1554 06eb 1E       		.uleb128 0x1e
 1555 06ec 15050000 		.4byte	0x515
 1556 06f0 05       		.byte	0x5
 1557 06f1 03       		.byte	0x3
 1558 06f2 00000000 		.4byte	i.6161
 1559 06f6 00       		.byte	0x0
 1560 06f7 00       		.byte	0x0
 1561 06f8 23       		.uleb128 0x23
 1562 06f9 08050000 		.4byte	0x508
 1563 06fd 5C010000 		.4byte	.LBB108
 1564 0701 76010000 		.4byte	.LBE108
 1565 0705 01       		.byte	0x1
 1566 0706 3C       		.byte	0x3c
 1567 0707 21       		.uleb128 0x21
 1568 0708 5C010000 		.4byte	.LBB109
 1569 070c 76010000 		.4byte	.LBE109
 1570 0710 1E       		.uleb128 0x1e
 1571 0711 15050000 		.4byte	0x515
 1572 0715 05       		.byte	0x5
 1573 0716 03       		.byte	0x3
 1574 0717 00000000 		.4byte	i.6161
 1575 071b 00       		.byte	0x0
 1576 071c 00       		.byte	0x0
 1577 071d 00       		.byte	0x0
 1578 071e 00       		.byte	0x0
 1579 071f 00       		.byte	0x0
 1580 0720 24       		.uleb128 0x24
 1581 0721 01       		.byte	0x1
ARM GAS  /tmp/cc8EIUOw.s 			page 29


 1582 0722 7B020000 		.4byte	.LASF83
 1583 0726 01       		.byte	0x1
 1584 0727 57       		.byte	0x57
 1585 0728 01       		.byte	0x1
 1586 0729 00000000 		.4byte	.LFB65
 1587 072d 68000000 		.4byte	.LFE65
 1588 0731 33000000 		.4byte	.LLST2
 1589 0735 25       		.uleb128 0x25
 1590 0736 01       		.byte	0x1
 1591 0737 28000000 		.4byte	.LASF84
 1592 073b 01       		.byte	0x1
 1593 073c 67       		.byte	0x67
 1594 073d 01       		.byte	0x1
 1595 073e 86000000 		.4byte	0x86
 1596 0742 00000000 		.4byte	.LFB66
 1597 0746 24000000 		.4byte	.LFE66
 1598 074a 5F000000 		.4byte	.LLST3
 1599 074e 64070000 		.4byte	0x764
 1600 0752 26       		.uleb128 0x26
 1601 0753 15000000 		.4byte	.LASF72
 1602 0757 01       		.byte	0x1
 1603 0758 69       		.byte	0x69
 1604 0759 86000000 		.4byte	0x86
 1605 075d 05       		.byte	0x5
 1606 075e 03       		.byte	0x3
 1607 075f 00000000 		.4byte	result.6186
 1608 0763 00       		.byte	0x0
 1609 0764 27       		.uleb128 0x27
 1610 0765 F0010000 		.4byte	.LASF74
 1611 0769 07       		.byte	0x7
 1612 076a 72       		.byte	0x72
 1613 076b CE030000 		.4byte	0x3ce
 1614 076f 01       		.byte	0x1
 1615 0770 01       		.byte	0x1
 1616 0771 28       		.uleb128 0x28
 1617 0772 FD020000 		.4byte	.LASF75
 1618 0776 0B       		.byte	0xb
 1619 0777 9404     		.2byte	0x494
 1620 0779 79040000 		.4byte	0x479
 1621 077d 01       		.byte	0x1
 1622 077e 01       		.byte	0x1
 1623 077f 26       		.uleb128 0x26
 1624 0780 C5010000 		.4byte	.LASF76
 1625 0784 01       		.byte	0x1
 1626 0785 07       		.byte	0x7
 1627 0786 16040000 		.4byte	0x416
 1628 078a 05       		.byte	0x5
 1629 078b 03       		.byte	0x3
 1630 078c 00000000 		.4byte	mutex
 1631 0790 26       		.uleb128 0x26
 1632 0791 D0000000 		.4byte	.LASF77
 1633 0795 01       		.byte	0x1
 1634 0796 08       		.byte	0x8
 1635 0797 86000000 		.4byte	0x86
 1636 079b 05       		.byte	0x5
 1637 079c 03       		.byte	0x3
 1638 079d 00000000 		.4byte	value
ARM GAS  /tmp/cc8EIUOw.s 			page 30


 1639 07a1 29       		.uleb128 0x29
 1640 07a2 9E020000 		.4byte	0x29e
 1641 07a6 B1070000 		.4byte	0x7b1
 1642 07aa 2A       		.uleb128 0x2a
 1643 07ab 30000000 		.4byte	0x30
 1644 07af 35       		.byte	0x35
 1645 07b0 00       		.byte	0x0
 1646 07b1 26       		.uleb128 0x26
 1647 07b2 DA020000 		.4byte	.LASF78
 1648 07b6 01       		.byte	0x1
 1649 07b7 43       		.byte	0x43
 1650 07b8 A1070000 		.4byte	0x7a1
 1651 07bc 05       		.byte	0x5
 1652 07bd 03       		.byte	0x3
 1653 07be 00000000 		.4byte	waRead
 1654 07c2 27       		.uleb128 0x27
 1655 07c3 F0010000 		.4byte	.LASF74
 1656 07c7 07       		.byte	0x7
 1657 07c8 72       		.byte	0x72
 1658 07c9 CE030000 		.4byte	0x3ce
 1659 07cd 01       		.byte	0x1
 1660 07ce 01       		.byte	0x1
 1661 07cf 28       		.uleb128 0x28
 1662 07d0 FD020000 		.4byte	.LASF75
 1663 07d4 0B       		.byte	0xb
 1664 07d5 9404     		.2byte	0x494
 1665 07d7 79040000 		.4byte	0x479
 1666 07db 01       		.byte	0x1
 1667 07dc 01       		.byte	0x1
 1668 07dd 00       		.byte	0x0
 1669              		.section	.debug_abbrev
 1670 0000 01       		.uleb128 0x1
 1671 0001 11       		.uleb128 0x11
 1672 0002 01       		.byte	0x1
 1673 0003 25       		.uleb128 0x25
 1674 0004 0E       		.uleb128 0xe
 1675 0005 13       		.uleb128 0x13
 1676 0006 0B       		.uleb128 0xb
 1677 0007 03       		.uleb128 0x3
 1678 0008 0E       		.uleb128 0xe
 1679 0009 1B       		.uleb128 0x1b
 1680 000a 0E       		.uleb128 0xe
 1681 000b 11       		.uleb128 0x11
 1682 000c 01       		.uleb128 0x1
 1683 000d 52       		.uleb128 0x52
 1684 000e 01       		.uleb128 0x1
 1685 000f 55       		.uleb128 0x55
 1686 0010 06       		.uleb128 0x6
 1687 0011 10       		.uleb128 0x10
 1688 0012 06       		.uleb128 0x6
 1689 0013 00       		.byte	0x0
 1690 0014 00       		.byte	0x0
 1691 0015 02       		.uleb128 0x2
 1692 0016 24       		.uleb128 0x24
 1693 0017 00       		.byte	0x0
 1694 0018 0B       		.uleb128 0xb
 1695 0019 0B       		.uleb128 0xb
ARM GAS  /tmp/cc8EIUOw.s 			page 31


 1696 001a 3E       		.uleb128 0x3e
 1697 001b 0B       		.uleb128 0xb
 1698 001c 03       		.uleb128 0x3
 1699 001d 08       		.uleb128 0x8
 1700 001e 00       		.byte	0x0
 1701 001f 00       		.byte	0x0
 1702 0020 03       		.uleb128 0x3
 1703 0021 24       		.uleb128 0x24
 1704 0022 00       		.byte	0x0
 1705 0023 0B       		.uleb128 0xb
 1706 0024 0B       		.uleb128 0xb
 1707 0025 3E       		.uleb128 0x3e
 1708 0026 0B       		.uleb128 0xb
 1709 0027 03       		.uleb128 0x3
 1710 0028 0E       		.uleb128 0xe
 1711 0029 00       		.byte	0x0
 1712 002a 00       		.byte	0x0
 1713 002b 04       		.uleb128 0x4
 1714 002c 16       		.uleb128 0x16
 1715 002d 00       		.byte	0x0
 1716 002e 03       		.uleb128 0x3
 1717 002f 0E       		.uleb128 0xe
 1718 0030 3A       		.uleb128 0x3a
 1719 0031 0B       		.uleb128 0xb
 1720 0032 3B       		.uleb128 0x3b
 1721 0033 0B       		.uleb128 0xb
 1722 0034 49       		.uleb128 0x49
 1723 0035 13       		.uleb128 0x13
 1724 0036 00       		.byte	0x0
 1725 0037 00       		.byte	0x0
 1726 0038 05       		.uleb128 0x5
 1727 0039 13       		.uleb128 0x13
 1728 003a 01       		.byte	0x1
 1729 003b 03       		.uleb128 0x3
 1730 003c 0E       		.uleb128 0xe
 1731 003d 0B       		.uleb128 0xb
 1732 003e 0B       		.uleb128 0xb
 1733 003f 3A       		.uleb128 0x3a
 1734 0040 0B       		.uleb128 0xb
 1735 0041 3B       		.uleb128 0x3b
 1736 0042 0B       		.uleb128 0xb
 1737 0043 01       		.uleb128 0x1
 1738 0044 13       		.uleb128 0x13
 1739 0045 00       		.byte	0x0
 1740 0046 00       		.byte	0x0
 1741 0047 06       		.uleb128 0x6
 1742 0048 0D       		.uleb128 0xd
 1743 0049 00       		.byte	0x0
 1744 004a 03       		.uleb128 0x3
 1745 004b 0E       		.uleb128 0xe
 1746 004c 3A       		.uleb128 0x3a
 1747 004d 0B       		.uleb128 0xb
 1748 004e 3B       		.uleb128 0x3b
 1749 004f 0B       		.uleb128 0xb
 1750 0050 49       		.uleb128 0x49
 1751 0051 13       		.uleb128 0x13
 1752 0052 38       		.uleb128 0x38
ARM GAS  /tmp/cc8EIUOw.s 			page 32


 1753 0053 0A       		.uleb128 0xa
 1754 0054 00       		.byte	0x0
 1755 0055 00       		.byte	0x0
 1756 0056 07       		.uleb128 0x7
 1757 0057 0D       		.uleb128 0xd
 1758 0058 00       		.byte	0x0
 1759 0059 03       		.uleb128 0x3
 1760 005a 08       		.uleb128 0x8
 1761 005b 3A       		.uleb128 0x3a
 1762 005c 0B       		.uleb128 0xb
 1763 005d 3B       		.uleb128 0x3b
 1764 005e 0B       		.uleb128 0xb
 1765 005f 49       		.uleb128 0x49
 1766 0060 13       		.uleb128 0x13
 1767 0061 38       		.uleb128 0x38
 1768 0062 0A       		.uleb128 0xa
 1769 0063 00       		.byte	0x0
 1770 0064 00       		.byte	0x0
 1771 0065 08       		.uleb128 0x8
 1772 0066 13       		.uleb128 0x13
 1773 0067 01       		.byte	0x1
 1774 0068 0B       		.uleb128 0xb
 1775 0069 0B       		.uleb128 0xb
 1776 006a 3A       		.uleb128 0x3a
 1777 006b 0B       		.uleb128 0xb
 1778 006c 3B       		.uleb128 0x3b
 1779 006d 0B       		.uleb128 0xb
 1780 006e 01       		.uleb128 0x1
 1781 006f 13       		.uleb128 0x13
 1782 0070 00       		.byte	0x0
 1783 0071 00       		.byte	0x0
 1784 0072 09       		.uleb128 0x9
 1785 0073 0F       		.uleb128 0xf
 1786 0074 00       		.byte	0x0
 1787 0075 0B       		.uleb128 0xb
 1788 0076 0B       		.uleb128 0xb
 1789 0077 49       		.uleb128 0x49
 1790 0078 13       		.uleb128 0x13
 1791 0079 00       		.byte	0x0
 1792 007a 00       		.byte	0x0
 1793 007b 0A       		.uleb128 0xa
 1794 007c 0F       		.uleb128 0xf
 1795 007d 00       		.byte	0x0
 1796 007e 0B       		.uleb128 0xb
 1797 007f 0B       		.uleb128 0xb
 1798 0080 00       		.byte	0x0
 1799 0081 00       		.byte	0x0
 1800 0082 0B       		.uleb128 0xb
 1801 0083 0D       		.uleb128 0xd
 1802 0084 00       		.byte	0x0
 1803 0085 03       		.uleb128 0x3
 1804 0086 08       		.uleb128 0x8
 1805 0087 3A       		.uleb128 0x3a
 1806 0088 0B       		.uleb128 0xb
 1807 0089 3B       		.uleb128 0x3b
 1808 008a 05       		.uleb128 0x5
 1809 008b 49       		.uleb128 0x49
ARM GAS  /tmp/cc8EIUOw.s 			page 33


 1810 008c 13       		.uleb128 0x13
 1811 008d 38       		.uleb128 0x38
 1812 008e 0A       		.uleb128 0xa
 1813 008f 00       		.byte	0x0
 1814 0090 00       		.byte	0x0
 1815 0091 0C       		.uleb128 0xc
 1816 0092 13       		.uleb128 0x13
 1817 0093 01       		.byte	0x1
 1818 0094 03       		.uleb128 0x3
 1819 0095 0E       		.uleb128 0xe
 1820 0096 0B       		.uleb128 0xb
 1821 0097 0B       		.uleb128 0xb
 1822 0098 3A       		.uleb128 0x3a
 1823 0099 0B       		.uleb128 0xb
 1824 009a 3B       		.uleb128 0x3b
 1825 009b 05       		.uleb128 0x5
 1826 009c 01       		.uleb128 0x1
 1827 009d 13       		.uleb128 0x13
 1828 009e 00       		.byte	0x0
 1829 009f 00       		.byte	0x0
 1830 00a0 0D       		.uleb128 0xd
 1831 00a1 35       		.uleb128 0x35
 1832 00a2 00       		.byte	0x0
 1833 00a3 49       		.uleb128 0x49
 1834 00a4 13       		.uleb128 0x13
 1835 00a5 00       		.byte	0x0
 1836 00a6 00       		.byte	0x0
 1837 00a7 0E       		.uleb128 0xe
 1838 00a8 17       		.uleb128 0x17
 1839 00a9 01       		.byte	0x1
 1840 00aa 0B       		.uleb128 0xb
 1841 00ab 0B       		.uleb128 0xb
 1842 00ac 3A       		.uleb128 0x3a
 1843 00ad 0B       		.uleb128 0xb
 1844 00ae 3B       		.uleb128 0x3b
 1845 00af 0B       		.uleb128 0xb
 1846 00b0 01       		.uleb128 0x1
 1847 00b1 13       		.uleb128 0x13
 1848 00b2 00       		.byte	0x0
 1849 00b3 00       		.byte	0x0
 1850 00b4 0F       		.uleb128 0xf
 1851 00b5 0D       		.uleb128 0xd
 1852 00b6 00       		.byte	0x0
 1853 00b7 03       		.uleb128 0x3
 1854 00b8 0E       		.uleb128 0xe
 1855 00b9 3A       		.uleb128 0x3a
 1856 00ba 0B       		.uleb128 0xb
 1857 00bb 3B       		.uleb128 0x3b
 1858 00bc 0B       		.uleb128 0xb
 1859 00bd 49       		.uleb128 0x49
 1860 00be 13       		.uleb128 0x13
 1861 00bf 00       		.byte	0x0
 1862 00c0 00       		.byte	0x0
 1863 00c1 10       		.uleb128 0x10
 1864 00c2 26       		.uleb128 0x26
 1865 00c3 00       		.byte	0x0
 1866 00c4 49       		.uleb128 0x49
ARM GAS  /tmp/cc8EIUOw.s 			page 34


 1867 00c5 13       		.uleb128 0x13
 1868 00c6 00       		.byte	0x0
 1869 00c7 00       		.byte	0x0
 1870 00c8 11       		.uleb128 0x11
 1871 00c9 13       		.uleb128 0x13
 1872 00ca 01       		.byte	0x1
 1873 00cb 0B       		.uleb128 0xb
 1874 00cc 0B       		.uleb128 0xb
 1875 00cd 3A       		.uleb128 0x3a
 1876 00ce 0B       		.uleb128 0xb
 1877 00cf 3B       		.uleb128 0x3b
 1878 00d0 05       		.uleb128 0x5
 1879 00d1 01       		.uleb128 0x1
 1880 00d2 13       		.uleb128 0x13
 1881 00d3 00       		.byte	0x0
 1882 00d4 00       		.byte	0x0
 1883 00d5 12       		.uleb128 0x12
 1884 00d6 0D       		.uleb128 0xd
 1885 00d7 00       		.byte	0x0
 1886 00d8 03       		.uleb128 0x3
 1887 00d9 0E       		.uleb128 0xe
 1888 00da 3A       		.uleb128 0x3a
 1889 00db 0B       		.uleb128 0xb
 1890 00dc 3B       		.uleb128 0x3b
 1891 00dd 05       		.uleb128 0x5
 1892 00de 49       		.uleb128 0x49
 1893 00df 13       		.uleb128 0x13
 1894 00e0 38       		.uleb128 0x38
 1895 00e1 0A       		.uleb128 0xa
 1896 00e2 00       		.byte	0x0
 1897 00e3 00       		.byte	0x0
 1898 00e4 13       		.uleb128 0x13
 1899 00e5 16       		.uleb128 0x16
 1900 00e6 00       		.byte	0x0
 1901 00e7 03       		.uleb128 0x3
 1902 00e8 0E       		.uleb128 0xe
 1903 00e9 3A       		.uleb128 0x3a
 1904 00ea 0B       		.uleb128 0xb
 1905 00eb 3B       		.uleb128 0x3b
 1906 00ec 05       		.uleb128 0x5
 1907 00ed 49       		.uleb128 0x49
 1908 00ee 13       		.uleb128 0x13
 1909 00ef 00       		.byte	0x0
 1910 00f0 00       		.byte	0x0
 1911 00f1 14       		.uleb128 0x14
 1912 00f2 2E       		.uleb128 0x2e
 1913 00f3 01       		.byte	0x1
 1914 00f4 03       		.uleb128 0x3
 1915 00f5 0E       		.uleb128 0xe
 1916 00f6 3A       		.uleb128 0x3a
 1917 00f7 0B       		.uleb128 0xb
 1918 00f8 3B       		.uleb128 0x3b
 1919 00f9 0B       		.uleb128 0xb
 1920 00fa 27       		.uleb128 0x27
 1921 00fb 0C       		.uleb128 0xc
 1922 00fc 20       		.uleb128 0x20
 1923 00fd 0B       		.uleb128 0xb
ARM GAS  /tmp/cc8EIUOw.s 			page 35


 1924 00fe 01       		.uleb128 0x1
 1925 00ff 13       		.uleb128 0x13
 1926 0100 00       		.byte	0x0
 1927 0101 00       		.byte	0x0
 1928 0102 15       		.uleb128 0x15
 1929 0103 34       		.uleb128 0x34
 1930 0104 00       		.byte	0x0
 1931 0105 03       		.uleb128 0x3
 1932 0106 08       		.uleb128 0x8
 1933 0107 3A       		.uleb128 0x3a
 1934 0108 0B       		.uleb128 0xb
 1935 0109 3B       		.uleb128 0x3b
 1936 010a 0B       		.uleb128 0xb
 1937 010b 49       		.uleb128 0x49
 1938 010c 13       		.uleb128 0x13
 1939 010d 00       		.byte	0x0
 1940 010e 00       		.byte	0x0
 1941 010f 16       		.uleb128 0x16
 1942 0110 05       		.uleb128 0x5
 1943 0111 00       		.byte	0x0
 1944 0112 03       		.uleb128 0x3
 1945 0113 08       		.uleb128 0x8
 1946 0114 3A       		.uleb128 0x3a
 1947 0115 0B       		.uleb128 0xb
 1948 0116 3B       		.uleb128 0x3b
 1949 0117 0B       		.uleb128 0xb
 1950 0118 49       		.uleb128 0x49
 1951 0119 13       		.uleb128 0x13
 1952 011a 00       		.byte	0x0
 1953 011b 00       		.byte	0x0
 1954 011c 17       		.uleb128 0x17
 1955 011d 34       		.uleb128 0x34
 1956 011e 00       		.byte	0x0
 1957 011f 03       		.uleb128 0x3
 1958 0120 0E       		.uleb128 0xe
 1959 0121 3A       		.uleb128 0x3a
 1960 0122 0B       		.uleb128 0xb
 1961 0123 3B       		.uleb128 0x3b
 1962 0124 0B       		.uleb128 0xb
 1963 0125 49       		.uleb128 0x49
 1964 0126 13       		.uleb128 0x13
 1965 0127 00       		.byte	0x0
 1966 0128 00       		.byte	0x0
 1967 0129 18       		.uleb128 0x18
 1968 012a 0B       		.uleb128 0xb
 1969 012b 01       		.byte	0x1
 1970 012c 00       		.byte	0x0
 1971 012d 00       		.byte	0x0
 1972 012e 19       		.uleb128 0x19
 1973 012f 2E       		.uleb128 0x2e
 1974 0130 01       		.byte	0x1
 1975 0131 03       		.uleb128 0x3
 1976 0132 0E       		.uleb128 0xe
 1977 0133 3A       		.uleb128 0x3a
 1978 0134 0B       		.uleb128 0xb
 1979 0135 3B       		.uleb128 0x3b
 1980 0136 0B       		.uleb128 0xb
ARM GAS  /tmp/cc8EIUOw.s 			page 36


 1981 0137 27       		.uleb128 0x27
 1982 0138 0C       		.uleb128 0xc
 1983 0139 49       		.uleb128 0x49
 1984 013a 13       		.uleb128 0x13
 1985 013b 11       		.uleb128 0x11
 1986 013c 01       		.uleb128 0x1
 1987 013d 12       		.uleb128 0x12
 1988 013e 01       		.uleb128 0x1
 1989 013f 40       		.uleb128 0x40
 1990 0140 06       		.uleb128 0x6
 1991 0141 01       		.uleb128 0x1
 1992 0142 13       		.uleb128 0x13
 1993 0143 00       		.byte	0x0
 1994 0144 00       		.byte	0x0
 1995 0145 1A       		.uleb128 0x1a
 1996 0146 05       		.uleb128 0x5
 1997 0147 00       		.byte	0x0
 1998 0148 03       		.uleb128 0x3
 1999 0149 08       		.uleb128 0x8
 2000 014a 3A       		.uleb128 0x3a
 2001 014b 0B       		.uleb128 0xb
 2002 014c 3B       		.uleb128 0x3b
 2003 014d 0B       		.uleb128 0xb
 2004 014e 49       		.uleb128 0x49
 2005 014f 13       		.uleb128 0x13
 2006 0150 02       		.uleb128 0x2
 2007 0151 06       		.uleb128 0x6
 2008 0152 00       		.byte	0x0
 2009 0153 00       		.byte	0x0
 2010 0154 1B       		.uleb128 0x1b
 2011 0155 1D       		.uleb128 0x1d
 2012 0156 01       		.byte	0x1
 2013 0157 31       		.uleb128 0x31
 2014 0158 13       		.uleb128 0x13
 2015 0159 52       		.uleb128 0x52
 2016 015a 01       		.uleb128 0x1
 2017 015b 55       		.uleb128 0x55
 2018 015c 06       		.uleb128 0x6
 2019 015d 58       		.uleb128 0x58
 2020 015e 0B       		.uleb128 0xb
 2021 015f 59       		.uleb128 0x59
 2022 0160 0B       		.uleb128 0xb
 2023 0161 00       		.byte	0x0
 2024 0162 00       		.byte	0x0
 2025 0163 1C       		.uleb128 0x1c
 2026 0164 0B       		.uleb128 0xb
 2027 0165 01       		.byte	0x1
 2028 0166 55       		.uleb128 0x55
 2029 0167 06       		.uleb128 0x6
 2030 0168 00       		.byte	0x0
 2031 0169 00       		.byte	0x0
 2032 016a 1D       		.uleb128 0x1d
 2033 016b 05       		.uleb128 0x5
 2034 016c 00       		.byte	0x0
 2035 016d 31       		.uleb128 0x31
 2036 016e 13       		.uleb128 0x13
 2037 016f 02       		.uleb128 0x2
ARM GAS  /tmp/cc8EIUOw.s 			page 37


 2038 0170 0A       		.uleb128 0xa
 2039 0171 00       		.byte	0x0
 2040 0172 00       		.byte	0x0
 2041 0173 1E       		.uleb128 0x1e
 2042 0174 34       		.uleb128 0x34
 2043 0175 00       		.byte	0x0
 2044 0176 31       		.uleb128 0x31
 2045 0177 13       		.uleb128 0x13
 2046 0178 02       		.uleb128 0x2
 2047 0179 0A       		.uleb128 0xa
 2048 017a 00       		.byte	0x0
 2049 017b 00       		.byte	0x0
 2050 017c 1F       		.uleb128 0x1f
 2051 017d 1D       		.uleb128 0x1d
 2052 017e 01       		.byte	0x1
 2053 017f 31       		.uleb128 0x31
 2054 0180 13       		.uleb128 0x13
 2055 0181 52       		.uleb128 0x52
 2056 0182 01       		.uleb128 0x1
 2057 0183 55       		.uleb128 0x55
 2058 0184 06       		.uleb128 0x6
 2059 0185 58       		.uleb128 0x58
 2060 0186 0B       		.uleb128 0xb
 2061 0187 59       		.uleb128 0x59
 2062 0188 0B       		.uleb128 0xb
 2063 0189 01       		.uleb128 0x1
 2064 018a 13       		.uleb128 0x13
 2065 018b 00       		.byte	0x0
 2066 018c 00       		.byte	0x0
 2067 018d 20       		.uleb128 0x20
 2068 018e 1D       		.uleb128 0x1d
 2069 018f 01       		.byte	0x1
 2070 0190 31       		.uleb128 0x31
 2071 0191 13       		.uleb128 0x13
 2072 0192 11       		.uleb128 0x11
 2073 0193 01       		.uleb128 0x1
 2074 0194 12       		.uleb128 0x12
 2075 0195 01       		.uleb128 0x1
 2076 0196 58       		.uleb128 0x58
 2077 0197 0B       		.uleb128 0xb
 2078 0198 59       		.uleb128 0x59
 2079 0199 0B       		.uleb128 0xb
 2080 019a 01       		.uleb128 0x1
 2081 019b 13       		.uleb128 0x13
 2082 019c 00       		.byte	0x0
 2083 019d 00       		.byte	0x0
 2084 019e 21       		.uleb128 0x21
 2085 019f 0B       		.uleb128 0xb
 2086 01a0 01       		.byte	0x1
 2087 01a1 11       		.uleb128 0x11
 2088 01a2 01       		.uleb128 0x1
 2089 01a3 12       		.uleb128 0x12
 2090 01a4 01       		.uleb128 0x1
 2091 01a5 00       		.byte	0x0
 2092 01a6 00       		.byte	0x0
 2093 01a7 22       		.uleb128 0x22
 2094 01a8 0B       		.uleb128 0xb
ARM GAS  /tmp/cc8EIUOw.s 			page 38


 2095 01a9 01       		.byte	0x1
 2096 01aa 11       		.uleb128 0x11
 2097 01ab 01       		.uleb128 0x1
 2098 01ac 12       		.uleb128 0x12
 2099 01ad 01       		.uleb128 0x1
 2100 01ae 01       		.uleb128 0x1
 2101 01af 13       		.uleb128 0x13
 2102 01b0 00       		.byte	0x0
 2103 01b1 00       		.byte	0x0
 2104 01b2 23       		.uleb128 0x23
 2105 01b3 1D       		.uleb128 0x1d
 2106 01b4 01       		.byte	0x1
 2107 01b5 31       		.uleb128 0x31
 2108 01b6 13       		.uleb128 0x13
 2109 01b7 11       		.uleb128 0x11
 2110 01b8 01       		.uleb128 0x1
 2111 01b9 12       		.uleb128 0x12
 2112 01ba 01       		.uleb128 0x1
 2113 01bb 58       		.uleb128 0x58
 2114 01bc 0B       		.uleb128 0xb
 2115 01bd 59       		.uleb128 0x59
 2116 01be 0B       		.uleb128 0xb
 2117 01bf 00       		.byte	0x0
 2118 01c0 00       		.byte	0x0
 2119 01c1 24       		.uleb128 0x24
 2120 01c2 2E       		.uleb128 0x2e
 2121 01c3 00       		.byte	0x0
 2122 01c4 3F       		.uleb128 0x3f
 2123 01c5 0C       		.uleb128 0xc
 2124 01c6 03       		.uleb128 0x3
 2125 01c7 0E       		.uleb128 0xe
 2126 01c8 3A       		.uleb128 0x3a
 2127 01c9 0B       		.uleb128 0xb
 2128 01ca 3B       		.uleb128 0x3b
 2129 01cb 0B       		.uleb128 0xb
 2130 01cc 27       		.uleb128 0x27
 2131 01cd 0C       		.uleb128 0xc
 2132 01ce 11       		.uleb128 0x11
 2133 01cf 01       		.uleb128 0x1
 2134 01d0 12       		.uleb128 0x12
 2135 01d1 01       		.uleb128 0x1
 2136 01d2 40       		.uleb128 0x40
 2137 01d3 06       		.uleb128 0x6
 2138 01d4 00       		.byte	0x0
 2139 01d5 00       		.byte	0x0
 2140 01d6 25       		.uleb128 0x25
 2141 01d7 2E       		.uleb128 0x2e
 2142 01d8 01       		.byte	0x1
 2143 01d9 3F       		.uleb128 0x3f
 2144 01da 0C       		.uleb128 0xc
 2145 01db 03       		.uleb128 0x3
 2146 01dc 0E       		.uleb128 0xe
 2147 01dd 3A       		.uleb128 0x3a
 2148 01de 0B       		.uleb128 0xb
 2149 01df 3B       		.uleb128 0x3b
 2150 01e0 0B       		.uleb128 0xb
 2151 01e1 27       		.uleb128 0x27
ARM GAS  /tmp/cc8EIUOw.s 			page 39


 2152 01e2 0C       		.uleb128 0xc
 2153 01e3 49       		.uleb128 0x49
 2154 01e4 13       		.uleb128 0x13
 2155 01e5 11       		.uleb128 0x11
 2156 01e6 01       		.uleb128 0x1
 2157 01e7 12       		.uleb128 0x12
 2158 01e8 01       		.uleb128 0x1
 2159 01e9 40       		.uleb128 0x40
 2160 01ea 06       		.uleb128 0x6
 2161 01eb 01       		.uleb128 0x1
 2162 01ec 13       		.uleb128 0x13
 2163 01ed 00       		.byte	0x0
 2164 01ee 00       		.byte	0x0
 2165 01ef 26       		.uleb128 0x26
 2166 01f0 34       		.uleb128 0x34
 2167 01f1 00       		.byte	0x0
 2168 01f2 03       		.uleb128 0x3
 2169 01f3 0E       		.uleb128 0xe
 2170 01f4 3A       		.uleb128 0x3a
 2171 01f5 0B       		.uleb128 0xb
 2172 01f6 3B       		.uleb128 0x3b
 2173 01f7 0B       		.uleb128 0xb
 2174 01f8 49       		.uleb128 0x49
 2175 01f9 13       		.uleb128 0x13
 2176 01fa 02       		.uleb128 0x2
 2177 01fb 0A       		.uleb128 0xa
 2178 01fc 00       		.byte	0x0
 2179 01fd 00       		.byte	0x0
 2180 01fe 27       		.uleb128 0x27
 2181 01ff 34       		.uleb128 0x34
 2182 0200 00       		.byte	0x0
 2183 0201 03       		.uleb128 0x3
 2184 0202 0E       		.uleb128 0xe
 2185 0203 3A       		.uleb128 0x3a
 2186 0204 0B       		.uleb128 0xb
 2187 0205 3B       		.uleb128 0x3b
 2188 0206 0B       		.uleb128 0xb
 2189 0207 49       		.uleb128 0x49
 2190 0208 13       		.uleb128 0x13
 2191 0209 3F       		.uleb128 0x3f
 2192 020a 0C       		.uleb128 0xc
 2193 020b 3C       		.uleb128 0x3c
 2194 020c 0C       		.uleb128 0xc
 2195 020d 00       		.byte	0x0
 2196 020e 00       		.byte	0x0
 2197 020f 28       		.uleb128 0x28
 2198 0210 34       		.uleb128 0x34
 2199 0211 00       		.byte	0x0
 2200 0212 03       		.uleb128 0x3
 2201 0213 0E       		.uleb128 0xe
 2202 0214 3A       		.uleb128 0x3a
 2203 0215 0B       		.uleb128 0xb
 2204 0216 3B       		.uleb128 0x3b
 2205 0217 05       		.uleb128 0x5
 2206 0218 49       		.uleb128 0x49
 2207 0219 13       		.uleb128 0x13
 2208 021a 3F       		.uleb128 0x3f
ARM GAS  /tmp/cc8EIUOw.s 			page 40


 2209 021b 0C       		.uleb128 0xc
 2210 021c 3C       		.uleb128 0x3c
 2211 021d 0C       		.uleb128 0xc
 2212 021e 00       		.byte	0x0
 2213 021f 00       		.byte	0x0
 2214 0220 29       		.uleb128 0x29
 2215 0221 01       		.uleb128 0x1
 2216 0222 01       		.byte	0x1
 2217 0223 49       		.uleb128 0x49
 2218 0224 13       		.uleb128 0x13
 2219 0225 01       		.uleb128 0x1
 2220 0226 13       		.uleb128 0x13
 2221 0227 00       		.byte	0x0
 2222 0228 00       		.byte	0x0
 2223 0229 2A       		.uleb128 0x2a
 2224 022a 21       		.uleb128 0x21
 2225 022b 00       		.byte	0x0
 2226 022c 49       		.uleb128 0x49
 2227 022d 13       		.uleb128 0x13
 2228 022e 2F       		.uleb128 0x2f
 2229 022f 0B       		.uleb128 0xb
 2230 0230 00       		.byte	0x0
 2231 0231 00       		.byte	0x0
 2232 0232 00       		.byte	0x0
 2233              		.section	.debug_pubnames,"",%progbits
 2234 0000 29000000 		.4byte	0x29
 2235 0004 0200     		.2byte	0x2
 2236 0006 00000000 		.4byte	.Ldebug_info0
 2237 000a DE070000 		.4byte	0x7de
 2238 000e 20070000 		.4byte	0x720
 2239 0012 696E6974 		.ascii	"initRead\000"
 2239      52656164 
 2239      00
 2240 001b 35070000 		.4byte	0x735
 2241 001f 76616C75 		.ascii	"valueRead\000"
 2241      65526561 
 2241      6400
 2242 0029 00000000 		.4byte	0x0
 2243              		.section	.debug_pubtypes,"",%progbits
 2244 0000 6A010000 		.4byte	0x16a
 2245 0004 0200     		.2byte	0x2
 2246 0006 00000000 		.4byte	.Ldebug_info0
 2247 000a DE070000 		.4byte	0x7de
 2248 000e 3E000000 		.4byte	0x3e
 2249 0012 75696E74 		.ascii	"uint8_t\000"
 2249      385F7400 
 2250 001a 50000000 		.4byte	0x50
 2251 001e 696E7431 		.ascii	"int16_t\000"
 2251      365F7400 
 2252 0026 62000000 		.4byte	0x62
 2253 002a 75696E74 		.ascii	"uint16_t\000"
 2253      31365F74 
 2253      00
 2254 0033 74000000 		.4byte	0x74
 2255 0037 696E7433 		.ascii	"int32_t\000"
 2255      325F7400 
 2256 003f 86000000 		.4byte	0x86
ARM GAS  /tmp/cc8EIUOw.s 			page 41


 2257 0043 75696E74 		.ascii	"uint32_t\000"
 2257      33325F74 
 2257      00
 2258 004c 9F000000 		.4byte	0x9f
 2259 0050 75696E74 		.ascii	"uint64_t\000"
 2259      36345F74 
 2259      00
 2260 0059 B1000000 		.4byte	0xb1
 2261 005d 746D6F64 		.ascii	"tmode_t\000"
 2261      655F7400 
 2262 0065 BC000000 		.4byte	0xbc
 2263 0069 74737461 		.ascii	"tstate_t\000"
 2263      74655F74 
 2263      00
 2264 0072 C7000000 		.4byte	0xc7
 2265 0076 74726566 		.ascii	"trefs_t\000"
 2265      735F7400 
 2266 007e D2000000 		.4byte	0xd2
 2267 0082 74707269 		.ascii	"tprio_t\000"
 2267      6F5F7400 
 2268 008a DD000000 		.4byte	0xdd
 2269 008e 6D73675F 		.ascii	"msg_t\000"
 2269      7400
 2270 0094 E8000000 		.4byte	0xe8
 2271 0098 6576656E 		.ascii	"eventmask_t\000"
 2271      746D6173 
 2271      6B5F7400 
 2272 00a4 F3000000 		.4byte	0xf3
 2273 00a8 73797374 		.ascii	"systime_t\000"
 2273      696D655F 
 2273      7400
 2274 00b2 FE000000 		.4byte	0xfe
 2275 00b6 636E745F 		.ascii	"cnt_t\000"
 2275      7400
 2276 00bc 09010000 		.4byte	0x109
 2277 00c0 54687265 		.ascii	"Thread\000"
 2277      616400
 2278 00c7 64020000 		.4byte	0x264
 2279 00cb 54687265 		.ascii	"ThreadsQueue\000"
 2279      61647351 
 2279      75657565 
 2279      00
 2280 00d8 86020000 		.4byte	0x286
 2281 00dc 54687265 		.ascii	"ThreadsList\000"
 2281      6164734C 
 2281      69737400 
 2282 00e8 91020000 		.4byte	0x291
 2283 00ec 72656761 		.ascii	"regarm_t\000"
 2283      726D5F74 
 2283      00
 2284 00f5 9E020000 		.4byte	0x29e
 2285 00f9 73746B61 		.ascii	"stkalign_t\000"
 2285      6C69676E 
 2285      5F7400
 2286 0104 A9020000 		.4byte	0x2a9
 2287 0108 696E7463 		.ascii	"intctx\000"
 2287      747800
ARM GAS  /tmp/cc8EIUOw.s 			page 42


 2288 010f 36030000 		.4byte	0x336
 2289 0113 636F6E74 		.ascii	"context\000"
 2289      65787400 
 2290 011b CE030000 		.4byte	0x3ce
 2291 011f 52656164 		.ascii	"ReadyList\000"
 2291      794C6973 
 2291      7400
 2292 0129 D9030000 		.4byte	0x3d9
 2293 012d 4D757465 		.ascii	"Mutex\000"
 2293      7800
 2294 0133 16040000 		.4byte	0x416
 2295 0137 4D757465 		.ascii	"Mutex\000"
 2295      7800
 2296 013d 14010000 		.4byte	0x114
 2297 0141 54687265 		.ascii	"Thread\000"
 2297      616400
 2298 0148 F1040000 		.4byte	0x4f1
 2299 014c 4750494F 		.ascii	"GPIO_TypeDef\000"
 2299      5F547970 
 2299      65446566 
 2299      00
 2300 0159 FD040000 		.4byte	0x4fd
 2301 015d 696F706F 		.ascii	"ioportmask_t\000"
 2301      72746D61 
 2301      736B5F74 
 2301      00
 2302 016a 00000000 		.4byte	0x0
 2303              		.section	.debug_aranges,"",%progbits
 2304 0000 2C000000 		.4byte	0x2c
 2305 0004 0200     		.2byte	0x2
 2306 0006 00000000 		.4byte	.Ldebug_info0
 2307 000a 04       		.byte	0x4
 2308 000b 00       		.byte	0x0
 2309 000c 0000     		.2byte	0x0
 2310 000e 0000     		.2byte	0x0
 2311 0010 00000000 		.4byte	.LFB64
 2312 0014 B0010000 		.4byte	.LFE64-.LFB64
 2313 0018 00000000 		.4byte	.LFB65
 2314 001c 68000000 		.4byte	.LFE65-.LFB65
 2315 0020 00000000 		.4byte	.LFB66
 2316 0024 24000000 		.4byte	.LFE66-.LFB66
 2317 0028 00000000 		.4byte	0x0
 2318 002c 00000000 		.4byte	0x0
 2319              		.section	.debug_ranges,"",%progbits
 2320              	.Ldebug_ranges0:
 2321 0000 1A000000 		.4byte	.LBB72
 2322 0004 1C000000 		.4byte	.LBE72
 2323 0008 26000000 		.4byte	.LBB112
 2324 000c 86010000 		.4byte	.LBE112
 2325 0010 1E000000 		.4byte	.LBB111
 2326 0014 20000000 		.4byte	.LBE111
 2327 0018 00000000 		.4byte	0x0
 2328 001c 00000000 		.4byte	0x0
 2329 0020 1A000000 		.4byte	.LBB74
 2330 0024 1C000000 		.4byte	.LBE74
 2331 0028 26000000 		.4byte	.LBB110
 2332 002c 86010000 		.4byte	.LBE110
ARM GAS  /tmp/cc8EIUOw.s 			page 43


 2333 0030 1E000000 		.4byte	.LBB73
 2334 0034 20000000 		.4byte	.LBE73
 2335 0038 00000000 		.4byte	0x0
 2336 003c 00000000 		.4byte	0x0
 2337 0040 26000000 		.4byte	.LBB75
 2338 0044 28000000 		.4byte	.LBE75
 2339 0048 2A000000 		.4byte	.LBB78
 2340 004c 4E000000 		.4byte	.LBE78
 2341 0050 00000000 		.4byte	0x0
 2342 0054 00000000 		.4byte	0x0
 2343 0058 26000000 		.4byte	.LBB76
 2344 005c 28000000 		.4byte	.LBE76
 2345 0060 2A000000 		.4byte	.LBB77
 2346 0064 4E000000 		.4byte	.LBE77
 2347 0068 00000000 		.4byte	0x0
 2348 006c 00000000 		.4byte	0x0
 2349 0070 6A000000 		.4byte	.LBB81
 2350 0074 6C000000 		.4byte	.LBE81
 2351 0078 6E000000 		.4byte	.LBB84
 2352 007c 92000000 		.4byte	.LBE84
 2353 0080 00000000 		.4byte	0x0
 2354 0084 00000000 		.4byte	0x0
 2355 0088 6A000000 		.4byte	.LBB82
 2356 008c 6C000000 		.4byte	.LBE82
 2357 0090 6E000000 		.4byte	.LBB83
 2358 0094 92000000 		.4byte	.LBE83
 2359 0098 00000000 		.4byte	0x0
 2360 009c 00000000 		.4byte	0x0
 2361 00a0 C4000000 		.4byte	.LBB88
 2362 00a4 C6000000 		.4byte	.LBE88
 2363 00a8 E6000000 		.4byte	.LBB97
 2364 00ac FC000000 		.4byte	.LBE97
 2365 00b0 E2000000 		.4byte	.LBB96
 2366 00b4 E4000000 		.4byte	.LBE96
 2367 00b8 D2000000 		.4byte	.LBB95
 2368 00bc D4000000 		.4byte	.LBE95
 2369 00c0 CA000000 		.4byte	.LBB94
 2370 00c4 CE000000 		.4byte	.LBE94
 2371 00c8 00000000 		.4byte	0x0
 2372 00cc 00000000 		.4byte	0x0
 2373 00d0 C4000000 		.4byte	.LBB91
 2374 00d4 C6000000 		.4byte	.LBE91
 2375 00d8 E6000000 		.4byte	.LBB93
 2376 00dc FC000000 		.4byte	.LBE93
 2377 00e0 E2000000 		.4byte	.LBB89
 2378 00e4 E4000000 		.4byte	.LBE89
 2379 00e8 D2000000 		.4byte	.LBB92
 2380 00ec D4000000 		.4byte	.LBE92
 2381 00f0 CA000000 		.4byte	.LBB90
 2382 00f4 CE000000 		.4byte	.LBE90
 2383 00f8 00000000 		.4byte	0x0
 2384 00fc 00000000 		.4byte	0x0
 2385 0100 24010000 		.4byte	.LBB100
 2386 0104 2A010000 		.4byte	.LBE100
 2387 0108 42010000 		.4byte	.LBB107
 2388 010c 58010000 		.4byte	.LBE107
 2389 0110 32010000 		.4byte	.LBB106
ARM GAS  /tmp/cc8EIUOw.s 			page 44


 2390 0114 36010000 		.4byte	.LBE106
 2391 0118 2C010000 		.4byte	.LBB105
 2392 011c 30010000 		.4byte	.LBE105
 2393 0120 00000000 		.4byte	0x0
 2394 0124 00000000 		.4byte	0x0
 2395 0128 24010000 		.4byte	.LBB102
 2396 012c 2A010000 		.4byte	.LBE102
 2397 0130 42010000 		.4byte	.LBB104
 2398 0134 58010000 		.4byte	.LBE104
 2399 0138 32010000 		.4byte	.LBB101
 2400 013c 36010000 		.4byte	.LBE101
 2401 0140 2C010000 		.4byte	.LBB103
 2402 0144 30010000 		.4byte	.LBE103
 2403 0148 00000000 		.4byte	0x0
 2404 014c 00000000 		.4byte	0x0
 2405 0150 00000000 		.4byte	.LFB64
 2406 0154 B0010000 		.4byte	.LFE64
 2407 0158 00000000 		.4byte	.LFB65
 2408 015c 68000000 		.4byte	.LFE65
 2409 0160 00000000 		.4byte	.LFB66
 2410 0164 24000000 		.4byte	.LFE66
 2411 0168 00000000 		.4byte	0x0
 2412 016c 00000000 		.4byte	0x0
 2413              		.section	.debug_str,"MS",%progbits,1
 2414              	.LASF68:
 2415 0000 4750494F 		.ascii	"GPIO_TypeDef\000"
 2415      5F547970 
 2415      65446566 
 2415      00
 2416              	.LASF17:
 2417 000d 74726566 		.ascii	"trefs_t\000"
 2417      735F7400 
 2418              	.LASF72:
 2419 0015 72657375 		.ascii	"result\000"
 2419      6C7400
 2420              	.LASF20:
 2421 001c 6576656E 		.ascii	"eventmask_t\000"
 2421      746D6173 
 2421      6B5F7400 
 2422              	.LASF84:
 2423 0028 76616C75 		.ascii	"valueRead\000"
 2423      65526561 
 2423      6400
 2424              	.LASF13:
 2425 0032 75696E74 		.ascii	"uint64_t\000"
 2425      36345F74 
 2425      00
 2426              	.LASF81:
 2427 003b 2F686F6D 		.ascii	"/home/z80/projects/ipm.git/soft/firmware/valve\000"
 2427      652F7A38 
 2427      302F7072 
 2427      6F6A6563 
 2427      74732F69 
 2428              	.LASF44:
 2429 006a 54687265 		.ascii	"ThreadsList\000"
 2429      6164734C 
 2429      69737400 
ARM GAS  /tmp/cc8EIUOw.s 			page 45


 2430              	.LASF5:
 2431 0076 73686F72 		.ascii	"short int\000"
 2431      7420696E 
 2431      7400
 2432              	.LASF49:
 2433 0080 725F7175 		.ascii	"r_queue\000"
 2433      65756500 
 2434              	.LASF39:
 2435 0088 705F6570 		.ascii	"p_epending\000"
 2435      656E6469 
 2435      6E6700
 2436              	.LASF56:
 2437 0093 52656164 		.ascii	"ReadyList\000"
 2437      794C6973 
 2437      7400
 2438              	.LASF25:
 2439 009d 705F7072 		.ascii	"p_prev\000"
 2439      657600
 2440              	.LASF51:
 2441 00a4 725F6374 		.ascii	"r_ctx\000"
 2441      7800
 2442              	.LASF70:
 2443 00aa 64656C61 		.ascii	"delay\000"
 2443      7900
 2444              	.LASF37:
 2445 00b0 705F6D73 		.ascii	"p_msgqueue\000"
 2445      67717565 
 2445      756500
 2446              	.LASF26:
 2447 00bb 705F7072 		.ascii	"p_prio\000"
 2447      696F00
 2448              	.LASF24:
 2449 00c2 705F6E65 		.ascii	"p_next\000"
 2449      787400
 2450              	.LASF60:
 2451 00c9 6D5F6E65 		.ascii	"m_next\000"
 2451      787400
 2452              	.LASF77:
 2453 00d0 76616C75 		.ascii	"value\000"
 2453      6500
 2454              	.LASF45:
 2455 00d6 72656761 		.ascii	"regarm_t\000"
 2455      726D5F74 
 2455      00
 2456              	.LASF3:
 2457 00df 75696E74 		.ascii	"uint8_t\000"
 2457      385F7400 
 2458              	.LASF69:
 2459 00e7 696F706F 		.ascii	"ioportmask_t\000"
 2459      72746D61 
 2459      736B5F74 
 2459      00
 2460              	.LASF35:
 2461 00f4 705F7469 		.ascii	"p_time\000"
 2461      6D6500
 2462              	.LASF71:
 2463 00fb 72656164 		.ascii	"read\000"
ARM GAS  /tmp/cc8EIUOw.s 			page 46


 2463      00
 2464              	.LASF12:
 2465 0100 6C6F6E67 		.ascii	"long long int\000"
 2465      206C6F6E 
 2465      6720696E 
 2465      7400
 2466              	.LASF18:
 2467 010e 74707269 		.ascii	"tprio_t\000"
 2467      6F5F7400 
 2468              	.LASF57:
 2469 0116 4D757465 		.ascii	"Mutex\000"
 2469      7800
 2470              	.LASF9:
 2471 011c 6C6F6E67 		.ascii	"long int\000"
 2471      20696E74 
 2471      00
 2472              	.LASF66:
 2473 0125 42535252 		.ascii	"BSRR\000"
 2473      00
 2474              	.LASF58:
 2475 012a 6D5F7175 		.ascii	"m_queue\000"
 2475      65756500 
 2476              	.LASF48:
 2477 0132 636F6E74 		.ascii	"context\000"
 2477      65787400 
 2478              	.LASF38:
 2479 013a 705F6D73 		.ascii	"p_msg\000"
 2479      6700
 2480              	.LASF15:
 2481 0140 746D6F64 		.ascii	"tmode_t\000"
 2481      655F7400 
 2482              	.LASF2:
 2483 0148 756E7369 		.ascii	"unsigned char\000"
 2483      676E6564 
 2483      20636861 
 2483      7200
 2484              	.LASF82:
 2485 0156 72656164 		.ascii	"readThread\000"
 2485      54687265 
 2485      616400
 2486              	.LASF64:
 2487 0161 65776D61 		.ascii	"ewmask\000"
 2487      736B00
 2488              	.LASF1:
 2489 0168 7369676E 		.ascii	"signed char\000"
 2489      65642063 
 2489      68617200 
 2490              	.LASF28:
 2491 0174 705F6E65 		.ascii	"p_newer\000"
 2491      77657200 
 2492              	.LASF14:
 2493 017c 6C6F6E67 		.ascii	"long long unsigned int\000"
 2493      206C6F6E 
 2493      6720756E 
 2493      7369676E 
 2493      65642069 
 2494              	.LASF10:
ARM GAS  /tmp/cc8EIUOw.s 			page 47


 2495 0193 75696E74 		.ascii	"uint32_t\000"
 2495      33325F74 
 2495      00
 2496              	.LASF0:
 2497 019c 756E7369 		.ascii	"unsigned int\000"
 2497      676E6564 
 2497      20696E74 
 2497      00
 2498              	.LASF6:
 2499 01a9 75696E74 		.ascii	"uint16_t\000"
 2499      31365F74 
 2499      00
 2500              	.LASF31:
 2501 01b2 705F7374 		.ascii	"p_stklimit\000"
 2501      6B6C696D 
 2501      697400
 2502              	.LASF42:
 2503 01bd 705F6D70 		.ascii	"p_mpool\000"
 2503      6F6F6C00 
 2504              	.LASF76:
 2505 01c5 6D757465 		.ascii	"mutex\000"
 2505      7800
 2506              	.LASF52:
 2507 01cb 725F6E65 		.ascii	"r_newer\000"
 2507      77657200 
 2508              	.LASF33:
 2509 01d3 705F666C 		.ascii	"p_flags\000"
 2509      61677300 
 2510              	.LASF41:
 2511 01db 705F7265 		.ascii	"p_realprio\000"
 2511      616C7072 
 2511      696F00
 2512              	.LASF21:
 2513 01e6 73797374 		.ascii	"systime_t\000"
 2513      696D655F 
 2513      7400
 2514              	.LASF74:
 2515 01f0 726C6973 		.ascii	"rlist\000"
 2515      7400
 2516              	.LASF65:
 2517 01f6 63686172 		.ascii	"char\000"
 2517      00
 2518              	.LASF30:
 2519 01fb 705F6E61 		.ascii	"p_name\000"
 2519      6D6500
 2520              	.LASF8:
 2521 0202 696E7433 		.ascii	"int32_t\000"
 2521      325F7400 
 2522              	.LASF50:
 2523 020a 725F7072 		.ascii	"r_prio\000"
 2523      696F00
 2524              	.LASF22:
 2525 0211 636E745F 		.ascii	"cnt_t\000"
 2525      7400
 2526              	.LASF7:
 2527 0217 73686F72 		.ascii	"short unsigned int\000"
 2527      7420756E 
ARM GAS  /tmp/cc8EIUOw.s 			page 48


 2527      7369676E 
 2527      65642069 
 2527      6E7400
 2528              	.LASF32:
 2529 022a 705F7374 		.ascii	"p_state\000"
 2529      61746500 
 2530              	.LASF4:
 2531 0232 696E7431 		.ascii	"int16_t\000"
 2531      365F7400 
 2532              	.LASF54:
 2533 023a 725F7072 		.ascii	"r_preempt\000"
 2533      65656D70 
 2533      7400
 2534              	.LASF36:
 2535 0244 705F7761 		.ascii	"p_waiting\000"
 2535      6974696E 
 2535      6700
 2536              	.LASF40:
 2537 024e 705F6D74 		.ascii	"p_mtxlist\000"
 2537      786C6973 
 2537      7400
 2538              	.LASF47:
 2539 0258 696E7463 		.ascii	"intctx\000"
 2539      747800
 2540              	.LASF11:
 2541 025f 6C6F6E67 		.ascii	"long unsigned int\000"
 2541      20756E73 
 2541      69676E65 
 2541      6420696E 
 2541      7400
 2542              	.LASF55:
 2543 0271 725F6375 		.ascii	"r_current\000"
 2543      7272656E 
 2543      7400
 2544              	.LASF83:
 2545 027b 696E6974 		.ascii	"initRead\000"
 2545      52656164 
 2545      00
 2546              	.LASF79:
 2547 0284 474E5520 		.ascii	"GNU C 4.5.2\000"
 2547      4320342E 
 2547      352E3200 
 2548              	.LASF80:
 2549 0290 2E2F7372 		.ascii	"./src/read_ctrl.c\000"
 2549      632F7265 
 2549      61645F63 
 2549      74726C2E 
 2549      6300
 2550              	.LASF23:
 2551 02a2 54687265 		.ascii	"Thread\000"
 2551      616400
 2552              	.LASF63:
 2553 02a9 77746F62 		.ascii	"wtobjp\000"
 2553      6A7000
 2554              	.LASF43:
 2555 02b0 54687265 		.ascii	"ThreadsQueue\000"
 2555      61647351 
ARM GAS  /tmp/cc8EIUOw.s 			page 49


 2555      75657565 
 2555      00
 2556              	.LASF16:
 2557 02bd 74737461 		.ascii	"tstate_t\000"
 2557      74655F74 
 2557      00
 2558              	.LASF46:
 2559 02c6 73746B61 		.ascii	"stkalign_t\000"
 2559      6C69676E 
 2559      5F7400
 2560              	.LASF62:
 2561 02d1 65786974 		.ascii	"exitcode\000"
 2561      636F6465 
 2561      00
 2562              	.LASF78:
 2563 02da 77615265 		.ascii	"waRead\000"
 2563      616400
 2564              	.LASF29:
 2565 02e1 705F6F6C 		.ascii	"p_older\000"
 2565      64657200 
 2566              	.LASF73:
 2567 02e9 62697456 		.ascii	"bitVal\000"
 2567      616C00
 2568              	.LASF34:
 2569 02f0 705F7265 		.ascii	"p_refs\000"
 2569      667300
 2570              	.LASF27:
 2571 02f7 705F6374 		.ascii	"p_ctx\000"
 2571      7800
 2572              	.LASF75:
 2573 02fd 49544D5F 		.ascii	"ITM_RxBuffer\000"
 2573      52784275 
 2573      66666572 
 2573      00
 2574              	.LASF59:
 2575 030a 6D5F6F77 		.ascii	"m_owner\000"
 2575      6E657200 
 2576              	.LASF67:
 2577 0312 4C434B52 		.ascii	"LCKR\000"
 2577      00
 2578              	.LASF61:
 2579 0317 7264796D 		.ascii	"rdymsg\000"
 2579      736700
 2580              	.LASF19:
 2581 031e 6D73675F 		.ascii	"msg_t\000"
 2581      7400
 2582              	.LASF53:
 2583 0324 725F6F6C 		.ascii	"r_older\000"
 2583      64657200 
 2584              		.ident	"GCC: (Sourcery G++ Lite 2011.03-42) 4.5.2"
ARM GAS  /tmp/cc8EIUOw.s 			page 50


DEFINED SYMBOLS
                            *ABS*:00000000 read_ctrl.c
     /tmp/cc8EIUOw.s:24     .text.readThread:00000000 $t
     /tmp/cc8EIUOw.s:29     .text.readThread:00000000 readThread
     /tmp/cc8EIUOw.s:391    .text.readThread:00000188 $d
     /tmp/cc8EIUOw.s:405    .text.initRead:00000000 $t
     /tmp/cc8EIUOw.s:411    .text.initRead:00000000 initRead
     /tmp/cc8EIUOw.s:481    .text.initRead:00000058 $d
     /tmp/cc8EIUOw.s:489    .text.valueRead:00000000 $t
     /tmp/cc8EIUOw.s:495    .text.valueRead:00000000 valueRead
     /tmp/cc8EIUOw.s:522    .text.valueRead:00000018 $d
     /tmp/cc8EIUOw.s:529    .bss.mutex:00000000 $d
     /tmp/cc8EIUOw.s:533    .bss.mutex:00000000 mutex
     /tmp/cc8EIUOw.s:536    .bss.result.6186:00000000 $d
     /tmp/cc8EIUOw.s:540    .bss.result.6186:00000000 result.6186
     /tmp/cc8EIUOw.s:543    .bss.b.6171:00000000 $d
     /tmp/cc8EIUOw.s:547    .bss.b.6171:00000000 b.6171
     /tmp/cc8EIUOw.s:550    .bss.value:00000000 $d
     /tmp/cc8EIUOw.s:554    .bss.value:00000000 value
     /tmp/cc8EIUOw.s:557    .bss.i.6161:00000000 $d
     /tmp/cc8EIUOw.s:561    .bss.i.6161:00000000 i.6161
     /tmp/cc8EIUOw.s:564    .rodata.str1.4:00000000 $d
     /tmp/cc8EIUOw.s:568    .bss.i.6170:00000000 $d
     /tmp/cc8EIUOw.s:572    .bss.i.6170:00000000 i.6170
     /tmp/cc8EIUOw.s:575    .bss.waRead:00000000 $d
     /tmp/cc8EIUOw.s:579    .bss.waRead:00000000 waRead
     /tmp/cc8EIUOw.s:582    .bss.result.6168:00000000 $d
     /tmp/cc8EIUOw.s:586    .bss.result.6168:00000000 result.6168
     /tmp/cc8EIUOw.s:589    .bss.bitVal.6169:00000000 $d
     /tmp/cc8EIUOw.s:593    .bss.bitVal.6169:00000000 bitVal.6169
                     .debug_frame:00000010 $d
     /tmp/cc8EIUOw.s:488    .text.initRead:00000068 $t
     /tmp/cc8EIUOw.s:528    .text.valueRead:00000024 $t

UNDEFINED SYMBOLS
chThdSleep
chMtxLock
chMtxUnlock
rlist
_pal_lld_setgroupmode
chMtxInit
chThdCreateStatic
