ARM GAS  /tmp/ccCz8yGL.s 			page 1


   1              		.syntax unified
   2              		.cpu cortex-m3
   3              		.fpu softvfp
   4              		.eabi_attribute 20, 1
   5              		.eabi_attribute 21, 1
   6              		.eabi_attribute 23, 3
   7              		.eabi_attribute 24, 1
   8              		.eabi_attribute 25, 1
   9              		.eabi_attribute 26, 1
  10              		.eabi_attribute 30, 6
  11              		.eabi_attribute 18, 4
  12              		.thumb
  13              		.file	"relay_ctrl.c"
  14              		.section	.debug_abbrev,"",%progbits
  15              	.Ldebug_abbrev0:
  16              		.section	.debug_info,"",%progbits
  17              	.Ldebug_info0:
  18              		.section	.debug_line,"",%progbits
  19              	.Ldebug_line0:
  20 0000 A1010000 		.text
  20      02006101 
  20      00000201 
  20      FB0E0D00 
  20      01010101 
  21              	.Ltext0:
  22              		.cfi_sections	.debug_frame
  23              		.section	.text.initRelay,"ax",%progbits
  24              		.align	2
  25              		.p2align 4,,15
  26              		.global	initRelay
  27              		.thumb
  28              		.thumb_func
  29              		.type	initRelay, %function
  30              	initRelay:
  31              	.LFB62:
  32              		.file 1 "./src/relay_ctrl.c"
  33              		.loc 1 10 0
  34              		.cfi_startproc
  35              		@ args = 0, pretend = 0, frame = 0
  36              		@ frame_needed = 0, uses_anonymous_args = 0
  37 0000 08B5     		push	{r3, lr}
  38              	.LCFI0:
  39              		.cfi_def_cfa_offset 8
  40              		.loc 1 11 0
  41 0002 0B4B     		ldr	r3, .L2
  42              		.cfi_offset 14, -4
  43              		.cfi_offset 3, -8
  44 0004 4FF40072 		mov	r2, #512
  45 0008 5A61     		str	r2, [r3, #20]
  46              		.loc 1 12 0
  47 000a 094B     		ldr	r3, .L2
  48 000c 4FF48072 		mov	r2, #256
  49 0010 5A61     		str	r2, [r3, #20]
  50              		.loc 1 13 0
  51 0012 0748     		ldr	r0, .L2
  52 0014 4FF40071 		mov	r1, #512
  53 0018 4FF00602 		mov	r2, #6
ARM GAS  /tmp/ccCz8yGL.s 			page 2


  54 001c FFF7FEFF 		bl	_pal_lld_setgroupmode
  55              		.loc 1 14 0
  56 0020 0348     		ldr	r0, .L2
  57 0022 4FF48071 		mov	r1, #256
  58 0026 4FF00602 		mov	r2, #6
  59 002a FFF7FEFF 		bl	_pal_lld_setgroupmode
  60              		.loc 1 15 0
  61 002e 08BD     		pop	{r3, pc}
  62              	.L3:
  63              		.align	2
  64              	.L2:
  65 0030 000C0140 		.word	1073810432
  66              		.cfi_endproc
  67              	.LFE62:
  68              		.size	initRelay, .-initRelay
  69 0034 AFF30080 		.section	.text.setOutRelay,"ax",%progbits
  69      AFF30080 
  69      AFF30080 
  70              		.align	2
  71              		.p2align 4,,15
  72              		.global	setOutRelay
  73              		.thumb
  74              		.thumb_func
  75              		.type	setOutRelay, %function
  76              	setOutRelay:
  77              	.LFB63:
  78              		.loc 1 18 0
  79              		.cfi_startproc
  80              		@ args = 0, pretend = 0, frame = 8
  81              		@ frame_needed = 0, uses_anonymous_args = 0
  82              		@ link register save eliminated.
  83 0000 82B0     		sub	sp, sp, #8
  84              	.LCFI1:
  85              		.cfi_def_cfa_offset 8
  86 0002 0346     		mov	r3, r0
  87 0004 8DF80730 		strb	r3, [sp, #7]
  88              		.loc 1 19 0
  89 0008 9DF80730 		ldrb	r3, [sp, #7]	@ zero_extendqisi2
  90 000c 002B     		cmp	r3, #0
  91 000e 04D0     		beq	.L5
  92              		.loc 1 20 0
  93 0010 054B     		ldr	r3, .L7
  94 0012 4FF40072 		mov	r2, #512
  95 0016 1A61     		str	r2, [r3, #16]
  96 0018 03E0     		b	.L4
  97              	.L5:
  98              		.loc 1 22 0
  99 001a 034B     		ldr	r3, .L7
 100 001c 4FF40072 		mov	r2, #512
 101 0020 5A61     		str	r2, [r3, #20]
 102              	.L4:
 103              		.loc 1 23 0
 104 0022 02B0     		add	sp, sp, #8
 105 0024 7047     		bx	lr
 106              	.L8:
 107 0026 00BF     		.align	2
 108              	.L7:
ARM GAS  /tmp/ccCz8yGL.s 			page 3


 109 0028 000C0140 		.word	1073810432
 110              		.cfi_endproc
 111              	.LFE63:
 112              		.size	setOutRelay, .-setOutRelay
 113 002c AFF30080 		.section	.text.setScRelay,"ax",%progbits
 114              		.align	2
 115              		.p2align 4,,15
 116              		.global	setScRelay
 117              		.thumb
 118              		.thumb_func
 119              		.type	setScRelay, %function
 120              	setScRelay:
 121              	.LFB64:
 122              		.loc 1 26 0
 123              		.cfi_startproc
 124              		@ args = 0, pretend = 0, frame = 8
 125              		@ frame_needed = 0, uses_anonymous_args = 0
 126              		@ link register save eliminated.
 127 0000 82B0     		sub	sp, sp, #8
 128              	.LCFI2:
 129              		.cfi_def_cfa_offset 8
 130 0002 0346     		mov	r3, r0
 131 0004 8DF80730 		strb	r3, [sp, #7]
 132              		.loc 1 27 0
 133 0008 9DF80730 		ldrb	r3, [sp, #7]	@ zero_extendqisi2
 134 000c 002B     		cmp	r3, #0
 135 000e 04D0     		beq	.L10
 136              		.loc 1 28 0
 137 0010 054B     		ldr	r3, .L12
 138 0012 4FF48072 		mov	r2, #256
 139 0016 1A61     		str	r2, [r3, #16]
 140 0018 03E0     		b	.L9
 141              	.L10:
 142              		.loc 1 30 0
 143 001a 034B     		ldr	r3, .L12
 144 001c 4FF48072 		mov	r2, #256
 145 0020 5A61     		str	r2, [r3, #20]
 146              	.L9:
 147              		.loc 1 31 0
 148 0022 02B0     		add	sp, sp, #8
 149 0024 7047     		bx	lr
 150              	.L13:
 151 0026 00BF     		.align	2
 152              	.L12:
 153 0028 000C0140 		.word	1073810432
 154              		.cfi_endproc
 155              	.LFE64:
 156              		.size	setScRelay, .-setScRelay
 157 002c AFF30080 		.text
 158              	.Letext0:
 159              		.section	.debug_loc,"",%progbits
 160              	.Ldebug_loc0:
 161              	.LLST0:
 162 0000 00000000 		.4byte	.LFB62
 163 0004 02000000 		.4byte	.LCFI0
 164 0008 0200     		.2byte	0x2
 165 000a 7D       		.byte	0x7d
ARM GAS  /tmp/ccCz8yGL.s 			page 4


 166 000b 00       		.sleb128 0
 167 000c 02000000 		.4byte	.LCFI0
 168 0010 34000000 		.4byte	.LFE62
 169 0014 0200     		.2byte	0x2
 170 0016 7D       		.byte	0x7d
 171 0017 08       		.sleb128 8
 172 0018 00000000 		.4byte	0x0
 173 001c 00000000 		.4byte	0x0
 174              	.LLST1:
 175 0020 00000000 		.4byte	.LFB63
 176 0024 02000000 		.4byte	.LCFI1
 177 0028 0200     		.2byte	0x2
 178 002a 7D       		.byte	0x7d
 179 002b 00       		.sleb128 0
 180 002c 02000000 		.4byte	.LCFI1
 181 0030 2C000000 		.4byte	.LFE63
 182 0034 0200     		.2byte	0x2
 183 0036 7D       		.byte	0x7d
 184 0037 08       		.sleb128 8
 185 0038 00000000 		.4byte	0x0
 186 003c 00000000 		.4byte	0x0
 187              	.LLST2:
 188 0040 00000000 		.4byte	.LFB64
 189 0044 02000000 		.4byte	.LCFI2
 190 0048 0200     		.2byte	0x2
 191 004a 7D       		.byte	0x7d
 192 004b 00       		.sleb128 0
 193 004c 02000000 		.4byte	.LCFI2
 194 0050 2C000000 		.4byte	.LFE64
 195 0054 0200     		.2byte	0x2
 196 0056 7D       		.byte	0x7d
 197 0057 08       		.sleb128 8
 198 0058 00000000 		.4byte	0x0
 199 005c 00000000 		.4byte	0x0
 200              		.file 2 "/home/z80/programs/code-sourcery/2011.03-42/bin/../lib/gcc/arm-none-eabi/4.5.2/../../../.
 201              		.file 3 "../chibios_2.4.x/os/hal/platforms/STM32F1xx/stm32f10x.h"
 202              		.file 4 "../chibios_2.4.x/os/hal/platforms/STM32/GPIOv1/pal_lld.h"
 203              		.file 5 "../chibios_2.4.x/os/ports/common/ARMCMx/CMSIS/include/core_cm3.h"
 204              		.section	.debug_info
 205 0000 A7010000 		.4byte	0x1a7
 206 0004 0200     		.2byte	0x2
 207 0006 00000000 		.4byte	.Ldebug_abbrev0
 208 000a 04       		.byte	0x4
 209 000b 01       		.uleb128 0x1
 210 000c 05000000 		.4byte	.LASF20
 211 0010 01       		.byte	0x1
 212 0011 6E000000 		.4byte	.LASF21
 213 0015 16000000 		.4byte	.LASF22
 214 0019 00000000 		.4byte	0x0
 215 001d 00000000 		.4byte	0x0
 216 0021 00000000 		.4byte	.Ldebug_ranges0+0x0
 217 0025 00000000 		.4byte	.Ldebug_line0
 218 0029 02       		.uleb128 0x2
 219 002a 04       		.byte	0x4
 220 002b 05       		.byte	0x5
 221 002c 696E7400 		.ascii	"int\000"
 222 0030 03       		.uleb128 0x3
ARM GAS  /tmp/ccCz8yGL.s 			page 5


 223 0031 04       		.byte	0x4
 224 0032 07       		.byte	0x7
 225 0033 B3000000 		.4byte	.LASF0
 226 0037 03       		.uleb128 0x3
 227 0038 01       		.byte	0x1
 228 0039 06       		.byte	0x6
 229 003a 22010000 		.4byte	.LASF1
 230 003e 04       		.uleb128 0x4
 231 003f D2000000 		.4byte	.LASF5
 232 0043 02       		.byte	0x2
 233 0044 2A       		.byte	0x2a
 234 0045 49000000 		.4byte	0x49
 235 0049 03       		.uleb128 0x3
 236 004a 01       		.byte	0x1
 237 004b 08       		.byte	0x8
 238 004c 60000000 		.4byte	.LASF2
 239 0050 03       		.uleb128 0x3
 240 0051 02       		.byte	0x2
 241 0052 05       		.byte	0x5
 242 0053 06010000 		.4byte	.LASF3
 243 0057 03       		.uleb128 0x3
 244 0058 02       		.byte	0x2
 245 0059 07       		.byte	0x7
 246 005a 93000000 		.4byte	.LASF4
 247 005e 04       		.uleb128 0x4
 248 005f E4000000 		.4byte	.LASF6
 249 0063 02       		.byte	0x2
 250 0064 4F       		.byte	0x4f
 251 0065 69000000 		.4byte	0x69
 252 0069 03       		.uleb128 0x3
 253 006a 04       		.byte	0x4
 254 006b 05       		.byte	0x5
 255 006c 19010000 		.4byte	.LASF7
 256 0070 04       		.uleb128 0x4
 257 0071 10010000 		.4byte	.LASF8
 258 0075 02       		.byte	0x2
 259 0076 50       		.byte	0x50
 260 0077 7B000000 		.4byte	0x7b
 261 007b 03       		.uleb128 0x3
 262 007c 04       		.byte	0x4
 263 007d 07       		.byte	0x7
 264 007e 81000000 		.4byte	.LASF9
 265 0082 03       		.uleb128 0x3
 266 0083 08       		.byte	0x8
 267 0084 05       		.byte	0x5
 268 0085 EC000000 		.4byte	.LASF10
 269 0089 03       		.uleb128 0x3
 270 008a 08       		.byte	0x8
 271 008b 07       		.byte	0x7
 272 008c 2E010000 		.4byte	.LASF11
 273 0090 05       		.uleb128 0x5
 274 0091 70000000 		.4byte	0x70
 275 0095 03       		.uleb128 0x3
 276 0096 01       		.byte	0x1
 277 0097 08       		.byte	0x8
 278 0098 CD000000 		.4byte	.LASF12
 279 009c 05       		.uleb128 0x5
ARM GAS  /tmp/ccCz8yGL.s 			page 6


 280 009d 5E000000 		.4byte	0x5e
 281 00a1 06       		.uleb128 0x6
 282 00a2 1C       		.byte	0x1c
 283 00a3 03       		.byte	0x3
 284 00a4 F803     		.2byte	0x3f8
 285 00a6 14010000 		.4byte	0x114
 286 00aa 07       		.uleb128 0x7
 287 00ab 43524C00 		.ascii	"CRL\000"
 288 00af 03       		.byte	0x3
 289 00b0 FA03     		.2byte	0x3fa
 290 00b2 90000000 		.4byte	0x90
 291 00b6 02       		.byte	0x2
 292 00b7 23       		.byte	0x23
 293 00b8 00       		.uleb128 0x0
 294 00b9 07       		.uleb128 0x7
 295 00ba 43524800 		.ascii	"CRH\000"
 296 00be 03       		.byte	0x3
 297 00bf FB03     		.2byte	0x3fb
 298 00c1 90000000 		.4byte	0x90
 299 00c5 02       		.byte	0x2
 300 00c6 23       		.byte	0x23
 301 00c7 04       		.uleb128 0x4
 302 00c8 07       		.uleb128 0x7
 303 00c9 49445200 		.ascii	"IDR\000"
 304 00cd 03       		.byte	0x3
 305 00ce FC03     		.2byte	0x3fc
 306 00d0 90000000 		.4byte	0x90
 307 00d4 02       		.byte	0x2
 308 00d5 23       		.byte	0x23
 309 00d6 08       		.uleb128 0x8
 310 00d7 07       		.uleb128 0x7
 311 00d8 4F445200 		.ascii	"ODR\000"
 312 00dc 03       		.byte	0x3
 313 00dd FD03     		.2byte	0x3fd
 314 00df 90000000 		.4byte	0x90
 315 00e3 02       		.byte	0x2
 316 00e4 23       		.byte	0x23
 317 00e5 0C       		.uleb128 0xc
 318 00e6 08       		.uleb128 0x8
 319 00e7 11000000 		.4byte	.LASF13
 320 00eb 03       		.byte	0x3
 321 00ec FE03     		.2byte	0x3fe
 322 00ee 90000000 		.4byte	0x90
 323 00f2 02       		.byte	0x2
 324 00f3 23       		.byte	0x23
 325 00f4 10       		.uleb128 0x10
 326 00f5 07       		.uleb128 0x7
 327 00f6 42525200 		.ascii	"BRR\000"
 328 00fa 03       		.byte	0x3
 329 00fb FF03     		.2byte	0x3ff
 330 00fd 90000000 		.4byte	0x90
 331 0101 02       		.byte	0x2
 332 0102 23       		.byte	0x23
 333 0103 14       		.uleb128 0x14
 334 0104 08       		.uleb128 0x8
 335 0105 00000000 		.4byte	.LASF14
 336 0109 03       		.byte	0x3
ARM GAS  /tmp/ccCz8yGL.s 			page 7


 337 010a 0004     		.2byte	0x400
 338 010c 90000000 		.4byte	0x90
 339 0110 02       		.byte	0x2
 340 0111 23       		.byte	0x23
 341 0112 18       		.uleb128 0x18
 342 0113 00       		.byte	0x0
 343 0114 09       		.uleb128 0x9
 344 0115 C0000000 		.4byte	.LASF15
 345 0119 03       		.byte	0x3
 346 011a 0104     		.2byte	0x401
 347 011c A1000000 		.4byte	0xa1
 348 0120 04       		.uleb128 0x4
 349 0121 48000000 		.4byte	.LASF16
 350 0125 04       		.byte	0x4
 351 0126 78       		.byte	0x78
 352 0127 70000000 		.4byte	0x70
 353 012b 0A       		.uleb128 0xa
 354 012c 01       		.byte	0x1
 355 012d DA000000 		.4byte	.LASF23
 356 0131 01       		.byte	0x1
 357 0132 09       		.byte	0x9
 358 0133 01       		.byte	0x1
 359 0134 00000000 		.4byte	.LFB62
 360 0138 34000000 		.4byte	.LFE62
 361 013c 00000000 		.4byte	.LLST0
 362 0140 0B       		.uleb128 0xb
 363 0141 01       		.byte	0x1
 364 0142 FA000000 		.4byte	.LASF17
 365 0146 01       		.byte	0x1
 366 0147 11       		.byte	0x11
 367 0148 01       		.byte	0x1
 368 0149 00000000 		.4byte	.LFB63
 369 014d 2C000000 		.4byte	.LFE63
 370 0151 20000000 		.4byte	.LLST1
 371 0155 67010000 		.4byte	0x167
 372 0159 0C       		.uleb128 0xc
 373 015a 656E00   		.ascii	"en\000"
 374 015d 01       		.byte	0x1
 375 015e 11       		.byte	0x11
 376 015f 3E000000 		.4byte	0x3e
 377 0163 02       		.byte	0x2
 378 0164 91       		.byte	0x91
 379 0165 7F       		.sleb128 -1
 380 0166 00       		.byte	0x0
 381 0167 0B       		.uleb128 0xb
 382 0168 01       		.byte	0x1
 383 0169 55000000 		.4byte	.LASF18
 384 016d 01       		.byte	0x1
 385 016e 19       		.byte	0x19
 386 016f 01       		.byte	0x1
 387 0170 00000000 		.4byte	.LFB64
 388 0174 2C000000 		.4byte	.LFE64
 389 0178 40000000 		.4byte	.LLST2
 390 017c 8E010000 		.4byte	0x18e
 391 0180 0C       		.uleb128 0xc
 392 0181 656E00   		.ascii	"en\000"
 393 0184 01       		.byte	0x1
ARM GAS  /tmp/ccCz8yGL.s 			page 8


 394 0185 19       		.byte	0x19
 395 0186 3E000000 		.4byte	0x3e
 396 018a 02       		.byte	0x2
 397 018b 91       		.byte	0x91
 398 018c 7F       		.sleb128 -1
 399 018d 00       		.byte	0x0
 400 018e 0D       		.uleb128 0xd
 401 018f A6000000 		.4byte	.LASF19
 402 0193 05       		.byte	0x5
 403 0194 9404     		.2byte	0x494
 404 0196 9C000000 		.4byte	0x9c
 405 019a 01       		.byte	0x1
 406 019b 01       		.byte	0x1
 407 019c 0D       		.uleb128 0xd
 408 019d A6000000 		.4byte	.LASF19
 409 01a1 05       		.byte	0x5
 410 01a2 9404     		.2byte	0x494
 411 01a4 9C000000 		.4byte	0x9c
 412 01a8 01       		.byte	0x1
 413 01a9 01       		.byte	0x1
 414 01aa 00       		.byte	0x0
 415              		.section	.debug_abbrev
 416 0000 01       		.uleb128 0x1
 417 0001 11       		.uleb128 0x11
 418 0002 01       		.byte	0x1
 419 0003 25       		.uleb128 0x25
 420 0004 0E       		.uleb128 0xe
 421 0005 13       		.uleb128 0x13
 422 0006 0B       		.uleb128 0xb
 423 0007 03       		.uleb128 0x3
 424 0008 0E       		.uleb128 0xe
 425 0009 1B       		.uleb128 0x1b
 426 000a 0E       		.uleb128 0xe
 427 000b 11       		.uleb128 0x11
 428 000c 01       		.uleb128 0x1
 429 000d 52       		.uleb128 0x52
 430 000e 01       		.uleb128 0x1
 431 000f 55       		.uleb128 0x55
 432 0010 06       		.uleb128 0x6
 433 0011 10       		.uleb128 0x10
 434 0012 06       		.uleb128 0x6
 435 0013 00       		.byte	0x0
 436 0014 00       		.byte	0x0
 437 0015 02       		.uleb128 0x2
 438 0016 24       		.uleb128 0x24
 439 0017 00       		.byte	0x0
 440 0018 0B       		.uleb128 0xb
 441 0019 0B       		.uleb128 0xb
 442 001a 3E       		.uleb128 0x3e
 443 001b 0B       		.uleb128 0xb
 444 001c 03       		.uleb128 0x3
 445 001d 08       		.uleb128 0x8
 446 001e 00       		.byte	0x0
 447 001f 00       		.byte	0x0
 448 0020 03       		.uleb128 0x3
 449 0021 24       		.uleb128 0x24
 450 0022 00       		.byte	0x0
ARM GAS  /tmp/ccCz8yGL.s 			page 9


 451 0023 0B       		.uleb128 0xb
 452 0024 0B       		.uleb128 0xb
 453 0025 3E       		.uleb128 0x3e
 454 0026 0B       		.uleb128 0xb
 455 0027 03       		.uleb128 0x3
 456 0028 0E       		.uleb128 0xe
 457 0029 00       		.byte	0x0
 458 002a 00       		.byte	0x0
 459 002b 04       		.uleb128 0x4
 460 002c 16       		.uleb128 0x16
 461 002d 00       		.byte	0x0
 462 002e 03       		.uleb128 0x3
 463 002f 0E       		.uleb128 0xe
 464 0030 3A       		.uleb128 0x3a
 465 0031 0B       		.uleb128 0xb
 466 0032 3B       		.uleb128 0x3b
 467 0033 0B       		.uleb128 0xb
 468 0034 49       		.uleb128 0x49
 469 0035 13       		.uleb128 0x13
 470 0036 00       		.byte	0x0
 471 0037 00       		.byte	0x0
 472 0038 05       		.uleb128 0x5
 473 0039 35       		.uleb128 0x35
 474 003a 00       		.byte	0x0
 475 003b 49       		.uleb128 0x49
 476 003c 13       		.uleb128 0x13
 477 003d 00       		.byte	0x0
 478 003e 00       		.byte	0x0
 479 003f 06       		.uleb128 0x6
 480 0040 13       		.uleb128 0x13
 481 0041 01       		.byte	0x1
 482 0042 0B       		.uleb128 0xb
 483 0043 0B       		.uleb128 0xb
 484 0044 3A       		.uleb128 0x3a
 485 0045 0B       		.uleb128 0xb
 486 0046 3B       		.uleb128 0x3b
 487 0047 05       		.uleb128 0x5
 488 0048 01       		.uleb128 0x1
 489 0049 13       		.uleb128 0x13
 490 004a 00       		.byte	0x0
 491 004b 00       		.byte	0x0
 492 004c 07       		.uleb128 0x7
 493 004d 0D       		.uleb128 0xd
 494 004e 00       		.byte	0x0
 495 004f 03       		.uleb128 0x3
 496 0050 08       		.uleb128 0x8
 497 0051 3A       		.uleb128 0x3a
 498 0052 0B       		.uleb128 0xb
 499 0053 3B       		.uleb128 0x3b
 500 0054 05       		.uleb128 0x5
 501 0055 49       		.uleb128 0x49
 502 0056 13       		.uleb128 0x13
 503 0057 38       		.uleb128 0x38
 504 0058 0A       		.uleb128 0xa
 505 0059 00       		.byte	0x0
 506 005a 00       		.byte	0x0
 507 005b 08       		.uleb128 0x8
ARM GAS  /tmp/ccCz8yGL.s 			page 10


 508 005c 0D       		.uleb128 0xd
 509 005d 00       		.byte	0x0
 510 005e 03       		.uleb128 0x3
 511 005f 0E       		.uleb128 0xe
 512 0060 3A       		.uleb128 0x3a
 513 0061 0B       		.uleb128 0xb
 514 0062 3B       		.uleb128 0x3b
 515 0063 05       		.uleb128 0x5
 516 0064 49       		.uleb128 0x49
 517 0065 13       		.uleb128 0x13
 518 0066 38       		.uleb128 0x38
 519 0067 0A       		.uleb128 0xa
 520 0068 00       		.byte	0x0
 521 0069 00       		.byte	0x0
 522 006a 09       		.uleb128 0x9
 523 006b 16       		.uleb128 0x16
 524 006c 00       		.byte	0x0
 525 006d 03       		.uleb128 0x3
 526 006e 0E       		.uleb128 0xe
 527 006f 3A       		.uleb128 0x3a
 528 0070 0B       		.uleb128 0xb
 529 0071 3B       		.uleb128 0x3b
 530 0072 05       		.uleb128 0x5
 531 0073 49       		.uleb128 0x49
 532 0074 13       		.uleb128 0x13
 533 0075 00       		.byte	0x0
 534 0076 00       		.byte	0x0
 535 0077 0A       		.uleb128 0xa
 536 0078 2E       		.uleb128 0x2e
 537 0079 00       		.byte	0x0
 538 007a 3F       		.uleb128 0x3f
 539 007b 0C       		.uleb128 0xc
 540 007c 03       		.uleb128 0x3
 541 007d 0E       		.uleb128 0xe
 542 007e 3A       		.uleb128 0x3a
 543 007f 0B       		.uleb128 0xb
 544 0080 3B       		.uleb128 0x3b
 545 0081 0B       		.uleb128 0xb
 546 0082 27       		.uleb128 0x27
 547 0083 0C       		.uleb128 0xc
 548 0084 11       		.uleb128 0x11
 549 0085 01       		.uleb128 0x1
 550 0086 12       		.uleb128 0x12
 551 0087 01       		.uleb128 0x1
 552 0088 40       		.uleb128 0x40
 553 0089 06       		.uleb128 0x6
 554 008a 00       		.byte	0x0
 555 008b 00       		.byte	0x0
 556 008c 0B       		.uleb128 0xb
 557 008d 2E       		.uleb128 0x2e
 558 008e 01       		.byte	0x1
 559 008f 3F       		.uleb128 0x3f
 560 0090 0C       		.uleb128 0xc
 561 0091 03       		.uleb128 0x3
 562 0092 0E       		.uleb128 0xe
 563 0093 3A       		.uleb128 0x3a
 564 0094 0B       		.uleb128 0xb
ARM GAS  /tmp/ccCz8yGL.s 			page 11


 565 0095 3B       		.uleb128 0x3b
 566 0096 0B       		.uleb128 0xb
 567 0097 27       		.uleb128 0x27
 568 0098 0C       		.uleb128 0xc
 569 0099 11       		.uleb128 0x11
 570 009a 01       		.uleb128 0x1
 571 009b 12       		.uleb128 0x12
 572 009c 01       		.uleb128 0x1
 573 009d 40       		.uleb128 0x40
 574 009e 06       		.uleb128 0x6
 575 009f 01       		.uleb128 0x1
 576 00a0 13       		.uleb128 0x13
 577 00a1 00       		.byte	0x0
 578 00a2 00       		.byte	0x0
 579 00a3 0C       		.uleb128 0xc
 580 00a4 05       		.uleb128 0x5
 581 00a5 00       		.byte	0x0
 582 00a6 03       		.uleb128 0x3
 583 00a7 08       		.uleb128 0x8
 584 00a8 3A       		.uleb128 0x3a
 585 00a9 0B       		.uleb128 0xb
 586 00aa 3B       		.uleb128 0x3b
 587 00ab 0B       		.uleb128 0xb
 588 00ac 49       		.uleb128 0x49
 589 00ad 13       		.uleb128 0x13
 590 00ae 02       		.uleb128 0x2
 591 00af 0A       		.uleb128 0xa
 592 00b0 00       		.byte	0x0
 593 00b1 00       		.byte	0x0
 594 00b2 0D       		.uleb128 0xd
 595 00b3 34       		.uleb128 0x34
 596 00b4 00       		.byte	0x0
 597 00b5 03       		.uleb128 0x3
 598 00b6 0E       		.uleb128 0xe
 599 00b7 3A       		.uleb128 0x3a
 600 00b8 0B       		.uleb128 0xb
 601 00b9 3B       		.uleb128 0x3b
 602 00ba 05       		.uleb128 0x5
 603 00bb 49       		.uleb128 0x49
 604 00bc 13       		.uleb128 0x13
 605 00bd 3F       		.uleb128 0x3f
 606 00be 0C       		.uleb128 0xc
 607 00bf 3C       		.uleb128 0x3c
 608 00c0 0C       		.uleb128 0xc
 609 00c1 00       		.byte	0x0
 610 00c2 00       		.byte	0x0
 611 00c3 00       		.byte	0x0
 612              		.section	.debug_pubnames,"",%progbits
 613 0000 3B000000 		.4byte	0x3b
 614 0004 0200     		.2byte	0x2
 615 0006 00000000 		.4byte	.Ldebug_info0
 616 000a AB010000 		.4byte	0x1ab
 617 000e 2B010000 		.4byte	0x12b
 618 0012 696E6974 		.ascii	"initRelay\000"
 618      52656C61 
 618      7900
 619 001c 40010000 		.4byte	0x140
ARM GAS  /tmp/ccCz8yGL.s 			page 12


 620 0020 7365744F 		.ascii	"setOutRelay\000"
 620      75745265 
 620      6C617900 
 621 002c 67010000 		.4byte	0x167
 622 0030 73657453 		.ascii	"setScRelay\000"
 622      6352656C 
 622      617900
 623 003b 00000000 		.4byte	0x0
 624              		.section	.debug_pubtypes,"",%progbits
 625 0000 55000000 		.4byte	0x55
 626 0004 0200     		.2byte	0x2
 627 0006 00000000 		.4byte	.Ldebug_info0
 628 000a AB010000 		.4byte	0x1ab
 629 000e 3E000000 		.4byte	0x3e
 630 0012 75696E74 		.ascii	"uint8_t\000"
 630      385F7400 
 631 001a 5E000000 		.4byte	0x5e
 632 001e 696E7433 		.ascii	"int32_t\000"
 632      325F7400 
 633 0026 70000000 		.4byte	0x70
 634 002a 75696E74 		.ascii	"uint32_t\000"
 634      33325F74 
 634      00
 635 0033 14010000 		.4byte	0x114
 636 0037 4750494F 		.ascii	"GPIO_TypeDef\000"
 636      5F547970 
 636      65446566 
 636      00
 637 0044 20010000 		.4byte	0x120
 638 0048 696F706F 		.ascii	"ioportmask_t\000"
 638      72746D61 
 638      736B5F74 
 638      00
 639 0055 00000000 		.4byte	0x0
 640              		.section	.debug_aranges,"",%progbits
 641 0000 2C000000 		.4byte	0x2c
 642 0004 0200     		.2byte	0x2
 643 0006 00000000 		.4byte	.Ldebug_info0
 644 000a 04       		.byte	0x4
 645 000b 00       		.byte	0x0
 646 000c 0000     		.2byte	0x0
 647 000e 0000     		.2byte	0x0
 648 0010 00000000 		.4byte	.LFB62
 649 0014 34000000 		.4byte	.LFE62-.LFB62
 650 0018 00000000 		.4byte	.LFB63
 651 001c 2C000000 		.4byte	.LFE63-.LFB63
 652 0020 00000000 		.4byte	.LFB64
 653 0024 2C000000 		.4byte	.LFE64-.LFB64
 654 0028 00000000 		.4byte	0x0
 655 002c 00000000 		.4byte	0x0
 656              		.section	.debug_ranges,"",%progbits
 657              	.Ldebug_ranges0:
 658 0000 00000000 		.4byte	.LFB62
 659 0004 34000000 		.4byte	.LFE62
 660 0008 00000000 		.4byte	.LFB63
 661 000c 2C000000 		.4byte	.LFE63
 662 0010 00000000 		.4byte	.LFB64
ARM GAS  /tmp/ccCz8yGL.s 			page 13


 663 0014 2C000000 		.4byte	.LFE64
 664 0018 00000000 		.4byte	0x0
 665 001c 00000000 		.4byte	0x0
 666              		.section	.debug_str,"MS",%progbits,1
 667              	.LASF14:
 668 0000 4C434B52 		.ascii	"LCKR\000"
 668      00
 669              	.LASF20:
 670 0005 474E5520 		.ascii	"GNU C 4.5.2\000"
 670      4320342E 
 670      352E3200 
 671              	.LASF13:
 672 0011 42535252 		.ascii	"BSRR\000"
 672      00
 673              	.LASF22:
 674 0016 2F686F6D 		.ascii	"/home/z80/projects/voltamper.git/firmware/voltamp\000"
 674      652F7A38 
 674      302F7072 
 674      6F6A6563 
 674      74732F76 
 675              	.LASF16:
 676 0048 696F706F 		.ascii	"ioportmask_t\000"
 676      72746D61 
 676      736B5F74 
 676      00
 677              	.LASF18:
 678 0055 73657453 		.ascii	"setScRelay\000"
 678      6352656C 
 678      617900
 679              	.LASF2:
 680 0060 756E7369 		.ascii	"unsigned char\000"
 680      676E6564 
 680      20636861 
 680      7200
 681              	.LASF21:
 682 006e 2E2F7372 		.ascii	"./src/relay_ctrl.c\000"
 682      632F7265 
 682      6C61795F 
 682      6374726C 
 682      2E6300
 683              	.LASF9:
 684 0081 6C6F6E67 		.ascii	"long unsigned int\000"
 684      20756E73 
 684      69676E65 
 684      6420696E 
 684      7400
 685              	.LASF4:
 686 0093 73686F72 		.ascii	"short unsigned int\000"
 686      7420756E 
 686      7369676E 
 686      65642069 
 686      6E7400
 687              	.LASF19:
 688 00a6 49544D5F 		.ascii	"ITM_RxBuffer\000"
 688      52784275 
 688      66666572 
 688      00
ARM GAS  /tmp/ccCz8yGL.s 			page 14


 689              	.LASF0:
 690 00b3 756E7369 		.ascii	"unsigned int\000"
 690      676E6564 
 690      20696E74 
 690      00
 691              	.LASF15:
 692 00c0 4750494F 		.ascii	"GPIO_TypeDef\000"
 692      5F547970 
 692      65446566 
 692      00
 693              	.LASF12:
 694 00cd 63686172 		.ascii	"char\000"
 694      00
 695              	.LASF5:
 696 00d2 75696E74 		.ascii	"uint8_t\000"
 696      385F7400 
 697              	.LASF23:
 698 00da 696E6974 		.ascii	"initRelay\000"
 698      52656C61 
 698      7900
 699              	.LASF6:
 700 00e4 696E7433 		.ascii	"int32_t\000"
 700      325F7400 
 701              	.LASF10:
 702 00ec 6C6F6E67 		.ascii	"long long int\000"
 702      206C6F6E 
 702      6720696E 
 702      7400
 703              	.LASF17:
 704 00fa 7365744F 		.ascii	"setOutRelay\000"
 704      75745265 
 704      6C617900 
 705              	.LASF3:
 706 0106 73686F72 		.ascii	"short int\000"
 706      7420696E 
 706      7400
 707              	.LASF8:
 708 0110 75696E74 		.ascii	"uint32_t\000"
 708      33325F74 
 708      00
 709              	.LASF7:
 710 0119 6C6F6E67 		.ascii	"long int\000"
 710      20696E74 
 710      00
 711              	.LASF1:
 712 0122 7369676E 		.ascii	"signed char\000"
 712      65642063 
 712      68617200 
 713              	.LASF11:
 714 012e 6C6F6E67 		.ascii	"long long unsigned int\000"
 714      206C6F6E 
 714      6720756E 
 714      7369676E 
 714      65642069 
 715              		.ident	"GCC: (Sourcery G++ Lite 2011.03-42) 4.5.2"
ARM GAS  /tmp/ccCz8yGL.s 			page 15


DEFINED SYMBOLS
                            *ABS*:00000000 relay_ctrl.c
     /tmp/ccCz8yGL.s:24     .text.initRelay:00000000 $t
     /tmp/ccCz8yGL.s:30     .text.initRelay:00000000 initRelay
     /tmp/ccCz8yGL.s:65     .text.initRelay:00000030 $d
     /tmp/ccCz8yGL.s:70     .text.setOutRelay:00000000 $t
     /tmp/ccCz8yGL.s:76     .text.setOutRelay:00000000 setOutRelay
     /tmp/ccCz8yGL.s:109    .text.setOutRelay:00000028 $d
     /tmp/ccCz8yGL.s:114    .text.setScRelay:00000000 $t
     /tmp/ccCz8yGL.s:120    .text.setScRelay:00000000 setScRelay
     /tmp/ccCz8yGL.s:153    .text.setScRelay:00000028 $d
                     .debug_frame:00000010 $d
     /tmp/ccCz8yGL.s:69     .text.initRelay:00000034 $t
     /tmp/ccCz8yGL.s:113    .text.setOutRelay:0000002c $t
     /tmp/ccCz8yGL.s:157    .text.setScRelay:0000002c $t

UNDEFINED SYMBOLS
_pal_lld_setgroupmode
