ARM GAS  C:\Users\z80\AppData\Local\Temp\ccGyWQ6g.s 			page 1


   1              		.syntax unified
   2              		.cpu cortex-m3
   3              		.fpu softvfp
   4              		.eabi_attribute 20, 1
   5              		.eabi_attribute 21, 1
   6              		.eabi_attribute 23, 3
   7              		.eabi_attribute 24, 1
   8              		.eabi_attribute 25, 1
   9              		.eabi_attribute 26, 1
  10              		.eabi_attribute 30, 2
  11              		.eabi_attribute 18, 4
  12              		.thumb
  13              		.file	"usb_lld.c"
  14              		.section	.debug_abbrev,"",%progbits
  15              	.Ldebug_abbrev0:
  16              		.section	.debug_info,"",%progbits
  17              	.Ldebug_info0:
  18              		.section	.debug_line,"",%progbits
  19              	.Ldebug_line0:
  20 0000 A5000000 		.text
  20      02009F00 
  20      00000201 
  20      FB0E0D00 
  20      01010101 
  21              	.Ltext0:
  22              		.cfi_sections	.debug_frame
  23              	.Letext0:
  24              		.file 1 "../chibios_2.4.x/os/ports/common/ARMCMx/CMSIS/include/core_cm3.h"
  25              		.file 2 "c:/programs/yagarto/lib/gcc/../../arm-none-eabi/sys-include/stdint.h"
  26              		.section	.debug_info
  27 0000 9E000000 		.4byte	0x9e
  28 0004 0200     		.2byte	0x2
  29 0006 00000000 		.4byte	.Ldebug_abbrev0
  30 000a 04       		.byte	0x4
  31 000b 01       		.uleb128 0x1
  32 000c D6000000 		.4byte	.LASF11
  33 0010 01       		.byte	0x1
  34 0011 2E000000 		.4byte	.LASF12
  35 0015 8F000000 		.4byte	.LASF13
  36 0019 00000000 		.4byte	.Ltext0
  37 001d 00000000 		.4byte	.Letext0
  38 0021 00000000 		.4byte	.Ldebug_line0
  39 0025 02       		.uleb128 0x2
  40 0026 01       		.byte	0x1
  41 0027 06       		.byte	0x6
  42 0028 EF000000 		.4byte	.LASF0
  43 002c 02       		.uleb128 0x2
  44 002d 01       		.byte	0x1
  45 002e 08       		.byte	0x8
  46 002f BA000000 		.4byte	.LASF1
  47 0033 02       		.uleb128 0x2
  48 0034 02       		.byte	0x2
  49 0035 05       		.byte	0x5
  50 0036 FB000000 		.4byte	.LASF2
  51 003a 02       		.uleb128 0x2
  52 003b 02       		.byte	0x2
  53 003c 07       		.byte	0x7
ARM GAS  C:\Users\z80\AppData\Local\Temp\ccGyWQ6g.s 			page 2


  54 003d 0E000000 		.4byte	.LASF3
  55 0041 03       		.uleb128 0x3
  56 0042 04       		.byte	0x4
  57 0043 05       		.byte	0x5
  58 0044 696E7400 		.ascii	"int\000"
  59 0048 02       		.uleb128 0x2
  60 0049 04       		.byte	0x4
  61 004a 07       		.byte	0x7
  62 004b 21000000 		.4byte	.LASF4
  63 004f 02       		.uleb128 0x2
  64 0050 08       		.byte	0x8
  65 0051 05       		.byte	0x5
  66 0052 00000000 		.4byte	.LASF5
  67 0056 02       		.uleb128 0x2
  68 0057 08       		.byte	0x8
  69 0058 07       		.byte	0x7
  70 0059 78000000 		.4byte	.LASF6
  71 005d 02       		.uleb128 0x2
  72 005e 04       		.byte	0x4
  73 005f 05       		.byte	0x5
  74 0060 CD000000 		.4byte	.LASF7
  75 0064 04       		.uleb128 0x4
  76 0065 04       		.byte	0x4
  77 0066 07       		.byte	0x7
  78 0067 02       		.uleb128 0x2
  79 0068 04       		.byte	0x4
  80 0069 07       		.byte	0x7
  81 006a 66000000 		.4byte	.LASF8
  82 006e 02       		.uleb128 0x2
  83 006f 01       		.byte	0x1
  84 0070 08       		.byte	0x8
  85 0071 C8000000 		.4byte	.LASF9
  86 0075 05       		.uleb128 0x5
  87 0076 05010000 		.4byte	.LASF14
  88 007a 02       		.byte	0x2
  89 007b 4F       		.byte	0x4f
  90 007c 5D000000 		.4byte	0x5d
  91 0080 06       		.uleb128 0x6
  92 0081 75000000 		.4byte	0x75
  93 0085 07       		.uleb128 0x7
  94 0086 E2000000 		.4byte	.LASF10
  95 008a 01       		.byte	0x1
  96 008b 9404     		.2byte	0x494
  97 008d 80000000 		.4byte	0x80
  98 0091 01       		.byte	0x1
  99 0092 01       		.byte	0x1
 100 0093 07       		.uleb128 0x7
 101 0094 E2000000 		.4byte	.LASF10
 102 0098 01       		.byte	0x1
 103 0099 9404     		.2byte	0x494
 104 009b 80000000 		.4byte	0x80
 105 009f 01       		.byte	0x1
 106 00a0 01       		.byte	0x1
 107 00a1 00       		.byte	0x0
 108              		.section	.debug_abbrev
 109 0000 01       		.uleb128 0x1
 110 0001 11       		.uleb128 0x11
ARM GAS  C:\Users\z80\AppData\Local\Temp\ccGyWQ6g.s 			page 3


 111 0002 01       		.byte	0x1
 112 0003 25       		.uleb128 0x25
 113 0004 0E       		.uleb128 0xe
 114 0005 13       		.uleb128 0x13
 115 0006 0B       		.uleb128 0xb
 116 0007 03       		.uleb128 0x3
 117 0008 0E       		.uleb128 0xe
 118 0009 1B       		.uleb128 0x1b
 119 000a 0E       		.uleb128 0xe
 120 000b 11       		.uleb128 0x11
 121 000c 01       		.uleb128 0x1
 122 000d 12       		.uleb128 0x12
 123 000e 01       		.uleb128 0x1
 124 000f 10       		.uleb128 0x10
 125 0010 06       		.uleb128 0x6
 126 0011 00       		.byte	0x0
 127 0012 00       		.byte	0x0
 128 0013 02       		.uleb128 0x2
 129 0014 24       		.uleb128 0x24
 130 0015 00       		.byte	0x0
 131 0016 0B       		.uleb128 0xb
 132 0017 0B       		.uleb128 0xb
 133 0018 3E       		.uleb128 0x3e
 134 0019 0B       		.uleb128 0xb
 135 001a 03       		.uleb128 0x3
 136 001b 0E       		.uleb128 0xe
 137 001c 00       		.byte	0x0
 138 001d 00       		.byte	0x0
 139 001e 03       		.uleb128 0x3
 140 001f 24       		.uleb128 0x24
 141 0020 00       		.byte	0x0
 142 0021 0B       		.uleb128 0xb
 143 0022 0B       		.uleb128 0xb
 144 0023 3E       		.uleb128 0x3e
 145 0024 0B       		.uleb128 0xb
 146 0025 03       		.uleb128 0x3
 147 0026 08       		.uleb128 0x8
 148 0027 00       		.byte	0x0
 149 0028 00       		.byte	0x0
 150 0029 04       		.uleb128 0x4
 151 002a 24       		.uleb128 0x24
 152 002b 00       		.byte	0x0
 153 002c 0B       		.uleb128 0xb
 154 002d 0B       		.uleb128 0xb
 155 002e 3E       		.uleb128 0x3e
 156 002f 0B       		.uleb128 0xb
 157 0030 00       		.byte	0x0
 158 0031 00       		.byte	0x0
 159 0032 05       		.uleb128 0x5
 160 0033 16       		.uleb128 0x16
 161 0034 00       		.byte	0x0
 162 0035 03       		.uleb128 0x3
 163 0036 0E       		.uleb128 0xe
 164 0037 3A       		.uleb128 0x3a
 165 0038 0B       		.uleb128 0xb
 166 0039 3B       		.uleb128 0x3b
 167 003a 0B       		.uleb128 0xb
ARM GAS  C:\Users\z80\AppData\Local\Temp\ccGyWQ6g.s 			page 4


 168 003b 49       		.uleb128 0x49
 169 003c 13       		.uleb128 0x13
 170 003d 00       		.byte	0x0
 171 003e 00       		.byte	0x0
 172 003f 06       		.uleb128 0x6
 173 0040 35       		.uleb128 0x35
 174 0041 00       		.byte	0x0
 175 0042 49       		.uleb128 0x49
 176 0043 13       		.uleb128 0x13
 177 0044 00       		.byte	0x0
 178 0045 00       		.byte	0x0
 179 0046 07       		.uleb128 0x7
 180 0047 34       		.uleb128 0x34
 181 0048 00       		.byte	0x0
 182 0049 03       		.uleb128 0x3
 183 004a 0E       		.uleb128 0xe
 184 004b 3A       		.uleb128 0x3a
 185 004c 0B       		.uleb128 0xb
 186 004d 3B       		.uleb128 0x3b
 187 004e 05       		.uleb128 0x5
 188 004f 49       		.uleb128 0x49
 189 0050 13       		.uleb128 0x13
 190 0051 3F       		.uleb128 0x3f
 191 0052 0C       		.uleb128 0xc
 192 0053 3C       		.uleb128 0x3c
 193 0054 0C       		.uleb128 0xc
 194 0055 00       		.byte	0x0
 195 0056 00       		.byte	0x0
 196 0057 00       		.byte	0x0
 197              		.section	.debug_pubtypes,"",%progbits
 198 0000 1A000000 		.4byte	0x1a
 199 0004 0200     		.2byte	0x2
 200 0006 00000000 		.4byte	.Ldebug_info0
 201 000a A2000000 		.4byte	0xa2
 202 000e 75000000 		.4byte	0x75
 203 0012 696E7433 		.ascii	"int32_t\000"
 203      325F7400 
 204 001a 00000000 		.4byte	0x0
 205              		.section	.debug_str,"MS",%progbits,1
 206              	.LASF5:
 207 0000 6C6F6E67 		.ascii	"long long int\000"
 207      206C6F6E 
 207      6720696E 
 207      7400
 208              	.LASF3:
 209 000e 73686F72 		.ascii	"short unsigned int\000"
 209      7420756E 
 209      7369676E 
 209      65642069 
 209      6E7400
 210              	.LASF4:
 211 0021 756E7369 		.ascii	"unsigned int\000"
 211      676E6564 
 211      20696E74 
 211      00
 212              	.LASF12:
 213 002e 2E2E2F63 		.ascii	"../chibios_2.4.x/os/hal/platforms/STM32/USBv1/usb_l"
ARM GAS  C:\Users\z80\AppData\Local\Temp\ccGyWQ6g.s 			page 5


 213      68696269 
 213      6F735F32 
 213      2E342E78 
 213      2F6F732F 
 214 0061 6C642E63 		.ascii	"ld.c\000"
 214      00
 215              	.LASF8:
 216 0066 6C6F6E67 		.ascii	"long unsigned int\000"
 216      20756E73 
 216      69676E65 
 216      6420696E 
 216      7400
 217              	.LASF6:
 218 0078 6C6F6E67 		.ascii	"long long unsigned int\000"
 218      206C6F6E 
 218      6720756E 
 218      7369676E 
 218      65642069 
 219              	.LASF13:
 220 008f 433A5C70 		.ascii	"C:\\projects\\voltamper.git\\firmware\\voltamp\000"
 220      726F6A65 
 220      6374735C 
 220      766F6C74 
 220      616D7065 
 221              	.LASF1:
 222 00ba 756E7369 		.ascii	"unsigned char\000"
 222      676E6564 
 222      20636861 
 222      7200
 223              	.LASF9:
 224 00c8 63686172 		.ascii	"char\000"
 224      00
 225              	.LASF7:
 226 00cd 6C6F6E67 		.ascii	"long int\000"
 226      20696E74 
 226      00
 227              	.LASF11:
 228 00d6 474E5520 		.ascii	"GNU C 4.5.0\000"
 228      4320342E 
 228      352E3000 
 229              	.LASF10:
 230 00e2 49544D5F 		.ascii	"ITM_RxBuffer\000"
 230      52784275 
 230      66666572 
 230      00
 231              	.LASF0:
 232 00ef 7369676E 		.ascii	"signed char\000"
 232      65642063 
 232      68617200 
 233              	.LASF2:
 234 00fb 73686F72 		.ascii	"short int\000"
 234      7420696E 
 234      7400
 235              	.LASF14:
 236 0105 696E7433 		.ascii	"int32_t\000"
 236      325F7400 
 237              		.ident	"GCC: (GNU) 4.5.0"
ARM GAS  C:\Users\z80\AppData\Local\Temp\ccGyWQ6g.s 			page 6


ARM GAS  C:\Users\z80\AppData\Local\Temp\ccGyWQ6g.s 			page 7


DEFINED SYMBOLS
                            *ABS*:00000000 usb_lld.c

NO UNDEFINED SYMBOLS
