This file contains any messages produced by compilers while
running configure, to aid debugging if configure makes a mistake.

It was created by gaw3 configure 1.0, which was
generated by GNU Autoconf 2.69.  Invocation command line was

  $ ./configure 

## --------- ##
## Platform. ##
## --------- ##

hostname = z80
uname -m = i686
uname -r = 3.13.0-43-generic
uname -s = Linux
uname -v = #72-Ubuntu SMP Mon Dec 8 19:35:44 UTC 2014

/usr/bin/uname -p = unknown
/bin/uname -X     = unknown

/bin/arch              = unknown
/usr/bin/arch -k       = unknown
/usr/convex/getsysinfo = unknown
/usr/bin/hostinfo      = unknown
/bin/machine           = unknown
/usr/bin/oslevel       = unknown
/bin/universe          = unknown

PATH: /home/z80/.rvm/gems/ruby-2.0.0-p481@railstutorial_rails_4_0/bin
PATH: /home/z80/.rvm/gems/ruby-2.0.0-p481@global/bin
PATH: /home/z80/.rvm/rubies/ruby-2.0.0-p481/bin
PATH: /usr/local/sbin
PATH: /usr/local/bin
PATH: /usr/sbin
PATH: /usr/bin
PATH: /sbin
PATH: /bin
PATH: /usr/games
PATH: /usr/local/games
PATH: /home/z80/.rvm/bin
PATH: /home/z80/.rvm/bin
PATH: /home/z80/.rvm/bin
PATH: /home/z80/.rvm/bin
PATH: /home/z80/.rvm/bin
PATH: /home/z80/.rvm/bin


## ----------- ##
## Core tests. ##
## ----------- ##

configure:2336: checking for a BSD-compatible install
configure:2404: result: /usr/bin/install -c
configure:2415: checking whether build environment is sane
configure:2470: result: yes
configure:2508: WARNING: 'missing' script is too old or missing
configure:2621: checking for a thread-safe mkdir -p
configure:2660: result: /bin/mkdir -p
configure:2667: checking for gawk
configure:2683: found /usr/bin/gawk
configure:2694: result: gawk
configure:2705: checking whether make sets $(MAKE)
configure:2727: result: yes
configure:2756: checking whether make supports nested variables
configure:2773: result: yes
configure:2930: checking for gcc
configure:2946: found /usr/bin/gcc
configure:2957: result: gcc
configure:3186: checking for C compiler version
configure:3195: gcc --version >&5
gcc (Ubuntu 4.8.2-19ubuntu1) 4.8.2
Copyright (C) 2013 Free Software Foundation, Inc.
This is free software; see the source for copying conditions.  There is NO
warranty; not even for MERCHANTABILITY or FITNESS FOR A PARTICULAR PURPOSE.

configure:3206: $? = 0
configure:3195: gcc -v >&5
Using built-in specs.
COLLECT_GCC=gcc
COLLECT_LTO_WRAPPER=/usr/lib/gcc/i686-linux-gnu/4.8/lto-wrapper
Target: i686-linux-gnu
Configured with: ../src/configure -v --with-pkgversion='Ubuntu 4.8.2-19ubuntu1' --with-bugurl=file:///usr/share/doc/gcc-4.8/README.Bugs --enable-languages=c,c++,java,go,d,fortran,objc,obj-c++ --prefix=/usr --program-suffix=-4.8 --enable-shared --enable-linker-build-id --libexecdir=/usr/lib --without-included-gettext --enable-threads=posix --with-gxx-include-dir=/usr/include/c++/4.8 --libdir=/usr/lib --enable-nls --with-sysroot=/ --enable-clocale=gnu --enable-libstdcxx-debug --enable-libstdcxx-time=yes --enable-gnu-unique-object --disable-libmudflap --enable-plugin --with-system-zlib --disable-browser-plugin --enable-java-awt=gtk --enable-gtk-cairo --with-java-home=/usr/lib/jvm/java-1.5.0-gcj-4.8-i386/jre --enable-java-home --with-jvm-root-dir=/usr/lib/jvm/java-1.5.0-gcj-4.8-i386 --with-jvm-jar-dir=/usr/lib/jvm-exports/java-1.5.0-gcj-4.8-i386 --with-arch-directory=i386 --with-ecj-jar=/usr/share/java/eclipse-ecj.jar --enable-objc-gc --enable-targets=all --enable-multiarch --disable-werror --with-arch-32=i686 --with-multilib-list=m32,m64,mx32 --with-tune=generic --enable-checking=release --build=i686-linux-gnu --host=i686-linux-gnu --target=i686-linux-gnu
Thread model: posix
gcc version 4.8.2 (Ubuntu 4.8.2-19ubuntu1) 
configure:3206: $? = 0
configure:3195: gcc -V >&5
gcc: error: unrecognized command line option '-V'
gcc: fatal error: no input files
compilation terminated.
configure:3206: $? = 4
configure:3195: gcc -qversion >&5
gcc: error: unrecognized command line option '-qversion'
gcc: fatal error: no input files
compilation terminated.
configure:3206: $? = 4
configure:3226: checking whether the C compiler works
configure:3248: gcc    conftest.c  >&5
conftest.c:10:0: warning: "PACKAGE" redefined [enabled by default]
 #define PACKAGE gaw
 ^
conftest.c:8:0: note: this is the location of the previous definition
 #define PACKAGE "gaw3"
 ^
conftest.c:11:0: warning: "PACKAGE" redefined [enabled by default]
 #define PACKAGE "gaw3"
 ^
conftest.c:10:0: note: this is the location of the previous definition
 #define PACKAGE gaw
 ^
conftest.c:12:0: warning: "VERSION" redefined [enabled by default]
 #define VERSION "20141027"
 ^
conftest.c:9:0: note: this is the location of the previous definition
 #define VERSION "1.0"
 ^
configure:3252: $? = 0
configure:3300: result: yes
configure:3303: checking for C compiler default output file name
configure:3305: result: a.out
configure:3311: checking for suffix of executables
configure:3318: gcc -o conftest    conftest.c  >&5
conftest.c:10:0: warning: "PACKAGE" redefined [enabled by default]
 #define PACKAGE gaw
 ^
conftest.c:8:0: note: this is the location of the previous definition
 #define PACKAGE "gaw3"
 ^
conftest.c:11:0: warning: "PACKAGE" redefined [enabled by default]
 #define PACKAGE "gaw3"
 ^
conftest.c:10:0: note: this is the location of the previous definition
 #define PACKAGE gaw
 ^
conftest.c:12:0: warning: "VERSION" redefined [enabled by default]
 #define VERSION "20141027"
 ^
conftest.c:9:0: note: this is the location of the previous definition
 #define VERSION "1.0"
 ^
configure:3322: $? = 0
configure:3344: result: 
configure:3366: checking whether we are cross compiling
configure:3374: gcc -o conftest    conftest.c  >&5
conftest.c:10:0: warning: "PACKAGE" redefined [enabled by default]
 #define PACKAGE gaw
 ^
conftest.c:8:0: note: this is the location of the previous definition
 #define PACKAGE "gaw3"
 ^
conftest.c:11:0: warning: "PACKAGE" redefined [enabled by default]
 #define PACKAGE "gaw3"
 ^
conftest.c:10:0: note: this is the location of the previous definition
 #define PACKAGE gaw
 ^
conftest.c:12:0: warning: "VERSION" redefined [enabled by default]
 #define VERSION "20141027"
 ^
conftest.c:9:0: note: this is the location of the previous definition
 #define VERSION "1.0"
 ^
configure:3378: $? = 0
configure:3385: ./conftest
configure:3389: $? = 0
configure:3404: result: no
configure:3409: checking for suffix of object files
configure:3431: gcc -c   conftest.c >&5
conftest.c:10:0: warning: "PACKAGE" redefined [enabled by default]
 #define PACKAGE gaw
 ^
conftest.c:8:0: note: this is the location of the previous definition
 #define PACKAGE "gaw3"
 ^
conftest.c:11:0: warning: "PACKAGE" redefined [enabled by default]
 #define PACKAGE "gaw3"
 ^
conftest.c:10:0: note: this is the location of the previous definition
 #define PACKAGE gaw
 ^
conftest.c:12:0: warning: "VERSION" redefined [enabled by default]
 #define VERSION "20141027"
 ^
conftest.c:9:0: note: this is the location of the previous definition
 #define VERSION "1.0"
 ^
configure:3435: $? = 0
configure:3456: result: o
configure:3460: checking whether we are using the GNU C compiler
configure:3479: gcc -c   conftest.c >&5
conftest.c:10:0: warning: "PACKAGE" redefined [enabled by default]
 #define PACKAGE gaw
 ^
conftest.c:8:0: note: this is the location of the previous definition
 #define PACKAGE "gaw3"
 ^
conftest.c:11:0: warning: "PACKAGE" redefined [enabled by default]
 #define PACKAGE "gaw3"
 ^
conftest.c:10:0: note: this is the location of the previous definition
 #define PACKAGE gaw
 ^
conftest.c:12:0: warning: "VERSION" redefined [enabled by default]
 #define VERSION "20141027"
 ^
conftest.c:9:0: note: this is the location of the previous definition
 #define VERSION "1.0"
 ^
configure:3479: $? = 0
configure:3488: result: yes
configure:3497: checking whether gcc accepts -g
configure:3517: gcc -c -g  conftest.c >&5
conftest.c:10:0: warning: "PACKAGE" redefined [enabled by default]
 #define PACKAGE gaw
 ^
conftest.c:8:0: note: this is the location of the previous definition
 #define PACKAGE "gaw3"
 ^
conftest.c:11:0: warning: "PACKAGE" redefined [enabled by default]
 #define PACKAGE "gaw3"
 ^
conftest.c:10:0: note: this is the location of the previous definition
 #define PACKAGE gaw
 ^
conftest.c:12:0: warning: "VERSION" redefined [enabled by default]
 #define VERSION "20141027"
 ^
conftest.c:9:0: note: this is the location of the previous definition
 #define VERSION "1.0"
 ^
configure:3517: $? = 0
configure: failed program was:
| /* confdefs.h */
| #define PACKAGE_NAME "gaw3"
| #define PACKAGE_TARNAME "gaw3"
| #define PACKAGE_VERSION "1.0"
| #define PACKAGE_STRING "gaw3 1.0"
| #define PACKAGE_BUGREPORT "www.rvq.fr"
| #define PACKAGE_URL ""
| #define PACKAGE "gaw3"
| #define VERSION "1.0"
| #define PACKAGE gaw
| #define PACKAGE "gaw3"
| #define VERSION "20141027"
| /* end confdefs.h.  */
| 
| int
| main ()
| {
| 
|   ;
|   return 0;
| }
configure:3532: gcc -c   conftest.c >&5
conftest.c:10:0: warning: "PACKAGE" redefined [enabled by default]
 #define PACKAGE gaw
 ^
conftest.c:8:0: note: this is the location of the previous definition
 #define PACKAGE "gaw3"
 ^
conftest.c:11:0: warning: "PACKAGE" redefined [enabled by default]
 #define PACKAGE "gaw3"
 ^
conftest.c:10:0: note: this is the location of the previous definition
 #define PACKAGE gaw
 ^
conftest.c:12:0: warning: "VERSION" redefined [enabled by default]
 #define VERSION "20141027"
 ^
conftest.c:9:0: note: this is the location of the previous definition
 #define VERSION "1.0"
 ^
configure:3532: $? = 0
configure: failed program was:
| /* confdefs.h */
| #define PACKAGE_NAME "gaw3"
| #define PACKAGE_TARNAME "gaw3"
| #define PACKAGE_VERSION "1.0"
| #define PACKAGE_STRING "gaw3 1.0"
| #define PACKAGE_BUGREPORT "www.rvq.fr"
| #define PACKAGE_URL ""
| #define PACKAGE "gaw3"
| #define VERSION "1.0"
| #define PACKAGE gaw
| #define PACKAGE "gaw3"
| #define VERSION "20141027"
| /* end confdefs.h.  */
| 
| int
| main ()
| {
| 
|   ;
|   return 0;
| }
configure:3548: gcc -c -g  conftest.c >&5
conftest.c:10:0: warning: "PACKAGE" redefined [enabled by default]
 #define PACKAGE gaw
 ^
conftest.c:8:0: note: this is the location of the previous definition
 #define PACKAGE "gaw3"
 ^
conftest.c:11:0: warning: "PACKAGE" redefined [enabled by default]
 #define PACKAGE "gaw3"
 ^
conftest.c:10:0: note: this is the location of the previous definition
 #define PACKAGE gaw
 ^
conftest.c:12:0: warning: "VERSION" redefined [enabled by default]
 #define VERSION "20141027"
 ^
conftest.c:9:0: note: this is the location of the previous definition
 #define VERSION "1.0"
 ^
configure:3548: $? = 0
configure:3558: result: yes
configure:3575: checking for gcc option to accept ISO C89
configure:3638: gcc  -c -g -O2  conftest.c >&5
conftest.c:10:0: warning: "PACKAGE" redefined [enabled by default]
 #define PACKAGE gaw
 ^
conftest.c:8:0: note: this is the location of the previous definition
 #define PACKAGE "gaw3"
 ^
conftest.c:11:0: warning: "PACKAGE" redefined [enabled by default]
 #define PACKAGE "gaw3"
 ^
conftest.c:10:0: note: this is the location of the previous definition
 #define PACKAGE gaw
 ^
conftest.c:12:0: warning: "VERSION" redefined [enabled by default]
 #define VERSION "20141027"
 ^
conftest.c:9:0: note: this is the location of the previous definition
 #define VERSION "1.0"
 ^
configure:3638: $? = 0
configure:3651: result: none needed
configure:3682: checking for style of include used by make
configure:3710: result: GNU
configure:3736: checking dependency style of gcc
configure:3847: result: gcc3
configure:3913: checking for ranlib
configure:3929: found /usr/bin/ranlib
configure:3940: result: ranlib
configure:3971: checking how to run the C preprocessor
configure:4002: gcc -E  conftest.c
conftest.c:10:0: warning: "PACKAGE" redefined [enabled by default]
 #define PACKAGE gaw
 ^
conftest.c:8:0: note: this is the location of the previous definition
 #define PACKAGE "gaw3"
 ^
conftest.c:11:0: warning: "PACKAGE" redefined [enabled by default]
 #define PACKAGE "gaw3"
 ^
conftest.c:10:0: note: this is the location of the previous definition
 #define PACKAGE gaw
 ^
conftest.c:12:0: warning: "VERSION" redefined [enabled by default]
 #define VERSION "20141027"
 ^
conftest.c:9:0: note: this is the location of the previous definition
 #define VERSION "1.0"
 ^
configure:4002: $? = 0
configure:4016: gcc -E  conftest.c
conftest.c:10:0: warning: "PACKAGE" redefined [enabled by default]
 #define PACKAGE gaw
 ^
conftest.c:8:0: note: this is the location of the previous definition
 #define PACKAGE "gaw3"
 ^
conftest.c:11:0: warning: "PACKAGE" redefined [enabled by default]
 #define PACKAGE "gaw3"
 ^
conftest.c:10:0: note: this is the location of the previous definition
 #define PACKAGE gaw
 ^
conftest.c:12:0: warning: "VERSION" redefined [enabled by default]
 #define VERSION "20141027"
 ^
conftest.c:9:0: note: this is the location of the previous definition
 #define VERSION "1.0"
 ^
conftest.c:14:28: fatal error: ac_nonexistent.h: No such file or directory
 #include <ac_nonexistent.h>
                            ^
compilation terminated.
configure:4016: $? = 1
configure: failed program was:
| /* confdefs.h */
| #define PACKAGE_NAME "gaw3"
| #define PACKAGE_TARNAME "gaw3"
| #define PACKAGE_VERSION "1.0"
| #define PACKAGE_STRING "gaw3 1.0"
| #define PACKAGE_BUGREPORT "www.rvq.fr"
| #define PACKAGE_URL ""
| #define PACKAGE "gaw3"
| #define VERSION "1.0"
| #define PACKAGE gaw
| #define PACKAGE "gaw3"
| #define VERSION "20141027"
| /* end confdefs.h.  */
| #include <ac_nonexistent.h>
configure:4041: result: gcc -E
configure:4061: gcc -E  conftest.c
conftest.c:10:0: warning: "PACKAGE" redefined [enabled by default]
 #define PACKAGE gaw
 ^
conftest.c:8:0: note: this is the location of the previous definition
 #define PACKAGE "gaw3"
 ^
conftest.c:11:0: warning: "PACKAGE" redefined [enabled by default]
 #define PACKAGE "gaw3"
 ^
conftest.c:10:0: note: this is the location of the previous definition
 #define PACKAGE gaw
 ^
conftest.c:12:0: warning: "VERSION" redefined [enabled by default]
 #define VERSION "20141027"
 ^
conftest.c:9:0: note: this is the location of the previous definition
 #define VERSION "1.0"
 ^
configure:4061: $? = 0
configure:4075: gcc -E  conftest.c
conftest.c:10:0: warning: "PACKAGE" redefined [enabled by default]
 #define PACKAGE gaw
 ^
conftest.c:8:0: note: this is the location of the previous definition
 #define PACKAGE "gaw3"
 ^
conftest.c:11:0: warning: "PACKAGE" redefined [enabled by default]
 #define PACKAGE "gaw3"
 ^
conftest.c:10:0: note: this is the location of the previous definition
 #define PACKAGE gaw
 ^
conftest.c:12:0: warning: "VERSION" redefined [enabled by default]
 #define VERSION "20141027"
 ^
conftest.c:9:0: note: this is the location of the previous definition
 #define VERSION "1.0"
 ^
conftest.c:14:28: fatal error: ac_nonexistent.h: No such file or directory
 #include <ac_nonexistent.h>
                            ^
compilation terminated.
configure:4075: $? = 1
configure: failed program was:
| /* confdefs.h */
| #define PACKAGE_NAME "gaw3"
| #define PACKAGE_TARNAME "gaw3"
| #define PACKAGE_VERSION "1.0"
| #define PACKAGE_STRING "gaw3 1.0"
| #define PACKAGE_BUGREPORT "www.rvq.fr"
| #define PACKAGE_URL ""
| #define PACKAGE "gaw3"
| #define VERSION "1.0"
| #define PACKAGE gaw
| #define PACKAGE "gaw3"
| #define VERSION "20141027"
| /* end confdefs.h.  */
| #include <ac_nonexistent.h>
configure:4104: checking for grep that handles long lines and -e
configure:4162: result: /bin/grep
configure:4167: checking for egrep
configure:4229: result: /bin/grep -E
configure:4234: checking for ANSI C header files
configure:4254: gcc -c -g -O2  conftest.c >&5
conftest.c:10:0: warning: "PACKAGE" redefined [enabled by default]
 #define PACKAGE gaw
 ^
conftest.c:8:0: note: this is the location of the previous definition
 #define PACKAGE "gaw3"
 ^
conftest.c:11:0: warning: "PACKAGE" redefined [enabled by default]
 #define PACKAGE "gaw3"
 ^
conftest.c:10:0: note: this is the location of the previous definition
 #define PACKAGE gaw
 ^
conftest.c:12:0: warning: "VERSION" redefined [enabled by default]
 #define VERSION "20141027"
 ^
conftest.c:9:0: note: this is the location of the previous definition
 #define VERSION "1.0"
 ^
configure:4254: $? = 0
conftest.c:10:0: warning: "PACKAGE" redefined [enabled by default]
 #define PACKAGE gaw
 ^
conftest.c:8:0: note: this is the location of the previous definition
 #define PACKAGE "gaw3"
 ^
conftest.c:11:0: warning: "PACKAGE" redefined [enabled by default]
 #define PACKAGE "gaw3"
 ^
conftest.c:10:0: note: this is the location of the previous definition
 #define PACKAGE gaw
 ^
conftest.c:12:0: warning: "VERSION" redefined [enabled by default]
 #define VERSION "20141027"
 ^
conftest.c:9:0: note: this is the location of the previous definition
 #define VERSION "1.0"
 ^
conftest.c:10:0: warning: "PACKAGE" redefined [enabled by default]
 #define PACKAGE gaw
 ^
conftest.c:8:0: note: this is the location of the previous definition
 #define PACKAGE "gaw3"
 ^
conftest.c:11:0: warning: "PACKAGE" redefined [enabled by default]
 #define PACKAGE "gaw3"
 ^
conftest.c:10:0: note: this is the location of the previous definition
 #define PACKAGE gaw
 ^
conftest.c:12:0: warning: "VERSION" redefined [enabled by default]
 #define VERSION "20141027"
 ^
conftest.c:9:0: note: this is the location of the previous definition
 #define VERSION "1.0"
 ^
configure:4327: gcc -o conftest -g -O2   conftest.c  >&5
conftest.c:10:0: warning: "PACKAGE" redefined [enabled by default]
 #define PACKAGE gaw
 ^
conftest.c:8:0: note: this is the location of the previous definition
 #define PACKAGE "gaw3"
 ^
conftest.c:11:0: warning: "PACKAGE" redefined [enabled by default]
 #define PACKAGE "gaw3"
 ^
conftest.c:10:0: note: this is the location of the previous definition
 #define PACKAGE gaw
 ^
conftest.c:12:0: warning: "VERSION" redefined [enabled by default]
 #define VERSION "20141027"
 ^
conftest.c:9:0: note: this is the location of the previous definition
 #define VERSION "1.0"
 ^
configure:4327: $? = 0
configure:4327: ./conftest
configure:4327: $? = 0
configure:4338: result: yes
configure:4351: checking for sys/types.h
configure:4351: gcc -c -g -O2  conftest.c >&5
conftest.c:10:0: warning: "PACKAGE" redefined [enabled by default]
 #define PACKAGE gaw
 ^
conftest.c:8:0: note: this is the location of the previous definition
 #define PACKAGE "gaw3"
 ^
conftest.c:11:0: warning: "PACKAGE" redefined [enabled by default]
 #define PACKAGE "gaw3"
 ^
conftest.c:10:0: note: this is the location of the previous definition
 #define PACKAGE gaw
 ^
conftest.c:12:0: warning: "VERSION" redefined [enabled by default]
 #define VERSION "20141027"
 ^
conftest.c:9:0: note: this is the location of the previous definition
 #define VERSION "1.0"
 ^
configure:4351: $? = 0
configure:4351: result: yes
configure:4351: checking for sys/stat.h
configure:4351: gcc -c -g -O2  conftest.c >&5
conftest.c:10:0: warning: "PACKAGE" redefined [enabled by default]
 #define PACKAGE gaw
 ^
conftest.c:8:0: note: this is the location of the previous definition
 #define PACKAGE "gaw3"
 ^
conftest.c:11:0: warning: "PACKAGE" redefined [enabled by default]
 #define PACKAGE "gaw3"
 ^
conftest.c:10:0: note: this is the location of the previous definition
 #define PACKAGE gaw
 ^
conftest.c:12:0: warning: "VERSION" redefined [enabled by default]
 #define VERSION "20141027"
 ^
conftest.c:9:0: note: this is the location of the previous definition
 #define VERSION "1.0"
 ^
configure:4351: $? = 0
configure:4351: result: yes
configure:4351: checking for stdlib.h
configure:4351: gcc -c -g -O2  conftest.c >&5
conftest.c:10:0: warning: "PACKAGE" redefined [enabled by default]
 #define PACKAGE gaw
 ^
conftest.c:8:0: note: this is the location of the previous definition
 #define PACKAGE "gaw3"
 ^
conftest.c:11:0: warning: "PACKAGE" redefined [enabled by default]
 #define PACKAGE "gaw3"
 ^
conftest.c:10:0: note: this is the location of the previous definition
 #define PACKAGE gaw
 ^
conftest.c:12:0: warning: "VERSION" redefined [enabled by default]
 #define VERSION "20141027"
 ^
conftest.c:9:0: note: this is the location of the previous definition
 #define VERSION "1.0"
 ^
configure:4351: $? = 0
configure:4351: result: yes
configure:4351: checking for string.h
configure:4351: gcc -c -g -O2  conftest.c >&5
conftest.c:10:0: warning: "PACKAGE" redefined [enabled by default]
 #define PACKAGE gaw
 ^
conftest.c:8:0: note: this is the location of the previous definition
 #define PACKAGE "gaw3"
 ^
conftest.c:11:0: warning: "PACKAGE" redefined [enabled by default]
 #define PACKAGE "gaw3"
 ^
conftest.c:10:0: note: this is the location of the previous definition
 #define PACKAGE gaw
 ^
conftest.c:12:0: warning: "VERSION" redefined [enabled by default]
 #define VERSION "20141027"
 ^
conftest.c:9:0: note: this is the location of the previous definition
 #define VERSION "1.0"
 ^
configure:4351: $? = 0
configure:4351: result: yes
configure:4351: checking for memory.h
configure:4351: gcc -c -g -O2  conftest.c >&5
conftest.c:10:0: warning: "PACKAGE" redefined [enabled by default]
 #define PACKAGE gaw
 ^
conftest.c:8:0: note: this is the location of the previous definition
 #define PACKAGE "gaw3"
 ^
conftest.c:11:0: warning: "PACKAGE" redefined [enabled by default]
 #define PACKAGE "gaw3"
 ^
conftest.c:10:0: note: this is the location of the previous definition
 #define PACKAGE gaw
 ^
conftest.c:12:0: warning: "VERSION" redefined [enabled by default]
 #define VERSION "20141027"
 ^
conftest.c:9:0: note: this is the location of the previous definition
 #define VERSION "1.0"
 ^
configure:4351: $? = 0
configure:4351: result: yes
configure:4351: checking for strings.h
configure:4351: gcc -c -g -O2  conftest.c >&5
conftest.c:10:0: warning: "PACKAGE" redefined [enabled by default]
 #define PACKAGE gaw
 ^
conftest.c:8:0: note: this is the location of the previous definition
 #define PACKAGE "gaw3"
 ^
conftest.c:11:0: warning: "PACKAGE" redefined [enabled by default]
 #define PACKAGE "gaw3"
 ^
conftest.c:10:0: note: this is the location of the previous definition
 #define PACKAGE gaw
 ^
conftest.c:12:0: warning: "VERSION" redefined [enabled by default]
 #define VERSION "20141027"
 ^
conftest.c:9:0: note: this is the location of the previous definition
 #define VERSION "1.0"
 ^
configure:4351: $? = 0
configure:4351: result: yes
configure:4351: checking for inttypes.h
configure:4351: gcc -c -g -O2  conftest.c >&5
conftest.c:10:0: warning: "PACKAGE" redefined [enabled by default]
 #define PACKAGE gaw
 ^
conftest.c:8:0: note: this is the location of the previous definition
 #define PACKAGE "gaw3"
 ^
conftest.c:11:0: warning: "PACKAGE" redefined [enabled by default]
 #define PACKAGE "gaw3"
 ^
conftest.c:10:0: note: this is the location of the previous definition
 #define PACKAGE gaw
 ^
conftest.c:12:0: warning: "VERSION" redefined [enabled by default]
 #define VERSION "20141027"
 ^
conftest.c:9:0: note: this is the location of the previous definition
 #define VERSION "1.0"
 ^
configure:4351: $? = 0
configure:4351: result: yes
configure:4351: checking for stdint.h
configure:4351: gcc -c -g -O2  conftest.c >&5
conftest.c:10:0: warning: "PACKAGE" redefined [enabled by default]
 #define PACKAGE gaw
 ^
conftest.c:8:0: note: this is the location of the previous definition
 #define PACKAGE "gaw3"
 ^
conftest.c:11:0: warning: "PACKAGE" redefined [enabled by default]
 #define PACKAGE "gaw3"
 ^
conftest.c:10:0: note: this is the location of the previous definition
 #define PACKAGE gaw
 ^
conftest.c:12:0: warning: "VERSION" redefined [enabled by default]
 #define VERSION "20141027"
 ^
conftest.c:9:0: note: this is the location of the previous definition
 #define VERSION "1.0"
 ^
configure:4351: $? = 0
configure:4351: result: yes
configure:4351: checking for unistd.h
configure:4351: gcc -c -g -O2  conftest.c >&5
conftest.c:10:0: warning: "PACKAGE" redefined [enabled by default]
 #define PACKAGE gaw
 ^
conftest.c:8:0: note: this is the location of the previous definition
 #define PACKAGE "gaw3"
 ^
conftest.c:11:0: warning: "PACKAGE" redefined [enabled by default]
 #define PACKAGE "gaw3"
 ^
conftest.c:10:0: note: this is the location of the previous definition
 #define PACKAGE gaw
 ^
conftest.c:12:0: warning: "VERSION" redefined [enabled by default]
 #define VERSION "20141027"
 ^
conftest.c:9:0: note: this is the location of the previous definition
 #define VERSION "1.0"
 ^
configure:4351: $? = 0
configure:4351: result: yes
configure:4366: checking fcntl.h usability
configure:4366: gcc -c -g -O2  conftest.c >&5
conftest.c:10:0: warning: "PACKAGE" redefined [enabled by default]
 #define PACKAGE gaw
 ^
conftest.c:8:0: note: this is the location of the previous definition
 #define PACKAGE "gaw3"
 ^
conftest.c:11:0: warning: "PACKAGE" redefined [enabled by default]
 #define PACKAGE "gaw3"
 ^
conftest.c:10:0: note: this is the location of the previous definition
 #define PACKAGE gaw
 ^
conftest.c:12:0: warning: "VERSION" redefined [enabled by default]
 #define VERSION "20141027"
 ^
conftest.c:9:0: note: this is the location of the previous definition
 #define VERSION "1.0"
 ^
configure:4366: $? = 0
configure:4366: result: yes
configure:4366: checking fcntl.h presence
configure:4366: gcc -E  conftest.c
conftest.c:10:0: warning: "PACKAGE" redefined [enabled by default]
 #define PACKAGE gaw
 ^
conftest.c:8:0: note: this is the location of the previous definition
 #define PACKAGE "gaw3"
 ^
conftest.c:11:0: warning: "PACKAGE" redefined [enabled by default]
 #define PACKAGE "gaw3"
 ^
conftest.c:10:0: note: this is the location of the previous definition
 #define PACKAGE gaw
 ^
conftest.c:12:0: warning: "VERSION" redefined [enabled by default]
 #define VERSION "20141027"
 ^
conftest.c:9:0: note: this is the location of the previous definition
 #define VERSION "1.0"
 ^
configure:4366: $? = 0
configure:4366: result: yes
configure:4366: checking for fcntl.h
configure:4366: result: yes
configure:4366: checking float.h usability
configure:4366: gcc -c -g -O2  conftest.c >&5
conftest.c:10:0: warning: "PACKAGE" redefined [enabled by default]
 #define PACKAGE gaw
 ^
conftest.c:8:0: note: this is the location of the previous definition
 #define PACKAGE "gaw3"
 ^
conftest.c:11:0: warning: "PACKAGE" redefined [enabled by default]
 #define PACKAGE "gaw3"
 ^
conftest.c:10:0: note: this is the location of the previous definition
 #define PACKAGE gaw
 ^
conftest.c:12:0: warning: "VERSION" redefined [enabled by default]
 #define VERSION "20141027"
 ^
conftest.c:9:0: note: this is the location of the previous definition
 #define VERSION "1.0"
 ^
configure:4366: $? = 0
configure:4366: result: yes
configure:4366: checking float.h presence
configure:4366: gcc -E  conftest.c
conftest.c:10:0: warning: "PACKAGE" redefined [enabled by default]
 #define PACKAGE gaw
 ^
conftest.c:8:0: note: this is the location of the previous definition
 #define PACKAGE "gaw3"
 ^
conftest.c:11:0: warning: "PACKAGE" redefined [enabled by default]
 #define PACKAGE "gaw3"
 ^
conftest.c:10:0: note: this is the location of the previous definition
 #define PACKAGE gaw
 ^
conftest.c:12:0: warning: "VERSION" redefined [enabled by default]
 #define VERSION "20141027"
 ^
conftest.c:9:0: note: this is the location of the previous definition
 #define VERSION "1.0"
 ^
configure:4366: $? = 0
configure:4366: result: yes
configure:4366: checking for float.h
configure:4366: result: yes
configure:4366: checking for stdlib.h
configure:4366: result: yes
configure:4366: checking for string.h
configure:4366: result: yes
configure:4366: checking for unistd.h
configure:4366: result: yes
configure:4384: checking for special C compiler options needed for large files
configure:4429: result: no
configure:4435: checking for _FILE_OFFSET_BITS value needed for large files
configure:4460: gcc -c -g -O2  conftest.c >&5
conftest.c:10:0: warning: "PACKAGE" redefined [enabled by default]
 #define PACKAGE gaw
 ^
conftest.c:8:0: note: this is the location of the previous definition
 #define PACKAGE "gaw3"
 ^
conftest.c:11:0: warning: "PACKAGE" redefined [enabled by default]
 #define PACKAGE "gaw3"
 ^
conftest.c:10:0: note: this is the location of the previous definition
 #define PACKAGE gaw
 ^
conftest.c:12:0: warning: "VERSION" redefined [enabled by default]
 #define VERSION "20141027"
 ^
conftest.c:9:0: note: this is the location of the previous definition
 #define VERSION "1.0"
 ^
conftest.c:35:3: warning: left shift count >= width of type [enabled by default]
   int off_t_is_large[(LARGE_OFF_T % 2147483629 == 721
   ^
conftest.c:35:3: warning: left shift count >= width of type [enabled by default]
conftest.c:36:10: warning: left shift count >= width of type [enabled by default]
          && LARGE_OFF_T % 2147483647 == 1)
          ^
conftest.c:36:10: warning: left shift count >= width of type [enabled by default]
conftest.c:35:7: error: variably modified 'off_t_is_large' at file scope
   int off_t_is_large[(LARGE_OFF_T % 2147483629 == 721
       ^
configure:4460: $? = 1
configure: failed program was:
| /* confdefs.h */
| #define PACKAGE_NAME "gaw3"
| #define PACKAGE_TARNAME "gaw3"
| #define PACKAGE_VERSION "1.0"
| #define PACKAGE_STRING "gaw3 1.0"
| #define PACKAGE_BUGREPORT "www.rvq.fr"
| #define PACKAGE_URL ""
| #define PACKAGE "gaw3"
| #define VERSION "1.0"
| #define PACKAGE gaw
| #define PACKAGE "gaw3"
| #define VERSION "20141027"
| #define STDC_HEADERS 1
| #define HAVE_SYS_TYPES_H 1
| #define HAVE_SYS_STAT_H 1
| #define HAVE_STDLIB_H 1
| #define HAVE_STRING_H 1
| #define HAVE_MEMORY_H 1
| #define HAVE_STRINGS_H 1
| #define HAVE_INTTYPES_H 1
| #define HAVE_STDINT_H 1
| #define HAVE_UNISTD_H 1
| #define HAVE_FCNTL_H 1
| #define HAVE_FLOAT_H 1
| #define HAVE_STDLIB_H 1
| #define HAVE_STRING_H 1
| #define HAVE_UNISTD_H 1
| /* end confdefs.h.  */
| #include <sys/types.h>
|  /* Check that off_t can represent 2**63 - 1 correctly.
|     We can't simply define LARGE_OFF_T to be 9223372036854775807,
|     since some C++ compilers masquerading as C compilers
|     incorrectly reject 9223372036854775807.  */
| #define LARGE_OFF_T (((off_t) 1 << 62) - 1 + ((off_t) 1 << 62))
|   int off_t_is_large[(LARGE_OFF_T % 2147483629 == 721
| 		       && LARGE_OFF_T % 2147483647 == 1)
| 		      ? 1 : -1];
| int
| main ()
| {
| 
|   ;
|   return 0;
| }
configure:4484: gcc -c -g -O2  conftest.c >&5
conftest.c:10:0: warning: "PACKAGE" redefined [enabled by default]
 #define PACKAGE gaw
 ^
conftest.c:8:0: note: this is the location of the previous definition
 #define PACKAGE "gaw3"
 ^
conftest.c:11:0: warning: "PACKAGE" redefined [enabled by default]
 #define PACKAGE "gaw3"
 ^
conftest.c:10:0: note: this is the location of the previous definition
 #define PACKAGE gaw
 ^
conftest.c:12:0: warning: "VERSION" redefined [enabled by default]
 #define VERSION "20141027"
 ^
conftest.c:9:0: note: this is the location of the previous definition
 #define VERSION "1.0"
 ^
configure:4484: $? = 0
configure:4492: result: 64
configure:4579: checking for an ANSI C-conforming const
configure:4645: gcc -c -g -O2  conftest.c >&5
conftest.c:10:0: warning: "PACKAGE" redefined [enabled by default]
 #define PACKAGE gaw
 ^
conftest.c:8:0: note: this is the location of the previous definition
 #define PACKAGE "gaw3"
 ^
conftest.c:11:0: warning: "PACKAGE" redefined [enabled by default]
 #define PACKAGE "gaw3"
 ^
conftest.c:10:0: note: this is the location of the previous definition
 #define PACKAGE gaw
 ^
conftest.c:12:0: warning: "VERSION" redefined [enabled by default]
 #define VERSION "20141027"
 ^
conftest.c:9:0: note: this is the location of the previous definition
 #define VERSION "1.0"
 ^
configure:4645: $? = 0
configure:4652: result: yes
configure:4660: checking for inline
configure:4676: gcc -c -g -O2  conftest.c >&5
conftest.c:10:0: warning: "PACKAGE" redefined [enabled by default]
 #define PACKAGE gaw
 ^
conftest.c:8:0: note: this is the location of the previous definition
 #define PACKAGE "gaw3"
 ^
conftest.c:11:0: warning: "PACKAGE" redefined [enabled by default]
 #define PACKAGE "gaw3"
 ^
conftest.c:10:0: note: this is the location of the previous definition
 #define PACKAGE gaw
 ^
conftest.c:12:0: warning: "VERSION" redefined [enabled by default]
 #define VERSION "20141027"
 ^
conftest.c:9:0: note: this is the location of the previous definition
 #define VERSION "1.0"
 ^
configure:4676: $? = 0
configure:4684: result: inline
configure:4702: checking for size_t
configure:4702: gcc -c -g -O2  conftest.c >&5
conftest.c:10:0: warning: "PACKAGE" redefined [enabled by default]
 #define PACKAGE gaw
 ^
conftest.c:8:0: note: this is the location of the previous definition
 #define PACKAGE "gaw3"
 ^
conftest.c:11:0: warning: "PACKAGE" redefined [enabled by default]
 #define PACKAGE "gaw3"
 ^
conftest.c:10:0: note: this is the location of the previous definition
 #define PACKAGE gaw
 ^
conftest.c:12:0: warning: "VERSION" redefined [enabled by default]
 #define VERSION "20141027"
 ^
conftest.c:9:0: note: this is the location of the previous definition
 #define VERSION "1.0"
 ^
configure:4702: $? = 0
configure:4702: gcc -c -g -O2  conftest.c >&5
conftest.c:10:0: warning: "PACKAGE" redefined [enabled by default]
 #define PACKAGE gaw
 ^
conftest.c:8:0: note: this is the location of the previous definition
 #define PACKAGE "gaw3"
 ^
conftest.c:11:0: warning: "PACKAGE" redefined [enabled by default]
 #define PACKAGE "gaw3"
 ^
conftest.c:10:0: note: this is the location of the previous definition
 #define PACKAGE gaw
 ^
conftest.c:12:0: warning: "VERSION" redefined [enabled by default]
 #define VERSION "20141027"
 ^
conftest.c:9:0: note: this is the location of the previous definition
 #define VERSION "1.0"
 ^
conftest.c: In function 'main':
conftest.c:66:21: error: expected expression before ')' token
 if (sizeof ((size_t)))
                     ^
configure:4702: $? = 1
configure: failed program was:
| /* confdefs.h */
| #define PACKAGE_NAME "gaw3"
| #define PACKAGE_TARNAME "gaw3"
| #define PACKAGE_VERSION "1.0"
| #define PACKAGE_STRING "gaw3 1.0"
| #define PACKAGE_BUGREPORT "www.rvq.fr"
| #define PACKAGE_URL ""
| #define PACKAGE "gaw3"
| #define VERSION "1.0"
| #define PACKAGE gaw
| #define PACKAGE "gaw3"
| #define VERSION "20141027"
| #define STDC_HEADERS 1
| #define HAVE_SYS_TYPES_H 1
| #define HAVE_SYS_STAT_H 1
| #define HAVE_STDLIB_H 1
| #define HAVE_STRING_H 1
| #define HAVE_MEMORY_H 1
| #define HAVE_STRINGS_H 1
| #define HAVE_INTTYPES_H 1
| #define HAVE_STDINT_H 1
| #define HAVE_UNISTD_H 1
| #define HAVE_FCNTL_H 1
| #define HAVE_FLOAT_H 1
| #define HAVE_STDLIB_H 1
| #define HAVE_STRING_H 1
| #define HAVE_UNISTD_H 1
| #define _FILE_OFFSET_BITS 64
| /* end confdefs.h.  */
| #include <stdio.h>
| #ifdef HAVE_SYS_TYPES_H
| # include <sys/types.h>
| #endif
| #ifdef HAVE_SYS_STAT_H
| # include <sys/stat.h>
| #endif
| #ifdef STDC_HEADERS
| # include <stdlib.h>
| # include <stddef.h>
| #else
| # ifdef HAVE_STDLIB_H
| #  include <stdlib.h>
| # endif
| #endif
| #ifdef HAVE_STRING_H
| # if !defined STDC_HEADERS && defined HAVE_MEMORY_H
| #  include <memory.h>
| # endif
| # include <string.h>
| #endif
| #ifdef HAVE_STRINGS_H
| # include <strings.h>
| #endif
| #ifdef HAVE_INTTYPES_H
| # include <inttypes.h>
| #endif
| #ifdef HAVE_STDINT_H
| # include <stdint.h>
| #endif
| #ifdef HAVE_UNISTD_H
| # include <unistd.h>
| #endif
| int
| main ()
| {
| if (sizeof ((size_t)))
| 	    return 0;
|   ;
|   return 0;
| }
configure:4702: result: yes
configure:4713: checking whether struct tm is in sys/time.h or time.h
configure:4733: gcc -c -g -O2  conftest.c >&5
conftest.c:10:0: warning: "PACKAGE" redefined [enabled by default]
 #define PACKAGE gaw
 ^
conftest.c:8:0: note: this is the location of the previous definition
 #define PACKAGE "gaw3"
 ^
conftest.c:11:0: warning: "PACKAGE" redefined [enabled by default]
 #define PACKAGE "gaw3"
 ^
conftest.c:10:0: note: this is the location of the previous definition
 #define PACKAGE gaw
 ^
conftest.c:12:0: warning: "VERSION" redefined [enabled by default]
 #define VERSION "20141027"
 ^
conftest.c:9:0: note: this is the location of the previous definition
 #define VERSION "1.0"
 ^
configure:4733: $? = 0
configure:4740: result: time.h
configure:4752: checking for stdlib.h
configure:4752: result: yes
configure:4762: checking for GNU libc compatible malloc
configure:4786: gcc -o conftest -g -O2   conftest.c  >&5
conftest.c:10:0: warning: "PACKAGE" redefined [enabled by default]
 #define PACKAGE gaw
 ^
conftest.c:8:0: note: this is the location of the previous definition
 #define PACKAGE "gaw3"
 ^
conftest.c:11:0: warning: "PACKAGE" redefined [enabled by default]
 #define PACKAGE "gaw3"
 ^
conftest.c:10:0: note: this is the location of the previous definition
 #define PACKAGE gaw
 ^
conftest.c:12:0: warning: "VERSION" redefined [enabled by default]
 #define VERSION "20141027"
 ^
conftest.c:9:0: note: this is the location of the previous definition
 #define VERSION "1.0"
 ^
configure:4786: $? = 0
configure:4786: ./conftest
configure:4786: $? = 0
configure:4796: result: yes
configure:4817: checking for working memcmp
configure:4860: gcc -o conftest -g -O2   conftest.c  >&5
conftest.c:10:0: warning: "PACKAGE" redefined [enabled by default]
 #define PACKAGE gaw
 ^
conftest.c:8:0: note: this is the location of the previous definition
 #define PACKAGE "gaw3"
 ^
conftest.c:11:0: warning: "PACKAGE" redefined [enabled by default]
 #define PACKAGE "gaw3"
 ^
conftest.c:10:0: note: this is the location of the previous definition
 #define PACKAGE gaw
 ^
conftest.c:12:0: warning: "VERSION" redefined [enabled by default]
 #define VERSION "20141027"
 ^
conftest.c:9:0: note: this is the location of the previous definition
 #define VERSION "1.0"
 ^
configure:4860: $? = 0
configure:4860: ./conftest
configure:4860: $? = 0
configure:4870: result: yes
configure:4879: checking whether lstat correctly handles trailing slash
configure:4905: gcc -o conftest -g -O2   conftest.c  >&5
conftest.c:10:0: warning: "PACKAGE" redefined [enabled by default]
 #define PACKAGE gaw
 ^
conftest.c:8:0: note: this is the location of the previous definition
 #define PACKAGE "gaw3"
 ^
conftest.c:11:0: warning: "PACKAGE" redefined [enabled by default]
 #define PACKAGE "gaw3"
 ^
conftest.c:10:0: note: this is the location of the previous definition
 #define PACKAGE gaw
 ^
conftest.c:12:0: warning: "VERSION" redefined [enabled by default]
 #define VERSION "20141027"
 ^
conftest.c:9:0: note: this is the location of the previous definition
 #define VERSION "1.0"
 ^
configure:4905: $? = 0
configure:4905: ./conftest
configure:4905: $? = 0
configure:4922: result: yes
configure:4941: checking whether stat accepts an empty string
configure:4961: gcc -o conftest -g -O2   conftest.c  >&5
conftest.c:10:0: warning: "PACKAGE" redefined [enabled by default]
 #define PACKAGE gaw
 ^
conftest.c:8:0: note: this is the location of the previous definition
 #define PACKAGE "gaw3"
 ^
conftest.c:11:0: warning: "PACKAGE" redefined [enabled by default]
 #define PACKAGE "gaw3"
 ^
conftest.c:10:0: note: this is the location of the previous definition
 #define PACKAGE gaw
 ^
conftest.c:12:0: warning: "VERSION" redefined [enabled by default]
 #define VERSION "20141027"
 ^
conftest.c:9:0: note: this is the location of the previous definition
 #define VERSION "1.0"
 ^
configure:4961: $? = 0
configure:4961: ./conftest
configure:4961: $? = 0
configure:4971: result: no
configure:4987: checking for working strtod
configure:5028: gcc -o conftest -g -O2   conftest.c  >&5
conftest.c:10:0: warning: "PACKAGE" redefined [enabled by default]
 #define PACKAGE gaw
 ^
conftest.c:8:0: note: this is the location of the previous definition
 #define PACKAGE "gaw3"
 ^
conftest.c:11:0: warning: "PACKAGE" redefined [enabled by default]
 #define PACKAGE "gaw3"
 ^
conftest.c:10:0: note: this is the location of the previous definition
 #define PACKAGE gaw
 ^
conftest.c:12:0: warning: "VERSION" redefined [enabled by default]
 #define VERSION "20141027"
 ^
conftest.c:9:0: note: this is the location of the previous definition
 #define VERSION "1.0"
 ^
configure:5028: $? = 0
configure:5028: ./conftest
configure:5028: $? = 0
configure:5038: result: yes
configure:5102: checking for vprintf
configure:5102: gcc -o conftest -g -O2   conftest.c  >&5
conftest.c:10:0: warning: "PACKAGE" redefined [enabled by default]
 #define PACKAGE gaw
 ^
conftest.c:8:0: note: this is the location of the previous definition
 #define PACKAGE "gaw3"
 ^
conftest.c:11:0: warning: "PACKAGE" redefined [enabled by default]
 #define PACKAGE "gaw3"
 ^
conftest.c:10:0: note: this is the location of the previous definition
 #define PACKAGE gaw
 ^
conftest.c:12:0: warning: "VERSION" redefined [enabled by default]
 #define VERSION "20141027"
 ^
conftest.c:9:0: note: this is the location of the previous definition
 #define VERSION "1.0"
 ^
conftest.c:56:6: warning: conflicting types for built-in function 'vprintf' [enabled by default]
 char vprintf ();
      ^
configure:5102: $? = 0
configure:5102: result: yes
configure:5108: checking for _doprnt
configure:5108: gcc -o conftest -g -O2   conftest.c  >&5
conftest.c:10:0: warning: "PACKAGE" redefined [enabled by default]
 #define PACKAGE gaw
 ^
conftest.c:8:0: note: this is the location of the previous definition
 #define PACKAGE "gaw3"
 ^
conftest.c:11:0: warning: "PACKAGE" redefined [enabled by default]
 #define PACKAGE "gaw3"
 ^
conftest.c:10:0: note: this is the location of the previous definition
 #define PACKAGE gaw
 ^
conftest.c:12:0: warning: "VERSION" redefined [enabled by default]
 #define VERSION "20141027"
 ^
conftest.c:9:0: note: this is the location of the previous definition
 #define VERSION "1.0"
 ^
/tmp/ccg6dmD7.o: In function `main':
/home/z80/projects/voltamper.git/_temp/gaw3-20141027/conftest.c:68: undefined reference to `_doprnt'
collect2: error: ld returned 1 exit status
configure:5108: $? = 1
configure: failed program was:
| /* confdefs.h */
| #define PACKAGE_NAME "gaw3"
| #define PACKAGE_TARNAME "gaw3"
| #define PACKAGE_VERSION "1.0"
| #define PACKAGE_STRING "gaw3 1.0"
| #define PACKAGE_BUGREPORT "www.rvq.fr"
| #define PACKAGE_URL ""
| #define PACKAGE "gaw3"
| #define VERSION "1.0"
| #define PACKAGE gaw
| #define PACKAGE "gaw3"
| #define VERSION "20141027"
| #define STDC_HEADERS 1
| #define HAVE_SYS_TYPES_H 1
| #define HAVE_SYS_STAT_H 1
| #define HAVE_STDLIB_H 1
| #define HAVE_STRING_H 1
| #define HAVE_MEMORY_H 1
| #define HAVE_STRINGS_H 1
| #define HAVE_INTTYPES_H 1
| #define HAVE_STDINT_H 1
| #define HAVE_UNISTD_H 1
| #define HAVE_FCNTL_H 1
| #define HAVE_FLOAT_H 1
| #define HAVE_STDLIB_H 1
| #define HAVE_STRING_H 1
| #define HAVE_UNISTD_H 1
| #define _FILE_OFFSET_BITS 64
| #define HAVE_STDLIB_H 1
| #define HAVE_MALLOC 1
| #define LSTAT_FOLLOWS_SLASHED_SYMLINK 1
| #define HAVE_VPRINTF 1
| /* end confdefs.h.  */
| /* Define _doprnt to an innocuous variant, in case <limits.h> declares _doprnt.
|    For example, HP-UX 11i <limits.h> declares gettimeofday.  */
| #define _doprnt innocuous__doprnt
| 
| /* System header to define __stub macros and hopefully few prototypes,
|     which can conflict with char _doprnt (); below.
|     Prefer <limits.h> to <assert.h> if __STDC__ is defined, since
|     <limits.h> exists even on freestanding compilers.  */
| 
| #ifdef __STDC__
| # include <limits.h>
| #else
| # include <assert.h>
| #endif
| 
| #undef _doprnt
| 
| /* Override any GCC internal prototype to avoid an error.
|    Use char because int might match the return type of a GCC
|    builtin and then its argument prototype would still apply.  */
| #ifdef __cplusplus
| extern "C"
| #endif
| char _doprnt ();
| /* The GNU C library defines this for functions which it implements
|     to always fail with ENOSYS.  Some functions are actually named
|     something starting with __ and the normal name is an alias.  */
| #if defined __stub__doprnt || defined __stub____doprnt
| choke me
| #endif
| 
| int
| main ()
| {
| return _doprnt ();
|   ;
|   return 0;
| }
configure:5108: result: no
configure:5119: checking for _LARGEFILE_SOURCE value needed for large files
configure:5138: gcc -o conftest -g -O2   conftest.c  >&5
conftest.c:10:0: warning: "PACKAGE" redefined [enabled by default]
 #define PACKAGE gaw
 ^
conftest.c:8:0: note: this is the location of the previous definition
 #define PACKAGE "gaw3"
 ^
conftest.c:11:0: warning: "PACKAGE" redefined [enabled by default]
 #define PACKAGE "gaw3"
 ^
conftest.c:10:0: note: this is the location of the previous definition
 #define PACKAGE gaw
 ^
conftest.c:12:0: warning: "VERSION" redefined [enabled by default]
 #define VERSION "20141027"
 ^
conftest.c:9:0: note: this is the location of the previous definition
 #define VERSION "1.0"
 ^
configure:5138: $? = 0
configure:5166: result: no
configure:5190: checking for mkdir
configure:5190: gcc -o conftest -g -O2   conftest.c  >&5
conftest.c:10:0: warning: "PACKAGE" redefined [enabled by default]
 #define PACKAGE gaw
 ^
conftest.c:8:0: note: this is the location of the previous definition
 #define PACKAGE "gaw3"
 ^
conftest.c:11:0: warning: "PACKAGE" redefined [enabled by default]
 #define PACKAGE "gaw3"
 ^
conftest.c:10:0: note: this is the location of the previous definition
 #define PACKAGE gaw
 ^
conftest.c:12:0: warning: "VERSION" redefined [enabled by default]
 #define VERSION "20141027"
 ^
conftest.c:9:0: note: this is the location of the previous definition
 #define VERSION "1.0"
 ^
configure:5190: $? = 0
configure:5190: result: yes
configure:5190: checking for pow
configure:5190: gcc -o conftest -g -O2   conftest.c  >&5
conftest.c:10:0: warning: "PACKAGE" redefined [enabled by default]
 #define PACKAGE gaw
 ^
conftest.c:8:0: note: this is the location of the previous definition
 #define PACKAGE "gaw3"
 ^
conftest.c:11:0: warning: "PACKAGE" redefined [enabled by default]
 #define PACKAGE "gaw3"
 ^
conftest.c:10:0: note: this is the location of the previous definition
 #define PACKAGE gaw
 ^
conftest.c:12:0: warning: "VERSION" redefined [enabled by default]
 #define VERSION "20141027"
 ^
conftest.c:9:0: note: this is the location of the previous definition
 #define VERSION "1.0"
 ^
conftest.c:59:6: warning: conflicting types for built-in function 'pow' [enabled by default]
 char pow ();
      ^
/tmp/ccWEfWPn.o: In function `main':
/home/z80/projects/voltamper.git/_temp/gaw3-20141027/conftest.c:70: undefined reference to `pow'
collect2: error: ld returned 1 exit status
configure:5190: $? = 1
configure: failed program was:
| /* confdefs.h */
| #define PACKAGE_NAME "gaw3"
| #define PACKAGE_TARNAME "gaw3"
| #define PACKAGE_VERSION "1.0"
| #define PACKAGE_STRING "gaw3 1.0"
| #define PACKAGE_BUGREPORT "www.rvq.fr"
| #define PACKAGE_URL ""
| #define PACKAGE "gaw3"
| #define VERSION "1.0"
| #define PACKAGE gaw
| #define PACKAGE "gaw3"
| #define VERSION "20141027"
| #define STDC_HEADERS 1
| #define HAVE_SYS_TYPES_H 1
| #define HAVE_SYS_STAT_H 1
| #define HAVE_STDLIB_H 1
| #define HAVE_STRING_H 1
| #define HAVE_MEMORY_H 1
| #define HAVE_STRINGS_H 1
| #define HAVE_INTTYPES_H 1
| #define HAVE_STDINT_H 1
| #define HAVE_UNISTD_H 1
| #define HAVE_FCNTL_H 1
| #define HAVE_FLOAT_H 1
| #define HAVE_STDLIB_H 1
| #define HAVE_STRING_H 1
| #define HAVE_UNISTD_H 1
| #define _FILE_OFFSET_BITS 64
| #define HAVE_STDLIB_H 1
| #define HAVE_MALLOC 1
| #define LSTAT_FOLLOWS_SLASHED_SYMLINK 1
| #define HAVE_VPRINTF 1
| #define HAVE_FSEEKO 1
| #define HAVE_MKDIR 1
| /* end confdefs.h.  */
| /* Define pow to an innocuous variant, in case <limits.h> declares pow.
|    For example, HP-UX 11i <limits.h> declares gettimeofday.  */
| #define pow innocuous_pow
| 
| /* System header to define __stub macros and hopefully few prototypes,
|     which can conflict with char pow (); below.
|     Prefer <limits.h> to <assert.h> if __STDC__ is defined, since
|     <limits.h> exists even on freestanding compilers.  */
| 
| #ifdef __STDC__
| # include <limits.h>
| #else
| # include <assert.h>
| #endif
| 
| #undef pow
| 
| /* Override any GCC internal prototype to avoid an error.
|    Use char because int might match the return type of a GCC
|    builtin and then its argument prototype would still apply.  */
| #ifdef __cplusplus
| extern "C"
| #endif
| char pow ();
| /* The GNU C library defines this for functions which it implements
|     to always fail with ENOSYS.  Some functions are actually named
|     something starting with __ and the normal name is an alias.  */
| #if defined __stub_pow || defined __stub___pow
| choke me
| #endif
| 
| int
| main ()
| {
| return pow ();
|   ;
|   return 0;
| }
configure:5190: result: no
configure:5190: checking for regcomp
configure:5190: gcc -o conftest -g -O2   conftest.c  >&5
conftest.c:10:0: warning: "PACKAGE" redefined [enabled by default]
 #define PACKAGE gaw
 ^
conftest.c:8:0: note: this is the location of the previous definition
 #define PACKAGE "gaw3"
 ^
conftest.c:11:0: warning: "PACKAGE" redefined [enabled by default]
 #define PACKAGE "gaw3"
 ^
conftest.c:10:0: note: this is the location of the previous definition
 #define PACKAGE gaw
 ^
conftest.c:12:0: warning: "VERSION" redefined [enabled by default]
 #define VERSION "20141027"
 ^
conftest.c:9:0: note: this is the location of the previous definition
 #define VERSION "1.0"
 ^
configure:5190: $? = 0
configure:5190: result: yes
configure:5190: checking for strcasecmp
configure:5190: gcc -o conftest -g -O2   conftest.c  >&5
conftest.c:10:0: warning: "PACKAGE" redefined [enabled by default]
 #define PACKAGE gaw
 ^
conftest.c:8:0: note: this is the location of the previous definition
 #define PACKAGE "gaw3"
 ^
conftest.c:11:0: warning: "PACKAGE" redefined [enabled by default]
 #define PACKAGE "gaw3"
 ^
conftest.c:10:0: note: this is the location of the previous definition
 #define PACKAGE gaw
 ^
conftest.c:12:0: warning: "VERSION" redefined [enabled by default]
 #define VERSION "20141027"
 ^
conftest.c:9:0: note: this is the location of the previous definition
 #define VERSION "1.0"
 ^
conftest.c:60:6: warning: conflicting types for built-in function 'strcasecmp' [enabled by default]
 char strcasecmp ();
      ^
configure:5190: $? = 0
configure:5190: result: yes
configure:5190: checking for strchr
configure:5190: gcc -o conftest -g -O2   conftest.c  >&5
conftest.c:10:0: warning: "PACKAGE" redefined [enabled by default]
 #define PACKAGE gaw
 ^
conftest.c:8:0: note: this is the location of the previous definition
 #define PACKAGE "gaw3"
 ^
conftest.c:11:0: warning: "PACKAGE" redefined [enabled by default]
 #define PACKAGE "gaw3"
 ^
conftest.c:10:0: note: this is the location of the previous definition
 #define PACKAGE gaw
 ^
conftest.c:12:0: warning: "VERSION" redefined [enabled by default]
 #define VERSION "20141027"
 ^
conftest.c:9:0: note: this is the location of the previous definition
 #define VERSION "1.0"
 ^
conftest.c:61:6: warning: conflicting types for built-in function 'strchr' [enabled by default]
 char strchr ();
      ^
configure:5190: $? = 0
configure:5190: result: yes
configure:5190: checking for strcspn
configure:5190: gcc -o conftest -g -O2   conftest.c  >&5
conftest.c:10:0: warning: "PACKAGE" redefined [enabled by default]
 #define PACKAGE gaw
 ^
conftest.c:8:0: note: this is the location of the previous definition
 #define PACKAGE "gaw3"
 ^
conftest.c:11:0: warning: "PACKAGE" redefined [enabled by default]
 #define PACKAGE "gaw3"
 ^
conftest.c:10:0: note: this is the location of the previous definition
 #define PACKAGE gaw
 ^
conftest.c:12:0: warning: "VERSION" redefined [enabled by default]
 #define VERSION "20141027"
 ^
conftest.c:9:0: note: this is the location of the previous definition
 #define VERSION "1.0"
 ^
conftest.c:62:6: warning: conflicting types for built-in function 'strcspn' [enabled by default]
 char strcspn ();
      ^
configure:5190: $? = 0
configure:5190: result: yes
configure:5190: checking for strdup
configure:5190: gcc -o conftest -g -O2   conftest.c  >&5
conftest.c:10:0: warning: "PACKAGE" redefined [enabled by default]
 #define PACKAGE gaw
 ^
conftest.c:8:0: note: this is the location of the previous definition
 #define PACKAGE "gaw3"
 ^
conftest.c:11:0: warning: "PACKAGE" redefined [enabled by default]
 #define PACKAGE "gaw3"
 ^
conftest.c:10:0: note: this is the location of the previous definition
 #define PACKAGE gaw
 ^
conftest.c:12:0: warning: "VERSION" redefined [enabled by default]
 #define VERSION "20141027"
 ^
conftest.c:9:0: note: this is the location of the previous definition
 #define VERSION "1.0"
 ^
conftest.c:63:6: warning: conflicting types for built-in function 'strdup' [enabled by default]
 char strdup ();
      ^
configure:5190: $? = 0
configure:5190: result: yes
configure:5190: checking for strerror
configure:5190: gcc -o conftest -g -O2   conftest.c  >&5
conftest.c:10:0: warning: "PACKAGE" redefined [enabled by default]
 #define PACKAGE gaw
 ^
conftest.c:8:0: note: this is the location of the previous definition
 #define PACKAGE "gaw3"
 ^
conftest.c:11:0: warning: "PACKAGE" redefined [enabled by default]
 #define PACKAGE "gaw3"
 ^
conftest.c:10:0: note: this is the location of the previous definition
 #define PACKAGE gaw
 ^
conftest.c:12:0: warning: "VERSION" redefined [enabled by default]
 #define VERSION "20141027"
 ^
conftest.c:9:0: note: this is the location of the previous definition
 #define VERSION "1.0"
 ^
configure:5190: $? = 0
configure:5190: result: yes
configure:5190: checking for strrchr
configure:5190: gcc -o conftest -g -O2   conftest.c  >&5
conftest.c:10:0: warning: "PACKAGE" redefined [enabled by default]
 #define PACKAGE gaw
 ^
conftest.c:8:0: note: this is the location of the previous definition
 #define PACKAGE "gaw3"
 ^
conftest.c:11:0: warning: "PACKAGE" redefined [enabled by default]
 #define PACKAGE "gaw3"
 ^
conftest.c:10:0: note: this is the location of the previous definition
 #define PACKAGE gaw
 ^
conftest.c:12:0: warning: "VERSION" redefined [enabled by default]
 #define VERSION "20141027"
 ^
conftest.c:9:0: note: this is the location of the previous definition
 #define VERSION "1.0"
 ^
conftest.c:65:6: warning: conflicting types for built-in function 'strrchr' [enabled by default]
 char strrchr ();
      ^
configure:5190: $? = 0
configure:5190: result: yes
configure:5190: checking for strspn
configure:5190: gcc -o conftest -g -O2   conftest.c  >&5
conftest.c:10:0: warning: "PACKAGE" redefined [enabled by default]
 #define PACKAGE gaw
 ^
conftest.c:8:0: note: this is the location of the previous definition
 #define PACKAGE "gaw3"
 ^
conftest.c:11:0: warning: "PACKAGE" redefined [enabled by default]
 #define PACKAGE "gaw3"
 ^
conftest.c:10:0: note: this is the location of the previous definition
 #define PACKAGE gaw
 ^
conftest.c:12:0: warning: "VERSION" redefined [enabled by default]
 #define VERSION "20141027"
 ^
conftest.c:9:0: note: this is the location of the previous definition
 #define VERSION "1.0"
 ^
conftest.c:66:6: warning: conflicting types for built-in function 'strspn' [enabled by default]
 char strspn ();
      ^
configure:5190: $? = 0
configure:5190: result: yes
configure:5190: checking for strstr
configure:5190: gcc -o conftest -g -O2   conftest.c  >&5
conftest.c:10:0: warning: "PACKAGE" redefined [enabled by default]
 #define PACKAGE gaw
 ^
conftest.c:8:0: note: this is the location of the previous definition
 #define PACKAGE "gaw3"
 ^
conftest.c:11:0: warning: "PACKAGE" redefined [enabled by default]
 #define PACKAGE "gaw3"
 ^
conftest.c:10:0: note: this is the location of the previous definition
 #define PACKAGE gaw
 ^
conftest.c:12:0: warning: "VERSION" redefined [enabled by default]
 #define VERSION "20141027"
 ^
conftest.c:9:0: note: this is the location of the previous definition
 #define VERSION "1.0"
 ^
conftest.c:67:6: warning: conflicting types for built-in function 'strstr' [enabled by default]
 char strstr ();
      ^
configure:5190: $? = 0
configure:5190: result: yes
configure:5205: checking for pkg-config
configure:5223: found /usr/bin/pkg-config
configure:5236: result: /usr/bin/pkg-config
configure:5252: checking byteswap.h usability
configure:5252: gcc -c -g -O2  conftest.c >&5
conftest.c:10:0: warning: "PACKAGE" redefined [enabled by default]
 #define PACKAGE gaw
 ^
conftest.c:8:0: note: this is the location of the previous definition
 #define PACKAGE "gaw3"
 ^
conftest.c:11:0: warning: "PACKAGE" redefined [enabled by default]
 #define PACKAGE "gaw3"
 ^
conftest.c:10:0: note: this is the location of the previous definition
 #define PACKAGE gaw
 ^
conftest.c:12:0: warning: "VERSION" redefined [enabled by default]
 #define VERSION "20141027"
 ^
conftest.c:9:0: note: this is the location of the previous definition
 #define VERSION "1.0"
 ^
configure:5252: $? = 0
configure:5252: result: yes
configure:5252: checking byteswap.h presence
configure:5252: gcc -E  conftest.c
conftest.c:10:0: warning: "PACKAGE" redefined [enabled by default]
 #define PACKAGE gaw
 ^
conftest.c:8:0: note: this is the location of the previous definition
 #define PACKAGE "gaw3"
 ^
conftest.c:11:0: warning: "PACKAGE" redefined [enabled by default]
 #define PACKAGE "gaw3"
 ^
conftest.c:10:0: note: this is the location of the previous definition
 #define PACKAGE gaw
 ^
conftest.c:12:0: warning: "VERSION" redefined [enabled by default]
 #define VERSION "20141027"
 ^
conftest.c:9:0: note: this is the location of the previous definition
 #define VERSION "1.0"
 ^
configure:5252: $? = 0
configure:5252: result: yes
configure:5252: checking for byteswap.h
configure:5252: result: yes
configure:5264: checking endian.h usability
configure:5264: gcc -c -g -O2  conftest.c >&5
conftest.c:10:0: warning: "PACKAGE" redefined [enabled by default]
 #define PACKAGE gaw
 ^
conftest.c:8:0: note: this is the location of the previous definition
 #define PACKAGE "gaw3"
 ^
conftest.c:11:0: warning: "PACKAGE" redefined [enabled by default]
 #define PACKAGE "gaw3"
 ^
conftest.c:10:0: note: this is the location of the previous definition
 #define PACKAGE gaw
 ^
conftest.c:12:0: warning: "VERSION" redefined [enabled by default]
 #define VERSION "20141027"
 ^
conftest.c:9:0: note: this is the location of the previous definition
 #define VERSION "1.0"
 ^
configure:5264: $? = 0
configure:5264: result: yes
configure:5264: checking endian.h presence
configure:5264: gcc -E  conftest.c
conftest.c:10:0: warning: "PACKAGE" redefined [enabled by default]
 #define PACKAGE gaw
 ^
conftest.c:8:0: note: this is the location of the previous definition
 #define PACKAGE "gaw3"
 ^
conftest.c:11:0: warning: "PACKAGE" redefined [enabled by default]
 #define PACKAGE "gaw3"
 ^
conftest.c:10:0: note: this is the location of the previous definition
 #define PACKAGE gaw
 ^
conftest.c:12:0: warning: "VERSION" redefined [enabled by default]
 #define VERSION "20141027"
 ^
conftest.c:9:0: note: this is the location of the previous definition
 #define VERSION "1.0"
 ^
configure:5264: $? = 0
configure:5264: result: yes
configure:5264: checking for endian.h
configure:5264: result: yes
configure:5276: checking libkern/OSByteOrder.h usability
configure:5276: gcc -c -g -O2  conftest.c >&5
conftest.c:10:0: warning: "PACKAGE" redefined [enabled by default]
 #define PACKAGE gaw
 ^
conftest.c:8:0: note: this is the location of the previous definition
 #define PACKAGE "gaw3"
 ^
conftest.c:11:0: warning: "PACKAGE" redefined [enabled by default]
 #define PACKAGE "gaw3"
 ^
conftest.c:10:0: note: this is the location of the previous definition
 #define PACKAGE gaw
 ^
conftest.c:12:0: warning: "VERSION" redefined [enabled by default]
 #define VERSION "20141027"
 ^
conftest.c:9:0: note: this is the location of the previous definition
 #define VERSION "1.0"
 ^
conftest.c:80:33: fatal error: libkern/OSByteOrder.h: No such file or directory
 #include <libkern/OSByteOrder.h>
                                 ^
compilation terminated.
configure:5276: $? = 1
configure: failed program was:
| /* confdefs.h */
| #define PACKAGE_NAME "gaw3"
| #define PACKAGE_TARNAME "gaw3"
| #define PACKAGE_VERSION "1.0"
| #define PACKAGE_STRING "gaw3 1.0"
| #define PACKAGE_BUGREPORT "www.rvq.fr"
| #define PACKAGE_URL ""
| #define PACKAGE "gaw3"
| #define VERSION "1.0"
| #define PACKAGE gaw
| #define PACKAGE "gaw3"
| #define VERSION "20141027"
| #define STDC_HEADERS 1
| #define HAVE_SYS_TYPES_H 1
| #define HAVE_SYS_STAT_H 1
| #define HAVE_STDLIB_H 1
| #define HAVE_STRING_H 1
| #define HAVE_MEMORY_H 1
| #define HAVE_STRINGS_H 1
| #define HAVE_INTTYPES_H 1
| #define HAVE_STDINT_H 1
| #define HAVE_UNISTD_H 1
| #define HAVE_FCNTL_H 1
| #define HAVE_FLOAT_H 1
| #define HAVE_STDLIB_H 1
| #define HAVE_STRING_H 1
| #define HAVE_UNISTD_H 1
| #define _FILE_OFFSET_BITS 64
| #define HAVE_STDLIB_H 1
| #define HAVE_MALLOC 1
| #define LSTAT_FOLLOWS_SLASHED_SYMLINK 1
| #define HAVE_VPRINTF 1
| #define HAVE_FSEEKO 1
| #define HAVE_MKDIR 1
| #define HAVE_REGCOMP 1
| #define HAVE_STRCASECMP 1
| #define HAVE_STRCHR 1
| #define HAVE_STRCSPN 1
| #define HAVE_STRDUP 1
| #define HAVE_STRERROR 1
| #define HAVE_STRRCHR 1
| #define HAVE_STRSPN 1
| #define HAVE_STRSTR 1
| #define HAVE_BYTESWAP_H 1
| #define HAVE_ENDIAN_H 1
| /* end confdefs.h.  */
| #include <stdio.h>
| #ifdef HAVE_SYS_TYPES_H
| # include <sys/types.h>
| #endif
| #ifdef HAVE_SYS_STAT_H
| # include <sys/stat.h>
| #endif
| #ifdef STDC_HEADERS
| # include <stdlib.h>
| # include <stddef.h>
| #else
| # ifdef HAVE_STDLIB_H
| #  include <stdlib.h>
| # endif
| #endif
| #ifdef HAVE_STRING_H
| # if !defined STDC_HEADERS && defined HAVE_MEMORY_H
| #  include <memory.h>
| # endif
| # include <string.h>
| #endif
| #ifdef HAVE_STRINGS_H
| # include <strings.h>
| #endif
| #ifdef HAVE_INTTYPES_H
| # include <inttypes.h>
| #endif
| #ifdef HAVE_STDINT_H
| # include <stdint.h>
| #endif
| #ifdef HAVE_UNISTD_H
| # include <unistd.h>
| #endif
| #include <libkern/OSByteOrder.h>
configure:5276: result: no
configure:5276: checking libkern/OSByteOrder.h presence
configure:5276: gcc -E  conftest.c
conftest.c:10:0: warning: "PACKAGE" redefined [enabled by default]
 #define PACKAGE gaw
 ^
conftest.c:8:0: note: this is the location of the previous definition
 #define PACKAGE "gaw3"
 ^
conftest.c:11:0: warning: "PACKAGE" redefined [enabled by default]
 #define PACKAGE "gaw3"
 ^
conftest.c:10:0: note: this is the location of the previous definition
 #define PACKAGE gaw
 ^
conftest.c:12:0: warning: "VERSION" redefined [enabled by default]
 #define VERSION "20141027"
 ^
conftest.c:9:0: note: this is the location of the previous definition
 #define VERSION "1.0"
 ^
conftest.c:47:33: fatal error: libkern/OSByteOrder.h: No such file or directory
 #include <libkern/OSByteOrder.h>
                                 ^
compilation terminated.
configure:5276: $? = 1
configure: failed program was:
| /* confdefs.h */
| #define PACKAGE_NAME "gaw3"
| #define PACKAGE_TARNAME "gaw3"
| #define PACKAGE_VERSION "1.0"
| #define PACKAGE_STRING "gaw3 1.0"
| #define PACKAGE_BUGREPORT "www.rvq.fr"
| #define PACKAGE_URL ""
| #define PACKAGE "gaw3"
| #define VERSION "1.0"
| #define PACKAGE gaw
| #define PACKAGE "gaw3"
| #define VERSION "20141027"
| #define STDC_HEADERS 1
| #define HAVE_SYS_TYPES_H 1
| #define HAVE_SYS_STAT_H 1
| #define HAVE_STDLIB_H 1
| #define HAVE_STRING_H 1
| #define HAVE_MEMORY_H 1
| #define HAVE_STRINGS_H 1
| #define HAVE_INTTYPES_H 1
| #define HAVE_STDINT_H 1
| #define HAVE_UNISTD_H 1
| #define HAVE_FCNTL_H 1
| #define HAVE_FLOAT_H 1
| #define HAVE_STDLIB_H 1
| #define HAVE_STRING_H 1
| #define HAVE_UNISTD_H 1
| #define _FILE_OFFSET_BITS 64
| #define HAVE_STDLIB_H 1
| #define HAVE_MALLOC 1
| #define LSTAT_FOLLOWS_SLASHED_SYMLINK 1
| #define HAVE_VPRINTF 1
| #define HAVE_FSEEKO 1
| #define HAVE_MKDIR 1
| #define HAVE_REGCOMP 1
| #define HAVE_STRCASECMP 1
| #define HAVE_STRCHR 1
| #define HAVE_STRCSPN 1
| #define HAVE_STRDUP 1
| #define HAVE_STRERROR 1
| #define HAVE_STRRCHR 1
| #define HAVE_STRSPN 1
| #define HAVE_STRSTR 1
| #define HAVE_BYTESWAP_H 1
| #define HAVE_ENDIAN_H 1
| /* end confdefs.h.  */
| #include <libkern/OSByteOrder.h>
configure:5276: result: no
configure:5276: checking for libkern/OSByteOrder.h
configure:5276: result: no
configure:5288: checking sys/endian.h usability
configure:5288: gcc -c -g -O2  conftest.c >&5
conftest.c:10:0: warning: "PACKAGE" redefined [enabled by default]
 #define PACKAGE gaw
 ^
conftest.c:8:0: note: this is the location of the previous definition
 #define PACKAGE "gaw3"
 ^
conftest.c:11:0: warning: "PACKAGE" redefined [enabled by default]
 #define PACKAGE "gaw3"
 ^
conftest.c:10:0: note: this is the location of the previous definition
 #define PACKAGE gaw
 ^
conftest.c:12:0: warning: "VERSION" redefined [enabled by default]
 #define VERSION "20141027"
 ^
conftest.c:9:0: note: this is the location of the previous definition
 #define VERSION "1.0"
 ^
conftest.c:80:24: fatal error: sys/endian.h: No such file or directory
 #include <sys/endian.h>
                        ^
compilation terminated.
configure:5288: $? = 1
configure: failed program was:
| /* confdefs.h */
| #define PACKAGE_NAME "gaw3"
| #define PACKAGE_TARNAME "gaw3"
| #define PACKAGE_VERSION "1.0"
| #define PACKAGE_STRING "gaw3 1.0"
| #define PACKAGE_BUGREPORT "www.rvq.fr"
| #define PACKAGE_URL ""
| #define PACKAGE "gaw3"
| #define VERSION "1.0"
| #define PACKAGE gaw
| #define PACKAGE "gaw3"
| #define VERSION "20141027"
| #define STDC_HEADERS 1
| #define HAVE_SYS_TYPES_H 1
| #define HAVE_SYS_STAT_H 1
| #define HAVE_STDLIB_H 1
| #define HAVE_STRING_H 1
| #define HAVE_MEMORY_H 1
| #define HAVE_STRINGS_H 1
| #define HAVE_INTTYPES_H 1
| #define HAVE_STDINT_H 1
| #define HAVE_UNISTD_H 1
| #define HAVE_FCNTL_H 1
| #define HAVE_FLOAT_H 1
| #define HAVE_STDLIB_H 1
| #define HAVE_STRING_H 1
| #define HAVE_UNISTD_H 1
| #define _FILE_OFFSET_BITS 64
| #define HAVE_STDLIB_H 1
| #define HAVE_MALLOC 1
| #define LSTAT_FOLLOWS_SLASHED_SYMLINK 1
| #define HAVE_VPRINTF 1
| #define HAVE_FSEEKO 1
| #define HAVE_MKDIR 1
| #define HAVE_REGCOMP 1
| #define HAVE_STRCASECMP 1
| #define HAVE_STRCHR 1
| #define HAVE_STRCSPN 1
| #define HAVE_STRDUP 1
| #define HAVE_STRERROR 1
| #define HAVE_STRRCHR 1
| #define HAVE_STRSPN 1
| #define HAVE_STRSTR 1
| #define HAVE_BYTESWAP_H 1
| #define HAVE_ENDIAN_H 1
| /* end confdefs.h.  */
| #include <stdio.h>
| #ifdef HAVE_SYS_TYPES_H
| # include <sys/types.h>
| #endif
| #ifdef HAVE_SYS_STAT_H
| # include <sys/stat.h>
| #endif
| #ifdef STDC_HEADERS
| # include <stdlib.h>
| # include <stddef.h>
| #else
| # ifdef HAVE_STDLIB_H
| #  include <stdlib.h>
| # endif
| #endif
| #ifdef HAVE_STRING_H
| # if !defined STDC_HEADERS && defined HAVE_MEMORY_H
| #  include <memory.h>
| # endif
| # include <string.h>
| #endif
| #ifdef HAVE_STRINGS_H
| # include <strings.h>
| #endif
| #ifdef HAVE_INTTYPES_H
| # include <inttypes.h>
| #endif
| #ifdef HAVE_STDINT_H
| # include <stdint.h>
| #endif
| #ifdef HAVE_UNISTD_H
| # include <unistd.h>
| #endif
| #include <sys/endian.h>
configure:5288: result: no
configure:5288: checking sys/endian.h presence
configure:5288: gcc -E  conftest.c
conftest.c:10:0: warning: "PACKAGE" redefined [enabled by default]
 #define PACKAGE gaw
 ^
conftest.c:8:0: note: this is the location of the previous definition
 #define PACKAGE "gaw3"
 ^
conftest.c:11:0: warning: "PACKAGE" redefined [enabled by default]
 #define PACKAGE "gaw3"
 ^
conftest.c:10:0: note: this is the location of the previous definition
 #define PACKAGE gaw
 ^
conftest.c:12:0: warning: "VERSION" redefined [enabled by default]
 #define VERSION "20141027"
 ^
conftest.c:9:0: note: this is the location of the previous definition
 #define VERSION "1.0"
 ^
conftest.c:47:24: fatal error: sys/endian.h: No such file or directory
 #include <sys/endian.h>
                        ^
compilation terminated.
configure:5288: $? = 1
configure: failed program was:
| /* confdefs.h */
| #define PACKAGE_NAME "gaw3"
| #define PACKAGE_TARNAME "gaw3"
| #define PACKAGE_VERSION "1.0"
| #define PACKAGE_STRING "gaw3 1.0"
| #define PACKAGE_BUGREPORT "www.rvq.fr"
| #define PACKAGE_URL ""
| #define PACKAGE "gaw3"
| #define VERSION "1.0"
| #define PACKAGE gaw
| #define PACKAGE "gaw3"
| #define VERSION "20141027"
| #define STDC_HEADERS 1
| #define HAVE_SYS_TYPES_H 1
| #define HAVE_SYS_STAT_H 1
| #define HAVE_STDLIB_H 1
| #define HAVE_STRING_H 1
| #define HAVE_MEMORY_H 1
| #define HAVE_STRINGS_H 1
| #define HAVE_INTTYPES_H 1
| #define HAVE_STDINT_H 1
| #define HAVE_UNISTD_H 1
| #define HAVE_FCNTL_H 1
| #define HAVE_FLOAT_H 1
| #define HAVE_STDLIB_H 1
| #define HAVE_STRING_H 1
| #define HAVE_UNISTD_H 1
| #define _FILE_OFFSET_BITS 64
| #define HAVE_STDLIB_H 1
| #define HAVE_MALLOC 1
| #define LSTAT_FOLLOWS_SLASHED_SYMLINK 1
| #define HAVE_VPRINTF 1
| #define HAVE_FSEEKO 1
| #define HAVE_MKDIR 1
| #define HAVE_REGCOMP 1
| #define HAVE_STRCASECMP 1
| #define HAVE_STRCHR 1
| #define HAVE_STRCSPN 1
| #define HAVE_STRDUP 1
| #define HAVE_STRERROR 1
| #define HAVE_STRRCHR 1
| #define HAVE_STRSPN 1
| #define HAVE_STRSTR 1
| #define HAVE_BYTESWAP_H 1
| #define HAVE_ENDIAN_H 1
| /* end confdefs.h.  */
| #include <sys/endian.h>
configure:5288: result: no
configure:5288: checking for sys/endian.h
configure:5288: result: no
configure:5318: checking whether NLS is requested
configure:5327: result: yes
configure:5368: checking for msgfmt
configure: trying /usr/bin/msgfmt...
0 translated messages.
configure:5400: result: /usr/bin/msgfmt
configure:5409: checking for gmsgfmt
configure:5440: result: /usr/bin/msgfmt
configure:5491: checking for xgettext
configure: trying /usr/bin/xgettext...
/usr/bin/xgettext: warning: file '/dev/null' extension '' is unknown; will try C
configure:5523: result: /usr/bin/xgettext
configure:5569: checking for msgmerge
configure: trying /usr/bin/msgmerge...
configure:5600: result: /usr/bin/msgmerge
configure:5637: checking build system type
configure:5651: result: i686-pc-linux-gnu
configure:5671: checking host system type
configure:5684: result: i686-pc-linux-gnu
configure:5728: checking for ld used by GCC
configure:5792: result: /usr/bin/ld
configure:5799: checking if the linker (/usr/bin/ld) is GNU ld
configure:5812: result: yes
configure:5819: checking for shared library run path origin
configure:5832: result: done
configure:6404: checking for CFPreferencesCopyAppValue
configure:6422: gcc -o conftest -g -O2   conftest.c  -Wl,-framework -Wl,CoreFoundation >&5
conftest.c:10:0: warning: "PACKAGE" redefined [enabled by default]
 #define PACKAGE gaw
 ^
conftest.c:8:0: note: this is the location of the previous definition
 #define PACKAGE "gaw3"
 ^
conftest.c:11:0: warning: "PACKAGE" redefined [enabled by default]
 #define PACKAGE "gaw3"
 ^
conftest.c:10:0: note: this is the location of the previous definition
 #define PACKAGE gaw
 ^
conftest.c:12:0: warning: "VERSION" redefined [enabled by default]
 #define VERSION "20141027"
 ^
conftest.c:9:0: note: this is the location of the previous definition
 #define VERSION "1.0"
 ^
conftest.c:48:42: fatal error: CoreFoundation/CFPreferences.h: No such file or directory
 #include <CoreFoundation/CFPreferences.h>
                                          ^
compilation terminated.
configure:6422: $? = 1
configure: failed program was:
| /* confdefs.h */
| #define PACKAGE_NAME "gaw3"
| #define PACKAGE_TARNAME "gaw3"
| #define PACKAGE_VERSION "1.0"
| #define PACKAGE_STRING "gaw3 1.0"
| #define PACKAGE_BUGREPORT "www.rvq.fr"
| #define PACKAGE_URL ""
| #define PACKAGE "gaw3"
| #define VERSION "1.0"
| #define PACKAGE gaw
| #define PACKAGE "gaw3"
| #define VERSION "20141027"
| #define STDC_HEADERS 1
| #define HAVE_SYS_TYPES_H 1
| #define HAVE_SYS_STAT_H 1
| #define HAVE_STDLIB_H 1
| #define HAVE_STRING_H 1
| #define HAVE_MEMORY_H 1
| #define HAVE_STRINGS_H 1
| #define HAVE_INTTYPES_H 1
| #define HAVE_STDINT_H 1
| #define HAVE_UNISTD_H 1
| #define HAVE_FCNTL_H 1
| #define HAVE_FLOAT_H 1
| #define HAVE_STDLIB_H 1
| #define HAVE_STRING_H 1
| #define HAVE_UNISTD_H 1
| #define _FILE_OFFSET_BITS 64
| #define HAVE_STDLIB_H 1
| #define HAVE_MALLOC 1
| #define LSTAT_FOLLOWS_SLASHED_SYMLINK 1
| #define HAVE_VPRINTF 1
| #define HAVE_FSEEKO 1
| #define HAVE_MKDIR 1
| #define HAVE_REGCOMP 1
| #define HAVE_STRCASECMP 1
| #define HAVE_STRCHR 1
| #define HAVE_STRCSPN 1
| #define HAVE_STRDUP 1
| #define HAVE_STRERROR 1
| #define HAVE_STRRCHR 1
| #define HAVE_STRSPN 1
| #define HAVE_STRSTR 1
| #define HAVE_BYTESWAP_H 1
| #define HAVE_ENDIAN_H 1
| #define GETTEXT_PACKAGE "gaw3"
| /* end confdefs.h.  */
| #include <CoreFoundation/CFPreferences.h>
| int
| main ()
| {
| CFPreferencesCopyAppValue(NULL, NULL)
|   ;
|   return 0;
| }
configure:6431: result: no
configure:6438: checking for CFLocaleCopyCurrent
configure:6456: gcc -o conftest -g -O2   conftest.c  -Wl,-framework -Wl,CoreFoundation >&5
conftest.c:10:0: warning: "PACKAGE" redefined [enabled by default]
 #define PACKAGE gaw
 ^
conftest.c:8:0: note: this is the location of the previous definition
 #define PACKAGE "gaw3"
 ^
conftest.c:11:0: warning: "PACKAGE" redefined [enabled by default]
 #define PACKAGE "gaw3"
 ^
conftest.c:10:0: note: this is the location of the previous definition
 #define PACKAGE gaw
 ^
conftest.c:12:0: warning: "VERSION" redefined [enabled by default]
 #define VERSION "20141027"
 ^
conftest.c:9:0: note: this is the location of the previous definition
 #define VERSION "1.0"
 ^
conftest.c:48:37: fatal error: CoreFoundation/CFLocale.h: No such file or directory
 #include <CoreFoundation/CFLocale.h>
                                     ^
compilation terminated.
configure:6456: $? = 1
configure: failed program was:
| /* confdefs.h */
| #define PACKAGE_NAME "gaw3"
| #define PACKAGE_TARNAME "gaw3"
| #define PACKAGE_VERSION "1.0"
| #define PACKAGE_STRING "gaw3 1.0"
| #define PACKAGE_BUGREPORT "www.rvq.fr"
| #define PACKAGE_URL ""
| #define PACKAGE "gaw3"
| #define VERSION "1.0"
| #define PACKAGE gaw
| #define PACKAGE "gaw3"
| #define VERSION "20141027"
| #define STDC_HEADERS 1
| #define HAVE_SYS_TYPES_H 1
| #define HAVE_SYS_STAT_H 1
| #define HAVE_STDLIB_H 1
| #define HAVE_STRING_H 1
| #define HAVE_MEMORY_H 1
| #define HAVE_STRINGS_H 1
| #define HAVE_INTTYPES_H 1
| #define HAVE_STDINT_H 1
| #define HAVE_UNISTD_H 1
| #define HAVE_FCNTL_H 1
| #define HAVE_FLOAT_H 1
| #define HAVE_STDLIB_H 1
| #define HAVE_STRING_H 1
| #define HAVE_UNISTD_H 1
| #define _FILE_OFFSET_BITS 64
| #define HAVE_STDLIB_H 1
| #define HAVE_MALLOC 1
| #define LSTAT_FOLLOWS_SLASHED_SYMLINK 1
| #define HAVE_VPRINTF 1
| #define HAVE_FSEEKO 1
| #define HAVE_MKDIR 1
| #define HAVE_REGCOMP 1
| #define HAVE_STRCASECMP 1
| #define HAVE_STRCHR 1
| #define HAVE_STRCSPN 1
| #define HAVE_STRDUP 1
| #define HAVE_STRERROR 1
| #define HAVE_STRRCHR 1
| #define HAVE_STRSPN 1
| #define HAVE_STRSTR 1
| #define HAVE_BYTESWAP_H 1
| #define HAVE_ENDIAN_H 1
| #define GETTEXT_PACKAGE "gaw3"
| /* end confdefs.h.  */
| #include <CoreFoundation/CFLocale.h>
| int
| main ()
| {
| CFLocaleCopyCurrent();
|   ;
|   return 0;
| }
configure:6465: result: no
configure:6514: checking for GNU gettext in libc
configure:6534: gcc -o conftest -g -O2   conftest.c  >&5
conftest.c:10:0: warning: "PACKAGE" redefined [enabled by default]
 #define PACKAGE gaw
 ^
conftest.c:8:0: note: this is the location of the previous definition
 #define PACKAGE "gaw3"
 ^
conftest.c:11:0: warning: "PACKAGE" redefined [enabled by default]
 #define PACKAGE "gaw3"
 ^
conftest.c:10:0: note: this is the location of the previous definition
 #define PACKAGE gaw
 ^
conftest.c:12:0: warning: "VERSION" redefined [enabled by default]
 #define VERSION "20141027"
 ^
conftest.c:9:0: note: this is the location of the previous definition
 #define VERSION "1.0"
 ^
configure:6534: $? = 0
configure:6543: result: yes
configure:7334: checking whether to use NLS
configure:7336: result: yes
configure:7339: checking where the gettext function comes from
configure:7350: result: libc
configure:7425: checking for alsa/pcm.h
configure:7425: gcc -c -g -O2  conftest.c >&5
conftest.c:10:0: warning: "PACKAGE" redefined [enabled by default]
 #define PACKAGE gaw
 ^
conftest.c:8:0: note: this is the location of the previous definition
 #define PACKAGE "gaw3"
 ^
conftest.c:11:0: warning: "PACKAGE" redefined [enabled by default]
 #define PACKAGE "gaw3"
 ^
conftest.c:10:0: note: this is the location of the previous definition
 #define PACKAGE gaw
 ^
conftest.c:12:0: warning: "VERSION" redefined [enabled by default]
 #define VERSION "20141027"
 ^
conftest.c:9:0: note: this is the location of the previous definition
 #define VERSION "1.0"
 ^
conftest.c:52:28: fatal error: alsa/asoundlib.h: No such file or directory
 #include <alsa/asoundlib.h>
                            ^
compilation terminated.
configure:7425: $? = 1
configure: failed program was:
| /* confdefs.h */
| #define PACKAGE_NAME "gaw3"
| #define PACKAGE_TARNAME "gaw3"
| #define PACKAGE_VERSION "1.0"
| #define PACKAGE_STRING "gaw3 1.0"
| #define PACKAGE_BUGREPORT "www.rvq.fr"
| #define PACKAGE_URL ""
| #define PACKAGE "gaw3"
| #define VERSION "1.0"
| #define PACKAGE gaw
| #define PACKAGE "gaw3"
| #define VERSION "20141027"
| #define STDC_HEADERS 1
| #define HAVE_SYS_TYPES_H 1
| #define HAVE_SYS_STAT_H 1
| #define HAVE_STDLIB_H 1
| #define HAVE_STRING_H 1
| #define HAVE_MEMORY_H 1
| #define HAVE_STRINGS_H 1
| #define HAVE_INTTYPES_H 1
| #define HAVE_STDINT_H 1
| #define HAVE_UNISTD_H 1
| #define HAVE_FCNTL_H 1
| #define HAVE_FLOAT_H 1
| #define HAVE_STDLIB_H 1
| #define HAVE_STRING_H 1
| #define HAVE_UNISTD_H 1
| #define _FILE_OFFSET_BITS 64
| #define HAVE_STDLIB_H 1
| #define HAVE_MALLOC 1
| #define LSTAT_FOLLOWS_SLASHED_SYMLINK 1
| #define HAVE_VPRINTF 1
| #define HAVE_FSEEKO 1
| #define HAVE_MKDIR 1
| #define HAVE_REGCOMP 1
| #define HAVE_STRCASECMP 1
| #define HAVE_STRCHR 1
| #define HAVE_STRCSPN 1
| #define HAVE_STRDUP 1
| #define HAVE_STRERROR 1
| #define HAVE_STRRCHR 1
| #define HAVE_STRSPN 1
| #define HAVE_STRSTR 1
| #define HAVE_BYTESWAP_H 1
| #define HAVE_ENDIAN_H 1
| #define GETTEXT_PACKAGE "gaw3"
| #define ENABLE_NLS 1
| #define HAVE_GETTEXT 1
| #define HAVE_DCGETTEXT 1
| #define PACKAGE_LOCALE_DIR "/usr/local/share/locale"
| /* end confdefs.h.  */
| #include <alsa/asoundlib.h>
| 
| #include <alsa/pcm.h>
configure:7425: result: no
configure:7440: checking for alsa/mixer.h
configure:7440: gcc -c -g -O2  conftest.c >&5
conftest.c:10:0: warning: "PACKAGE" redefined [enabled by default]
 #define PACKAGE gaw
 ^
conftest.c:8:0: note: this is the location of the previous definition
 #define PACKAGE "gaw3"
 ^
conftest.c:11:0: warning: "PACKAGE" redefined [enabled by default]
 #define PACKAGE "gaw3"
 ^
conftest.c:10:0: note: this is the location of the previous definition
 #define PACKAGE gaw
 ^
conftest.c:12:0: warning: "VERSION" redefined [enabled by default]
 #define VERSION "20141027"
 ^
conftest.c:9:0: note: this is the location of the previous definition
 #define VERSION "1.0"
 ^
conftest.c:52:28: fatal error: alsa/asoundlib.h: No such file or directory
 #include <alsa/asoundlib.h>
                            ^
compilation terminated.
configure:7440: $? = 1
configure: failed program was:
| /* confdefs.h */
| #define PACKAGE_NAME "gaw3"
| #define PACKAGE_TARNAME "gaw3"
| #define PACKAGE_VERSION "1.0"
| #define PACKAGE_STRING "gaw3 1.0"
| #define PACKAGE_BUGREPORT "www.rvq.fr"
| #define PACKAGE_URL ""
| #define PACKAGE "gaw3"
| #define VERSION "1.0"
| #define PACKAGE gaw
| #define PACKAGE "gaw3"
| #define VERSION "20141027"
| #define STDC_HEADERS 1
| #define HAVE_SYS_TYPES_H 1
| #define HAVE_SYS_STAT_H 1
| #define HAVE_STDLIB_H 1
| #define HAVE_STRING_H 1
| #define HAVE_MEMORY_H 1
| #define HAVE_STRINGS_H 1
| #define HAVE_INTTYPES_H 1
| #define HAVE_STDINT_H 1
| #define HAVE_UNISTD_H 1
| #define HAVE_FCNTL_H 1
| #define HAVE_FLOAT_H 1
| #define HAVE_STDLIB_H 1
| #define HAVE_STRING_H 1
| #define HAVE_UNISTD_H 1
| #define _FILE_OFFSET_BITS 64
| #define HAVE_STDLIB_H 1
| #define HAVE_MALLOC 1
| #define LSTAT_FOLLOWS_SLASHED_SYMLINK 1
| #define HAVE_VPRINTF 1
| #define HAVE_FSEEKO 1
| #define HAVE_MKDIR 1
| #define HAVE_REGCOMP 1
| #define HAVE_STRCASECMP 1
| #define HAVE_STRCHR 1
| #define HAVE_STRCSPN 1
| #define HAVE_STRDUP 1
| #define HAVE_STRERROR 1
| #define HAVE_STRRCHR 1
| #define HAVE_STRSPN 1
| #define HAVE_STRSTR 1
| #define HAVE_BYTESWAP_H 1
| #define HAVE_ENDIAN_H 1
| #define GETTEXT_PACKAGE "gaw3"
| #define ENABLE_NLS 1
| #define HAVE_GETTEXT 1
| #define HAVE_DCGETTEXT 1
| #define PACKAGE_LOCALE_DIR "/usr/local/share/locale"
| /* end confdefs.h.  */
| #include <alsa/asoundlib.h>
| 
| #include <alsa/mixer.h>
configure:7440: result: no
configure:7794: checking pkg-config is at least version 0.9.0
configure:7797: result: yes
configure:7807: checking for GTK300
configure:7814: $PKG_CONFIG --exists --print-errors "gtk+-3.0 >= 3.0.0"
configure:7817: $? = 0
configure:7831: $PKG_CONFIG --exists --print-errors "gtk+-3.0 >= 3.0.0"
configure:7834: $? = 0
configure:7872: result: yes
configure:7891: checking for GLIB228
configure:7898: $PKG_CONFIG --exists --print-errors "glib-2.0 >= 2.28.0"
configure:7901: $? = 0
configure:7915: $PKG_CONFIG --exists --print-errors "glib-2.0 >= 2.28.0"
configure:7918: $? = 0
configure:7956: result: yes
configure:8136: checking that generated files are newer than configure
configure:8142: result: done
configure:8169: creating ./config.status

## ---------------------- ##
## Running config.status. ##
## ---------------------- ##

This file was extended by gaw3 config.status 1.0, which was
generated by GNU Autoconf 2.69.  Invocation command line was

  CONFIG_FILES    = 
  CONFIG_HEADERS  = 
  CONFIG_LINKS    = 
  CONFIG_COMMANDS = 
  $ ./config.status 

on z80

config.status:945: creating Makefile
config.status:945: creating src/Makefile
config.status:945: creating lib/Makefile
config.status:945: creating po/Makefile.in
config.status:945: creating config.h
config.status:1174: executing depfiles commands
config.status:1174: executing po-directories commands
configure:9622: result:
** Configuration summary for gaw3 20141027:

   GLIB library version:             2.40.2
   GTK+ library version:             3.10.8
   Alsa version:                     
   data directory:                   /usr/local/share/gaw
   locale directory:                 /usr/local/share/locale


## ---------------- ##
## Cache variables. ##
## ---------------- ##

ac_cv_build=i686-pc-linux-gnu
ac_cv_c_compiler_gnu=yes
ac_cv_c_const=yes
ac_cv_c_inline=inline
ac_cv_env_CC_set=
ac_cv_env_CC_value=
ac_cv_env_CFLAGS_set=
ac_cv_env_CFLAGS_value=
ac_cv_env_CPPFLAGS_set=
ac_cv_env_CPPFLAGS_value=
ac_cv_env_CPP_set=
ac_cv_env_CPP_value=
ac_cv_env_GLIB228_CFLAGS_set=
ac_cv_env_GLIB228_CFLAGS_value=
ac_cv_env_GLIB228_LIBS_set=
ac_cv_env_GLIB228_LIBS_value=
ac_cv_env_GTK300_CFLAGS_set=
ac_cv_env_GTK300_CFLAGS_value=
ac_cv_env_GTK300_LIBS_set=
ac_cv_env_GTK300_LIBS_value=
ac_cv_env_LDFLAGS_set=
ac_cv_env_LDFLAGS_value=
ac_cv_env_LIBS_set=
ac_cv_env_LIBS_value=
ac_cv_env_PKG_CONFIG_LIBDIR_set=
ac_cv_env_PKG_CONFIG_LIBDIR_value=
ac_cv_env_PKG_CONFIG_PATH_set=
ac_cv_env_PKG_CONFIG_PATH_value=
ac_cv_env_PKG_CONFIG_set=
ac_cv_env_PKG_CONFIG_value=
ac_cv_env_build_alias_set=
ac_cv_env_build_alias_value=
ac_cv_env_host_alias_set=
ac_cv_env_host_alias_value=
ac_cv_env_target_alias_set=
ac_cv_env_target_alias_value=
ac_cv_func__doprnt=no
ac_cv_func_lstat_dereferences_slashed_symlink=yes
ac_cv_func_malloc_0_nonnull=yes
ac_cv_func_memcmp_working=yes
ac_cv_func_mkdir=yes
ac_cv_func_pow=no
ac_cv_func_regcomp=yes
ac_cv_func_stat_empty_string_bug=no
ac_cv_func_strcasecmp=yes
ac_cv_func_strchr=yes
ac_cv_func_strcspn=yes
ac_cv_func_strdup=yes
ac_cv_func_strerror=yes
ac_cv_func_strrchr=yes
ac_cv_func_strspn=yes
ac_cv_func_strstr=yes
ac_cv_func_strtod=yes
ac_cv_func_vprintf=yes
ac_cv_header_alsa_mixer_h=no
ac_cv_header_alsa_pcm_h=no
ac_cv_header_byteswap_h=yes
ac_cv_header_endian_h=yes
ac_cv_header_fcntl_h=yes
ac_cv_header_float_h=yes
ac_cv_header_inttypes_h=yes
ac_cv_header_libkern_OSByteOrder_h=no
ac_cv_header_memory_h=yes
ac_cv_header_stdc=yes
ac_cv_header_stdint_h=yes
ac_cv_header_stdlib_h=yes
ac_cv_header_string_h=yes
ac_cv_header_strings_h=yes
ac_cv_header_sys_endian_h=no
ac_cv_header_sys_stat_h=yes
ac_cv_header_sys_types_h=yes
ac_cv_header_unistd_h=yes
ac_cv_host=i686-pc-linux-gnu
ac_cv_objext=o
ac_cv_path_EGREP='/bin/grep -E'
ac_cv_path_GMSGFMT=/usr/bin/msgfmt
ac_cv_path_GREP=/bin/grep
ac_cv_path_MSGFMT=/usr/bin/msgfmt
ac_cv_path_MSGMERGE=/usr/bin/msgmerge
ac_cv_path_PKG_CONFIG=/usr/bin/pkg-config
ac_cv_path_XGETTEXT=/usr/bin/xgettext
ac_cv_path_install='/usr/bin/install -c'
ac_cv_path_mkdir=/bin/mkdir
ac_cv_prog_AWK=gawk
ac_cv_prog_CPP='gcc -E'
ac_cv_prog_ac_ct_CC=gcc
ac_cv_prog_ac_ct_RANLIB=ranlib
ac_cv_prog_cc_c89=
ac_cv_prog_cc_g=yes
ac_cv_prog_make_make_set=yes
ac_cv_struct_tm=time.h
ac_cv_sys_file_offset_bits=64
ac_cv_sys_largefile_CC=no
ac_cv_sys_largefile_source=no
ac_cv_type_size_t=yes
acl_cv_hardcode_direct=no
acl_cv_hardcode_libdir_flag_spec='${wl}-rpath ${wl}$libdir'
acl_cv_hardcode_libdir_separator=
acl_cv_hardcode_minus_L=no
acl_cv_libext=a
acl_cv_libname_spec='lib$name'
acl_cv_library_names_spec='$libname$shrext'
acl_cv_path_LD=/usr/bin/ld
acl_cv_prog_gnu_ld=yes
acl_cv_rpath=done
acl_cv_shlibext=so
acl_cv_wl=-Wl,
am_cv_CC_dependencies_compiler_type=gcc3
am_cv_make_support_nested_variables=yes
gt_cv_func_CFLocaleCopyCurrent=no
gt_cv_func_CFPreferencesCopyAppValue=no
gt_cv_func_gnugettext1_libc=yes
pkg_cv_GLIB228_CFLAGS='-I/usr/include/glib-2.0 -I/usr/lib/i386-linux-gnu/glib-2.0/include  '
pkg_cv_GLIB228_LIBS='-lglib-2.0  '
pkg_cv_GTK300_CFLAGS='-pthread -I/usr/include/gtk-3.0 -I/usr/include/atk-1.0 -I/usr/include/at-spi2-atk/2.0 -I/usr/include/pango-1.0 -I/usr/include/gio-unix-2.0/ -I/usr/include/cairo -I/usr/include/gdk-pixbuf-2.0 -I/usr/include/glib-2.0 -I/usr/lib/i386-linux-gnu/glib-2.0/include -I/usr/include/harfbuzz -I/usr/include/freetype2 -I/usr/include/pixman-1 -I/usr/include/libpng12  '
pkg_cv_GTK300_LIBS='-lgtk-3 -lgdk-3 -latk-1.0 -lgio-2.0 -lpangocairo-1.0 -lgdk_pixbuf-2.0 -lcairo-gobject -lpango-1.0 -lcairo -lgobject-2.0 -lglib-2.0  '

## ----------------- ##
## Output variables. ##
## ----------------- ##

ACLOCAL='aclocal-1.13'
ALSA_CFLAGS=''
ALSA_LIBS=''
AMDEPBACKSLASH='\'
AMDEP_FALSE='#'
AMDEP_TRUE=''
AMTAR='$${TAR-tar}'
AM_BACKSLASH='\'
AM_DEFAULT_V='$(AM_DEFAULT_VERBOSITY)'
AM_DEFAULT_VERBOSITY='1'
AM_V='$(V)'
AUTOCONF='autoconf'
AUTOHEADER='autoheader'
AUTOMAKE='automake-1.13'
AWK='gawk'
CC='gcc'
CCDEPMODE='depmode=gcc3'
CCISGCC_FALSE='#'
CCISGCC_TRUE=''
CFLAGS='-g -O2'
CPP='gcc -E'
CPPFLAGS=''
CYGPATH_W='echo'
DEFS='-DHAVE_CONFIG_H'
DEPDIR='.deps'
ECHO_C=''
ECHO_N='-n'
ECHO_T=''
EGREP='/bin/grep -E'
EXEEXT=''
GAWRCDIR='/usr/local/share/gaw'
GAW_CFLAGS='-pthread -I/usr/include/gtk-3.0 -I/usr/include/atk-1.0 -I/usr/include/at-spi2-atk/2.0 -I/usr/include/pango-1.0 -I/usr/include/gio-unix-2.0/ -I/usr/include/cairo -I/usr/include/gdk-pixbuf-2.0 -I/usr/include/glib-2.0 -I/usr/lib/i386-linux-gnu/glib-2.0/include -I/usr/include/harfbuzz -I/usr/include/freetype2 -I/usr/include/pixman-1 -I/usr/include/libpng12  '
GAW_LDFLAGS='-lgtk-3 -lgdk-3 -latk-1.0 -lgio-2.0 -lpangocairo-1.0 -lgdk_pixbuf-2.0 -lcairo-gobject -lpango-1.0 -lcairo -lgobject-2.0 -lglib-2.0  '
GETTEXT_MACRO_VERSION='0.18'
GETTEXT_PACKAGE='gaw3'
GLIB228_CFLAGS='-I/usr/include/glib-2.0 -I/usr/lib/i386-linux-gnu/glib-2.0/include  '
GLIB228_LIBS='-lglib-2.0  '
GMSGFMT='/usr/bin/msgfmt'
GMSGFMT_015='/usr/bin/msgfmt'
GREP='/bin/grep'
GTK300_CFLAGS='-pthread -I/usr/include/gtk-3.0 -I/usr/include/atk-1.0 -I/usr/include/at-spi2-atk/2.0 -I/usr/include/pango-1.0 -I/usr/include/gio-unix-2.0/ -I/usr/include/cairo -I/usr/include/gdk-pixbuf-2.0 -I/usr/include/glib-2.0 -I/usr/lib/i386-linux-gnu/glib-2.0/include -I/usr/include/harfbuzz -I/usr/include/freetype2 -I/usr/include/pixman-1 -I/usr/include/libpng12  '
GTK300_LIBS='-lgtk-3 -lgdk-3 -latk-1.0 -lgio-2.0 -lpangocairo-1.0 -lgdk_pixbuf-2.0 -lcairo-gobject -lpango-1.0 -lcairo -lgobject-2.0 -lglib-2.0  '
INSTALL_DATA='${INSTALL} -m 644'
INSTALL_PROGRAM='${INSTALL}'
INSTALL_SCRIPT='${INSTALL}'
INSTALL_STRIP_PROGRAM='$(install_sh) -c -s'
INTLLIBS=''
INTL_MACOSX_LIBS=''
LDFLAGS=''
LIBICONV='-liconv'
LIBINTL=''
LIBOBJS=''
LIBS=''
LTLIBICONV='-liconv'
LTLIBINTL=''
LTLIBOBJS=''
MAKEINFO='makeinfo'
MKDIR_P='/bin/mkdir -p'
MSGFMT='/usr/bin/msgfmt'
MSGFMT_015='/usr/bin/msgfmt'
MSGMERGE='/usr/bin/msgmerge'
OBJEXT='o'
PACKAGE='gaw3'
PACKAGE_BUGREPORT='www.rvq.fr'
PACKAGE_NAME='gaw3'
PACKAGE_STRING='gaw3 1.0'
PACKAGE_TARNAME='gaw3'
PACKAGE_URL=''
PACKAGE_VERSION='1.0'
PATH_SEPARATOR=':'
PKG_CONFIG='/usr/bin/pkg-config'
PKG_CONFIG_LIBDIR=''
PKG_CONFIG_PATH=''
POSUB='po'
POW_LIB=''
RANLIB='ranlib'
SET_MAKE=''
SHELL='/bin/bash'
STRIP=''
USE_NLS='yes'
VERSION='20141027'
XGETTEXT='/usr/bin/xgettext'
XGETTEXT_015='/usr/bin/xgettext'
XGETTEXT_EXTRA_OPTIONS=''
ac_ct_CC='gcc'
am__EXEEXT_FALSE=''
am__EXEEXT_TRUE='#'
am__fastdepCC_FALSE='#'
am__fastdepCC_TRUE=''
am__include='include'
am__isrc=''
am__leading_dot='.'
am__nodep='_no'
am__quote=''
am__tar='$${TAR-tar} chof - "$$tardir"'
am__untar='$${TAR-tar} xf -'
bindir='${exec_prefix}/bin'
build='i686-pc-linux-gnu'
build_alias=''
build_cpu='i686'
build_os='linux-gnu'
build_vendor='pc'
datadir='${datarootdir}'
datarootdir='${prefix}/share'
docdir='${datarootdir}/doc/${PACKAGE_TARNAME}'
dvidir='${docdir}'
exec_prefix='${prefix}'
host='i686-pc-linux-gnu'
host_alias=''
host_cpu='i686'
host_os='linux-gnu'
host_vendor='pc'
htmldir='${docdir}'
includedir='${prefix}/include'
infodir='${datarootdir}/info'
install_sh='${SHELL} /home/z80/projects/voltamper.git/_temp/gaw3-20141027/install-sh'
libdir='${exec_prefix}/lib'
libexecdir='${exec_prefix}/libexec'
localedir='${datarootdir}/locale'
localstatedir='${prefix}/var'
mandir='${datarootdir}/man'
mkdir_p='/bin/mkdir -p'
oldincludedir='/usr/include'
pdfdir='${docdir}'
prefix='/usr/local'
program_transform_name='s,x,x,'
psdir='${docdir}'
sbindir='${exec_prefix}/sbin'
sharedstatedir='${prefix}/com'
sysconfdir='${prefix}/etc'
target_alias=''

## ----------- ##
## confdefs.h. ##
## ----------- ##

/* confdefs.h */
#define PACKAGE_NAME "gaw3"
#define PACKAGE_TARNAME "gaw3"
#define PACKAGE_VERSION "1.0"
#define PACKAGE_STRING "gaw3 1.0"
#define PACKAGE_BUGREPORT "www.rvq.fr"
#define PACKAGE_URL ""
#define PACKAGE "gaw3"
#define VERSION "1.0"
#define PACKAGE gaw
#define PACKAGE "gaw3"
#define VERSION "20141027"
#define STDC_HEADERS 1
#define HAVE_SYS_TYPES_H 1
#define HAVE_SYS_STAT_H 1
#define HAVE_STDLIB_H 1
#define HAVE_STRING_H 1
#define HAVE_MEMORY_H 1
#define HAVE_STRINGS_H 1
#define HAVE_INTTYPES_H 1
#define HAVE_STDINT_H 1
#define HAVE_UNISTD_H 1
#define HAVE_FCNTL_H 1
#define HAVE_FLOAT_H 1
#define HAVE_STDLIB_H 1
#define HAVE_STRING_H 1
#define HAVE_UNISTD_H 1
#define _FILE_OFFSET_BITS 64
#define HAVE_STDLIB_H 1
#define HAVE_MALLOC 1
#define LSTAT_FOLLOWS_SLASHED_SYMLINK 1
#define HAVE_VPRINTF 1
#define HAVE_FSEEKO 1
#define HAVE_MKDIR 1
#define HAVE_REGCOMP 1
#define HAVE_STRCASECMP 1
#define HAVE_STRCHR 1
#define HAVE_STRCSPN 1
#define HAVE_STRDUP 1
#define HAVE_STRERROR 1
#define HAVE_STRRCHR 1
#define HAVE_STRSPN 1
#define HAVE_STRSTR 1
#define HAVE_BYTESWAP_H 1
#define HAVE_ENDIAN_H 1
#define GETTEXT_PACKAGE "gaw3"
#define ENABLE_NLS 1
#define HAVE_GETTEXT 1
#define HAVE_DCGETTEXT 1
#define PACKAGE_LOCALE_DIR "/usr/local/share/locale"
#define HAVE_GTK300 1
#define HAVE_GLIB 1
#define GAWDATADIR "/usr/local/share/gaw"
#define VERSION "20141027"
#define GAWRCDIR "/usr/local/share/gaw"

configure: exit 0
