This file contains any messages produced by compilers while
running configure, to aid debugging if configure makes a mistake.

It was created by mcpp configure 2.7.2, which was
generated by GNU Autoconf 2.61.  Invocation command line was

  $ /home/z80/projects/voltamper.git/software/3dparty/mcpp-2.7.2/configure --prefix=/home/z80/projects/voltamper.git/software/3dparty/../build/mcpp CFLAGS=-fPIC --enable-mcpplib --disable-shared

## --------- ##
## Platform. ##
## --------- ##

hostname = z80
uname -m = i686
uname -r = 3.13.0-45-generic
uname -s = Linux
uname -v = #74-Ubuntu SMP Tue Jan 13 19:37:48 UTC 2015

/usr/bin/uname -p = unknown
/bin/uname -X     = unknown

/bin/arch              = unknown
/usr/bin/arch -k       = unknown
/usr/convex/getsysinfo = unknown
/usr/bin/hostinfo      = unknown
/bin/machine           = unknown
/usr/bin/oslevel       = unknown
/bin/universe          = unknown

PATH: /home/z80/.rvm/gems/ruby-2.0.0-p481@railstutorial_rails_4_0/bin
PATH: /home/z80/.rvm/gems/ruby-2.0.0-p481@global/bin
PATH: /home/z80/.rvm/rubies/ruby-2.0.0-p481/bin
PATH: /usr/local/sbin
PATH: /usr/local/bin
PATH: /usr/sbin
PATH: /usr/bin
PATH: /sbin
PATH: /bin
PATH: /usr/games
PATH: /usr/local/games
PATH: /home/z80/.rvm/bin


## ----------- ##
## Core tests. ##
## ----------- ##

configure:2021: checking build system type
configure:2039: result: i686-pc-linux-gnu
configure:2061: checking host system type
configure:2076: result: i686-pc-linux-gnu
configure:2098: checking target system type
configure:2113: result: i686-pc-linux-gnu
configure:2156: checking for a BSD-compatible install
configure:2212: result: /usr/bin/install -c
configure:2223: checking whether build environment is sane
configure:2266: result: yes
configure:2294: checking for a thread-safe mkdir -p
configure:2333: result: /bin/mkdir -p
configure:2346: checking for gawk
configure:2362: found /usr/bin/gawk
configure:2373: result: gawk
configure:2384: checking whether make sets $(MAKE)
configure:2405: result: yes
configure:2643: checking for gcc
configure:2659: found /usr/bin/gcc
configure:2670: result: gcc
configure:2908: checking for C compiler version
configure:2915: gcc --version >&5
gcc (Ubuntu 4.8.2-19ubuntu1) 4.8.2
Copyright (C) 2013 Free Software Foundation, Inc.
This is free software; see the source for copying conditions.  There is NO
warranty; not even for MERCHANTABILITY or FITNESS FOR A PARTICULAR PURPOSE.

configure:2918: $? = 0
configure:2925: gcc -v >&5
Using built-in specs.
COLLECT_GCC=gcc
COLLECT_LTO_WRAPPER=/usr/lib/gcc/i686-linux-gnu/4.8/lto-wrapper
Target: i686-linux-gnu
Configured with: ../src/configure -v --with-pkgversion='Ubuntu 4.8.2-19ubuntu1' --with-bugurl=file:///usr/share/doc/gcc-4.8/README.Bugs --enable-languages=c,c++,java,go,d,fortran,objc,obj-c++ --prefix=/usr --program-suffix=-4.8 --enable-shared --enable-linker-build-id --libexecdir=/usr/lib --without-included-gettext --enable-threads=posix --with-gxx-include-dir=/usr/include/c++/4.8 --libdir=/usr/lib --enable-nls --with-sysroot=/ --enable-clocale=gnu --enable-libstdcxx-debug --enable-libstdcxx-time=yes --enable-gnu-unique-object --disable-libmudflap --enable-plugin --with-system-zlib --disable-browser-plugin --enable-java-awt=gtk --enable-gtk-cairo --with-java-home=/usr/lib/jvm/java-1.5.0-gcj-4.8-i386/jre --enable-java-home --with-jvm-root-dir=/usr/lib/jvm/java-1.5.0-gcj-4.8-i386 --with-jvm-jar-dir=/usr/lib/jvm-exports/java-1.5.0-gcj-4.8-i386 --with-arch-directory=i386 --with-ecj-jar=/usr/share/java/eclipse-ecj.jar --enable-objc-gc --enable-targets=all --enable-multiarch --disable-werror --with-arch-32=i686 --with-multilib-list=m32,m64,mx32 --with-tune=generic --enable-checking=release --build=i686-linux-gnu --host=i686-linux-gnu --target=i686-linux-gnu
Thread model: posix
gcc version 4.8.2 (Ubuntu 4.8.2-19ubuntu1) 
configure:2928: $? = 0
configure:2935: gcc -V >&5
gcc: error: unrecognized command line option '-V'
gcc: fatal error: no input files
compilation terminated.
configure:2938: $? = 4
configure:2961: checking for C compiler default output file name
configure:2988: gcc -fPIC   conftest.c  >&5
configure:2991: $? = 0
configure:3029: result: a.out
configure:3046: checking whether the C compiler works
configure:3056: ./a.out
configure:3059: $? = 0
configure:3076: result: yes
configure:3083: checking whether we are cross compiling
configure:3085: result: no
configure:3088: checking for suffix of executables
configure:3095: gcc -o conftest -fPIC   conftest.c  >&5
configure:3098: $? = 0
configure:3122: result: 
configure:3128: checking for suffix of object files
configure:3154: gcc -c -fPIC  conftest.c >&5
configure:3157: $? = 0
configure:3180: result: o
configure:3184: checking whether we are using the GNU C compiler
configure:3213: gcc -c -fPIC  conftest.c >&5
configure:3219: $? = 0
configure:3236: result: yes
configure:3241: checking whether gcc accepts -g
configure:3271: gcc -c -g  conftest.c >&5
configure:3277: $? = 0
configure:3376: result: yes
configure:3393: checking for gcc option to accept ISO C89
configure:3467: gcc  -c -fPIC  conftest.c >&5
configure:3473: $? = 0
configure:3496: result: none needed
configure:3519: checking how to run the C preprocessor
configure:3559: gcc -E  conftest.c
configure:3565: $? = 0
configure:3596: gcc -E  conftest.c
conftest.c:10:28: fatal error: ac_nonexistent.h: No such file or directory
 #include <ac_nonexistent.h>
                            ^
compilation terminated.
configure:3602: $? = 1
configure: failed program was:
| /* confdefs.h.  */
| #define PACKAGE_NAME "mcpp"
| #define PACKAGE_TARNAME "mcpp"
| #define PACKAGE_VERSION "2.7.2"
| #define PACKAGE_STRING "mcpp 2.7.2"
| #define PACKAGE_BUGREPORT "kmatsui@t3.rim.or.jp"
| #define PACKAGE "mcpp"
| #define VERSION "2.7.2"
| /* end confdefs.h.  */
| #include <ac_nonexistent.h>
configure:3635: result: gcc -E
configure:3664: gcc -E  conftest.c
configure:3670: $? = 0
configure:3701: gcc -E  conftest.c
conftest.c:10:28: fatal error: ac_nonexistent.h: No such file or directory
 #include <ac_nonexistent.h>
                            ^
compilation terminated.
configure:3707: $? = 1
configure: failed program was:
| /* confdefs.h.  */
| #define PACKAGE_NAME "mcpp"
| #define PACKAGE_TARNAME "mcpp"
| #define PACKAGE_VERSION "2.7.2"
| #define PACKAGE_STRING "mcpp 2.7.2"
| #define PACKAGE_BUGREPORT "kmatsui@t3.rim.or.jp"
| #define PACKAGE "mcpp"
| #define VERSION "2.7.2"
| /* end confdefs.h.  */
| #include <ac_nonexistent.h>
configure:3757: checking for a BSD-compatible install
configure:3813: result: /usr/bin/install -c
configure:3824: checking for grep that handles long lines and -e
configure:3898: result: /bin/grep
configure:3903: checking for egrep
configure:3981: result: /bin/grep -E
configure:4060: checking for a sed that does not truncate output
configure:4114: result: /bin/sed
configure:4128: checking for ld used by gcc
configure:4195: result: /usr/bin/ld
configure:4204: checking if the linker (/usr/bin/ld) is GNU ld
configure:4219: result: yes
configure:4224: checking for /usr/bin/ld option to reload object files
configure:4231: result: -r
configure:4249: checking for BSD-compatible nm
configure:4298: result: /usr/bin/nm -B
configure:4302: checking whether ln -s works
configure:4306: result: yes
configure:4313: checking how to recognise dependent libraries
configure:4489: result: pass_all
configure:5009: checking for ANSI C header files
configure:5039: gcc -c -fPIC  conftest.c >&5
configure:5045: $? = 0
configure:5144: gcc -o conftest -fPIC   conftest.c  >&5
configure:5147: $? = 0
configure:5153: ./conftest
configure:5156: $? = 0
configure:5173: result: yes
configure:5197: checking for sys/types.h
configure:5218: gcc -c -fPIC  conftest.c >&5
configure:5224: $? = 0
configure:5240: result: yes
configure:5197: checking for sys/stat.h
configure:5218: gcc -c -fPIC  conftest.c >&5
configure:5224: $? = 0
configure:5240: result: yes
configure:5197: checking for stdlib.h
configure:5218: gcc -c -fPIC  conftest.c >&5
configure:5224: $? = 0
configure:5240: result: yes
configure:5197: checking for string.h
configure:5218: gcc -c -fPIC  conftest.c >&5
configure:5224: $? = 0
configure:5240: result: yes
configure:5197: checking for memory.h
configure:5218: gcc -c -fPIC  conftest.c >&5
configure:5224: $? = 0
configure:5240: result: yes
configure:5197: checking for strings.h
configure:5218: gcc -c -fPIC  conftest.c >&5
configure:5224: $? = 0
configure:5240: result: yes
configure:5197: checking for inttypes.h
configure:5218: gcc -c -fPIC  conftest.c >&5
configure:5224: $? = 0
configure:5240: result: yes
configure:5197: checking for stdint.h
configure:5218: gcc -c -fPIC  conftest.c >&5
configure:5224: $? = 0
configure:5240: result: yes
configure:5197: checking for unistd.h
configure:5218: gcc -c -fPIC  conftest.c >&5
configure:5224: $? = 0
configure:5240: result: yes
configure:5267: checking dlfcn.h usability
configure:5284: gcc -c -fPIC  conftest.c >&5
configure:5290: $? = 0
configure:5304: result: yes
configure:5308: checking dlfcn.h presence
configure:5323: gcc -E  conftest.c
configure:5329: $? = 0
configure:5343: result: yes
configure:5376: checking for dlfcn.h
configure:5384: result: yes
configure:5455: checking for g++
configure:5471: found /usr/bin/g++
configure:5482: result: g++
configure:5513: checking for C++ compiler version
configure:5520: g++ --version >&5
g++ (Ubuntu 4.8.2-19ubuntu1) 4.8.2
Copyright (C) 2013 Free Software Foundation, Inc.
This is free software; see the source for copying conditions.  There is NO
warranty; not even for MERCHANTABILITY or FITNESS FOR A PARTICULAR PURPOSE.

configure:5523: $? = 0
configure:5530: g++ -v >&5
Using built-in specs.
COLLECT_GCC=g++
COLLECT_LTO_WRAPPER=/usr/lib/gcc/i686-linux-gnu/4.8/lto-wrapper
Target: i686-linux-gnu
Configured with: ../src/configure -v --with-pkgversion='Ubuntu 4.8.2-19ubuntu1' --with-bugurl=file:///usr/share/doc/gcc-4.8/README.Bugs --enable-languages=c,c++,java,go,d,fortran,objc,obj-c++ --prefix=/usr --program-suffix=-4.8 --enable-shared --enable-linker-build-id --libexecdir=/usr/lib --without-included-gettext --enable-threads=posix --with-gxx-include-dir=/usr/include/c++/4.8 --libdir=/usr/lib --enable-nls --with-sysroot=/ --enable-clocale=gnu --enable-libstdcxx-debug --enable-libstdcxx-time=yes --enable-gnu-unique-object --disable-libmudflap --enable-plugin --with-system-zlib --disable-browser-plugin --enable-java-awt=gtk --enable-gtk-cairo --with-java-home=/usr/lib/jvm/java-1.5.0-gcj-4.8-i386/jre --enable-java-home --with-jvm-root-dir=/usr/lib/jvm/java-1.5.0-gcj-4.8-i386 --with-jvm-jar-dir=/usr/lib/jvm-exports/java-1.5.0-gcj-4.8-i386 --with-arch-directory=i386 --with-ecj-jar=/usr/share/java/eclipse-ecj.jar --enable-objc-gc --enable-targets=all --enable-multiarch --disable-werror --with-arch-32=i686 --with-multilib-list=m32,m64,mx32 --with-tune=generic --enable-checking=release --build=i686-linux-gnu --host=i686-linux-gnu --target=i686-linux-gnu
Thread model: posix
gcc version 4.8.2 (Ubuntu 4.8.2-19ubuntu1) 
configure:5533: $? = 0
configure:5540: g++ -V >&5
g++: error: unrecognized command line option '-V'
g++: fatal error: no input files
compilation terminated.
configure:5543: $? = 4
configure:5546: checking whether we are using the GNU C++ compiler
configure:5575: g++ -c   conftest.cpp >&5
configure:5581: $? = 0
configure:5598: result: yes
configure:5603: checking whether g++ accepts -g
configure:5633: g++ -c -g  conftest.cpp >&5
configure:5639: $? = 0
configure:5738: result: yes
configure:5771: checking how to run the C++ preprocessor
configure:5807: g++ -E  conftest.cpp
configure:5813: $? = 0
configure:5844: g++ -E  conftest.cpp
conftest.cpp:21:28: fatal error: ac_nonexistent.h: No such file or directory
 #include <ac_nonexistent.h>
                            ^
compilation terminated.
configure:5850: $? = 1
configure: failed program was:
| /* confdefs.h.  */
| #define PACKAGE_NAME "mcpp"
| #define PACKAGE_TARNAME "mcpp"
| #define PACKAGE_VERSION "2.7.2"
| #define PACKAGE_STRING "mcpp 2.7.2"
| #define PACKAGE_BUGREPORT "kmatsui@t3.rim.or.jp"
| #define PACKAGE "mcpp"
| #define VERSION "2.7.2"
| #define STDC_HEADERS 1
| #define HAVE_SYS_TYPES_H 1
| #define HAVE_SYS_STAT_H 1
| #define HAVE_STDLIB_H 1
| #define HAVE_STRING_H 1
| #define HAVE_MEMORY_H 1
| #define HAVE_STRINGS_H 1
| #define HAVE_INTTYPES_H 1
| #define HAVE_STDINT_H 1
| #define HAVE_UNISTD_H 1
| #define HAVE_DLFCN_H 1
| /* end confdefs.h.  */
| #include <ac_nonexistent.h>
configure:5883: result: g++ -E
configure:5912: g++ -E  conftest.cpp
configure:5918: $? = 0
configure:5949: g++ -E  conftest.cpp
conftest.cpp:21:28: fatal error: ac_nonexistent.h: No such file or directory
 #include <ac_nonexistent.h>
                            ^
compilation terminated.
configure:5955: $? = 1
configure: failed program was:
| /* confdefs.h.  */
| #define PACKAGE_NAME "mcpp"
| #define PACKAGE_TARNAME "mcpp"
| #define PACKAGE_VERSION "2.7.2"
| #define PACKAGE_STRING "mcpp 2.7.2"
| #define PACKAGE_BUGREPORT "kmatsui@t3.rim.or.jp"
| #define PACKAGE "mcpp"
| #define VERSION "2.7.2"
| #define STDC_HEADERS 1
| #define HAVE_SYS_TYPES_H 1
| #define HAVE_SYS_STAT_H 1
| #define HAVE_STDLIB_H 1
| #define HAVE_STRING_H 1
| #define HAVE_MEMORY_H 1
| #define HAVE_STRINGS_H 1
| #define HAVE_INTTYPES_H 1
| #define HAVE_STDINT_H 1
| #define HAVE_UNISTD_H 1
| #define HAVE_DLFCN_H 1
| /* end confdefs.h.  */
| #include <ac_nonexistent.h>
configure:6048: checking for g77
configure:6078: result: no
configure:6048: checking for xlf
configure:6078: result: no
configure:6048: checking for f77
configure:6078: result: no
configure:6048: checking for frt
configure:6078: result: no
configure:6048: checking for pgf77
configure:6078: result: no
configure:6048: checking for cf77
configure:6078: result: no
configure:6048: checking for fort77
configure:6078: result: no
configure:6048: checking for fl32
configure:6078: result: no
configure:6048: checking for af77
configure:6078: result: no
configure:6048: checking for xlf90
configure:6078: result: no
configure:6048: checking for f90
configure:6078: result: no
configure:6048: checking for pgf90
configure:6078: result: no
configure:6048: checking for pghpf
configure:6078: result: no
configure:6048: checking for epcf90
configure:6078: result: no
configure:6048: checking for gfortran
configure:6078: result: no
configure:6048: checking for g95
configure:6078: result: no
configure:6048: checking for xlf95
configure:6078: result: no
configure:6048: checking for f95
configure:6078: result: no
configure:6048: checking for fort
configure:6078: result: no
configure:6048: checking for ifort
configure:6078: result: no
configure:6048: checking for ifc
configure:6078: result: no
configure:6048: checking for efc
configure:6078: result: no
configure:6048: checking for pgf95
configure:6078: result: no
configure:6048: checking for lf95
configure:6078: result: no
configure:6048: checking for ftn
configure:6078: result: no
configure:6105: checking for Fortran 77 compiler version
configure:6112:  --version >&5
/home/z80/projects/voltamper.git/software/3dparty/mcpp-2.7.2/configure: line 6113: --version: command not found
configure:6115: $? = 127
configure:6122:  -v >&5
/home/z80/projects/voltamper.git/software/3dparty/mcpp-2.7.2/configure: line 6123: -v: command not found
configure:6125: $? = 127
configure:6132:  -V >&5
/home/z80/projects/voltamper.git/software/3dparty/mcpp-2.7.2/configure: line 6133: -V: command not found
configure:6135: $? = 127
configure:6143: checking whether we are using the GNU Fortran 77 compiler
configure:6162:  -c  conftest.F >&5
/home/z80/projects/voltamper.git/software/3dparty/mcpp-2.7.2/configure: line 6163: -c: command not found
configure:6168: $? = 127
configure: failed program was:
|       program main
| #ifndef __GNUC__
|        choke me
| #endif
| 
|       end
configure:6185: result: no
configure:6191: checking whether  accepts -g
configure:6208:  -c -g conftest.f >&5
/home/z80/projects/voltamper.git/software/3dparty/mcpp-2.7.2/configure: line 6209: -c: command not found
configure:6214: $? = 127
configure: failed program was:
|       program main
| 
|       end
configure:6230: result: no
configure:6260: checking the maximum length of command line arguments
configure:6369: result: 32768
configure:6380: checking command to parse /usr/bin/nm -B output from gcc object
configure:6485: gcc -c -fPIC  conftest.c >&5
configure:6488: $? = 0
configure:6492: /usr/bin/nm -B conftest.o \| sed -n -e 's/^.*[ 	]\([ABCDGIRSTW][ABCDGIRSTW]*\)[ 	][ 	]*\([_A-Za-z][_A-Za-z0-9]*\)$/\1 \2 \2/p' \> conftest.nm
configure:6495: $? = 0
configure:6547: gcc -o conftest -fPIC   conftest.c conftstm.o >&5
configure:6550: $? = 0
configure:6588: result: ok
configure:6592: checking for objdir
configure:6607: result: .libs
configure:6699: checking for ar
configure:6715: found /usr/bin/ar
configure:6726: result: ar
configure:6795: checking for ranlib
configure:6811: found /usr/bin/ranlib
configure:6822: result: ranlib
configure:6891: checking for strip
configure:6907: found /usr/bin/strip
configure:6918: result: strip
configure:7204: checking if gcc supports -fno-rtti -fno-exceptions
configure:7222: gcc -c -fPIC  -fno-rtti -fno-exceptions conftest.c >&5
cc1: warning: command line option '-fno-rtti' is valid for C++/ObjC++ but not for C [enabled by default]
configure:7226: $? = 0
configure:7239: result: no
configure:7254: checking for gcc option to produce PIC
configure:7464: result: -fPIC
configure:7472: checking if gcc PIC flag -fPIC works
configure:7490: gcc -c -fPIC  -fPIC -DPIC conftest.c >&5
configure:7494: $? = 0
configure:7507: result: yes
configure:7535: checking if gcc static flag -static works
configure:7563: result: yes
configure:7573: checking if gcc supports -c -o file.o
configure:7594: gcc -c -fPIC  -o out/conftest2.o conftest.c >&5
configure:7598: $? = 0
configure:7620: result: yes
configure:7646: checking whether the gcc linker (/usr/bin/ld) supports shared libraries
configure:8601: result: yes
configure:8668: checking dynamic linker characteristics
configure:9244: result: GNU/Linux ld.so
configure:9253: checking how to hardcode library paths into programs
configure:9278: result: immediate
configure:9292: checking whether stripping libraries is possible
configure:9297: result: yes
configure:10098: checking if libtool supports shared libraries
configure:10100: result: yes
configure:10103: checking whether to build shared libraries
configure:10124: result: no
configure:10127: checking whether to build static libraries
configure:10131: result: yes
configure:10223: creating libtool
configure:10811: checking for ld used by g++
configure:10878: result: /usr/bin/ld
configure:10887: checking if the linker (/usr/bin/ld) is GNU ld
configure:10902: result: yes
configure:10953: checking whether the g++ linker (/usr/bin/ld) supports shared libraries
configure:11887: result: yes
configure:11905: g++ -c -g -O2  conftest.cpp >&5
configure:11908: $? = 0
configure:12027: checking for g++ option to produce PIC
configure:12301: result: -fPIC
configure:12309: checking if g++ PIC flag -fPIC works
configure:12327: g++ -c -g -O2  -fPIC -DPIC conftest.cpp >&5
configure:12331: $? = 0
configure:12344: result: yes
configure:12372: checking if g++ static flag -static works
configure:12400: result: yes
configure:12410: checking if g++ supports -c -o file.o
configure:12431: g++ -c -g -O2  -o out/conftest2.o conftest.cpp >&5
configure:12435: $? = 0
configure:12457: result: yes
configure:12483: checking whether the g++ linker (/usr/bin/ld) supports shared libraries
configure:12511: result: yes
configure:12578: checking dynamic linker characteristics
configure:13154: result: GNU/Linux ld.so
configure:13163: checking how to hardcode library paths into programs
configure:13188: result: immediate
configure:19308: checking whether the cpp is target preprocessor
configure:19316: result: yes
configure:19453: checking for target cpu
configure:19478: result: i386
configure:19511: checking unistd.h, usability
configure:19528: gcc -c -fPIC  conftest.c >&5
conftest.c:58:21: fatal error: unistd.h,: No such file or directory
 #include <unistd.h,>
                     ^
compilation terminated.
configure:19534: $? = 1
configure: failed program was:
| /* confdefs.h.  */
| #define PACKAGE_NAME "mcpp"
| #define PACKAGE_TARNAME "mcpp"
| #define PACKAGE_VERSION "2.7.2"
| #define PACKAGE_STRING "mcpp 2.7.2"
| #define PACKAGE_BUGREPORT "kmatsui@t3.rim.or.jp"
| #define PACKAGE "mcpp"
| #define VERSION "2.7.2"
| #define STDC_HEADERS 1
| #define HAVE_SYS_TYPES_H 1
| #define HAVE_SYS_STAT_H 1
| #define HAVE_STDLIB_H 1
| #define HAVE_STRING_H 1
| #define HAVE_MEMORY_H 1
| #define HAVE_STRINGS_H 1
| #define HAVE_INTTYPES_H 1
| #define HAVE_STDINT_H 1
| #define HAVE_UNISTD_H 1
| #define HAVE_DLFCN_H 1
| #define HOST_SYSTEM SYS_LINUX
| #define SYSTEM SYS_LINUX
| #define COMPILER INDEPENDENT
| #define CPU "i386"
| /* end confdefs.h.  */
| #include <stdio.h>
| #ifdef HAVE_SYS_TYPES_H
| # include <sys/types.h>
| #endif
| #ifdef HAVE_SYS_STAT_H
| # include <sys/stat.h>
| #endif
| #ifdef STDC_HEADERS
| # include <stdlib.h>
| # include <stddef.h>
| #else
| # ifdef HAVE_STDLIB_H
| #  include <stdlib.h>
| # endif
| #endif
| #ifdef HAVE_STRING_H
| # if !defined STDC_HEADERS && defined HAVE_MEMORY_H
| #  include <memory.h>
| # endif
| # include <string.h>
| #endif
| #ifdef HAVE_STRINGS_H
| # include <strings.h>
| #endif
| #ifdef HAVE_INTTYPES_H
| # include <inttypes.h>
| #endif
| #ifdef HAVE_STDINT_H
| # include <stdint.h>
| #endif
| #ifdef HAVE_UNISTD_H
| # include <unistd.h>
| #endif
| #include <unistd.h,>
configure:19548: result: no
configure:19552: checking unistd.h, presence
configure:19567: gcc -E  conftest.c
conftest.c:25:21: fatal error: unistd.h,: No such file or directory
 #include <unistd.h,>
                     ^
compilation terminated.
configure:19573: $? = 1
configure: failed program was:
| /* confdefs.h.  */
| #define PACKAGE_NAME "mcpp"
| #define PACKAGE_TARNAME "mcpp"
| #define PACKAGE_VERSION "2.7.2"
| #define PACKAGE_STRING "mcpp 2.7.2"
| #define PACKAGE_BUGREPORT "kmatsui@t3.rim.or.jp"
| #define PACKAGE "mcpp"
| #define VERSION "2.7.2"
| #define STDC_HEADERS 1
| #define HAVE_SYS_TYPES_H 1
| #define HAVE_SYS_STAT_H 1
| #define HAVE_STDLIB_H 1
| #define HAVE_STRING_H 1
| #define HAVE_MEMORY_H 1
| #define HAVE_STRINGS_H 1
| #define HAVE_INTTYPES_H 1
| #define HAVE_STDINT_H 1
| #define HAVE_UNISTD_H 1
| #define HAVE_DLFCN_H 1
| #define HOST_SYSTEM SYS_LINUX
| #define SYSTEM SYS_LINUX
| #define COMPILER INDEPENDENT
| #define CPU "i386"
| /* end confdefs.h.  */
| #include <unistd.h,>
configure:19587: result: no
configure:19620: checking for unistd.h,
configure:19628: result: no
configure:19511: checking stdint.h, usability
configure:19528: gcc -c -fPIC  conftest.c >&5
conftest.c:58:21: fatal error: stdint.h,: No such file or directory
 #include <stdint.h,>
                     ^
compilation terminated.
configure:19534: $? = 1
configure: failed program was:
| /* confdefs.h.  */
| #define PACKAGE_NAME "mcpp"
| #define PACKAGE_TARNAME "mcpp"
| #define PACKAGE_VERSION "2.7.2"
| #define PACKAGE_STRING "mcpp 2.7.2"
| #define PACKAGE_BUGREPORT "kmatsui@t3.rim.or.jp"
| #define PACKAGE "mcpp"
| #define VERSION "2.7.2"
| #define STDC_HEADERS 1
| #define HAVE_SYS_TYPES_H 1
| #define HAVE_SYS_STAT_H 1
| #define HAVE_STDLIB_H 1
| #define HAVE_STRING_H 1
| #define HAVE_MEMORY_H 1
| #define HAVE_STRINGS_H 1
| #define HAVE_INTTYPES_H 1
| #define HAVE_STDINT_H 1
| #define HAVE_UNISTD_H 1
| #define HAVE_DLFCN_H 1
| #define HOST_SYSTEM SYS_LINUX
| #define SYSTEM SYS_LINUX
| #define COMPILER INDEPENDENT
| #define CPU "i386"
| /* end confdefs.h.  */
| #include <stdio.h>
| #ifdef HAVE_SYS_TYPES_H
| # include <sys/types.h>
| #endif
| #ifdef HAVE_SYS_STAT_H
| # include <sys/stat.h>
| #endif
| #ifdef STDC_HEADERS
| # include <stdlib.h>
| # include <stddef.h>
| #else
| # ifdef HAVE_STDLIB_H
| #  include <stdlib.h>
| # endif
| #endif
| #ifdef HAVE_STRING_H
| # if !defined STDC_HEADERS && defined HAVE_MEMORY_H
| #  include <memory.h>
| # endif
| # include <string.h>
| #endif
| #ifdef HAVE_STRINGS_H
| # include <strings.h>
| #endif
| #ifdef HAVE_INTTYPES_H
| # include <inttypes.h>
| #endif
| #ifdef HAVE_STDINT_H
| # include <stdint.h>
| #endif
| #ifdef HAVE_UNISTD_H
| # include <unistd.h>
| #endif
| #include <stdint.h,>
configure:19548: result: no
configure:19552: checking stdint.h, presence
configure:19567: gcc -E  conftest.c
conftest.c:25:21: fatal error: stdint.h,: No such file or directory
 #include <stdint.h,>
                     ^
compilation terminated.
configure:19573: $? = 1
configure: failed program was:
| /* confdefs.h.  */
| #define PACKAGE_NAME "mcpp"
| #define PACKAGE_TARNAME "mcpp"
| #define PACKAGE_VERSION "2.7.2"
| #define PACKAGE_STRING "mcpp 2.7.2"
| #define PACKAGE_BUGREPORT "kmatsui@t3.rim.or.jp"
| #define PACKAGE "mcpp"
| #define VERSION "2.7.2"
| #define STDC_HEADERS 1
| #define HAVE_SYS_TYPES_H 1
| #define HAVE_SYS_STAT_H 1
| #define HAVE_STDLIB_H 1
| #define HAVE_STRING_H 1
| #define HAVE_MEMORY_H 1
| #define HAVE_STRINGS_H 1
| #define HAVE_INTTYPES_H 1
| #define HAVE_STDINT_H 1
| #define HAVE_UNISTD_H 1
| #define HAVE_DLFCN_H 1
| #define HOST_SYSTEM SYS_LINUX
| #define SYSTEM SYS_LINUX
| #define COMPILER INDEPENDENT
| #define CPU "i386"
| /* end confdefs.h.  */
| #include <stdint.h,>
configure:19587: result: no
configure:19620: checking for stdint.h,
configure:19628: result: no
configure:19501: checking for inttypes.h
configure:19507: result: yes
configure:19643: checking for intmax_t
configure:19673: gcc -c -fPIC  conftest.c >&5
configure:19679: $? = 0
configure:19694: result: yes
configure:19704: checking for long long
configure:19734: gcc -c -fPIC  conftest.c >&5
configure:19740: $? = 0
configure:19755: result: yes
configure:19772: checking for stpcpy
configure:19828: gcc -o conftest -fPIC   conftest.c  >&5
conftest.c:51:6: warning: conflicting types for built-in function 'stpcpy' [enabled by default]
 char stpcpy ();
      ^
configure:19834: $? = 0
configure:19852: result: yes
configure:19864: checking if the cases of filename are folded
configure:19895: gcc -o conftest -fPIC   conftest.c  >&5
configure:19898: $? = 0
configure:19904: ./conftest
configure:19907: $? = 2
configure: program exited with status 2
configure: failed program was:
| 
| #include    <stdio.h>
| #include    <errno.h>
|     void exit();
| int main( void)
| {
|     if (fopen( "HjKl", "r") == NULL)
|         exit( errno);
|     else
|         exit( 0);
| }
configure:19922: result: no
configure:19948: checking printf length modifier for the longest integer
configure:19986: gcc -o conftest -fPIC   conftest.c  >&5
configure:19989: $? = 0
configure:19995: ./conftest
configure:19998: $? = 0
configure:20013: result: j
configure:20026: checking printf length modifier for the longest integer
configure:20091: result: j
configure:20136: checking for value of __GNUC__
configure:20139: result: 4
configure:20146: checking for value of __GNUC_MINOR__
configure:20149: result: 8
configure:22003: creating ./config.status

## ---------------------- ##
## Running config.status. ##
## ---------------------- ##

This file was extended by mcpp config.status 2.7.2, which was
generated by GNU Autoconf 2.61.  Invocation command line was

  CONFIG_FILES    = 
  CONFIG_HEADERS  = 
  CONFIG_LINKS    = 
  CONFIG_COMMANDS = 
  $ ./config.status 

on z80

config.status:664: creating Makefile
config.status:664: creating src/Makefile
config.status:664: creating tests/Makefile
config.status:664: creating src/config.h
config.status:899: src/config.h is unchanged

## ---------------- ##
## Cache variables. ##
## ---------------- ##

ac_cv_build=i686-pc-linux-gnu
ac_cv_c_compiler_gnu=yes
ac_cv_c_printf_modifier=j
ac_cv_cxx_compiler_gnu=yes
ac_cv_env_CCC_set=
ac_cv_env_CCC_value=
ac_cv_env_CC_set=
ac_cv_env_CC_value=
ac_cv_env_CFLAGS_set=set
ac_cv_env_CFLAGS_value=-fPIC
ac_cv_env_CPPFLAGS_set=
ac_cv_env_CPPFLAGS_value=
ac_cv_env_CPP_set=
ac_cv_env_CPP_value=
ac_cv_env_CXXCPP_set=
ac_cv_env_CXXCPP_value=
ac_cv_env_CXXFLAGS_set=
ac_cv_env_CXXFLAGS_value=
ac_cv_env_CXX_set=
ac_cv_env_CXX_value=
ac_cv_env_F77_set=
ac_cv_env_F77_value=
ac_cv_env_FFLAGS_set=
ac_cv_env_FFLAGS_value=
ac_cv_env_LDFLAGS_set=
ac_cv_env_LDFLAGS_value=
ac_cv_env_LIBS_set=
ac_cv_env_LIBS_value=
ac_cv_env_build_alias_set=
ac_cv_env_build_alias_value=
ac_cv_env_host_alias_set=
ac_cv_env_host_alias_value=
ac_cv_env_target_alias_set=
ac_cv_env_target_alias_value=
ac_cv_f77_compiler_gnu=no
ac_cv_fname_fold=no
ac_cv_func_stpcpy=yes
ac_cv_header_dlfcn_h=yes
ac_cv_header_inttypes_h=yes
ac_cv_header_memory_h=yes
ac_cv_header_stdc=yes
ac_cv_header_stdint_h=yes
ac_cv_header_stdint_h_=no
ac_cv_header_stdlib_h=yes
ac_cv_header_string_h=yes
ac_cv_header_strings_h=yes
ac_cv_header_sys_stat_h=yes
ac_cv_header_sys_types_h=yes
ac_cv_header_unistd_h=yes
ac_cv_header_unistd_h_=no
ac_cv_host=i686-pc-linux-gnu
ac_cv_objext=o
ac_cv_path_EGREP='/bin/grep -E'
ac_cv_path_GREP=/bin/grep
ac_cv_path_install='/usr/bin/install -c'
ac_cv_path_mkdir=/bin/mkdir
ac_cv_prog_AWK=gawk
ac_cv_prog_CPP='gcc -E'
ac_cv_prog_CXXCPP='g++ -E'
ac_cv_prog_ac_ct_AR=ar
ac_cv_prog_ac_ct_CC=gcc
ac_cv_prog_ac_ct_CXX=g++
ac_cv_prog_ac_ct_RANLIB=ranlib
ac_cv_prog_ac_ct_STRIP=strip
ac_cv_prog_cc_c89=
ac_cv_prog_cc_g=yes
ac_cv_prog_cxx_g=yes
ac_cv_prog_f77_g=no
ac_cv_prog_make_make_set=yes
ac_cv_target=i686-pc-linux-gnu
ac_cv_type_intmax_t=yes
ac_cv_type_long_long=yes
lt_cv_deplibs_check_method=pass_all
lt_cv_file_magic_cmd='$MAGIC_CMD'
lt_cv_file_magic_test_file=
lt_cv_ld_reload_flag=-r
lt_cv_objdir=.libs
lt_cv_path_LD=/usr/bin/ld
lt_cv_path_LDCXX=/usr/bin/ld
lt_cv_path_NM='/usr/bin/nm -B'
lt_cv_path_SED=/bin/sed
lt_cv_prog_compiler_c_o=yes
lt_cv_prog_compiler_c_o_CXX=yes
lt_cv_prog_compiler_rtti_exceptions=no
lt_cv_prog_gnu_ld=yes
lt_cv_prog_gnu_ldcxx=yes
lt_cv_sys_global_symbol_pipe='sed -n -e '\''s/^.*[ 	]\([ABCDGIRSTW][ABCDGIRSTW]*\)[ 	][ 	]*\([_A-Za-z][_A-Za-z0-9]*\)$/\1 \2 \2/p'\'''
lt_cv_sys_global_symbol_to_c_name_address='sed -n -e '\''s/^: \([^ ]*\) $/  {\"\1\", (lt_ptr) 0},/p'\'' -e '\''s/^[BCDEGRST] \([^ ]*\) \([^ ]*\)$/  {"\2", (lt_ptr) \&\2},/p'\'''
lt_cv_sys_global_symbol_to_cdecl='sed -n -e '\''s/^. .* \(.*\)$/extern int \1;/p'\'''
lt_cv_sys_max_cmd_len=32768
lt_lt_cv_prog_compiler_c_o='"yes"'
lt_lt_cv_prog_compiler_c_o_CXX='"yes"'
lt_lt_cv_sys_global_symbol_pipe='"sed -n -e '\''s/^.*[ 	]\\([ABCDGIRSTW][ABCDGIRSTW]*\\)[ 	][ 	]*\\([_A-Za-z][_A-Za-z0-9]*\\)\$/\\1 \\2 \\2/p'\''"'
lt_lt_cv_sys_global_symbol_to_c_name_address='"sed -n -e '\''s/^: \\([^ ]*\\) \$/  {\\\"\\1\\\", (lt_ptr) 0},/p'\'' -e '\''s/^[BCDEGRST] \\([^ ]*\\) \\([^ ]*\\)\$/  {\"\\2\", (lt_ptr) \\&\\2},/p'\''"'
lt_lt_cv_sys_global_symbol_to_cdecl='"sed -n -e '\''s/^. .* \\(.*\\)\$/extern int \\1;/p'\''"'

## ----------------- ##
## Output variables. ##
## ----------------- ##

ACLOCAL='${SHELL} /home/z80/projects/voltamper.git/software/3dparty/mcpp-2.7.2/config/missing --run aclocal-1.10'
AMTAR='${SHELL} /home/z80/projects/voltamper.git/software/3dparty/mcpp-2.7.2/config/missing --run tar'
AR='ar'
AS='as'
AUTOCONF='${SHELL} /home/z80/projects/voltamper.git/software/3dparty/mcpp-2.7.2/config/missing --run autoconf'
AUTOHEADER='${SHELL} /home/z80/projects/voltamper.git/software/3dparty/mcpp-2.7.2/config/missing --run autoheader'
AUTOMAKE='${SHELL} /home/z80/projects/voltamper.git/software/3dparty/mcpp-2.7.2/config/missing --run automake-1.10'
AWK='gawk'
CC='gcc'
CFLAGS='-fPIC'
CPP='gcc -E'
CPPFLAGS=''
CXX='g++'
CXXCPP='g++ -E'
CXXFLAGS='-g -O2'
CYGPATH_W='echo'
DEFS='-DHAVE_CONFIG_H'
DLLTOOL='dlltool'
ECHO='echo'
ECHO_C=''
ECHO_N='-n'
ECHO_T=''
EGREP='/bin/grep -E'
EXEEXT=''
F77=''
FFLAGS=''
GNUC_FALSE='#'
GNUC_TRUE=''
GREP='/bin/grep'
INSTALL_DATA='${INSTALL} -m 644'
INSTALL_PROGRAM='${INSTALL}'
INSTALL_SCRIPT='${INSTALL}'
INSTALL_STRIP_PROGRAM='$(install_sh) -c -s'
LDFLAGS=''
LIBOBJS=''
LIBS=''
LIBTOOL='$(SHELL) $(top_builddir)/libtool'
LN_S='ln -s'
LTLIBOBJS=''
MAKEINFO='${SHELL} /home/z80/projects/voltamper.git/software/3dparty/mcpp-2.7.2/config/missing --run makeinfo'
MCPP_LIB_FALSE='#'
MCPP_LIB_TRUE=''
MINGW_FALSE=''
MINGW_TRUE='#'
OBJDUMP='objdump'
OBJEXT='o'
PACKAGE='mcpp'
PACKAGE_BUGREPORT='kmatsui@t3.rim.or.jp'
PACKAGE_NAME='mcpp'
PACKAGE_STRING='mcpp 2.7.2'
PACKAGE_TARNAME='mcpp'
PACKAGE_VERSION='2.7.2'
PATH_SEPARATOR=':'
RANLIB='ranlib'
REPLACE_CPP_FALSE=''
REPLACE_CPP_TRUE='#'
SET_MAKE=''
SHELL='/bin/bash'
STRIP='strip'
Target_Cpu='i386'
VERSION='2.7.2'
ac_ct_CC='gcc'
ac_ct_CXX='g++'
ac_ct_F77=''
am__isrc=' -I$(srcdir)'
am__leading_dot='.'
am__tar='${AMTAR} chof - "$$tardir"'
am__untar='${AMTAR} xf -'
bindir='${exec_prefix}/bin'
build='i686-pc-linux-gnu'
build_alias=''
build_cpu='i686'
build_os='linux-gnu'
build_vendor='pc'
cpp_call=''
datadir='${datarootdir}'
datarootdir='${prefix}/share'
docdir='${datarootdir}/doc/${PACKAGE_TARNAME}'
dvidir='${docdir}'
exec_prefix='${prefix}'
gcc_maj_ver='4'
gcc_min_ver='8'
gcc_path=''
gcc_testsuite_dir=''
host='i686-pc-linux-gnu'
host_alias=''
host_cpu='i686'
host_os='linux-gnu'
host_system='SYS_LINUX'
host_vendor='pc'
htmldir='${docdir}'
inc_dir=''
includedir='${prefix}/include'
infodir='${datarootdir}/info'
install_sh='$(SHELL) /home/z80/projects/voltamper.git/software/3dparty/mcpp-2.7.2/config/install-sh'
libdir='${exec_prefix}/lib'
libexecdir='${exec_prefix}/libexec'
localedir='${datarootdir}/locale'
localstatedir='${prefix}/var'
mandir='${datarootdir}/man'
mkdir_p='/bin/mkdir -p'
oldincludedir='/usr/include'
pdfdir='${docdir}'
prefix='/home/z80/projects/voltamper.git/software/3dparty/../build/mcpp'
program_transform_name='s,x,x,'
psdir='${docdir}'
sbindir='${exec_prefix}/sbin'
sharedstatedir='${prefix}/com'
sysconfdir='${prefix}/etc'
target='i686-pc-linux-gnu'
target_alias=''
target_cc=''
target_cpu='i686'
target_os='linux-gnu'
target_vendor='pc'

## ----------- ##
## confdefs.h. ##
## ----------- ##

#define PACKAGE_NAME "mcpp"
#define PACKAGE_TARNAME "mcpp"
#define PACKAGE_VERSION "2.7.2"
#define PACKAGE_STRING "mcpp 2.7.2"
#define PACKAGE_BUGREPORT "kmatsui@t3.rim.or.jp"
#define PACKAGE "mcpp"
#define VERSION "2.7.2"
#define STDC_HEADERS 1
#define HAVE_SYS_TYPES_H 1
#define HAVE_SYS_STAT_H 1
#define HAVE_STDLIB_H 1
#define HAVE_STRING_H 1
#define HAVE_MEMORY_H 1
#define HAVE_STRINGS_H 1
#define HAVE_INTTYPES_H 1
#define HAVE_STDINT_H 1
#define HAVE_UNISTD_H 1
#define HAVE_DLFCN_H 1
#define HOST_SYSTEM SYS_LINUX
#define SYSTEM SYS_LINUX
#define COMPILER INDEPENDENT
#define CPU "i386"
#define HAVE_INTTYPES_H 1
#define HAVE_INTMAX_T 1
#define HAVE_LONG_LONG 1
#define HAVE_STPCPY 1
#define OBJEXT "o"
#define LL_FORM "j"
#define HOST_COMPILER GNUC
#define HOST_CMP_NAME "GCC"
#define GCC_MAJOR_VERSION "4"
#define GCC_MINOR_VERSION "8"
#define MCPP_LIB 1

configure: exit 0
